============================================================
   Tang Dynasty, V5.6.71036
      Copyright (c) 2012-2023 Anlogic Inc.
   Executable = E:/TangDanasty/bin/td.exe
   Built at =   20:34:38 Mar 21 2023
   Run by =     Lenovo
   Run Date =   Mon Aug 26 20:36:40 2024

   Run on =     LAPTOP-94TMECPO
============================================================
RUN-1002 : start command "open_project responder.prj"
RUN-1001 : Print Global Property
RUN-1001 : ---------------------------------------------------------------
RUN-1001 :        Parameters        |  Settings  |  Default Values  |  Note  
RUN-1001 : ---------------------------------------------------------------
RUN-1001 :          message         |  standard  |     standard     |        
RUN-1001 :   mixed_pack_place_flow  |     on     |        on        |        
RUN-1001 :        qor_monitor       |    off     |       off        |        
RUN-1001 :        syn_ip_flow       |    off     |       off        |        
RUN-1001 :          thread          |    auto    |       auto       |        
RUN-1001 : ---------------------------------------------------------------
RUN-1001 : Print Design Property
RUN-1001 : --------------------------------------------------------------
RUN-1001 :        Parameters       |  Settings  |  Default Values  |  Note  
RUN-1001 : --------------------------------------------------------------
RUN-1001 :   default_reg_initial   |    auto    |       auto       |        
RUN-1001 :        infer_add        |     on     |        on        |        
RUN-1001 :        infer_fsm        |    off     |       off        |        
RUN-1001 :        infer_mult       |     on     |        on        |        
RUN-1001 :        infer_ram        |     on     |        on        |        
RUN-1001 :        infer_reg        |     on     |        on        |        
RUN-1001 :   infer_reg_init_value  |     on     |        on        |        
RUN-1001 :        infer_rom        |     on     |        on        |        
RUN-1001 :      infer_shifter      |     on     |        on        |        
RUN-1001 : --------------------------------------------------------------
RUN-1001 : Print Rtl Property
RUN-1001 : --------------------------------------------------------------
RUN-1001 :        Parameters       |  Settings  |  Default Values  |  Note  
RUN-1001 : --------------------------------------------------------------
RUN-1001 :       compress_add      |   ripple   |      ripple      |        
RUN-1001 :        elf_sload        |    off     |       off        |        
RUN-1001 :       fix_undriven      |     0      |        0         |        
RUN-1001 :         flatten         |    off     |       off        |        
RUN-1001 :       gate_sharing      |     on     |        on        |        
RUN-1001 :    hdl_warning_level    |   normal   |      normal      |        
RUN-1001 :   impl_internal_tribuf  |     on     |        on        |        
RUN-1001 :      impl_set_reset     |     on     |        on        |        
RUN-1001 :        infer_gsr        |    off     |       off        |        
RUN-1001 :      keep_hierarchy     |    auto    |       auto       |        
RUN-1001 :        max_fanout       |    9999    |       9999       |        
RUN-1001 :      max_oh2bin_len     |     10     |        10        |        
RUN-1001 :       merge_equal       |     on     |        on        |        
RUN-1001 :       merge_equiv       |     on     |        on        |        
RUN-1001 :        merge_mux        |    off     |       off        |        
RUN-1001 :     min_control_set     |     8      |        8         |        
RUN-1001 :      min_ripple_len     |    auto    |       auto       |        
RUN-1001 :       oh2bin_ratio      |    0.08    |       0.08       |        
RUN-1001 :     opt_adder_fanout    |     on     |        on        |        
RUN-1001 :        opt_arith        |     on     |        on        |        
RUN-1001 :       opt_big_gate      |    off     |       off        |        
RUN-1001 :        opt_const        |     on     |        on        |        
RUN-1001 :      opt_const_mult     |     on     |        on        |        
RUN-1001 :       opt_lessthan      |     on     |        on        |        
RUN-1001 :         opt_mux         |    off     |       off        |        
RUN-1001 :         opt_ram         |    high    |       high       |        
RUN-1001 :      rtl_sim_model      |    off     |       off        |        
RUN-1001 :         seq_syn         |     on     |        on        |        
RUN-1001 : --------------------------------------------------------------
HDL-1007 : analyze verilog file ../../responder.v
HDL-1007 : analyze verilog file ../../Sel_module.v
HDL-1007 : analyze verilog file ../../Timer_module.v
HDL-1007 : analyze verilog file ../../Buzzer_module.v
HDL-1007 : analyze verilog file ../../Digitron_NumDisplay.v
HDL-1007 : analyze verilog file ../../key_filter.v
RUN-1001 : Project manager successfully analyzed 6 source files.
RUN-1002 : start command "import_device eagle_s20.db -package EG4S20BG256"
ARC-1001 : Device Initialization.
ARC-1001 : ------------------------------------------------------------------
ARC-1001 :            OPTION            |          IO          |   SETTING   
ARC-1001 : ------------------------------------------------------------------
ARC-1001 :   cso_b/cclk/mosi/miso/dout  |  T3/R11/T10/P10/S11  |    gpio    
ARC-1001 :             done             |         P13          |    gpio    
ARC-1001 :           program_b          |          T2          |  dedicate  
ARC-1001 :        tdi/tms/tck/tdo       |   C12/A15/C14/E14    |  dedicate  
ARC-1001 : ------------------------------------------------------------------
ARC-1004 : Device setting, marked 5 dedicate IOs in total.
RUN-1002 : start command "import_db ../syn_1/responder_gate.db"
RUN-1001 : Importing database generated by Tang Dynasty, V5.6.71036.
RUN-1001 : Database version number 46146.
RUN-1001 : Import flow parameters
RUN-1001 : Import IO constraints
RUN-1001 : Import Inst constraints
RUN-1001 : Import design success TD_VERSION=5.6.71036 , DB_VERSION=46146
RUN-1002 : start command "place"
RUN-1001 : Open license file E:/TangDanasty/license/Anlogic.lic
RUN-1001 : Print Global Property
RUN-1001 : ---------------------------------------------------------------
RUN-1001 :        Parameters        |  Settings  |  Default Values  |  Note  
RUN-1001 : ---------------------------------------------------------------
RUN-1001 :          message         |  standard  |     standard     |        
RUN-1001 :   mixed_pack_place_flow  |     on     |        on        |        
RUN-1001 :        qor_monitor       |    off     |       off        |        
RUN-1001 :        syn_ip_flow       |    off     |       off        |        
RUN-1001 :          thread          |    auto    |       auto       |        
RUN-1001 : ---------------------------------------------------------------
RUN-1001 : Print Place Property
RUN-1001 : --------------------------------------------------------------
RUN-1001 :        Parameters       |  Settings  |  Default Values  |  Note  
RUN-1001 : --------------------------------------------------------------
RUN-1001 :      detailed_place     |     on     |        on        |        
RUN-1001 :          effort         |   medium   |      medium      |        
RUN-1001 :         fix_hold        |    off     |       off        |        
RUN-1001 :       legalization      |    ori     |       ori        |        
RUN-1001 :      new_spreading      |     on     |        on        |        
RUN-1001 :        opt_timing       |   medium   |      medium      |        
RUN-1001 :   post_clock_route_opt  |    off     |       off        |        
RUN-1001 :       pr_strategy       |     1      |        1         |        
RUN-1001 :        relaxation       |    1.00    |       1.00       |        
RUN-1001 :         retiming        |    off     |       off        |        
RUN-1001 : --------------------------------------------------------------
PHY-3001 : Placer runs in 20 thread(s).
RUN-1002 : start command "legalize_phy_inst"
SYN-1011 : Flatten model responder
RUN-1002 : start command "phys_opt -simplify_lut"
SYN-4024 : Net "CLK_dup_1" drives clk pins.
SYN-4024 : Net "U4/W_Digitron_Out_n" drives clk pins.
SYN-4024 : Net "U4/W_DigitronCS_Out_n" drives clk pins.
SYN-4024 : Net "U2/CLK1" drives clk pins.
SYN-4024 : Net "U4/SingleNum_b_n4" drives clk pins.
SYN-4025 : Tag rtl::Net CLK_dup_1 as clock net
SYN-4025 : Tag rtl::Net U2/CLK1 as clock net
SYN-4025 : Tag rtl::Net U4/SingleNum_b_n4 as clock net
SYN-4025 : Tag rtl::Net U4/W_DigitronCS_Out_n as clock net
SYN-4025 : Tag rtl::Net U4/W_Digitron_Out_n as clock net
SYN-4026 : Tagged 5 rtl::Net as clock net
SYN-4015 : Create BUFG instance for clk Net U4/W_DigitronCS_Out_n to drive 8 clock pins.
SYN-4015 : Create BUFG instance for clk Net U4/W_Digitron_Out_n to drive 7 clock pins.
SYN-4015 : Create BUFG instance for clk Net U2/CLK1 to drive 6 clock pins.
SYN-4015 : Create BUFG instance for clk Net U4/SingleNum_b_n4 to drive 4 clock pins.
PHY-1001 : Populate physical database on model responder.
RUN-1001 : There are total 283 instances
RUN-0007 : 117 luts, 97 seqs, 20 mslices, 13 lslices, 29 pads, 0 brams, 0 dsps
RUN-1001 : There are total 368 nets
RUN-1001 : 204 nets have 2 pins
RUN-1001 : 134 nets have [3 - 5] pins
RUN-1001 : 19 nets have [6 - 10] pins
RUN-1001 : 7 nets have [11 - 20] pins
RUN-1001 : 2 nets have [21 - 99] pins
RUN-1001 : 2 nets have 100+ pins
RUN-1001 : Report Control nets information:
RUN-1001 : DFF Distribution
RUN-1001 : ----------------------------------
RUN-1001 :   CE   |  SSR  |  ASR  |  DFF Count  
RUN-1001 : ----------------------------------
RUN-1001 :   No   |  No   |  No   |     30      
RUN-1001 :   No   |  No   |  Yes  |     38      
RUN-1001 :   No   |  Yes  |  No   |     29      
RUN-1001 :   Yes  |  No   |  No   |      0      
RUN-1001 :   Yes  |  No   |  Yes  |      0      
RUN-1001 :   Yes  |  Yes  |  No   |      0      
RUN-1001 : ----------------------------------
RUN-0007 : Control Group Statistic
RUN-0007 : ---------------------------
RUN-0007 :   #CLK  |  #CE  |  #SSR/ASR  
RUN-0007 : ---------------------------
RUN-0007 :    5    |   1   |     5      
RUN-0007 : ---------------------------
RUN-0007 : Control Set = 10
PHY-3001 : Initial placement ...
PHY-3001 : design contains 281 instances, 117 luts, 97 seqs, 33 slices, 4 macros(33 instances: 20 mslices 13 lslices)
PHY-0007 : Cell area utilization is 0%
PHY-3001 : Global placement ...
PHY-3001 : Initial: Len = 87414.6
PHY-3001 : Clustering ...
PHY-3001 : Level 0 #clusters 281.
PHY-3001 : End clustering;  0.000017s wall, 0.000000s user + 0.000000s system = 0.000000s CPU (n/a%)

PHY-3001 : Run with size of 4
PHY-3001 : Cell area utilization is 0%
PHY-3001 : :::0::: Try harder cell spreading with beta_ = 0
PHY-3002 : Step(1): len = 55120.9, overlap = 0
PHY-3002 : Step(2): len = 40041.2, overlap = 0
PHY-3002 : Step(3): len = 29966.5, overlap = 0
PHY-3002 : Step(4): len = 24496.5, overlap = 0
PHY-3002 : Step(5): len = 21399.8, overlap = 0
PHY-3002 : Step(6): len = 19591.8, overlap = 0
PHY-3002 : Step(7): len = 18936.2, overlap = 0
PHY-3002 : Step(8): len = 17333.7, overlap = 0
PHY-3002 : Step(9): len = 16088.2, overlap = 0
PHY-3002 : Step(10): len = 16091.9, overlap = 0
PHY-3002 : Step(11): len = 14579.7, overlap = 0
PHY-3002 : Step(12): len = 13768.9, overlap = 0
PHY-3002 : Step(13): len = 13458.9, overlap = 0
PHY-3002 : Step(14): len = 12142.8, overlap = 0
PHY-3002 : Step(15): len = 12297.6, overlap = 0
PHY-3002 : Step(16): len = 11783.7, overlap = 0
PHY-3002 : Step(17): len = 11331.5, overlap = 0
PHY-3002 : Step(18): len = 11284.1, overlap = 0
PHY-3002 : Step(19): len = 10139.9, overlap = 0
PHY-3002 : Step(20): len = 9315.5, overlap = 0
PHY-3002 : Step(21): len = 9697.2, overlap = 0
PHY-3002 : Step(22): len = 9671.7, overlap = 0
PHY-3002 : Step(23): len = 8742.3, overlap = 0
PHY-3002 : Step(24): len = 8910.2, overlap = 0
PHY-3002 : Step(25): len = 8090.5, overlap = 0
PHY-3002 : Step(26): len = 7616.1, overlap = 0
PHY-3002 : Step(27): len = 7505.6, overlap = 0
PHY-3002 : Step(28): len = 7476.9, overlap = 0
PHY-3002 : Step(29): len = 7286.7, overlap = 0
PHY-3002 : Step(30): len = 6671.6, overlap = 0
PHY-3002 : Step(31): len = 6669.4, overlap = 0
PHY-3002 : Step(32): len = 6663.4, overlap = 0
PHY-3002 : Step(33): len = 6040.7, overlap = 0
PHY-3001 : Legalization ...
PHY-3001 : End legalization;  0.003363s wall, 0.000000s user + 0.000000s system = 0.000000s CPU (n/a%)

PHY-3001 : Run with size of 4
PHY-3001 : Cell area utilization is 1%
PHY-3001 : :::0::: Try harder cell spreading with beta_ = 0.0812553
PHY-3002 : Step(34): len = 5760.8, overlap = 0
PHY-3002 : Step(35): len = 5860.2, overlap = 0
PHY-3002 : Step(36): len = 5984.1, overlap = 0
PHY-3001 : Run with size of 2
PHY-3001 : Cell area utilization is 1%
PHY-3001 : :::0::: Try harder cell spreading with beta_ = 0
PHY-3002 : Step(37): len = 5644.7, overlap = 0.21875
PHY-3002 : Step(38): len = 5676.6, overlap = 0.21875
PHY-3002 : Step(39): len = 5777.4, overlap = 0.21875
PHY-3002 : Step(40): len = 5903, overlap = 0.3125
PHY-3002 : Step(41): len = 6046.6, overlap = 0.3125
PHY-3002 : Step(42): len = 6180.8, overlap = 0.65625
PHY-3002 : Step(43): len = 6219.5, overlap = 1.125
PHY-3002 : Step(44): len = 6211.8, overlap = 1.40625
PHY-3002 : Step(45): len = 6445.8, overlap = 1.25
PHY-3002 : Step(46): len = 5996.5, overlap = 1.1875
PHY-3002 : Step(47): len = 6159.6, overlap = 0.78125
PHY-3002 : Step(48): len = 6316.5, overlap = 0.53125
PHY-3002 : Step(49): len = 6329.6, overlap = 0.21875
PHY-3002 : Step(50): len = 6235.3, overlap = 0.53125
PHY-3002 : Step(51): len = 6012.5, overlap = 1.25
PHY-3002 : Step(52): len = 5355.6, overlap = 2.46875
PHY-3002 : Step(53): len = 5492.8, overlap = 2.90625
PHY-3002 : Step(54): len = 5521.5, overlap = 2.625
PHY-3002 : Step(55): len = 5031.4, overlap = 1.5
PHY-3002 : Step(56): len = 4656.5, overlap = 1.46875
PHY-3002 : Step(57): len = 4655.7, overlap = 1.90625
PHY-3002 : Step(58): len = 4138.5, overlap = 2.53125
PHY-3002 : Step(59): len = 4156.2, overlap = 2.90625
PHY-3002 : Step(60): len = 4176.9, overlap = 3.09375
PHY-3001 : :::1::: Try harder cell spreading with beta_ = 0.00737072
PHY-3002 : Step(61): len = 4101, overlap = 2.8125
PHY-3002 : Step(62): len = 4004.4, overlap = 2.625
OPT-1001 : Start physical optimization ...
OPT-1001 : Total overflow 6.28 peak overflow 2.25
OPT-1001 : Start high-fanout net optimization ...
OPT-1001 : Update timing in global mode
PHY-1001 : Start incremental global routing, caller is place ...
RUN-1001 : Generating global routing grids ...
RUN-1001 : Building simple global routing graph ...
PHY-1001 : Generate routing nets ...
PHY-1001 : Reuse net number 0/368.
PHY-1001 : Global iterations in 20 thread ...
PHY-1002 : len = 4064, over cnt = 11(0%), over = 35, worst = 7
PHY-1001 : End global iterations;  0.014108s wall, 0.000000s user + 0.000000s system = 0.000000s CPU (n/a%)

PHY-1001 : Congestion index: top1 = 9.46, top5 = 3.24, top10 = 1.62, top15 = 1.08.
PHY-1001 : End incremental global routing;  0.051427s wall, 0.031250s user + 0.000000s system = 0.031250s CPU (60.8%)

RUN-1002 : start command "start_timer -report"
TMR-5001 WARNING: No sdc constraints found while initiating timer.
TMR-2505 : Start building timing graph for model responder.
TMR-2506 : Build timing graph completely. Port num: 10, tpin num: 1241, tnet num: 366, tinst num: 281, tnode num: 1575, tedge num: 1957.
TMR-2508 : Levelizing timing graph completed, there are 23 levels in total.
TMR-2501 : Timing graph initialized successfully.
OPT-1001 : End timing update;  0.126593s wall, 0.062500s user + 0.000000s system = 0.062500s CPU (49.4%)

OPT-1001 : 0 high-fanout net processed.
OPT-1001 : End high-fanout net optimization;  0.180324s wall, 0.109375s user + 0.000000s system = 0.109375s CPU (60.7%)

OPT-1001 : Current memory(MB): used = 146, reserve = 116, peak = 146.
OPT-1001 : End physical optimization;  0.183867s wall, 0.109375s user + 0.000000s system = 0.109375s CPU (59.5%)

PHY-3001 : Start packing ...
SYN-4007 : Packing 0 MUX to BLE ...
SYN-4008 : Packed 0 MUX and 0 SEQ to BLE.
SYN-4007 : Packing 117 LUT to BLE ...
SYN-4008 : Packed 117 LUT and 52 SEQ to BLE.
SYN-4003 : Packing 45 remaining SEQ's ...
SYN-4005 : Packed 33 SEQ with LUT/SLICE
SYN-4006 : 36 single LUT's are left
SYN-4006 : 12 single SEQ's are left
SYN-4011 : Packing model "responder" (AL_USER_NORMAL) with 129/198 primitive instances ...
PHY-3001 : End packing;  0.005114s wall, 0.000000s user + 0.000000s system = 0.000000s CPU (n/a%)

PHY-1001 : Populate physical database on model responder.
RUN-1001 : There are total 140 instances
RUN-1001 : 52 mslices, 52 lslices, 29 pads, 0 brams, 0 dsps
RUN-1001 : There are total 324 nets
RUN-1001 : 168 nets have 2 pins
RUN-1001 : 127 nets have [3 - 5] pins
RUN-1001 : 18 nets have [6 - 10] pins
RUN-1001 : 9 nets have [11 - 20] pins
RUN-1001 : 1 nets have [21 - 99] pins
RUN-1001 : 1 nets have 100+ pins
PHY-3001 : design contains 138 instances, 104 slices, 4 macros(33 instances: 20 mslices 13 lslices)
PHY-3001 : Cell area utilization is 1%
PHY-3001 : After packing: Len = 4303.8, Over = 5
PHY-3001 : Run with size of 2
PHY-3001 : Cell area utilization is 1%
PHY-3001 : :::0::: Try harder cell spreading with beta_ = 0.000381997
PHY-3002 : Step(63): len = 4196.1, overlap = 5
PHY-3002 : Step(64): len = 4168.9, overlap = 5
PHY-3002 : Step(65): len = 4102.1, overlap = 5.25
PHY-3001 : Legalization ...
PHY-3001 : End legalization;  0.038472s wall, 0.000000s user + 0.000000s system = 0.000000s CPU (n/a%)

PHY-3001 : Trial Legalized: Len = 7010.9
PHY-3001 : Run with size of 2
PHY-3001 : Cell area utilization is 1%
PHY-3001 : :::0::: Try harder cell spreading with beta_ = 0
PHY-3002 : Step(66): len = 5014, overlap = 1.75
PHY-3002 : Step(67): len = 4426.1, overlap = 2.25
PHY-3002 : Step(68): len = 4177.3, overlap = 3
PHY-3002 : Step(69): len = 4073.9, overlap = 3
PHY-3002 : Step(70): len = 4087.6, overlap = 3
PHY-3002 : Step(71): len = 4092.3, overlap = 3
PHY-3001 : :::1::: Try harder cell spreading with beta_ = 0.00174439
PHY-3002 : Step(72): len = 4058.6, overlap = 3
PHY-3002 : Step(73): len = 4058.6, overlap = 3
PHY-3001 : :::2::: Try harder cell spreading with beta_ = 0.00348877
PHY-3002 : Step(74): len = 4002.2, overlap = 3
PHY-3002 : Step(75): len = 4002.2, overlap = 3
PHY-3001 : Legalization ...
PHY-3001 : End legalization;  0.003846s wall, 0.000000s user + 0.000000s system = 0.000000s CPU (n/a%)

PHY-3001 : Legalized: Len = 5538.4, Over = 0
PHY-3001 : End spreading;  0.001709s wall, 0.000000s user + 0.000000s system = 0.000000s CPU (n/a%)

PHY-3001 : Final: Len = 5538.4, Over = 0
OPT-1001 : Start physical optimization ...
OPT-1001 : Total overflow 0.00 peak overflow 0.00
OPT-1001 : Start high-fanout net optimization ...
OPT-1001 : Update timing in global mode
PHY-1001 : Start incremental global routing, caller is place ...
RUN-1001 : Generating global routing grids ...
PHY-1001 : Generate routing nets ...
PHY-1001 : Reuse net number 12/324.
PHY-1001 : Global iterations in 20 thread ...
PHY-1002 : len = 5696, over cnt = 24(0%), over = 37, worst = 5
PHY-1002 : len = 5960, over cnt = 7(0%), over = 7, worst = 1
PHY-1002 : len = 6008, over cnt = 4(0%), over = 4, worst = 1
PHY-1002 : len = 6072, over cnt = 0(0%), over = 0, worst = 0
PHY-1001 : End global iterations;  0.024656s wall, 0.000000s user + 0.000000s system = 0.000000s CPU (n/a%)

PHY-1001 : Congestion index: top1 = 14.16, top5 = 4.75, top10 = 2.37, top15 = 1.58.
PHY-1001 : End incremental global routing;  0.055067s wall, 0.015625s user + 0.000000s system = 0.015625s CPU (28.4%)

RUN-1002 : start command "start_timer -report"
TMR-5001 WARNING: No sdc constraints found while initiating timer.
TMR-2505 : Start building timing graph for model responder.
TMR-2506 : Build timing graph completely. Port num: 10, tpin num: 1084, tnet num: 322, tinst num: 138, tnode num: 1349, tedge num: 1792.
TMR-2508 : Levelizing timing graph completed, there are 23 levels in total.
TMR-2501 : Timing graph initialized successfully.
OPT-1001 : End timing update;  0.108138s wall, 0.000000s user + 0.000000s system = 0.000000s CPU (n/a%)

OPT-1001 : 0 high-fanout net processed.
OPT-1001 : End high-fanout net optimization;  0.165292s wall, 0.015625s user + 0.000000s system = 0.015625s CPU (9.5%)

OPT-1001 : Current memory(MB): used = 147, reserve = 117, peak = 147.
OPT-1001 : Update timing in Manhattan mode
OPT-1001 : End timing update;  0.000136s wall, 0.000000s user + 0.000000s system = 0.000000s CPU (n/a%)

OPT-1001 : Start pin optimization...
OPT-1001 : skip pin optimization...
RUN-1001 : Generating global routing grids ...
PHY-1001 : Generate routing nets ...
PHY-1001 : Reuse net number 250/324.
PHY-1001 : Global iterations in 20 thread ...
PHY-1002 : len = 6072, over cnt = 0(0%), over = 0, worst = 0
PHY-1001 : End global iterations;  0.001333s wall, 0.000000s user + 0.000000s system = 0.000000s CPU (n/a%)

PHY-1001 : Congestion index: top1 = 14.16, top5 = 4.75, top10 = 2.37, top15 = 1.58.
OPT-1001 : Update timing in Manhattan mode
OPT-1001 : End timing update;  0.000282s wall, 0.000000s user + 0.000000s system = 0.000000s CPU (n/a%)

RUN-1001 : QoR Analysis:
OPT-0007 :   WNS 2147483647 TNS 0 NUM_FEPS 0
RUN-1001 :   No local congestion issue, and most congested 1% tile average routing util is 13.724138
RUN-1001 :   Top critical paths
OPT-1001 : End physical optimization;  0.199184s wall, 0.015625s user + 0.015625s system = 0.031250s CPU (15.7%)

RUN-1003 : finish command "place" in  1.866256s wall, 0.203125s user + 0.218750s system = 0.421875s CPU (22.6%)

RUN-1004 : used memory is 128 MB, reserved memory is 98 MB, peak memory is 148 MB
RUN-1002 : start command "export_db responder_place.db"
RUN-1001 : Exported /
RUN-1001 : Exported flow parameters
RUN-1001 : Exported libs
RUN-1001 : Exported entities
RUN-1001 : Exported ports
RUN-1001 : Exported pins
RUN-1001 : Exported instances
RUN-1001 : Exported nets
RUN-1001 : Exported buses
RUN-1001 : Exported models
RUN-1001 : Exported congestions
RUN-1001 : Exported violations
RUN-1001 : Exported IO constraints
RUN-1001 : Exported Inst constraints
RUN-1002 : start command "route"
RUN-1001 : Open license file E:/TangDanasty/license/Anlogic.lic
RUN-1001 : Print Global Property
RUN-1001 : ---------------------------------------------------------------
RUN-1001 :        Parameters        |  Settings  |  Default Values  |  Note  
RUN-1001 : ---------------------------------------------------------------
RUN-1001 :          message         |  standard  |     standard     |        
RUN-1001 :   mixed_pack_place_flow  |     on     |        on        |        
RUN-1001 :        qor_monitor       |    off     |       off        |        
RUN-1001 :        syn_ip_flow       |    off     |       off        |        
RUN-1001 :          thread          |    auto    |       auto       |        
RUN-1001 : ---------------------------------------------------------------
RUN-1001 : Print Route Property
RUN-1001 : -------------------------------------------------------
RUN-1001 :    Parameters    |  Settings  |  Default Values  |  Note  
RUN-1001 : -------------------------------------------------------
RUN-1001 :      effort      |   medium   |      medium      |        
RUN-1001 :     fix_hold     |    off     |       off        |        
RUN-1001 :    opt_timing    |   medium   |      medium      |        
RUN-1001 :   phy_sim_model  |    off     |       off        |        
RUN-1001 :     priority     |   timing   |      timing      |        
RUN-1001 :     swap_pin     |     on     |        on        |        
RUN-1001 : -------------------------------------------------------
PHY-1001 : Route runs in 20 thread(s)
RUN-1001 : There are total 140 instances
RUN-1001 : 52 mslices, 52 lslices, 29 pads, 0 brams, 0 dsps
RUN-1001 : There are total 324 nets
RUN-1001 : 168 nets have 2 pins
RUN-1001 : 127 nets have [3 - 5] pins
RUN-1001 : 18 nets have [6 - 10] pins
RUN-1001 : 9 nets have [11 - 20] pins
RUN-1001 : 1 nets have [21 - 99] pins
RUN-1001 : 1 nets have 100+ pins
RUN-1002 : start command "start_timer -report"
TMR-5001 WARNING: No sdc constraints found while initiating timer.
TMR-2505 : Start building timing graph for model responder.
TMR-2506 : Build timing graph completely. Port num: 10, tpin num: 1084, tnet num: 322, tinst num: 138, tnode num: 1349, tedge num: 1792.
TMR-2508 : Levelizing timing graph completed, there are 23 levels in total.
TMR-2501 : Timing graph initialized successfully.
PHY-1001 : 52 mslices, 52 lslices, 29 pads, 0 brams, 0 dsps
TMR-2503 : Start to update net delay, extr mode = 3.
TMR-2504 : Update delay of 322 nets completely.
TMR-2502 : Annotate delay completely, extr mode = 3.
TMR-3002 : No user constraint, initiate default constraint.
TMR-1501 : Assign derive clock DeriveClock to 170 clock pins, and constraint 265 relative nodes.
TMR-3003 : Constraints initiated successfully.
TMR-3501 : Forward propagation: start to calculate arrival time...
TMR-3502 : Backward propagation: start to calculate required time...
TMR-3503 : Timing propagation completes.
PHY-1001 : Start global routing, caller is route ...
RUN-1001 : Generating global routing grids ...
PHY-1001 : Generate routing nets ...
PHY-1001 : Global iterations in 20 thread ...
PHY-1002 : len = 5688, over cnt = 22(0%), over = 35, worst = 5
PHY-1002 : len = 5944, over cnt = 7(0%), over = 7, worst = 1
PHY-1002 : len = 6040, over cnt = 1(0%), over = 1, worst = 1
PHY-1002 : len = 6056, over cnt = 0(0%), over = 0, worst = 0
PHY-1001 : End global iterations;  0.026610s wall, 0.000000s user + 0.000000s system = 0.000000s CPU (n/a%)

PHY-1001 : Congestion index: top1 = 14.09, top5 = 4.72, top10 = 2.35, top15 = 1.57.
PHY-1001 : End global routing;  0.055180s wall, 0.000000s user + 0.000000s system = 0.000000s CPU (n/a%)

PHY-1001 : Start detail routing ...
PHY-1001 : Current memory(MB): used = 175, reserve = 145, peak = 192.
PHY-1001 : Detailed router is running in normal mode.
PHY-1001 : Generate detailed routing grids ...
PHY-1001 : Processed IO instance DigitronCS_Out[3]_syn_2 with INV attribute.
PHY-1001 : Processed IO instance DigitronCS_Out[2]_syn_2 with INV attribute.
PHY-1001 : Processed IO instance DigitronCS_Out[1]_syn_2 with INV attribute.
PHY-1001 : Processed IO instance DigitronCS_Out[0]_syn_2 with INV attribute.
PHY-1001 : Processed IO instance Digitron_Out[6]_syn_2 with INV attribute.
PHY-1001 : Processed IO instance Digitron_Out[5]_syn_2 with INV attribute.
PHY-1001 : Processed IO instance Digitron_Out[4]_syn_2 with INV attribute.
PHY-1001 : Processed IO instance Digitron_Out[3]_syn_2 with INV attribute.
PHY-1001 : Processed IO instance Digitron_Out[2]_syn_2 with INV attribute.
PHY-1001 : Processed IO instance Digitron_Out[1]_syn_2 with INV attribute.
PHY-1001 : Processed IO instance Digitron_Out[0]_syn_2 with INV attribute.
PHY-1001 : Generate nets ...
PHY-1001 : net CLK_dup_1 will be routed on clock mesh
PHY-1001 : clock net U2/CLK1_syn_4 will be merged with clock U2/CLK1
PHY-1001 : clock net U4/SingleNum_b_n4_syn_10 will be merged with clock U4/SingleNum_b_n4
PHY-1001 : clock net U4/W_DigitronCS_Out_n_syn_4 will be merged with clock U4/W_DigitronCS_Out_n
PHY-1001 : clock net U4/W_Digitron_Out_n_syn_2 will be merged with clock U4/W_Digitron_Out_n
PHY-1001 : Current memory(MB): used = 443, reserve = 418, peak = 443.
PHY-1001 : End build detailed router design. 2.657267s wall, 0.328125s user + 0.000000s system = 0.328125s CPU (12.3%)

PHY-1001 : Detail Route ...
PHY-1001 : ===== Detail Route Phase 1 =====
PHY-1001 : Clock net routing.....
PHY-1001 : Routed 1% nets.
PHY-1022 : len = 11888, over cnt = 0(0%), over = 0, worst = 0, crit = 0
PHY-1001 : End initial clock net routed; 0.880519s wall, 0.187500s user + 0.000000s system = 0.187500s CPU (21.3%)

PHY-1001 : Current memory(MB): used = 473, reserve = 449, peak = 473.
PHY-1001 : End phase 1; 0.885545s wall, 0.187500s user + 0.000000s system = 0.187500s CPU (21.2%)

PHY-1001 : ===== Detail Route Phase 2 =====
PHY-1001 : Initial routing.....
PHY-1001 : Routed 28% nets.
PHY-1001 : Routed 40% nets.
PHY-1001 : Routed 47% nets.
PHY-1001 : Routed 58% nets.
PHY-1001 : Routed 80% nets.
PHY-1022 : len = 22624, over cnt = 6(0%), over = 6, worst = 1, crit = 0
PHY-1001 : Current memory(MB): used = 473, reserve = 449, peak = 473.
PHY-1001 : End initial routed; 0.052239s wall, 0.000000s user + 0.000000s system = 0.000000s CPU (n/a%)

PHY-1001 : Current memory(MB): used = 473, reserve = 449, peak = 473.
PHY-1001 : End phase 2; 0.052315s wall, 0.000000s user + 0.000000s system = 0.000000s CPU (n/a%)

PHY-1001 : ===== Detail Route Phase 3 =====
PHY-1001 : Ripup-reroute.....
PHY-1001 : ===== DR Iter 1 =====
PHY-1022 : len = 22616, over cnt = 1(0%), over = 1, worst = 1, crit = 0
PHY-1001 : End DR Iter 1; 0.010565s wall, 0.000000s user + 0.015625s system = 0.015625s CPU (147.9%)

PHY-1001 : ===== DR Iter 2 =====
PHY-1022 : len = 22632, over cnt = 0(0%), over = 0, worst = 0, crit = 0
PHY-1001 : End DR Iter 2; 0.009111s wall, 0.000000s user + 0.000000s system = 0.000000s CPU (n/a%)

PHY-1001 : Commit to database.....
PHY-1001 : 1 feed throughs used by 1 nets
PHY-1001 : End commit to database; 0.032824s wall, 0.000000s user + 0.000000s system = 0.000000s CPU (n/a%)

PHY-1001 : Current memory(MB): used = 482, reserve = 458, peak = 482.
PHY-1001 : End phase 3; 0.134287s wall, 0.031250s user + 0.015625s system = 0.046875s CPU (34.9%)

PHY-1003 : Routed, final wirelength = 22632
PHY-1001 : Current memory(MB): used = 482, reserve = 458, peak = 482.
PHY-1001 : End export database. 0.004389s wall, 0.000000s user + 0.000000s system = 0.000000s CPU (n/a%)

PHY-1001 : End detail routing;  3.886518s wall, 0.593750s user + 0.046875s system = 0.640625s CPU (16.5%)

RUN-1003 : finish command "route" in  4.110121s wall, 0.656250s user + 0.046875s system = 0.703125s CPU (17.1%)

RUN-1004 : used memory is 422 MB, reserved memory is 397 MB, peak memory is 482 MB
RUN-1002 : start command "report_area -io_info -file responder_phy.area"
RUN-1001 : standard
***Report Model: responder Device: EG4S20BG256***

IO Statistics
#IO                        29
  #input                    7
  #output                  22
  #inout                    0

Utilization Statistics
#lut                      185   out of  19600    0.94%
#reg                      118   out of  19600    0.60%
#le                       197
  #lut only                79   out of    197   40.10%
  #reg only                12   out of    197    6.09%
  #lut&reg                106   out of    197   53.81%
#dsp                        0   out of     29    0.00%
#bram                       0   out of     64    0.00%
  #bram9k                   0
  #fifo9k                   0
#bram32k                    0   out of     16    0.00%
#pad                       29   out of    188   15.43%
  #ireg                     4
  #oreg                    17
  #treg                     0
#pll                        0   out of      4    0.00%
#gclk                       4   out of     16   25.00%

Clock Resource Statistics
Index     ClockNet                 Type               DriverType         Driver                   Fanout
#1        CLK_dup_1                GCLK               io                 CLK_syn_2.di             74
#2        U4/W_DigitronCS_Out_n    GCLK               mslice             U4/reg2_syn_29.f0        7
#3        U4/W_Digitron_Out_n      GCLK               mslice             U4/mux1_syn_5.f1         7
#4        U2/CLK1                  GCLK               lslice             U2/CLK1_reg_syn_30.q0    4
#5        U4/SingleNum_b_n4        GCLK               lslice             U4/sel2_syn_65.f0        3


Detailed IO Report

        Name           Direction    Location    IOStandard    DriveStrength    PullType    PackReg  
         CLK             INPUT         R7        LVCMOS33          N/A          PULLUP      NONE    
      Key_In[3]          INPUT        F10        LVCMOS33          N/A          PULLUP      IREG    
      Key_In[2]          INPUT        C11        LVCMOS33          N/A          PULLUP      IREG    
      Key_In[1]          INPUT        D11        LVCMOS33          N/A          PULLUP      IREG    
      Key_In[0]          INPUT        E11        LVCMOS33          N/A          PULLUP      IREG    
        RSTn             INPUT         A9        LVCMOS33          N/A          PULLUP      NONE    
        Start            INPUT        A10        LVCMOS33          N/A          PULLUP      NONE    
     Buzzer_Out         OUTPUT        H11        LVCMOS33           8            NONE       OREG    
  DigitronCS_Out[3]     OUTPUT         A3        LVCMOS33           8            NONE       OREG    
  DigitronCS_Out[2]     OUTPUT         A5        LVCMOS33           8            NONE       OREG    
  DigitronCS_Out[1]     OUTPUT         B6        LVCMOS33           8            NONE       OREG    
  DigitronCS_Out[0]     OUTPUT         C9        LVCMOS33           8            NONE       OREG    
   Digitron_Out[7]      OUTPUT         C8        LVCMOS33           8            NONE       NONE    
   Digitron_Out[6]      OUTPUT         A8        LVCMOS33           8            NONE       OREG    
   Digitron_Out[5]      OUTPUT         B5        LVCMOS33           8            NONE       OREG    
   Digitron_Out[4]      OUTPUT         A7        LVCMOS33           8            NONE       OREG    
   Digitron_Out[3]      OUTPUT         E8        LVCMOS33           8            NONE       OREG    
   Digitron_Out[2]      OUTPUT         B8        LVCMOS33           8            NONE       OREG    
   Digitron_Out[1]      OUTPUT         A6        LVCMOS33           8            NONE       OREG    
   Digitron_Out[0]      OUTPUT         A4        LVCMOS33           8            NONE       OREG    
     Key_Row[3]         OUTPUT        E10        LVCMOS33           8            NONE       NONE    
     Key_Row[2]         OUTPUT        C10        LVCMOS33           8            NONE       NONE    
     Key_Row[1]         OUTPUT         F9        LVCMOS33           8            NONE       NONE    
     Key_Row[0]         OUTPUT         D9        LVCMOS33           8            NONE       NONE    
     LED_Out[3]         OUTPUT        C15        LVCMOS33           8            NONE       OREG    
     LED_Out[2]         OUTPUT        B16        LVCMOS33           8            NONE       OREG    
     LED_Out[1]         OUTPUT        B15        LVCMOS33           8            NONE       OREG    
     LED_Out[0]         OUTPUT        B14        LVCMOS33           8            NONE       OREG    
  LED_OverTime_Out      OUTPUT        F16        LVCMOS33           8            NONE       OREG    

Report Hierarchy Area:
+-----------------------------------------------------------------------------------+
|Instance |Module              |le     |lut     |ripple  |seq     |bram    |dsp     |
+-----------------------------------------------------------------------------------+
|top      |responder           |197    |152     |33      |139     |0       |0       |
|  U1     |Sel_module          |24     |24      |0       |13      |0       |0       |
|  U2     |Timer_module        |44     |34      |7       |30      |0       |0       |
|  U3     |Buzzer_module       |39     |24      |6       |28      |0       |0       |
|  U4     |Digitron_NumDisplay |59     |50      |9       |27      |0       |0       |
|  U5     |key_filter          |31     |20      |11      |20      |0       |0       |
+-----------------------------------------------------------------------------------+


DataNet Average Fanout:

   Index     Fanout    Nets  
    #1         1       139   
    #2         2        97   
    #3         3        20   
    #4         4        8    
    #5        5-10      17   
    #6       11-50      6    
  Average     2.18           

RUN-1002 : start command "export_db responder_pr.db"
RUN-1001 : Exported /
RUN-1001 : Exported flow parameters
RUN-1001 : Exported libs
RUN-1001 : Exported entities
RUN-1001 : Exported ports
RUN-1001 : Exported pins
RUN-1001 : Exported instances
RUN-1001 : Exported nets
RUN-1001 : Exported buses
RUN-1001 : Exported models
RUN-1001 : Exported congestions
RUN-1001 : Exported violations
RUN-1001 : Exported IO constraints
RUN-1001 : Exported Inst constraints
RUN-1002 : start command "export_bid responder_inst.bid"
RUN-1002 : start command "bitgen -bit responder.bit -unused_io_status pulldown"
BIT-1003 : Start to generate bitstream. 
BIT-1002 : Bitgen processed 159 unused pads, reserve input tri_state with pulldown
BIT-1002 : Init instances with 20 threads.
BIT-1002 : Init instances completely, inst num: 297
BIT-1002 : Init pips with 20 threads.
BIT-1002 : Init pips completely, net num: 324, pip num: 2021
BIT-1002 : Init feedthrough completely, num: 1
BIT-1003 : Multithreading accelaration with 20 threads.
BIT-1003 : Generate bitstream completely, there are 485 valid insts, and 6627 bits set as '1'.
BIT-1004 : PLL setting string = 0000
BIT-1004 : Generate bits file responder.bit.
RUN-1002 : start command "backup_run_log run.log ../.logs/phy_1/td_20240826_203640.log"
