============================================================
   Tang Dynasty, V5.6.71036
      Copyright (c) 2012-2023 Anlogic Inc.
   Executable = E:/TangDanasty/bin/td.exe
   Built at =   20:34:38 Mar 21 2023
   Run by =     Lenovo
   Run Date =   Mon Aug 26 16:38:05 2024

   Run on =     LAPTOP-94TMECPO
============================================================
RUN-1002 : start command "open_project responder.prj"
RUN-1001 : Print Global Property
RUN-1001 : ---------------------------------------------------------------
RUN-1001 :        Parameters        |  Settings  |  Default Values  |  Note  
RUN-1001 : ---------------------------------------------------------------
RUN-1001 :          message         |  standard  |     standard     |        
RUN-1001 :   mixed_pack_place_flow  |     on     |        on        |        
RUN-1001 :        qor_monitor       |    off     |       off        |        
RUN-1001 :        syn_ip_flow       |    off     |       off        |        
RUN-1001 :          thread          |    auto    |       auto       |        
RUN-1001 : ---------------------------------------------------------------
RUN-1001 : Print Design Property
RUN-1001 : --------------------------------------------------------------
RUN-1001 :        Parameters       |  Settings  |  Default Values  |  Note  
RUN-1001 : --------------------------------------------------------------
RUN-1001 :   default_reg_initial   |    auto    |       auto       |        
RUN-1001 :        infer_add        |     on     |        on        |        
RUN-1001 :        infer_fsm        |    off     |       off        |        
RUN-1001 :        infer_mult       |     on     |        on        |        
RUN-1001 :        infer_ram        |     on     |        on        |        
RUN-1001 :        infer_reg        |     on     |        on        |        
RUN-1001 :   infer_reg_init_value  |     on     |        on        |        
RUN-1001 :        infer_rom        |     on     |        on        |        
RUN-1001 :      infer_shifter      |     on     |        on        |        
RUN-1001 : --------------------------------------------------------------
RUN-1001 : Print Rtl Property
RUN-1001 : --------------------------------------------------------------
RUN-1001 :        Parameters       |  Settings  |  Default Values  |  Note  
RUN-1001 : --------------------------------------------------------------
RUN-1001 :       compress_add      |   ripple   |      ripple      |        
RUN-1001 :        elf_sload        |    off     |       off        |        
RUN-1001 :       fix_undriven      |     0      |        0         |        
RUN-1001 :         flatten         |    off     |       off        |        
RUN-1001 :       gate_sharing      |     on     |        on        |        
RUN-1001 :    hdl_warning_level    |   normal   |      normal      |        
RUN-1001 :   impl_internal_tribuf  |     on     |        on        |        
RUN-1001 :      impl_set_reset     |     on     |        on        |        
RUN-1001 :        infer_gsr        |    off     |       off        |        
RUN-1001 :      keep_hierarchy     |    auto    |       auto       |        
RUN-1001 :        max_fanout       |    9999    |       9999       |        
RUN-1001 :      max_oh2bin_len     |     10     |        10        |        
RUN-1001 :       merge_equal       |     on     |        on        |        
RUN-1001 :       merge_equiv       |     on     |        on        |        
RUN-1001 :        merge_mux        |    off     |       off        |        
RUN-1001 :     min_control_set     |     8      |        8         |        
RUN-1001 :      min_ripple_len     |    auto    |       auto       |        
RUN-1001 :       oh2bin_ratio      |    0.08    |       0.08       |        
RUN-1001 :     opt_adder_fanout    |     on     |        on        |        
RUN-1001 :        opt_arith        |     on     |        on        |        
RUN-1001 :       opt_big_gate      |    off     |       off        |        
RUN-1001 :        opt_const        |     on     |        on        |        
RUN-1001 :      opt_const_mult     |     on     |        on        |        
RUN-1001 :       opt_lessthan      |     on     |        on        |        
RUN-1001 :         opt_mux         |    off     |       off        |        
RUN-1001 :         opt_ram         |    high    |       high       |        
RUN-1001 :      rtl_sim_model      |    off     |       off        |        
RUN-1001 :         seq_syn         |     on     |        on        |        
RUN-1001 : --------------------------------------------------------------
HDL-1007 : analyze verilog file ../../responder.v
HDL-1007 : analyze verilog file ../../Sel_module.v
HDL-5007 WARNING: literal value 'd44_999_999 truncated to fit in 25 bits in ../../Sel_module.v(35)
HDL-1007 : analyze verilog file ../../Timer_module.v
HDL-1007 : analyze verilog file ../../Buzzer_module.v
HDL-1007 : analyze verilog file ../../Digitron_NumDisplay.v
HDL-1007 : analyze verilog file ../../key_filter.v
RUN-1001 : Project manager successfully analyzed 6 source files.
RUN-1002 : start command "import_device eagle_s20.db -package EG4S20BG256"
ARC-1001 : Device Initialization.
ARC-1001 : ------------------------------------------------------------------
ARC-1001 :            OPTION            |          IO          |   SETTING   
ARC-1001 : ------------------------------------------------------------------
ARC-1001 :   cso_b/cclk/mosi/miso/dout  |  T3/R11/T10/P10/S11  |    gpio    
ARC-1001 :             done             |         P13          |    gpio    
ARC-1001 :           program_b          |          T2          |  dedicate  
ARC-1001 :        tdi/tms/tck/tdo       |   C12/A15/C14/E14    |  dedicate  
ARC-1001 : ------------------------------------------------------------------
ARC-1004 : Device setting, marked 5 dedicate IOs in total.
RUN-1002 : start command "import_db ../syn_1/responder_gate.db"
RUN-1001 : Importing database generated by Tang Dynasty, V5.6.71036.
RUN-1001 : Database version number 46146.
RUN-1001 : Import flow parameters
RUN-1001 : Import IO constraints
RUN-1001 : Import Inst constraints
RUN-1001 : Import design success TD_VERSION=5.6.71036 , DB_VERSION=46146
RUN-1002 : start command "place"
RUN-1001 : Open license file E:/TangDanasty/license/Anlogic.lic
RUN-1001 : Print Global Property
RUN-1001 : ---------------------------------------------------------------
RUN-1001 :        Parameters        |  Settings  |  Default Values  |  Note  
RUN-1001 : ---------------------------------------------------------------
RUN-1001 :          message         |  standard  |     standard     |        
RUN-1001 :   mixed_pack_place_flow  |     on     |        on        |        
RUN-1001 :        qor_monitor       |    off     |       off        |        
RUN-1001 :        syn_ip_flow       |    off     |       off        |        
RUN-1001 :          thread          |    auto    |       auto       |        
RUN-1001 : ---------------------------------------------------------------
RUN-1001 : Print Place Property
RUN-1001 : --------------------------------------------------------------
RUN-1001 :        Parameters       |  Settings  |  Default Values  |  Note  
RUN-1001 : --------------------------------------------------------------
RUN-1001 :      detailed_place     |     on     |        on        |        
RUN-1001 :          effort         |   medium   |      medium      |        
RUN-1001 :         fix_hold        |    off     |       off        |        
RUN-1001 :       legalization      |    ori     |       ori        |        
RUN-1001 :      new_spreading      |     on     |        on        |        
RUN-1001 :        opt_timing       |   medium   |      medium      |        
RUN-1001 :   post_clock_route_opt  |    off     |       off        |        
RUN-1001 :       pr_strategy       |     1      |        1         |        
RUN-1001 :        relaxation       |    1.00    |       1.00       |        
RUN-1001 :         retiming        |    off     |       off        |        
RUN-1001 : --------------------------------------------------------------
PHY-3001 : Placer runs in 20 thread(s).
RUN-1002 : start command "legalize_phy_inst"
SYN-1011 : Flatten model responder
RUN-1002 : start command "phys_opt -simplify_lut"
SYN-4024 : Net "CLK_dup_1" drives clk pins.
SYN-4024 : Net "U4/W_Digitron_Out_n" drives clk pins.
SYN-4024 : Net "U4/W_DigitronCS_Out_n" drives clk pins.
SYN-4024 : Net "U2/CLK1" drives clk pins.
SYN-4024 : Net "U4/SingleNum_b_n4" drives clk pins.
SYN-4025 : Tag rtl::Net CLK_dup_1 as clock net
SYN-4025 : Tag rtl::Net U2/CLK1 as clock net
SYN-4025 : Tag rtl::Net U4/SingleNum_b_n4 as clock net
SYN-4025 : Tag rtl::Net U4/W_DigitronCS_Out_n as clock net
SYN-4025 : Tag rtl::Net U4/W_Digitron_Out_n as clock net
SYN-4026 : Tagged 5 rtl::Net as clock net
SYN-4015 : Create BUFG instance for clk Net U2/CLK1 to drive 8 clock pins.
SYN-4015 : Create BUFG instance for clk Net U4/W_DigitronCS_Out_n to drive 8 clock pins.
SYN-4015 : Create BUFG instance for clk Net U4/W_Digitron_Out_n to drive 7 clock pins.
SYN-4015 : Create BUFG instance for clk Net U4/SingleNum_b_n4 to drive 4 clock pins.
PHY-1001 : Populate physical database on model responder.
RUN-1001 : There are total 249 instances
RUN-0007 : 97 luts, 81 seqs, 21 mslices, 14 lslices, 29 pads, 0 brams, 0 dsps
RUN-1001 : There are total 335 nets
RUN-1001 : 188 nets have 2 pins
RUN-1001 : 121 nets have [3 - 5] pins
RUN-1001 : 20 nets have [6 - 10] pins
RUN-1001 : 3 nets have [11 - 20] pins
RUN-1001 : 2 nets have [21 - 99] pins
RUN-1001 : 1 nets have 100+ pins
RUN-1001 : Report Control nets information:
RUN-1001 : DFF Distribution
RUN-1001 : ----------------------------------
RUN-1001 :   CE   |  SSR  |  ASR  |  DFF Count  
RUN-1001 : ----------------------------------
RUN-1001 :   No   |  No   |  No   |     36      
RUN-1001 :   No   |  No   |  Yes  |     32      
RUN-1001 :   No   |  Yes  |  No   |     13      
RUN-1001 :   Yes  |  No   |  No   |      0      
RUN-1001 :   Yes  |  No   |  Yes  |      0      
RUN-1001 :   Yes  |  Yes  |  No   |      0      
RUN-1001 : ----------------------------------
RUN-0007 : Control Group Statistic
RUN-0007 : ---------------------------
RUN-0007 :   #CLK  |  #CE  |  #SSR/ASR  
RUN-0007 : ---------------------------
RUN-0007 :    4    |   1   |     3      
RUN-0007 : ---------------------------
RUN-0007 : Control Set = 7
PHY-3001 : Initial placement ...
PHY-3001 : design contains 247 instances, 97 luts, 81 seqs, 35 slices, 4 macros(35 instances: 21 mslices 14 lslices)
PHY-0007 : Cell area utilization is 0%
PHY-3001 : Global placement ...
PHY-3001 : Initial: Len = 85059.6
PHY-3001 : Clustering ...
PHY-3001 : Level 0 #clusters 247.
PHY-3001 : End clustering;  0.000023s wall, 0.000000s user + 0.000000s system = 0.000000s CPU (n/a%)

PHY-3001 : Run with size of 4
PHY-3001 : Cell area utilization is 0%
PHY-3001 : :::0::: Try harder cell spreading with beta_ = 0
PHY-3002 : Step(1): len = 55243.4, overlap = 0
PHY-3002 : Step(2): len = 36691.6, overlap = 0
PHY-3002 : Step(3): len = 26340.5, overlap = 0
PHY-3002 : Step(4): len = 19793.5, overlap = 0
PHY-3002 : Step(5): len = 16140.6, overlap = 0
PHY-3002 : Step(6): len = 14127.2, overlap = 0
PHY-3002 : Step(7): len = 12977, overlap = 0
PHY-3002 : Step(8): len = 12888.2, overlap = 0
PHY-3002 : Step(9): len = 12044.1, overlap = 0
PHY-3002 : Step(10): len = 10320.3, overlap = 0
PHY-3002 : Step(11): len = 9770.9, overlap = 0
PHY-3002 : Step(12): len = 9047.4, overlap = 0
PHY-3002 : Step(13): len = 8401.5, overlap = 0
PHY-3002 : Step(14): len = 8490, overlap = 0
PHY-3002 : Step(15): len = 8787.6, overlap = 0
PHY-3002 : Step(16): len = 8333.3, overlap = 0
PHY-3002 : Step(17): len = 7736.3, overlap = 0
PHY-3002 : Step(18): len = 7834.8, overlap = 0
PHY-3002 : Step(19): len = 7617.1, overlap = 0
PHY-3002 : Step(20): len = 7669, overlap = 0
PHY-3002 : Step(21): len = 7338.2, overlap = 0
PHY-3002 : Step(22): len = 7035.9, overlap = 0
PHY-3002 : Step(23): len = 7255.1, overlap = 0
PHY-3002 : Step(24): len = 6163.5, overlap = 0
PHY-3002 : Step(25): len = 5935.4, overlap = 0
PHY-3002 : Step(26): len = 6209.3, overlap = 0
PHY-3002 : Step(27): len = 5817.2, overlap = 0
PHY-3002 : Step(28): len = 5355, overlap = 0
PHY-3002 : Step(29): len = 5224.1, overlap = 0
PHY-3002 : Step(30): len = 5092.8, overlap = 0
PHY-3002 : Step(31): len = 4865.7, overlap = 0
PHY-3002 : Step(32): len = 4743.8, overlap = 0
PHY-3002 : Step(33): len = 4355.5, overlap = 0
PHY-3002 : Step(34): len = 4054.7, overlap = 0
PHY-3002 : Step(35): len = 4005.4, overlap = 0
PHY-3002 : Step(36): len = 3730.3, overlap = 0
PHY-3002 : Step(37): len = 3723, overlap = 0
PHY-3002 : Step(38): len = 3741.4, overlap = 0
PHY-3002 : Step(39): len = 3567.6, overlap = 0
PHY-3002 : Step(40): len = 3441.9, overlap = 0
PHY-3002 : Step(41): len = 3441.9, overlap = 0
PHY-3002 : Step(42): len = 3373.6, overlap = 0
PHY-3001 : Legalization ...
PHY-3001 : End legalization;  0.003464s wall, 0.000000s user + 0.000000s system = 0.000000s CPU (n/a%)

PHY-3001 : Run with size of 4
PHY-3001 : Cell area utilization is 1%
PHY-3001 : :::0::: Try harder cell spreading with beta_ = 0
PHY-3002 : Step(43): len = 3318.3, overlap = 0
PHY-3002 : Step(44): len = 3350.4, overlap = 0
PHY-3002 : Step(45): len = 3350.4, overlap = 0
PHY-3001 : Run with size of 2
PHY-3001 : Cell area utilization is 1%
PHY-3001 : :::0::: Try harder cell spreading with beta_ = 0
PHY-3002 : Step(46): len = 3315.1, overlap = 2.21875
PHY-3002 : Step(47): len = 3315.1, overlap = 2.21875
PHY-3002 : Step(48): len = 3312.8, overlap = 2.28125
PHY-3002 : Step(49): len = 3312.8, overlap = 2.28125
PHY-3002 : Step(50): len = 3316.8, overlap = 1.9375
PHY-3002 : Step(51): len = 3316.8, overlap = 1.9375
PHY-3002 : Step(52): len = 3291.4, overlap = 2
PHY-3002 : Step(53): len = 3314, overlap = 2
PHY-3002 : Step(54): len = 3314, overlap = 2
OPT-1001 : Start physical optimization ...
OPT-1001 : Total overflow 13.09 peak overflow 2.03
OPT-1001 : Start high-fanout net optimization ...
OPT-1001 : Update timing in global mode
PHY-1001 : Start incremental global routing, caller is place ...
RUN-1001 : Generating global routing grids ...
RUN-1001 : Building simple global routing graph ...
PHY-1001 : Generate routing nets ...
PHY-1001 : Reuse net number 0/335.
PHY-1001 : Global iterations in 20 thread ...
PHY-1002 : len = 3376, over cnt = 8(0%), over = 20, worst = 5
PHY-1001 : End global iterations;  0.010660s wall, 0.000000s user + 0.000000s system = 0.000000s CPU (n/a%)

PHY-1001 : Congestion index: top1 = 7.99, top5 = 2.51, top10 = 1.25, top15 = 0.83.
PHY-1001 : End incremental global routing;  0.122428s wall, 0.031250s user + 0.031250s system = 0.062500s CPU (51.1%)

RUN-1002 : start command "start_timer -report"
TMR-5001 WARNING: No sdc constraints found while initiating timer.
TMR-2505 : Start building timing graph for model responder.
TMR-2506 : Build timing graph completely. Port num: 10, tpin num: 1061, tnet num: 333, tinst num: 247, tnode num: 1338, tedge num: 1675.
TMR-2508 : Levelizing timing graph completed, there are 25 levels in total.
TMR-2501 : Timing graph initialized successfully.
OPT-1001 : End timing update;  0.147823s wall, 0.109375s user + 0.015625s system = 0.125000s CPU (84.6%)

OPT-1001 : 0 high-fanout net processed.
OPT-1001 : End high-fanout net optimization;  0.272290s wall, 0.140625s user + 0.046875s system = 0.187500s CPU (68.9%)

OPT-1001 : Current memory(MB): used = 146, reserve = 115, peak = 146.
OPT-1001 : End physical optimization;  0.275638s wall, 0.140625s user + 0.046875s system = 0.187500s CPU (68.0%)

PHY-3001 : Start packing ...
SYN-4007 : Packing 0 MUX to BLE ...
SYN-4008 : Packed 0 MUX and 0 SEQ to BLE.
SYN-4007 : Packing 97 LUT to BLE ...
SYN-4008 : Packed 97 LUT and 37 SEQ to BLE.
SYN-4003 : Packing 44 remaining SEQ's ...
SYN-4005 : Packed 24 SEQ with LUT/SLICE
SYN-4006 : 40 single LUT's are left
SYN-4006 : 20 single SEQ's are left
SYN-4011 : Packing model "responder" (AL_USER_NORMAL) with 117/188 primitive instances ...
PHY-3001 : End packing;  0.004857s wall, 0.015625s user + 0.000000s system = 0.015625s CPU (321.7%)

PHY-1001 : Populate physical database on model responder.
RUN-1001 : There are total 137 instances
RUN-1001 : 51 mslices, 50 lslices, 29 pads, 0 brams, 0 dsps
RUN-1001 : There are total 306 nets
RUN-1001 : 165 nets have 2 pins
RUN-1001 : 115 nets have [3 - 5] pins
RUN-1001 : 21 nets have [6 - 10] pins
RUN-1001 : 3 nets have [11 - 20] pins
RUN-1001 : 1 nets have [21 - 99] pins
RUN-1001 : 1 nets have 100+ pins
PHY-3001 : design contains 135 instances, 101 slices, 4 macros(35 instances: 21 mslices 14 lslices)
PHY-3001 : Cell area utilization is 1%
PHY-3001 : After packing: Len = 3769.8, Over = 4.25
PHY-3001 : Run with size of 2
PHY-3001 : Cell area utilization is 1%
PHY-3001 : :::0::: Try harder cell spreading with beta_ = 0.0141942
PHY-3002 : Step(55): len = 3625, overlap = 4.25
PHY-3002 : Step(56): len = 3566.4, overlap = 4
PHY-3002 : Step(57): len = 3527.9, overlap = 4
PHY-3001 : Legalization ...
PHY-3001 : End legalization;  0.058297s wall, 0.015625s user + 0.000000s system = 0.015625s CPU (26.8%)

PHY-3001 : Trial Legalized: Len = 6308.7
PHY-3001 : Run with size of 2
PHY-3001 : Cell area utilization is 1%
PHY-3001 : :::0::: Try harder cell spreading with beta_ = 0
PHY-3002 : Step(58): len = 4634.4, overlap = 0.25
PHY-3002 : Step(59): len = 3989.3, overlap = 0.5
PHY-3002 : Step(60): len = 3676.7, overlap = 1.25
PHY-3002 : Step(61): len = 3618.3, overlap = 1.5
PHY-3002 : Step(62): len = 3608.4, overlap = 1.25
PHY-3002 : Step(63): len = 3568.7, overlap = 1.5
PHY-3002 : Step(64): len = 3479.2, overlap = 1.25
PHY-3002 : Step(65): len = 3479.2, overlap = 1.25
PHY-3002 : Step(66): len = 3451.3, overlap = 1.25
PHY-3001 : Legalization ...
PHY-3001 : End legalization;  0.004119s wall, 0.000000s user + 0.000000s system = 0.000000s CPU (n/a%)

PHY-3001 : Legalized: Len = 5002, Over = 0
PHY-3001 : End spreading;  0.001910s wall, 0.000000s user + 0.000000s system = 0.000000s CPU (n/a%)

PHY-3001 : Final: Len = 5002, Over = 0
OPT-1001 : Start physical optimization ...
OPT-1001 : Total overflow 0.00 peak overflow 0.00
OPT-1001 : Start high-fanout net optimization ...
OPT-1001 : Update timing in global mode
PHY-1001 : Start incremental global routing, caller is place ...
RUN-1001 : Generating global routing grids ...
PHY-1001 : Generate routing nets ...
PHY-1001 : Reuse net number 14/306.
PHY-1001 : Global iterations in 20 thread ...
PHY-1002 : len = 5152, over cnt = 16(0%), over = 33, worst = 5
PHY-1002 : len = 5464, over cnt = 9(0%), over = 10, worst = 2
PHY-1002 : len = 5616, over cnt = 0(0%), over = 0, worst = 0
PHY-1001 : End global iterations;  0.017514s wall, 0.000000s user + 0.000000s system = 0.000000s CPU (n/a%)

PHY-1001 : Congestion index: top1 = 12.91, top5 = 4.20, top10 = 2.09, top15 = 1.40.
PHY-1001 : End incremental global routing;  0.059519s wall, 0.031250s user + 0.000000s system = 0.031250s CPU (52.5%)

RUN-1002 : start command "start_timer -report"
TMR-5001 WARNING: No sdc constraints found while initiating timer.
TMR-2505 : Start building timing graph for model responder.
TMR-2506 : Build timing graph completely. Port num: 10, tpin num: 954, tnet num: 304, tinst num: 135, tnode num: 1182, tedge num: 1567.
TMR-2508 : Levelizing timing graph completed, there are 25 levels in total.
TMR-2501 : Timing graph initialized successfully.
OPT-1001 : End timing update;  0.115440s wall, 0.062500s user + 0.000000s system = 0.062500s CPU (54.1%)

OPT-1001 : 0 high-fanout net processed.
OPT-1001 : End high-fanout net optimization;  0.176813s wall, 0.093750s user + 0.000000s system = 0.093750s CPU (53.0%)

OPT-1001 : Current memory(MB): used = 148, reserve = 117, peak = 148.
OPT-1001 : Update timing in Manhattan mode
OPT-1001 : End timing update;  0.000122s wall, 0.000000s user + 0.000000s system = 0.000000s CPU (n/a%)

OPT-1001 : Start pin optimization...
OPT-1001 : skip pin optimization...
RUN-1001 : Generating global routing grids ...
PHY-1001 : Generate routing nets ...
PHY-1001 : Reuse net number 223/306.
PHY-1001 : Global iterations in 20 thread ...
PHY-1002 : len = 5616, over cnt = 0(0%), over = 0, worst = 0
PHY-1001 : End global iterations;  0.000850s wall, 0.000000s user + 0.000000s system = 0.000000s CPU (n/a%)

PHY-1001 : Congestion index: top1 = 12.91, top5 = 4.20, top10 = 2.09, top15 = 1.40.
OPT-1001 : Update timing in Manhattan mode
OPT-1001 : End timing update;  0.000251s wall, 0.000000s user + 0.000000s system = 0.000000s CPU (n/a%)

RUN-1001 : QoR Analysis:
OPT-0007 :   WNS 2147483647 TNS 0 NUM_FEPS 0
RUN-1001 :   No local congestion issue, and most congested 1% tile average routing util is 12.482759
RUN-1001 :   Top critical paths
OPT-1001 : End physical optimization;  0.208659s wall, 0.093750s user + 0.015625s system = 0.109375s CPU (52.4%)

RUN-1003 : finish command "place" in  1.956594s wall, 0.546875s user + 0.375000s system = 0.921875s CPU (47.1%)

RUN-1004 : used memory is 128 MB, reserved memory is 97 MB, peak memory is 148 MB
RUN-1002 : start command "export_db responder_place.db"
RUN-1001 : Exported /
RUN-1001 : Exported flow parameters
RUN-1001 : Exported libs
RUN-1001 : Exported entities
RUN-1001 : Exported ports
RUN-1001 : Exported pins
RUN-1001 : Exported instances
RUN-1001 : Exported nets
RUN-1001 : Exported buses
RUN-1001 : Exported models
RUN-1001 : Exported congestions
RUN-1001 : Exported violations
RUN-1001 : Exported IO constraints
RUN-1001 : Exported Inst constraints
RUN-1002 : start command "route"
RUN-1001 : Open license file E:/TangDanasty/license/Anlogic.lic
RUN-1001 : Print Global Property
RUN-1001 : ---------------------------------------------------------------
RUN-1001 :        Parameters        |  Settings  |  Default Values  |  Note  
RUN-1001 : ---------------------------------------------------------------
RUN-1001 :          message         |  standard  |     standard     |        
RUN-1001 :   mixed_pack_place_flow  |     on     |        on        |        
RUN-1001 :        qor_monitor       |    off     |       off        |        
RUN-1001 :        syn_ip_flow       |    off     |       off        |        
RUN-1001 :          thread          |    auto    |       auto       |        
RUN-1001 : ---------------------------------------------------------------
RUN-1001 : Print Route Property
RUN-1001 : -------------------------------------------------------
RUN-1001 :    Parameters    |  Settings  |  Default Values  |  Note  
RUN-1001 : -------------------------------------------------------
RUN-1001 :      effort      |   medium   |      medium      |        
RUN-1001 :     fix_hold     |    off     |       off        |        
RUN-1001 :    opt_timing    |   medium   |      medium      |        
RUN-1001 :   phy_sim_model  |    off     |       off        |        
RUN-1001 :     priority     |   timing   |      timing      |        
RUN-1001 :     swap_pin     |     on     |        on        |        
RUN-1001 : -------------------------------------------------------
PHY-1001 : Route runs in 20 thread(s)
RUN-1001 : There are total 137 instances
RUN-1001 : 51 mslices, 50 lslices, 29 pads, 0 brams, 0 dsps
RUN-1001 : There are total 306 nets
RUN-1001 : 165 nets have 2 pins
RUN-1001 : 115 nets have [3 - 5] pins
RUN-1001 : 21 nets have [6 - 10] pins
RUN-1001 : 3 nets have [11 - 20] pins
RUN-1001 : 1 nets have [21 - 99] pins
RUN-1001 : 1 nets have 100+ pins
RUN-1002 : start command "start_timer -report"
TMR-5001 WARNING: No sdc constraints found while initiating timer.
TMR-2505 : Start building timing graph for model responder.
TMR-2506 : Build timing graph completely. Port num: 10, tpin num: 954, tnet num: 304, tinst num: 135, tnode num: 1182, tedge num: 1567.
TMR-2508 : Levelizing timing graph completed, there are 25 levels in total.
TMR-2501 : Timing graph initialized successfully.
PHY-1001 : 51 mslices, 50 lslices, 29 pads, 0 brams, 0 dsps
TMR-2503 : Start to update net delay, extr mode = 3.
TMR-2504 : Update delay of 304 nets completely.
TMR-2502 : Annotate delay completely, extr mode = 3.
TMR-3002 : No user constraint, initiate default constraint.
TMR-1501 : Assign derive clock DeriveClock to 144 clock pins, and constraint 228 relative nodes.
TMR-3003 : Constraints initiated successfully.
TMR-3501 : Forward propagation: start to calculate arrival time...
TMR-3502 : Backward propagation: start to calculate required time...
TMR-3503 : Timing propagation completes.
PHY-1001 : Start global routing, caller is route ...
RUN-1001 : Generating global routing grids ...
PHY-1001 : Generate routing nets ...
PHY-1001 : Global iterations in 20 thread ...
PHY-1002 : len = 5112, over cnt = 17(0%), over = 34, worst = 5
PHY-1002 : len = 5424, over cnt = 10(0%), over = 11, worst = 2
PHY-1002 : len = 5536, over cnt = 3(0%), over = 4, worst = 2
PHY-1002 : len = 5592, over cnt = 0(0%), over = 0, worst = 0
PHY-1001 : End global iterations;  0.022346s wall, 0.000000s user + 0.000000s system = 0.000000s CPU (n/a%)

PHY-1001 : Congestion index: top1 = 12.93, top5 = 4.16, top10 = 2.07, top15 = 1.38.
PHY-1001 : End global routing;  0.052241s wall, 0.015625s user + 0.000000s system = 0.015625s CPU (29.9%)

PHY-1001 : Start detail routing ...
PHY-1001 : Current memory(MB): used = 174, reserve = 144, peak = 192.
PHY-1001 : Detailed router is running in normal mode.
PHY-1001 : Generate detailed routing grids ...
PHY-1001 : Processed IO instance DigitronCS_Out[3]_syn_2 with INV attribute.
PHY-1001 : Processed IO instance DigitronCS_Out[2]_syn_2 with INV attribute.
PHY-1001 : Processed IO instance DigitronCS_Out[1]_syn_2 with INV attribute.
PHY-1001 : Processed IO instance DigitronCS_Out[0]_syn_2 with INV attribute.
PHY-1001 : Processed IO instance Digitron_Out[6]_syn_2 with INV attribute.
PHY-1001 : Processed IO instance Digitron_Out[5]_syn_2 with INV attribute.
PHY-1001 : Processed IO instance Digitron_Out[4]_syn_2 with INV attribute.
PHY-1001 : Processed IO instance Digitron_Out[3]_syn_2 with INV attribute.
PHY-1001 : Processed IO instance Digitron_Out[2]_syn_2 with INV attribute.
PHY-1001 : Processed IO instance Digitron_Out[1]_syn_2 with INV attribute.
PHY-1001 : Processed IO instance Digitron_Out[0]_syn_2 with INV attribute.
PHY-1001 : Generate nets ...
PHY-1001 : net CLK_dup_1 will be routed on clock mesh
PHY-1001 : clock net U4/W_Digitron_Out_n_syn_9 will be merged with clock U4/W_Digitron_Out_n
PHY-1001 : clock net U4/W_DigitronCS_Out_n_syn_4 will be merged with clock U4/W_DigitronCS_Out_n
PHY-1001 : clock net U4/SingleNum_b_n4_syn_10 will be merged with clock U4/SingleNum_b_n4
PHY-1001 : clock net U2/CLK1_syn_4 will be merged with clock U2/CLK1
PHY-1001 : Current memory(MB): used = 443, reserve = 418, peak = 443.
PHY-1001 : End build detailed router design. 3.234463s wall, 1.203125s user + 0.171875s system = 1.375000s CPU (42.5%)

PHY-1001 : Detail Route ...
PHY-1001 : ===== Detail Route Phase 1 =====
PHY-1001 : Clock net routing.....
PHY-1001 : Routed 1% nets.
PHY-1022 : len = 10688, over cnt = 0(0%), over = 0, worst = 0, crit = 0
PHY-1001 : End initial clock net routed; 0.929454s wall, 0.281250s user + 0.078125s system = 0.359375s CPU (38.7%)

PHY-1001 : Current memory(MB): used = 472, reserve = 448, peak = 472.
PHY-1001 : End phase 1; 0.933574s wall, 0.281250s user + 0.078125s system = 0.359375s CPU (38.5%)

PHY-1001 : ===== Detail Route Phase 2 =====
PHY-1001 : Initial routing.....
PHY-1001 : Routed 24% nets.
PHY-1001 : Routed 32% nets.
PHY-1001 : Routed 39% nets.
PHY-1001 : Routed 60% nets.
PHY-1001 : Routed 78% nets.
PHY-1022 : len = 19928, over cnt = 1(0%), over = 1, worst = 1, crit = 0
PHY-1001 : Current memory(MB): used = 472, reserve = 448, peak = 473.
PHY-1001 : End initial routed; 0.056701s wall, 0.031250s user + 0.000000s system = 0.031250s CPU (55.1%)

PHY-1001 : Current memory(MB): used = 472, reserve = 448, peak = 473.
PHY-1001 : End phase 2; 0.056820s wall, 0.031250s user + 0.000000s system = 0.031250s CPU (55.0%)

PHY-1001 : ===== Detail Route Phase 3 =====
PHY-1001 : Ripup-reroute.....
PHY-1001 : ===== DR Iter 1 =====
PHY-1022 : len = 19928, over cnt = 1(0%), over = 1, worst = 1, crit = 0
PHY-1001 : End DR Iter 1; 0.008826s wall, 0.000000s user + 0.000000s system = 0.000000s CPU (n/a%)

PHY-1001 : ===== DR Iter 2 =====
PHY-1022 : len = 19928, over cnt = 0(0%), over = 0, worst = 0, crit = 0
PHY-1001 : End DR Iter 2; 0.008259s wall, 0.000000s user + 0.000000s system = 0.000000s CPU (n/a%)

PHY-1001 : Commit to database.....
PHY-1001 : 1 feed throughs used by 1 nets
PHY-1001 : End commit to database; 0.034165s wall, 0.015625s user + 0.015625s system = 0.031250s CPU (91.5%)

PHY-1001 : Current memory(MB): used = 482, reserve = 457, peak = 482.
PHY-1001 : End phase 3; 0.150551s wall, 0.078125s user + 0.015625s system = 0.093750s CPU (62.3%)

PHY-1003 : Routed, final wirelength = 19928
PHY-1001 : Current memory(MB): used = 482, reserve = 457, peak = 482.
PHY-1001 : End export database. 0.004883s wall, 0.000000s user + 0.000000s system = 0.000000s CPU (n/a%)

PHY-1001 : End detail routing;  4.599789s wall, 1.656250s user + 0.281250s system = 1.937500s CPU (42.1%)

RUN-1003 : finish command "route" in  4.885263s wall, 1.750000s user + 0.281250s system = 2.031250s CPU (41.6%)

RUN-1004 : used memory is 416 MB, reserved memory is 394 MB, peak memory is 482 MB
RUN-1002 : start command "report_area -io_info -file responder_phy.area"
RUN-1001 : standard
***Report Model: responder Device: EG4S20BG256***

IO Statistics
#IO                        29
  #input                    7
  #output                  22
  #inout                    0

Utilization Statistics
#lut                      169   out of  19600    0.86%
#reg                      113   out of  19600    0.58%
#le                       189
  #lut only                76   out of    189   40.21%
  #reg only                20   out of    189   10.58%
  #lut&reg                 93   out of    189   49.21%
#dsp                        0   out of     29    0.00%
#bram                       0   out of     64    0.00%
  #bram9k                   0
  #fifo9k                   0
#bram32k                    0   out of     16    0.00%
#pad                       29   out of    188   15.43%
  #ireg                     0
  #oreg                    13
  #treg                     0
#pll                        0   out of      4    0.00%
#gclk                       4   out of     16   25.00%

Clock Resource Statistics
Index     ClockNet                 Type               DriverType         Driver                           Fanout
#1        CLK_dup_1                GCLK               io                 CLK_syn_2.di                     60
#2        U2/CLK1                  GCLK               lslice             U2/CLK1_reg_syn_36.q1            7
#3        U4/W_DigitronCS_Out_n    GCLK               lslice             U4/reg2_syn_25.f1                7
#4        U4/W_Digitron_Out_n      GCLK               lslice             U4/sel2_syn_49.f0                7
#5        U4/SingleNum_b_n4        GCLK               mslice             U4/W_Digitron_Out_n_syn_25.f1    2


Detailed IO Report

        Name           Direction    Location    IOStandard    DriveStrength    PullType    PackReg  
         CLK             INPUT         R7        LVCMOS33          N/A          PULLUP      NONE    
      Key_In[3]          INPUT        F10        LVCMOS33          N/A          PULLUP      NONE    
      Key_In[2]          INPUT        C11        LVCMOS33          N/A          PULLUP      NONE    
      Key_In[1]          INPUT        D11        LVCMOS33          N/A          PULLUP      NONE    
      Key_In[0]          INPUT        E11        LVCMOS33          N/A          PULLUP      NONE    
        RSTn             INPUT         A9        LVCMOS33          N/A          PULLUP      NONE    
        Start            INPUT        A10        LVCMOS33          N/A          PULLUP      NONE    
     Buzzer_Out         OUTPUT        H11        LVCMOS33           8            NONE       OREG    
  DigitronCS_Out[3]     OUTPUT         A3        LVCMOS33           8            NONE       OREG    
  DigitronCS_Out[2]     OUTPUT         A5        LVCMOS33           8            NONE       OREG    
  DigitronCS_Out[1]     OUTPUT         B6        LVCMOS33           8            NONE       OREG    
  DigitronCS_Out[0]     OUTPUT         C9        LVCMOS33           8            NONE       OREG    
   Digitron_Out[7]      OUTPUT         C8        LVCMOS33           8            NONE       NONE    
   Digitron_Out[6]      OUTPUT         A8        LVCMOS33           8            NONE       OREG    
   Digitron_Out[5]      OUTPUT         B5        LVCMOS33           8            NONE       OREG    
   Digitron_Out[4]      OUTPUT         A7        LVCMOS33           8            NONE       OREG    
   Digitron_Out[3]      OUTPUT         E8        LVCMOS33           8            NONE       OREG    
   Digitron_Out[2]      OUTPUT         B8        LVCMOS33           8            NONE       OREG    
   Digitron_Out[1]      OUTPUT         A6        LVCMOS33           8            NONE       OREG    
   Digitron_Out[0]      OUTPUT         A4        LVCMOS33           8            NONE       OREG    
     Key_Row[3]         OUTPUT        E10        LVCMOS33           8            NONE       NONE    
     Key_Row[2]         OUTPUT        C10        LVCMOS33           8            NONE       NONE    
     Key_Row[1]         OUTPUT         F9        LVCMOS33           8            NONE       NONE    
     Key_Row[0]         OUTPUT         D9        LVCMOS33           8            NONE       NONE    
     LED_Out[3]         OUTPUT        C15        LVCMOS33           8            NONE       NONE    
     LED_Out[2]         OUTPUT        B16        LVCMOS33           8            NONE       NONE    
     LED_Out[1]         OUTPUT        B15        LVCMOS33           8            NONE       NONE    
     LED_Out[0]         OUTPUT        B14        LVCMOS33           8            NONE       NONE    
  LED_OverTime_Out      OUTPUT        F16        LVCMOS33           8            NONE       OREG    

Report Hierarchy Area:
+-----------------------------------------------------------------------------------+
|Instance |Module              |le     |lut     |ripple  |seq     |bram    |dsp     |
+-----------------------------------------------------------------------------------+
|top      |responder           |189    |134     |35      |126     |0       |0       |
|  U1     |Sel_module          |38     |24      |7       |26      |0       |0       |
|  U2     |Timer_module        |49     |29      |7       |33      |0       |0       |
|  U3     |Buzzer_module       |45     |33      |12      |28      |0       |0       |
|  U4     |Digitron_NumDisplay |57     |48      |9       |26      |0       |0       |
+-----------------------------------------------------------------------------------+


DataNet Average Fanout:

   Index     Fanout    Nets  
    #1         1       136   
    #2         2        95   
    #3         3        15   
    #4         4        4    
    #5        5-10      18   
    #6       11-50      2    
  Average     1.99           

RUN-1002 : start command "export_db responder_pr.db"
RUN-1001 : Exported /
RUN-1001 : Exported flow parameters
RUN-1001 : Exported libs
RUN-1001 : Exported entities
RUN-1001 : Exported ports
RUN-1001 : Exported pins
RUN-1001 : Exported instances
RUN-1001 : Exported nets
RUN-1001 : Exported buses
RUN-1001 : Exported models
RUN-1001 : Exported congestions
RUN-1001 : Exported violations
RUN-1001 : Exported IO constraints
RUN-1001 : Exported Inst constraints
RUN-1002 : start command "export_bid responder_inst.bid"
RUN-1002 : start command "bitgen -bit responder.bit -unused_io_status pulldown"
BIT-1003 : Start to generate bitstream. 
BIT-1002 : Bitgen processed 159 unused pads, reserve input tri_state with pulldown
BIT-1002 : Init instances with 20 threads.
BIT-1002 : Init instances completely, inst num: 294
BIT-1002 : Init pips with 20 threads.
BIT-1002 : Init pips completely, net num: 306, pip num: 1766
BIT-1002 : Init feedthrough completely, num: 1
BIT-1003 : Multithreading accelaration with 20 threads.
BIT-1003 : Generate bitstream completely, there are 533 valid insts, and 5988 bits set as '1'.
BIT-1004 : PLL setting string = 0000
BIT-1004 : Generate bits file responder.bit.
RUN-1003 : finish command "bitgen -bit responder.bit -unused_io_status pulldown" in  1.013700s wall, 4.078125s user + 0.000000s system = 4.078125s CPU (402.3%)

RUN-1004 : used memory is 423 MB, reserved memory is 399 MB, peak memory is 639 MB
RUN-1002 : start command "backup_run_log run.log ../.logs/phy_1/td_20240826_163805.log"
