============================================================
   Tang Dynasty, V5.6.56362
   Copyright (c) 2012-2022 Anlogic
   Executable = C:/Anlogic/TD5.6.56362/bin/td.exe
   Built at =   19:51:00 Jul 25 2022
   Run by =     Frank
   Run Date =   Tue Nov 28 14:11:23 2023

   Run on =     DESKTOP-C83U48A
============================================================
RUN-1002 : start command "open_project responder.prj"
RUN-1001 : Print Global Property
RUN-1001 : ---------------------------------------------------------------
RUN-1001 :        Parameters        |  Settings  |  Default Values  |  Note  
RUN-1001 : ---------------------------------------------------------------
RUN-1001 :          message         |  standard  |     standard     |        
RUN-1001 :   mixed_pack_place_flow  |     on     |        on        |        
RUN-1001 :        syn_ip_flow       |    off     |       off        |        
RUN-1001 :          thread          |    auto    |       auto       |        
RUN-1001 : ---------------------------------------------------------------
RUN-1001 : Print Design Property
RUN-1001 : --------------------------------------------------------------
RUN-1001 :        Parameters       |  Settings  |  Default Values  |  Note  
RUN-1001 : --------------------------------------------------------------
RUN-1001 :   default_reg_initial   |    auto    |       auto       |        
RUN-1001 :        infer_add        |     on     |        on        |        
RUN-1001 :        infer_fsm        |    off     |       off        |        
RUN-1001 :        infer_mult       |     on     |        on        |        
RUN-1001 :        infer_ram        |     on     |        on        |        
RUN-1001 :        infer_reg        |     on     |        on        |        
RUN-1001 :   infer_reg_init_value  |     on     |        on        |        
RUN-1001 :        infer_rom        |     on     |        on        |        
RUN-1001 :      infer_shifter      |     on     |        on        |        
RUN-1001 : --------------------------------------------------------------
RUN-1001 : Print Rtl Property
RUN-1001 : --------------------------------------------------------------
RUN-1001 :        Parameters       |  Settings  |  Default Values  |  Note  
RUN-1001 : --------------------------------------------------------------
RUN-1001 :       compress_add      |   ripple   |      ripple      |        
RUN-1001 :        elf_sload        |    off     |       off        |        
RUN-1001 :       fix_undriven      |     0      |        0         |        
RUN-1001 :         flatten         |    off     |       off        |        
RUN-1001 :       gate_sharing      |     on     |        on        |        
RUN-1001 :    hdl_warning_level    |   normal   |      normal      |        
RUN-1001 :   impl_internal_tribuf  |     on     |        on        |        
RUN-1001 :      impl_set_reset     |     on     |        on        |        
RUN-1001 :        infer_gsr        |    off     |       off        |        
RUN-1001 :      keep_hierarchy     |    auto    |       auto       |        
RUN-1001 :        max_fanout       |    9999    |       9999       |        
RUN-1001 :      max_oh2bin_len     |     10     |        10        |        
RUN-1001 :       merge_equal       |     on     |        on        |        
RUN-1001 :       merge_equiv       |     on     |        on        |        
RUN-1001 :        merge_mux        |    off     |       off        |        
RUN-1001 :     min_control_set     |     8      |        8         |        
RUN-1001 :      min_ripple_len     |    auto    |       auto       |        
RUN-1001 :       oh2bin_ratio      |    0.08    |       0.08       |        
RUN-1001 :     opt_adder_fanout    |     on     |        on        |        
RUN-1001 :        opt_arith        |     on     |        on        |        
RUN-1001 :       opt_big_gate      |    off     |       off        |        
RUN-1001 :        opt_const        |     on     |        on        |        
RUN-1001 :      opt_const_mult     |     on     |        on        |        
RUN-1001 :       opt_lessthan      |     on     |        on        |        
RUN-1001 :         opt_mux         |    off     |       off        |        
RUN-1001 :         opt_ram         |    high    |       high       |        
RUN-1001 :      rtl_sim_model      |    off     |       off        |        
RUN-1001 :         seq_syn         |     on     |        on        |        
RUN-1001 : --------------------------------------------------------------
HDL-1007 : analyze verilog file ../../responder.v
HDL-1007 : analyze verilog file ../../Sel_module.v
HDL-1007 : analyze verilog file ../../Timer_module.v
HDL-1007 : analyze verilog file ../../Buzzer_module.v
HDL-1007 : analyze verilog file ../../Digitron_NumDisplay.v
HDL-1007 : analyze verilog file ../../key_filter.v
RUN-1001 : Project manager successfully analyzed 6 source files.
RUN-1002 : start command "import_device eagle_s20.db -package EG4S20BG256"
ARC-1001 : Device Initialization.
ARC-1001 : ------------------------------------------------------------------
ARC-1001 :            OPTION            |          IO          |   SETTING   
ARC-1001 : ------------------------------------------------------------------
ARC-1001 :   cso_b/cclk/mosi/miso/dout  |  T3/R11/T10/P10/S11  |    gpio    
ARC-1001 :             done             |         P13          |    gpio    
ARC-1001 :           program_b          |          T2          |  dedicate  
ARC-1001 :        tdi/tms/tck/tdo       |   C12/A15/C14/E14    |  dedicate  
ARC-1001 : ------------------------------------------------------------------
ARC-1004 : Device setting, marked 5 dedicate IOs in total.
RUN-1002 : start command "import_db ../syn_1/responder_gate.db"
RUN-1001 : Importing database generated by Tang Dynasty, V5.6.56362.
RUN-1001 : Database version number 46140.
RUN-1001 : Import flow parameters
RUN-1001 : Import timing constraints
RUN-1001 : Import IO constraints
RUN-1001 : Import Inst constraints
RUN-1001 : Import design success TD_VERSION=5.6.56362 , DB_VERSION=46140
RUN-1002 : start command "read_sdc"
USR-1002 : read_sdc file_name -help -h -eco
USR-1009 : NO module with IP_SDC ...
RUN-1104 : Import SDC file  finished, there are 0 nets kept by constraints.
RUN-1002 : start command "place"
RUN-1001 : Open license file C:/Anlogic/TD5.6.56362/license/Anlogic.lic
RUN-1001 : Print Global Property
RUN-1001 : ---------------------------------------------------------------
RUN-1001 :        Parameters        |  Settings  |  Default Values  |  Note  
RUN-1001 : ---------------------------------------------------------------
RUN-1001 :          message         |  standard  |     standard     |        
RUN-1001 :   mixed_pack_place_flow  |     on     |        on        |        
RUN-1001 :        syn_ip_flow       |    off     |       off        |        
RUN-1001 :          thread          |    auto    |       auto       |        
RUN-1001 : ---------------------------------------------------------------
RUN-1001 : Print Place Property
RUN-1001 : --------------------------------------------------------------
RUN-1001 :        Parameters       |  Settings  |  Default Values  |  Note  
RUN-1001 : --------------------------------------------------------------
RUN-1001 :      detailed_place     |     on     |        on        |        
RUN-1001 :          effort         |   medium   |      medium      |        
RUN-1001 :         fix_hold        |    off     |       off        |        
RUN-1001 :       legalization      |    ori     |       ori        |        
RUN-1001 :      new_spreading      |     on     |        on        |        
RUN-1001 :        opt_timing       |   medium   |      medium      |        
RUN-1001 :   post_clock_route_opt  |    off     |       off        |        
RUN-1001 :       pr_strategy       |     1      |        1         |        
RUN-1001 :        relaxation       |    1.00    |       1.00       |        
RUN-1001 :         retiming        |    off     |       off        |        
RUN-1001 : --------------------------------------------------------------
PHY-3001 : Placer runs in 16 thread(s).
RUN-1002 : start command "legalize_phy_inst"
SYN-1011 : Flatten model responder
RUN-1002 : start command "phys_opt -simplify_lut"
SYN-4024 : Net "CLK_dup_1" drives clk pins.
SYN-4024 : Net "U2/CLK1" drives clk pins.
SYN-4024 : Net "U4/W_Digitron_Out_n" drives clk pins.
SYN-4024 : Net "U4/SingleNum_b_n4" drives clk pins.
SYN-4024 : Net "U4/W_DigitronCS_Out_n" drives clk pins.
SYN-4025 : Tag rtl::Net CLK_dup_1 as clock net
SYN-4025 : Tag rtl::Net U2/CLK1 as clock net
SYN-4025 : Tag rtl::Net U4/SingleNum_b_n4 as clock net
SYN-4025 : Tag rtl::Net U4/W_DigitronCS_Out_n as clock net
SYN-4025 : Tag rtl::Net U4/W_Digitron_Out_n as clock net
SYN-4026 : Tagged 5 rtl::Net as clock net
SYN-4015 : Create BUFG instance for clk Net U2/CLK1 to drive 7 clock pins.
SYN-4015 : Create BUFG instance for clk Net U4/W_Digitron_Out_n to drive 7 clock pins.
SYN-4015 : Create BUFG instance for clk Net U4/SingleNum_b_n4 to drive 4 clock pins.
SYN-4015 : Create BUFG instance for clk Net U4/W_DigitronCS_Out_n to drive 4 clock pins.
PHY-1001 : Populate physical database on model responder.
RUN-1001 : There are total 344 instances
RUN-0007 : 133 luts, 135 seqs, 20 mslices, 20 lslices, 29 pads, 0 brams, 0 dsps
RUN-1001 : There are total 454 nets
RUN-1001 : 271 nets have 2 pins
RUN-1001 : 154 nets have [3 - 5] pins
RUN-1001 : 20 nets have [6 - 10] pins
RUN-1001 : 3 nets have [11 - 20] pins
RUN-1001 : 4 nets have [21 - 99] pins
RUN-1001 : 2 nets have 100+ pins
RUN-1001 : Report Control nets information:
RUN-1001 : DFF Distribution
RUN-1001 : ----------------------------------
RUN-1001 :   CE   |  SSR  |  ASR  |  DFF Count  
RUN-1001 : ----------------------------------
RUN-1001 :   No   |  No   |  No   |     34      
RUN-1001 :   No   |  No   |  Yes  |     38      
RUN-1001 :   No   |  Yes  |  No   |     29      
RUN-1001 :   Yes  |  No   |  No   |      8      
RUN-1001 :   Yes  |  No   |  Yes  |     26      
RUN-1001 :   Yes  |  Yes  |  No   |      0      
RUN-1001 : ----------------------------------
RUN-0007 : Control Group Statistic
RUN-0007 : ---------------------------
RUN-0007 :   #CLK  |  #CE  |  #SSR/ASR  
RUN-0007 : ---------------------------
RUN-0007 :    5    |   3   |     5      
RUN-0007 : ---------------------------
RUN-0007 : Control Set = 12
PHY-3001 : Initial placement ...
PHY-3001 : design contains 342 instances, 133 luts, 135 seqs, 40 slices, 5 macros(40 instances: 20 mslices 20 lslices)
PHY-0007 : Cell area utilization is 1%
PHY-3001 : Start timing update ...
RUN-1002 : start command "start_timer -report"
TMR-2505 : Start building timing graph for model responder.
TMR-2506 : Build timing graph completely. Port num: 10, tpin num: 1487, tnet num: 452, tinst num: 342, tnode num: 1922, tedge num: 2390.
TMR-2508 : Levelizing timing graph completed, there are 23 levels in total.
TMR-2501 : Timing graph initialized successfully.
TMR-2503 : Start to update net delay, extr mode = 2.
TMR-2504 : Update delay of 452 nets completely.
TMR-2502 : Annotate delay completely, extr mode = 2.
TMR-3001 : Initiate 0 clocks from SDC.
TMR-3004 : Map sdc constraints, there are 0 constraints in total.
TMR-3003 : Constraints initiated successfully.
TMR-3501 : Forward propagation: start to calculate arrival time...
TMR-3502 : Backward propagation: start to calculate required time...
TMR-3503 : Timing propagation completes.
PHY-3001 : End timing update;  0.119369s wall, 0.109375s user + 0.000000s system = 0.109375s CPU (91.6%)

PHY-3001 : Global placement ...
PHY-3001 : Initial: Len = 111961
PHY-3001 : Clustering ...
PHY-3001 : Level 0 #clusters 342.
PHY-3001 : End clustering;  0.000037s wall, 0.000000s user + 0.000000s system = 0.000000s CPU (n/a%)

PHY-3001 : Run with size of 4
PHY-3001 : Cell area utilization is 1%
PHY-3001 : :::0::: Try harder cell spreading with beta_ = 0
PHY-3002 : Step(1): len = 67694.1, overlap = 0
PHY-3002 : Step(2): len = 45207.1, overlap = 0
PHY-3002 : Step(3): len = 30458.5, overlap = 0
PHY-3002 : Step(4): len = 24099.5, overlap = 0
PHY-3002 : Step(5): len = 20689.5, overlap = 0
PHY-3002 : Step(6): len = 19619.8, overlap = 0
PHY-3002 : Step(7): len = 18308.8, overlap = 0
PHY-3002 : Step(8): len = 16051.1, overlap = 0
PHY-3002 : Step(9): len = 14820.7, overlap = 0
PHY-3002 : Step(10): len = 14789.6, overlap = 0
PHY-3002 : Step(11): len = 13666, overlap = 0
PHY-3002 : Step(12): len = 12982.6, overlap = 0
PHY-3002 : Step(13): len = 12649.6, overlap = 0
PHY-3002 : Step(14): len = 11971.2, overlap = 0
PHY-3002 : Step(15): len = 11049.3, overlap = 0
PHY-3002 : Step(16): len = 11024.2, overlap = 0
PHY-3002 : Step(17): len = 11030.6, overlap = 0
PHY-3002 : Step(18): len = 10462.7, overlap = 0
PHY-3002 : Step(19): len = 10068.8, overlap = 0
PHY-3002 : Step(20): len = 10128.5, overlap = 0
PHY-3002 : Step(21): len = 9834.3, overlap = 0
PHY-3002 : Step(22): len = 10041, overlap = 0
PHY-3002 : Step(23): len = 9102, overlap = 0
PHY-3002 : Step(24): len = 8551.2, overlap = 0
PHY-3002 : Step(25): len = 8563.9, overlap = 0
PHY-3002 : Step(26): len = 7782.3, overlap = 0
PHY-3002 : Step(27): len = 7409.6, overlap = 0
PHY-3002 : Step(28): len = 7297.2, overlap = 0
PHY-3002 : Step(29): len = 6728.1, overlap = 0
PHY-3002 : Step(30): len = 6793.9, overlap = 0
PHY-3002 : Step(31): len = 6793.9, overlap = 0
PHY-3001 : Legalization ...
PHY-3001 : End legalization;  0.002570s wall, 0.000000s user + 0.000000s system = 0.000000s CPU (n/a%)

PHY-3001 : Run with size of 4
PHY-3001 : Cell area utilization is 1%
PHY-3001 : Update timing in Manhattan mode ...
TMR-2503 : Start to update net delay, extr mode = 3.
TMR-2504 : Update delay of 452 nets completely.
TMR-2502 : Annotate delay completely, extr mode = 3.
TMR-3501 : Forward propagation: start to calculate arrival time...
TMR-3502 : Backward propagation: start to calculate required time...
TMR-3503 : Timing propagation completes.
PHY-3001 : End timing update;  0.005108s wall, 0.000000s user + 0.000000s system = 0.000000s CPU (n/a%)

PHY-3001 : :::0::: Try harder cell spreading with beta_ = 0
PHY-3002 : Step(32): len = 6334.6, overlap = 0
PHY-3002 : Step(33): len = 6386.4, overlap = 0
PHY-3002 : Step(34): len = 6450.3, overlap = 0
PHY-3002 : Step(35): len = 6479.8, overlap = 0
PHY-3001 : Run with size of 2
PHY-3001 : Cell area utilization is 1%
PHY-3001 : Update timing in Manhattan mode ...
TMR-2503 : Start to update net delay, extr mode = 3.
TMR-2504 : Update delay of 452 nets completely.
TMR-2502 : Annotate delay completely, extr mode = 3.
TMR-3501 : Forward propagation: start to calculate arrival time...
TMR-3502 : Backward propagation: start to calculate required time...
TMR-3503 : Timing propagation completes.
PHY-3001 : End timing update;  0.005312s wall, 0.000000s user + 0.000000s system = 0.000000s CPU (n/a%)

PHY-3001 : :::0::: Try harder cell spreading with beta_ = 0
PHY-3002 : Step(36): len = 6269.9, overlap = 3
PHY-3002 : Step(37): len = 6306.6, overlap = 2.8125
PHY-3002 : Step(38): len = 6342.9, overlap = 2.625
OPT-1001 : Start physical optimization ...
RUN-1002 : start command "start_timer -report"
TMR-2505 : Start building timing graph for model responder.
TMR-2506 : Build timing graph completely. Port num: 10, tpin num: 1487, tnet num: 452, tinst num: 342, tnode num: 1922, tedge num: 2390.
TMR-2508 : Levelizing timing graph completed, there are 23 levels in total.
TMR-2501 : Timing graph initialized successfully.
OPT-1001 : Total overflow 12.62 peak overflow 1.91
OPT-1001 : Start high-fanout net optimization ...
OPT-1001 : Update timing in global mode
PHY-1001 : Start incremental global routing, caller is place ...
RUN-1001 : Generating global routing grids ...
RUN-1001 : Building simple global routing graph ...
PHY-1001 : Generate routing nets ...
PHY-1001 : Reuse net number 0/454.
PHY-1001 : Global iterations in 16 thread ...
PHY-1002 : len = 6496, over cnt = 15(0%), over = 41, worst = 6
PHY-1001 : End global iterations;  0.015672s wall, 0.000000s user + 0.000000s system = 0.000000s CPU (n/a%)

PHY-1001 : Congestion index: top1 = 9.46, top5 = 3.96, top10 = 2.17, top15 = 1.45.
PHY-1001 : End incremental global routing;  0.063283s wall, 0.000000s user + 0.000000s system = 0.000000s CPU (n/a%)

TMR-2503 : Start to update net delay, extr mode = 5.
TMR-2504 : Update delay of 452 nets completely.
TMR-2502 : Annotate delay completely, extr mode = 5.
TMR-3001 : Initiate 0 clocks from SDC.
TMR-3004 : Map sdc constraints, there are 0 constraints in total.
TMR-3003 : Constraints initiated successfully.
TMR-3501 : Forward propagation: start to calculate arrival time...
TMR-3502 : Backward propagation: start to calculate required time...
TMR-3503 : Timing propagation completes.
OPT-1001 : End timing update;  0.006228s wall, 0.000000s user + 0.000000s system = 0.000000s CPU (n/a%)

OPT-1001 : 0 high-fanout net processed.
OPT-1001 : End high-fanout net optimization;  0.072942s wall, 0.000000s user + 0.000000s system = 0.000000s CPU (n/a%)

OPT-1001 : Current memory(MB): used = 140, reserve = 113, peak = 140.
OPT-1001 : Start global optimization ...
OPT-1001 : Start congestion update ...
RUN-1001 : Generating global routing grids ...
PHY-1001 : Generate routing nets ...
PHY-1001 : Reuse net number 219/454.
PHY-1001 : Global iterations in 16 thread ...
PHY-1002 : len = 6496, over cnt = 15(0%), over = 41, worst = 6
PHY-1002 : len = 6824, over cnt = 9(0%), over = 15, worst = 3
PHY-1002 : len = 7032, over cnt = 2(0%), over = 2, worst = 1
PHY-1002 : len = 7064, over cnt = 0(0%), over = 0, worst = 0
PHY-1001 : End global iterations;  0.017964s wall, 0.046875s user + 0.000000s system = 0.046875s CPU (260.9%)

PHY-1001 : Congestion index: top1 = 9.72, top5 = 4.23, top10 = 2.34, top15 = 1.56.
OPT-1001 : End congestion update;  0.065943s wall, 0.046875s user + 0.000000s system = 0.046875s CPU (71.1%)

OPT-1001 : Update timing in Manhattan mode
TMR-2503 : Start to update net delay, extr mode = 3.
TMR-2504 : Update delay of 452 nets completely.
TMR-2502 : Annotate delay completely, extr mode = 3.
TMR-3501 : Forward propagation: start to calculate arrival time...
TMR-3502 : Backward propagation: start to calculate required time...
TMR-3503 : Timing propagation completes.
OPT-1001 : End timing update;  0.004915s wall, 0.031250s user + 0.000000s system = 0.031250s CPU (635.7%)

OPT-0007 : Start: WNS 2147483647 TNS 0 NUM_FEPS 0
OPT-1001 : End global optimization;  0.070998s wall, 0.078125s user + 0.000000s system = 0.078125s CPU (110.0%)

OPT-1001 : Current memory(MB): used = 141, reserve = 114, peak = 141.
OPT-1001 : End physical optimization;  0.271452s wall, 0.234375s user + 0.000000s system = 0.234375s CPU (86.3%)

PHY-3001 : Start packing ...
SYN-4007 : Packing 0 MUX to BLE ...
SYN-4008 : Packed 0 MUX and 0 SEQ to BLE.
SYN-4007 : Packing 133 LUT to BLE ...
SYN-4008 : Packed 133 LUT and 64 SEQ to BLE.
SYN-4003 : Packing 71 remaining SEQ's ...
SYN-4005 : Packed 48 SEQ with LUT/SLICE
SYN-4006 : 25 single LUT's are left
SYN-4006 : 23 single SEQ's are left
SYN-4011 : Packing model "responder" (AL_USER_NORMAL) with 156/232 primitive instances ...
PHY-3001 : End packing;  0.008148s wall, 0.000000s user + 0.000000s system = 0.000000s CPU (n/a%)

PHY-1001 : Populate physical database on model responder.
RUN-1001 : There are total 166 instances
RUN-1001 : 65 mslices, 65 lslices, 29 pads, 0 brams, 0 dsps
RUN-1001 : There are total 396 nets
RUN-1001 : 218 nets have 2 pins
RUN-1001 : 149 nets have [3 - 5] pins
RUN-1001 : 19 nets have [6 - 10] pins
RUN-1001 : 6 nets have [11 - 20] pins
RUN-1001 : 3 nets have [21 - 99] pins
RUN-1001 : 1 nets have 100+ pins
PHY-3001 : design contains 164 instances, 130 slices, 5 macros(40 instances: 20 mslices 20 lslices)
PHY-3001 : Cell area utilization is 1%
PHY-3001 : After packing: Len = 6674, Over = 5.25
PHY-3001 : Run with size of 2
PHY-3001 : Cell area utilization is 1%
PHY-3001 : Update timing in Manhattan mode ...
RUN-1002 : start command "start_timer -report"
TMR-2505 : Start building timing graph for model responder.
TMR-2506 : Build timing graph completely. Port num: 10, tpin num: 1271, tnet num: 394, tinst num: 164, tnode num: 1596, tedge num: 2153.
TMR-2508 : Levelizing timing graph completed, there are 23 levels in total.
TMR-2501 : Timing graph initialized successfully.
TMR-2503 : Start to update net delay, extr mode = 3.
TMR-2504 : Update delay of 394 nets completely.
TMR-2502 : Annotate delay completely, extr mode = 3.
TMR-3001 : Initiate 0 clocks from SDC.
TMR-3004 : Map sdc constraints, there are 0 constraints in total.
TMR-3003 : Constraints initiated successfully.
TMR-3501 : Forward propagation: start to calculate arrival time...
TMR-3502 : Backward propagation: start to calculate required time...
TMR-3503 : Timing propagation completes.
PHY-3001 : End timing update;  0.122432s wall, 0.093750s user + 0.000000s system = 0.093750s CPU (76.6%)

PHY-3001 : :::0::: Try harder cell spreading with beta_ = 0
PHY-3002 : Step(39): len = 6337.9, overlap = 6
PHY-3002 : Step(40): len = 6395.9, overlap = 6.25
PHY-3002 : Step(41): len = 6359.9, overlap = 6.5
PHY-3002 : Step(42): len = 6203.6, overlap = 6.75
PHY-3002 : Step(43): len = 6185.9, overlap = 6.25
PHY-3002 : Step(44): len = 6161.2, overlap = 6.25
PHY-3002 : Step(45): len = 6072.7, overlap = 5.75
PHY-3002 : Step(46): len = 6052.4, overlap = 6
PHY-3002 : Step(47): len = 5791.3, overlap = 6.5
PHY-3002 : Step(48): len = 5830.5, overlap = 6.25
PHY-3002 : Step(49): len = 5764, overlap = 6
PHY-3002 : Step(50): len = 5534.5, overlap = 6.5
PHY-3002 : Step(51): len = 5620, overlap = 4.5
PHY-3002 : Step(52): len = 5662.6, overlap = 4.75
PHY-3002 : Step(53): len = 5491.1, overlap = 5.5
PHY-3002 : Step(54): len = 5514, overlap = 5.25
PHY-3002 : Step(55): len = 5515.2, overlap = 5.75
PHY-3002 : Step(56): len = 5492.6, overlap = 5.75
PHY-3002 : Step(57): len = 5332.2, overlap = 5
PHY-3002 : Step(58): len = 5404.6, overlap = 4.5
PHY-3002 : Step(59): len = 5452.5, overlap = 5.5
PHY-3001 : :::1::: Try harder cell spreading with beta_ = 0.00307708
PHY-3002 : Step(60): len = 5375, overlap = 5.25
PHY-3002 : Step(61): len = 5249.5, overlap = 5.25
PHY-3002 : Step(62): len = 5267, overlap = 4.75
PHY-3001 : Legalization ...
PHY-3001 : End legalization;  0.045103s wall, 0.000000s user + 0.000000s system = 0.000000s CPU (n/a%)

PHY-3001 : Trial Legalized: Len = 8844.2
PHY-3001 : Run with size of 2
PHY-3001 : Cell area utilization is 1%
PHY-3001 : Update timing in Manhattan mode ...
TMR-2503 : Start to update net delay, extr mode = 3.
TMR-2504 : Update delay of 394 nets completely.
TMR-2502 : Annotate delay completely, extr mode = 3.
TMR-3501 : Forward propagation: start to calculate arrival time...
TMR-3502 : Backward propagation: start to calculate required time...
TMR-3503 : Timing propagation completes.
PHY-3001 : End timing update;  0.004011s wall, 0.000000s user + 0.000000s system = 0.000000s CPU (n/a%)

PHY-3001 : :::0::: Try harder cell spreading with beta_ = 0.0226439
PHY-3002 : Step(63): len = 7177.6, overlap = 0.75
PHY-3002 : Step(64): len = 6008, overlap = 3.5
PHY-3002 : Step(65): len = 5736.3, overlap = 4.25
PHY-3002 : Step(66): len = 5466.8, overlap = 5
PHY-3002 : Step(67): len = 5501, overlap = 5
PHY-3002 : Step(68): len = 5501, overlap = 5
PHY-3001 : Legalization ...
PHY-3001 : End legalization;  0.003867s wall, 0.000000s user + 0.000000s system = 0.000000s CPU (n/a%)

PHY-3001 : Legalized: Len = 7339.3, Over = 0
PHY-3001 : End spreading;  0.001998s wall, 0.000000s user + 0.000000s system = 0.000000s CPU (n/a%)

PHY-3001 : Final: Len = 7339.3, Over = 0
OPT-1001 : Start physical optimization ...
RUN-1002 : start command "start_timer -report"
TMR-2505 : Start building timing graph for model responder.
TMR-2506 : Build timing graph completely. Port num: 10, tpin num: 1271, tnet num: 394, tinst num: 164, tnode num: 1596, tedge num: 2153.
TMR-2508 : Levelizing timing graph completed, there are 23 levels in total.
TMR-2501 : Timing graph initialized successfully.
OPT-1001 : Total overflow 0.00 peak overflow 0.00
OPT-1001 : Start high-fanout net optimization ...
OPT-1001 : Update timing in global mode
PHY-1001 : Start incremental global routing, caller is place ...
RUN-1001 : Generating global routing grids ...
PHY-1001 : Generate routing nets ...
PHY-1001 : Reuse net number 3/396.
PHY-1001 : Global iterations in 16 thread ...
PHY-1002 : len = 7704, over cnt = 21(0%), over = 40, worst = 5
PHY-1002 : len = 8064, over cnt = 11(0%), over = 12, worst = 2
PHY-1002 : len = 8216, over cnt = 2(0%), over = 2, worst = 1
PHY-1002 : len = 8248, over cnt = 0(0%), over = 0, worst = 0
PHY-1001 : End global iterations;  0.035037s wall, 0.000000s user + 0.000000s system = 0.000000s CPU (n/a%)

PHY-1001 : Congestion index: top1 = 14.01, top5 = 5.53, top10 = 2.93, top15 = 1.96.
PHY-1001 : End incremental global routing;  0.088537s wall, 0.015625s user + 0.000000s system = 0.015625s CPU (17.6%)

TMR-2503 : Start to update net delay, extr mode = 5.
TMR-2504 : Update delay of 394 nets completely.
TMR-2502 : Annotate delay completely, extr mode = 5.
TMR-3001 : Initiate 0 clocks from SDC.
TMR-3004 : Map sdc constraints, there are 0 constraints in total.
TMR-3003 : Constraints initiated successfully.
TMR-3501 : Forward propagation: start to calculate arrival time...
TMR-3502 : Backward propagation: start to calculate required time...
TMR-3503 : Timing propagation completes.
OPT-1001 : End timing update;  0.005165s wall, 0.000000s user + 0.000000s system = 0.000000s CPU (n/a%)

OPT-1001 : 0 high-fanout net processed.
OPT-1001 : End high-fanout net optimization;  0.096799s wall, 0.015625s user + 0.000000s system = 0.015625s CPU (16.1%)

OPT-1001 : Current memory(MB): used = 141, reserve = 115, peak = 143.
OPT-1001 : Start path based optimization ...
OPT-1001 : Start congestion update ...
RUN-1001 : Generating global routing grids ...
PHY-1001 : Generate routing nets ...
PHY-1001 : Reuse net number 284/396.
PHY-1001 : Global iterations in 16 thread ...
PHY-1002 : len = 8248, over cnt = 0(0%), over = 0, worst = 0
PHY-1001 : End global iterations;  0.001202s wall, 0.000000s user + 0.000000s system = 0.000000s CPU (n/a%)

PHY-1001 : Congestion index: top1 = 14.01, top5 = 5.53, top10 = 2.93, top15 = 1.96.
OPT-1001 : End congestion update;  0.047793s wall, 0.046875s user + 0.000000s system = 0.046875s CPU (98.1%)

OPT-1001 : Update timing in Manhattan mode
TMR-2503 : Start to update net delay, extr mode = 3.
TMR-2504 : Update delay of 394 nets completely.
TMR-2502 : Annotate delay completely, extr mode = 3.
TMR-3501 : Forward propagation: start to calculate arrival time...
TMR-3502 : Backward propagation: start to calculate required time...
TMR-3503 : Timing propagation completes.
OPT-1001 : End timing update;  0.003955s wall, 0.000000s user + 0.000000s system = 0.000000s CPU (n/a%)

OPT-0007 : Start: WNS 2147483647 TNS 0 NUM_FEPS 0
OPT-1001 : End path based optimization;  0.051862s wall, 0.046875s user + 0.000000s system = 0.046875s CPU (90.4%)

OPT-1001 : Current memory(MB): used = 142, reserve = 115, peak = 143.
OPT-1001 : Update timing in Manhattan mode
TMR-2503 : Start to update net delay, extr mode = 3.
TMR-2504 : Update delay of 394 nets completely.
TMR-2502 : Annotate delay completely, extr mode = 3.
TMR-3501 : Forward propagation: start to calculate arrival time...
TMR-3502 : Backward propagation: start to calculate required time...
TMR-3503 : Timing propagation completes.
OPT-1001 : End timing update;  0.002831s wall, 0.000000s user + 0.000000s system = 0.000000s CPU (n/a%)

OPT-1001 : Start pin optimization...
OPT-1001 : skip pin optimization...
OPT-1001 : Update timing in global mode
PHY-1001 : Start incremental global routing, caller is place ...
RUN-1001 : Generating global routing grids ...
PHY-1001 : Generate routing nets ...
PHY-1001 : Reuse net number 284/396.
PHY-1001 : Global iterations in 16 thread ...
PHY-1002 : len = 8248, over cnt = 0(0%), over = 0, worst = 0
PHY-1001 : End global iterations;  0.001997s wall, 0.000000s user + 0.000000s system = 0.000000s CPU (n/a%)

PHY-1001 : Congestion index: top1 = 14.01, top5 = 5.53, top10 = 2.93, top15 = 1.96.
PHY-1001 : End incremental global routing;  0.050597s wall, 0.109375s user + 0.000000s system = 0.109375s CPU (216.2%)

TMR-2503 : Start to update net delay, extr mode = 5.
TMR-2504 : Update delay of 394 nets completely.
TMR-2502 : Annotate delay completely, extr mode = 5.
TMR-3501 : Forward propagation: start to calculate arrival time...
TMR-3502 : Backward propagation: start to calculate required time...
TMR-3503 : Timing propagation completes.
OPT-1001 : End timing update;  0.006190s wall, 0.000000s user + 0.000000s system = 0.000000s CPU (n/a%)

RUN-1001 : Generating global routing grids ...
PHY-1001 : Generate routing nets ...
PHY-1001 : Reuse net number 284/396.
PHY-1001 : Global iterations in 16 thread ...
PHY-1002 : len = 8248, over cnt = 0(0%), over = 0, worst = 0
PHY-1001 : End global iterations;  0.002882s wall, 0.000000s user + 0.000000s system = 0.000000s CPU (n/a%)

PHY-1001 : Congestion index: top1 = 14.01, top5 = 5.53, top10 = 2.93, top15 = 1.96.
OPT-1001 : Update timing in Manhattan mode
TMR-2503 : Start to update net delay, extr mode = 3.
TMR-2504 : Update delay of 394 nets completely.
TMR-2502 : Annotate delay completely, extr mode = 3.
TMR-3501 : Forward propagation: start to calculate arrival time...
TMR-3502 : Backward propagation: start to calculate required time...
TMR-3503 : Timing propagation completes.
OPT-1001 : End timing update;  0.004980s wall, 0.000000s user + 0.000000s system = 0.000000s CPU (n/a%)

RUN-1001 : QoR Analysis:
OPT-0007 :   WNS 2147483647 TNS 0 NUM_FEPS 0
RUN-1001 :   No local congestion issue, and most congested 1% tile average routing util is 13.586207
RUN-1001 :   Top critical paths
OPT-1001 : End physical optimization;  0.397139s wall, 0.343750s user + 0.000000s system = 0.343750s CPU (86.6%)

RUN-1003 : finish command "place" in  1.959570s wall, 0.890625s user + 0.046875s system = 0.937500s CPU (47.8%)

RUN-1004 : used memory is 128 MB, reserved memory is 101 MB, peak memory is 143 MB
RUN-1002 : start command "export_db responder_place.db"
RUN-1001 : Exported /
RUN-1001 : Exported flow parameters
RUN-1001 : Exported libs
RUN-1001 : Exported entities
RUN-1001 : Exported ports
RUN-1001 : Exported pins
RUN-1001 : Exported instances
RUN-1001 : Exported nets
RUN-1001 : Exported buses
RUN-1001 : Exported models
RUN-1001 : Exported congestions
RUN-1001 : Exported violations
RUN-1001 : Exported timing constraints
RUN-1001 : Exported IO constraints
RUN-1001 : Exported Inst constraints
RUN-1002 : start command "route"
RUN-1001 : Open license file C:/Anlogic/TD5.6.56362/license/Anlogic.lic
RUN-1001 : Print Global Property
RUN-1001 : ---------------------------------------------------------------
RUN-1001 :        Parameters        |  Settings  |  Default Values  |  Note  
RUN-1001 : ---------------------------------------------------------------
RUN-1001 :          message         |  standard  |     standard     |        
RUN-1001 :   mixed_pack_place_flow  |     on     |        on        |        
RUN-1001 :        syn_ip_flow       |    off     |       off        |        
RUN-1001 :          thread          |    auto    |       auto       |        
RUN-1001 : ---------------------------------------------------------------
RUN-1001 : Print Route Property
RUN-1001 : -------------------------------------------------------
RUN-1001 :    Parameters    |  Settings  |  Default Values  |  Note  
RUN-1001 : -------------------------------------------------------
RUN-1001 :      effort      |   medium   |      medium      |        
RUN-1001 :     fix_hold     |    off     |       off        |        
RUN-1001 :    opt_timing    |   medium   |      medium      |        
RUN-1001 :   phy_sim_model  |    off     |       off        |        
RUN-1001 :     priority     |   timing   |      timing      |        
RUN-1001 :     swap_pin     |     on     |        on        |        
RUN-1001 : -------------------------------------------------------
PHY-1001 : Route runs in 16 thread(s)
RUN-1001 : There are total 166 instances
RUN-1001 : 65 mslices, 65 lslices, 29 pads, 0 brams, 0 dsps
RUN-1001 : There are total 396 nets
RUN-1001 : 218 nets have 2 pins
RUN-1001 : 149 nets have [3 - 5] pins
RUN-1001 : 19 nets have [6 - 10] pins
RUN-1001 : 6 nets have [11 - 20] pins
RUN-1001 : 3 nets have [21 - 99] pins
RUN-1001 : 1 nets have 100+ pins
RUN-1002 : start command "start_timer -report"
TMR-2505 : Start building timing graph for model responder.
TMR-2506 : Build timing graph completely. Port num: 10, tpin num: 1271, tnet num: 394, tinst num: 164, tnode num: 1596, tedge num: 2153.
TMR-2508 : Levelizing timing graph completed, there are 23 levels in total.
TMR-2501 : Timing graph initialized successfully.
PHY-1001 : 65 mslices, 65 lslices, 29 pads, 0 brams, 0 dsps
TMR-2503 : Start to update net delay, extr mode = 3.
TMR-2504 : Update delay of 394 nets completely.
TMR-2502 : Annotate delay completely, extr mode = 3.
TMR-3001 : Initiate 0 clocks from SDC.
TMR-3004 : Map sdc constraints, there are 0 constraints in total.
TMR-3003 : Constraints initiated successfully.
TMR-3501 : Forward propagation: start to calculate arrival time...
TMR-3502 : Backward propagation: start to calculate required time...
TMR-3503 : Timing propagation completes.
PHY-1001 : Start global routing, caller is route ...
RUN-1001 : Generating global routing grids ...
PHY-1001 : Generate routing nets ...
PHY-1001 : Global iterations in 16 thread ...
PHY-1002 : len = 7704, over cnt = 22(0%), over = 40, worst = 4
PHY-1002 : len = 8048, over cnt = 13(0%), over = 14, worst = 2
PHY-1002 : len = 8208, over cnt = 3(0%), over = 3, worst = 1
PHY-1002 : len = 8248, over cnt = 0(0%), over = 0, worst = 0
PHY-1001 : End global iterations;  0.029994s wall, 0.000000s user + 0.000000s system = 0.000000s CPU (n/a%)

PHY-1001 : Congestion index: top1 = 14.09, top5 = 5.53, top10 = 2.91, top15 = 1.94.
PHY-1001 : End global routing;  0.073560s wall, 0.031250s user + 0.000000s system = 0.031250s CPU (42.5%)

PHY-1001 : Start detail routing ...
PHY-1001 : Current memory(MB): used = 163, reserve = 137, peak = 177.
PHY-1001 : Detailed router is running in normal mode.
PHY-1001 : Generate detailed routing grids ...
PHY-1001 : Generate nets ...
PHY-1001 : net CLK_dup_1 will be routed on clock mesh
PHY-1001 : clock net U2/CLK1_syn_4 will be merged with clock U2/CLK1
PHY-1001 : clock net U4/W_Digitron_Out_n_syn_11 will be merged with clock U4/W_Digitron_Out_n
PHY-1001 : clock net U4/W_DigitronCS_Out_n_syn_3 will be merged with clock U4/W_DigitronCS_Out_n
PHY-1001 : clock net U4/SingleNum_b_n4_syn_10 will be merged with clock U4/SingleNum_b_n4
PHY-1001 : Current memory(MB): used = 430, reserve = 409, peak = 430.
PHY-1001 : End build detailed router design. 2.901424s wall, 2.609375s user + 0.046875s system = 2.656250s CPU (91.5%)

PHY-1001 : Detail Route ...
PHY-1001 : ===== Detail Route Phase 1 =====
PHY-1001 : Clock net routing.....
PHY-1001 : Routed 1% nets.
PHY-1022 : len = 10544, over cnt = 0(0%), over = 0, worst = 0, crit = 0
PHY-1001 : End initial clock net routed; 1.332029s wall, 1.328125s user + 0.000000s system = 1.328125s CPU (99.7%)

PHY-1001 : Current memory(MB): used = 460, reserve = 440, peak = 460.
PHY-1001 : End phase 1; 1.337340s wall, 1.328125s user + 0.000000s system = 1.328125s CPU (99.3%)

PHY-1001 : ===== Detail Route Phase 2 =====
PHY-1001 : Initial routing.....
PHY-1001 : Routed 36% nets.
PHY-1001 : Routed 51% nets.
PHY-1001 : Routed 57% nets.
PHY-1001 : Routed 57% nets.
PHY-1001 : Patch 98 net; 0.102044s wall, 0.078125s user + 0.000000s system = 0.078125s CPU (76.6%)

PHY-1022 : len = 23112, over cnt = 10(0%), over = 10, worst = 1, crit = 0
PHY-1001 : Current memory(MB): used = 460, reserve = 440, peak = 460.
PHY-1001 : End initial routed; 0.141965s wall, 0.093750s user + 0.000000s system = 0.093750s CPU (66.0%)

PHY-1001 : Update timing.....
PHY-1001 : 0/330(0%) critical/total net(s).
RUN-1001 : ------------------------------------------
RUN-1001 :   Type   |    WNS(ns)    |  TNS(ns)  |  FEP  
RUN-1001 : ------------------------------------------
RUN-1001 :   Setup  |  2147483.647  |   0.000   |   0   
RUN-1001 :   Hold   |  2147483.647  |   0.000   |   0   
RUN-1001 : ------------------------------------------
PHY-1001 : End update timing; 0.131749s wall, 0.125000s user + 0.015625s system = 0.140625s CPU (106.7%)

PHY-1001 : Current memory(MB): used = 461, reserve = 440, peak = 461.
PHY-1001 : End phase 2; 0.273830s wall, 0.218750s user + 0.015625s system = 0.234375s CPU (85.6%)

PHY-1001 : ===== Detail Route Phase 3 =====
PHY-1001 : Optimize timing.....
PHY-1022 : len = 23112, over cnt = 10(0%), over = 10, worst = 1, crit = 0
PHY-1001 : End optimize timing; 0.003880s wall, 0.000000s user + 0.000000s system = 0.000000s CPU (n/a%)

PHY-1001 : Ripup-reroute.....
PHY-1001 : ===== DR Iter 1 =====
PHY-1022 : len = 23160, over cnt = 0(0%), over = 0, worst = 0, crit = 0
PHY-1001 : End DR Iter 1; 0.010832s wall, 0.000000s user + 0.000000s system = 0.000000s CPU (n/a%)

PHY-1001 : Update timing.....
PHY-1001 : 0/330(0%) critical/total net(s).
RUN-1001 : ------------------------------------------
RUN-1001 :   Type   |    WNS(ns)    |  TNS(ns)  |  FEP  
RUN-1001 : ------------------------------------------
RUN-1001 :   Setup  |  2147483.647  |   0.000   |   0   
RUN-1001 :   Hold   |  2147483.647  |   0.000   |   0   
RUN-1001 : ------------------------------------------
PHY-1001 : End update timing; 0.126761s wall, 0.140625s user + 0.000000s system = 0.140625s CPU (110.9%)

PHY-1001 : Commit to database.....
PHY-1001 : 2 feed throughs used by 2 nets
PHY-1001 : End commit to database; 0.025658s wall, 0.015625s user + 0.000000s system = 0.015625s CPU (60.9%)

PHY-1001 : Current memory(MB): used = 471, reserve = 449, peak = 471.
PHY-1001 : End phase 3; 0.249938s wall, 0.234375s user + 0.000000s system = 0.234375s CPU (93.8%)

PHY-1003 : Routed, final wirelength = 23160
PHY-1001 : Current memory(MB): used = 471, reserve = 450, peak = 471.
PHY-1001 : End export database. 0.005832s wall, 0.015625s user + 0.000000s system = 0.015625s CPU (267.9%)

PHY-1001 : End detail routing;  4.937619s wall, 4.578125s user + 0.062500s system = 4.640625s CPU (94.0%)

RUN-1003 : finish command "route" in  5.196326s wall, 4.750000s user + 0.062500s system = 4.812500s CPU (92.6%)

RUN-1004 : used memory is 426 MB, reserved memory is 405 MB, peak memory is 471 MB
RUN-1002 : start command "report_area -io_info -file responder_phy.area"
RUN-1001 : standard
***Report Model: responder Device: EG4S20BG256***

IO Statistics
#IO                        29
  #input                    7
  #output                  22
  #inout                    0

Utilization Statistics
#lut                      217   out of  19600    1.11%
#reg                      156   out of  19600    0.80%
#le                       240
  #lut only                84   out of    240   35.00%
  #reg only                23   out of    240    9.58%
  #lut&reg                133   out of    240   55.42%
#dsp                        0   out of     29    0.00%
#bram                       0   out of     64    0.00%
  #bram9k                   0
  #fifo9k                   0
#bram32k                    0   out of     16    0.00%
#pad                       29   out of    188   15.43%
  #ireg                     0
  #oreg                     0
  #treg                     0
#pll                        0   out of      4    0.00%
#gclk                       5   out of     16   31.25%

Clock Resource Statistics
Index     ClockNet                 Type               DriverType         Driver                           Fanout
#1        CLK_dup_1                GCLK               io                 CLK_syn_2.di                     83
#2        U2/CLK1                  GCLK               lslice             U2/CLK1_reg_syn_32.q0            5
#3        U4/W_Digitron_Out_n      GCLK               lslice             U4/W_Digitron_Out_n_syn_28.f1    4
#4        U4/SingleNum_b_n4        GCLK               lslice             U4/W_Digitron_Out_n_syn_31.f0    3
#5        U4/W_DigitronCS_Out_n    GCLK               mslice             U4/reg2_syn_26.f0                2


Detailed IO Report

        Name           Direction    Location    IOStandard    DriveStrength    PullType    PackReg  
         CLK             INPUT         R7        LVCMOS33          N/A          PULLUP      NONE    
      Key_In[3]          INPUT        F10        LVCMOS33          N/A          PULLUP      NONE    
      Key_In[2]          INPUT        C11        LVCMOS33          N/A          PULLUP      NONE    
      Key_In[1]          INPUT        D11        LVCMOS33          N/A          PULLUP      NONE    
      Key_In[0]          INPUT        E11        LVCMOS33          N/A          PULLUP      NONE    
        RSTn             INPUT         A9        LVCMOS33          N/A          PULLUP      NONE    
        Start            INPUT        A10        LVCMOS33          N/A          PULLUP      NONE    
     Buzzer_Out         OUTPUT        H11        LVCMOS33           8            NONE       NONE    
  DigitronCS_Out[3]     OUTPUT         A3        LVCMOS33           8            NONE       NONE    
  DigitronCS_Out[2]     OUTPUT         A5        LVCMOS33           8            NONE       NONE    
  DigitronCS_Out[1]     OUTPUT         B6        LVCMOS33           8            NONE       NONE    
  DigitronCS_Out[0]     OUTPUT         C9        LVCMOS33           8            NONE       NONE    
   Digitron_Out[7]      OUTPUT         C8        LVCMOS33           8            NONE       NONE    
   Digitron_Out[6]      OUTPUT         A8        LVCMOS33           8            NONE       NONE    
   Digitron_Out[5]      OUTPUT         B5        LVCMOS33           8            NONE       NONE    
   Digitron_Out[4]      OUTPUT         A7        LVCMOS33           8            NONE       NONE    
   Digitron_Out[3]      OUTPUT         E8        LVCMOS33           8            NONE       NONE    
   Digitron_Out[2]      OUTPUT         B8        LVCMOS33           8            NONE       NONE    
   Digitron_Out[1]      OUTPUT         A6        LVCMOS33           8            NONE       NONE    
   Digitron_Out[0]      OUTPUT         A4        LVCMOS33           8            NONE       NONE    
     Key_Row[3]         OUTPUT        E10        LVCMOS33           8            NONE       NONE    
     Key_Row[2]         OUTPUT        C10        LVCMOS33           8            NONE       NONE    
     Key_Row[1]         OUTPUT         F9        LVCMOS33           8            NONE       NONE    
     Key_Row[0]         OUTPUT         D9        LVCMOS33           8            NONE       NONE    
     LED_Out[3]         OUTPUT        C15        LVCMOS33           8            NONE       NONE    
     LED_Out[2]         OUTPUT        B16        LVCMOS33           8            NONE       NONE    
     LED_Out[1]         OUTPUT        B15        LVCMOS33           8            NONE       NONE    
     LED_Out[0]         OUTPUT        B14        LVCMOS33           8            NONE       NONE    
  LED_OverTime_Out      OUTPUT        F16        LVCMOS33           8            NONE       NONE    

Report Hierarchy Area:
+-----------------------------------------------------------------------------------+
|Instance |Module              |le     |lut     |ripple  |seq     |bram    |dsp     |
+-----------------------------------------------------------------------------------+
|top      |responder           |240    |177     |40      |156     |0       |0       |
|  U1     |Sel_module          |56     |45      |7       |33      |0       |0       |
|  U2     |Timer_module        |50     |40      |7       |33      |0       |0       |
|  U3     |Buzzer_module       |40     |24      |6       |29      |0       |0       |
|  U4     |Digitron_NumDisplay |56     |47      |9       |33      |0       |0       |
|  U5     |key_filter          |38     |21      |11      |28      |0       |0       |
+-----------------------------------------------------------------------------------+


DataNet Average Fanout:

   Index     Fanout    Nets  
    #1         1       189   
    #2         2       111   
    #3         3        28   
    #4         4        7    
    #5        5-10      19   
    #6       11-50      6    
  Average     2.09           

RUN-1002 : start command "export_db responder_pr.db"
RUN-1001 : Exported /
RUN-1001 : Exported flow parameters
RUN-1001 : Exported libs
RUN-1001 : Exported entities
RUN-1001 : Exported ports
RUN-1001 : Exported pins
RUN-1001 : Exported instances
RUN-1001 : Exported nets
RUN-1001 : Exported buses
RUN-1001 : Exported models
RUN-1001 : Exported congestions
RUN-1001 : Exported violations
RUN-1001 : Exported timing constraints
RUN-1001 : Exported IO constraints
RUN-1001 : Exported Inst constraints
RUN-1002 : start command "export_bid responder_inst.bid"
RUN-1002 : start command "bitgen -bit responder.bit -unused_io_status pulldown"
BIT-1003 : Start to generate bitstream. 
BIT-1002 : Bitgen processed 159 unused pads, reserve input tri_state with pulldown
BIT-1002 : Init instances with 16 threads.
BIT-1002 : Init instances completely, inst num: 323
BIT-1002 : Init pips with 16 threads.
BIT-1002 : Init pips completely, net num: 396, pip num: 2340
BIT-1002 : Init feedthrough completely, num: 2
BIT-1003 : Multithreading accelaration with 16 threads.
BIT-1003 : Generate bitstream completely, there are 564 valid insts, and 7622 bits set as '1'.
BIT-1004 : PLL setting string = 0000
BIT-1004 : Generate bits file responder.bit.
RUN-1002 : start command "backup_run_log run.log ../.logs/phy_1/td_20231128_141123.log"
