============================================================
   Tang Dynasty, V5.6.71036
      Copyright (c) 2012-2023 Anlogic Inc.
   Executable = E:/TangDanasty/bin/td.exe
   Built at =   20:34:38 Mar 21 2023
   Run by =     Lenovo
   Run Date =   Mon Aug 26 20:29:06 2024

   Run on =     LAPTOP-94TMECPO
============================================================
RUN-1002 : start command "open_project responder.prj"
RUN-1001 : Print Global Property
RUN-1001 : ---------------------------------------------------------------
RUN-1001 :        Parameters        |  Settings  |  Default Values  |  Note  
RUN-1001 : ---------------------------------------------------------------
RUN-1001 :          message         |  standard  |     standard     |        
RUN-1001 :   mixed_pack_place_flow  |     on     |        on        |        
RUN-1001 :        qor_monitor       |    off     |       off        |        
RUN-1001 :        syn_ip_flow       |    off     |       off        |        
RUN-1001 :          thread          |    auto    |       auto       |        
RUN-1001 : ---------------------------------------------------------------
RUN-1001 : Print Design Property
RUN-1001 : --------------------------------------------------------------
RUN-1001 :        Parameters       |  Settings  |  Default Values  |  Note  
RUN-1001 : --------------------------------------------------------------
RUN-1001 :   default_reg_initial   |    auto    |       auto       |        
RUN-1001 :        infer_add        |     on     |        on        |        
RUN-1001 :        infer_fsm        |    off     |       off        |        
RUN-1001 :        infer_mult       |     on     |        on        |        
RUN-1001 :        infer_ram        |     on     |        on        |        
RUN-1001 :        infer_reg        |     on     |        on        |        
RUN-1001 :   infer_reg_init_value  |     on     |        on        |        
RUN-1001 :        infer_rom        |     on     |        on        |        
RUN-1001 :      infer_shifter      |     on     |        on        |        
RUN-1001 : --------------------------------------------------------------
RUN-1001 : Print Rtl Property
RUN-1001 : --------------------------------------------------------------
RUN-1001 :        Parameters       |  Settings  |  Default Values  |  Note  
RUN-1001 : --------------------------------------------------------------
RUN-1001 :       compress_add      |   ripple   |      ripple      |        
RUN-1001 :        elf_sload        |    off     |       off        |        
RUN-1001 :       fix_undriven      |     0      |        0         |        
RUN-1001 :         flatten         |    off     |       off        |        
RUN-1001 :       gate_sharing      |     on     |        on        |        
RUN-1001 :    hdl_warning_level    |   normal   |      normal      |        
RUN-1001 :   impl_internal_tribuf  |     on     |        on        |        
RUN-1001 :      impl_set_reset     |     on     |        on        |        
RUN-1001 :        infer_gsr        |    off     |       off        |        
RUN-1001 :      keep_hierarchy     |    auto    |       auto       |        
RUN-1001 :        max_fanout       |    9999    |       9999       |        
RUN-1001 :      max_oh2bin_len     |     10     |        10        |        
RUN-1001 :       merge_equal       |     on     |        on        |        
RUN-1001 :       merge_equiv       |     on     |        on        |        
RUN-1001 :        merge_mux        |    off     |       off        |        
RUN-1001 :     min_control_set     |     8      |        8         |        
RUN-1001 :      min_ripple_len     |    auto    |       auto       |        
RUN-1001 :       oh2bin_ratio      |    0.08    |       0.08       |        
RUN-1001 :     opt_adder_fanout    |     on     |        on        |        
RUN-1001 :        opt_arith        |     on     |        on        |        
RUN-1001 :       opt_big_gate      |    off     |       off        |        
RUN-1001 :        opt_const        |     on     |        on        |        
RUN-1001 :      opt_const_mult     |     on     |        on        |        
RUN-1001 :       opt_lessthan      |     on     |        on        |        
RUN-1001 :         opt_mux         |    off     |       off        |        
RUN-1001 :         opt_ram         |    high    |       high       |        
RUN-1001 :      rtl_sim_model      |    off     |       off        |        
RUN-1001 :         seq_syn         |     on     |        on        |        
RUN-1001 : --------------------------------------------------------------
HDL-1007 : analyze verilog file ../../responder.v
HDL-1007 : analyze verilog file ../../Sel_module.v
HDL-1007 : analyze verilog file ../../Timer_module.v
HDL-1007 : analyze verilog file ../../Buzzer_module.v
HDL-1007 : analyze verilog file ../../Digitron_NumDisplay.v
HDL-1007 : analyze verilog file ../../key_filter.v
RUN-1001 : Project manager successfully analyzed 6 source files.
RUN-1002 : start command "import_device eagle_s20.db -package EG4S20BG256"
ARC-1001 : Device Initialization.
ARC-1001 : ------------------------------------------------------------------
ARC-1001 :            OPTION            |          IO          |   SETTING   
ARC-1001 : ------------------------------------------------------------------
ARC-1001 :   cso_b/cclk/mosi/miso/dout  |  T3/R11/T10/P10/S11  |    gpio    
ARC-1001 :             done             |         P13          |    gpio    
ARC-1001 :           program_b          |          T2          |  dedicate  
ARC-1001 :        tdi/tms/tck/tdo       |   C12/A15/C14/E14    |  dedicate  
ARC-1001 : ------------------------------------------------------------------
ARC-1004 : Device setting, marked 5 dedicate IOs in total.
RUN-1002 : start command "import_db ../syn_1/responder_gate.db"
RUN-1001 : Importing database generated by Tang Dynasty, V5.6.71036.
RUN-1001 : Database version number 46146.
RUN-1001 : Import flow parameters
RUN-1001 : Import IO constraints
RUN-1001 : Import Inst constraints
RUN-1001 : Import design success TD_VERSION=5.6.71036 , DB_VERSION=46146
RUN-1002 : start command "place"
RUN-1001 : Open license file E:/TangDanasty/license/Anlogic.lic
RUN-1001 : Print Global Property
RUN-1001 : ---------------------------------------------------------------
RUN-1001 :        Parameters        |  Settings  |  Default Values  |  Note  
RUN-1001 : ---------------------------------------------------------------
RUN-1001 :          message         |  standard  |     standard     |        
RUN-1001 :   mixed_pack_place_flow  |     on     |        on        |        
RUN-1001 :        qor_monitor       |    off     |       off        |        
RUN-1001 :        syn_ip_flow       |    off     |       off        |        
RUN-1001 :          thread          |    auto    |       auto       |        
RUN-1001 : ---------------------------------------------------------------
RUN-1001 : Print Place Property
RUN-1001 : --------------------------------------------------------------
RUN-1001 :        Parameters       |  Settings  |  Default Values  |  Note  
RUN-1001 : --------------------------------------------------------------
RUN-1001 :      detailed_place     |     on     |        on        |        
RUN-1001 :          effort         |   medium   |      medium      |        
RUN-1001 :         fix_hold        |    off     |       off        |        
RUN-1001 :       legalization      |    ori     |       ori        |        
RUN-1001 :      new_spreading      |     on     |        on        |        
RUN-1001 :        opt_timing       |   medium   |      medium      |        
RUN-1001 :   post_clock_route_opt  |    off     |       off        |        
RUN-1001 :       pr_strategy       |     1      |        1         |        
RUN-1001 :        relaxation       |    1.00    |       1.00       |        
RUN-1001 :         retiming        |    off     |       off        |        
RUN-1001 : --------------------------------------------------------------
PHY-3001 : Placer runs in 20 thread(s).
RUN-1002 : start command "legalize_phy_inst"
SYN-1011 : Flatten model responder
RUN-1002 : start command "phys_opt -simplify_lut"
SYN-4024 : Net "CLK_dup_1" drives clk pins.
SYN-4024 : Net "U4/W_Digitron_Out_n" drives clk pins.
SYN-4024 : Net "U4/W_DigitronCS_Out_n" drives clk pins.
SYN-4024 : Net "U2/CLK1" drives clk pins.
SYN-4024 : Net "U4/SingleNum_b_n4" drives clk pins.
SYN-4025 : Tag rtl::Net CLK_dup_1 as clock net
SYN-4025 : Tag rtl::Net U2/CLK1 as clock net
SYN-4025 : Tag rtl::Net U4/SingleNum_b_n4 as clock net
SYN-4025 : Tag rtl::Net U4/W_DigitronCS_Out_n as clock net
SYN-4025 : Tag rtl::Net U4/W_Digitron_Out_n as clock net
SYN-4026 : Tagged 5 rtl::Net as clock net
SYN-4015 : Create BUFG instance for clk Net U4/W_DigitronCS_Out_n to drive 8 clock pins.
SYN-4015 : Create BUFG instance for clk Net U4/W_Digitron_Out_n to drive 7 clock pins.
SYN-4015 : Create BUFG instance for clk Net U2/CLK1 to drive 4 clock pins.
SYN-4015 : Create BUFG instance for clk Net U4/SingleNum_b_n4 to drive 4 clock pins.
PHY-1001 : Populate physical database on model responder.
RUN-1001 : There are total 239 instances
RUN-0007 : 99 luts, 82 seqs, 9 mslices, 13 lslices, 29 pads, 0 brams, 0 dsps
RUN-1001 : There are total 302 nets
RUN-1001 : 171 nets have 2 pins
RUN-1001 : 98 nets have [3 - 5] pins
RUN-1001 : 23 nets have [6 - 10] pins
RUN-1001 : 7 nets have [11 - 20] pins
RUN-1001 : 3 nets have [21 - 99] pins
RUN-1001 : Report Control nets information:
RUN-1001 : DFF Distribution
RUN-1001 : ----------------------------------
RUN-1001 :   CE   |  SSR  |  ASR  |  DFF Count  
RUN-1001 : ----------------------------------
RUN-1001 :   No   |  No   |  No   |     36      
RUN-1001 :   No   |  No   |  Yes  |     38      
RUN-1001 :   No   |  Yes  |  No   |      8      
RUN-1001 :   Yes  |  No   |  No   |      0      
RUN-1001 :   Yes  |  No   |  Yes  |      0      
RUN-1001 :   Yes  |  Yes  |  No   |      0      
RUN-1001 : ----------------------------------
RUN-0007 : Control Group Statistic
RUN-0007 : ---------------------------
RUN-0007 :   #CLK  |  #CE  |  #SSR/ASR  
RUN-0007 : ---------------------------
RUN-0007 :    5    |   1   |     4      
RUN-0007 : ---------------------------
RUN-0007 : Control Set = 8
PHY-3001 : Initial placement ...
PHY-3001 : design contains 237 instances, 99 luts, 82 seqs, 22 slices, 3 macros(22 instances: 9 mslices 13 lslices)
PHY-0007 : Cell area utilization is 0%
PHY-3001 : Global placement ...
PHY-3001 : Initial: Len = 83080.4
PHY-3001 : Clustering ...
PHY-3001 : Level 0 #clusters 237.
PHY-3001 : End clustering;  0.000017s wall, 0.000000s user + 0.000000s system = 0.000000s CPU (n/a%)

PHY-3001 : Run with size of 4
PHY-3001 : Cell area utilization is 0%
PHY-3001 : :::0::: Try harder cell spreading with beta_ = 0
PHY-3002 : Step(1): len = 48912.2, overlap = 0
PHY-3002 : Step(2): len = 35126.5, overlap = 0
PHY-3002 : Step(3): len = 25825.5, overlap = 0
PHY-3002 : Step(4): len = 20590.3, overlap = 0
PHY-3002 : Step(5): len = 17265.3, overlap = 0
PHY-3002 : Step(6): len = 15590.5, overlap = 0
PHY-3002 : Step(7): len = 14842.8, overlap = 0
PHY-3002 : Step(8): len = 14061.9, overlap = 0
PHY-3002 : Step(9): len = 12646.5, overlap = 0
PHY-3002 : Step(10): len = 11946.7, overlap = 0
PHY-3002 : Step(11): len = 11002.1, overlap = 0
PHY-3002 : Step(12): len = 10144.5, overlap = 0
PHY-3002 : Step(13): len = 10176.2, overlap = 0
PHY-3002 : Step(14): len = 9469.6, overlap = 0
PHY-3002 : Step(15): len = 8878.6, overlap = 0
PHY-3002 : Step(16): len = 8835.6, overlap = 0
PHY-3002 : Step(17): len = 7985.9, overlap = 0
PHY-3002 : Step(18): len = 7425.4, overlap = 0
PHY-3002 : Step(19): len = 7422.1, overlap = 0
PHY-3002 : Step(20): len = 6950.8, overlap = 0
PHY-3002 : Step(21): len = 6678.5, overlap = 0
PHY-3002 : Step(22): len = 7004.1, overlap = 0
PHY-3002 : Step(23): len = 6607.1, overlap = 0
PHY-3002 : Step(24): len = 6311.2, overlap = 0
PHY-3002 : Step(25): len = 6129, overlap = 0
PHY-3002 : Step(26): len = 5607.6, overlap = 0
PHY-3002 : Step(27): len = 5157, overlap = 0
PHY-3002 : Step(28): len = 4937.5, overlap = 0
PHY-3002 : Step(29): len = 4681.2, overlap = 0
PHY-3001 : Legalization ...
PHY-3001 : End legalization;  0.003342s wall, 0.000000s user + 0.000000s system = 0.000000s CPU (n/a%)

PHY-3001 : Run with size of 4
PHY-3001 : Cell area utilization is 0%
PHY-3001 : :::0::: Try harder cell spreading with beta_ = 0.048154
PHY-3002 : Step(30): len = 4361.3, overlap = 0
PHY-3002 : Step(31): len = 4442.2, overlap = 0
PHY-3002 : Step(32): len = 4488.8, overlap = 0
PHY-3001 : Run with size of 2
PHY-3001 : Cell area utilization is 0%
PHY-3001 : :::0::: Try harder cell spreading with beta_ = 0
PHY-3002 : Step(33): len = 4201.5, overlap = 0.5625
PHY-3002 : Step(34): len = 4250.2, overlap = 0.5
PHY-3002 : Step(35): len = 4250.2, overlap = 0.5
PHY-3002 : Step(36): len = 4103.7, overlap = 0.25
PHY-3002 : Step(37): len = 4180.8, overlap = 0.25
PHY-3002 : Step(38): len = 4257.6, overlap = 0.1875
PHY-3002 : Step(39): len = 4368.2, overlap = 0.1875
PHY-3002 : Step(40): len = 4680.4, overlap = 0.375
PHY-3002 : Step(41): len = 4836, overlap = 0.46875
PHY-3002 : Step(42): len = 4495.6, overlap = 1.53125
PHY-3002 : Step(43): len = 4309, overlap = 1.84375
PHY-3002 : Step(44): len = 4346.2, overlap = 1.53125
PHY-3002 : Step(45): len = 4366.9, overlap = 1.40625
PHY-3002 : Step(46): len = 4500.7, overlap = 1.28125
PHY-3002 : Step(47): len = 4471.3, overlap = 0.71875
PHY-3002 : Step(48): len = 4754.7, overlap = 0.1875
PHY-3002 : Step(49): len = 4116.8, overlap = 0.75
PHY-3002 : Step(50): len = 4280.7, overlap = 0.78125
PHY-3002 : Step(51): len = 4228.5, overlap = 2.0625
PHY-3002 : Step(52): len = 4140.4, overlap = 0.75
PHY-3002 : Step(53): len = 3580.5, overlap = 1.53125
PHY-3002 : Step(54): len = 3611, overlap = 1.875
PHY-3002 : Step(55): len = 3657.2, overlap = 2.28125
PHY-3002 : Step(56): len = 3595.5, overlap = 2.1875
PHY-3002 : Step(57): len = 3463.6, overlap = 1.9375
PHY-3002 : Step(58): len = 3460.6, overlap = 1.71875
PHY-3002 : Step(59): len = 3351.4, overlap = 1.75
PHY-3002 : Step(60): len = 3226.2, overlap = 1.21875
PHY-3002 : Step(61): len = 3247.9, overlap = 0.25
PHY-3002 : Step(62): len = 3298.9, overlap = 0.25
PHY-3002 : Step(63): len = 3197, overlap = 0.125
PHY-3002 : Step(64): len = 3040, overlap = 0.75
PHY-3002 : Step(65): len = 3055.3, overlap = 0.75
PHY-3002 : Step(66): len = 2978.5, overlap = 0.75
PHY-3002 : Step(67): len = 2971.9, overlap = 0
PHY-3002 : Step(68): len = 2921.3, overlap = 0.0625
PHY-3002 : Step(69): len = 2938.5, overlap = 0.15625
PHY-3002 : Step(70): len = 2925, overlap = 0.25
PHY-3002 : Step(71): len = 2938, overlap = 1.09375
PHY-3002 : Step(72): len = 2973.8, overlap = 0.96875
PHY-3002 : Step(73): len = 2944.4, overlap = 1.125
PHY-3002 : Step(74): len = 2852.6, overlap = 1.15625
PHY-3002 : Step(75): len = 2744.1, overlap = 0.90625
PHY-3002 : Step(76): len = 2738.5, overlap = 0.90625
PHY-3002 : Step(77): len = 2738.5, overlap = 0.90625
OPT-1001 : Start physical optimization ...
OPT-1001 : Total overflow 6.00 peak overflow 1.84
OPT-1001 : Start high-fanout net optimization ...
OPT-1001 : Update timing in global mode
PHY-1001 : Start incremental global routing, caller is place ...
RUN-1001 : Generating global routing grids ...
RUN-1001 : Building simple global routing graph ...
PHY-1001 : Generate routing nets ...
PHY-1001 : Reuse net number 0/302.
PHY-1001 : Global iterations in 20 thread ...
PHY-1002 : len = 2640, over cnt = 14(0%), over = 30, worst = 4
PHY-1001 : End global iterations;  0.009066s wall, 0.000000s user + 0.000000s system = 0.000000s CPU (n/a%)

PHY-1001 : Congestion index: top1 = 8.51, top5 = 2.15, top10 = 1.07, top15 = 0.72.
PHY-1001 : End incremental global routing;  0.042498s wall, 0.015625s user + 0.000000s system = 0.015625s CPU (36.8%)

RUN-1002 : start command "start_timer -report"
TMR-5001 WARNING: No sdc constraints found while initiating timer.
TMR-2505 : Start building timing graph for model responder.
TMR-2506 : Build timing graph completely. Port num: 10, tpin num: 1033, tnet num: 300, tinst num: 237, tnode num: 1286, tedge num: 1617.
TMR-2508 : Levelizing timing graph completed, there are 23 levels in total.
TMR-2501 : Timing graph initialized successfully.
OPT-1001 : End timing update;  0.125128s wall, 0.093750s user + 0.000000s system = 0.093750s CPU (74.9%)

OPT-1001 : 0 high-fanout net processed.
OPT-1001 : End high-fanout net optimization;  0.169604s wall, 0.109375s user + 0.000000s system = 0.109375s CPU (64.5%)

OPT-1001 : Current memory(MB): used = 145, reserve = 115, peak = 145.
OPT-1001 : End physical optimization;  0.172623s wall, 0.109375s user + 0.000000s system = 0.109375s CPU (63.4%)

PHY-3001 : Start packing ...
SYN-4007 : Packing 0 MUX to BLE ...
SYN-4008 : Packed 0 MUX and 0 SEQ to BLE.
SYN-4007 : Packing 99 LUT to BLE ...
SYN-4008 : Packed 99 LUT and 49 SEQ to BLE.
SYN-4003 : Packing 33 remaining SEQ's ...
SYN-4005 : Packed 20 SEQ with LUT/SLICE
SYN-4006 : 34 single LUT's are left
SYN-4006 : 13 single SEQ's are left
SYN-4011 : Packing model "responder" (AL_USER_NORMAL) with 112/170 primitive instances ...
PHY-3001 : End packing;  0.004707s wall, 0.000000s user + 0.000000s system = 0.000000s CPU (n/a%)

PHY-1001 : Populate physical database on model responder.
RUN-1001 : There are total 123 instances
RUN-1001 : 43 mslices, 44 lslices, 29 pads, 0 brams, 0 dsps
RUN-1001 : There are total 259 nets
RUN-1001 : 134 nets have 2 pins
RUN-1001 : 91 nets have [3 - 5] pins
RUN-1001 : 23 nets have [6 - 10] pins
RUN-1001 : 8 nets have [11 - 20] pins
RUN-1001 : 3 nets have [21 - 99] pins
PHY-3001 : design contains 121 instances, 87 slices, 3 macros(22 instances: 9 mslices 13 lslices)
PHY-3001 : Cell area utilization is 1%
PHY-3001 : After packing: Len = 3036.8, Over = 2
PHY-3001 : Run with size of 2
PHY-3001 : Cell area utilization is 1%
PHY-3001 : :::0::: Try harder cell spreading with beta_ = 0.000579863
PHY-3002 : Step(78): len = 2907, overlap = 2
PHY-3002 : Step(79): len = 2890.9, overlap = 2.5
PHY-3002 : Step(80): len = 2875.9, overlap = 2.75
PHY-3001 : :::1::: Try harder cell spreading with beta_ = 0.00115973
PHY-3002 : Step(81): len = 2821.9, overlap = 2.25
PHY-3002 : Step(82): len = 2821.9, overlap = 2.25
PHY-3001 : :::2::: Try harder cell spreading with beta_ = 0.00231945
PHY-3002 : Step(83): len = 2810.8, overlap = 2.25
PHY-3002 : Step(84): len = 2805.3, overlap = 2.25
PHY-3001 : Legalization ...
PHY-3001 : End legalization;  0.033564s wall, 0.000000s user + 0.000000s system = 0.000000s CPU (n/a%)

PHY-3001 : Trial Legalized: Len = 4730
PHY-3001 : Run with size of 2
PHY-3001 : Cell area utilization is 1%
PHY-3001 : :::0::: Try harder cell spreading with beta_ = 0
PHY-3002 : Step(85): len = 3510.6, overlap = 1
PHY-3002 : Step(86): len = 3141.5, overlap = 2
PHY-3002 : Step(87): len = 2943.3, overlap = 2.5
PHY-3002 : Step(88): len = 2933, overlap = 2.5
PHY-3002 : Step(89): len = 2887.4, overlap = 2.5
PHY-3001 : :::1::: Try harder cell spreading with beta_ = 0.0020597
PHY-3002 : Step(90): len = 2891.5, overlap = 2.5
PHY-3002 : Step(91): len = 2891.5, overlap = 2.5
PHY-3001 : :::2::: Try harder cell spreading with beta_ = 0.0041194
PHY-3002 : Step(92): len = 2862.7, overlap = 2.5
PHY-3002 : Step(93): len = 2862.7, overlap = 2.5
PHY-3001 : Legalization ...
PHY-3001 : End legalization;  0.003820s wall, 0.000000s user + 0.000000s system = 0.000000s CPU (n/a%)

PHY-3001 : Legalized: Len = 3918.9, Over = 0
PHY-3001 : Spreading special nets. 2 overflows in 2952 tiles.
PHY-3001 : End spreading;  0.001689s wall, 0.000000s user + 0.000000s system = 0.000000s CPU (n/a%)

PHY-3001 : 2 instances has been re-located, deltaX = 1, deltaY = 0, maxDist = 1.
PHY-3001 : Final: Len = 3968.9, Over = 0
OPT-1001 : Start physical optimization ...
OPT-1001 : Total overflow 0.00 peak overflow 0.00
OPT-1001 : Start high-fanout net optimization ...
OPT-1001 : Update timing in global mode
PHY-1001 : Start incremental global routing, caller is place ...
RUN-1001 : Generating global routing grids ...
PHY-1001 : Generate routing nets ...
PHY-1001 : Reuse net number 25/259.
PHY-1001 : Global iterations in 20 thread ...
PHY-1002 : len = 4104, over cnt = 10(0%), over = 16, worst = 3
PHY-1002 : len = 4216, over cnt = 6(0%), over = 7, worst = 2
PHY-1002 : len = 4312, over cnt = 0(0%), over = 0, worst = 0
PHY-1001 : End global iterations;  0.015830s wall, 0.000000s user + 0.000000s system = 0.000000s CPU (n/a%)

PHY-1001 : Congestion index: top1 = 12.06, top5 = 3.43, top10 = 1.71, top15 = 1.14.
PHY-1001 : End incremental global routing;  0.044304s wall, 0.015625s user + 0.000000s system = 0.015625s CPU (35.3%)

RUN-1002 : start command "start_timer -report"
TMR-5001 WARNING: No sdc constraints found while initiating timer.
TMR-2505 : Start building timing graph for model responder.
TMR-2506 : Build timing graph completely. Port num: 10, tpin num: 932, tnet num: 257, tinst num: 121, tnode num: 1136, tedge num: 1549.
TMR-2508 : Levelizing timing graph completed, there are 21 levels in total.
TMR-2501 : Timing graph initialized successfully.
OPT-1001 : End timing update;  0.112705s wall, 0.046875s user + 0.000000s system = 0.046875s CPU (41.6%)

OPT-1001 : 0 high-fanout net processed.
OPT-1001 : End high-fanout net optimization;  0.159220s wall, 0.062500s user + 0.000000s system = 0.062500s CPU (39.3%)

OPT-1001 : Current memory(MB): used = 147, reserve = 117, peak = 147.
OPT-1001 : Update timing in Manhattan mode
OPT-1001 : End timing update;  0.000116s wall, 0.000000s user + 0.000000s system = 0.000000s CPU (n/a%)

OPT-1001 : Start pin optimization...
OPT-1001 : skip pin optimization...
RUN-1001 : Generating global routing grids ...
PHY-1001 : Generate routing nets ...
PHY-1001 : Reuse net number 183/259.
PHY-1001 : Global iterations in 20 thread ...
PHY-1002 : len = 4312, over cnt = 0(0%), over = 0, worst = 0
PHY-1001 : End global iterations;  0.000791s wall, 0.000000s user + 0.000000s system = 0.000000s CPU (n/a%)

PHY-1001 : Congestion index: top1 = 12.06, top5 = 3.43, top10 = 1.71, top15 = 1.14.
OPT-1001 : Update timing in Manhattan mode
OPT-1001 : End timing update;  0.000260s wall, 0.000000s user + 0.000000s system = 0.000000s CPU (n/a%)

RUN-1001 : QoR Analysis:
OPT-0007 :   WNS 2147483647 TNS 0 NUM_FEPS 0
RUN-1001 :   No local congestion issue, and most congested 1% tile average routing util is 11.517241
RUN-1001 :   Top critical paths
OPT-1001 : End physical optimization;  0.193953s wall, 0.062500s user + 0.000000s system = 0.062500s CPU (32.2%)

RUN-1003 : finish command "place" in  2.166664s wall, 0.296875s user + 0.250000s system = 0.546875s CPU (25.2%)

RUN-1004 : used memory is 129 MB, reserved memory is 99 MB, peak memory is 147 MB
RUN-1002 : start command "export_db responder_place.db"
RUN-1001 : Exported /
RUN-1001 : Exported flow parameters
RUN-1001 : Exported libs
RUN-1001 : Exported entities
RUN-1001 : Exported ports
RUN-1001 : Exported pins
RUN-1001 : Exported instances
RUN-1001 : Exported nets
RUN-1001 : Exported buses
RUN-1001 : Exported models
RUN-1001 : Exported congestions
RUN-1001 : Exported violations
RUN-1001 : Exported IO constraints
RUN-1001 : Exported Inst constraints
RUN-1002 : start command "route"
RUN-1001 : Open license file E:/TangDanasty/license/Anlogic.lic
RUN-1001 : Print Global Property
RUN-1001 : ---------------------------------------------------------------
RUN-1001 :        Parameters        |  Settings  |  Default Values  |  Note  
RUN-1001 : ---------------------------------------------------------------
RUN-1001 :          message         |  standard  |     standard     |        
RUN-1001 :   mixed_pack_place_flow  |     on     |        on        |        
RUN-1001 :        qor_monitor       |    off     |       off        |        
RUN-1001 :        syn_ip_flow       |    off     |       off        |        
RUN-1001 :          thread          |    auto    |       auto       |        
RUN-1001 : ---------------------------------------------------------------
RUN-1001 : Print Route Property
RUN-1001 : -------------------------------------------------------
RUN-1001 :    Parameters    |  Settings  |  Default Values  |  Note  
RUN-1001 : -------------------------------------------------------
RUN-1001 :      effort      |   medium   |      medium      |        
RUN-1001 :     fix_hold     |    off     |       off        |        
RUN-1001 :    opt_timing    |   medium   |      medium      |        
RUN-1001 :   phy_sim_model  |    off     |       off        |        
RUN-1001 :     priority     |   timing   |      timing      |        
RUN-1001 :     swap_pin     |     on     |        on        |        
RUN-1001 : -------------------------------------------------------
PHY-1001 : Route runs in 20 thread(s)
RUN-1001 : There are total 123 instances
RUN-1001 : 43 mslices, 44 lslices, 29 pads, 0 brams, 0 dsps
RUN-1001 : There are total 259 nets
RUN-1001 : 134 nets have 2 pins
RUN-1001 : 91 nets have [3 - 5] pins
RUN-1001 : 23 nets have [6 - 10] pins
RUN-1001 : 8 nets have [11 - 20] pins
RUN-1001 : 3 nets have [21 - 99] pins
RUN-1002 : start command "start_timer -report"
TMR-5001 WARNING: No sdc constraints found while initiating timer.
TMR-2505 : Start building timing graph for model responder.
TMR-2506 : Build timing graph completely. Port num: 10, tpin num: 932, tnet num: 257, tinst num: 121, tnode num: 1136, tedge num: 1549.
TMR-2508 : Levelizing timing graph completed, there are 21 levels in total.
TMR-2501 : Timing graph initialized successfully.
PHY-1001 : 43 mslices, 44 lslices, 29 pads, 0 brams, 0 dsps
TMR-2503 : Start to update net delay, extr mode = 3.
TMR-2504 : Update delay of 257 nets completely.
TMR-2502 : Annotate delay completely, extr mode = 3.
TMR-3002 : No user constraint, initiate default constraint.
TMR-1501 : Assign derive clock DeriveClock to 134 clock pins, and constraint 204 relative nodes.
TMR-3003 : Constraints initiated successfully.
TMR-3501 : Forward propagation: start to calculate arrival time...
TMR-3502 : Backward propagation: start to calculate required time...
TMR-3503 : Timing propagation completes.
PHY-1001 : Start global routing, caller is route ...
RUN-1001 : Generating global routing grids ...
PHY-1001 : Generate routing nets ...
PHY-1001 : Global iterations in 20 thread ...
PHY-1002 : len = 4056, over cnt = 10(0%), over = 17, worst = 3
PHY-1002 : len = 4168, over cnt = 6(0%), over = 8, worst = 2
PHY-1002 : len = 4288, over cnt = 0(0%), over = 0, worst = 0
PHY-1001 : End global iterations;  0.019511s wall, 0.000000s user + 0.000000s system = 0.000000s CPU (n/a%)

PHY-1001 : Congestion index: top1 = 11.98, top5 = 3.40, top10 = 1.69, top15 = 1.13.
PHY-1001 : End global routing;  0.050936s wall, 0.015625s user + 0.000000s system = 0.015625s CPU (30.7%)

PHY-1001 : Start detail routing ...
PHY-1001 : Current memory(MB): used = 173, reserve = 143, peak = 191.
PHY-1001 : Detailed router is running in normal mode.
PHY-1001 : Generate detailed routing grids ...
PHY-1001 : Processed IO instance DigitronCS_Out[3]_syn_2 with INV attribute.
PHY-1001 : Processed IO instance DigitronCS_Out[2]_syn_2 with INV attribute.
PHY-1001 : Processed IO instance DigitronCS_Out[1]_syn_2 with INV attribute.
PHY-1001 : Processed IO instance DigitronCS_Out[0]_syn_2 with INV attribute.
PHY-1001 : Processed IO instance Digitron_Out[6]_syn_2 with INV attribute.
PHY-1001 : Processed IO instance Digitron_Out[5]_syn_2 with INV attribute.
PHY-1001 : Processed IO instance Digitron_Out[4]_syn_2 with INV attribute.
PHY-1001 : Processed IO instance Digitron_Out[3]_syn_2 with INV attribute.
PHY-1001 : Processed IO instance Digitron_Out[2]_syn_2 with INV attribute.
PHY-1001 : Processed IO instance Digitron_Out[1]_syn_2 with INV attribute.
PHY-1001 : Processed IO instance Digitron_Out[0]_syn_2 with INV attribute.
PHY-1001 : Generate nets ...
PHY-1001 : net CLK_dup_1 will be routed on clock mesh
PHY-1001 : clock net U2/CLK1_syn_4 will be merged with clock U2/CLK1
PHY-1001 : clock net U4/SingleNum_b_n4_syn_10 will be merged with clock U4/SingleNum_b_n4
PHY-1001 : clock net U4/W_DigitronCS_Out_n_syn_4 will be merged with clock U4/W_DigitronCS_Out_n
PHY-1001 : clock net U4/W_Digitron_Out_n_syn_2 will be merged with clock U4/W_Digitron_Out_n
PHY-1001 : Current memory(MB): used = 440, reserve = 415, peak = 440.
PHY-1001 : End build detailed router design. 2.750328s wall, 1.000000s user + 0.015625s system = 1.015625s CPU (36.9%)

PHY-1001 : Detail Route ...
PHY-1001 : ===== Detail Route Phase 1 =====
PHY-1001 : Clock net routing.....
PHY-1001 : Routed 1% nets.
PHY-1022 : len = 11648, over cnt = 0(0%), over = 0, worst = 0, crit = 0
PHY-1001 : End initial clock net routed; 0.899265s wall, 0.515625s user + 0.062500s system = 0.578125s CPU (64.3%)

PHY-1001 : Current memory(MB): used = 470, reserve = 445, peak = 470.
PHY-1001 : End phase 1; 0.904390s wall, 0.515625s user + 0.062500s system = 0.578125s CPU (63.9%)

PHY-1001 : ===== Detail Route Phase 2 =====
PHY-1001 : Initial routing.....
PHY-1001 : Routed 28% nets.
PHY-1001 : Routed 40% nets.
PHY-1001 : Routed 45% nets.
PHY-1001 : Routed 61% nets.
PHY-1001 : Routed 79% nets.
PHY-1022 : len = 20744, over cnt = 5(0%), over = 5, worst = 1, crit = 0
PHY-1001 : Current memory(MB): used = 470, reserve = 445, peak = 470.
PHY-1001 : End initial routed; 0.087756s wall, 0.015625s user + 0.000000s system = 0.015625s CPU (17.8%)

PHY-1001 : Current memory(MB): used = 470, reserve = 445, peak = 470.
PHY-1001 : End phase 2; 0.087871s wall, 0.015625s user + 0.000000s system = 0.015625s CPU (17.8%)

PHY-1001 : ===== Detail Route Phase 3 =====
PHY-1001 : Ripup-reroute.....
PHY-1001 : ===== DR Iter 1 =====
PHY-1022 : len = 20760, over cnt = 1(0%), over = 1, worst = 1, crit = 0
PHY-1001 : End DR Iter 1; 0.011068s wall, 0.000000s user + 0.000000s system = 0.000000s CPU (n/a%)

PHY-1001 : ===== DR Iter 2 =====
PHY-1022 : len = 20760, over cnt = 0(0%), over = 0, worst = 0, crit = 0
PHY-1001 : End DR Iter 2; 0.008850s wall, 0.000000s user + 0.000000s system = 0.000000s CPU (n/a%)

PHY-1001 : Commit to database.....
PHY-1001 : 1 feed throughs used by 1 nets
PHY-1001 : End commit to database; 0.021836s wall, 0.000000s user + 0.000000s system = 0.000000s CPU (n/a%)

PHY-1001 : Current memory(MB): used = 480, reserve = 455, peak = 480.
PHY-1001 : End phase 3; 0.133134s wall, 0.015625s user + 0.000000s system = 0.015625s CPU (11.7%)

PHY-1003 : Routed, final wirelength = 20760
PHY-1001 : Current memory(MB): used = 480, reserve = 455, peak = 480.
PHY-1001 : End export database. 0.004529s wall, 0.000000s user + 0.000000s system = 0.000000s CPU (n/a%)

PHY-1001 : End detail routing;  4.032771s wall, 1.578125s user + 0.078125s system = 1.656250s CPU (41.1%)

RUN-1003 : finish command "route" in  4.240492s wall, 1.609375s user + 0.078125s system = 1.687500s CPU (39.8%)

RUN-1004 : used memory is 416 MB, reserved memory is 390 MB, peak memory is 480 MB
RUN-1002 : start command "report_area -io_info -file responder_phy.area"
RUN-1001 : standard
***Report Model: responder Device: EG4S20BG256***

IO Statistics
#IO                        29
  #input                    7
  #output                  22
  #inout                    0

Utilization Statistics
#lut                      153   out of  19600    0.78%
#reg                       91   out of  19600    0.46%
#le                       164
  #lut only                73   out of    164   44.51%
  #reg only                11   out of    164    6.71%
  #lut&reg                 80   out of    164   48.78%
#dsp                        0   out of     29    0.00%
#bram                       0   out of     64    0.00%
  #bram9k                   0
  #fifo9k                   0
#bram32k                    0   out of     16    0.00%
#pad                       29   out of    188   15.43%
  #ireg                     4
  #oreg                    15
  #treg                     0
#pll                        0   out of      4    0.00%
#gclk                       4   out of     16   25.00%

Clock Resource Statistics
Index     ClockNet                 Type               DriverType         Driver                   Fanout
#1        CLK_dup_1                GCLK               io                 CLK_syn_2.di             58
#2        U4/W_DigitronCS_Out_n    GCLK               mslice             U4/reg2_syn_25.f1        7
#3        U4/W_Digitron_Out_n      GCLK               lslice             U4/mux1_syn_5.f1         7
#4        U4/SingleNum_b_n4        GCLK               lslice             U4/sel2_syn_67.f0        3
#5        U2/CLK1                  GCLK               mslice             U2/CLK1_reg_syn_33.q0    2


Detailed IO Report

        Name           Direction    Location    IOStandard    DriveStrength    PullType    PackReg  
         CLK             INPUT         R7        LVCMOS33          N/A          PULLUP      NONE    
      Key_In[3]          INPUT        F10        LVCMOS33          N/A          PULLUP      IREG    
      Key_In[2]          INPUT        C11        LVCMOS33          N/A          PULLUP      IREG    
      Key_In[1]          INPUT        D11        LVCMOS33          N/A          PULLUP      IREG    
      Key_In[0]          INPUT        E11        LVCMOS33          N/A          PULLUP      IREG    
        RSTn             INPUT         A9        LVCMOS33          N/A          PULLUP      NONE    
        Start            INPUT        A10        LVCMOS33          N/A          PULLUP      NONE    
     Buzzer_Out         OUTPUT        H11        LVCMOS33           8            NONE       NONE    
  DigitronCS_Out[3]     OUTPUT         A3        LVCMOS33           8            NONE       OREG    
  DigitronCS_Out[2]     OUTPUT         A5        LVCMOS33           8            NONE       OREG    
  DigitronCS_Out[1]     OUTPUT         B6        LVCMOS33           8            NONE       OREG    
  DigitronCS_Out[0]     OUTPUT         C9        LVCMOS33           8            NONE       OREG    
   Digitron_Out[7]      OUTPUT         C8        LVCMOS33           8            NONE       NONE    
   Digitron_Out[6]      OUTPUT         A8        LVCMOS33           8            NONE       OREG    
   Digitron_Out[5]      OUTPUT         B5        LVCMOS33           8            NONE       OREG    
   Digitron_Out[4]      OUTPUT         A7        LVCMOS33           8            NONE       OREG    
   Digitron_Out[3]      OUTPUT         E8        LVCMOS33           8            NONE       OREG    
   Digitron_Out[2]      OUTPUT         B8        LVCMOS33           8            NONE       OREG    
   Digitron_Out[1]      OUTPUT         A6        LVCMOS33           8            NONE       OREG    
   Digitron_Out[0]      OUTPUT         A4        LVCMOS33           8            NONE       OREG    
     Key_Row[3]         OUTPUT        E10        LVCMOS33           8            NONE       NONE    
     Key_Row[2]         OUTPUT        C10        LVCMOS33           8            NONE       NONE    
     Key_Row[1]         OUTPUT         F9        LVCMOS33           8            NONE       NONE    
     Key_Row[0]         OUTPUT         D9        LVCMOS33           8            NONE       NONE    
     LED_Out[3]         OUTPUT        C15        LVCMOS33           8            NONE       OREG    
     LED_Out[2]         OUTPUT        B16        LVCMOS33           8            NONE       OREG    
     LED_Out[1]         OUTPUT        B15        LVCMOS33           8            NONE       OREG    
     LED_Out[0]         OUTPUT        B14        LVCMOS33           8            NONE       OREG    
  LED_OverTime_Out      OUTPUT        F16        LVCMOS33           8            NONE       NONE    

Report Hierarchy Area:
+-----------------------------------------------------------------------------------+
|Instance |Module              |le     |lut     |ripple  |seq     |bram    |dsp     |
+-----------------------------------------------------------------------------------+
|top      |responder           |164    |131     |22      |110     |0       |0       |
|  U1     |Sel_module          |27     |27      |0       |11      |0       |0       |
|  U2     |Timer_module        |43     |33      |7       |30      |0       |0       |
|  U4     |Digitron_NumDisplay |58     |49      |9       |26      |0       |0       |
|  U5     |key_filter          |36     |22      |6       |24      |0       |0       |
+-----------------------------------------------------------------------------------+


DataNet Average Fanout:

   Index     Fanout    Nets  
    #1         1       105   
    #2         2        74   
    #3         3        9    
    #4         4        6    
    #5        5-10      23   
    #6       11-50      5    
  Average     2.50           

RUN-1002 : start command "export_db responder_pr.db"
RUN-1001 : Exported /
RUN-1001 : Exported flow parameters
RUN-1001 : Exported libs
RUN-1001 : Exported entities
RUN-1001 : Exported ports
RUN-1001 : Exported pins
RUN-1001 : Exported instances
RUN-1001 : Exported nets
RUN-1001 : Exported buses
RUN-1001 : Exported models
RUN-1001 : Exported congestions
RUN-1001 : Exported violations
RUN-1001 : Exported IO constraints
RUN-1001 : Exported Inst constraints
RUN-1002 : start command "export_bid responder_inst.bid"
RUN-1002 : start command "bitgen -bit responder.bit -unused_io_status pulldown"
BIT-1003 : Start to generate bitstream. 
BIT-1002 : Bitgen processed 159 unused pads, reserve input tri_state with pulldown
BIT-1002 : Init instances with 20 threads.
BIT-1002 : Init instances completely, inst num: 280
BIT-1002 : Init pips with 20 threads.
BIT-1002 : Init pips completely, net num: 259, pip num: 1740
BIT-1002 : Init feedthrough completely, num: 1
BIT-1003 : Multithreading accelaration with 20 threads.
BIT-1003 : Generate bitstream completely, there are 463 valid insts, and 5745 bits set as '1'.
BIT-1004 : PLL setting string = 0000
BIT-1004 : Generate bits file responder.bit.
RUN-1002 : start command "backup_run_log run.log ../.logs/phy_1/td_20240826_202906.log"
