============================================================
   Tang Dynasty, V5.6.71036
      Copyright (c) 2012-2023 Anlogic Inc.
   Executable = E:/TangDanasty/bin/td.exe
   Built at =   20:34:38 Mar 21 2023
   Run by =     Lenovo
   Run Date =   Mon Aug 26 20:27:02 2024

   Run on =     LAPTOP-94TMECPO
============================================================
RUN-1002 : start command "open_project responder.prj"
RUN-1001 : Print Global Property
RUN-1001 : ---------------------------------------------------------------
RUN-1001 :        Parameters        |  Settings  |  Default Values  |  Note  
RUN-1001 : ---------------------------------------------------------------
RUN-1001 :          message         |  standard  |     standard     |        
RUN-1001 :   mixed_pack_place_flow  |     on     |        on        |        
RUN-1001 :        qor_monitor       |    off     |       off        |        
RUN-1001 :        syn_ip_flow       |    off     |       off        |        
RUN-1001 :          thread          |    auto    |       auto       |        
RUN-1001 : ---------------------------------------------------------------
RUN-1001 : Print Design Property
RUN-1001 : --------------------------------------------------------------
RUN-1001 :        Parameters       |  Settings  |  Default Values  |  Note  
RUN-1001 : --------------------------------------------------------------
RUN-1001 :   default_reg_initial   |    auto    |       auto       |        
RUN-1001 :        infer_add        |     on     |        on        |        
RUN-1001 :        infer_fsm        |    off     |       off        |        
RUN-1001 :        infer_mult       |     on     |        on        |        
RUN-1001 :        infer_ram        |     on     |        on        |        
RUN-1001 :        infer_reg        |     on     |        on        |        
RUN-1001 :   infer_reg_init_value  |     on     |        on        |        
RUN-1001 :        infer_rom        |     on     |        on        |        
RUN-1001 :      infer_shifter      |     on     |        on        |        
RUN-1001 : --------------------------------------------------------------
RUN-1001 : Print Rtl Property
RUN-1001 : --------------------------------------------------------------
RUN-1001 :        Parameters       |  Settings  |  Default Values  |  Note  
RUN-1001 : --------------------------------------------------------------
RUN-1001 :       compress_add      |   ripple   |      ripple      |        
RUN-1001 :        elf_sload        |    off     |       off        |        
RUN-1001 :       fix_undriven      |     0      |        0         |        
RUN-1001 :         flatten         |    off     |       off        |        
RUN-1001 :       gate_sharing      |     on     |        on        |        
RUN-1001 :    hdl_warning_level    |   normal   |      normal      |        
RUN-1001 :   impl_internal_tribuf  |     on     |        on        |        
RUN-1001 :      impl_set_reset     |     on     |        on        |        
RUN-1001 :        infer_gsr        |    off     |       off        |        
RUN-1001 :      keep_hierarchy     |    auto    |       auto       |        
RUN-1001 :        max_fanout       |    9999    |       9999       |        
RUN-1001 :      max_oh2bin_len     |     10     |        10        |        
RUN-1001 :       merge_equal       |     on     |        on        |        
RUN-1001 :       merge_equiv       |     on     |        on        |        
RUN-1001 :        merge_mux        |    off     |       off        |        
RUN-1001 :     min_control_set     |     8      |        8         |        
RUN-1001 :      min_ripple_len     |    auto    |       auto       |        
RUN-1001 :       oh2bin_ratio      |    0.08    |       0.08       |        
RUN-1001 :     opt_adder_fanout    |     on     |        on        |        
RUN-1001 :        opt_arith        |     on     |        on        |        
RUN-1001 :       opt_big_gate      |    off     |       off        |        
RUN-1001 :        opt_const        |     on     |        on        |        
RUN-1001 :      opt_const_mult     |     on     |        on        |        
RUN-1001 :       opt_lessthan      |     on     |        on        |        
RUN-1001 :         opt_mux         |    off     |       off        |        
RUN-1001 :         opt_ram         |    high    |       high       |        
RUN-1001 :      rtl_sim_model      |    off     |       off        |        
RUN-1001 :         seq_syn         |     on     |        on        |        
RUN-1001 : --------------------------------------------------------------
HDL-1007 : analyze verilog file ../../responder.v
HDL-1007 : analyze verilog file ../../Sel_module.v
HDL-1007 : analyze verilog file ../../Timer_module.v
HDL-1007 : analyze verilog file ../../Buzzer_module.v
HDL-1007 : analyze verilog file ../../Digitron_NumDisplay.v
HDL-1007 : analyze verilog file ../../key_filter.v
RUN-1001 : Project manager successfully analyzed 6 source files.
RUN-1002 : start command "import_device eagle_s20.db -package EG4S20BG256"
ARC-1001 : Device Initialization.
ARC-1001 : ------------------------------------------------------------------
ARC-1001 :            OPTION            |          IO          |   SETTING   
ARC-1001 : ------------------------------------------------------------------
ARC-1001 :   cso_b/cclk/mosi/miso/dout  |  T3/R11/T10/P10/S11  |    gpio    
ARC-1001 :             done             |         P13          |    gpio    
ARC-1001 :           program_b          |          T2          |  dedicate  
ARC-1001 :        tdi/tms/tck/tdo       |   C12/A15/C14/E14    |  dedicate  
ARC-1001 : ------------------------------------------------------------------
ARC-1004 : Device setting, marked 5 dedicate IOs in total.
RUN-1002 : start command "import_db ../syn_1/responder_gate.db"
RUN-1001 : Importing database generated by Tang Dynasty, V5.6.71036.
RUN-1001 : Database version number 46146.
RUN-1001 : Import flow parameters
RUN-1001 : Import IO constraints
RUN-1001 : Import Inst constraints
RUN-1001 : Import design success TD_VERSION=5.6.71036 , DB_VERSION=46146
RUN-1002 : start command "place"
RUN-1001 : Open license file E:/TangDanasty/license/Anlogic.lic
RUN-1001 : Print Global Property
RUN-1001 : ---------------------------------------------------------------
RUN-1001 :        Parameters        |  Settings  |  Default Values  |  Note  
RUN-1001 : ---------------------------------------------------------------
RUN-1001 :          message         |  standard  |     standard     |        
RUN-1001 :   mixed_pack_place_flow  |     on     |        on        |        
RUN-1001 :        qor_monitor       |    off     |       off        |        
RUN-1001 :        syn_ip_flow       |    off     |       off        |        
RUN-1001 :          thread          |    auto    |       auto       |        
RUN-1001 : ---------------------------------------------------------------
RUN-1001 : Print Place Property
RUN-1001 : --------------------------------------------------------------
RUN-1001 :        Parameters       |  Settings  |  Default Values  |  Note  
RUN-1001 : --------------------------------------------------------------
RUN-1001 :      detailed_place     |     on     |        on        |        
RUN-1001 :          effort         |   medium   |      medium      |        
RUN-1001 :         fix_hold        |    off     |       off        |        
RUN-1001 :       legalization      |    ori     |       ori        |        
RUN-1001 :      new_spreading      |     on     |        on        |        
RUN-1001 :        opt_timing       |   medium   |      medium      |        
RUN-1001 :   post_clock_route_opt  |    off     |       off        |        
RUN-1001 :       pr_strategy       |     1      |        1         |        
RUN-1001 :        relaxation       |    1.00    |       1.00       |        
RUN-1001 :         retiming        |    off     |       off        |        
RUN-1001 : --------------------------------------------------------------
PHY-3001 : Placer runs in 20 thread(s).
RUN-1002 : start command "legalize_phy_inst"
SYN-1011 : Flatten model responder
RUN-1002 : start command "phys_opt -simplify_lut"
SYN-4024 : Net "CLK_dup_1" drives clk pins.
SYN-4024 : Net "U4/W_Digitron_Out_n" drives clk pins.
SYN-4024 : Net "U4/W_DigitronCS_Out_n" drives clk pins.
SYN-4024 : Net "U2/CLK1" drives clk pins.
SYN-4024 : Net "U4/SingleNum_b_n4" drives clk pins.
SYN-4025 : Tag rtl::Net CLK_dup_1 as clock net
SYN-4025 : Tag rtl::Net U2/CLK1 as clock net
SYN-4025 : Tag rtl::Net U4/SingleNum_b_n4 as clock net
SYN-4025 : Tag rtl::Net U4/W_DigitronCS_Out_n as clock net
SYN-4025 : Tag rtl::Net U4/W_Digitron_Out_n as clock net
SYN-4026 : Tagged 5 rtl::Net as clock net
SYN-4015 : Create BUFG instance for clk Net U4/W_DigitronCS_Out_n to drive 8 clock pins.
SYN-4015 : Create BUFG instance for clk Net U4/W_Digitron_Out_n to drive 7 clock pins.
SYN-4015 : Create BUFG instance for clk Net U2/CLK1 to drive 4 clock pins.
SYN-4015 : Create BUFG instance for clk Net U4/SingleNum_b_n4 to drive 4 clock pins.
PHY-1001 : Populate physical database on model responder.
RUN-1001 : There are total 331 instances
RUN-0007 : 133 luts, 122 seqs, 20 mslices, 20 lslices, 29 pads, 0 brams, 0 dsps
RUN-1001 : There are total 440 nets
RUN-1001 : 251 nets have 2 pins
RUN-1001 : 155 nets have [3 - 5] pins
RUN-1001 : 22 nets have [6 - 10] pins
RUN-1001 : 6 nets have [11 - 20] pins
RUN-1001 : 4 nets have [21 - 99] pins
RUN-1001 : 2 nets have 100+ pins
RUN-1001 : Report Control nets information:
RUN-1001 : DFF Distribution
RUN-1001 : ----------------------------------
RUN-1001 :   CE   |  SSR  |  ASR  |  DFF Count  
RUN-1001 : ----------------------------------
RUN-1001 :   No   |  No   |  No   |     29      
RUN-1001 :   No   |  No   |  Yes  |     38      
RUN-1001 :   No   |  Yes  |  No   |     29      
RUN-1001 :   Yes  |  No   |  No   |      0      
RUN-1001 :   Yes  |  No   |  Yes  |     26      
RUN-1001 :   Yes  |  Yes  |  No   |      0      
RUN-1001 : ----------------------------------
RUN-0007 : Control Group Statistic
RUN-0007 : ---------------------------
RUN-0007 :   #CLK  |  #CE  |  #SSR/ASR  
RUN-0007 : ---------------------------
RUN-0007 :    5    |   2   |     5      
RUN-0007 : ---------------------------
RUN-0007 : Control Set = 10
PHY-3001 : Initial placement ...
PHY-3001 : design contains 329 instances, 133 luts, 122 seqs, 40 slices, 5 macros(40 instances: 20 mslices 20 lslices)
PHY-0007 : Cell area utilization is 1%
PHY-3001 : Global placement ...
PHY-3001 : Initial: Len = 106156
PHY-3001 : Clustering ...
PHY-3001 : Level 0 #clusters 329.
PHY-3001 : End clustering;  0.000028s wall, 0.000000s user + 0.000000s system = 0.000000s CPU (n/a%)

PHY-3001 : Run with size of 4
PHY-3001 : Cell area utilization is 1%
PHY-3001 : :::0::: Try harder cell spreading with beta_ = 0
PHY-3002 : Step(1): len = 65398.3, overlap = 0
PHY-3002 : Step(2): len = 44129.2, overlap = 0
PHY-3002 : Step(3): len = 31068.6, overlap = 0
PHY-3002 : Step(4): len = 24730.4, overlap = 0
PHY-3002 : Step(5): len = 21373, overlap = 0
PHY-3002 : Step(6): len = 19922.4, overlap = 0
PHY-3002 : Step(7): len = 18832.1, overlap = 0
PHY-3002 : Step(8): len = 19276.4, overlap = 0
PHY-3002 : Step(9): len = 17972.8, overlap = 0
PHY-3002 : Step(10): len = 15842.6, overlap = 0
PHY-3002 : Step(11): len = 15593.9, overlap = 0
PHY-3002 : Step(12): len = 15363.6, overlap = 0
PHY-3002 : Step(13): len = 13531.6, overlap = 0
PHY-3002 : Step(14): len = 12972.1, overlap = 0
PHY-3002 : Step(15): len = 13514.1, overlap = 0
PHY-3002 : Step(16): len = 12735.9, overlap = 0
PHY-3002 : Step(17): len = 12753.9, overlap = 0
PHY-3002 : Step(18): len = 11641, overlap = 0
PHY-3002 : Step(19): len = 10552.3, overlap = 0
PHY-3002 : Step(20): len = 10823.8, overlap = 0
PHY-3002 : Step(21): len = 10200.4, overlap = 0
PHY-3002 : Step(22): len = 10413.8, overlap = 0
PHY-3002 : Step(23): len = 10423.6, overlap = 0
PHY-3002 : Step(24): len = 10485.9, overlap = 0
PHY-3002 : Step(25): len = 9320.1, overlap = 0
PHY-3002 : Step(26): len = 8803.2, overlap = 0
PHY-3002 : Step(27): len = 9076.5, overlap = 0
PHY-3002 : Step(28): len = 8520.4, overlap = 0
PHY-3002 : Step(29): len = 8323.3, overlap = 0
PHY-3002 : Step(30): len = 8177.3, overlap = 0
PHY-3002 : Step(31): len = 7611.7, overlap = 0
PHY-3002 : Step(32): len = 7740, overlap = 0
PHY-3002 : Step(33): len = 7615.9, overlap = 0
PHY-3002 : Step(34): len = 6966.9, overlap = 0
PHY-3002 : Step(35): len = 6705.1, overlap = 0
PHY-3002 : Step(36): len = 6766.2, overlap = 0
PHY-3002 : Step(37): len = 6683.7, overlap = 0
PHY-3002 : Step(38): len = 6633.3, overlap = 0
PHY-3002 : Step(39): len = 6775.7, overlap = 0
PHY-3002 : Step(40): len = 6842.9, overlap = 0
PHY-3002 : Step(41): len = 6824.1, overlap = 0
PHY-3002 : Step(42): len = 6918.7, overlap = 0
PHY-3002 : Step(43): len = 6456.7, overlap = 0
PHY-3001 : Legalization ...
PHY-3001 : End legalization;  0.003312s wall, 0.000000s user + 0.000000s system = 0.000000s CPU (n/a%)

PHY-3001 : Run with size of 4
PHY-3001 : Cell area utilization is 1%
PHY-3001 : :::0::: Try harder cell spreading with beta_ = 0.463808
PHY-3002 : Step(44): len = 6064.2, overlap = 0
PHY-3002 : Step(45): len = 6123.1, overlap = 0
PHY-3002 : Step(46): len = 6203.4, overlap = 0
PHY-3002 : Step(47): len = 6329, overlap = 0
PHY-3002 : Step(48): len = 6394.3, overlap = 0
PHY-3001 : Run with size of 2
PHY-3001 : Cell area utilization is 1%
PHY-3001 : :::0::: Try harder cell spreading with beta_ = 0
PHY-3002 : Step(49): len = 5921, overlap = 2.65625
PHY-3002 : Step(50): len = 5945.8, overlap = 2.84375
PHY-3002 : Step(51): len = 5984.6, overlap = 2.875
PHY-3002 : Step(52): len = 6040.9, overlap = 2.71875
PHY-3002 : Step(53): len = 6177.7, overlap = 2.9375
PHY-3002 : Step(54): len = 6238.6, overlap = 3.53125
PHY-3002 : Step(55): len = 6329, overlap = 4.3125
PHY-3002 : Step(56): len = 6491.3, overlap = 3.9375
PHY-3002 : Step(57): len = 6837.1, overlap = 2.75
PHY-3002 : Step(58): len = 6791.5, overlap = 3.40625
PHY-3002 : Step(59): len = 6648.7, overlap = 3.78125
PHY-3002 : Step(60): len = 6511.8, overlap = 3
PHY-3002 : Step(61): len = 6547.6, overlap = 2.5
PHY-3002 : Step(62): len = 6332.7, overlap = 1.90625
PHY-3002 : Step(63): len = 5875.1, overlap = 2.53125
PHY-3002 : Step(64): len = 6003.3, overlap = 2
PHY-3002 : Step(65): len = 5854.2, overlap = 0.9375
PHY-3002 : Step(66): len = 5592.7, overlap = 1.75
PHY-3002 : Step(67): len = 5590.1, overlap = 2.9375
PHY-3002 : Step(68): len = 5294.4, overlap = 2.09375
PHY-3002 : Step(69): len = 5411.5, overlap = 1.3125
PHY-3002 : Step(70): len = 5311.6, overlap = 1.3125
PHY-3002 : Step(71): len = 5154.5, overlap = 2.0625
PHY-3002 : Step(72): len = 4582.4, overlap = 3.46875
PHY-3002 : Step(73): len = 4533.7, overlap = 2.71875
PHY-3002 : Step(74): len = 4347.2, overlap = 2.5625
PHY-3002 : Step(75): len = 4365.9, overlap = 2.9375
PHY-3002 : Step(76): len = 4278.3, overlap = 1.40625
PHY-3002 : Step(77): len = 4176.9, overlap = 0.96875
PHY-3002 : Step(78): len = 4083.4, overlap = 1.09375
PHY-3002 : Step(79): len = 3899.9, overlap = 0.59375
PHY-3002 : Step(80): len = 3911.1, overlap = 0.5
PHY-3002 : Step(81): len = 3825.8, overlap = 0.21875
PHY-3002 : Step(82): len = 3802.9, overlap = 0.34375
PHY-3002 : Step(83): len = 3768.4, overlap = 1.0625
PHY-3002 : Step(84): len = 3768.4, overlap = 1.0625
PHY-3002 : Step(85): len = 3707.2, overlap = 1.28125
PHY-3002 : Step(86): len = 3707.2, overlap = 1.28125
PHY-3002 : Step(87): len = 3668.5, overlap = 1.21875
PHY-3002 : Step(88): len = 3668.5, overlap = 1.21875
PHY-3002 : Step(89): len = 3621.3, overlap = 1.03125
OPT-1001 : Start physical optimization ...
OPT-1001 : Total overflow 12.00 peak overflow 2.44
OPT-1001 : Start high-fanout net optimization ...
OPT-1001 : Update timing in global mode
PHY-1001 : Start incremental global routing, caller is place ...
RUN-1001 : Generating global routing grids ...
RUN-1001 : Building simple global routing graph ...
PHY-1001 : Generate routing nets ...
PHY-1001 : Reuse net number 0/440.
PHY-1001 : Global iterations in 20 thread ...
PHY-1002 : len = 3792, over cnt = 17(0%), over = 45, worst = 7
PHY-1001 : End global iterations;  0.012285s wall, 0.000000s user + 0.000000s system = 0.000000s CPU (n/a%)

PHY-1001 : Congestion index: top1 = 10.40, top5 = 3.23, top10 = 1.61, top15 = 1.07.
PHY-1001 : End incremental global routing;  0.049406s wall, 0.015625s user + 0.000000s system = 0.015625s CPU (31.6%)

RUN-1002 : start command "start_timer -report"
TMR-5001 WARNING: No sdc constraints found while initiating timer.
TMR-2505 : Start building timing graph for model responder.
TMR-2506 : Build timing graph completely. Port num: 10, tpin num: 1495, tnet num: 438, tinst num: 329, tnode num: 1928, tedge num: 2411.
TMR-2508 : Levelizing timing graph completed, there are 23 levels in total.
TMR-2501 : Timing graph initialized successfully.
OPT-1001 : End timing update;  0.134227s wall, 0.062500s user + 0.000000s system = 0.062500s CPU (46.6%)

OPT-1001 : 0 high-fanout net processed.
OPT-1001 : End high-fanout net optimization;  0.186452s wall, 0.078125s user + 0.000000s system = 0.078125s CPU (41.9%)

OPT-1001 : Current memory(MB): used = 147, reserve = 117, peak = 147.
OPT-1001 : End physical optimization;  0.189986s wall, 0.078125s user + 0.000000s system = 0.078125s CPU (41.1%)

PHY-3001 : Start packing ...
SYN-4007 : Packing 0 MUX to BLE ...
SYN-4008 : Packed 0 MUX and 0 SEQ to BLE.
SYN-4007 : Packing 133 LUT to BLE ...
SYN-4008 : Packed 133 LUT and 59 SEQ to BLE.
SYN-4003 : Packing 63 remaining SEQ's ...
SYN-4005 : Packed 44 SEQ with LUT/SLICE
SYN-4006 : 36 single LUT's are left
SYN-4006 : 19 single SEQ's are left
SYN-4011 : Packing model "responder" (AL_USER_NORMAL) with 152/228 primitive instances ...
PHY-3001 : End packing;  0.006613s wall, 0.000000s user + 0.000000s system = 0.000000s CPU (n/a%)

PHY-1001 : Populate physical database on model responder.
RUN-1001 : There are total 162 instances
RUN-1001 : 63 mslices, 63 lslices, 29 pads, 0 brams, 0 dsps
RUN-1001 : There are total 387 nets
RUN-1001 : 200 nets have 2 pins
RUN-1001 : 148 nets have [3 - 5] pins
RUN-1001 : 25 nets have [6 - 10] pins
RUN-1001 : 10 nets have [11 - 20] pins
RUN-1001 : 3 nets have [21 - 99] pins
RUN-1001 : 1 nets have 100+ pins
PHY-3001 : design contains 160 instances, 126 slices, 5 macros(40 instances: 20 mslices 20 lslices)
PHY-3001 : Cell area utilization is 1%
PHY-3001 : After packing: Len = 3950.2, Over = 4
PHY-3001 : Run with size of 2
PHY-3001 : Cell area utilization is 1%
PHY-3001 : :::0::: Try harder cell spreading with beta_ = 0.00020434
PHY-3002 : Step(90): len = 3898.3, overlap = 5
PHY-3002 : Step(91): len = 3913.1, overlap = 5
PHY-3002 : Step(92): len = 3881.2, overlap = 4.25
PHY-3001 : :::1::: Try harder cell spreading with beta_ = 0.000408679
PHY-3002 : Step(93): len = 3774.4, overlap = 4.75
PHY-3002 : Step(94): len = 3774.4, overlap = 4.75
PHY-3001 : :::2::: Try harder cell spreading with beta_ = 0.000817358
PHY-3002 : Step(95): len = 3791.8, overlap = 5
PHY-3002 : Step(96): len = 3791.8, overlap = 5
PHY-3001 : Legalization ...
PHY-3001 : End legalization;  0.036052s wall, 0.000000s user + 0.000000s system = 0.000000s CPU (n/a%)

PHY-3001 : Trial Legalized: Len = 7186.1
PHY-3001 : Run with size of 2
PHY-3001 : Cell area utilization is 1%
PHY-3001 : :::0::: Try harder cell spreading with beta_ = 0
PHY-3002 : Step(97): len = 5123.3, overlap = 0.25
PHY-3002 : Step(98): len = 4334.9, overlap = 1.5
PHY-3002 : Step(99): len = 4013.9, overlap = 2
PHY-3002 : Step(100): len = 3923.7, overlap = 2.5
PHY-3002 : Step(101): len = 3923.7, overlap = 2.5
PHY-3001 : Legalization ...
PHY-3001 : End legalization;  0.005137s wall, 0.000000s user + 0.000000s system = 0.000000s CPU (n/a%)

PHY-3001 : Legalized: Len = 5631.1, Over = 0
PHY-3001 : Spreading special nets. 2 overflows in 2952 tiles.
PHY-3001 : End spreading;  0.001765s wall, 0.000000s user + 0.000000s system = 0.000000s CPU (n/a%)

PHY-3001 : 3 instances has been re-located, deltaX = 0, deltaY = 1, maxDist = 1.
PHY-3001 : Final: Len = 5651.1, Over = 0
OPT-1001 : Start physical optimization ...
OPT-1001 : Total overflow 0.00 peak overflow 0.00
OPT-1001 : Start high-fanout net optimization ...
OPT-1001 : Update timing in global mode
PHY-1001 : Start incremental global routing, caller is place ...
RUN-1001 : Generating global routing grids ...
PHY-1001 : Generate routing nets ...
PHY-1001 : Reuse net number 41/387.
PHY-1001 : Global iterations in 20 thread ...
PHY-1002 : len = 6056, over cnt = 33(0%), over = 57, worst = 5
PHY-1002 : len = 6296, over cnt = 21(0%), over = 31, worst = 3
PHY-1002 : len = 6504, over cnt = 13(0%), over = 18, worst = 3
PHY-1002 : len = 6760, over cnt = 0(0%), over = 0, worst = 0
PHY-1001 : End global iterations;  0.024289s wall, 0.000000s user + 0.000000s system = 0.000000s CPU (n/a%)

PHY-1001 : Congestion index: top1 = 14.89, top5 = 5.40, top10 = 2.69, top15 = 1.80.
PHY-1001 : End incremental global routing;  0.053283s wall, 0.015625s user + 0.000000s system = 0.015625s CPU (29.3%)

RUN-1002 : start command "start_timer -report"
TMR-5001 WARNING: No sdc constraints found while initiating timer.
TMR-2505 : Start building timing graph for model responder.
TMR-2506 : Build timing graph completely. Port num: 10, tpin num: 1321, tnet num: 385, tinst num: 160, tnode num: 1656, tedge num: 2233.
TMR-2508 : Levelizing timing graph completed, there are 23 levels in total.
TMR-2501 : Timing graph initialized successfully.
OPT-1001 : End timing update;  0.109188s wall, 0.062500s user + 0.000000s system = 0.062500s CPU (57.2%)

OPT-1001 : 0 high-fanout net processed.
OPT-1001 : End high-fanout net optimization;  0.165326s wall, 0.078125s user + 0.000000s system = 0.078125s CPU (47.3%)

OPT-1001 : Current memory(MB): used = 148, reserve = 118, peak = 148.
OPT-1001 : Update timing in Manhattan mode
OPT-1001 : End timing update;  0.000190s wall, 0.000000s user + 0.000000s system = 0.000000s CPU (n/a%)

OPT-1001 : Start pin optimization...
OPT-1001 : skip pin optimization...
RUN-1001 : Generating global routing grids ...
PHY-1001 : Generate routing nets ...
PHY-1001 : Reuse net number 293/387.
PHY-1001 : Global iterations in 20 thread ...
PHY-1002 : len = 6760, over cnt = 0(0%), over = 0, worst = 0
PHY-1001 : End global iterations;  0.001000s wall, 0.000000s user + 0.000000s system = 0.000000s CPU (n/a%)

PHY-1001 : Congestion index: top1 = 14.89, top5 = 5.40, top10 = 2.69, top15 = 1.80.
OPT-1001 : Update timing in Manhattan mode
OPT-1001 : End timing update;  0.000333s wall, 0.000000s user + 0.000000s system = 0.000000s CPU (n/a%)

RUN-1001 : QoR Analysis:
OPT-0007 :   WNS 2147483647 TNS 0 NUM_FEPS 0
RUN-1001 :   No local congestion issue, and most congested 1% tile average routing util is 14.448276
RUN-1001 :   Top critical paths
OPT-1001 : End physical optimization;  0.201954s wall, 0.078125s user + 0.000000s system = 0.078125s CPU (38.7%)

RUN-1003 : finish command "place" in  2.261179s wall, 0.406250s user + 0.156250s system = 0.562500s CPU (24.9%)

RUN-1004 : used memory is 128 MB, reserved memory is 98 MB, peak memory is 148 MB
RUN-1002 : start command "export_db responder_place.db"
RUN-1001 : Exported /
RUN-1001 : Exported flow parameters
RUN-1001 : Exported libs
RUN-1001 : Exported entities
RUN-1001 : Exported ports
RUN-1001 : Exported pins
RUN-1001 : Exported instances
RUN-1001 : Exported nets
RUN-1001 : Exported buses
RUN-1001 : Exported models
RUN-1001 : Exported congestions
RUN-1001 : Exported violations
RUN-1001 : Exported IO constraints
RUN-1001 : Exported Inst constraints
RUN-1002 : start command "route"
RUN-1001 : Open license file E:/TangDanasty/license/Anlogic.lic
RUN-1001 : Print Global Property
RUN-1001 : ---------------------------------------------------------------
RUN-1001 :        Parameters        |  Settings  |  Default Values  |  Note  
RUN-1001 : ---------------------------------------------------------------
RUN-1001 :          message         |  standard  |     standard     |        
RUN-1001 :   mixed_pack_place_flow  |     on     |        on        |        
RUN-1001 :        qor_monitor       |    off     |       off        |        
RUN-1001 :        syn_ip_flow       |    off     |       off        |        
RUN-1001 :          thread          |    auto    |       auto       |        
RUN-1001 : ---------------------------------------------------------------
RUN-1001 : Print Route Property
RUN-1001 : -------------------------------------------------------
RUN-1001 :    Parameters    |  Settings  |  Default Values  |  Note  
RUN-1001 : -------------------------------------------------------
RUN-1001 :      effort      |   medium   |      medium      |        
RUN-1001 :     fix_hold     |    off     |       off        |        
RUN-1001 :    opt_timing    |   medium   |      medium      |        
RUN-1001 :   phy_sim_model  |    off     |       off        |        
RUN-1001 :     priority     |   timing   |      timing      |        
RUN-1001 :     swap_pin     |     on     |        on        |        
RUN-1001 : -------------------------------------------------------
PHY-1001 : Route runs in 20 thread(s)
RUN-1001 : There are total 162 instances
RUN-1001 : 63 mslices, 63 lslices, 29 pads, 0 brams, 0 dsps
RUN-1001 : There are total 387 nets
RUN-1001 : 200 nets have 2 pins
RUN-1001 : 148 nets have [3 - 5] pins
RUN-1001 : 25 nets have [6 - 10] pins
RUN-1001 : 10 nets have [11 - 20] pins
RUN-1001 : 3 nets have [21 - 99] pins
RUN-1001 : 1 nets have 100+ pins
RUN-1002 : start command "start_timer -report"
TMR-5001 WARNING: No sdc constraints found while initiating timer.
TMR-2505 : Start building timing graph for model responder.
TMR-2506 : Build timing graph completely. Port num: 10, tpin num: 1321, tnet num: 385, tinst num: 160, tnode num: 1656, tedge num: 2233.
TMR-2508 : Levelizing timing graph completed, there are 23 levels in total.
TMR-2501 : Timing graph initialized successfully.
PHY-1001 : 63 mslices, 63 lslices, 29 pads, 0 brams, 0 dsps
TMR-2503 : Start to update net delay, extr mode = 3.
TMR-2504 : Update delay of 385 nets completely.
TMR-2502 : Annotate delay completely, extr mode = 3.
TMR-3002 : No user constraint, initiate default constraint.
TMR-1501 : Assign derive clock DeriveClock to 202 clock pins, and constraint 335 relative nodes.
TMR-3003 : Constraints initiated successfully.
TMR-3501 : Forward propagation: start to calculate arrival time...
TMR-3502 : Backward propagation: start to calculate required time...
TMR-3503 : Timing propagation completes.
PHY-1001 : Start global routing, caller is route ...
RUN-1001 : Generating global routing grids ...
PHY-1001 : Generate routing nets ...
PHY-1001 : Global iterations in 20 thread ...
PHY-1002 : len = 6016, over cnt = 32(0%), over = 53, worst = 5
PHY-1002 : len = 6224, over cnt = 20(0%), over = 30, worst = 3
PHY-1002 : len = 6592, over cnt = 6(0%), over = 7, worst = 2
PHY-1002 : len = 6696, over cnt = 0(0%), over = 0, worst = 0
PHY-1001 : End global iterations;  0.026630s wall, 0.000000s user + 0.000000s system = 0.000000s CPU (n/a%)

PHY-1001 : Congestion index: top1 = 14.87, top5 = 5.34, top10 = 2.66, top15 = 1.78.
PHY-1001 : End global routing;  0.058013s wall, 0.000000s user + 0.000000s system = 0.000000s CPU (n/a%)

PHY-1001 : Start detail routing ...
PHY-1001 : Current memory(MB): used = 173, reserve = 144, peak = 192.
PHY-1001 : Detailed router is running in normal mode.
PHY-1001 : Generate detailed routing grids ...
PHY-1001 : Processed IO instance DigitronCS_Out[3]_syn_2 with INV attribute.
PHY-1001 : Processed IO instance DigitronCS_Out[2]_syn_2 with INV attribute.
PHY-1001 : Processed IO instance DigitronCS_Out[1]_syn_2 with INV attribute.
PHY-1001 : Processed IO instance DigitronCS_Out[0]_syn_2 with INV attribute.
PHY-1001 : Processed IO instance Digitron_Out[6]_syn_2 with INV attribute.
PHY-1001 : Processed IO instance Digitron_Out[5]_syn_2 with INV attribute.
PHY-1001 : Processed IO instance Digitron_Out[4]_syn_2 with INV attribute.
PHY-1001 : Processed IO instance Digitron_Out[3]_syn_2 with INV attribute.
PHY-1001 : Processed IO instance Digitron_Out[2]_syn_2 with INV attribute.
PHY-1001 : Processed IO instance Digitron_Out[1]_syn_2 with INV attribute.
PHY-1001 : Processed IO instance Digitron_Out[0]_syn_2 with INV attribute.
PHY-1001 : Generate nets ...
PHY-1001 : net CLK_dup_1 will be routed on clock mesh
PHY-1001 : clock net U2/CLK1_syn_4 will be merged with clock U2/CLK1
PHY-1001 : clock net U4/SingleNum_b_n4_syn_10 will be merged with clock U4/SingleNum_b_n4
PHY-1001 : clock net U4/W_DigitronCS_Out_n_syn_4 will be merged with clock U4/W_DigitronCS_Out_n
PHY-1001 : clock net U4/W_Digitron_Out_n_syn_2 will be merged with clock U4/W_Digitron_Out_n
PHY-1001 : Current memory(MB): used = 442, reserve = 417, peak = 442.
PHY-1001 : End build detailed router design. 2.665984s wall, 1.203125s user + 0.015625s system = 1.218750s CPU (45.7%)

PHY-1001 : Detail Route ...
PHY-1001 : ===== Detail Route Phase 1 =====
PHY-1001 : Clock net routing.....
PHY-1001 : Routed 1% nets.
PHY-1022 : len = 13440, over cnt = 0(0%), over = 0, worst = 0, crit = 0
PHY-1001 : End initial clock net routed; 0.898138s wall, 0.375000s user + 0.000000s system = 0.375000s CPU (41.8%)

PHY-1001 : Current memory(MB): used = 472, reserve = 447, peak = 472.
PHY-1001 : End phase 1; 0.903354s wall, 0.375000s user + 0.000000s system = 0.375000s CPU (41.5%)

PHY-1001 : ===== Detail Route Phase 2 =====
PHY-1001 : Initial routing.....
PHY-1001 : Routed 28% nets.
PHY-1001 : Routed 42% nets.
PHY-1001 : Routed 54% nets.
PHY-1001 : Routed 64% nets.
PHY-1001 : Routed 81% nets.
PHY-1022 : len = 26232, over cnt = 8(0%), over = 8, worst = 1, crit = 0
PHY-1001 : Current memory(MB): used = 472, reserve = 447, peak = 472.
PHY-1001 : End initial routed; 0.047756s wall, 0.015625s user + 0.031250s system = 0.046875s CPU (98.2%)

PHY-1001 : Current memory(MB): used = 472, reserve = 447, peak = 472.
PHY-1001 : End phase 2; 0.047804s wall, 0.015625s user + 0.031250s system = 0.046875s CPU (98.1%)

PHY-1001 : ===== Detail Route Phase 3 =====
PHY-1001 : Ripup-reroute.....
PHY-1001 : ===== DR Iter 1 =====
PHY-1022 : len = 26208, over cnt = 2(0%), over = 2, worst = 1, crit = 0
PHY-1001 : End DR Iter 1; 0.010689s wall, 0.000000s user + 0.000000s system = 0.000000s CPU (n/a%)

PHY-1001 : ===== DR Iter 2 =====
PHY-1022 : len = 26248, over cnt = 0(0%), over = 0, worst = 0, crit = 0
PHY-1001 : End DR Iter 2; 0.008747s wall, 0.000000s user + 0.000000s system = 0.000000s CPU (n/a%)

PHY-1001 : Commit to database.....
PHY-1001 : 0 feed throughs used by 0 nets
PHY-1001 : End commit to database; 0.025192s wall, 0.000000s user + 0.000000s system = 0.000000s CPU (n/a%)

PHY-1001 : Current memory(MB): used = 481, reserve = 457, peak = 481.
PHY-1001 : End phase 3; 0.128394s wall, 0.046875s user + 0.000000s system = 0.046875s CPU (36.5%)

PHY-1003 : Routed, final wirelength = 26248
PHY-1001 : Current memory(MB): used = 481, reserve = 457, peak = 481.
PHY-1001 : End export database. 0.004852s wall, 0.000000s user + 0.000000s system = 0.000000s CPU (n/a%)

PHY-1001 : End detail routing;  3.903604s wall, 1.718750s user + 0.046875s system = 1.765625s CPU (45.2%)

RUN-1003 : finish command "route" in  4.132427s wall, 1.796875s user + 0.046875s system = 1.843750s CPU (44.6%)

RUN-1004 : used memory is 420 MB, reserved memory is 396 MB, peak memory is 481 MB
RUN-1002 : start command "report_area -io_info -file responder_phy.area"
RUN-1001 : standard
***Report Model: responder Device: EG4S20BG256***

IO Statistics
#IO                        29
  #input                    7
  #output                  22
  #inout                    0

Utilization Statistics
#lut                      222   out of  19600    1.13%
#reg                      143   out of  19600    0.73%
#le                       241
  #lut only                98   out of    241   40.66%
  #reg only                19   out of    241    7.88%
  #lut&reg                124   out of    241   51.45%
#dsp                        0   out of     29    0.00%
#bram                       0   out of     64    0.00%
  #bram9k                   0
  #fifo9k                   0
#bram32k                    0   out of     16    0.00%
#pad                       29   out of    188   15.43%
  #ireg                     4
  #oreg                    16
  #treg                     0
#pll                        0   out of      4    0.00%
#gclk                       4   out of     16   25.00%

Clock Resource Statistics
Index     ClockNet                 Type               DriverType         Driver                   Fanout
#1        CLK_dup_1                GCLK               io                 CLK_syn_2.di             90
#2        U4/W_DigitronCS_Out_n    GCLK               mslice             U4/reg2_syn_29.f0        8
#3        U4/W_Digitron_Out_n      GCLK               lslice             U4/mux1_syn_5.f1         7
#4        U2/CLK1                  GCLK               mslice             U2/CLK1_reg_syn_30.q0    3
#5        U4/SingleNum_b_n4        GCLK               lslice             U4/sel2_syn_65.f0        3


Detailed IO Report

        Name           Direction    Location    IOStandard    DriveStrength    PullType    PackReg  
         CLK             INPUT         R7        LVCMOS33          N/A          PULLUP      NONE    
      Key_In[3]          INPUT        F10        LVCMOS33          N/A          PULLUP      IREG    
      Key_In[2]          INPUT        C11        LVCMOS33          N/A          PULLUP      IREG    
      Key_In[1]          INPUT        D11        LVCMOS33          N/A          PULLUP      IREG    
      Key_In[0]          INPUT        E11        LVCMOS33          N/A          PULLUP      IREG    
        RSTn             INPUT         A9        LVCMOS33          N/A          PULLUP      NONE    
        Start            INPUT        A10        LVCMOS33          N/A          PULLUP      NONE    
     Buzzer_Out         OUTPUT        H11        LVCMOS33           8            NONE       OREG    
  DigitronCS_Out[3]     OUTPUT         A3        LVCMOS33           8            NONE       OREG    
  DigitronCS_Out[2]     OUTPUT         A5        LVCMOS33           8            NONE       OREG    
  DigitronCS_Out[1]     OUTPUT         B6        LVCMOS33           8            NONE       OREG    
  DigitronCS_Out[0]     OUTPUT         C9        LVCMOS33           8            NONE       OREG    
   Digitron_Out[7]      OUTPUT         C8        LVCMOS33           8            NONE       NONE    
   Digitron_Out[6]      OUTPUT         A8        LVCMOS33           8            NONE       OREG    
   Digitron_Out[5]      OUTPUT         B5        LVCMOS33           8            NONE       OREG    
   Digitron_Out[4]      OUTPUT         A7        LVCMOS33           8            NONE       OREG    
   Digitron_Out[3]      OUTPUT         E8        LVCMOS33           8            NONE       OREG    
   Digitron_Out[2]      OUTPUT         B8        LVCMOS33           8            NONE       OREG    
   Digitron_Out[1]      OUTPUT         A6        LVCMOS33           8            NONE       OREG    
   Digitron_Out[0]      OUTPUT         A4        LVCMOS33           8            NONE       OREG    
     Key_Row[3]         OUTPUT        E10        LVCMOS33           8            NONE       NONE    
     Key_Row[2]         OUTPUT        C10        LVCMOS33           8            NONE       NONE    
     Key_Row[1]         OUTPUT         F9        LVCMOS33           8            NONE       NONE    
     Key_Row[0]         OUTPUT         D9        LVCMOS33           8            NONE       NONE    
     LED_Out[3]         OUTPUT        C15        LVCMOS33           8            NONE       OREG    
     LED_Out[2]         OUTPUT        B16        LVCMOS33           8            NONE       OREG    
     LED_Out[1]         OUTPUT        B15        LVCMOS33           8            NONE       OREG    
     LED_Out[0]         OUTPUT        B14        LVCMOS33           8            NONE       OREG    
  LED_OverTime_Out      OUTPUT        F16        LVCMOS33           8            NONE       NONE    

Report Hierarchy Area:
+-----------------------------------------------------------------------------------+
|Instance |Module              |le     |lut     |ripple  |seq     |bram    |dsp     |
+-----------------------------------------------------------------------------------+
|top      |responder           |241    |182     |40      |163     |0       |0       |
|  U1     |Sel_module          |67     |53      |7       |39      |0       |0       |
|  U2     |Timer_module        |45     |35      |7       |30      |0       |0       |
|  U3     |Buzzer_module       |38     |23      |6       |26      |0       |0       |
|  U4     |Digitron_NumDisplay |59     |50      |9       |26      |0       |0       |
|  U5     |key_filter          |32     |21      |11      |22      |0       |0       |
+-----------------------------------------------------------------------------------+


DataNet Average Fanout:

   Index     Fanout    Nets  
    #1         1       171   
    #2         2       130   
    #3         3        9    
    #4         4        7    
    #5        5-10      25   
    #6       11-50      8    
  Average     2.19           

RUN-1002 : start command "export_db responder_pr.db"
RUN-1001 : Exported /
RUN-1001 : Exported flow parameters
RUN-1001 : Exported libs
RUN-1001 : Exported entities
RUN-1001 : Exported ports
RUN-1001 : Exported pins
RUN-1001 : Exported instances
RUN-1001 : Exported nets
RUN-1001 : Exported buses
RUN-1001 : Exported models
RUN-1001 : Exported congestions
RUN-1001 : Exported violations
RUN-1001 : Exported IO constraints
RUN-1001 : Exported Inst constraints
RUN-1002 : start command "export_bid responder_inst.bid"
RUN-1002 : start command "bitgen -bit responder.bit -unused_io_status pulldown"
BIT-1003 : Start to generate bitstream. 
BIT-1002 : Bitgen processed 159 unused pads, reserve input tri_state with pulldown
BIT-1002 : Init instances with 20 threads.
BIT-1002 : Init instances completely, inst num: 319
BIT-1002 : Init pips with 20 threads.
BIT-1002 : Init pips completely, net num: 387, pip num: 2437
BIT-1003 : Multithreading accelaration with 20 threads.
BIT-1003 : Generate bitstream completely, there are 504 valid insts, and 7989 bits set as '1'.
BIT-1004 : PLL setting string = 0000
BIT-1004 : Generate bits file responder.bit.
RUN-1003 : finish command "bitgen -bit responder.bit -unused_io_status pulldown" in  1.043171s wall, 4.031250s user + 0.031250s system = 4.062500s CPU (389.4%)

RUN-1004 : used memory is 425 MB, reserved memory is 401 MB, peak memory is 639 MB
RUN-1002 : start command "backup_run_log run.log ../.logs/phy_1/td_20240826_202702.log"
