============================================================
   Tang Dynasty, V5.6.71036
      Copyright (c) 2012-2023 Anlogic Inc.
   Executable = E:/TangDanasty/bin/td.exe
   Built at =   20:34:38 Mar 21 2023
   Run by =     Lenovo
   Run Date =   Mon Aug 26 17:24:35 2024

   Run on =     LAPTOP-94TMECPO
============================================================
RUN-1002 : start command "open_project responder.prj"
RUN-1001 : Print Global Property
RUN-1001 : ---------------------------------------------------------------
RUN-1001 :        Parameters        |  Settings  |  Default Values  |  Note  
RUN-1001 : ---------------------------------------------------------------
RUN-1001 :          message         |  standard  |     standard     |        
RUN-1001 :   mixed_pack_place_flow  |     on     |        on        |        
RUN-1001 :        qor_monitor       |    off     |       off        |        
RUN-1001 :        syn_ip_flow       |    off     |       off        |        
RUN-1001 :          thread          |    auto    |       auto       |        
RUN-1001 : ---------------------------------------------------------------
RUN-1001 : Print Design Property
RUN-1001 : --------------------------------------------------------------
RUN-1001 :        Parameters       |  Settings  |  Default Values  |  Note  
RUN-1001 : --------------------------------------------------------------
RUN-1001 :   default_reg_initial   |    auto    |       auto       |        
RUN-1001 :        infer_add        |     on     |        on        |        
RUN-1001 :        infer_fsm        |    off     |       off        |        
RUN-1001 :        infer_mult       |     on     |        on        |        
RUN-1001 :        infer_ram        |     on     |        on        |        
RUN-1001 :        infer_reg        |     on     |        on        |        
RUN-1001 :   infer_reg_init_value  |     on     |        on        |        
RUN-1001 :        infer_rom        |     on     |        on        |        
RUN-1001 :      infer_shifter      |     on     |        on        |        
RUN-1001 : --------------------------------------------------------------
RUN-1001 : Print Rtl Property
RUN-1001 : --------------------------------------------------------------
RUN-1001 :        Parameters       |  Settings  |  Default Values  |  Note  
RUN-1001 : --------------------------------------------------------------
RUN-1001 :       compress_add      |   ripple   |      ripple      |        
RUN-1001 :        elf_sload        |    off     |       off        |        
RUN-1001 :       fix_undriven      |     0      |        0         |        
RUN-1001 :         flatten         |    off     |       off        |        
RUN-1001 :       gate_sharing      |     on     |        on        |        
RUN-1001 :    hdl_warning_level    |   normal   |      normal      |        
RUN-1001 :   impl_internal_tribuf  |     on     |        on        |        
RUN-1001 :      impl_set_reset     |     on     |        on        |        
RUN-1001 :        infer_gsr        |    off     |       off        |        
RUN-1001 :      keep_hierarchy     |    auto    |       auto       |        
RUN-1001 :        max_fanout       |    9999    |       9999       |        
RUN-1001 :      max_oh2bin_len     |     10     |        10        |        
RUN-1001 :       merge_equal       |     on     |        on        |        
RUN-1001 :       merge_equiv       |     on     |        on        |        
RUN-1001 :        merge_mux        |    off     |       off        |        
RUN-1001 :     min_control_set     |     8      |        8         |        
RUN-1001 :      min_ripple_len     |    auto    |       auto       |        
RUN-1001 :       oh2bin_ratio      |    0.08    |       0.08       |        
RUN-1001 :     opt_adder_fanout    |     on     |        on        |        
RUN-1001 :        opt_arith        |     on     |        on        |        
RUN-1001 :       opt_big_gate      |    off     |       off        |        
RUN-1001 :        opt_const        |     on     |        on        |        
RUN-1001 :      opt_const_mult     |     on     |        on        |        
RUN-1001 :       opt_lessthan      |     on     |        on        |        
RUN-1001 :         opt_mux         |    off     |       off        |        
RUN-1001 :         opt_ram         |    high    |       high       |        
RUN-1001 :      rtl_sim_model      |    off     |       off        |        
RUN-1001 :         seq_syn         |     on     |        on        |        
RUN-1001 : --------------------------------------------------------------
HDL-1007 : analyze verilog file ../../responder.v
HDL-1007 : analyze verilog file ../../Sel_module.v
HDL-1007 : analyze verilog file ../../Timer_module.v
HDL-1007 : analyze verilog file ../../Buzzer_module.v
HDL-1007 : analyze verilog file ../../Digitron_NumDisplay.v
HDL-1007 : analyze verilog file ../../key_filter.v
RUN-1001 : Project manager successfully analyzed 6 source files.
RUN-1002 : start command "import_device eagle_s20.db -package EG4S20BG256"
ARC-1001 : Device Initialization.
ARC-1001 : ------------------------------------------------------------------
ARC-1001 :            OPTION            |          IO          |   SETTING   
ARC-1001 : ------------------------------------------------------------------
ARC-1001 :   cso_b/cclk/mosi/miso/dout  |  T3/R11/T10/P10/S11  |    gpio    
ARC-1001 :             done             |         P13          |    gpio    
ARC-1001 :           program_b          |          T2          |  dedicate  
ARC-1001 :        tdi/tms/tck/tdo       |   C12/A15/C14/E14    |  dedicate  
ARC-1001 : ------------------------------------------------------------------
ARC-1004 : Device setting, marked 5 dedicate IOs in total.
RUN-1002 : start command "import_db ../syn_1/responder_gate.db"
RUN-1001 : Importing database generated by Tang Dynasty, V5.6.71036.
RUN-1001 : Database version number 46146.
RUN-1001 : Import flow parameters
RUN-1001 : Import IO constraints
RUN-1001 : Import Inst constraints
RUN-1001 : Import design success TD_VERSION=5.6.71036 , DB_VERSION=46146
RUN-1002 : start command "place"
RUN-1001 : Open license file E:/TangDanasty/license/Anlogic.lic
RUN-1001 : Print Global Property
RUN-1001 : ---------------------------------------------------------------
RUN-1001 :        Parameters        |  Settings  |  Default Values  |  Note  
RUN-1001 : ---------------------------------------------------------------
RUN-1001 :          message         |  standard  |     standard     |        
RUN-1001 :   mixed_pack_place_flow  |     on     |        on        |        
RUN-1001 :        qor_monitor       |    off     |       off        |        
RUN-1001 :        syn_ip_flow       |    off     |       off        |        
RUN-1001 :          thread          |    auto    |       auto       |        
RUN-1001 : ---------------------------------------------------------------
RUN-1001 : Print Place Property
RUN-1001 : --------------------------------------------------------------
RUN-1001 :        Parameters       |  Settings  |  Default Values  |  Note  
RUN-1001 : --------------------------------------------------------------
RUN-1001 :      detailed_place     |     on     |        on        |        
RUN-1001 :          effort         |   medium   |      medium      |        
RUN-1001 :         fix_hold        |    off     |       off        |        
RUN-1001 :       legalization      |    ori     |       ori        |        
RUN-1001 :      new_spreading      |     on     |        on        |        
RUN-1001 :        opt_timing       |   medium   |      medium      |        
RUN-1001 :   post_clock_route_opt  |    off     |       off        |        
RUN-1001 :       pr_strategy       |     1      |        1         |        
RUN-1001 :        relaxation       |    1.00    |       1.00       |        
RUN-1001 :         retiming        |    off     |       off        |        
RUN-1001 : --------------------------------------------------------------
PHY-3001 : Placer runs in 20 thread(s).
RUN-1002 : start command "legalize_phy_inst"
SYN-1011 : Flatten model responder
RUN-1002 : start command "phys_opt -simplify_lut"
SYN-4024 : Net "CLK_dup_1" drives clk pins.
SYN-4024 : Net "U4/W_Digitron_Out_n" drives clk pins.
SYN-4024 : Net "U4/W_DigitronCS_Out_n" drives clk pins.
SYN-4024 : Net "U2/CLK1" drives clk pins.
SYN-4024 : Net "U4/SingleNum_b_n4" drives clk pins.
SYN-4025 : Tag rtl::Net CLK_dup_1 as clock net
SYN-4025 : Tag rtl::Net U2/CLK1 as clock net
SYN-4025 : Tag rtl::Net U4/SingleNum_b_n4 as clock net
SYN-4025 : Tag rtl::Net U4/W_DigitronCS_Out_n as clock net
SYN-4025 : Tag rtl::Net U4/W_Digitron_Out_n as clock net
SYN-4026 : Tagged 5 rtl::Net as clock net
SYN-4015 : Create BUFG instance for clk Net U4/W_DigitronCS_Out_n to drive 8 clock pins.
SYN-4015 : Create BUFG instance for clk Net U4/W_Digitron_Out_n to drive 7 clock pins.
SYN-4015 : Create BUFG instance for clk Net U2/CLK1 to drive 6 clock pins.
SYN-4015 : Create BUFG instance for clk Net U4/SingleNum_b_n4 to drive 4 clock pins.
PHY-1001 : Populate physical database on model responder.
RUN-1001 : There are total 340 instances
RUN-0007 : 139 luts, 125 seqs, 20 mslices, 20 lslices, 29 pads, 0 brams, 0 dsps
RUN-1001 : There are total 449 nets
RUN-1001 : 253 nets have 2 pins
RUN-1001 : 155 nets have [3 - 5] pins
RUN-1001 : 29 nets have [6 - 10] pins
RUN-1001 : 6 nets have [11 - 20] pins
RUN-1001 : 4 nets have [21 - 99] pins
RUN-1001 : 2 nets have 100+ pins
RUN-1001 : Report Control nets information:
RUN-1001 : DFF Distribution
RUN-1001 : ----------------------------------
RUN-1001 :   CE   |  SSR  |  ASR  |  DFF Count  
RUN-1001 : ----------------------------------
RUN-1001 :   No   |  No   |  No   |     32      
RUN-1001 :   No   |  No   |  Yes  |     38      
RUN-1001 :   No   |  Yes  |  No   |     29      
RUN-1001 :   Yes  |  No   |  No   |      0      
RUN-1001 :   Yes  |  No   |  Yes  |     26      
RUN-1001 :   Yes  |  Yes  |  No   |      0      
RUN-1001 : ----------------------------------
RUN-0007 : Control Group Statistic
RUN-0007 : ---------------------------
RUN-0007 :   #CLK  |  #CE  |  #SSR/ASR  
RUN-0007 : ---------------------------
RUN-0007 :    5    |   2   |     5      
RUN-0007 : ---------------------------
RUN-0007 : Control Set = 11
PHY-3001 : Initial placement ...
PHY-3001 : design contains 338 instances, 139 luts, 125 seqs, 40 slices, 5 macros(40 instances: 20 mslices 20 lslices)
PHY-0007 : Cell area utilization is 1%
PHY-3001 : Global placement ...
PHY-3001 : Initial: Len = 112222
PHY-3001 : Clustering ...
PHY-3001 : Level 0 #clusters 338.
PHY-3001 : End clustering;  0.000016s wall, 0.000000s user + 0.000000s system = 0.000000s CPU (n/a%)

PHY-3001 : Run with size of 4
PHY-3001 : Cell area utilization is 1%
PHY-3001 : :::0::: Try harder cell spreading with beta_ = 0
PHY-3002 : Step(1): len = 66094.1, overlap = 0
PHY-3002 : Step(2): len = 43143.2, overlap = 0
PHY-3002 : Step(3): len = 31664.4, overlap = 0
PHY-3002 : Step(4): len = 25078.8, overlap = 0
PHY-3002 : Step(5): len = 21626.6, overlap = 0
PHY-3002 : Step(6): len = 20275.3, overlap = 0
PHY-3002 : Step(7): len = 20228.1, overlap = 0
PHY-3002 : Step(8): len = 19756.7, overlap = 0
PHY-3002 : Step(9): len = 18299.4, overlap = 0
PHY-3002 : Step(10): len = 16504.5, overlap = 0
PHY-3002 : Step(11): len = 15204.5, overlap = 0
PHY-3002 : Step(12): len = 14938.4, overlap = 0
PHY-3002 : Step(13): len = 14549.1, overlap = 0
PHY-3002 : Step(14): len = 13705.4, overlap = 0
PHY-3002 : Step(15): len = 13429.2, overlap = 0
PHY-3002 : Step(16): len = 13068.9, overlap = 0
PHY-3002 : Step(17): len = 11906.4, overlap = 0
PHY-3002 : Step(18): len = 11180, overlap = 0
PHY-3002 : Step(19): len = 11327.7, overlap = 0
PHY-3002 : Step(20): len = 10688.2, overlap = 0
PHY-3002 : Step(21): len = 11040.9, overlap = 0
PHY-3002 : Step(22): len = 10743.5, overlap = 0
PHY-3002 : Step(23): len = 10039.8, overlap = 0
PHY-3002 : Step(24): len = 10121.1, overlap = 0
PHY-3002 : Step(25): len = 9532.3, overlap = 0
PHY-3002 : Step(26): len = 9408.4, overlap = 0
PHY-3002 : Step(27): len = 8616.4, overlap = 0
PHY-3002 : Step(28): len = 8748.4, overlap = 0
PHY-3002 : Step(29): len = 8716.6, overlap = 0
PHY-3002 : Step(30): len = 8521.5, overlap = 0
PHY-3002 : Step(31): len = 8355.6, overlap = 0
PHY-3002 : Step(32): len = 7879.9, overlap = 0
PHY-3002 : Step(33): len = 7621.7, overlap = 0
PHY-3002 : Step(34): len = 7703.5, overlap = 0
PHY-3001 : Legalization ...
PHY-3001 : End legalization;  0.003227s wall, 0.000000s user + 0.000000s system = 0.000000s CPU (n/a%)

PHY-3001 : Run with size of 4
PHY-3001 : Cell area utilization is 1%
PHY-3001 : :::0::: Try harder cell spreading with beta_ = 0.649725
PHY-3002 : Step(35): len = 7140.7, overlap = 0
PHY-3002 : Step(36): len = 7211.6, overlap = 0
PHY-3002 : Step(37): len = 7272.6, overlap = 0
PHY-3001 : Run with size of 2
PHY-3001 : Cell area utilization is 1%
PHY-3001 : :::0::: Try harder cell spreading with beta_ = 0
PHY-3002 : Step(38): len = 6867.4, overlap = 4.34375
PHY-3002 : Step(39): len = 6966.8, overlap = 3.59375
PHY-3002 : Step(40): len = 6966.8, overlap = 3.59375
PHY-3002 : Step(41): len = 6820.3, overlap = 3.65625
PHY-3002 : Step(42): len = 6850.9, overlap = 3.65625
PHY-3002 : Step(43): len = 6954.2, overlap = 3.6875
OPT-1001 : Start physical optimization ...
OPT-1001 : Total overflow 17.38 peak overflow 2.44
OPT-1001 : Start high-fanout net optimization ...
OPT-1001 : Update timing in global mode
PHY-1001 : Start incremental global routing, caller is place ...
RUN-1001 : Generating global routing grids ...
RUN-1001 : Building simple global routing graph ...
PHY-1001 : Generate routing nets ...
PHY-1001 : Reuse net number 0/449.
PHY-1001 : Global iterations in 20 thread ...
PHY-1002 : len = 7168, over cnt = 16(0%), over = 42, worst = 6
PHY-1001 : End global iterations;  0.015927s wall, 0.000000s user + 0.000000s system = 0.000000s CPU (n/a%)

PHY-1001 : Congestion index: top1 = 10.86, top5 = 4.49, top10 = 2.32, top15 = 1.55.
PHY-1001 : End incremental global routing;  0.050717s wall, 0.000000s user + 0.000000s system = 0.000000s CPU (n/a%)

RUN-1002 : start command "start_timer -report"
TMR-5001 WARNING: No sdc constraints found while initiating timer.
TMR-2505 : Start building timing graph for model responder.
TMR-2506 : Build timing graph completely. Port num: 10, tpin num: 1548, tnet num: 447, tinst num: 338, tnode num: 1990, tedge num: 2499.
TMR-2508 : Levelizing timing graph completed, there are 23 levels in total.
TMR-2501 : Timing graph initialized successfully.
OPT-1001 : End timing update;  0.129336s wall, 0.062500s user + 0.000000s system = 0.062500s CPU (48.3%)

OPT-1001 : 0 high-fanout net processed.
OPT-1001 : End high-fanout net optimization;  0.183186s wall, 0.062500s user + 0.000000s system = 0.062500s CPU (34.1%)

OPT-1001 : Current memory(MB): used = 149, reserve = 118, peak = 149.
OPT-1001 : End physical optimization;  0.186502s wall, 0.062500s user + 0.000000s system = 0.062500s CPU (33.5%)

PHY-3001 : Start packing ...
SYN-4007 : Packing 0 MUX to BLE ...
SYN-4008 : Packed 0 MUX and 0 SEQ to BLE.
SYN-4007 : Packing 139 LUT to BLE ...
SYN-4008 : Packed 139 LUT and 62 SEQ to BLE.
SYN-4003 : Packing 63 remaining SEQ's ...
SYN-4005 : Packed 39 SEQ with LUT/SLICE
SYN-4006 : 44 single LUT's are left
SYN-4006 : 24 single SEQ's are left
SYN-4011 : Packing model "responder" (AL_USER_NORMAL) with 163/239 primitive instances ...
PHY-3001 : End packing;  0.006641s wall, 0.000000s user + 0.000000s system = 0.000000s CPU (n/a%)

PHY-1001 : Populate physical database on model responder.
RUN-1001 : There are total 169 instances
RUN-1001 : 66 mslices, 67 lslices, 29 pads, 0 brams, 0 dsps
RUN-1001 : There are total 393 nets
RUN-1001 : 199 nets have 2 pins
RUN-1001 : 153 nets have [3 - 5] pins
RUN-1001 : 24 nets have [6 - 10] pins
RUN-1001 : 14 nets have [11 - 20] pins
RUN-1001 : 2 nets have [21 - 99] pins
RUN-1001 : 1 nets have 100+ pins
PHY-3001 : design contains 167 instances, 133 slices, 5 macros(40 instances: 20 mslices 20 lslices)
PHY-3001 : Cell area utilization is 1%
PHY-3001 : After packing: Len = 7321.4, Over = 6
PHY-3001 : Run with size of 2
PHY-3001 : Cell area utilization is 1%
PHY-3001 : :::0::: Try harder cell spreading with beta_ = 0.0113565
PHY-3002 : Step(44): len = 7044.1, overlap = 6.25
PHY-3002 : Step(45): len = 6934.7, overlap = 6.25
PHY-3002 : Step(46): len = 6917.5, overlap = 6.5
PHY-3001 : Legalization ...
PHY-3001 : End legalization;  0.048181s wall, 0.000000s user + 0.000000s system = 0.000000s CPU (n/a%)

PHY-3001 : Trial Legalized: Len = 11003.5
PHY-3001 : Run with size of 2
PHY-3001 : Cell area utilization is 1%
PHY-3001 : :::0::: Try harder cell spreading with beta_ = 0
PHY-3002 : Step(47): len = 8385.4, overlap = 1.25
PHY-3002 : Step(48): len = 7425.7, overlap = 2.75
PHY-3002 : Step(49): len = 7053.2, overlap = 2.5
PHY-3002 : Step(50): len = 7015.8, overlap = 2
PHY-3002 : Step(51): len = 7012.8, overlap = 2
PHY-3001 : Legalization ...
PHY-3001 : End legalization;  0.003942s wall, 0.000000s user + 0.000000s system = 0.000000s CPU (n/a%)

PHY-3001 : Legalized: Len = 8918.9, Over = 0
PHY-3001 : End spreading;  0.002058s wall, 0.000000s user + 0.000000s system = 0.000000s CPU (n/a%)

PHY-3001 : Final: Len = 8918.9, Over = 0
OPT-1001 : Start physical optimization ...
OPT-1001 : Total overflow 0.00 peak overflow 0.00
OPT-1001 : Start high-fanout net optimization ...
OPT-1001 : Update timing in global mode
PHY-1001 : Start incremental global routing, caller is place ...
RUN-1001 : Generating global routing grids ...
PHY-1001 : Generate routing nets ...
PHY-1001 : Reuse net number 23/393.
PHY-1001 : Global iterations in 20 thread ...
PHY-1002 : len = 9504, over cnt = 27(0%), over = 49, worst = 4
PHY-1002 : len = 9800, over cnt = 17(0%), over = 25, worst = 3
PHY-1002 : len = 10144, over cnt = 2(0%), over = 3, worst = 2
PHY-1002 : len = 10168, over cnt = 0(0%), over = 0, worst = 0
PHY-1001 : End global iterations;  0.031465s wall, 0.000000s user + 0.000000s system = 0.000000s CPU (n/a%)

PHY-1001 : Congestion index: top1 = 15.13, top5 = 6.33, top10 = 3.39, top15 = 2.26.
PHY-1001 : End incremental global routing;  0.063246s wall, 0.015625s user + 0.000000s system = 0.015625s CPU (24.7%)

RUN-1002 : start command "start_timer -report"
TMR-5001 WARNING: No sdc constraints found while initiating timer.
TMR-2505 : Start building timing graph for model responder.
TMR-2506 : Build timing graph completely. Port num: 10, tpin num: 1360, tnet num: 391, tinst num: 167, tnode num: 1704, tedge num: 2291.
TMR-2508 : Levelizing timing graph completed, there are 23 levels in total.
TMR-2501 : Timing graph initialized successfully.
OPT-1001 : End timing update;  0.110223s wall, 0.031250s user + 0.000000s system = 0.031250s CPU (28.4%)

OPT-1001 : 0 high-fanout net processed.
OPT-1001 : End high-fanout net optimization;  0.176390s wall, 0.046875s user + 0.000000s system = 0.046875s CPU (26.6%)

OPT-1001 : Current memory(MB): used = 150, reserve = 119, peak = 150.
OPT-1001 : Update timing in Manhattan mode
OPT-1001 : End timing update;  0.000210s wall, 0.000000s user + 0.000000s system = 0.000000s CPU (n/a%)

OPT-1001 : Start pin optimization...
OPT-1001 : skip pin optimization...
RUN-1001 : Generating global routing grids ...
PHY-1001 : Generate routing nets ...
PHY-1001 : Reuse net number 306/393.
PHY-1001 : Global iterations in 20 thread ...
PHY-1002 : len = 10168, over cnt = 0(0%), over = 0, worst = 0
PHY-1001 : End global iterations;  0.000916s wall, 0.000000s user + 0.000000s system = 0.000000s CPU (n/a%)

PHY-1001 : Congestion index: top1 = 15.13, top5 = 6.33, top10 = 3.39, top15 = 2.26.
OPT-1001 : Update timing in Manhattan mode
OPT-1001 : End timing update;  0.000336s wall, 0.000000s user + 0.000000s system = 0.000000s CPU (n/a%)

RUN-1001 : QoR Analysis:
OPT-0007 :   WNS 2147483647 TNS 0 NUM_FEPS 0
RUN-1001 :   No local congestion issue, and most congested 1% tile average routing util is 14.689655
RUN-1001 :   Top critical paths
OPT-1001 : End physical optimization;  0.212687s wall, 0.046875s user + 0.000000s system = 0.046875s CPU (22.0%)

RUN-1003 : finish command "place" in  1.375727s wall, 0.250000s user + 0.187500s system = 0.437500s CPU (31.8%)

RUN-1004 : used memory is 131 MB, reserved memory is 100 MB, peak memory is 151 MB
RUN-1002 : start command "export_db responder_place.db"
RUN-1001 : Exported /
RUN-1001 : Exported flow parameters
RUN-1001 : Exported libs
RUN-1001 : Exported entities
RUN-1001 : Exported ports
RUN-1001 : Exported pins
RUN-1001 : Exported instances
RUN-1001 : Exported nets
RUN-1001 : Exported buses
RUN-1001 : Exported models
RUN-1001 : Exported congestions
RUN-1001 : Exported violations
RUN-1001 : Exported IO constraints
RUN-1001 : Exported Inst constraints
RUN-1002 : start command "route"
RUN-1001 : Open license file E:/TangDanasty/license/Anlogic.lic
RUN-1001 : Print Global Property
RUN-1001 : ---------------------------------------------------------------
RUN-1001 :        Parameters        |  Settings  |  Default Values  |  Note  
RUN-1001 : ---------------------------------------------------------------
RUN-1001 :          message         |  standard  |     standard     |        
RUN-1001 :   mixed_pack_place_flow  |     on     |        on        |        
RUN-1001 :        qor_monitor       |    off     |       off        |        
RUN-1001 :        syn_ip_flow       |    off     |       off        |        
RUN-1001 :          thread          |    auto    |       auto       |        
RUN-1001 : ---------------------------------------------------------------
RUN-1001 : Print Route Property
RUN-1001 : -------------------------------------------------------
RUN-1001 :    Parameters    |  Settings  |  Default Values  |  Note  
RUN-1001 : -------------------------------------------------------
RUN-1001 :      effort      |   medium   |      medium      |        
RUN-1001 :     fix_hold     |    off     |       off        |        
RUN-1001 :    opt_timing    |   medium   |      medium      |        
RUN-1001 :   phy_sim_model  |    off     |       off        |        
RUN-1001 :     priority     |   timing   |      timing      |        
RUN-1001 :     swap_pin     |     on     |        on        |        
RUN-1001 : -------------------------------------------------------
PHY-1001 : Route runs in 20 thread(s)
RUN-1001 : There are total 169 instances
RUN-1001 : 66 mslices, 67 lslices, 29 pads, 0 brams, 0 dsps
RUN-1001 : There are total 393 nets
RUN-1001 : 199 nets have 2 pins
RUN-1001 : 153 nets have [3 - 5] pins
RUN-1001 : 24 nets have [6 - 10] pins
RUN-1001 : 14 nets have [11 - 20] pins
RUN-1001 : 2 nets have [21 - 99] pins
RUN-1001 : 1 nets have 100+ pins
RUN-1002 : start command "start_timer -report"
TMR-5001 WARNING: No sdc constraints found while initiating timer.
TMR-2505 : Start building timing graph for model responder.
TMR-2506 : Build timing graph completely. Port num: 10, tpin num: 1360, tnet num: 391, tinst num: 167, tnode num: 1704, tedge num: 2291.
TMR-2508 : Levelizing timing graph completed, there are 23 levels in total.
TMR-2501 : Timing graph initialized successfully.
PHY-1001 : 66 mslices, 67 lslices, 29 pads, 0 brams, 0 dsps
TMR-2503 : Start to update net delay, extr mode = 3.
TMR-2504 : Update delay of 391 nets completely.
TMR-2502 : Annotate delay completely, extr mode = 3.
TMR-3002 : No user constraint, initiate default constraint.
TMR-1501 : Assign derive clock DeriveClock to 210 clock pins, and constraint 344 relative nodes.
TMR-3003 : Constraints initiated successfully.
TMR-3501 : Forward propagation: start to calculate arrival time...
TMR-3502 : Backward propagation: start to calculate required time...
TMR-3503 : Timing propagation completes.
PHY-1001 : Start global routing, caller is route ...
RUN-1001 : Generating global routing grids ...
PHY-1001 : Generate routing nets ...
PHY-1001 : Global iterations in 20 thread ...
PHY-1002 : len = 9456, over cnt = 28(0%), over = 50, worst = 4
PHY-1002 : len = 9768, over cnt = 17(0%), over = 25, worst = 3
PHY-1002 : len = 10080, over cnt = 4(0%), over = 5, worst = 2
PHY-1002 : len = 10136, over cnt = 0(0%), over = 0, worst = 0
PHY-1001 : End global iterations;  0.033031s wall, 0.000000s user + 0.000000s system = 0.000000s CPU (n/a%)

PHY-1001 : Congestion index: top1 = 15.43, top5 = 6.35, top10 = 3.38, top15 = 2.25.
PHY-1001 : End global routing;  0.065536s wall, 0.015625s user + 0.000000s system = 0.015625s CPU (23.8%)

PHY-1001 : Start detail routing ...
PHY-1001 : Current memory(MB): used = 177, reserve = 146, peak = 196.
PHY-1001 : Detailed router is running in normal mode.
PHY-1001 : Generate detailed routing grids ...
PHY-1001 : Processed IO instance DigitronCS_Out[3]_syn_2 with INV attribute.
PHY-1001 : Processed IO instance DigitronCS_Out[2]_syn_2 with INV attribute.
PHY-1001 : Processed IO instance DigitronCS_Out[1]_syn_2 with INV attribute.
PHY-1001 : Processed IO instance DigitronCS_Out[0]_syn_2 with INV attribute.
PHY-1001 : Processed IO instance Digitron_Out[6]_syn_2 with INV attribute.
PHY-1001 : Processed IO instance Digitron_Out[5]_syn_2 with INV attribute.
PHY-1001 : Processed IO instance Digitron_Out[4]_syn_2 with INV attribute.
PHY-1001 : Processed IO instance Digitron_Out[3]_syn_2 with INV attribute.
PHY-1001 : Processed IO instance Digitron_Out[2]_syn_2 with INV attribute.
PHY-1001 : Processed IO instance Digitron_Out[1]_syn_2 with INV attribute.
PHY-1001 : Processed IO instance Digitron_Out[0]_syn_2 with INV attribute.
PHY-1001 : Generate nets ...
PHY-1001 : net CLK_dup_1 will be routed on clock mesh
PHY-1001 : clock net U2/CLK1_syn_4 will be merged with clock U2/CLK1
PHY-1001 : clock net U4/SingleNum_b_n4_syn_10 will be merged with clock U4/SingleNum_b_n4
PHY-1001 : clock net U4/W_DigitronCS_Out_n_syn_4 will be merged with clock U4/W_DigitronCS_Out_n
PHY-1001 : clock net U4/W_Digitron_Out_n_syn_11 will be merged with clock U4/W_Digitron_Out_n
PHY-1001 : Current memory(MB): used = 446, reserve = 419, peak = 446.
PHY-1001 : End build detailed router design. 2.657821s wall, 0.546875s user + 0.031250s system = 0.578125s CPU (21.8%)

PHY-1001 : Detail Route ...
PHY-1001 : ===== Detail Route Phase 1 =====
PHY-1001 : Clock net routing.....
PHY-1001 : Routed 1% nets.
PHY-1022 : len = 14320, over cnt = 0(0%), over = 0, worst = 0, crit = 0
PHY-1001 : End initial clock net routed; 0.992297s wall, 0.187500s user + 0.000000s system = 0.187500s CPU (18.9%)

PHY-1001 : Current memory(MB): used = 475, reserve = 450, peak = 475.
PHY-1001 : End phase 1; 0.997298s wall, 0.187500s user + 0.000000s system = 0.187500s CPU (18.8%)

PHY-1001 : ===== Detail Route Phase 2 =====
PHY-1001 : Initial routing.....
PHY-1001 : Routed 30% nets.
PHY-1001 : Routed 40% nets.
PHY-1001 : Routed 52% nets.
PHY-1001 : Routed 65% nets.
PHY-1001 : Routed 82% nets.
PHY-1022 : len = 33464, over cnt = 8(0%), over = 8, worst = 1, crit = 0
PHY-1001 : Current memory(MB): used = 475, reserve = 450, peak = 476.
PHY-1001 : End initial routed; 0.124112s wall, 0.015625s user + 0.000000s system = 0.015625s CPU (12.6%)

PHY-1001 : Current memory(MB): used = 475, reserve = 450, peak = 476.
PHY-1001 : End phase 2; 0.124168s wall, 0.015625s user + 0.000000s system = 0.015625s CPU (12.6%)

PHY-1001 : ===== Detail Route Phase 3 =====
PHY-1001 : Ripup-reroute.....
PHY-1001 : ===== DR Iter 1 =====
PHY-1022 : len = 33480, over cnt = 3(0%), over = 3, worst = 1, crit = 0
PHY-1001 : End DR Iter 1; 0.011784s wall, 0.015625s user + 0.000000s system = 0.015625s CPU (132.6%)

PHY-1001 : ===== DR Iter 2 =====
PHY-1022 : len = 33512, over cnt = 0(0%), over = 0, worst = 0, crit = 0
PHY-1001 : End DR Iter 2; 0.009708s wall, 0.000000s user + 0.000000s system = 0.000000s CPU (n/a%)

PHY-1001 : Commit to database.....
PHY-1001 : 1 feed throughs used by 1 nets
PHY-1001 : End commit to database; 0.037025s wall, 0.000000s user + 0.000000s system = 0.000000s CPU (n/a%)

PHY-1001 : Current memory(MB): used = 485, reserve = 459, peak = 485.
PHY-1001 : End phase 3; 0.138187s wall, 0.046875s user + 0.000000s system = 0.046875s CPU (33.9%)

PHY-1003 : Routed, final wirelength = 33512
PHY-1001 : Current memory(MB): used = 485, reserve = 460, peak = 485.
PHY-1001 : End export database. 0.005531s wall, 0.000000s user + 0.000000s system = 0.000000s CPU (n/a%)

PHY-1001 : End detail routing;  4.078288s wall, 0.843750s user + 0.031250s system = 0.875000s CPU (21.5%)

RUN-1003 : finish command "route" in  4.309681s wall, 0.875000s user + 0.031250s system = 0.906250s CPU (21.0%)

RUN-1004 : used memory is 421 MB, reserved memory is 396 MB, peak memory is 485 MB
RUN-1002 : start command "report_area -io_info -file responder_phy.area"
RUN-1001 : standard
***Report Model: responder Device: EG4S20BG256***

IO Statistics
#IO                        29
  #input                    7
  #output                  22
  #inout                    0

Utilization Statistics
#lut                      226   out of  19600    1.15%
#reg                      146   out of  19600    0.74%
#le                       247
  #lut only               101   out of    247   40.89%
  #reg only                21   out of    247    8.50%
  #lut&reg                125   out of    247   50.61%
#dsp                        0   out of     29    0.00%
#bram                       0   out of     64    0.00%
  #bram9k                   0
  #fifo9k                   0
#bram32k                    0   out of     16    0.00%
#pad                       29   out of    188   15.43%
  #ireg                     4
  #oreg                    17
  #treg                     0
#pll                        0   out of      4    0.00%
#gclk                       4   out of     16   25.00%

Clock Resource Statistics
Index     ClockNet                 Type               DriverType         Driver                           Fanout
#1        CLK_dup_1                GCLK               io                 CLK_syn_2.di                     91
#2        U4/W_DigitronCS_Out_n    GCLK               lslice             U4/reg2_syn_25.f1                8
#3        U4/W_Digitron_Out_n      GCLK               lslice             U4/W_Digitron_Out_n_syn_31.f1    7
#4        U2/CLK1                  GCLK               lslice             U2/CLK1_reg_syn_30.q0            5
#5        U4/SingleNum_b_n4        GCLK               mslice             U4/reg1_syn_40.f0                4


Detailed IO Report

        Name           Direction    Location    IOStandard    DriveStrength    PullType    PackReg  
         CLK             INPUT         R7        LVCMOS33          N/A          PULLUP      NONE    
      Key_In[3]          INPUT        F10        LVCMOS33          N/A          PULLUP      IREG    
      Key_In[2]          INPUT        C11        LVCMOS33          N/A          PULLUP      IREG    
      Key_In[1]          INPUT        D11        LVCMOS33          N/A          PULLUP      IREG    
      Key_In[0]          INPUT        E11        LVCMOS33          N/A          PULLUP      IREG    
        RSTn             INPUT         A9        LVCMOS33          N/A          PULLUP      NONE    
        Start            INPUT        A10        LVCMOS33          N/A          PULLUP      NONE    
     Buzzer_Out         OUTPUT        H11        LVCMOS33           8            NONE       OREG    
  DigitronCS_Out[3]     OUTPUT         A3        LVCMOS33           8            NONE       OREG    
  DigitronCS_Out[2]     OUTPUT         A5        LVCMOS33           8            NONE       OREG    
  DigitronCS_Out[1]     OUTPUT         B6        LVCMOS33           8            NONE       OREG    
  DigitronCS_Out[0]     OUTPUT         C9        LVCMOS33           8            NONE       OREG    
   Digitron_Out[7]      OUTPUT         C8        LVCMOS33           8            NONE       NONE    
   Digitron_Out[6]      OUTPUT         A8        LVCMOS33           8            NONE       OREG    
   Digitron_Out[5]      OUTPUT         B5        LVCMOS33           8            NONE       OREG    
   Digitron_Out[4]      OUTPUT         A7        LVCMOS33           8            NONE       OREG    
   Digitron_Out[3]      OUTPUT         E8        LVCMOS33           8            NONE       OREG    
   Digitron_Out[2]      OUTPUT         B8        LVCMOS33           8            NONE       OREG    
   Digitron_Out[1]      OUTPUT         A6        LVCMOS33           8            NONE       OREG    
   Digitron_Out[0]      OUTPUT         A4        LVCMOS33           8            NONE       OREG    
     Key_Row[3]         OUTPUT        E10        LVCMOS33           8            NONE       NONE    
     Key_Row[2]         OUTPUT        C10        LVCMOS33           8            NONE       NONE    
     Key_Row[1]         OUTPUT         F9        LVCMOS33           8            NONE       NONE    
     Key_Row[0]         OUTPUT         D9        LVCMOS33           8            NONE       NONE    
     LED_Out[3]         OUTPUT        C15        LVCMOS33           8            NONE       OREG    
     LED_Out[2]         OUTPUT        B16        LVCMOS33           8            NONE       OREG    
     LED_Out[1]         OUTPUT        B15        LVCMOS33           8            NONE       OREG    
     LED_Out[0]         OUTPUT        B14        LVCMOS33           8            NONE       OREG    
  LED_OverTime_Out      OUTPUT        F16        LVCMOS33           8            NONE       OREG    

Report Hierarchy Area:
+-----------------------------------------------------------------------------------+
|Instance |Module              |le     |lut     |ripple  |seq     |bram    |dsp     |
+-----------------------------------------------------------------------------------+
|top      |responder           |247    |186     |40      |167     |0       |0       |
|  U1     |Sel_module          |64     |52      |7       |37      |0       |0       |
|  U2     |Timer_module        |45     |35      |7       |30      |0       |0       |
|  U3     |Buzzer_module       |43     |25      |6       |28      |0       |0       |
|  U4     |Digitron_NumDisplay |60     |51      |9       |27      |0       |0       |
|  U5     |key_filter          |35     |23      |11      |24      |0       |0       |
+-----------------------------------------------------------------------------------+


DataNet Average Fanout:

   Index     Fanout    Nets  
    #1         1       170   
    #2         2       132   
    #3         3        9    
    #4         4        11   
    #5        5-10      23   
    #6       11-50      11   
  Average     2.24           

RUN-1002 : start command "export_db responder_pr.db"
RUN-1001 : Exported /
RUN-1001 : Exported flow parameters
RUN-1001 : Exported libs
RUN-1001 : Exported entities
RUN-1001 : Exported ports
RUN-1001 : Exported pins
RUN-1001 : Exported instances
RUN-1001 : Exported nets
RUN-1001 : Exported buses
RUN-1001 : Exported models
RUN-1001 : Exported congestions
RUN-1001 : Exported violations
RUN-1001 : Exported IO constraints
RUN-1001 : Exported Inst constraints
RUN-1002 : start command "export_bid responder_inst.bid"
RUN-1002 : start command "bitgen -bit responder.bit -unused_io_status pulldown"
BIT-1003 : Start to generate bitstream. 
BIT-1002 : Bitgen processed 159 unused pads, reserve input tri_state with pulldown
BIT-1002 : Init instances with 20 threads.
BIT-1002 : Init instances completely, inst num: 326
BIT-1002 : Init pips with 20 threads.
BIT-1002 : Init pips completely, net num: 393, pip num: 2773
BIT-1002 : Init feedthrough completely, num: 1
BIT-1003 : Multithreading accelaration with 20 threads.
BIT-1003 : Generate bitstream completely, there are 632 valid insts, and 8619 bits set as '1'.
BIT-1004 : PLL setting string = 0000
BIT-1004 : Generate bits file responder.bit.
RUN-1003 : finish command "bitgen -bit responder.bit -unused_io_status pulldown" in  1.081502s wall, 4.531250s user + 0.031250s system = 4.562500s CPU (421.9%)

RUN-1004 : used memory is 426 MB, reserved memory is 400 MB, peak memory is 641 MB
RUN-1002 : start command "backup_run_log run.log ../.logs/phy_1/td_20240826_172435.log"
