============================================================
   Tang Dynasty, V5.6.71036
      Copyright (c) 2012-2023 Anlogic Inc.
   Executable = E:/TangDanasty/bin/td.exe
   Built at =   20:34:38 Mar 21 2023
   Run by =     Lenovo
   Run Date =   Mon Aug 26 19:53:50 2024

   Run on =     LAPTOP-94TMECPO
============================================================
RUN-1002 : start command "open_project responder.prj"
RUN-1001 : Print Global Property
RUN-1001 : ---------------------------------------------------------------
RUN-1001 :        Parameters        |  Settings  |  Default Values  |  Note  
RUN-1001 : ---------------------------------------------------------------
RUN-1001 :          message         |  standard  |     standard     |        
RUN-1001 :   mixed_pack_place_flow  |     on     |        on        |        
RUN-1001 :        qor_monitor       |    off     |       off        |        
RUN-1001 :        syn_ip_flow       |    off     |       off        |        
RUN-1001 :          thread          |    auto    |       auto       |        
RUN-1001 : ---------------------------------------------------------------
RUN-1001 : Print Design Property
RUN-1001 : --------------------------------------------------------------
RUN-1001 :        Parameters       |  Settings  |  Default Values  |  Note  
RUN-1001 : --------------------------------------------------------------
RUN-1001 :   default_reg_initial   |    auto    |       auto       |        
RUN-1001 :        infer_add        |     on     |        on        |        
RUN-1001 :        infer_fsm        |    off     |       off        |        
RUN-1001 :        infer_mult       |     on     |        on        |        
RUN-1001 :        infer_ram        |     on     |        on        |        
RUN-1001 :        infer_reg        |     on     |        on        |        
RUN-1001 :   infer_reg_init_value  |     on     |        on        |        
RUN-1001 :        infer_rom        |     on     |        on        |        
RUN-1001 :      infer_shifter      |     on     |        on        |        
RUN-1001 : --------------------------------------------------------------
RUN-1001 : Print Rtl Property
RUN-1001 : --------------------------------------------------------------
RUN-1001 :        Parameters       |  Settings  |  Default Values  |  Note  
RUN-1001 : --------------------------------------------------------------
RUN-1001 :       compress_add      |   ripple   |      ripple      |        
RUN-1001 :        elf_sload        |    off     |       off        |        
RUN-1001 :       fix_undriven      |     0      |        0         |        
RUN-1001 :         flatten         |    off     |       off        |        
RUN-1001 :       gate_sharing      |     on     |        on        |        
RUN-1001 :    hdl_warning_level    |   normal   |      normal      |        
RUN-1001 :   impl_internal_tribuf  |     on     |        on        |        
RUN-1001 :      impl_set_reset     |     on     |        on        |        
RUN-1001 :        infer_gsr        |    off     |       off        |        
RUN-1001 :      keep_hierarchy     |    auto    |       auto       |        
RUN-1001 :        max_fanout       |    9999    |       9999       |        
RUN-1001 :      max_oh2bin_len     |     10     |        10        |        
RUN-1001 :       merge_equal       |     on     |        on        |        
RUN-1001 :       merge_equiv       |     on     |        on        |        
RUN-1001 :        merge_mux        |    off     |       off        |        
RUN-1001 :     min_control_set     |     8      |        8         |        
RUN-1001 :      min_ripple_len     |    auto    |       auto       |        
RUN-1001 :       oh2bin_ratio      |    0.08    |       0.08       |        
RUN-1001 :     opt_adder_fanout    |     on     |        on        |        
RUN-1001 :        opt_arith        |     on     |        on        |        
RUN-1001 :       opt_big_gate      |    off     |       off        |        
RUN-1001 :        opt_const        |     on     |        on        |        
RUN-1001 :      opt_const_mult     |     on     |        on        |        
RUN-1001 :       opt_lessthan      |     on     |        on        |        
RUN-1001 :         opt_mux         |    off     |       off        |        
RUN-1001 :         opt_ram         |    high    |       high       |        
RUN-1001 :      rtl_sim_model      |    off     |       off        |        
RUN-1001 :         seq_syn         |     on     |        on        |        
RUN-1001 : --------------------------------------------------------------
HDL-1007 : analyze verilog file ../../responder.v
HDL-1007 : analyze verilog file ../../Sel_module.v
HDL-5007 WARNING: literal value 'd44_999_999 truncated to fit in 25 bits in ../../Sel_module.v(47)
HDL-1007 : analyze verilog file ../../Timer_module.v
HDL-1007 : analyze verilog file ../../Buzzer_module.v
HDL-1007 : analyze verilog file ../../Digitron_NumDisplay.v
HDL-1007 : analyze verilog file ../../key_filter.v
RUN-1001 : Project manager successfully analyzed 6 source files.
RUN-1002 : start command "import_device eagle_s20.db -package EG4S20BG256"
ARC-1001 : Device Initialization.
ARC-1001 : ------------------------------------------------------------------
ARC-1001 :            OPTION            |          IO          |   SETTING   
ARC-1001 : ------------------------------------------------------------------
ARC-1001 :   cso_b/cclk/mosi/miso/dout  |  T3/R11/T10/P10/S11  |    gpio    
ARC-1001 :             done             |         P13          |    gpio    
ARC-1001 :           program_b          |          T2          |  dedicate  
ARC-1001 :        tdi/tms/tck/tdo       |   C12/A15/C14/E14    |  dedicate  
ARC-1001 : ------------------------------------------------------------------
ARC-1004 : Device setting, marked 5 dedicate IOs in total.
RUN-1002 : start command "import_db ../syn_1/responder_gate.db"
RUN-1001 : Importing database generated by Tang Dynasty, V5.6.71036.
RUN-1001 : Database version number 46146.
RUN-1001 : Import flow parameters
RUN-1001 : Import IO constraints
RUN-1001 : Import Inst constraints
RUN-1001 : Import design success TD_VERSION=5.6.71036 , DB_VERSION=46146
RUN-1002 : start command "place"
RUN-1001 : Open license file E:/TangDanasty/license/Anlogic.lic
RUN-1001 : Print Global Property
RUN-1001 : ---------------------------------------------------------------
RUN-1001 :        Parameters        |  Settings  |  Default Values  |  Note  
RUN-1001 : ---------------------------------------------------------------
RUN-1001 :          message         |  standard  |     standard     |        
RUN-1001 :   mixed_pack_place_flow  |     on     |        on        |        
RUN-1001 :        qor_monitor       |    off     |       off        |        
RUN-1001 :        syn_ip_flow       |    off     |       off        |        
RUN-1001 :          thread          |    auto    |       auto       |        
RUN-1001 : ---------------------------------------------------------------
RUN-1001 : Print Place Property
RUN-1001 : --------------------------------------------------------------
RUN-1001 :        Parameters       |  Settings  |  Default Values  |  Note  
RUN-1001 : --------------------------------------------------------------
RUN-1001 :      detailed_place     |     on     |        on        |        
RUN-1001 :          effort         |   medium   |      medium      |        
RUN-1001 :         fix_hold        |    off     |       off        |        
RUN-1001 :       legalization      |    ori     |       ori        |        
RUN-1001 :      new_spreading      |     on     |        on        |        
RUN-1001 :        opt_timing       |   medium   |      medium      |        
RUN-1001 :   post_clock_route_opt  |    off     |       off        |        
RUN-1001 :       pr_strategy       |     1      |        1         |        
RUN-1001 :        relaxation       |    1.00    |       1.00       |        
RUN-1001 :         retiming        |    off     |       off        |        
RUN-1001 : --------------------------------------------------------------
PHY-3001 : Placer runs in 20 thread(s).
RUN-1002 : start command "legalize_phy_inst"
SYN-1011 : Flatten model responder
RUN-1002 : start command "phys_opt -simplify_lut"
SYN-4024 : Net "CLK_dup_1" drives clk pins.
SYN-4024 : Net "U4/W_Digitron_Out_n" drives clk pins.
SYN-4024 : Net "U4/W_DigitronCS_Out_n" drives clk pins.
SYN-4024 : Net "U2/CLK1" drives clk pins.
SYN-4024 : Net "U4/SingleNum_b_n4" drives clk pins.
SYN-4025 : Tag rtl::Net CLK_dup_1 as clock net
SYN-4025 : Tag rtl::Net U2/CLK1 as clock net
SYN-4025 : Tag rtl::Net U4/SingleNum_b_n4 as clock net
SYN-4025 : Tag rtl::Net U4/W_DigitronCS_Out_n as clock net
SYN-4025 : Tag rtl::Net U4/W_Digitron_Out_n as clock net
SYN-4026 : Tagged 5 rtl::Net as clock net
SYN-4015 : Create BUFG instance for clk Net U4/W_DigitronCS_Out_n to drive 8 clock pins.
SYN-4015 : Create BUFG instance for clk Net U4/W_Digitron_Out_n to drive 7 clock pins.
SYN-4015 : Create BUFG instance for clk Net U2/CLK1 to drive 4 clock pins.
SYN-4015 : Create BUFG instance for clk Net U4/SingleNum_b_n4 to drive 4 clock pins.
PHY-1001 : Populate physical database on model responder.
RUN-1001 : There are total 364 instances
RUN-0007 : 151 luts, 124 seqs, 32 mslices, 21 lslices, 29 pads, 0 brams, 0 dsps
RUN-1001 : There are total 497 nets
RUN-1001 : 283 nets have 2 pins
RUN-1001 : 180 nets have [3 - 5] pins
RUN-1001 : 21 nets have [6 - 10] pins
RUN-1001 : 8 nets have [11 - 20] pins
RUN-1001 : 3 nets have [21 - 99] pins
RUN-1001 : 2 nets have 100+ pins
RUN-1001 : Report Control nets information:
RUN-1001 : DFF Distribution
RUN-1001 : ----------------------------------
RUN-1001 :   CE   |  SSR  |  ASR  |  DFF Count  
RUN-1001 : ----------------------------------
RUN-1001 :   No   |  No   |  No   |     29      
RUN-1001 :   No   |  No   |  Yes  |     38      
RUN-1001 :   No   |  Yes  |  No   |      6      
RUN-1001 :   Yes  |  No   |  No   |      0      
RUN-1001 :   Yes  |  No   |  Yes  |     51      
RUN-1001 :   Yes  |  Yes  |  No   |      0      
RUN-1001 : ----------------------------------
RUN-0007 : Control Group Statistic
RUN-0007 : ---------------------------
RUN-0007 :   #CLK  |  #CE  |  #SSR/ASR  
RUN-0007 : ---------------------------
RUN-0007 :    5    |   2   |     4      
RUN-0007 : ---------------------------
RUN-0007 : Control Set = 9
PHY-3001 : Initial placement ...
PHY-3001 : design contains 362 instances, 151 luts, 124 seqs, 53 slices, 6 macros(53 instances: 32 mslices 21 lslices)
PHY-0007 : Cell area utilization is 1%
PHY-3001 : Global placement ...
PHY-3001 : Initial: Len = 122593
PHY-3001 : Clustering ...
PHY-3001 : Level 0 #clusters 362.
PHY-3001 : End clustering;  0.000017s wall, 0.000000s user + 0.000000s system = 0.000000s CPU (n/a%)

PHY-3001 : Run with size of 4
PHY-3001 : Cell area utilization is 1%
PHY-3001 : :::0::: Try harder cell spreading with beta_ = 0
PHY-3002 : Step(1): len = 73846, overlap = 0
PHY-3002 : Step(2): len = 49821.4, overlap = 0
PHY-3002 : Step(3): len = 35421.9, overlap = 0
PHY-3002 : Step(4): len = 26919.4, overlap = 0
PHY-3002 : Step(5): len = 23052, overlap = 0
PHY-3002 : Step(6): len = 20755.7, overlap = 0
PHY-3002 : Step(7): len = 19091.1, overlap = 0
PHY-3002 : Step(8): len = 17617, overlap = 0
PHY-3002 : Step(9): len = 17197.9, overlap = 0
PHY-3002 : Step(10): len = 16670, overlap = 0
PHY-3002 : Step(11): len = 15308, overlap = 0
PHY-3002 : Step(12): len = 14121.2, overlap = 0
PHY-3002 : Step(13): len = 14005.7, overlap = 0
PHY-3002 : Step(14): len = 12925.7, overlap = 0
PHY-3002 : Step(15): len = 12359.2, overlap = 0
PHY-3002 : Step(16): len = 12785.7, overlap = 0
PHY-3002 : Step(17): len = 11764.7, overlap = 0
PHY-3002 : Step(18): len = 11610.9, overlap = 0
PHY-3002 : Step(19): len = 11504.6, overlap = 0
PHY-3002 : Step(20): len = 10796.4, overlap = 0
PHY-3002 : Step(21): len = 10661.1, overlap = 0
PHY-3002 : Step(22): len = 10005.4, overlap = 0
PHY-3002 : Step(23): len = 9385.4, overlap = 0
PHY-3002 : Step(24): len = 9678.2, overlap = 0
PHY-3002 : Step(25): len = 9293.9, overlap = 0
PHY-3002 : Step(26): len = 9454.1, overlap = 0
PHY-3002 : Step(27): len = 8733.9, overlap = 0
PHY-3002 : Step(28): len = 8245.9, overlap = 0
PHY-3002 : Step(29): len = 8211.8, overlap = 0
PHY-3002 : Step(30): len = 7502.3, overlap = 0
PHY-3002 : Step(31): len = 7612.3, overlap = 0
PHY-3002 : Step(32): len = 7654.1, overlap = 0
PHY-3002 : Step(33): len = 7244.9, overlap = 0
PHY-3002 : Step(34): len = 7140.8, overlap = 0
PHY-3002 : Step(35): len = 7129.1, overlap = 0
PHY-3002 : Step(36): len = 6574.1, overlap = 0
PHY-3002 : Step(37): len = 6674.6, overlap = 0
PHY-3002 : Step(38): len = 6775.5, overlap = 0
PHY-3002 : Step(39): len = 6714.6, overlap = 0
PHY-3002 : Step(40): len = 6446.7, overlap = 0
PHY-3002 : Step(41): len = 6225.6, overlap = 0
PHY-3002 : Step(42): len = 5988.8, overlap = 0
PHY-3002 : Step(43): len = 5908.6, overlap = 0
PHY-3002 : Step(44): len = 5908.6, overlap = 0
PHY-3002 : Step(45): len = 5619.6, overlap = 0
PHY-3002 : Step(46): len = 5619.6, overlap = 0
PHY-3002 : Step(47): len = 5577, overlap = 0
PHY-3001 : Legalization ...
PHY-3001 : End legalization;  0.003405s wall, 0.000000s user + 0.000000s system = 0.000000s CPU (n/a%)

PHY-3001 : Run with size of 4
PHY-3001 : Cell area utilization is 1%
PHY-3001 : :::0::: Try harder cell spreading with beta_ = 0
PHY-3002 : Step(48): len = 5640.9, overlap = 0
PHY-3002 : Step(49): len = 5640.9, overlap = 0
PHY-3002 : Step(50): len = 5544.7, overlap = 0
PHY-3002 : Step(51): len = 5544.7, overlap = 0
PHY-3002 : Step(52): len = 5627.1, overlap = 0
PHY-3002 : Step(53): len = 5627.1, overlap = 0
PHY-3002 : Step(54): len = 5517.6, overlap = 0
PHY-3002 : Step(55): len = 5517.6, overlap = 0
PHY-3002 : Step(56): len = 5546, overlap = 0
PHY-3002 : Step(57): len = 5632.2, overlap = 0
PHY-3002 : Step(58): len = 5769.6, overlap = 0
PHY-3001 : Run with size of 2
PHY-3001 : Cell area utilization is 1%
PHY-3001 : :::0::: Try harder cell spreading with beta_ = 0
PHY-3002 : Step(59): len = 5483.4, overlap = 5.03125
PHY-3002 : Step(60): len = 5483.4, overlap = 5.03125
PHY-3002 : Step(61): len = 5623.1, overlap = 5.09375
PHY-3002 : Step(62): len = 5623.1, overlap = 5.09375
PHY-3002 : Step(63): len = 5445.1, overlap = 5.09375
PHY-3002 : Step(64): len = 5517.2, overlap = 5.09375
PHY-3002 : Step(65): len = 5517.2, overlap = 5.09375
OPT-1001 : Start physical optimization ...
OPT-1001 : Total overflow 20.97 peak overflow 2.22
OPT-1001 : Start high-fanout net optimization ...
OPT-1001 : Update timing in global mode
PHY-1001 : Start incremental global routing, caller is place ...
RUN-1001 : Generating global routing grids ...
RUN-1001 : Building simple global routing graph ...
PHY-1001 : Generate routing nets ...
PHY-1001 : Reuse net number 0/497.
PHY-1001 : Global iterations in 20 thread ...
PHY-1002 : len = 5920, over cnt = 20(0%), over = 58, worst = 6
PHY-1001 : End global iterations;  0.016659s wall, 0.000000s user + 0.000000s system = 0.000000s CPU (n/a%)

PHY-1001 : Congestion index: top1 = 11.27, top5 = 4.37, top10 = 2.19, top15 = 1.46.
PHY-1001 : End incremental global routing;  0.055302s wall, 0.015625s user + 0.000000s system = 0.015625s CPU (28.3%)

RUN-1002 : start command "start_timer -report"
TMR-5001 WARNING: No sdc constraints found while initiating timer.
TMR-2505 : Start building timing graph for model responder.
TMR-2506 : Build timing graph completely. Port num: 10, tpin num: 1700, tnet num: 495, tinst num: 362, tnode num: 2211, tedge num: 2768.
TMR-2508 : Levelizing timing graph completed, there are 25 levels in total.
TMR-2501 : Timing graph initialized successfully.
OPT-1001 : End timing update;  0.141609s wall, 0.062500s user + 0.000000s system = 0.062500s CPU (44.1%)

OPT-1001 : 0 high-fanout net processed.
OPT-1001 : End high-fanout net optimization;  0.199860s wall, 0.078125s user + 0.000000s system = 0.078125s CPU (39.1%)

OPT-1001 : Current memory(MB): used = 147, reserve = 118, peak = 147.
OPT-1001 : End physical optimization;  0.203941s wall, 0.078125s user + 0.000000s system = 0.078125s CPU (38.3%)

PHY-3001 : Start packing ...
SYN-4007 : Packing 0 MUX to BLE ...
SYN-4008 : Packed 0 MUX and 0 SEQ to BLE.
SYN-4007 : Packing 151 LUT to BLE ...
SYN-4008 : Packed 151 LUT and 66 SEQ to BLE.
SYN-4003 : Packing 58 remaining SEQ's ...
SYN-4005 : Packed 38 SEQ with LUT/SLICE
SYN-4006 : 52 single LUT's are left
SYN-4006 : 20 single SEQ's are left
SYN-4011 : Packing model "responder" (AL_USER_NORMAL) with 171/260 primitive instances ...
PHY-3001 : End packing;  0.006590s wall, 0.000000s user + 0.000000s system = 0.000000s CPU (n/a%)

PHY-1001 : Populate physical database on model responder.
RUN-1001 : There are total 187 instances
RUN-1001 : 76 mslices, 75 lslices, 29 pads, 0 brams, 0 dsps
RUN-1001 : There are total 437 nets
RUN-1001 : 224 nets have 2 pins
RUN-1001 : 178 nets have [3 - 5] pins
RUN-1001 : 21 nets have [6 - 10] pins
RUN-1001 : 9 nets have [11 - 20] pins
RUN-1001 : 3 nets have [21 - 99] pins
RUN-1001 : 2 nets have 100+ pins
PHY-3001 : design contains 185 instances, 151 slices, 6 macros(53 instances: 32 mslices 21 lslices)
PHY-3001 : Cell area utilization is 2%
PHY-3001 : After packing: Len = 5688.8, Over = 7.5
PHY-3001 : Run with size of 2
PHY-3001 : Cell area utilization is 2%
PHY-3001 : :::0::: Try harder cell spreading with beta_ = 0.000161308
PHY-3002 : Step(66): len = 5861.6, overlap = 7.25
PHY-3002 : Step(67): len = 5919.6, overlap = 7.25
PHY-3002 : Step(68): len = 5896.9, overlap = 7.25
PHY-3002 : Step(69): len = 5905.8, overlap = 7.25
PHY-3002 : Step(70): len = 5892.4, overlap = 6.75
PHY-3001 : :::1::: Try harder cell spreading with beta_ = 0.000322616
PHY-3002 : Step(71): len = 5814.6, overlap = 6.75
PHY-3002 : Step(72): len = 5833.9, overlap = 6.75
PHY-3001 : :::2::: Try harder cell spreading with beta_ = 0.000645233
PHY-3002 : Step(73): len = 5873.5, overlap = 6.75
PHY-3002 : Step(74): len = 5886.8, overlap = 6.75
PHY-3001 : Legalization ...
PHY-3001 : End legalization;  0.057647s wall, 0.000000s user + 0.000000s system = 0.000000s CPU (n/a%)

PHY-3001 : Trial Legalized: Len = 9948.4
PHY-3001 : Run with size of 2
PHY-3001 : Cell area utilization is 2%
PHY-3001 : :::0::: Try harder cell spreading with beta_ = 0
PHY-3002 : Step(75): len = 7262, overlap = 2.25
PHY-3002 : Step(76): len = 6571.9, overlap = 3
PHY-3002 : Step(77): len = 6241.1, overlap = 3.75
PHY-3002 : Step(78): len = 6256.5, overlap = 3.75
PHY-3002 : Step(79): len = 6126, overlap = 3.5
PHY-3001 : :::1::: Try harder cell spreading with beta_ = 0.00714129
PHY-3002 : Step(80): len = 6094, overlap = 3.5
PHY-3002 : Step(81): len = 6067.5, overlap = 3.5
PHY-3001 : Legalization ...
PHY-3001 : End legalization;  0.003947s wall, 0.000000s user + 0.000000s system = 0.000000s CPU (n/a%)

PHY-3001 : Legalized: Len = 7629.5, Over = 0
PHY-3001 : End spreading;  0.001751s wall, 0.000000s user + 0.000000s system = 0.000000s CPU (n/a%)

PHY-3001 : Final: Len = 7629.5, Over = 0
OPT-1001 : Start physical optimization ...
OPT-1001 : Total overflow 0.00 peak overflow 0.00
OPT-1001 : Start high-fanout net optimization ...
OPT-1001 : Update timing in global mode
PHY-1001 : Start incremental global routing, caller is place ...
RUN-1001 : Generating global routing grids ...
PHY-1001 : Generate routing nets ...
PHY-1001 : Reuse net number 19/437.
PHY-1001 : Global iterations in 20 thread ...
PHY-1002 : len = 8240, over cnt = 31(0%), over = 43, worst = 5
PHY-1002 : len = 8560, over cnt = 9(0%), over = 9, worst = 1
PHY-1002 : len = 8664, over cnt = 2(0%), over = 2, worst = 1
PHY-1002 : len = 8696, over cnt = 0(0%), over = 0, worst = 0
PHY-1001 : End global iterations;  0.027544s wall, 0.000000s user + 0.000000s system = 0.000000s CPU (n/a%)

PHY-1001 : Congestion index: top1 = 15.43, top5 = 6.27, top10 = 3.28, top15 = 2.19.
PHY-1001 : End incremental global routing;  0.058734s wall, 0.015625s user + 0.000000s system = 0.015625s CPU (26.6%)

RUN-1002 : start command "start_timer -report"
TMR-5001 WARNING: No sdc constraints found while initiating timer.
TMR-2505 : Start building timing graph for model responder.
TMR-2506 : Build timing graph completely. Port num: 10, tpin num: 1480, tnet num: 435, tinst num: 185, tnode num: 1881, tedge num: 2511.
TMR-2508 : Levelizing timing graph completed, there are 25 levels in total.
TMR-2501 : Timing graph initialized successfully.
OPT-1001 : End timing update;  0.148448s wall, 0.031250s user + 0.000000s system = 0.031250s CPU (21.1%)

OPT-1001 : 0 high-fanout net processed.
OPT-1001 : End high-fanout net optimization;  0.210078s wall, 0.046875s user + 0.000000s system = 0.046875s CPU (22.3%)

OPT-1001 : Current memory(MB): used = 149, reserve = 119, peak = 149.
OPT-1001 : Update timing in Manhattan mode
OPT-1001 : End timing update;  0.000193s wall, 0.000000s user + 0.000000s system = 0.000000s CPU (n/a%)

OPT-1001 : Start pin optimization...
OPT-1001 : skip pin optimization...
RUN-1001 : Generating global routing grids ...
PHY-1001 : Generate routing nets ...
PHY-1001 : Reuse net number 337/437.
PHY-1001 : Global iterations in 20 thread ...
PHY-1002 : len = 8696, over cnt = 0(0%), over = 0, worst = 0
PHY-1001 : End global iterations;  0.000924s wall, 0.000000s user + 0.000000s system = 0.000000s CPU (n/a%)

PHY-1001 : Congestion index: top1 = 15.43, top5 = 6.27, top10 = 3.28, top15 = 2.19.
OPT-1001 : Update timing in Manhattan mode
OPT-1001 : End timing update;  0.000479s wall, 0.000000s user + 0.000000s system = 0.000000s CPU (n/a%)

RUN-1001 : QoR Analysis:
OPT-0007 :   WNS 2147483647 TNS 0 NUM_FEPS 0
RUN-1001 :   No local congestion issue, and most congested 1% tile average routing util is 15.034483
RUN-1001 :   Top critical paths
OPT-1001 : End physical optimization;  0.244858s wall, 0.078125s user + 0.000000s system = 0.078125s CPU (31.9%)

RUN-1003 : finish command "place" in  1.973790s wall, 0.234375s user + 0.109375s system = 0.343750s CPU (17.4%)

RUN-1004 : used memory is 129 MB, reserved memory is 100 MB, peak memory is 149 MB
RUN-1002 : start command "export_db responder_place.db"
RUN-1001 : Exported /
RUN-1001 : Exported flow parameters
RUN-1001 : Exported libs
RUN-1001 : Exported entities
RUN-1001 : Exported ports
RUN-1001 : Exported pins
RUN-1001 : Exported instances
RUN-1001 : Exported nets
RUN-1001 : Exported buses
RUN-1001 : Exported models
RUN-1001 : Exported congestions
RUN-1001 : Exported violations
RUN-1001 : Exported IO constraints
RUN-1001 : Exported Inst constraints
RUN-1002 : start command "route"
RUN-1001 : Open license file E:/TangDanasty/license/Anlogic.lic
RUN-1001 : Print Global Property
RUN-1001 : ---------------------------------------------------------------
RUN-1001 :        Parameters        |  Settings  |  Default Values  |  Note  
RUN-1001 : ---------------------------------------------------------------
RUN-1001 :          message         |  standard  |     standard     |        
RUN-1001 :   mixed_pack_place_flow  |     on     |        on        |        
RUN-1001 :        qor_monitor       |    off     |       off        |        
RUN-1001 :        syn_ip_flow       |    off     |       off        |        
RUN-1001 :          thread          |    auto    |       auto       |        
RUN-1001 : ---------------------------------------------------------------
RUN-1001 : Print Route Property
RUN-1001 : -------------------------------------------------------
RUN-1001 :    Parameters    |  Settings  |  Default Values  |  Note  
RUN-1001 : -------------------------------------------------------
RUN-1001 :      effort      |   medium   |      medium      |        
RUN-1001 :     fix_hold     |    off     |       off        |        
RUN-1001 :    opt_timing    |   medium   |      medium      |        
RUN-1001 :   phy_sim_model  |    off     |       off        |        
RUN-1001 :     priority     |   timing   |      timing      |        
RUN-1001 :     swap_pin     |     on     |        on        |        
RUN-1001 : -------------------------------------------------------
PHY-1001 : Route runs in 20 thread(s)
RUN-1001 : There are total 187 instances
RUN-1001 : 76 mslices, 75 lslices, 29 pads, 0 brams, 0 dsps
RUN-1001 : There are total 437 nets
RUN-1001 : 224 nets have 2 pins
RUN-1001 : 178 nets have [3 - 5] pins
RUN-1001 : 21 nets have [6 - 10] pins
RUN-1001 : 9 nets have [11 - 20] pins
RUN-1001 : 3 nets have [21 - 99] pins
RUN-1001 : 2 nets have 100+ pins
RUN-1002 : start command "start_timer -report"
TMR-5001 WARNING: No sdc constraints found while initiating timer.
TMR-2505 : Start building timing graph for model responder.
TMR-2506 : Build timing graph completely. Port num: 10, tpin num: 1480, tnet num: 435, tinst num: 185, tnode num: 1881, tedge num: 2511.
TMR-2508 : Levelizing timing graph completed, there are 25 levels in total.
TMR-2501 : Timing graph initialized successfully.
PHY-1001 : 76 mslices, 75 lslices, 29 pads, 0 brams, 0 dsps
TMR-2503 : Start to update net delay, extr mode = 3.
TMR-2504 : Update delay of 435 nets completely.
TMR-2502 : Annotate delay completely, extr mode = 3.
TMR-3002 : No user constraint, initiate default constraint.
TMR-1501 : Assign derive clock DeriveClock to 232 clock pins, and constraint 401 relative nodes.
TMR-3003 : Constraints initiated successfully.
TMR-3501 : Forward propagation: start to calculate arrival time...
TMR-3502 : Backward propagation: start to calculate required time...
TMR-3503 : Timing propagation completes.
PHY-1001 : Start global routing, caller is route ...
RUN-1001 : Generating global routing grids ...
PHY-1001 : Generate routing nets ...
PHY-1001 : Global iterations in 20 thread ...
PHY-1002 : len = 8160, over cnt = 29(0%), over = 41, worst = 4
PHY-1002 : len = 8408, over cnt = 12(0%), over = 14, worst = 3
PHY-1002 : len = 8616, over cnt = 1(0%), over = 1, worst = 1
PHY-1002 : len = 8632, over cnt = 0(0%), over = 0, worst = 0
PHY-1001 : End global iterations;  0.033882s wall, 0.031250s user + 0.000000s system = 0.031250s CPU (92.2%)

PHY-1001 : Congestion index: top1 = 15.45, top5 = 6.24, top10 = 3.25, top15 = 2.17.
PHY-1001 : End global routing;  0.069204s wall, 0.046875s user + 0.000000s system = 0.046875s CPU (67.7%)

PHY-1001 : Start detail routing ...
PHY-1001 : Current memory(MB): used = 175, reserve = 146, peak = 194.
PHY-1001 : Detailed router is running in normal mode.
PHY-1001 : Generate detailed routing grids ...
PHY-1001 : Processed IO instance DigitronCS_Out[3]_syn_2 with INV attribute.
PHY-1001 : Processed IO instance DigitronCS_Out[2]_syn_2 with INV attribute.
PHY-1001 : Processed IO instance DigitronCS_Out[1]_syn_2 with INV attribute.
PHY-1001 : Processed IO instance DigitronCS_Out[0]_syn_2 with INV attribute.
PHY-1001 : Processed IO instance Digitron_Out[6]_syn_2 with INV attribute.
PHY-1001 : Processed IO instance Digitron_Out[5]_syn_2 with INV attribute.
PHY-1001 : Processed IO instance Digitron_Out[4]_syn_2 with INV attribute.
PHY-1001 : Processed IO instance Digitron_Out[3]_syn_2 with INV attribute.
PHY-1001 : Processed IO instance Digitron_Out[2]_syn_2 with INV attribute.
PHY-1001 : Processed IO instance Digitron_Out[1]_syn_2 with INV attribute.
PHY-1001 : Processed IO instance Digitron_Out[0]_syn_2 with INV attribute.
PHY-1001 : Generate nets ...
PHY-1001 : net CLK_dup_1 will be routed on clock mesh
PHY-1001 : clock net U2/CLK1_syn_4 will be merged with clock U2/CLK1
PHY-1001 : clock net U4/W_Digitron_Out_n_syn_2 will be merged with clock U4/W_Digitron_Out_n
PHY-1001 : clock net U4/SingleNum_b_n4_syn_10 will be merged with clock U4/SingleNum_b_n4
PHY-1001 : clock net U4/W_DigitronCS_Out_n_syn_4 will be merged with clock U4/W_DigitronCS_Out_n
PHY-1001 : Current memory(MB): used = 444, reserve = 420, peak = 444.
PHY-1001 : End build detailed router design. 2.742550s wall, 0.953125s user + 0.015625s system = 0.968750s CPU (35.3%)

PHY-1001 : Detail Route ...
PHY-1001 : ===== Detail Route Phase 1 =====
PHY-1001 : Clock net routing.....
PHY-1001 : Routed 1% nets.
PHY-1022 : len = 14040, over cnt = 0(0%), over = 0, worst = 0, crit = 0
PHY-1001 : End initial clock net routed; 0.907006s wall, 0.281250s user + 0.000000s system = 0.281250s CPU (31.0%)

PHY-1001 : Current memory(MB): used = 474, reserve = 451, peak = 474.
PHY-1001 : End phase 1; 0.912159s wall, 0.281250s user + 0.000000s system = 0.281250s CPU (30.8%)

PHY-1001 : ===== Detail Route Phase 2 =====
PHY-1001 : Initial routing.....
PHY-1001 : Routed 30% nets.
PHY-1001 : Routed 35% nets.
PHY-1001 : Routed 47% nets.
PHY-1001 : Routed 59% nets.
PHY-1001 : Routed 81% nets.
PHY-1022 : len = 32504, over cnt = 4(0%), over = 4, worst = 1, crit = 0
PHY-1001 : Current memory(MB): used = 474, reserve = 451, peak = 474.
PHY-1001 : End initial routed; 0.104265s wall, 0.031250s user + 0.015625s system = 0.046875s CPU (45.0%)

PHY-1001 : Current memory(MB): used = 474, reserve = 451, peak = 474.
PHY-1001 : End phase 2; 0.104318s wall, 0.031250s user + 0.015625s system = 0.046875s CPU (44.9%)

PHY-1001 : ===== Detail Route Phase 3 =====
PHY-1001 : Ripup-reroute.....
PHY-1001 : ===== DR Iter 1 =====
PHY-1022 : len = 32472, over cnt = 0(0%), over = 0, worst = 0, crit = 0
PHY-1001 : End DR Iter 1; 0.009219s wall, 0.000000s user + 0.000000s system = 0.000000s CPU (n/a%)

PHY-1001 : Commit to database.....
PHY-1001 : 2 feed throughs used by 2 nets
PHY-1001 : End commit to database; 0.034605s wall, 0.000000s user + 0.000000s system = 0.000000s CPU (n/a%)

PHY-1001 : Current memory(MB): used = 484, reserve = 460, peak = 484.
PHY-1001 : End phase 3; 0.126604s wall, 0.031250s user + 0.000000s system = 0.031250s CPU (24.7%)

PHY-1003 : Routed, final wirelength = 32472
PHY-1001 : Current memory(MB): used = 484, reserve = 460, peak = 484.
PHY-1001 : End export database. 0.004785s wall, 0.000000s user + 0.000000s system = 0.000000s CPU (n/a%)

PHY-1001 : End detail routing;  4.049617s wall, 1.312500s user + 0.031250s system = 1.343750s CPU (33.2%)

RUN-1003 : finish command "route" in  4.284924s wall, 1.421875s user + 0.031250s system = 1.453125s CPU (33.9%)

RUN-1004 : used memory is 419 MB, reserved memory is 394 MB, peak memory is 484 MB
RUN-1002 : start command "report_area -io_info -file responder_phy.area"
RUN-1001 : standard
***Report Model: responder Device: EG4S20BG256***

IO Statistics
#IO                        29
  #input                    7
  #output                  22
  #inout                    0

Utilization Statistics
#lut                      261   out of  19600    1.33%
#reg                      168   out of  19600    0.86%
#le                       281
  #lut only               113   out of    281   40.21%
  #reg only                20   out of    281    7.12%
  #lut&reg                148   out of    281   52.67%
#dsp                        0   out of     29    0.00%
#bram                       0   out of     64    0.00%
  #bram9k                   0
  #fifo9k                   0
#bram32k                    0   out of     16    0.00%
#pad                       29   out of    188   15.43%
  #ireg                     4
  #oreg                    16
  #treg                     0
#pll                        0   out of      4    0.00%
#gclk                       4   out of     16   25.00%

Clock Resource Statistics
Index     ClockNet                 Type               DriverType         Driver                   Fanout
#1        CLK_dup_1                GCLK               io                 CLK_syn_2.di             105
#2        U4/W_DigitronCS_Out_n    GCLK               mslice             U4/reg2_syn_29.f0        8
#3        U4/W_Digitron_Out_n      GCLK               lslice             U4/mux1_syn_5.f1         7
#4        U2/CLK1                  GCLK               lslice             U2/CLK1_reg_syn_30.q0    3
#5        U4/SingleNum_b_n4        GCLK               lslice             U4/sel2_syn_65.f0        3


Detailed IO Report

        Name           Direction    Location    IOStandard    DriveStrength    PullType    PackReg  
         CLK             INPUT         R7        LVCMOS33          N/A          PULLUP      NONE    
      Key_In[3]          INPUT        F10        LVCMOS33          N/A          PULLUP      IREG    
      Key_In[2]          INPUT        C11        LVCMOS33          N/A          PULLUP      IREG    
      Key_In[1]          INPUT        D11        LVCMOS33          N/A          PULLUP      IREG    
      Key_In[0]          INPUT        E11        LVCMOS33          N/A          PULLUP      IREG    
        RSTn             INPUT         A9        LVCMOS33          N/A          PULLUP      NONE    
        Start            INPUT        A10        LVCMOS33          N/A          PULLUP      NONE    
     Buzzer_Out         OUTPUT        H11        LVCMOS33           8            NONE       OREG    
  DigitronCS_Out[3]     OUTPUT         A3        LVCMOS33           8            NONE       OREG    
  DigitronCS_Out[2]     OUTPUT         A5        LVCMOS33           8            NONE       OREG    
  DigitronCS_Out[1]     OUTPUT         B6        LVCMOS33           8            NONE       OREG    
  DigitronCS_Out[0]     OUTPUT         C9        LVCMOS33           8            NONE       OREG    
   Digitron_Out[7]      OUTPUT         C8        LVCMOS33           8            NONE       NONE    
   Digitron_Out[6]      OUTPUT         A8        LVCMOS33           8            NONE       OREG    
   Digitron_Out[5]      OUTPUT         B5        LVCMOS33           8            NONE       OREG    
   Digitron_Out[4]      OUTPUT         A7        LVCMOS33           8            NONE       OREG    
   Digitron_Out[3]      OUTPUT         E8        LVCMOS33           8            NONE       OREG    
   Digitron_Out[2]      OUTPUT         B8        LVCMOS33           8            NONE       OREG    
   Digitron_Out[1]      OUTPUT         A6        LVCMOS33           8            NONE       OREG    
   Digitron_Out[0]      OUTPUT         A4        LVCMOS33           8            NONE       OREG    
     Key_Row[3]         OUTPUT        E10        LVCMOS33           8            NONE       NONE    
     Key_Row[2]         OUTPUT        C10        LVCMOS33           8            NONE       NONE    
     Key_Row[1]         OUTPUT         F9        LVCMOS33           8            NONE       NONE    
     Key_Row[0]         OUTPUT         D9        LVCMOS33           8            NONE       NONE    
     LED_Out[3]         OUTPUT        C15        LVCMOS33           8            NONE       OREG    
     LED_Out[2]         OUTPUT        B16        LVCMOS33           8            NONE       OREG    
     LED_Out[1]         OUTPUT        B15        LVCMOS33           8            NONE       OREG    
     LED_Out[0]         OUTPUT        B14        LVCMOS33           8            NONE       OREG    
  LED_OverTime_Out      OUTPUT        F16        LVCMOS33           8            NONE       NONE    

Report Hierarchy Area:
+-----------------------------------------------------------------------------------+
|Instance |Module              |le     |lut     |ripple  |seq     |bram    |dsp     |
+-----------------------------------------------------------------------------------+
|top      |responder           |281    |208     |53      |188     |0       |0       |
|  U1     |Sel_module          |102    |73      |14      |62      |0       |0       |
|  U2     |Timer_module        |43     |33      |7       |30      |0       |0       |
|  U3     |Buzzer_module       |41     |28      |12      |26      |0       |0       |
|  U4     |Digitron_NumDisplay |59     |50      |9       |26      |0       |0       |
|  U5     |key_filter          |36     |24      |11      |24      |0       |0       |
+-----------------------------------------------------------------------------------+


DataNet Average Fanout:

   Index     Fanout    Nets  
    #1         1       195   
    #2         2       153   
    #3         3        18   
    #4         4        5    
    #5        5-10      22   
    #6       11-50      7    
  Average     2.12           

RUN-1002 : start command "export_db responder_pr.db"
RUN-1001 : Exported /
RUN-1001 : Exported flow parameters
RUN-1001 : Exported libs
RUN-1001 : Exported entities
RUN-1001 : Exported ports
RUN-1001 : Exported pins
RUN-1001 : Exported instances
RUN-1001 : Exported nets
RUN-1001 : Exported buses
RUN-1001 : Exported models
RUN-1001 : Exported congestions
RUN-1001 : Exported violations
RUN-1001 : Exported IO constraints
RUN-1001 : Exported Inst constraints
RUN-1002 : start command "export_bid responder_inst.bid"
RUN-1002 : start command "bitgen -bit responder.bit -unused_io_status pulldown"
BIT-1003 : Start to generate bitstream. 
BIT-1002 : Bitgen processed 159 unused pads, reserve input tri_state with pulldown
BIT-1002 : Init instances with 20 threads.
BIT-1002 : Init instances completely, inst num: 344
BIT-1002 : Init pips with 20 threads.
BIT-1002 : Init pips completely, net num: 437, pip num: 2857
BIT-1002 : Init feedthrough completely, num: 2
BIT-1003 : Multithreading accelaration with 20 threads.
BIT-1003 : Generate bitstream completely, there are 616 valid insts, and 9210 bits set as '1'.
BIT-1004 : PLL setting string = 0000
BIT-1004 : Generate bits file responder.bit.
RUN-1003 : finish command "bitgen -bit responder.bit -unused_io_status pulldown" in  1.073846s wall, 4.593750s user + 0.015625s system = 4.609375s CPU (429.2%)

RUN-1004 : used memory is 424 MB, reserved memory is 402 MB, peak memory is 641 MB
RUN-1002 : start command "backup_run_log run.log ../.logs/phy_1/td_20240826_195350.log"
