============================================================
   Tang Dynasty, V5.6.71036
      Copyright (c) 2012-2023 Anlogic Inc.
   Executable = E:/TangDanasty/bin/td.exe
   Built at =   20:34:38 Mar 21 2023
   Run by =     Lenovo
   Run Date =   Mon Aug 26 17:20:16 2024

   Run on =     LAPTOP-94TMECPO
============================================================
RUN-1002 : start command "open_project responder.prj"
RUN-1001 : Print Global Property
RUN-1001 : ---------------------------------------------------------------
RUN-1001 :        Parameters        |  Settings  |  Default Values  |  Note  
RUN-1001 : ---------------------------------------------------------------
RUN-1001 :          message         |  standard  |     standard     |        
RUN-1001 :   mixed_pack_place_flow  |     on     |        on        |        
RUN-1001 :        qor_monitor       |    off     |       off        |        
RUN-1001 :        syn_ip_flow       |    off     |       off        |        
RUN-1001 :          thread          |    auto    |       auto       |        
RUN-1001 : ---------------------------------------------------------------
RUN-1001 : Print Design Property
RUN-1001 : --------------------------------------------------------------
RUN-1001 :        Parameters       |  Settings  |  Default Values  |  Note  
RUN-1001 : --------------------------------------------------------------
RUN-1001 :   default_reg_initial   |    auto    |       auto       |        
RUN-1001 :        infer_add        |     on     |        on        |        
RUN-1001 :        infer_fsm        |    off     |       off        |        
RUN-1001 :        infer_mult       |     on     |        on        |        
RUN-1001 :        infer_ram        |     on     |        on        |        
RUN-1001 :        infer_reg        |     on     |        on        |        
RUN-1001 :   infer_reg_init_value  |     on     |        on        |        
RUN-1001 :        infer_rom        |     on     |        on        |        
RUN-1001 :      infer_shifter      |     on     |        on        |        
RUN-1001 : --------------------------------------------------------------
RUN-1001 : Print Rtl Property
RUN-1001 : --------------------------------------------------------------
RUN-1001 :        Parameters       |  Settings  |  Default Values  |  Note  
RUN-1001 : --------------------------------------------------------------
RUN-1001 :       compress_add      |   ripple   |      ripple      |        
RUN-1001 :        elf_sload        |    off     |       off        |        
RUN-1001 :       fix_undriven      |     0      |        0         |        
RUN-1001 :         flatten         |    off     |       off        |        
RUN-1001 :       gate_sharing      |     on     |        on        |        
RUN-1001 :    hdl_warning_level    |   normal   |      normal      |        
RUN-1001 :   impl_internal_tribuf  |     on     |        on        |        
RUN-1001 :      impl_set_reset     |     on     |        on        |        
RUN-1001 :        infer_gsr        |    off     |       off        |        
RUN-1001 :      keep_hierarchy     |    auto    |       auto       |        
RUN-1001 :        max_fanout       |    9999    |       9999       |        
RUN-1001 :      max_oh2bin_len     |     10     |        10        |        
RUN-1001 :       merge_equal       |     on     |        on        |        
RUN-1001 :       merge_equiv       |     on     |        on        |        
RUN-1001 :        merge_mux        |    off     |       off        |        
RUN-1001 :     min_control_set     |     8      |        8         |        
RUN-1001 :      min_ripple_len     |    auto    |       auto       |        
RUN-1001 :       oh2bin_ratio      |    0.08    |       0.08       |        
RUN-1001 :     opt_adder_fanout    |     on     |        on        |        
RUN-1001 :        opt_arith        |     on     |        on        |        
RUN-1001 :       opt_big_gate      |    off     |       off        |        
RUN-1001 :        opt_const        |     on     |        on        |        
RUN-1001 :      opt_const_mult     |     on     |        on        |        
RUN-1001 :       opt_lessthan      |     on     |        on        |        
RUN-1001 :         opt_mux         |    off     |       off        |        
RUN-1001 :         opt_ram         |    high    |       high       |        
RUN-1001 :      rtl_sim_model      |    off     |       off        |        
RUN-1001 :         seq_syn         |     on     |        on        |        
RUN-1001 : --------------------------------------------------------------
HDL-1007 : analyze verilog file ../../responder.v
HDL-1007 : analyze verilog file ../../Sel_module.v
HDL-1007 : analyze verilog file ../../Timer_module.v
HDL-1007 : analyze verilog file ../../Buzzer_module.v
HDL-1007 : analyze verilog file ../../Digitron_NumDisplay.v
HDL-1007 : analyze verilog file ../../key_filter.v
RUN-1001 : Project manager successfully analyzed 6 source files.
RUN-1002 : start command "import_device eagle_s20.db -package EG4S20BG256"
ARC-1001 : Device Initialization.
ARC-1001 : ------------------------------------------------------------------
ARC-1001 :            OPTION            |          IO          |   SETTING   
ARC-1001 : ------------------------------------------------------------------
ARC-1001 :   cso_b/cclk/mosi/miso/dout  |  T3/R11/T10/P10/S11  |    gpio    
ARC-1001 :             done             |         P13          |    gpio    
ARC-1001 :           program_b          |          T2          |  dedicate  
ARC-1001 :        tdi/tms/tck/tdo       |   C12/A15/C14/E14    |  dedicate  
ARC-1001 : ------------------------------------------------------------------
ARC-1004 : Device setting, marked 5 dedicate IOs in total.
RUN-1002 : start command "import_db ../syn_1/responder_gate.db"
RUN-1001 : Importing database generated by Tang Dynasty, V5.6.71036.
RUN-1001 : Database version number 46146.
RUN-1001 : Import flow parameters
RUN-1001 : Import IO constraints
RUN-1001 : Import Inst constraints
RUN-1001 : Import design success TD_VERSION=5.6.71036 , DB_VERSION=46146
RUN-1002 : start command "place"
RUN-1001 : Open license file E:/TangDanasty/license/Anlogic.lic
RUN-1001 : Print Global Property
RUN-1001 : ---------------------------------------------------------------
RUN-1001 :        Parameters        |  Settings  |  Default Values  |  Note  
RUN-1001 : ---------------------------------------------------------------
RUN-1001 :          message         |  standard  |     standard     |        
RUN-1001 :   mixed_pack_place_flow  |     on     |        on        |        
RUN-1001 :        qor_monitor       |    off     |       off        |        
RUN-1001 :        syn_ip_flow       |    off     |       off        |        
RUN-1001 :          thread          |    auto    |       auto       |        
RUN-1001 : ---------------------------------------------------------------
RUN-1001 : Print Place Property
RUN-1001 : --------------------------------------------------------------
RUN-1001 :        Parameters       |  Settings  |  Default Values  |  Note  
RUN-1001 : --------------------------------------------------------------
RUN-1001 :      detailed_place     |     on     |        on        |        
RUN-1001 :          effort         |   medium   |      medium      |        
RUN-1001 :         fix_hold        |    off     |       off        |        
RUN-1001 :       legalization      |    ori     |       ori        |        
RUN-1001 :      new_spreading      |     on     |        on        |        
RUN-1001 :        opt_timing       |   medium   |      medium      |        
RUN-1001 :   post_clock_route_opt  |    off     |       off        |        
RUN-1001 :       pr_strategy       |     1      |        1         |        
RUN-1001 :        relaxation       |    1.00    |       1.00       |        
RUN-1001 :         retiming        |    off     |       off        |        
RUN-1001 : --------------------------------------------------------------
PHY-3001 : Placer runs in 20 thread(s).
RUN-1002 : start command "legalize_phy_inst"
SYN-1011 : Flatten model responder
RUN-1002 : start command "phys_opt -simplify_lut"
SYN-4024 : Net "CLK_dup_1" drives clk pins.
SYN-4024 : Net "U4/W_Digitron_Out_n" drives clk pins.
SYN-4024 : Net "U4/W_DigitronCS_Out_n" drives clk pins.
SYN-4024 : Net "U2/CLK1" drives clk pins.
SYN-4024 : Net "U4/SingleNum_b_n4" drives clk pins.
SYN-4025 : Tag rtl::Net CLK_dup_1 as clock net
SYN-4025 : Tag rtl::Net U2/CLK1 as clock net
SYN-4025 : Tag rtl::Net U4/SingleNum_b_n4 as clock net
SYN-4025 : Tag rtl::Net U4/W_DigitronCS_Out_n as clock net
SYN-4025 : Tag rtl::Net U4/W_Digitron_Out_n as clock net
SYN-4026 : Tagged 5 rtl::Net as clock net
SYN-4015 : Create BUFG instance for clk Net U4/W_DigitronCS_Out_n to drive 8 clock pins.
SYN-4015 : Create BUFG instance for clk Net U4/W_Digitron_Out_n to drive 7 clock pins.
SYN-4015 : Create BUFG instance for clk Net U2/CLK1 to drive 6 clock pins.
SYN-4015 : Create BUFG instance for clk Net U4/SingleNum_b_n4 to drive 4 clock pins.
PHY-1001 : Populate physical database on model responder.
RUN-1001 : There are total 245 instances
RUN-0007 : 92 luts, 82 seqs, 21 mslices, 14 lslices, 29 pads, 0 brams, 0 dsps
RUN-1001 : There are total 331 nets
RUN-1001 : 188 nets have 2 pins
RUN-1001 : 118 nets have [3 - 5] pins
RUN-1001 : 18 nets have [6 - 10] pins
RUN-1001 : 3 nets have [11 - 20] pins
RUN-1001 : 3 nets have [21 - 99] pins
RUN-1001 : 1 nets have 100+ pins
RUN-1001 : Report Control nets information:
RUN-1001 : DFF Distribution
RUN-1001 : ----------------------------------
RUN-1001 :   CE   |  SSR  |  ASR  |  DFF Count  
RUN-1001 : ----------------------------------
RUN-1001 :   No   |  No   |  No   |     38      
RUN-1001 :   No   |  No   |  Yes  |      5      
RUN-1001 :   No   |  Yes  |  No   |     13      
RUN-1001 :   Yes  |  No   |  No   |      0      
RUN-1001 :   Yes  |  No   |  Yes  |     26      
RUN-1001 :   Yes  |  Yes  |  No   |      0      
RUN-1001 : ----------------------------------
RUN-0007 : Control Group Statistic
RUN-0007 : ---------------------------
RUN-0007 :   #CLK  |  #CE  |  #SSR/ASR  
RUN-0007 : ---------------------------
RUN-0007 :    5    |   2   |     3      
RUN-0007 : ---------------------------
RUN-0007 : Control Set = 9
PHY-3001 : Initial placement ...
PHY-3001 : design contains 243 instances, 92 luts, 82 seqs, 35 slices, 4 macros(35 instances: 21 mslices 14 lslices)
PHY-0007 : Cell area utilization is 0%
PHY-3001 : Global placement ...
PHY-3001 : Initial: Len = 85550.8
PHY-3001 : Clustering ...
PHY-3001 : Level 0 #clusters 243.
PHY-3001 : End clustering;  0.000016s wall, 0.000000s user + 0.000000s system = 0.000000s CPU (n/a%)

PHY-3001 : Run with size of 4
PHY-3001 : Cell area utilization is 0%
PHY-3001 : :::0::: Try harder cell spreading with beta_ = 0
PHY-3002 : Step(1): len = 55465.7, overlap = 0
PHY-3002 : Step(2): len = 36704.4, overlap = 0
PHY-3002 : Step(3): len = 26292.6, overlap = 0
PHY-3002 : Step(4): len = 19602.4, overlap = 0
PHY-3002 : Step(5): len = 16381.9, overlap = 0
PHY-3002 : Step(6): len = 14477.9, overlap = 0
PHY-3002 : Step(7): len = 13420, overlap = 0
PHY-3002 : Step(8): len = 12464.3, overlap = 0
PHY-3002 : Step(9): len = 12522.5, overlap = 0
PHY-3002 : Step(10): len = 10886.1, overlap = 0
PHY-3002 : Step(11): len = 9587.2, overlap = 0
PHY-3002 : Step(12): len = 9695.8, overlap = 0
PHY-3002 : Step(13): len = 9215.2, overlap = 0
PHY-3002 : Step(14): len = 8769.6, overlap = 0
PHY-3002 : Step(15): len = 8717.9, overlap = 0
PHY-3002 : Step(16): len = 8539.8, overlap = 0
PHY-3002 : Step(17): len = 7983.1, overlap = 0
PHY-3002 : Step(18): len = 8129.4, overlap = 0
PHY-3002 : Step(19): len = 8009.9, overlap = 0
PHY-3002 : Step(20): len = 8017.1, overlap = 0
PHY-3002 : Step(21): len = 8021.3, overlap = 0
PHY-3002 : Step(22): len = 7043, overlap = 0
PHY-3002 : Step(23): len = 6789, overlap = 0
PHY-3002 : Step(24): len = 6502, overlap = 0
PHY-3002 : Step(25): len = 6030.7, overlap = 0
PHY-3002 : Step(26): len = 5276.2, overlap = 0
PHY-3002 : Step(27): len = 4680.9, overlap = 0
PHY-3002 : Step(28): len = 4601.6, overlap = 0
PHY-3002 : Step(29): len = 4312.5, overlap = 0
PHY-3002 : Step(30): len = 4130.1, overlap = 0
PHY-3002 : Step(31): len = 3856.9, overlap = 0
PHY-3002 : Step(32): len = 3820.4, overlap = 0
PHY-3002 : Step(33): len = 3807.3, overlap = 0
PHY-3002 : Step(34): len = 3813, overlap = 0
PHY-3002 : Step(35): len = 3509.1, overlap = 0
PHY-3002 : Step(36): len = 3479.8, overlap = 0
PHY-3002 : Step(37): len = 3479.8, overlap = 0
PHY-3001 : Legalization ...
PHY-3001 : End legalization;  0.003413s wall, 0.000000s user + 0.000000s system = 0.000000s CPU (n/a%)

PHY-3001 : Run with size of 4
PHY-3001 : Cell area utilization is 1%
PHY-3001 : :::0::: Try harder cell spreading with beta_ = 0
PHY-3002 : Step(38): len = 3367, overlap = 0
PHY-3002 : Step(39): len = 3367, overlap = 0
PHY-3002 : Step(40): len = 3401.1, overlap = 0
PHY-3002 : Step(41): len = 3401.1, overlap = 0
PHY-3002 : Step(42): len = 3328.5, overlap = 0
PHY-3002 : Step(43): len = 3406.9, overlap = 0
PHY-3002 : Step(44): len = 3406.9, overlap = 0
PHY-3001 : Run with size of 2
PHY-3001 : Cell area utilization is 1%
PHY-3001 : :::0::: Try harder cell spreading with beta_ = 0
PHY-3002 : Step(45): len = 3367, overlap = 0.71875
PHY-3002 : Step(46): len = 3367, overlap = 0.71875
PHY-3002 : Step(47): len = 3339.4, overlap = 0.78125
PHY-3002 : Step(48): len = 3382.6, overlap = 0.78125
PHY-3002 : Step(49): len = 3440.2, overlap = 0.78125
OPT-1001 : Start physical optimization ...
OPT-1001 : Total overflow 9.75 peak overflow 1.78
OPT-1001 : Start high-fanout net optimization ...
OPT-1001 : Update timing in global mode
PHY-1001 : Start incremental global routing, caller is place ...
RUN-1001 : Generating global routing grids ...
RUN-1001 : Building simple global routing graph ...
PHY-1001 : Generate routing nets ...
PHY-1001 : Reuse net number 0/331.
PHY-1001 : Global iterations in 20 thread ...
PHY-1002 : len = 3608, over cnt = 8(0%), over = 30, worst = 7
PHY-1001 : End global iterations;  0.010271s wall, 0.000000s user + 0.000000s system = 0.000000s CPU (n/a%)

PHY-1001 : Congestion index: top1 = 8.40, top5 = 2.60, top10 = 1.30, top15 = 0.87.
PHY-1001 : End incremental global routing;  0.043941s wall, 0.000000s user + 0.000000s system = 0.000000s CPU (n/a%)

RUN-1002 : start command "start_timer -report"
TMR-5001 WARNING: No sdc constraints found while initiating timer.
TMR-2505 : Start building timing graph for model responder.
TMR-2506 : Build timing graph completely. Port num: 10, tpin num: 1064, tnet num: 329, tinst num: 243, tnode num: 1366, tedge num: 1689.
TMR-2508 : Levelizing timing graph completed, there are 25 levels in total.
TMR-2501 : Timing graph initialized successfully.
OPT-1001 : End timing update;  0.126173s wall, 0.109375s user + 0.000000s system = 0.109375s CPU (86.7%)

OPT-1001 : 0 high-fanout net processed.
OPT-1001 : End high-fanout net optimization;  0.172153s wall, 0.109375s user + 0.000000s system = 0.109375s CPU (63.5%)

OPT-1001 : Current memory(MB): used = 147, reserve = 116, peak = 147.
OPT-1001 : End physical optimization;  0.175377s wall, 0.109375s user + 0.000000s system = 0.109375s CPU (62.4%)

PHY-3001 : Start packing ...
SYN-4007 : Packing 0 MUX to BLE ...
SYN-4008 : Packed 0 MUX and 0 SEQ to BLE.
SYN-4007 : Packing 92 LUT to BLE ...
SYN-4008 : Packed 92 LUT and 36 SEQ to BLE.
SYN-4003 : Packing 46 remaining SEQ's ...
SYN-4005 : Packed 24 SEQ with LUT/SLICE
SYN-4006 : 36 single LUT's are left
SYN-4006 : 22 single SEQ's are left
SYN-4011 : Packing model "responder" (AL_USER_NORMAL) with 114/185 primitive instances ...
PHY-3001 : End packing;  0.004309s wall, 0.000000s user + 0.000000s system = 0.000000s CPU (n/a%)

PHY-1001 : Populate physical database on model responder.
RUN-1001 : There are total 138 instances
RUN-1001 : 51 mslices, 51 lslices, 29 pads, 0 brams, 0 dsps
RUN-1001 : There are total 304 nets
RUN-1001 : 167 nets have 2 pins
RUN-1001 : 113 nets have [3 - 5] pins
RUN-1001 : 18 nets have [6 - 10] pins
RUN-1001 : 4 nets have [11 - 20] pins
RUN-1001 : 1 nets have [21 - 99] pins
RUN-1001 : 1 nets have 100+ pins
PHY-3001 : design contains 136 instances, 102 slices, 4 macros(35 instances: 21 mslices 14 lslices)
PHY-3001 : Cell area utilization is 1%
PHY-3001 : After packing: Len = 3800.4, Over = 3.5
PHY-3001 : Run with size of 2
PHY-3001 : Cell area utilization is 1%
PHY-3001 : :::0::: Try harder cell spreading with beta_ = 0.00114724
PHY-3002 : Step(50): len = 3687.7, overlap = 3.25
PHY-3002 : Step(51): len = 3685.6, overlap = 3.5
PHY-3002 : Step(52): len = 3590.3, overlap = 3.5
PHY-3001 : :::1::: Try harder cell spreading with beta_ = 0.00229448
PHY-3002 : Step(53): len = 3562.5, overlap = 3
PHY-3002 : Step(54): len = 3578.4, overlap = 3
PHY-3001 : Legalization ...
PHY-3001 : End legalization;  0.038914s wall, 0.015625s user + 0.000000s system = 0.015625s CPU (40.2%)

PHY-3001 : Trial Legalized: Len = 5738.8
PHY-3001 : Run with size of 2
PHY-3001 : Cell area utilization is 1%
PHY-3001 : :::0::: Try harder cell spreading with beta_ = 0
PHY-3002 : Step(55): len = 4523.6, overlap = 0.75
PHY-3002 : Step(56): len = 4073.2, overlap = 1.25
PHY-3002 : Step(57): len = 3691.4, overlap = 2.25
PHY-3002 : Step(58): len = 3671.1, overlap = 2
PHY-3002 : Step(59): len = 3604.4, overlap = 2.25
PHY-3001 : :::1::: Try harder cell spreading with beta_ = 0.00550806
PHY-3002 : Step(60): len = 3581.7, overlap = 2.25
PHY-3002 : Step(61): len = 3531, overlap = 2.25
PHY-3001 : Legalization ...
PHY-3001 : End legalization;  0.003811s wall, 0.000000s user + 0.000000s system = 0.000000s CPU (n/a%)

PHY-3001 : Legalized: Len = 4969.3, Over = 0
PHY-3001 : Spreading special nets. 1 overflows in 2952 tiles.
PHY-3001 : End spreading;  0.001598s wall, 0.000000s user + 0.000000s system = 0.000000s CPU (n/a%)

PHY-3001 : 1 instances has been re-located, deltaX = 0, deltaY = 1, maxDist = 1.
PHY-3001 : Final: Len = 5097.3, Over = 0
OPT-1001 : Start physical optimization ...
OPT-1001 : Total overflow 0.00 peak overflow 0.00
OPT-1001 : Start high-fanout net optimization ...
OPT-1001 : Update timing in global mode
PHY-1001 : Start incremental global routing, caller is place ...
RUN-1001 : Generating global routing grids ...
PHY-1001 : Generate routing nets ...
PHY-1001 : Reuse net number 20/304.
PHY-1001 : Global iterations in 20 thread ...
PHY-1002 : len = 5232, over cnt = 15(0%), over = 23, worst = 4
PHY-1002 : len = 5384, over cnt = 8(0%), over = 9, worst = 2
PHY-1002 : len = 5528, over cnt = 0(0%), over = 0, worst = 0
PHY-1001 : End global iterations;  0.015030s wall, 0.000000s user + 0.000000s system = 0.000000s CPU (n/a%)

PHY-1001 : Congestion index: top1 = 12.63, top5 = 4.09, top10 = 2.04, top15 = 1.36.
PHY-1001 : End incremental global routing;  0.044752s wall, 0.015625s user + 0.000000s system = 0.015625s CPU (34.9%)

RUN-1002 : start command "start_timer -report"
TMR-5001 WARNING: No sdc constraints found while initiating timer.
TMR-2505 : Start building timing graph for model responder.
TMR-2506 : Build timing graph completely. Port num: 10, tpin num: 945, tnet num: 302, tinst num: 136, tnode num: 1183, tedge num: 1556.
TMR-2508 : Levelizing timing graph completed, there are 25 levels in total.
TMR-2501 : Timing graph initialized successfully.
OPT-1001 : End timing update;  0.102889s wall, 0.031250s user + 0.000000s system = 0.031250s CPU (30.4%)

OPT-1001 : 0 high-fanout net processed.
OPT-1001 : End high-fanout net optimization;  0.149587s wall, 0.046875s user + 0.000000s system = 0.046875s CPU (31.3%)

OPT-1001 : Current memory(MB): used = 148, reserve = 117, peak = 148.
OPT-1001 : Update timing in Manhattan mode
OPT-1001 : End timing update;  0.000135s wall, 0.000000s user + 0.000000s system = 0.000000s CPU (n/a%)

OPT-1001 : Start pin optimization...
OPT-1001 : skip pin optimization...
RUN-1001 : Generating global routing grids ...
PHY-1001 : Generate routing nets ...
PHY-1001 : Reuse net number 229/304.
PHY-1001 : Global iterations in 20 thread ...
PHY-1002 : len = 5528, over cnt = 0(0%), over = 0, worst = 0
PHY-1001 : End global iterations;  0.000748s wall, 0.000000s user + 0.000000s system = 0.000000s CPU (n/a%)

PHY-1001 : Congestion index: top1 = 12.63, top5 = 4.09, top10 = 2.04, top15 = 1.36.
OPT-1001 : Update timing in Manhattan mode
OPT-1001 : End timing update;  0.000234s wall, 0.000000s user + 0.000000s system = 0.000000s CPU (n/a%)

RUN-1001 : QoR Analysis:
OPT-0007 :   WNS 2147483647 TNS 0 NUM_FEPS 0
RUN-1001 :   No local congestion issue, and most congested 1% tile average routing util is 12.172414
RUN-1001 :   Top critical paths
OPT-1001 : End physical optimization;  0.181770s wall, 0.062500s user + 0.000000s system = 0.062500s CPU (34.4%)

RUN-1003 : finish command "place" in  1.478633s wall, 0.296875s user + 0.140625s system = 0.437500s CPU (29.6%)

RUN-1004 : used memory is 129 MB, reserved memory is 98 MB, peak memory is 149 MB
RUN-1002 : start command "export_db responder_place.db"
RUN-1001 : Exported /
RUN-1001 : Exported flow parameters
RUN-1001 : Exported libs
RUN-1001 : Exported entities
RUN-1001 : Exported ports
RUN-1001 : Exported pins
RUN-1001 : Exported instances
RUN-1001 : Exported nets
RUN-1001 : Exported buses
RUN-1001 : Exported models
RUN-1001 : Exported congestions
RUN-1001 : Exported violations
RUN-1001 : Exported IO constraints
RUN-1001 : Exported Inst constraints
RUN-1002 : start command "route"
RUN-1001 : Open license file E:/TangDanasty/license/Anlogic.lic
RUN-1001 : Print Global Property
RUN-1001 : ---------------------------------------------------------------
RUN-1001 :        Parameters        |  Settings  |  Default Values  |  Note  
RUN-1001 : ---------------------------------------------------------------
RUN-1001 :          message         |  standard  |     standard     |        
RUN-1001 :   mixed_pack_place_flow  |     on     |        on        |        
RUN-1001 :        qor_monitor       |    off     |       off        |        
RUN-1001 :        syn_ip_flow       |    off     |       off        |        
RUN-1001 :          thread          |    auto    |       auto       |        
RUN-1001 : ---------------------------------------------------------------
RUN-1001 : Print Route Property
RUN-1001 : -------------------------------------------------------
RUN-1001 :    Parameters    |  Settings  |  Default Values  |  Note  
RUN-1001 : -------------------------------------------------------
RUN-1001 :      effort      |   medium   |      medium      |        
RUN-1001 :     fix_hold     |    off     |       off        |        
RUN-1001 :    opt_timing    |   medium   |      medium      |        
RUN-1001 :   phy_sim_model  |    off     |       off        |        
RUN-1001 :     priority     |   timing   |      timing      |        
RUN-1001 :     swap_pin     |     on     |        on        |        
RUN-1001 : -------------------------------------------------------
PHY-1001 : Route runs in 20 thread(s)
RUN-1001 : There are total 138 instances
RUN-1001 : 51 mslices, 51 lslices, 29 pads, 0 brams, 0 dsps
RUN-1001 : There are total 304 nets
RUN-1001 : 167 nets have 2 pins
RUN-1001 : 113 nets have [3 - 5] pins
RUN-1001 : 18 nets have [6 - 10] pins
RUN-1001 : 4 nets have [11 - 20] pins
RUN-1001 : 1 nets have [21 - 99] pins
RUN-1001 : 1 nets have 100+ pins
RUN-1002 : start command "start_timer -report"
TMR-5001 WARNING: No sdc constraints found while initiating timer.
TMR-2505 : Start building timing graph for model responder.
TMR-2506 : Build timing graph completely. Port num: 10, tpin num: 945, tnet num: 302, tinst num: 136, tnode num: 1183, tedge num: 1556.
TMR-2508 : Levelizing timing graph completed, there are 25 levels in total.
TMR-2501 : Timing graph initialized successfully.
PHY-1001 : 51 mslices, 51 lslices, 29 pads, 0 brams, 0 dsps
TMR-2503 : Start to update net delay, extr mode = 3.
TMR-2504 : Update delay of 302 nets completely.
TMR-2502 : Annotate delay completely, extr mode = 3.
TMR-3002 : No user constraint, initiate default constraint.
TMR-1501 : Assign derive clock DeriveClock to 142 clock pins, and constraint 238 relative nodes.
TMR-3003 : Constraints initiated successfully.
TMR-3501 : Forward propagation: start to calculate arrival time...
TMR-3502 : Backward propagation: start to calculate required time...
TMR-3503 : Timing propagation completes.
PHY-1001 : Start global routing, caller is route ...
RUN-1001 : Generating global routing grids ...
PHY-1001 : Generate routing nets ...
PHY-1001 : Global iterations in 20 thread ...
PHY-1002 : len = 5280, over cnt = 16(0%), over = 24, worst = 4
PHY-1002 : len = 5440, over cnt = 8(0%), over = 9, worst = 2
PHY-1002 : len = 5584, over cnt = 0(0%), over = 0, worst = 0
PHY-1001 : End global iterations;  0.020417s wall, 0.031250s user + 0.000000s system = 0.031250s CPU (153.1%)

PHY-1001 : Congestion index: top1 = 12.63, top5 = 4.05, top10 = 2.02, top15 = 1.35.
PHY-1001 : End global routing;  0.046961s wall, 0.046875s user + 0.000000s system = 0.046875s CPU (99.8%)

PHY-1001 : Start detail routing ...
PHY-1001 : Current memory(MB): used = 174, reserve = 143, peak = 194.
PHY-1001 : Detailed router is running in normal mode.
PHY-1001 : Generate detailed routing grids ...
PHY-1001 : Processed IO instance DigitronCS_Out[3]_syn_2 with INV attribute.
PHY-1001 : Processed IO instance DigitronCS_Out[2]_syn_2 with INV attribute.
PHY-1001 : Processed IO instance DigitronCS_Out[1]_syn_2 with INV attribute.
PHY-1001 : Processed IO instance DigitronCS_Out[0]_syn_2 with INV attribute.
PHY-1001 : Processed IO instance Digitron_Out[6]_syn_2 with INV attribute.
PHY-1001 : Processed IO instance Digitron_Out[5]_syn_2 with INV attribute.
PHY-1001 : Processed IO instance Digitron_Out[4]_syn_2 with INV attribute.
PHY-1001 : Processed IO instance Digitron_Out[3]_syn_2 with INV attribute.
PHY-1001 : Processed IO instance Digitron_Out[2]_syn_2 with INV attribute.
PHY-1001 : Processed IO instance Digitron_Out[1]_syn_2 with INV attribute.
PHY-1001 : Processed IO instance Digitron_Out[0]_syn_2 with INV attribute.
PHY-1001 : Generate nets ...
PHY-1001 : net CLK_dup_1 will be routed on clock mesh
PHY-1001 : clock net U4/W_Digitron_Out_n_syn_8 will be merged with clock U4/W_Digitron_Out_n
PHY-1001 : clock net U4/W_DigitronCS_Out_n_syn_4 will be merged with clock U4/W_DigitronCS_Out_n
PHY-1001 : clock net U4/SingleNum_b_n4_syn_10 will be merged with clock U4/SingleNum_b_n4
PHY-1001 : clock net U2/CLK1_syn_4 will be merged with clock U2/CLK1
PHY-1001 : Current memory(MB): used = 442, reserve = 416, peak = 442.
PHY-1001 : End build detailed router design. 2.680195s wall, 1.000000s user + 0.031250s system = 1.031250s CPU (38.5%)

PHY-1001 : Detail Route ...
PHY-1001 : ===== Detail Route Phase 1 =====
PHY-1001 : Clock net routing.....
PHY-1001 : Routed 1% nets.
PHY-1022 : len = 10592, over cnt = 0(0%), over = 0, worst = 0, crit = 0
PHY-1001 : End initial clock net routed; 0.848981s wall, 0.250000s user + 0.062500s system = 0.312500s CPU (36.8%)

PHY-1001 : Current memory(MB): used = 472, reserve = 447, peak = 472.
PHY-1001 : End phase 1; 0.853768s wall, 0.250000s user + 0.062500s system = 0.312500s CPU (36.6%)

PHY-1001 : ===== Detail Route Phase 2 =====
PHY-1001 : Initial routing.....
PHY-1001 : Routed 29% nets.
PHY-1001 : Routed 34% nets.
PHY-1001 : Routed 45% nets.
PHY-1001 : Routed 53% nets.
PHY-1001 : Routed 78% nets.
PHY-1022 : len = 19936, over cnt = 4(0%), over = 4, worst = 1, crit = 0
PHY-1001 : Current memory(MB): used = 472, reserve = 447, peak = 472.
PHY-1001 : End initial routed; 0.057561s wall, 0.000000s user + 0.031250s system = 0.031250s CPU (54.3%)

PHY-1001 : Current memory(MB): used = 472, reserve = 447, peak = 472.
PHY-1001 : End phase 2; 0.057610s wall, 0.000000s user + 0.031250s system = 0.031250s CPU (54.2%)

PHY-1001 : ===== Detail Route Phase 3 =====
PHY-1001 : Ripup-reroute.....
PHY-1001 : ===== DR Iter 1 =====
PHY-1022 : len = 19936, over cnt = 1(0%), over = 1, worst = 1, crit = 0
PHY-1001 : End DR Iter 1; 0.009363s wall, 0.000000s user + 0.000000s system = 0.000000s CPU (n/a%)

PHY-1001 : ===== DR Iter 2 =====
PHY-1022 : len = 19936, over cnt = 0(0%), over = 0, worst = 0, crit = 0
PHY-1001 : End DR Iter 2; 0.008168s wall, 0.000000s user + 0.000000s system = 0.000000s CPU (n/a%)

PHY-1001 : Commit to database.....
PHY-1001 : 3 feed throughs used by 3 nets
PHY-1001 : End commit to database; 0.028437s wall, 0.015625s user + 0.015625s system = 0.031250s CPU (109.9%)

PHY-1001 : Current memory(MB): used = 481, reserve = 456, peak = 481.
PHY-1001 : End phase 3; 0.150413s wall, 0.046875s user + 0.015625s system = 0.062500s CPU (41.6%)

PHY-1003 : Routed, final wirelength = 19936
PHY-1001 : Current memory(MB): used = 481, reserve = 456, peak = 481.
PHY-1001 : End export database. 0.005160s wall, 0.015625s user + 0.000000s system = 0.015625s CPU (302.8%)

PHY-1001 : End detail routing;  3.895884s wall, 1.390625s user + 0.140625s system = 1.531250s CPU (39.3%)

RUN-1003 : finish command "route" in  4.102116s wall, 1.500000s user + 0.140625s system = 1.640625s CPU (40.0%)

RUN-1004 : used memory is 419 MB, reserved memory is 394 MB, peak memory is 481 MB
RUN-1002 : start command "report_area -io_info -file responder_phy.area"
RUN-1001 : standard
***Report Model: responder Device: EG4S20BG256***

IO Statistics
#IO                        29
  #input                    7
  #output                  22
  #inout                    0

Utilization Statistics
#lut                      164   out of  19600    0.84%
#reg                      114   out of  19600    0.58%
#le                       186
  #lut only                72   out of    186   38.71%
  #reg only                22   out of    186   11.83%
  #lut&reg                 92   out of    186   49.46%
#dsp                        0   out of     29    0.00%
#bram                       0   out of     64    0.00%
  #bram9k                   0
  #fifo9k                   0
#bram32k                    0   out of     16    0.00%
#pad                       29   out of    188   15.43%
  #ireg                     0
  #oreg                    13
  #treg                     0
#pll                        0   out of      4    0.00%
#gclk                       4   out of     16   25.00%

Clock Resource Statistics
Index     ClockNet                 Type               DriverType         Driver                           Fanout
#1        CLK_dup_1                GCLK               io                 CLK_syn_2.di                     61
#2        U4/W_DigitronCS_Out_n    GCLK               lslice             U4/reg2_syn_30.f0                7
#3        U4/W_Digitron_Out_n      GCLK               lslice             U4/sel2_syn_49.f0                7
#4        U2/CLK1                  GCLK               lslice             U2/CLK1_reg_syn_36.q1            4
#5        U4/SingleNum_b_n4        GCLK               lslice             U4/W_Digitron_Out_n_syn_22.f1    2


Detailed IO Report

        Name           Direction    Location    IOStandard    DriveStrength    PullType    PackReg  
         CLK             INPUT         R7        LVCMOS33          N/A          PULLUP      NONE    
      Key_In[3]          INPUT        F10        LVCMOS33          N/A          PULLUP      NONE    
      Key_In[2]          INPUT        C11        LVCMOS33          N/A          PULLUP      NONE    
      Key_In[1]          INPUT        D11        LVCMOS33          N/A          PULLUP      NONE    
      Key_In[0]          INPUT        E11        LVCMOS33          N/A          PULLUP      NONE    
        RSTn             INPUT         A9        LVCMOS33          N/A          PULLUP      NONE    
        Start            INPUT        A10        LVCMOS33          N/A          PULLUP      NONE    
     Buzzer_Out         OUTPUT        H11        LVCMOS33           8            NONE       OREG    
  DigitronCS_Out[3]     OUTPUT         A3        LVCMOS33           8            NONE       OREG    
  DigitronCS_Out[2]     OUTPUT         A5        LVCMOS33           8            NONE       OREG    
  DigitronCS_Out[1]     OUTPUT         B6        LVCMOS33           8            NONE       OREG    
  DigitronCS_Out[0]     OUTPUT         C9        LVCMOS33           8            NONE       OREG    
   Digitron_Out[7]      OUTPUT         C8        LVCMOS33           8            NONE       NONE    
   Digitron_Out[6]      OUTPUT         A8        LVCMOS33           8            NONE       OREG    
   Digitron_Out[5]      OUTPUT         B5        LVCMOS33           8            NONE       OREG    
   Digitron_Out[4]      OUTPUT         A7        LVCMOS33           8            NONE       OREG    
   Digitron_Out[3]      OUTPUT         E8        LVCMOS33           8            NONE       OREG    
   Digitron_Out[2]      OUTPUT         B8        LVCMOS33           8            NONE       OREG    
   Digitron_Out[1]      OUTPUT         A6        LVCMOS33           8            NONE       OREG    
   Digitron_Out[0]      OUTPUT         A4        LVCMOS33           8            NONE       OREG    
     Key_Row[3]         OUTPUT        E10        LVCMOS33           8            NONE       NONE    
     Key_Row[2]         OUTPUT        C10        LVCMOS33           8            NONE       NONE    
     Key_Row[1]         OUTPUT         F9        LVCMOS33           8            NONE       NONE    
     Key_Row[0]         OUTPUT         D9        LVCMOS33           8            NONE       NONE    
     LED_Out[3]         OUTPUT        C15        LVCMOS33           8            NONE       NONE    
     LED_Out[2]         OUTPUT        B16        LVCMOS33           8            NONE       NONE    
     LED_Out[1]         OUTPUT        B15        LVCMOS33           8            NONE       NONE    
     LED_Out[0]         OUTPUT        B14        LVCMOS33           8            NONE       NONE    
  LED_OverTime_Out      OUTPUT        F16        LVCMOS33           8            NONE       OREG    

Report Hierarchy Area:
+-----------------------------------------------------------------------------------+
|Instance |Module              |le     |lut     |ripple  |seq     |bram    |dsp     |
+-----------------------------------------------------------------------------------+
|top      |responder           |186    |129     |35      |127     |0       |0       |
|  U1     |Sel_module          |41     |25      |7       |29      |0       |0       |
|  U2     |Timer_module        |44     |24      |7       |31      |0       |0       |
|  U3     |Buzzer_module       |45     |33      |12      |28      |0       |0       |
|  U4     |Digitron_NumDisplay |56     |47      |9       |26      |0       |0       |
+-----------------------------------------------------------------------------------+


DataNet Average Fanout:

   Index     Fanout    Nets  
    #1         1       138   
    #2         2        95   
    #3         3        13   
    #4         4        3    
    #5        5-10      16   
    #6       11-50      2    
  Average     1.93           

RUN-1002 : start command "export_db responder_pr.db"
RUN-1001 : Exported /
RUN-1001 : Exported flow parameters
RUN-1001 : Exported libs
RUN-1001 : Exported entities
RUN-1001 : Exported ports
RUN-1001 : Exported pins
RUN-1001 : Exported instances
RUN-1001 : Exported nets
RUN-1001 : Exported buses
RUN-1001 : Exported models
RUN-1001 : Exported congestions
RUN-1001 : Exported violations
RUN-1001 : Exported IO constraints
RUN-1001 : Exported Inst constraints
RUN-1002 : start command "export_bid responder_inst.bid"
RUN-1002 : start command "bitgen -bit responder.bit -unused_io_status pulldown"
BIT-1003 : Start to generate bitstream. 
BIT-1002 : Bitgen processed 159 unused pads, reserve input tri_state with pulldown
BIT-1002 : Init instances with 20 threads.
BIT-1002 : Init instances completely, inst num: 295
BIT-1002 : Init pips with 20 threads.
BIT-1002 : Init pips completely, net num: 304, pip num: 1747
BIT-1002 : Init feedthrough completely, num: 3
BIT-1003 : Multithreading accelaration with 20 threads.
BIT-1003 : Generate bitstream completely, there are 527 valid insts, and 5881 bits set as '1'.
BIT-1004 : PLL setting string = 0000
BIT-1004 : Generate bits file responder.bit.
RUN-1002 : start command "backup_run_log run.log ../.logs/phy_1/td_20240826_172016.log"
