============================================================
   Tang Dynasty, V5.6.71036
      Copyright (c) 2012-2023 Anlogic Inc.
   Executable = E:/TangDanasty/bin/td.exe
   Built at =   20:34:38 Mar 21 2023
   Run by =     Lenovo
   Run Date =   Mon Aug 26 21:18:25 2024

   Run on =     LAPTOP-94TMECPO
============================================================
RUN-1002 : start command "open_project responder.prj"
RUN-1001 : Print Global Property
RUN-1001 : ---------------------------------------------------------------
RUN-1001 :        Parameters        |  Settings  |  Default Values  |  Note  
RUN-1001 : ---------------------------------------------------------------
RUN-1001 :          message         |  standard  |     standard     |        
RUN-1001 :   mixed_pack_place_flow  |     on     |        on        |        
RUN-1001 :        qor_monitor       |    off     |       off        |        
RUN-1001 :        syn_ip_flow       |    off     |       off        |        
RUN-1001 :          thread          |    auto    |       auto       |        
RUN-1001 : ---------------------------------------------------------------
RUN-1001 : Print Design Property
RUN-1001 : --------------------------------------------------------------
RUN-1001 :        Parameters       |  Settings  |  Default Values  |  Note  
RUN-1001 : --------------------------------------------------------------
RUN-1001 :   default_reg_initial   |    auto    |       auto       |        
RUN-1001 :        infer_add        |     on     |        on        |        
RUN-1001 :        infer_fsm        |    off     |       off        |        
RUN-1001 :        infer_mult       |     on     |        on        |        
RUN-1001 :        infer_ram        |     on     |        on        |        
RUN-1001 :        infer_reg        |     on     |        on        |        
RUN-1001 :   infer_reg_init_value  |     on     |        on        |        
RUN-1001 :        infer_rom        |     on     |        on        |        
RUN-1001 :      infer_shifter      |     on     |        on        |        
RUN-1001 : --------------------------------------------------------------
RUN-1001 : Print Rtl Property
RUN-1001 : --------------------------------------------------------------
RUN-1001 :        Parameters       |  Settings  |  Default Values  |  Note  
RUN-1001 : --------------------------------------------------------------
RUN-1001 :       compress_add      |   ripple   |      ripple      |        
RUN-1001 :        elf_sload        |    off     |       off        |        
RUN-1001 :       fix_undriven      |     0      |        0         |        
RUN-1001 :         flatten         |    off     |       off        |        
RUN-1001 :       gate_sharing      |     on     |        on        |        
RUN-1001 :    hdl_warning_level    |   normal   |      normal      |        
RUN-1001 :   impl_internal_tribuf  |     on     |        on        |        
RUN-1001 :      impl_set_reset     |     on     |        on        |        
RUN-1001 :        infer_gsr        |    off     |       off        |        
RUN-1001 :      keep_hierarchy     |    auto    |       auto       |        
RUN-1001 :        max_fanout       |    9999    |       9999       |        
RUN-1001 :      max_oh2bin_len     |     10     |        10        |        
RUN-1001 :       merge_equal       |     on     |        on        |        
RUN-1001 :       merge_equiv       |     on     |        on        |        
RUN-1001 :        merge_mux        |    off     |       off        |        
RUN-1001 :     min_control_set     |     8      |        8         |        
RUN-1001 :      min_ripple_len     |    auto    |       auto       |        
RUN-1001 :       oh2bin_ratio      |    0.08    |       0.08       |        
RUN-1001 :     opt_adder_fanout    |     on     |        on        |        
RUN-1001 :        opt_arith        |     on     |        on        |        
RUN-1001 :       opt_big_gate      |    off     |       off        |        
RUN-1001 :        opt_const        |     on     |        on        |        
RUN-1001 :      opt_const_mult     |     on     |        on        |        
RUN-1001 :       opt_lessthan      |     on     |        on        |        
RUN-1001 :         opt_mux         |    off     |       off        |        
RUN-1001 :         opt_ram         |    high    |       high       |        
RUN-1001 :      rtl_sim_model      |    off     |       off        |        
RUN-1001 :         seq_syn         |     on     |        on        |        
RUN-1001 : --------------------------------------------------------------
HDL-1007 : analyze verilog file ../../responder.v
HDL-1007 : analyze verilog file ../../Sel_module.v
HDL-1007 : analyze verilog file ../../Timer_module.v
HDL-1007 : analyze verilog file ../../Buzzer_module.v
HDL-1007 : analyze verilog file ../../Digitron_NumDisplay.v
HDL-1007 : analyze verilog file ../../key_filter.v
RUN-1001 : Project manager successfully analyzed 6 source files.
RUN-1002 : start command "import_device eagle_s20.db -package EG4S20BG256"
ARC-1001 : Device Initialization.
ARC-1001 : ------------------------------------------------------------------
ARC-1001 :            OPTION            |          IO          |   SETTING   
ARC-1001 : ------------------------------------------------------------------
ARC-1001 :   cso_b/cclk/mosi/miso/dout  |  T3/R11/T10/P10/S11  |    gpio    
ARC-1001 :             done             |         P13          |    gpio    
ARC-1001 :           program_b          |          T2          |  dedicate  
ARC-1001 :        tdi/tms/tck/tdo       |   C12/A15/C14/E14    |  dedicate  
ARC-1001 : ------------------------------------------------------------------
ARC-1004 : Device setting, marked 5 dedicate IOs in total.
RUN-1002 : start command "import_db ../syn_1/responder_gate.db"
RUN-1001 : Importing database generated by Tang Dynasty, V5.6.71036.
RUN-1001 : Database version number 46146.
RUN-1001 : Import flow parameters
RUN-1001 : Import IO constraints
RUN-1001 : Import Inst constraints
RUN-1001 : Import design success TD_VERSION=5.6.71036 , DB_VERSION=46146
RUN-1002 : start command "place"
RUN-1001 : Open license file E:/TangDanasty/license/Anlogic.lic
RUN-1001 : Print Global Property
RUN-1001 : ---------------------------------------------------------------
RUN-1001 :        Parameters        |  Settings  |  Default Values  |  Note  
RUN-1001 : ---------------------------------------------------------------
RUN-1001 :          message         |  standard  |     standard     |        
RUN-1001 :   mixed_pack_place_flow  |     on     |        on        |        
RUN-1001 :        qor_monitor       |    off     |       off        |        
RUN-1001 :        syn_ip_flow       |    off     |       off        |        
RUN-1001 :          thread          |    auto    |       auto       |        
RUN-1001 : ---------------------------------------------------------------
RUN-1001 : Print Place Property
RUN-1001 : --------------------------------------------------------------
RUN-1001 :        Parameters       |  Settings  |  Default Values  |  Note  
RUN-1001 : --------------------------------------------------------------
RUN-1001 :      detailed_place     |     on     |        on        |        
RUN-1001 :          effort         |   medium   |      medium      |        
RUN-1001 :         fix_hold        |    off     |       off        |        
RUN-1001 :       legalization      |    ori     |       ori        |        
RUN-1001 :      new_spreading      |     on     |        on        |        
RUN-1001 :        opt_timing       |   medium   |      medium      |        
RUN-1001 :   post_clock_route_opt  |    off     |       off        |        
RUN-1001 :       pr_strategy       |     1      |        1         |        
RUN-1001 :        relaxation       |    1.00    |       1.00       |        
RUN-1001 :         retiming        |    off     |       off        |        
RUN-1001 : --------------------------------------------------------------
PHY-3001 : Placer runs in 20 thread(s).
RUN-1002 : start command "legalize_phy_inst"
SYN-1011 : Flatten model responder
RUN-1002 : start command "phys_opt -simplify_lut"
SYN-4024 : Net "CLK_dup_1" drives clk pins.
SYN-4024 : Net "U4/W_Digitron_Out_n" drives clk pins.
SYN-4024 : Net "U4/W_DigitronCS_Out_n" drives clk pins.
SYN-4024 : Net "U2/CLK1" drives clk pins.
SYN-4024 : Net "U4/SingleNum_b_n4" drives clk pins.
SYN-4025 : Tag rtl::Net CLK_dup_1 as clock net
SYN-4025 : Tag rtl::Net U2/CLK1 as clock net
SYN-4025 : Tag rtl::Net U4/SingleNum_b_n4 as clock net
SYN-4025 : Tag rtl::Net U4/W_DigitronCS_Out_n as clock net
SYN-4025 : Tag rtl::Net U4/W_Digitron_Out_n as clock net
SYN-4026 : Tagged 5 rtl::Net as clock net
SYN-4015 : Create BUFG instance for clk Net U4/W_DigitronCS_Out_n to drive 8 clock pins.
SYN-4015 : Create BUFG instance for clk Net U4/W_Digitron_Out_n to drive 7 clock pins.
SYN-4015 : Create BUFG instance for clk Net U2/CLK1 to drive 6 clock pins.
SYN-4015 : Create BUFG instance for clk Net U4/SingleNum_b_n4 to drive 4 clock pins.
PHY-1001 : Populate physical database on model responder.
RUN-1001 : There are total 346 instances
RUN-0007 : 138 luts, 130 seqs, 20 mslices, 22 lslices, 29 pads, 0 brams, 0 dsps
RUN-1001 : There are total 463 nets
RUN-1001 : 265 nets have 2 pins
RUN-1001 : 165 nets have [3 - 5] pins
RUN-1001 : 21 nets have [6 - 10] pins
RUN-1001 : 6 nets have [11 - 20] pins
RUN-1001 : 4 nets have [21 - 99] pins
RUN-1001 : 2 nets have 100+ pins
RUN-1001 : Report Control nets information:
RUN-1001 : DFF Distribution
RUN-1001 : ----------------------------------
RUN-1001 :   CE   |  SSR  |  ASR  |  DFF Count  
RUN-1001 : ----------------------------------
RUN-1001 :   No   |  No   |  No   |     30      
RUN-1001 :   No   |  No   |  Yes  |     38      
RUN-1001 :   No   |  Yes  |  No   |     29      
RUN-1001 :   Yes  |  No   |  No   |      0      
RUN-1001 :   Yes  |  No   |  Yes  |     33      
RUN-1001 :   Yes  |  Yes  |  No   |      0      
RUN-1001 : ----------------------------------
RUN-0007 : Control Group Statistic
RUN-0007 : ---------------------------
RUN-0007 :   #CLK  |  #CE  |  #SSR/ASR  
RUN-0007 : ---------------------------
RUN-0007 :    5    |   2   |     5      
RUN-0007 : ---------------------------
RUN-0007 : Control Set = 11
PHY-3001 : Initial placement ...
PHY-3001 : design contains 344 instances, 138 luts, 130 seqs, 42 slices, 5 macros(42 instances: 20 mslices 22 lslices)
PHY-0007 : Cell area utilization is 1%
PHY-3001 : Global placement ...
PHY-3001 : Initial: Len = 114412
PHY-3001 : Clustering ...
PHY-3001 : Level 0 #clusters 344.
PHY-3001 : End clustering;  0.000023s wall, 0.000000s user + 0.000000s system = 0.000000s CPU (n/a%)

PHY-3001 : Run with size of 4
PHY-3001 : Cell area utilization is 1%
PHY-3001 : :::0::: Try harder cell spreading with beta_ = 0
PHY-3002 : Step(1): len = 69969.5, overlap = 0
PHY-3002 : Step(2): len = 49655.2, overlap = 0
PHY-3002 : Step(3): len = 35097.2, overlap = 0
PHY-3002 : Step(4): len = 26752.6, overlap = 0
PHY-3002 : Step(5): len = 23018.5, overlap = 0
PHY-3002 : Step(6): len = 20872.3, overlap = 0
PHY-3002 : Step(7): len = 20646.2, overlap = 0
PHY-3002 : Step(8): len = 20293.2, overlap = 0
PHY-3002 : Step(9): len = 18691.7, overlap = 0
PHY-3002 : Step(10): len = 17492.1, overlap = 0
PHY-3002 : Step(11): len = 16151.6, overlap = 0
PHY-3002 : Step(12): len = 15866.8, overlap = 0
PHY-3002 : Step(13): len = 15259.3, overlap = 0
PHY-3002 : Step(14): len = 14962.1, overlap = 0
PHY-3002 : Step(15): len = 14684.6, overlap = 0
PHY-3002 : Step(16): len = 13150.5, overlap = 0
PHY-3002 : Step(17): len = 13146.4, overlap = 0
PHY-3002 : Step(18): len = 13318, overlap = 0
PHY-3002 : Step(19): len = 12385.1, overlap = 0
PHY-3002 : Step(20): len = 11808.9, overlap = 0
PHY-3002 : Step(21): len = 11191.7, overlap = 0
PHY-3002 : Step(22): len = 10683, overlap = 0
PHY-3002 : Step(23): len = 10951, overlap = 0
PHY-3002 : Step(24): len = 10863.5, overlap = 0
PHY-3002 : Step(25): len = 10506.1, overlap = 0
PHY-3002 : Step(26): len = 9348.8, overlap = 0
PHY-3002 : Step(27): len = 9048.8, overlap = 0
PHY-3002 : Step(28): len = 8918.2, overlap = 0
PHY-3002 : Step(29): len = 8332, overlap = 0
PHY-3002 : Step(30): len = 8257.7, overlap = 0
PHY-3002 : Step(31): len = 8060.5, overlap = 0
PHY-3002 : Step(32): len = 7660.1, overlap = 0
PHY-3002 : Step(33): len = 7826.3, overlap = 0
PHY-3001 : Legalization ...
PHY-3001 : End legalization;  0.003377s wall, 0.000000s user + 0.000000s system = 0.000000s CPU (n/a%)

PHY-3001 : Run with size of 4
PHY-3001 : Cell area utilization is 1%
PHY-3001 : :::0::: Try harder cell spreading with beta_ = 0.225321
PHY-3002 : Step(34): len = 6955.8, overlap = 0
PHY-3002 : Step(35): len = 7006.5, overlap = 0
PHY-3002 : Step(36): len = 7089.8, overlap = 0
PHY-3001 : Run with size of 2
PHY-3001 : Cell area utilization is 1%
PHY-3001 : :::0::: Try harder cell spreading with beta_ = 0
PHY-3002 : Step(37): len = 6699.5, overlap = 4.15625
PHY-3002 : Step(38): len = 6767.4, overlap = 4.21875
PHY-3002 : Step(39): len = 6863.5, overlap = 4.125
PHY-3002 : Step(40): len = 6942.3, overlap = 4.09375
OPT-1001 : Start physical optimization ...
OPT-1001 : Total overflow 17.03 peak overflow 2.03
OPT-1001 : Start high-fanout net optimization ...
OPT-1001 : Update timing in global mode
PHY-1001 : Start incremental global routing, caller is place ...
RUN-1001 : Generating global routing grids ...
RUN-1001 : Building simple global routing graph ...
PHY-1001 : Generate routing nets ...
PHY-1001 : Reuse net number 0/463.
PHY-1001 : Global iterations in 20 thread ...
PHY-1002 : len = 6848, over cnt = 14(0%), over = 30, worst = 5
PHY-1001 : End global iterations;  0.018489s wall, 0.000000s user + 0.015625s system = 0.015625s CPU (84.5%)

PHY-1001 : Congestion index: top1 = 10.19, top5 = 4.27, top10 = 2.18, top15 = 1.46.
PHY-1001 : End incremental global routing;  0.114465s wall, 0.015625s user + 0.031250s system = 0.046875s CPU (41.0%)

RUN-1002 : start command "start_timer -report"
TMR-5001 WARNING: No sdc constraints found while initiating timer.
TMR-2505 : Start building timing graph for model responder.
TMR-2506 : Build timing graph completely. Port num: 10, tpin num: 1584, tnet num: 461, tinst num: 344, tnode num: 2049, tedge num: 2575.
TMR-2508 : Levelizing timing graph completed, there are 23 levels in total.
TMR-2501 : Timing graph initialized successfully.
OPT-1001 : End timing update;  0.167223s wall, 0.046875s user + 0.015625s system = 0.062500s CPU (37.4%)

OPT-1001 : 0 high-fanout net processed.
OPT-1001 : End high-fanout net optimization;  0.284378s wall, 0.078125s user + 0.046875s system = 0.125000s CPU (44.0%)

OPT-1001 : Current memory(MB): used = 149, reserve = 118, peak = 149.
OPT-1001 : End physical optimization;  0.289209s wall, 0.078125s user + 0.046875s system = 0.125000s CPU (43.2%)

PHY-3001 : Start packing ...
SYN-4007 : Packing 0 MUX to BLE ...
SYN-4008 : Packed 0 MUX and 0 SEQ to BLE.
SYN-4007 : Packing 138 LUT to BLE ...
SYN-4008 : Packed 138 LUT and 59 SEQ to BLE.
SYN-4003 : Packing 71 remaining SEQ's ...
SYN-4005 : Packed 41 SEQ with LUT/SLICE
SYN-4006 : 44 single LUT's are left
SYN-4006 : 30 single SEQ's are left
SYN-4011 : Packing model "responder" (AL_USER_NORMAL) with 168/246 primitive instances ...
PHY-3001 : End packing;  0.007054s wall, 0.000000s user + 0.000000s system = 0.000000s CPU (n/a%)

PHY-1001 : Populate physical database on model responder.
RUN-1001 : There are total 174 instances
RUN-1001 : 69 mslices, 69 lslices, 29 pads, 0 brams, 0 dsps
RUN-1001 : There are total 412 nets
RUN-1001 : 213 nets have 2 pins
RUN-1001 : 163 nets have [3 - 5] pins
RUN-1001 : 18 nets have [6 - 10] pins
RUN-1001 : 14 nets have [11 - 20] pins
RUN-1001 : 3 nets have [21 - 99] pins
RUN-1001 : 1 nets have 100+ pins
PHY-3001 : design contains 172 instances, 138 slices, 5 macros(42 instances: 20 mslices 22 lslices)
PHY-3001 : Cell area utilization is 1%
PHY-3001 : After packing: Len = 7377.8, Over = 6.5
PHY-3001 : Run with size of 2
PHY-3001 : Cell area utilization is 1%
PHY-3001 : :::0::: Try harder cell spreading with beta_ = 0.00882544
PHY-3002 : Step(41): len = 7207.4, overlap = 6.75
PHY-3002 : Step(42): len = 7042.3, overlap = 7
PHY-3002 : Step(43): len = 6977, overlap = 6.5
PHY-3002 : Step(44): len = 6875.8, overlap = 6.5
PHY-3002 : Step(45): len = 6893.7, overlap = 7
PHY-3002 : Step(46): len = 6903.4, overlap = 7.25
PHY-3001 : :::1::: Try harder cell spreading with beta_ = 0.0176509
PHY-3002 : Step(47): len = 6881.6, overlap = 7.5
PHY-3002 : Step(48): len = 6845.2, overlap = 7.75
PHY-3001 : Legalization ...
PHY-3001 : End legalization;  0.062871s wall, 0.000000s user + 0.015625s system = 0.015625s CPU (24.9%)

PHY-3001 : Trial Legalized: Len = 10996.7
PHY-3001 : Run with size of 2
PHY-3001 : Cell area utilization is 1%
PHY-3001 : :::0::: Try harder cell spreading with beta_ = 0
PHY-3002 : Step(49): len = 8560.2, overlap = 2.5
PHY-3002 : Step(50): len = 7669.6, overlap = 4
PHY-3002 : Step(51): len = 7309.5, overlap = 3.5
PHY-3002 : Step(52): len = 7011.4, overlap = 4.75
PHY-3002 : Step(53): len = 6976.3, overlap = 4.5
PHY-3002 : Step(54): len = 6976.3, overlap = 4.5
PHY-3001 : :::1::: Try harder cell spreading with beta_ = 0.0222979
PHY-3002 : Step(55): len = 6941.5, overlap = 4.75
PHY-3002 : Step(56): len = 6879.6, overlap = 4.75
PHY-3001 : Legalization ...
PHY-3001 : End legalization;  0.003899s wall, 0.000000s user + 0.000000s system = 0.000000s CPU (n/a%)

PHY-3001 : Legalized: Len = 9403.8, Over = 0
PHY-3001 : End spreading;  0.001685s wall, 0.000000s user + 0.000000s system = 0.000000s CPU (n/a%)

PHY-3001 : Final: Len = 9403.8, Over = 0
OPT-1001 : Start physical optimization ...
OPT-1001 : Total overflow 0.00 peak overflow 0.00
OPT-1001 : Start high-fanout net optimization ...
OPT-1001 : Update timing in global mode
PHY-1001 : Start incremental global routing, caller is place ...
RUN-1001 : Generating global routing grids ...
PHY-1001 : Generate routing nets ...
PHY-1001 : Reuse net number 28/412.
PHY-1001 : Global iterations in 20 thread ...
PHY-1002 : len = 9984, over cnt = 34(0%), over = 52, worst = 4
PHY-1002 : len = 10296, over cnt = 16(0%), over = 21, worst = 3
PHY-1002 : len = 10384, over cnt = 9(0%), over = 13, worst = 3
PHY-1002 : len = 10544, over cnt = 0(0%), over = 0, worst = 0
PHY-1001 : End global iterations;  0.029524s wall, 0.000000s user + 0.000000s system = 0.000000s CPU (n/a%)

PHY-1001 : Congestion index: top1 = 15.56, top5 = 6.65, top10 = 3.54, top15 = 2.36.
PHY-1001 : End incremental global routing;  0.059971s wall, 0.015625s user + 0.000000s system = 0.015625s CPU (26.1%)

RUN-1002 : start command "start_timer -report"
TMR-5001 WARNING: No sdc constraints found while initiating timer.
TMR-2505 : Start building timing graph for model responder.
TMR-2506 : Build timing graph completely. Port num: 10, tpin num: 1401, tnet num: 410, tinst num: 172, tnode num: 1757, tedge num: 2384.
TMR-2508 : Levelizing timing graph completed, there are 23 levels in total.
TMR-2501 : Timing graph initialized successfully.
OPT-1001 : End timing update;  0.126189s wall, 0.046875s user + 0.000000s system = 0.046875s CPU (37.1%)

OPT-1001 : 0 high-fanout net processed.
OPT-1001 : End high-fanout net optimization;  0.190435s wall, 0.062500s user + 0.000000s system = 0.062500s CPU (32.8%)

OPT-1001 : Current memory(MB): used = 150, reserve = 120, peak = 150.
OPT-1001 : Update timing in Manhattan mode
OPT-1001 : End timing update;  0.000220s wall, 0.000000s user + 0.000000s system = 0.000000s CPU (n/a%)

OPT-1001 : Start pin optimization...
OPT-1001 : skip pin optimization...
RUN-1001 : Generating global routing grids ...
PHY-1001 : Generate routing nets ...
PHY-1001 : Reuse net number 335/412.
PHY-1001 : Global iterations in 20 thread ...
PHY-1002 : len = 10544, over cnt = 0(0%), over = 0, worst = 0
PHY-1001 : End global iterations;  0.001380s wall, 0.000000s user + 0.000000s system = 0.000000s CPU (n/a%)

PHY-1001 : Congestion index: top1 = 15.56, top5 = 6.65, top10 = 3.54, top15 = 2.36.
OPT-1001 : Update timing in Manhattan mode
OPT-1001 : End timing update;  0.000372s wall, 0.000000s user + 0.000000s system = 0.000000s CPU (n/a%)

RUN-1001 : QoR Analysis:
OPT-0007 :   WNS 2147483647 TNS 0 NUM_FEPS 0
RUN-1001 :   No local congestion issue, and most congested 1% tile average routing util is 15.137931
RUN-1001 :   Top critical paths
OPT-1001 : End physical optimization;  0.228450s wall, 0.078125s user + 0.000000s system = 0.078125s CPU (34.2%)

RUN-1003 : finish command "place" in  1.882811s wall, 0.406250s user + 0.421875s system = 0.828125s CPU (44.0%)

RUN-1004 : used memory is 130 MB, reserved memory is 100 MB, peak memory is 151 MB
RUN-1002 : start command "export_db responder_place.db"
RUN-1001 : Exported /
RUN-1001 : Exported flow parameters
RUN-1001 : Exported libs
RUN-1001 : Exported entities
RUN-1001 : Exported ports
RUN-1001 : Exported pins
RUN-1001 : Exported instances
RUN-1001 : Exported nets
RUN-1001 : Exported buses
RUN-1001 : Exported models
RUN-1001 : Exported congestions
RUN-1001 : Exported violations
RUN-1001 : Exported IO constraints
RUN-1001 : Exported Inst constraints
RUN-1002 : start command "route"
RUN-1001 : Open license file E:/TangDanasty/license/Anlogic.lic
RUN-1001 : Print Global Property
RUN-1001 : ---------------------------------------------------------------
RUN-1001 :        Parameters        |  Settings  |  Default Values  |  Note  
RUN-1001 : ---------------------------------------------------------------
RUN-1001 :          message         |  standard  |     standard     |        
RUN-1001 :   mixed_pack_place_flow  |     on     |        on        |        
RUN-1001 :        qor_monitor       |    off     |       off        |        
RUN-1001 :        syn_ip_flow       |    off     |       off        |        
RUN-1001 :          thread          |    auto    |       auto       |        
RUN-1001 : ---------------------------------------------------------------
RUN-1001 : Print Route Property
RUN-1001 : -------------------------------------------------------
RUN-1001 :    Parameters    |  Settings  |  Default Values  |  Note  
RUN-1001 : -------------------------------------------------------
RUN-1001 :      effort      |   medium   |      medium      |        
RUN-1001 :     fix_hold     |    off     |       off        |        
RUN-1001 :    opt_timing    |   medium   |      medium      |        
RUN-1001 :   phy_sim_model  |    off     |       off        |        
RUN-1001 :     priority     |   timing   |      timing      |        
RUN-1001 :     swap_pin     |     on     |        on        |        
RUN-1001 : -------------------------------------------------------
PHY-1001 : Route runs in 20 thread(s)
RUN-1001 : There are total 174 instances
RUN-1001 : 69 mslices, 69 lslices, 29 pads, 0 brams, 0 dsps
RUN-1001 : There are total 412 nets
RUN-1001 : 213 nets have 2 pins
RUN-1001 : 163 nets have [3 - 5] pins
RUN-1001 : 18 nets have [6 - 10] pins
RUN-1001 : 14 nets have [11 - 20] pins
RUN-1001 : 3 nets have [21 - 99] pins
RUN-1001 : 1 nets have 100+ pins
RUN-1002 : start command "start_timer -report"
TMR-5001 WARNING: No sdc constraints found while initiating timer.
TMR-2505 : Start building timing graph for model responder.
TMR-2506 : Build timing graph completely. Port num: 10, tpin num: 1401, tnet num: 410, tinst num: 172, tnode num: 1757, tedge num: 2384.
TMR-2508 : Levelizing timing graph completed, there are 23 levels in total.
TMR-2501 : Timing graph initialized successfully.
PHY-1001 : 69 mslices, 69 lslices, 29 pads, 0 brams, 0 dsps
TMR-2503 : Start to update net delay, extr mode = 3.
TMR-2504 : Update delay of 410 nets completely.
TMR-2502 : Annotate delay completely, extr mode = 3.
TMR-3002 : No user constraint, initiate default constraint.
TMR-1501 : Assign derive clock DeriveClock to 212 clock pins, and constraint 356 relative nodes.
TMR-3003 : Constraints initiated successfully.
TMR-3501 : Forward propagation: start to calculate arrival time...
TMR-3502 : Backward propagation: start to calculate required time...
TMR-3503 : Timing propagation completes.
PHY-1001 : Start global routing, caller is route ...
RUN-1001 : Generating global routing grids ...
PHY-1001 : Generate routing nets ...
PHY-1001 : Global iterations in 20 thread ...
PHY-1002 : len = 9904, over cnt = 32(0%), over = 46, worst = 3
PHY-1002 : len = 10168, over cnt = 15(0%), over = 19, worst = 3
PHY-1002 : len = 10432, over cnt = 0(0%), over = 0, worst = 0
PHY-1001 : End global iterations;  0.036959s wall, 0.000000s user + 0.000000s system = 0.000000s CPU (n/a%)

PHY-1001 : Congestion index: top1 = 15.75, top5 = 6.56, top10 = 3.47, top15 = 2.32.
PHY-1001 : End global routing;  0.076366s wall, 0.015625s user + 0.000000s system = 0.015625s CPU (20.5%)

PHY-1001 : Start detail routing ...
PHY-1001 : Current memory(MB): used = 176, reserve = 146, peak = 195.
PHY-1001 : Detailed router is running in normal mode.
PHY-1001 : Generate detailed routing grids ...
PHY-1001 : Processed IO instance DigitronCS_Out[3]_syn_2 with INV attribute.
PHY-1001 : Processed IO instance DigitronCS_Out[2]_syn_2 with INV attribute.
PHY-1001 : Processed IO instance DigitronCS_Out[1]_syn_2 with INV attribute.
PHY-1001 : Processed IO instance DigitronCS_Out[0]_syn_2 with INV attribute.
PHY-1001 : Processed IO instance Digitron_Out[6]_syn_2 with INV attribute.
PHY-1001 : Processed IO instance Digitron_Out[5]_syn_2 with INV attribute.
PHY-1001 : Processed IO instance Digitron_Out[4]_syn_2 with INV attribute.
PHY-1001 : Processed IO instance Digitron_Out[3]_syn_2 with INV attribute.
PHY-1001 : Processed IO instance Digitron_Out[2]_syn_2 with INV attribute.
PHY-1001 : Processed IO instance Digitron_Out[1]_syn_2 with INV attribute.
PHY-1001 : Processed IO instance Digitron_Out[0]_syn_2 with INV attribute.
PHY-1001 : Generate nets ...
PHY-1001 : net CLK_dup_1 will be routed on clock mesh
PHY-1001 : clock net U2/CLK1_syn_4 will be merged with clock U2/CLK1
PHY-1001 : clock net U4/SingleNum_b_n4_syn_10 will be merged with clock U4/SingleNum_b_n4
PHY-1001 : clock net U4/W_DigitronCS_Out_n_syn_4 will be merged with clock U4/W_DigitronCS_Out_n
PHY-1001 : clock net U4/W_Digitron_Out_n_syn_2 will be merged with clock U4/W_Digitron_Out_n
PHY-1001 : Current memory(MB): used = 446, reserve = 420, peak = 446.
PHY-1001 : End build detailed router design. 3.355993s wall, 1.000000s user + 0.156250s system = 1.156250s CPU (34.5%)

PHY-1001 : Detail Route ...
PHY-1001 : ===== Detail Route Phase 1 =====
PHY-1001 : Clock net routing.....
PHY-1001 : Routed 1% nets.
PHY-1022 : len = 14608, over cnt = 0(0%), over = 0, worst = 0, crit = 0
PHY-1001 : End initial clock net routed; 0.982580s wall, 0.375000s user + 0.046875s system = 0.421875s CPU (42.9%)

PHY-1001 : Current memory(MB): used = 475, reserve = 450, peak = 475.
PHY-1001 : End phase 1; 0.987470s wall, 0.375000s user + 0.046875s system = 0.421875s CPU (42.7%)

PHY-1001 : ===== Detail Route Phase 2 =====
PHY-1001 : Initial routing.....
PHY-1001 : Routed 32% nets.
PHY-1001 : Routed 36% nets.
PHY-1001 : Routed 47% nets.
PHY-1001 : Routed 60% nets.
PHY-1001 : Routed 82% nets.
PHY-1022 : len = 35456, over cnt = 4(0%), over = 4, worst = 1, crit = 0
PHY-1001 : Current memory(MB): used = 475, reserve = 450, peak = 476.
PHY-1001 : End initial routed; 0.127324s wall, 0.062500s user + 0.015625s system = 0.078125s CPU (61.4%)

PHY-1001 : Current memory(MB): used = 475, reserve = 450, peak = 476.
PHY-1001 : End phase 2; 0.127375s wall, 0.062500s user + 0.015625s system = 0.078125s CPU (61.3%)

PHY-1001 : ===== Detail Route Phase 3 =====
PHY-1001 : Ripup-reroute.....
PHY-1001 : ===== DR Iter 1 =====
PHY-1022 : len = 35480, over cnt = 0(0%), over = 0, worst = 0, crit = 0
PHY-1001 : End DR Iter 1; 0.012876s wall, 0.000000s user + 0.000000s system = 0.000000s CPU (n/a%)

PHY-1001 : Commit to database.....
PHY-1001 : 2 feed throughs used by 2 nets
PHY-1001 : End commit to database; 0.103842s wall, 0.015625s user + 0.015625s system = 0.031250s CPU (30.1%)

PHY-1001 : Current memory(MB): used = 486, reserve = 460, peak = 486.
PHY-1001 : End phase 3; 0.206247s wall, 0.046875s user + 0.031250s system = 0.078125s CPU (37.9%)

PHY-1003 : Routed, final wirelength = 35480
PHY-1001 : Current memory(MB): used = 486, reserve = 460, peak = 486.
PHY-1001 : End export database. 0.004500s wall, 0.000000s user + 0.000000s system = 0.000000s CPU (n/a%)

PHY-1001 : End detail routing;  4.921621s wall, 1.515625s user + 0.265625s system = 1.781250s CPU (36.2%)

RUN-1003 : finish command "route" in  5.174056s wall, 1.578125s user + 0.265625s system = 1.843750s CPU (35.6%)

RUN-1004 : used memory is 420 MB, reserved memory is 394 MB, peak memory is 486 MB
RUN-1002 : start command "report_area -io_info -file responder_phy.area"
RUN-1001 : standard
***Report Model: responder Device: EG4S20BG256***

IO Statistics
#IO                        29
  #input                    7
  #output                  22
  #inout                    0

Utilization Statistics
#lut                      231   out of  19600    1.18%
#reg                      151   out of  19600    0.77%
#le                       261
  #lut only               110   out of    261   42.15%
  #reg only                30   out of    261   11.49%
  #lut&reg                121   out of    261   46.36%
#dsp                        0   out of     29    0.00%
#bram                       0   out of     64    0.00%
  #bram9k                   0
  #fifo9k                   0
#bram32k                    0   out of     16    0.00%
#pad                       29   out of    188   15.43%
  #ireg                     4
  #oreg                    17
  #treg                     0
#pll                        0   out of      4    0.00%
#gclk                       4   out of     16   25.00%

Clock Resource Statistics
Index     ClockNet                 Type               DriverType         Driver                   Fanout
#1        CLK_dup_1                GCLK               io                 CLK_syn_2.di             93
#2        U4/W_DigitronCS_Out_n    GCLK               mslice             U4/reg2_syn_25.f1        7
#3        U4/W_Digitron_Out_n      GCLK               lslice             U4/mux1_syn_5.f1         7
#4        U2/CLK1                  GCLK               mslice             U2/CLK1_reg_syn_30.q0    5
#5        U4/SingleNum_b_n4        GCLK               mslice             U4/reg1_syn_46.f0        4


Detailed IO Report

        Name           Direction    Location    IOStandard    DriveStrength    PullType    PackReg  
         CLK             INPUT         R7        LVCMOS33          N/A          PULLUP      NONE    
      Key_In[3]          INPUT        F10        LVCMOS33          N/A          PULLUP      IREG    
      Key_In[2]          INPUT        C11        LVCMOS33          N/A          PULLUP      IREG    
      Key_In[1]          INPUT        D11        LVCMOS33          N/A          PULLUP      IREG    
      Key_In[0]          INPUT        E11        LVCMOS33          N/A          PULLUP      IREG    
        RSTn             INPUT         A9        LVCMOS33          N/A          PULLUP      NONE    
        Start            INPUT        A10        LVCMOS33          N/A          PULLUP      NONE    
     Buzzer_Out         OUTPUT        H11        LVCMOS33           8            NONE       OREG    
  DigitronCS_Out[3]     OUTPUT         A3        LVCMOS33           8            NONE       OREG    
  DigitronCS_Out[2]     OUTPUT         A5        LVCMOS33           8            NONE       OREG    
  DigitronCS_Out[1]     OUTPUT         B6        LVCMOS33           8            NONE       OREG    
  DigitronCS_Out[0]     OUTPUT         C9        LVCMOS33           8            NONE       OREG    
   Digitron_Out[7]      OUTPUT         C8        LVCMOS33           8            NONE       NONE    
   Digitron_Out[6]      OUTPUT         A8        LVCMOS33           8            NONE       OREG    
   Digitron_Out[5]      OUTPUT         B5        LVCMOS33           8            NONE       OREG    
   Digitron_Out[4]      OUTPUT         A7        LVCMOS33           8            NONE       OREG    
   Digitron_Out[3]      OUTPUT         E8        LVCMOS33           8            NONE       OREG    
   Digitron_Out[2]      OUTPUT         B8        LVCMOS33           8            NONE       OREG    
   Digitron_Out[1]      OUTPUT         A6        LVCMOS33           8            NONE       OREG    
   Digitron_Out[0]      OUTPUT         A4        LVCMOS33           8            NONE       OREG    
     Key_Row[3]         OUTPUT        E10        LVCMOS33           8            NONE       NONE    
     Key_Row[2]         OUTPUT        C10        LVCMOS33           8            NONE       NONE    
     Key_Row[1]         OUTPUT         F9        LVCMOS33           8            NONE       NONE    
     Key_Row[0]         OUTPUT         D9        LVCMOS33           8            NONE       NONE    
     LED_Out[3]         OUTPUT        C15        LVCMOS33           8            NONE       OREG    
     LED_Out[2]         OUTPUT        B16        LVCMOS33           8            NONE       OREG    
     LED_Out[1]         OUTPUT        B15        LVCMOS33           8            NONE       OREG    
     LED_Out[0]         OUTPUT        B14        LVCMOS33           8            NONE       OREG    
  LED_OverTime_Out      OUTPUT        F16        LVCMOS33           8            NONE       OREG    

Report Hierarchy Area:
+-----------------------------------------------------------------------------------+
|Instance |Module              |le     |lut     |ripple  |seq     |bram    |dsp     |
+-----------------------------------------------------------------------------------+
|top      |responder           |261    |189     |42      |172     |0       |0       |
|  U1     |Sel_module          |77     |56      |9       |44      |0       |0       |
|  U2     |Timer_module        |45     |35      |7       |30      |0       |0       |
|  U3     |Buzzer_module       |41     |22      |6       |26      |0       |0       |
|  U4     |Digitron_NumDisplay |60     |51      |9       |27      |0       |0       |
|  U5     |key_filter          |38     |25      |11      |24      |0       |0       |
+-----------------------------------------------------------------------------------+


DataNet Average Fanout:

   Index     Fanout    Nets  
    #1         1       184   
    #2         2       138   
    #3         3        16   
    #4         4        8    
    #5        5-10      21   
    #6       11-50      8    
  Average     2.17           

RUN-1002 : start command "export_db responder_pr.db"
RUN-1001 : Exported /
RUN-1001 : Exported flow parameters
RUN-1001 : Exported libs
RUN-1001 : Exported entities
RUN-1001 : Exported ports
RUN-1001 : Exported pins
RUN-1001 : Exported instances
RUN-1001 : Exported nets
RUN-1001 : Exported buses
RUN-1001 : Exported models
RUN-1001 : Exported congestions
RUN-1001 : Exported violations
RUN-1001 : Exported IO constraints
RUN-1001 : Exported Inst constraints
RUN-1002 : start command "export_bid responder_inst.bid"
RUN-1002 : start command "bitgen -bit responder.bit -unused_io_status pulldown"
BIT-1003 : Start to generate bitstream. 
BIT-1002 : Bitgen processed 159 unused pads, reserve input tri_state with pulldown
BIT-1002 : Init instances with 20 threads.
BIT-1002 : Init instances completely, inst num: 331
BIT-1002 : Init pips with 20 threads.
BIT-1002 : Init pips completely, net num: 412, pip num: 2826
BIT-1002 : Init feedthrough completely, num: 2
BIT-1003 : Multithreading accelaration with 20 threads.
BIT-1003 : Generate bitstream completely, there are 641 valid insts, and 8788 bits set as '1'.
BIT-1004 : PLL setting string = 0000
BIT-1004 : Generate bits file responder.bit.
RUN-1003 : finish command "bitgen -bit responder.bit -unused_io_status pulldown" in  1.196020s wall, 5.109375s user + 0.093750s system = 5.203125s CPU (435.0%)

RUN-1004 : used memory is 428 MB, reserved memory is 406 MB, peak memory is 642 MB
RUN-1002 : start command "backup_run_log run.log ../.logs/phy_1/td_20240826_211825.log"
