============================================================
   Tang Dynasty, V5.6.71036
      Copyright (c) 2012-2023 Anlogic Inc.
   Executable = E:/TangDanasty/bin/td.exe
   Built at =   20:34:38 Mar 21 2023
   Run by =     Lenovo
   Run Date =   Mon Aug 26 17:04:06 2024

   Run on =     LAPTOP-94TMECPO
============================================================
RUN-1002 : start command "open_project responder.prj"
RUN-1001 : Print Global Property
RUN-1001 : ---------------------------------------------------------------
RUN-1001 :        Parameters        |  Settings  |  Default Values  |  Note  
RUN-1001 : ---------------------------------------------------------------
RUN-1001 :          message         |  standard  |     standard     |        
RUN-1001 :   mixed_pack_place_flow  |     on     |        on        |        
RUN-1001 :        qor_monitor       |    off     |       off        |        
RUN-1001 :        syn_ip_flow       |    off     |       off        |        
RUN-1001 :          thread          |    auto    |       auto       |        
RUN-1001 : ---------------------------------------------------------------
RUN-1001 : Print Design Property
RUN-1001 : --------------------------------------------------------------
RUN-1001 :        Parameters       |  Settings  |  Default Values  |  Note  
RUN-1001 : --------------------------------------------------------------
RUN-1001 :   default_reg_initial   |    auto    |       auto       |        
RUN-1001 :        infer_add        |     on     |        on        |        
RUN-1001 :        infer_fsm        |    off     |       off        |        
RUN-1001 :        infer_mult       |     on     |        on        |        
RUN-1001 :        infer_ram        |     on     |        on        |        
RUN-1001 :        infer_reg        |     on     |        on        |        
RUN-1001 :   infer_reg_init_value  |     on     |        on        |        
RUN-1001 :        infer_rom        |     on     |        on        |        
RUN-1001 :      infer_shifter      |     on     |        on        |        
RUN-1001 : --------------------------------------------------------------
RUN-1001 : Print Rtl Property
RUN-1001 : --------------------------------------------------------------
RUN-1001 :        Parameters       |  Settings  |  Default Values  |  Note  
RUN-1001 : --------------------------------------------------------------
RUN-1001 :       compress_add      |   ripple   |      ripple      |        
RUN-1001 :        elf_sload        |    off     |       off        |        
RUN-1001 :       fix_undriven      |     0      |        0         |        
RUN-1001 :         flatten         |    off     |       off        |        
RUN-1001 :       gate_sharing      |     on     |        on        |        
RUN-1001 :    hdl_warning_level    |   normal   |      normal      |        
RUN-1001 :   impl_internal_tribuf  |     on     |        on        |        
RUN-1001 :      impl_set_reset     |     on     |        on        |        
RUN-1001 :        infer_gsr        |    off     |       off        |        
RUN-1001 :      keep_hierarchy     |    auto    |       auto       |        
RUN-1001 :        max_fanout       |    9999    |       9999       |        
RUN-1001 :      max_oh2bin_len     |     10     |        10        |        
RUN-1001 :       merge_equal       |     on     |        on        |        
RUN-1001 :       merge_equiv       |     on     |        on        |        
RUN-1001 :        merge_mux        |    off     |       off        |        
RUN-1001 :     min_control_set     |     8      |        8         |        
RUN-1001 :      min_ripple_len     |    auto    |       auto       |        
RUN-1001 :       oh2bin_ratio      |    0.08    |       0.08       |        
RUN-1001 :     opt_adder_fanout    |     on     |        on        |        
RUN-1001 :        opt_arith        |     on     |        on        |        
RUN-1001 :       opt_big_gate      |    off     |       off        |        
RUN-1001 :        opt_const        |     on     |        on        |        
RUN-1001 :      opt_const_mult     |     on     |        on        |        
RUN-1001 :       opt_lessthan      |     on     |        on        |        
RUN-1001 :         opt_mux         |    off     |       off        |        
RUN-1001 :         opt_ram         |    high    |       high       |        
RUN-1001 :      rtl_sim_model      |    off     |       off        |        
RUN-1001 :         seq_syn         |     on     |        on        |        
RUN-1001 : --------------------------------------------------------------
HDL-1007 : analyze verilog file ../../responder.v
HDL-1007 : analyze verilog file ../../Sel_module.v
HDL-1007 : analyze verilog file ../../Timer_module.v
HDL-1007 : analyze verilog file ../../Buzzer_module.v
HDL-1007 : analyze verilog file ../../Digitron_NumDisplay.v
HDL-1007 : analyze verilog file ../../key_filter.v
RUN-1001 : Project manager successfully analyzed 6 source files.
RUN-1002 : start command "import_device eagle_s20.db -package EG4S20BG256"
ARC-1001 : Device Initialization.
ARC-1001 : ------------------------------------------------------------------
ARC-1001 :            OPTION            |          IO          |   SETTING   
ARC-1001 : ------------------------------------------------------------------
ARC-1001 :   cso_b/cclk/mosi/miso/dout  |  T3/R11/T10/P10/S11  |    gpio    
ARC-1001 :             done             |         P13          |    gpio    
ARC-1001 :           program_b          |          T2          |  dedicate  
ARC-1001 :        tdi/tms/tck/tdo       |   C12/A15/C14/E14    |  dedicate  
ARC-1001 : ------------------------------------------------------------------
ARC-1004 : Device setting, marked 5 dedicate IOs in total.
RUN-1002 : start command "import_db ../syn_1/responder_gate.db"
RUN-1001 : Importing database generated by Tang Dynasty, V5.6.71036.
RUN-1001 : Database version number 46146.
RUN-1001 : Import flow parameters
RUN-1001 : Import IO constraints
RUN-1001 : Import Inst constraints
RUN-1001 : Import design success TD_VERSION=5.6.71036 , DB_VERSION=46146
RUN-1002 : start command "place"
RUN-1001 : Open license file E:/TangDanasty/license/Anlogic.lic
RUN-1001 : Print Global Property
RUN-1001 : ---------------------------------------------------------------
RUN-1001 :        Parameters        |  Settings  |  Default Values  |  Note  
RUN-1001 : ---------------------------------------------------------------
RUN-1001 :          message         |  standard  |     standard     |        
RUN-1001 :   mixed_pack_place_flow  |     on     |        on        |        
RUN-1001 :        qor_monitor       |    off     |       off        |        
RUN-1001 :        syn_ip_flow       |    off     |       off        |        
RUN-1001 :          thread          |    auto    |       auto       |        
RUN-1001 : ---------------------------------------------------------------
RUN-1001 : Print Place Property
RUN-1001 : --------------------------------------------------------------
RUN-1001 :        Parameters       |  Settings  |  Default Values  |  Note  
RUN-1001 : --------------------------------------------------------------
RUN-1001 :      detailed_place     |     on     |        on        |        
RUN-1001 :          effort         |   medium   |      medium      |        
RUN-1001 :         fix_hold        |    off     |       off        |        
RUN-1001 :       legalization      |    ori     |       ori        |        
RUN-1001 :      new_spreading      |     on     |        on        |        
RUN-1001 :        opt_timing       |   medium   |      medium      |        
RUN-1001 :   post_clock_route_opt  |    off     |       off        |        
RUN-1001 :       pr_strategy       |     1      |        1         |        
RUN-1001 :        relaxation       |    1.00    |       1.00       |        
RUN-1001 :         retiming        |    off     |       off        |        
RUN-1001 : --------------------------------------------------------------
PHY-3001 : Placer runs in 20 thread(s).
RUN-1002 : start command "legalize_phy_inst"
SYN-1011 : Flatten model responder
RUN-1002 : start command "phys_opt -simplify_lut"
SYN-4024 : Net "CLK_dup_1" drives clk pins.
SYN-4024 : Net "U4/W_Digitron_Out_n" drives clk pins.
SYN-4024 : Net "U4/W_DigitronCS_Out_n" drives clk pins.
SYN-4024 : Net "U2/CLK1" drives clk pins.
SYN-4024 : Net "U4/SingleNum_b_n4" drives clk pins.
SYN-4025 : Tag rtl::Net CLK_dup_1 as clock net
SYN-4025 : Tag rtl::Net U2/CLK1 as clock net
SYN-4025 : Tag rtl::Net U4/SingleNum_b_n4 as clock net
SYN-4025 : Tag rtl::Net U4/W_DigitronCS_Out_n as clock net
SYN-4025 : Tag rtl::Net U4/W_Digitron_Out_n as clock net
SYN-4026 : Tagged 5 rtl::Net as clock net
SYN-4015 : Create BUFG instance for clk Net U2/CLK1 to drive 8 clock pins.
SYN-4015 : Create BUFG instance for clk Net U4/W_DigitronCS_Out_n to drive 8 clock pins.
SYN-4015 : Create BUFG instance for clk Net U4/W_Digitron_Out_n to drive 7 clock pins.
SYN-4015 : Create BUFG instance for clk Net U4/SingleNum_b_n4 to drive 4 clock pins.
PHY-1001 : Populate physical database on model responder.
RUN-1001 : There are total 340 instances
RUN-0007 : 140 luts, 124 seqs, 20 mslices, 20 lslices, 29 pads, 0 brams, 0 dsps
RUN-1001 : There are total 449 nets
RUN-1001 : 257 nets have 2 pins
RUN-1001 : 150 nets have [3 - 5] pins
RUN-1001 : 30 nets have [6 - 10] pins
RUN-1001 : 6 nets have [11 - 20] pins
RUN-1001 : 4 nets have [21 - 99] pins
RUN-1001 : 2 nets have 100+ pins
RUN-1001 : Report Control nets information:
RUN-1001 : DFF Distribution
RUN-1001 : ----------------------------------
RUN-1001 :   CE   |  SSR  |  ASR  |  DFF Count  
RUN-1001 : ----------------------------------
RUN-1001 :   No   |  No   |  No   |     30      
RUN-1001 :   No   |  No   |  Yes  |     39      
RUN-1001 :   No   |  Yes  |  No   |     29      
RUN-1001 :   Yes  |  No   |  No   |      0      
RUN-1001 :   Yes  |  No   |  Yes  |     26      
RUN-1001 :   Yes  |  Yes  |  No   |      0      
RUN-1001 : ----------------------------------
RUN-0007 : Control Group Statistic
RUN-0007 : ---------------------------
RUN-0007 :   #CLK  |  #CE  |  #SSR/ASR  
RUN-0007 : ---------------------------
RUN-0007 :    4    |   2   |     5      
RUN-0007 : ---------------------------
RUN-0007 : Control Set = 10
PHY-3001 : Initial placement ...
PHY-3001 : design contains 338 instances, 140 luts, 124 seqs, 40 slices, 5 macros(40 instances: 20 mslices 20 lslices)
PHY-0007 : Cell area utilization is 1%
PHY-3001 : Global placement ...
PHY-3001 : Initial: Len = 106612
PHY-3001 : Clustering ...
PHY-3001 : Level 0 #clusters 338.
PHY-3001 : End clustering;  0.000020s wall, 0.000000s user + 0.000000s system = 0.000000s CPU (n/a%)

PHY-3001 : Run with size of 4
PHY-3001 : Cell area utilization is 1%
PHY-3001 : :::0::: Try harder cell spreading with beta_ = 0
PHY-3002 : Step(1): len = 66014.8, overlap = 0
PHY-3002 : Step(2): len = 42881.8, overlap = 0
PHY-3002 : Step(3): len = 32217.7, overlap = 0
PHY-3002 : Step(4): len = 25352.2, overlap = 0
PHY-3002 : Step(5): len = 21640.8, overlap = 0
PHY-3002 : Step(6): len = 20472.3, overlap = 0
PHY-3002 : Step(7): len = 20002.5, overlap = 0
PHY-3002 : Step(8): len = 18447.8, overlap = 0
PHY-3002 : Step(9): len = 18051.5, overlap = 0
PHY-3002 : Step(10): len = 17637.5, overlap = 0
PHY-3002 : Step(11): len = 15401.6, overlap = 0
PHY-3002 : Step(12): len = 14642.3, overlap = 0
PHY-3002 : Step(13): len = 14994, overlap = 0
PHY-3002 : Step(14): len = 13855, overlap = 0
PHY-3002 : Step(15): len = 13048.2, overlap = 0
PHY-3002 : Step(16): len = 13431.4, overlap = 0
PHY-3002 : Step(17): len = 12488.2, overlap = 0
PHY-3002 : Step(18): len = 11520.3, overlap = 0
PHY-3002 : Step(19): len = 11546.1, overlap = 0
PHY-3002 : Step(20): len = 11556.3, overlap = 0
PHY-3002 : Step(21): len = 10906, overlap = 0
PHY-3002 : Step(22): len = 10913.6, overlap = 0
PHY-3002 : Step(23): len = 9708.4, overlap = 0
PHY-3002 : Step(24): len = 8923.9, overlap = 0
PHY-3002 : Step(25): len = 8865.9, overlap = 0
PHY-3002 : Step(26): len = 8190.5, overlap = 0
PHY-3002 : Step(27): len = 7808.8, overlap = 0
PHY-3002 : Step(28): len = 7849.3, overlap = 0
PHY-3002 : Step(29): len = 7459.7, overlap = 0
PHY-3002 : Step(30): len = 7459.7, overlap = 0
PHY-3002 : Step(31): len = 7128.8, overlap = 0
PHY-3002 : Step(32): len = 7128.8, overlap = 0
PHY-3002 : Step(33): len = 6993.4, overlap = 0
PHY-3001 : Legalization ...
PHY-3001 : End legalization;  0.003370s wall, 0.000000s user + 0.000000s system = 0.000000s CPU (n/a%)

PHY-3001 : Run with size of 4
PHY-3001 : Cell area utilization is 1%
PHY-3001 : :::0::: Try harder cell spreading with beta_ = 0
PHY-3002 : Step(34): len = 6976.8, overlap = 0
PHY-3002 : Step(35): len = 7003.7, overlap = 0
PHY-3002 : Step(36): len = 7201.5, overlap = 0
PHY-3002 : Step(37): len = 7297.3, overlap = 0
PHY-3002 : Step(38): len = 7109.2, overlap = 0
PHY-3002 : Step(39): len = 7198, overlap = 0
PHY-3002 : Step(40): len = 7133, overlap = 0
PHY-3002 : Step(41): len = 7227.3, overlap = 0
PHY-3002 : Step(42): len = 7088.6, overlap = 0
PHY-3002 : Step(43): len = 7151.3, overlap = 0
PHY-3002 : Step(44): len = 7170.3, overlap = 0
PHY-3002 : Step(45): len = 7289.1, overlap = 0
PHY-3002 : Step(46): len = 7086.1, overlap = 0
PHY-3002 : Step(47): len = 7317.5, overlap = 0
PHY-3002 : Step(48): len = 7489.1, overlap = 0
PHY-3002 : Step(49): len = 7374.7, overlap = 0
PHY-3002 : Step(50): len = 7352.3, overlap = 0
PHY-3002 : Step(51): len = 7380.2, overlap = 0
PHY-3002 : Step(52): len = 6656.4, overlap = 0
PHY-3002 : Step(53): len = 6757, overlap = 0
PHY-3002 : Step(54): len = 6256.2, overlap = 0
PHY-3002 : Step(55): len = 6307.7, overlap = 0
PHY-3002 : Step(56): len = 5920.6, overlap = 0
PHY-3002 : Step(57): len = 5301.9, overlap = 0
PHY-3002 : Step(58): len = 5281.1, overlap = 0
PHY-3002 : Step(59): len = 5284.5, overlap = 0
PHY-3002 : Step(60): len = 5273.5, overlap = 0
PHY-3002 : Step(61): len = 5050.9, overlap = 0
PHY-3002 : Step(62): len = 5049.2, overlap = 0
PHY-3002 : Step(63): len = 5055.3, overlap = 0
PHY-3002 : Step(64): len = 4975.1, overlap = 0
PHY-3002 : Step(65): len = 5009.3, overlap = 0
PHY-3002 : Step(66): len = 5063.6, overlap = 0
PHY-3002 : Step(67): len = 5099, overlap = 0
PHY-3002 : Step(68): len = 4922.2, overlap = 0
PHY-3002 : Step(69): len = 4832.7, overlap = 0
PHY-3002 : Step(70): len = 4846.1, overlap = 0
PHY-3002 : Step(71): len = 4736.8, overlap = 0
PHY-3002 : Step(72): len = 4784.4, overlap = 0
PHY-3002 : Step(73): len = 4784.4, overlap = 0
PHY-3001 : Run with size of 2
PHY-3001 : Cell area utilization is 1%
PHY-3001 : :::0::: Try harder cell spreading with beta_ = 0
PHY-3002 : Step(74): len = 4631.1, overlap = 2.46875
PHY-3002 : Step(75): len = 4692.3, overlap = 2.34375
PHY-3002 : Step(76): len = 4692.3, overlap = 2.34375
OPT-1001 : Start physical optimization ...
OPT-1001 : Total overflow 14.38 peak overflow 2.34
OPT-1001 : Start high-fanout net optimization ...
OPT-1001 : Update timing in global mode
PHY-1001 : Start incremental global routing, caller is place ...
RUN-1001 : Generating global routing grids ...
RUN-1001 : Building simple global routing graph ...
PHY-1001 : Generate routing nets ...
PHY-1001 : Reuse net number 0/449.
PHY-1001 : Global iterations in 20 thread ...
PHY-1002 : len = 5016, over cnt = 16(0%), over = 46, worst = 7
PHY-1001 : End global iterations;  0.015706s wall, 0.000000s user + 0.000000s system = 0.000000s CPU (n/a%)

PHY-1001 : Congestion index: top1 = 10.84, top5 = 4.20, top10 = 2.09, top15 = 1.40.
PHY-1001 : End incremental global routing;  0.053149s wall, 0.015625s user + 0.000000s system = 0.015625s CPU (29.4%)

RUN-1002 : start command "start_timer -report"
TMR-5001 WARNING: No sdc constraints found while initiating timer.
TMR-2505 : Start building timing graph for model responder.
TMR-2506 : Build timing graph completely. Port num: 10, tpin num: 1549, tnet num: 447, tinst num: 338, tnode num: 1991, tedge num: 2501.
TMR-2508 : Levelizing timing graph completed, there are 23 levels in total.
TMR-2501 : Timing graph initialized successfully.
OPT-1001 : End timing update;  0.129374s wall, 0.046875s user + 0.000000s system = 0.046875s CPU (36.2%)

OPT-1001 : 0 high-fanout net processed.
OPT-1001 : End high-fanout net optimization;  0.185627s wall, 0.062500s user + 0.000000s system = 0.062500s CPU (33.7%)

OPT-1001 : Current memory(MB): used = 149, reserve = 118, peak = 149.
OPT-1001 : End physical optimization;  0.189274s wall, 0.062500s user + 0.000000s system = 0.062500s CPU (33.0%)

PHY-3001 : Start packing ...
SYN-4007 : Packing 0 MUX to BLE ...
SYN-4008 : Packed 0 MUX and 0 SEQ to BLE.
SYN-4007 : Packing 140 LUT to BLE ...
SYN-4008 : Packed 140 LUT and 62 SEQ to BLE.
SYN-4003 : Packing 62 remaining SEQ's ...
SYN-4005 : Packed 42 SEQ with LUT/SLICE
SYN-4006 : 42 single LUT's are left
SYN-4006 : 20 single SEQ's are left
SYN-4011 : Packing model "responder" (AL_USER_NORMAL) with 160/236 primitive instances ...
PHY-3001 : End packing;  0.006880s wall, 0.000000s user + 0.000000s system = 0.000000s CPU (n/a%)

PHY-1001 : Populate physical database on model responder.
RUN-1001 : There are total 168 instances
RUN-1001 : 66 mslices, 66 lslices, 29 pads, 0 brams, 0 dsps
RUN-1001 : There are total 395 nets
RUN-1001 : 207 nets have 2 pins
RUN-1001 : 146 nets have [3 - 5] pins
RUN-1001 : 26 nets have [6 - 10] pins
RUN-1001 : 12 nets have [11 - 20] pins
RUN-1001 : 3 nets have [21 - 99] pins
RUN-1001 : 1 nets have 100+ pins
PHY-3001 : design contains 166 instances, 132 slices, 5 macros(40 instances: 20 mslices 20 lslices)
PHY-3001 : Cell area utilization is 1%
PHY-3001 : After packing: Len = 5309.8, Over = 6
PHY-3001 : Run with size of 2
PHY-3001 : Cell area utilization is 1%
PHY-3001 : :::0::: Try harder cell spreading with beta_ = 0
PHY-3002 : Step(77): len = 4823.6, overlap = 6.5
PHY-3002 : Step(78): len = 4798.6, overlap = 6.5
PHY-3002 : Step(79): len = 4691.4, overlap = 6.75
PHY-3002 : Step(80): len = 4692.9, overlap = 6.75
PHY-3002 : Step(81): len = 4684.3, overlap = 7.5
PHY-3001 : :::1::: Try harder cell spreading with beta_ = 0.00573693
PHY-3002 : Step(82): len = 4704.5, overlap = 7.25
PHY-3002 : Step(83): len = 4712.1, overlap = 7.25
PHY-3001 : Legalization ...
PHY-3001 : End legalization;  0.047425s wall, 0.000000s user + 0.000000s system = 0.000000s CPU (n/a%)

PHY-3001 : Trial Legalized: Len = 8699.6
PHY-3001 : Run with size of 2
PHY-3001 : Cell area utilization is 1%
PHY-3001 : :::0::: Try harder cell spreading with beta_ = 0
PHY-3002 : Step(84): len = 6066.4, overlap = 2
PHY-3002 : Step(85): len = 5181.3, overlap = 2.75
PHY-3002 : Step(86): len = 5036.5, overlap = 3.5
PHY-3002 : Step(87): len = 5006.2, overlap = 3.75
PHY-3002 : Step(88): len = 4784.8, overlap = 3.25
PHY-3002 : Step(89): len = 4766.7, overlap = 3.25
PHY-3002 : Step(90): len = 4766.7, overlap = 3.25
PHY-3001 : Legalization ...
PHY-3001 : End legalization;  0.003844s wall, 0.000000s user + 0.000000s system = 0.000000s CPU (n/a%)

PHY-3001 : Legalized: Len = 6618.5, Over = 0
PHY-3001 : End spreading;  0.001649s wall, 0.000000s user + 0.000000s system = 0.000000s CPU (n/a%)

PHY-3001 : Final: Len = 6618.5, Over = 0
OPT-1001 : Start physical optimization ...
OPT-1001 : Total overflow 0.00 peak overflow 0.00
OPT-1001 : Start high-fanout net optimization ...
OPT-1001 : Update timing in global mode
PHY-1001 : Start incremental global routing, caller is place ...
RUN-1001 : Generating global routing grids ...
PHY-1001 : Generate routing nets ...
PHY-1001 : Reuse net number 32/395.
PHY-1001 : Global iterations in 20 thread ...
PHY-1002 : len = 7264, over cnt = 25(0%), over = 39, worst = 3
PHY-1002 : len = 7392, over cnt = 14(0%), over = 23, worst = 3
PHY-1002 : len = 7680, over cnt = 3(0%), over = 5, worst = 2
PHY-1002 : len = 7752, over cnt = 0(0%), over = 0, worst = 0
PHY-1001 : End global iterations;  0.025484s wall, 0.000000s user + 0.000000s system = 0.000000s CPU (n/a%)

PHY-1001 : Congestion index: top1 = 15.24, top5 = 6.04, top10 = 3.02, top15 = 2.02.
PHY-1001 : End incremental global routing;  0.056231s wall, 0.015625s user + 0.000000s system = 0.015625s CPU (27.8%)

RUN-1002 : start command "start_timer -report"
TMR-5001 WARNING: No sdc constraints found while initiating timer.
TMR-2505 : Start building timing graph for model responder.
TMR-2506 : Build timing graph completely. Port num: 10, tpin num: 1357, tnet num: 393, tinst num: 166, tnode num: 1695, tedge num: 2293.
TMR-2508 : Levelizing timing graph completed, there are 23 levels in total.
TMR-2501 : Timing graph initialized successfully.
OPT-1001 : End timing update;  0.109757s wall, 0.015625s user + 0.000000s system = 0.015625s CPU (14.2%)

OPT-1001 : 0 high-fanout net processed.
OPT-1001 : End high-fanout net optimization;  0.168747s wall, 0.031250s user + 0.000000s system = 0.031250s CPU (18.5%)

OPT-1001 : Current memory(MB): used = 151, reserve = 120, peak = 151.
OPT-1001 : Update timing in Manhattan mode
OPT-1001 : End timing update;  0.000171s wall, 0.000000s user + 0.000000s system = 0.000000s CPU (n/a%)

OPT-1001 : Start pin optimization...
OPT-1001 : skip pin optimization...
RUN-1001 : Generating global routing grids ...
PHY-1001 : Generate routing nets ...
PHY-1001 : Reuse net number 300/395.
PHY-1001 : Global iterations in 20 thread ...
PHY-1002 : len = 7752, over cnt = 0(0%), over = 0, worst = 0
PHY-1001 : End global iterations;  0.000926s wall, 0.000000s user + 0.000000s system = 0.000000s CPU (n/a%)

PHY-1001 : Congestion index: top1 = 15.24, top5 = 6.04, top10 = 3.02, top15 = 2.02.
OPT-1001 : Update timing in Manhattan mode
OPT-1001 : End timing update;  0.000356s wall, 0.000000s user + 0.000000s system = 0.000000s CPU (n/a%)

RUN-1001 : QoR Analysis:
OPT-0007 :   WNS 2147483647 TNS 0 NUM_FEPS 0
RUN-1001 :   No local congestion issue, and most congested 1% tile average routing util is 14.931034
RUN-1001 :   Top critical paths
OPT-1001 : End physical optimization;  0.204433s wall, 0.031250s user + 0.000000s system = 0.031250s CPU (15.3%)

RUN-1003 : finish command "place" in  1.973310s wall, 0.218750s user + 0.187500s system = 0.406250s CPU (20.6%)

RUN-1004 : used memory is 132 MB, reserved memory is 101 MB, peak memory is 151 MB
RUN-1002 : start command "export_db responder_place.db"
RUN-1001 : Exported /
RUN-1001 : Exported flow parameters
RUN-1001 : Exported libs
RUN-1001 : Exported entities
RUN-1001 : Exported ports
RUN-1001 : Exported pins
RUN-1001 : Exported instances
RUN-1001 : Exported nets
RUN-1001 : Exported buses
RUN-1001 : Exported models
RUN-1001 : Exported congestions
RUN-1001 : Exported violations
RUN-1001 : Exported IO constraints
RUN-1001 : Exported Inst constraints
RUN-1002 : start command "route"
RUN-1001 : Open license file E:/TangDanasty/license/Anlogic.lic
RUN-1001 : Print Global Property
RUN-1001 : ---------------------------------------------------------------
RUN-1001 :        Parameters        |  Settings  |  Default Values  |  Note  
RUN-1001 : ---------------------------------------------------------------
RUN-1001 :          message         |  standard  |     standard     |        
RUN-1001 :   mixed_pack_place_flow  |     on     |        on        |        
RUN-1001 :        qor_monitor       |    off     |       off        |        
RUN-1001 :        syn_ip_flow       |    off     |       off        |        
RUN-1001 :          thread          |    auto    |       auto       |        
RUN-1001 : ---------------------------------------------------------------
RUN-1001 : Print Route Property
RUN-1001 : -------------------------------------------------------
RUN-1001 :    Parameters    |  Settings  |  Default Values  |  Note  
RUN-1001 : -------------------------------------------------------
RUN-1001 :      effort      |   medium   |      medium      |        
RUN-1001 :     fix_hold     |    off     |       off        |        
RUN-1001 :    opt_timing    |   medium   |      medium      |        
RUN-1001 :   phy_sim_model  |    off     |       off        |        
RUN-1001 :     priority     |   timing   |      timing      |        
RUN-1001 :     swap_pin     |     on     |        on        |        
RUN-1001 : -------------------------------------------------------
PHY-1001 : Route runs in 20 thread(s)
RUN-1001 : There are total 168 instances
RUN-1001 : 66 mslices, 66 lslices, 29 pads, 0 brams, 0 dsps
RUN-1001 : There are total 395 nets
RUN-1001 : 207 nets have 2 pins
RUN-1001 : 146 nets have [3 - 5] pins
RUN-1001 : 26 nets have [6 - 10] pins
RUN-1001 : 12 nets have [11 - 20] pins
RUN-1001 : 3 nets have [21 - 99] pins
RUN-1001 : 1 nets have 100+ pins
RUN-1002 : start command "start_timer -report"
TMR-5001 WARNING: No sdc constraints found while initiating timer.
TMR-2505 : Start building timing graph for model responder.
TMR-2506 : Build timing graph completely. Port num: 10, tpin num: 1357, tnet num: 393, tinst num: 166, tnode num: 1695, tedge num: 2293.
TMR-2508 : Levelizing timing graph completed, there are 23 levels in total.
TMR-2501 : Timing graph initialized successfully.
PHY-1001 : 66 mslices, 66 lslices, 29 pads, 0 brams, 0 dsps
TMR-2503 : Start to update net delay, extr mode = 3.
TMR-2504 : Update delay of 393 nets completely.
TMR-2502 : Annotate delay completely, extr mode = 3.
TMR-3002 : No user constraint, initiate default constraint.
TMR-1501 : Assign derive clock DeriveClock to 200 clock pins, and constraint 338 relative nodes.
TMR-3003 : Constraints initiated successfully.
TMR-3501 : Forward propagation: start to calculate arrival time...
TMR-3502 : Backward propagation: start to calculate required time...
TMR-3503 : Timing propagation completes.
PHY-1001 : Start global routing, caller is route ...
RUN-1001 : Generating global routing grids ...
PHY-1001 : Generate routing nets ...
PHY-1001 : Global iterations in 20 thread ...
PHY-1002 : len = 7200, over cnt = 25(0%), over = 39, worst = 3
PHY-1002 : len = 7328, over cnt = 14(0%), over = 23, worst = 3
PHY-1002 : len = 7688, over cnt = 0(0%), over = 0, worst = 0
PHY-1001 : End global iterations;  0.027223s wall, 0.000000s user + 0.015625s system = 0.015625s CPU (57.4%)

PHY-1001 : Congestion index: top1 = 15.41, top5 = 5.94, top10 = 2.99, top15 = 1.99.
PHY-1001 : End global routing;  0.059347s wall, 0.000000s user + 0.015625s system = 0.015625s CPU (26.3%)

PHY-1001 : Start detail routing ...
PHY-1001 : Current memory(MB): used = 179, reserve = 149, peak = 196.
PHY-1001 : Detailed router is running in normal mode.
PHY-1001 : Generate detailed routing grids ...
PHY-1001 : Processed IO instance DigitronCS_Out[3]_syn_2 with INV attribute.
PHY-1001 : Processed IO instance DigitronCS_Out[2]_syn_2 with INV attribute.
PHY-1001 : Processed IO instance DigitronCS_Out[1]_syn_2 with INV attribute.
PHY-1001 : Processed IO instance DigitronCS_Out[0]_syn_2 with INV attribute.
PHY-1001 : Processed IO instance Digitron_Out[6]_syn_2 with INV attribute.
PHY-1001 : Processed IO instance Digitron_Out[5]_syn_2 with INV attribute.
PHY-1001 : Processed IO instance Digitron_Out[4]_syn_2 with INV attribute.
PHY-1001 : Processed IO instance Digitron_Out[3]_syn_2 with INV attribute.
PHY-1001 : Processed IO instance Digitron_Out[2]_syn_2 with INV attribute.
PHY-1001 : Processed IO instance Digitron_Out[1]_syn_2 with INV attribute.
PHY-1001 : Processed IO instance Digitron_Out[0]_syn_2 with INV attribute.
PHY-1001 : Generate nets ...
PHY-1001 : net CLK_dup_1 will be routed on clock mesh
PHY-1001 : clock net U2/CLK1_syn_4 will be merged with clock U2/CLK1
PHY-1001 : clock net U4/SingleNum_b_n4_syn_10 will be merged with clock U4/SingleNum_b_n4
PHY-1001 : clock net U4/W_DigitronCS_Out_n_syn_4 will be merged with clock U4/W_DigitronCS_Out_n
PHY-1001 : clock net U4/W_Digitron_Out_n_syn_12 will be merged with clock U4/W_Digitron_Out_n
PHY-1001 : Current memory(MB): used = 447, reserve = 421, peak = 447.
PHY-1001 : End build detailed router design. 2.883086s wall, 1.093750s user + 0.140625s system = 1.234375s CPU (42.8%)

PHY-1001 : Detail Route ...
PHY-1001 : ===== Detail Route Phase 1 =====
PHY-1001 : Clock net routing.....
PHY-1001 : Routed 1% nets.
PHY-1022 : len = 13320, over cnt = 0(0%), over = 0, worst = 0, crit = 0
PHY-1001 : End initial clock net routed; 0.923262s wall, 0.359375s user + 0.031250s system = 0.390625s CPU (42.3%)

PHY-1001 : Current memory(MB): used = 476, reserve = 451, peak = 476.
PHY-1001 : End phase 1; 0.927570s wall, 0.359375s user + 0.031250s system = 0.390625s CPU (42.1%)

PHY-1001 : ===== Detail Route Phase 2 =====
PHY-1001 : Initial routing.....
PHY-1001 : Routed 34% nets.
PHY-1001 : Routed 38% nets.
PHY-1001 : Routed 47% nets.
PHY-1001 : Routed 62% nets.
PHY-1001 : Routed 82% nets.
PHY-1022 : len = 27704, over cnt = 12(0%), over = 12, worst = 1, crit = 0
PHY-1001 : Current memory(MB): used = 476, reserve = 451, peak = 477.
PHY-1001 : End initial routed; 0.057925s wall, 0.015625s user + 0.000000s system = 0.015625s CPU (27.0%)

PHY-1001 : Current memory(MB): used = 476, reserve = 451, peak = 477.
PHY-1001 : End phase 2; 0.057975s wall, 0.015625s user + 0.000000s system = 0.015625s CPU (27.0%)

PHY-1001 : ===== Detail Route Phase 3 =====
PHY-1001 : Ripup-reroute.....
PHY-1001 : ===== DR Iter 1 =====
PHY-1022 : len = 27688, over cnt = 3(0%), over = 3, worst = 1, crit = 0
PHY-1001 : End DR Iter 1; 0.014006s wall, 0.000000s user + 0.000000s system = 0.000000s CPU (n/a%)

PHY-1001 : ===== DR Iter 2 =====
PHY-1022 : len = 27704, over cnt = 0(0%), over = 0, worst = 0, crit = 0
PHY-1001 : End DR Iter 2; 0.010743s wall, 0.000000s user + 0.000000s system = 0.000000s CPU (n/a%)

PHY-1001 : Commit to database.....
PHY-1001 : 4 feed throughs used by 4 nets
PHY-1001 : End commit to database; 0.031586s wall, 0.000000s user + 0.000000s system = 0.000000s CPU (n/a%)

PHY-1001 : Current memory(MB): used = 487, reserve = 461, peak = 487.
PHY-1001 : End phase 3; 0.142682s wall, 0.000000s user + 0.000000s system = 0.000000s CPU (n/a%)

PHY-1003 : Routed, final wirelength = 27704
PHY-1001 : Current memory(MB): used = 487, reserve = 461, peak = 487.
PHY-1001 : End export database. 0.004748s wall, 0.000000s user + 0.000000s system = 0.000000s CPU (n/a%)

PHY-1001 : End detail routing;  4.174186s wall, 1.500000s user + 0.171875s system = 1.671875s CPU (40.1%)

RUN-1003 : finish command "route" in  4.394991s wall, 1.531250s user + 0.187500s system = 1.718750s CPU (39.1%)

RUN-1004 : used memory is 421 MB, reserved memory is 395 MB, peak memory is 487 MB
RUN-1002 : start command "report_area -io_info -file responder_phy.area"
RUN-1001 : standard
***Report Model: responder Device: EG4S20BG256***

IO Statistics
#IO                        29
  #input                    7
  #output                  22
  #inout                    0

Utilization Statistics
#lut                      227   out of  19600    1.16%
#reg                      145   out of  19600    0.74%
#le                       245
  #lut only               100   out of    245   40.82%
  #reg only                18   out of    245    7.35%
  #lut&reg                127   out of    245   51.84%
#dsp                        0   out of     29    0.00%
#bram                       0   out of     64    0.00%
  #bram9k                   0
  #fifo9k                   0
#bram32k                    0   out of     16    0.00%
#pad                       29   out of    188   15.43%
  #ireg                     4
  #oreg                    17
  #treg                     0
#pll                        0   out of      4    0.00%
#gclk                       4   out of     16   25.00%

Clock Resource Statistics
Index     ClockNet                 Type               DriverType         Driver                           Fanout
#1        CLK_dup_1                GCLK               io                 CLK_syn_2.di                     89
#2        U4/W_DigitronCS_Out_n    GCLK               mslice             U4/reg2_syn_25.f1                7
#3        U4/W_Digitron_Out_n      GCLK               mslice             U4/W_Digitron_Out_n_syn_33.f1    7
#4        U2/CLK1                  GCLK               mslice             U2/CLK1_reg_syn_30.q0            6
#5        U4/SingleNum_b_n4        GCLK               mslice             U4/sel2_syn_50.f0                2


Detailed IO Report

        Name           Direction    Location    IOStandard    DriveStrength    PullType    PackReg  
         CLK             INPUT         R7        LVCMOS33          N/A          PULLUP      NONE    
      Key_In[3]          INPUT        F10        LVCMOS33          N/A          PULLUP      IREG    
      Key_In[2]          INPUT        C11        LVCMOS33          N/A          PULLUP      IREG    
      Key_In[1]          INPUT        D11        LVCMOS33          N/A          PULLUP      IREG    
      Key_In[0]          INPUT        E11        LVCMOS33          N/A          PULLUP      IREG    
        RSTn             INPUT         A9        LVCMOS33          N/A          PULLUP      NONE    
        Start            INPUT        A10        LVCMOS33          N/A          PULLUP      NONE    
     Buzzer_Out         OUTPUT        H11        LVCMOS33           8            NONE       OREG    
  DigitronCS_Out[3]     OUTPUT         A3        LVCMOS33           8            NONE       OREG    
  DigitronCS_Out[2]     OUTPUT         A5        LVCMOS33           8            NONE       OREG    
  DigitronCS_Out[1]     OUTPUT         B6        LVCMOS33           8            NONE       OREG    
  DigitronCS_Out[0]     OUTPUT         C9        LVCMOS33           8            NONE       OREG    
   Digitron_Out[7]      OUTPUT         C8        LVCMOS33           8            NONE       NONE    
   Digitron_Out[6]      OUTPUT         A8        LVCMOS33           8            NONE       OREG    
   Digitron_Out[5]      OUTPUT         B5        LVCMOS33           8            NONE       OREG    
   Digitron_Out[4]      OUTPUT         A7        LVCMOS33           8            NONE       OREG    
   Digitron_Out[3]      OUTPUT         E8        LVCMOS33           8            NONE       OREG    
   Digitron_Out[2]      OUTPUT         B8        LVCMOS33           8            NONE       OREG    
   Digitron_Out[1]      OUTPUT         A6        LVCMOS33           8            NONE       OREG    
   Digitron_Out[0]      OUTPUT         A4        LVCMOS33           8            NONE       OREG    
     Key_Row[3]         OUTPUT        E10        LVCMOS33           8            NONE       NONE    
     Key_Row[2]         OUTPUT        C10        LVCMOS33           8            NONE       NONE    
     Key_Row[1]         OUTPUT         F9        LVCMOS33           8            NONE       NONE    
     Key_Row[0]         OUTPUT         D9        LVCMOS33           8            NONE       NONE    
     LED_Out[3]         OUTPUT        C15        LVCMOS33           8            NONE       OREG    
     LED_Out[2]         OUTPUT        B16        LVCMOS33           8            NONE       OREG    
     LED_Out[1]         OUTPUT        B15        LVCMOS33           8            NONE       OREG    
     LED_Out[0]         OUTPUT        B14        LVCMOS33           8            NONE       OREG    
  LED_OverTime_Out      OUTPUT        F16        LVCMOS33           8            NONE       OREG    

Report Hierarchy Area:
+-----------------------------------------------------------------------------------+
|Instance |Module              |le     |lut     |ripple  |seq     |bram    |dsp     |
+-----------------------------------------------------------------------------------+
|top      |responder           |245    |187     |40      |166     |0       |0       |
|  U1     |Sel_module          |60     |48      |7       |34      |0       |0       |
|  U2     |Timer_module        |52     |42      |7       |33      |0       |0       |
|  U3     |Buzzer_module       |40     |25      |6       |28      |0       |0       |
|  U4     |Digitron_NumDisplay |59     |50      |9       |26      |0       |0       |
|  U5     |key_filter          |34     |22      |11      |24      |0       |0       |
+-----------------------------------------------------------------------------------+


DataNet Average Fanout:

   Index     Fanout    Nets  
    #1         1       178   
    #2         2       128   
    #3         3        10   
    #4         4        7    
    #5        5-10      28   
    #6       11-50      8    
  Average     2.30           

RUN-1002 : start command "export_db responder_pr.db"
RUN-1001 : Exported /
RUN-1001 : Exported flow parameters
RUN-1001 : Exported libs
RUN-1001 : Exported entities
RUN-1001 : Exported ports
RUN-1001 : Exported pins
RUN-1001 : Exported instances
RUN-1001 : Exported nets
RUN-1001 : Exported buses
RUN-1001 : Exported models
RUN-1001 : Exported congestions
RUN-1001 : Exported violations
RUN-1001 : Exported IO constraints
RUN-1001 : Exported Inst constraints
RUN-1002 : start command "export_bid responder_inst.bid"
RUN-1002 : start command "bitgen -bit responder.bit -unused_io_status pulldown"
BIT-1003 : Start to generate bitstream. 
BIT-1002 : Bitgen processed 159 unused pads, reserve input tri_state with pulldown
BIT-1002 : Init instances with 20 threads.
BIT-1002 : Init instances completely, inst num: 325
BIT-1002 : Init pips with 20 threads.
BIT-1002 : Init pips completely, net num: 395, pip num: 2601
BIT-1002 : Init feedthrough completely, num: 4
BIT-1003 : Multithreading accelaration with 20 threads.
BIT-1003 : Generate bitstream completely, there are 532 valid insts, and 8268 bits set as '1'.
BIT-1004 : PLL setting string = 0000
BIT-1004 : Generate bits file responder.bit.
RUN-1003 : finish command "bitgen -bit responder.bit -unused_io_status pulldown" in  1.046962s wall, 4.359375s user + 0.031250s system = 4.390625s CPU (419.4%)

RUN-1004 : used memory is 427 MB, reserved memory is 400 MB, peak memory is 643 MB
RUN-1002 : start command "backup_run_log run.log ../.logs/phy_1/td_20240826_170406.log"
