============================================================
   Tang Dynasty, V5.6.71036
      Copyright (c) 2012-2023 Anlogic Inc.
   Executable = E:/TangDanasty/bin/td.exe
   Built at =   20:34:38 Mar 21 2023
   Run by =     Lenovo
   Run Date =   Mon Aug 26 21:28:37 2024

   Run on =     LAPTOP-94TMECPO
============================================================
RUN-1002 : start command "open_project responder.prj"
RUN-1001 : Print Global Property
RUN-1001 : ---------------------------------------------------------------
RUN-1001 :        Parameters        |  Settings  |  Default Values  |  Note  
RUN-1001 : ---------------------------------------------------------------
RUN-1001 :          message         |  standard  |     standard     |        
RUN-1001 :   mixed_pack_place_flow  |     on     |        on        |        
RUN-1001 :        qor_monitor       |    off     |       off        |        
RUN-1001 :        syn_ip_flow       |    off     |       off        |        
RUN-1001 :          thread          |    auto    |       auto       |        
RUN-1001 : ---------------------------------------------------------------
RUN-1001 : Print Design Property
RUN-1001 : --------------------------------------------------------------
RUN-1001 :        Parameters       |  Settings  |  Default Values  |  Note  
RUN-1001 : --------------------------------------------------------------
RUN-1001 :   default_reg_initial   |    auto    |       auto       |        
RUN-1001 :        infer_add        |     on     |        on        |        
RUN-1001 :        infer_fsm        |    off     |       off        |        
RUN-1001 :        infer_mult       |     on     |        on        |        
RUN-1001 :        infer_ram        |     on     |        on        |        
RUN-1001 :        infer_reg        |     on     |        on        |        
RUN-1001 :   infer_reg_init_value  |     on     |        on        |        
RUN-1001 :        infer_rom        |     on     |        on        |        
RUN-1001 :      infer_shifter      |     on     |        on        |        
RUN-1001 : --------------------------------------------------------------
RUN-1001 : Print Rtl Property
RUN-1001 : --------------------------------------------------------------
RUN-1001 :        Parameters       |  Settings  |  Default Values  |  Note  
RUN-1001 : --------------------------------------------------------------
RUN-1001 :       compress_add      |   ripple   |      ripple      |        
RUN-1001 :        elf_sload        |    off     |       off        |        
RUN-1001 :       fix_undriven      |     0      |        0         |        
RUN-1001 :         flatten         |    off     |       off        |        
RUN-1001 :       gate_sharing      |     on     |        on        |        
RUN-1001 :    hdl_warning_level    |   normal   |      normal      |        
RUN-1001 :   impl_internal_tribuf  |     on     |        on        |        
RUN-1001 :      impl_set_reset     |     on     |        on        |        
RUN-1001 :        infer_gsr        |    off     |       off        |        
RUN-1001 :      keep_hierarchy     |    auto    |       auto       |        
RUN-1001 :        max_fanout       |    9999    |       9999       |        
RUN-1001 :      max_oh2bin_len     |     10     |        10        |        
RUN-1001 :       merge_equal       |     on     |        on        |        
RUN-1001 :       merge_equiv       |     on     |        on        |        
RUN-1001 :        merge_mux        |    off     |       off        |        
RUN-1001 :     min_control_set     |     8      |        8         |        
RUN-1001 :      min_ripple_len     |    auto    |       auto       |        
RUN-1001 :       oh2bin_ratio      |    0.08    |       0.08       |        
RUN-1001 :     opt_adder_fanout    |     on     |        on        |        
RUN-1001 :        opt_arith        |     on     |        on        |        
RUN-1001 :       opt_big_gate      |    off     |       off        |        
RUN-1001 :        opt_const        |     on     |        on        |        
RUN-1001 :      opt_const_mult     |     on     |        on        |        
RUN-1001 :       opt_lessthan      |     on     |        on        |        
RUN-1001 :         opt_mux         |    off     |       off        |        
RUN-1001 :         opt_ram         |    high    |       high       |        
RUN-1001 :      rtl_sim_model      |    off     |       off        |        
RUN-1001 :         seq_syn         |     on     |        on        |        
RUN-1001 : --------------------------------------------------------------
HDL-1007 : analyze verilog file ../../responder.v
HDL-1007 : analyze verilog file ../../Sel_module.v
HDL-1007 : analyze verilog file ../../Timer_module.v
HDL-1007 : analyze verilog file ../../Buzzer_module.v
HDL-1007 : analyze verilog file ../../Digitron_NumDisplay.v
HDL-1007 : analyze verilog file ../../key_filter.v
RUN-1001 : Project manager successfully analyzed 6 source files.
RUN-1002 : start command "import_device eagle_s20.db -package EG4S20BG256"
ARC-1001 : Device Initialization.
ARC-1001 : ------------------------------------------------------------------
ARC-1001 :            OPTION            |          IO          |   SETTING   
ARC-1001 : ------------------------------------------------------------------
ARC-1001 :   cso_b/cclk/mosi/miso/dout  |  T3/R11/T10/P10/S11  |    gpio    
ARC-1001 :             done             |         P13          |    gpio    
ARC-1001 :           program_b          |          T2          |  dedicate  
ARC-1001 :        tdi/tms/tck/tdo       |   C12/A15/C14/E14    |  dedicate  
ARC-1001 : ------------------------------------------------------------------
ARC-1004 : Device setting, marked 5 dedicate IOs in total.
RUN-1002 : start command "import_db ../syn_1/responder_gate.db"
RUN-1001 : Importing database generated by Tang Dynasty, V5.6.71036.
RUN-1001 : Database version number 46146.
RUN-1001 : Import flow parameters
RUN-1001 : Import IO constraints
RUN-1001 : Import Inst constraints
RUN-1001 : Import design success TD_VERSION=5.6.71036 , DB_VERSION=46146
RUN-1002 : start command "place"
RUN-1001 : Open license file E:/TangDanasty/license/Anlogic.lic
RUN-1001 : Print Global Property
RUN-1001 : ---------------------------------------------------------------
RUN-1001 :        Parameters        |  Settings  |  Default Values  |  Note  
RUN-1001 : ---------------------------------------------------------------
RUN-1001 :          message         |  standard  |     standard     |        
RUN-1001 :   mixed_pack_place_flow  |     on     |        on        |        
RUN-1001 :        qor_monitor       |    off     |       off        |        
RUN-1001 :        syn_ip_flow       |    off     |       off        |        
RUN-1001 :          thread          |    auto    |       auto       |        
RUN-1001 : ---------------------------------------------------------------
RUN-1001 : Print Place Property
RUN-1001 : --------------------------------------------------------------
RUN-1001 :        Parameters       |  Settings  |  Default Values  |  Note  
RUN-1001 : --------------------------------------------------------------
RUN-1001 :      detailed_place     |     on     |        on        |        
RUN-1001 :          effort         |   medium   |      medium      |        
RUN-1001 :         fix_hold        |    off     |       off        |        
RUN-1001 :       legalization      |    ori     |       ori        |        
RUN-1001 :      new_spreading      |     on     |        on        |        
RUN-1001 :        opt_timing       |   medium   |      medium      |        
RUN-1001 :   post_clock_route_opt  |    off     |       off        |        
RUN-1001 :       pr_strategy       |     1      |        1         |        
RUN-1001 :        relaxation       |    1.00    |       1.00       |        
RUN-1001 :         retiming        |    off     |       off        |        
RUN-1001 : --------------------------------------------------------------
PHY-3001 : Placer runs in 20 thread(s).
RUN-1002 : start command "legalize_phy_inst"
SYN-1011 : Flatten model responder
RUN-1002 : start command "phys_opt -simplify_lut"
SYN-4024 : Net "CLK_dup_1" drives clk pins.
SYN-4024 : Net "U4/W_Digitron_Out_n" drives clk pins.
SYN-4024 : Net "U4/W_DigitronCS_Out_n" drives clk pins.
SYN-4024 : Net "U2/CLK1" drives clk pins.
SYN-4024 : Net "U4/SingleNum_b_n4" drives clk pins.
SYN-4025 : Tag rtl::Net CLK_dup_1 as clock net
SYN-4025 : Tag rtl::Net U2/CLK1 as clock net
SYN-4025 : Tag rtl::Net U4/SingleNum_b_n4 as clock net
SYN-4025 : Tag rtl::Net U4/W_DigitronCS_Out_n as clock net
SYN-4025 : Tag rtl::Net U4/W_Digitron_Out_n as clock net
SYN-4026 : Tagged 5 rtl::Net as clock net
SYN-4015 : Create BUFG instance for clk Net U4/W_DigitronCS_Out_n to drive 8 clock pins.
SYN-4015 : Create BUFG instance for clk Net U4/W_Digitron_Out_n to drive 7 clock pins.
SYN-4015 : Create BUFG instance for clk Net U2/CLK1 to drive 6 clock pins.
SYN-4015 : Create BUFG instance for clk Net U4/SingleNum_b_n4 to drive 4 clock pins.
PHY-1001 : Populate physical database on model responder.
RUN-1001 : There are total 389 instances
RUN-0007 : 163 luts, 135 seqs, 32 mslices, 23 lslices, 29 pads, 0 brams, 0 dsps
RUN-1001 : There are total 530 nets
RUN-1001 : 304 nets have 2 pins
RUN-1001 : 187 nets have [3 - 5] pins
RUN-1001 : 27 nets have [6 - 10] pins
RUN-1001 : 6 nets have [11 - 20] pins
RUN-1001 : 4 nets have [21 - 99] pins
RUN-1001 : 2 nets have 100+ pins
RUN-1001 : Report Control nets information:
RUN-1001 : DFF Distribution
RUN-1001 : ----------------------------------
RUN-1001 :   CE   |  SSR  |  ASR  |  DFF Count  
RUN-1001 : ----------------------------------
RUN-1001 :   No   |  No   |  No   |     32      
RUN-1001 :   No   |  No   |  Yes  |     37      
RUN-1001 :   No   |  Yes  |  No   |      6      
RUN-1001 :   Yes  |  No   |  No   |      0      
RUN-1001 :   Yes  |  No   |  Yes  |     60      
RUN-1001 :   Yes  |  Yes  |  No   |      0      
RUN-1001 : ----------------------------------
RUN-0007 : Control Group Statistic
RUN-0007 : ---------------------------
RUN-0007 :   #CLK  |  #CE  |  #SSR/ASR  
RUN-0007 : ---------------------------
RUN-0007 :    5    |   3   |     4      
RUN-0007 : ---------------------------
RUN-0007 : Control Set = 11
PHY-3001 : Initial placement ...
PHY-3001 : design contains 387 instances, 163 luts, 135 seqs, 55 slices, 6 macros(55 instances: 32 mslices 23 lslices)
PHY-0007 : Cell area utilization is 1%
PHY-3001 : Global placement ...
PHY-3001 : Initial: Len = 139432
PHY-3001 : Clustering ...
PHY-3001 : Level 0 #clusters 387.
PHY-3001 : End clustering;  0.000020s wall, 0.000000s user + 0.000000s system = 0.000000s CPU (n/a%)

PHY-3001 : Run with size of 4
PHY-3001 : Cell area utilization is 1%
PHY-3001 : :::0::: Try harder cell spreading with beta_ = 0
PHY-3002 : Step(1): len = 80092.2, overlap = 0
PHY-3002 : Step(2): len = 57824.7, overlap = 0
PHY-3002 : Step(3): len = 40618.4, overlap = 0
PHY-3002 : Step(4): len = 31396.5, overlap = 0
PHY-3002 : Step(5): len = 25219.9, overlap = 0
PHY-3002 : Step(6): len = 22435.6, overlap = 0
PHY-3002 : Step(7): len = 21571.8, overlap = 0
PHY-3002 : Step(8): len = 20185.2, overlap = 0
PHY-3002 : Step(9): len = 18623.3, overlap = 0
PHY-3002 : Step(10): len = 18593.1, overlap = 0
PHY-3002 : Step(11): len = 17320.9, overlap = 0
PHY-3002 : Step(12): len = 16263.6, overlap = 0
PHY-3002 : Step(13): len = 15859.1, overlap = 0
PHY-3002 : Step(14): len = 14216.4, overlap = 0
PHY-3002 : Step(15): len = 14150.3, overlap = 0
PHY-3002 : Step(16): len = 14402.7, overlap = 0
PHY-3002 : Step(17): len = 13416.4, overlap = 0
PHY-3002 : Step(18): len = 13211.5, overlap = 0
PHY-3002 : Step(19): len = 12474.3, overlap = 0
PHY-3002 : Step(20): len = 12159.7, overlap = 0
PHY-3002 : Step(21): len = 12221.9, overlap = 0
PHY-3002 : Step(22): len = 11215.9, overlap = 0
PHY-3002 : Step(23): len = 11246.8, overlap = 0
PHY-3002 : Step(24): len = 11385.7, overlap = 0
PHY-3002 : Step(25): len = 10430.6, overlap = 0
PHY-3002 : Step(26): len = 9614.7, overlap = 0
PHY-3002 : Step(27): len = 9690.8, overlap = 0
PHY-3002 : Step(28): len = 9424.3, overlap = 0
PHY-3002 : Step(29): len = 8706.9, overlap = 0
PHY-3002 : Step(30): len = 8107.8, overlap = 0
PHY-3002 : Step(31): len = 8245.6, overlap = 0
PHY-3002 : Step(32): len = 8258.6, overlap = 0
PHY-3001 : Legalization ...
PHY-3001 : End legalization;  0.003995s wall, 0.000000s user + 0.000000s system = 0.000000s CPU (n/a%)

PHY-3001 : Run with size of 4
PHY-3001 : Cell area utilization is 1%
PHY-3001 : :::0::: Try harder cell spreading with beta_ = 0
PHY-3002 : Step(33): len = 7524.9, overlap = 0
PHY-3002 : Step(34): len = 7541.7, overlap = 0
PHY-3002 : Step(35): len = 7573.8, overlap = 0
PHY-3002 : Step(36): len = 7493.6, overlap = 0
PHY-3002 : Step(37): len = 7542.1, overlap = 0
PHY-3002 : Step(38): len = 7495.1, overlap = 0
PHY-3002 : Step(39): len = 7556.2, overlap = 0
PHY-3002 : Step(40): len = 7547.5, overlap = 0
PHY-3002 : Step(41): len = 7498.4, overlap = 0
PHY-3002 : Step(42): len = 7165.5, overlap = 0
PHY-3002 : Step(43): len = 7204.1, overlap = 0
PHY-3002 : Step(44): len = 7289.1, overlap = 0
PHY-3002 : Step(45): len = 7436.8, overlap = 0
PHY-3002 : Step(46): len = 7525.3, overlap = 0
PHY-3002 : Step(47): len = 7522.4, overlap = 0
PHY-3002 : Step(48): len = 7294.4, overlap = 0.15625
PHY-3002 : Step(49): len = 7327.7, overlap = 0.125
PHY-3002 : Step(50): len = 7353, overlap = 0
PHY-3002 : Step(51): len = 7328.4, overlap = 0
PHY-3002 : Step(52): len = 7283.9, overlap = 0
PHY-3002 : Step(53): len = 6420, overlap = 0
PHY-3002 : Step(54): len = 6491.6, overlap = 0
PHY-3002 : Step(55): len = 6554.4, overlap = 0.25
PHY-3002 : Step(56): len = 6591.8, overlap = 0.21875
PHY-3002 : Step(57): len = 6570.7, overlap = 0.1875
PHY-3002 : Step(58): len = 6527, overlap = 0.75
PHY-3002 : Step(59): len = 6373.8, overlap = 0.4375
PHY-3002 : Step(60): len = 6174.8, overlap = 0.15625
PHY-3002 : Step(61): len = 6206.1, overlap = 0.15625
PHY-3002 : Step(62): len = 6062.3, overlap = 0
PHY-3002 : Step(63): len = 6133, overlap = 0
PHY-3002 : Step(64): len = 6078.9, overlap = 0
PHY-3002 : Step(65): len = 5998.6, overlap = 0
PHY-3002 : Step(66): len = 5919.8, overlap = 0
PHY-3002 : Step(67): len = 5966.6, overlap = 0
PHY-3002 : Step(68): len = 5888.8, overlap = 0
PHY-3002 : Step(69): len = 5834.5, overlap = 0
PHY-3002 : Step(70): len = 5736.6, overlap = 0
PHY-3002 : Step(71): len = 5802.4, overlap = 0
PHY-3002 : Step(72): len = 5738.8, overlap = 0.3125
PHY-3002 : Step(73): len = 5623, overlap = 0.46875
PHY-3002 : Step(74): len = 5411, overlap = 0.5625
PHY-3002 : Step(75): len = 5423.9, overlap = 0.5625
PHY-3002 : Step(76): len = 5381.5, overlap = 0.5625
PHY-3002 : Step(77): len = 5398.6, overlap = 0.5625
PHY-3002 : Step(78): len = 5190, overlap = 0.5625
PHY-3002 : Step(79): len = 5190, overlap = 0.5625
PHY-3002 : Step(80): len = 5094.4, overlap = 0.5625
PHY-3002 : Step(81): len = 5100.1, overlap = 0.5625
PHY-3002 : Step(82): len = 5100.1, overlap = 0.5625
PHY-3001 : Run with size of 2
PHY-3001 : Cell area utilization is 1%
PHY-3001 : :::0::: Try harder cell spreading with beta_ = 0
PHY-3002 : Step(83): len = 5077.7, overlap = 7.46875
PHY-3002 : Step(84): len = 5077.7, overlap = 7.46875
PHY-3002 : Step(85): len = 5035.9, overlap = 7.59375
OPT-1001 : Start physical optimization ...
OPT-1001 : Total overflow 19.88 peak overflow 1.94
OPT-1001 : Start high-fanout net optimization ...
OPT-1001 : Update timing in global mode
PHY-1001 : Start incremental global routing, caller is place ...
RUN-1001 : Generating global routing grids ...
RUN-1001 : Building simple global routing graph ...
PHY-1001 : Generate routing nets ...
PHY-1001 : Reuse net number 0/530.
PHY-1001 : Global iterations in 20 thread ...
PHY-1002 : len = 5320, over cnt = 16(0%), over = 49, worst = 7
PHY-1001 : End global iterations;  0.016709s wall, 0.000000s user + 0.000000s system = 0.000000s CPU (n/a%)

PHY-1001 : Congestion index: top1 = 11.83, top5 = 4.27, top10 = 2.13, top15 = 1.42.
PHY-1001 : End incremental global routing;  0.051138s wall, 0.031250s user + 0.000000s system = 0.031250s CPU (61.1%)

RUN-1002 : start command "start_timer -report"
TMR-5001 WARNING: No sdc constraints found while initiating timer.
TMR-2505 : Start building timing graph for model responder.
TMR-2506 : Build timing graph completely. Port num: 10, tpin num: 1819, tnet num: 528, tinst num: 387, tnode num: 2372, tedge num: 2972.
TMR-2508 : Levelizing timing graph completed, there are 25 levels in total.
TMR-2501 : Timing graph initialized successfully.
OPT-1001 : End timing update;  0.146828s wall, 0.062500s user + 0.000000s system = 0.062500s CPU (42.6%)

OPT-1001 : 0 high-fanout net processed.
OPT-1001 : End high-fanout net optimization;  0.201203s wall, 0.093750s user + 0.000000s system = 0.093750s CPU (46.6%)

OPT-1001 : Current memory(MB): used = 151, reserve = 120, peak = 151.
OPT-1001 : End physical optimization;  0.205215s wall, 0.093750s user + 0.000000s system = 0.093750s CPU (45.7%)

PHY-3001 : Start packing ...
SYN-4007 : Packing 0 MUX to BLE ...
SYN-4008 : Packed 0 MUX and 0 SEQ to BLE.
SYN-4007 : Packing 163 LUT to BLE ...
SYN-4008 : Packed 163 LUT and 70 SEQ to BLE.
SYN-4003 : Packing 65 remaining SEQ's ...
SYN-4005 : Packed 46 SEQ with LUT/SLICE
SYN-4006 : 53 single LUT's are left
SYN-4006 : 19 single SEQ's are left
SYN-4011 : Packing model "responder" (AL_USER_NORMAL) with 182/273 primitive instances ...
PHY-3001 : End packing;  0.007890s wall, 0.000000s user + 0.000000s system = 0.000000s CPU (n/a%)

PHY-1001 : Populate physical database on model responder.
RUN-1001 : There are total 193 instances
RUN-1001 : 78 mslices, 79 lslices, 29 pads, 0 brams, 0 dsps
RUN-1001 : There are total 468 nets
RUN-1001 : 245 nets have 2 pins
RUN-1001 : 185 nets have [3 - 5] pins
RUN-1001 : 25 nets have [6 - 10] pins
RUN-1001 : 9 nets have [11 - 20] pins
RUN-1001 : 2 nets have [21 - 99] pins
RUN-1001 : 2 nets have 100+ pins
PHY-3001 : design contains 191 instances, 157 slices, 6 macros(55 instances: 32 mslices 23 lslices)
PHY-3001 : Cell area utilization is 2%
PHY-3001 : After packing: Len = 5870.6, Over = 11
PHY-3001 : Run with size of 2
PHY-3001 : Cell area utilization is 2%
PHY-3001 : :::0::: Try harder cell spreading with beta_ = 5.65552e-05
PHY-3002 : Step(86): len = 5757.1, overlap = 9.25
PHY-3002 : Step(87): len = 5835.6, overlap = 9.5
PHY-3002 : Step(88): len = 5892.8, overlap = 8.25
PHY-3002 : Step(89): len = 5872.5, overlap = 7.25
PHY-3002 : Step(90): len = 5905.6, overlap = 7
PHY-3001 : :::1::: Try harder cell spreading with beta_ = 0.00011311
PHY-3002 : Step(91): len = 5845.6, overlap = 6.5
PHY-3002 : Step(92): len = 5856.1, overlap = 7.25
PHY-3002 : Step(93): len = 5888.4, overlap = 8.25
PHY-3001 : :::2::: Try harder cell spreading with beta_ = 0.000226221
PHY-3002 : Step(94): len = 5941.6, overlap = 8
PHY-3002 : Step(95): len = 5970.5, overlap = 8
PHY-3001 : Legalization ...
PHY-3001 : End legalization;  0.051542s wall, 0.000000s user + 0.000000s system = 0.000000s CPU (n/a%)

PHY-3001 : Trial Legalized: Len = 9169.6
PHY-3001 : Run with size of 2
PHY-3001 : Cell area utilization is 2%
PHY-3001 : :::0::: Try harder cell spreading with beta_ = 0
PHY-3002 : Step(96): len = 6848.5, overlap = 3.25
PHY-3002 : Step(97): len = 6097.6, overlap = 5.5
PHY-3002 : Step(98): len = 5877.9, overlap = 5.75
PHY-3002 : Step(99): len = 5877.9, overlap = 5.75
PHY-3002 : Step(100): len = 5794.5, overlap = 6
PHY-3001 : :::1::: Try harder cell spreading with beta_ = 5.60125e-05
PHY-3002 : Step(101): len = 5711.2, overlap = 6
PHY-3002 : Step(102): len = 5715.8, overlap = 6
PHY-3001 : :::2::: Try harder cell spreading with beta_ = 0.000112025
PHY-3002 : Step(103): len = 5710.3, overlap = 5.75
PHY-3002 : Step(104): len = 5733.4, overlap = 5.75
PHY-3001 : Legalization ...
PHY-3001 : End legalization;  0.003831s wall, 0.000000s user + 0.000000s system = 0.000000s CPU (n/a%)

PHY-3001 : Legalized: Len = 7722, Over = 0
PHY-3001 : Spreading special nets. 3 overflows in 2952 tiles.
PHY-3001 : End spreading;  0.002019s wall, 0.000000s user + 0.000000s system = 0.000000s CPU (n/a%)

PHY-3001 : 4 instances has been re-located, deltaX = 3, deltaY = 1, maxDist = 1.
PHY-3001 : Final: Len = 7796, Over = 0
OPT-1001 : Start physical optimization ...
OPT-1001 : Total overflow 0.00 peak overflow 0.00
OPT-1001 : Start high-fanout net optimization ...
OPT-1001 : Update timing in global mode
PHY-1001 : Start incremental global routing, caller is place ...
RUN-1001 : Generating global routing grids ...
PHY-1001 : Generate routing nets ...
PHY-1001 : Reuse net number 29/468.
PHY-1001 : Global iterations in 20 thread ...
PHY-1002 : len = 8192, over cnt = 33(0%), over = 54, worst = 5
PHY-1002 : len = 8600, over cnt = 12(0%), over = 13, worst = 2
PHY-1002 : len = 8720, over cnt = 3(0%), over = 4, worst = 2
PHY-1002 : len = 8792, over cnt = 0(0%), over = 0, worst = 0
PHY-1001 : End global iterations;  0.026963s wall, 0.000000s user + 0.000000s system = 0.000000s CPU (n/a%)

PHY-1001 : Congestion index: top1 = 17.50, top5 = 6.74, top10 = 3.38, top15 = 2.25.
PHY-1001 : End incremental global routing;  0.057790s wall, 0.000000s user + 0.000000s system = 0.000000s CPU (n/a%)

RUN-1002 : start command "start_timer -report"
TMR-5001 WARNING: No sdc constraints found while initiating timer.
TMR-2505 : Start building timing graph for model responder.
TMR-2506 : Build timing graph completely. Port num: 10, tpin num: 1574, tnet num: 466, tinst num: 191, tnode num: 1998, tedge num: 2685.
TMR-2508 : Levelizing timing graph completed, there are 25 levels in total.
TMR-2501 : Timing graph initialized successfully.
OPT-1001 : End timing update;  0.114632s wall, 0.046875s user + 0.015625s system = 0.062500s CPU (54.5%)

OPT-1001 : 0 high-fanout net processed.
OPT-1001 : End high-fanout net optimization;  0.175486s wall, 0.046875s user + 0.015625s system = 0.062500s CPU (35.6%)

OPT-1001 : Current memory(MB): used = 152, reserve = 121, peak = 152.
OPT-1001 : Update timing in Manhattan mode
OPT-1001 : End timing update;  0.000203s wall, 0.000000s user + 0.000000s system = 0.000000s CPU (n/a%)

OPT-1001 : Start pin optimization...
OPT-1001 : skip pin optimization...
RUN-1001 : Generating global routing grids ...
PHY-1001 : Generate routing nets ...
PHY-1001 : Reuse net number 348/468.
PHY-1001 : Global iterations in 20 thread ...
PHY-1002 : len = 8792, over cnt = 0(0%), over = 0, worst = 0
PHY-1001 : End global iterations;  0.000932s wall, 0.000000s user + 0.000000s system = 0.000000s CPU (n/a%)

PHY-1001 : Congestion index: top1 = 17.50, top5 = 6.74, top10 = 3.38, top15 = 2.25.
OPT-1001 : Update timing in Manhattan mode
OPT-1001 : End timing update;  0.000403s wall, 0.000000s user + 0.000000s system = 0.000000s CPU (n/a%)

RUN-1001 : QoR Analysis:
OPT-0007 :   WNS 2147483647 TNS 0 NUM_FEPS 0
RUN-1001 :   No local congestion issue, and most congested 1% tile average routing util is 17.103448
RUN-1001 :   Top critical paths
OPT-1001 : End physical optimization;  0.212009s wall, 0.046875s user + 0.031250s system = 0.078125s CPU (36.8%)

RUN-1003 : finish command "place" in  2.491103s wall, 0.328125s user + 0.156250s system = 0.484375s CPU (19.4%)

RUN-1004 : used memory is 133 MB, reserved memory is 102 MB, peak memory is 153 MB
RUN-1002 : start command "export_db responder_place.db"
RUN-1001 : Exported /
RUN-1001 : Exported flow parameters
RUN-1001 : Exported libs
RUN-1001 : Exported entities
RUN-1001 : Exported ports
RUN-1001 : Exported pins
RUN-1001 : Exported instances
RUN-1001 : Exported nets
RUN-1001 : Exported buses
RUN-1001 : Exported models
RUN-1001 : Exported congestions
RUN-1001 : Exported violations
RUN-1001 : Exported IO constraints
RUN-1001 : Exported Inst constraints
RUN-1002 : start command "route"
RUN-1001 : Open license file E:/TangDanasty/license/Anlogic.lic
RUN-1001 : Print Global Property
RUN-1001 : ---------------------------------------------------------------
RUN-1001 :        Parameters        |  Settings  |  Default Values  |  Note  
RUN-1001 : ---------------------------------------------------------------
RUN-1001 :          message         |  standard  |     standard     |        
RUN-1001 :   mixed_pack_place_flow  |     on     |        on        |        
RUN-1001 :        qor_monitor       |    off     |       off        |        
RUN-1001 :        syn_ip_flow       |    off     |       off        |        
RUN-1001 :          thread          |    auto    |       auto       |        
RUN-1001 : ---------------------------------------------------------------
RUN-1001 : Print Route Property
RUN-1001 : -------------------------------------------------------
RUN-1001 :    Parameters    |  Settings  |  Default Values  |  Note  
RUN-1001 : -------------------------------------------------------
RUN-1001 :      effort      |   medium   |      medium      |        
RUN-1001 :     fix_hold     |    off     |       off        |        
RUN-1001 :    opt_timing    |   medium   |      medium      |        
RUN-1001 :   phy_sim_model  |    off     |       off        |        
RUN-1001 :     priority     |   timing   |      timing      |        
RUN-1001 :     swap_pin     |     on     |        on        |        
RUN-1001 : -------------------------------------------------------
PHY-1001 : Route runs in 20 thread(s)
RUN-1001 : There are total 193 instances
RUN-1001 : 78 mslices, 79 lslices, 29 pads, 0 brams, 0 dsps
RUN-1001 : There are total 468 nets
RUN-1001 : 245 nets have 2 pins
RUN-1001 : 185 nets have [3 - 5] pins
RUN-1001 : 25 nets have [6 - 10] pins
RUN-1001 : 9 nets have [11 - 20] pins
RUN-1001 : 2 nets have [21 - 99] pins
RUN-1001 : 2 nets have 100+ pins
RUN-1002 : start command "start_timer -report"
TMR-5001 WARNING: No sdc constraints found while initiating timer.
TMR-2505 : Start building timing graph for model responder.
TMR-2506 : Build timing graph completely. Port num: 10, tpin num: 1574, tnet num: 466, tinst num: 191, tnode num: 1998, tedge num: 2685.
TMR-2508 : Levelizing timing graph completed, there are 25 levels in total.
TMR-2501 : Timing graph initialized successfully.
PHY-1001 : 78 mslices, 79 lslices, 29 pads, 0 brams, 0 dsps
TMR-2503 : Start to update net delay, extr mode = 3.
TMR-2504 : Update delay of 466 nets completely.
TMR-2502 : Annotate delay completely, extr mode = 3.
TMR-3002 : No user constraint, initiate default constraint.
TMR-1501 : Assign derive clock DeriveClock to 236 clock pins, and constraint 424 relative nodes.
TMR-3003 : Constraints initiated successfully.
TMR-3501 : Forward propagation: start to calculate arrival time...
TMR-3502 : Backward propagation: start to calculate required time...
TMR-3503 : Timing propagation completes.
PHY-1001 : Start global routing, caller is route ...
RUN-1001 : Generating global routing grids ...
PHY-1001 : Generate routing nets ...
PHY-1001 : Global iterations in 20 thread ...
PHY-1002 : len = 8120, over cnt = 35(0%), over = 54, worst = 5
PHY-1002 : len = 8512, over cnt = 13(0%), over = 14, worst = 2
PHY-1002 : len = 8664, over cnt = 3(0%), over = 3, worst = 1
PHY-1002 : len = 8720, over cnt = 0(0%), over = 0, worst = 0
PHY-1001 : End global iterations;  0.030208s wall, 0.000000s user + 0.000000s system = 0.000000s CPU (n/a%)

PHY-1001 : Congestion index: top1 = 17.41, top5 = 6.67, top10 = 3.33, top15 = 2.23.
PHY-1001 : End global routing;  0.061498s wall, 0.015625s user + 0.000000s system = 0.015625s CPU (25.4%)

PHY-1001 : Start detail routing ...
PHY-1001 : Current memory(MB): used = 178, reserve = 148, peak = 197.
PHY-1001 : Detailed router is running in normal mode.
PHY-1001 : Generate detailed routing grids ...
PHY-1001 : Processed IO instance DigitronCS_Out[3]_syn_2 with INV attribute.
PHY-1001 : Processed IO instance DigitronCS_Out[2]_syn_2 with INV attribute.
PHY-1001 : Processed IO instance DigitronCS_Out[1]_syn_2 with INV attribute.
PHY-1001 : Processed IO instance DigitronCS_Out[0]_syn_2 with INV attribute.
PHY-1001 : Processed IO instance Digitron_Out[6]_syn_2 with INV attribute.
PHY-1001 : Processed IO instance Digitron_Out[5]_syn_2 with INV attribute.
PHY-1001 : Processed IO instance Digitron_Out[4]_syn_2 with INV attribute.
PHY-1001 : Processed IO instance Digitron_Out[3]_syn_2 with INV attribute.
PHY-1001 : Processed IO instance Digitron_Out[2]_syn_2 with INV attribute.
PHY-1001 : Processed IO instance Digitron_Out[1]_syn_2 with INV attribute.
PHY-1001 : Processed IO instance Digitron_Out[0]_syn_2 with INV attribute.
PHY-1001 : Generate nets ...
PHY-1001 : net CLK_dup_1 will be routed on clock mesh
PHY-1001 : clock net U2/CLK1_syn_4 will be merged with clock U2/CLK1
PHY-1001 : clock net U4/W_Digitron_Out_n_syn_2 will be merged with clock U4/W_Digitron_Out_n
PHY-1001 : clock net U4/W_DigitronCS_Out_n_syn_4 will be merged with clock U4/W_DigitronCS_Out_n
PHY-1001 : clock net U4/SingleNum_b_n4_syn_10 will be merged with clock U4/SingleNum_b_n4
PHY-1001 : Current memory(MB): used = 448, reserve = 423, peak = 448.
PHY-1001 : End build detailed router design. 3.552156s wall, 2.031250s user + 0.437500s system = 2.468750s CPU (69.5%)

PHY-1001 : Detail Route ...
PHY-1001 : ===== Detail Route Phase 1 =====
PHY-1001 : Clock net routing.....
PHY-1001 : Routed 1% nets.
PHY-1022 : len = 15000, over cnt = 0(0%), over = 0, worst = 0, crit = 0
PHY-1001 : End initial clock net routed; 0.986389s wall, 0.468750s user + 0.062500s system = 0.531250s CPU (53.9%)

PHY-1001 : Current memory(MB): used = 478, reserve = 453, peak = 478.
PHY-1001 : End phase 1; 0.991254s wall, 0.468750s user + 0.062500s system = 0.531250s CPU (53.6%)

PHY-1001 : ===== Detail Route Phase 2 =====
PHY-1001 : Initial routing.....
PHY-1001 : Routed 30% nets.
PHY-1001 : Routed 39% nets.
PHY-1001 : Routed 50% nets.
PHY-1001 : Routed 64% nets.
PHY-1001 : Routed 82% nets.
PHY-1022 : len = 32672, over cnt = 13(0%), over = 13, worst = 1, crit = 0
PHY-1001 : Current memory(MB): used = 478, reserve = 453, peak = 478.
PHY-1001 : End initial routed; 0.089276s wall, 0.000000s user + 0.000000s system = 0.000000s CPU (n/a%)

PHY-1001 : Current memory(MB): used = 478, reserve = 453, peak = 478.
PHY-1001 : End phase 2; 0.089331s wall, 0.000000s user + 0.000000s system = 0.000000s CPU (n/a%)

PHY-1001 : ===== Detail Route Phase 3 =====
PHY-1001 : Ripup-reroute.....
PHY-1001 : ===== DR Iter 1 =====
PHY-1022 : len = 32672, over cnt = 3(0%), over = 3, worst = 1, crit = 0
PHY-1001 : End DR Iter 1; 0.013431s wall, 0.000000s user + 0.000000s system = 0.000000s CPU (n/a%)

PHY-1001 : ===== DR Iter 2 =====
PHY-1022 : len = 32688, over cnt = 0(0%), over = 0, worst = 0, crit = 0
PHY-1001 : End DR Iter 2; 0.008656s wall, 0.000000s user + 0.000000s system = 0.000000s CPU (n/a%)

PHY-1001 : Commit to database.....
PHY-1001 : 4 feed throughs used by 4 nets
PHY-1001 : End commit to database; 0.030640s wall, 0.015625s user + 0.000000s system = 0.015625s CPU (51.0%)

PHY-1001 : Current memory(MB): used = 488, reserve = 463, peak = 488.
PHY-1001 : End phase 3; 0.139737s wall, 0.078125s user + 0.000000s system = 0.078125s CPU (55.9%)

PHY-1003 : Routed, final wirelength = 32688
PHY-1001 : Current memory(MB): used = 488, reserve = 463, peak = 488.
PHY-1001 : End export database. 0.004455s wall, 0.015625s user + 0.000000s system = 0.015625s CPU (350.8%)

PHY-1001 : End detail routing;  4.976028s wall, 2.687500s user + 0.531250s system = 3.218750s CPU (64.7%)

RUN-1003 : finish command "route" in  5.202168s wall, 2.781250s user + 0.531250s system = 3.312500s CPU (63.7%)

RUN-1004 : used memory is 424 MB, reserved memory is 399 MB, peak memory is 488 MB
RUN-1002 : start command "report_area -io_info -file responder_phy.area"
RUN-1001 : standard
***Report Model: responder Device: EG4S20BG256***

IO Statistics
#IO                        29
  #input                    7
  #output                  22
  #inout                    0

Utilization Statistics
#lut                      277   out of  19600    1.41%
#reg                      179   out of  19600    0.91%
#le                       296
  #lut only               117   out of    296   39.53%
  #reg only                19   out of    296    6.42%
  #lut&reg                160   out of    296   54.05%
#dsp                        0   out of     29    0.00%
#bram                       0   out of     64    0.00%
  #bram9k                   0
  #fifo9k                   0
#bram32k                    0   out of     16    0.00%
#pad                       29   out of    188   15.43%
  #ireg                     4
  #oreg                    17
  #treg                     0
#pll                        0   out of      4    0.00%
#gclk                       4   out of     16   25.00%

Clock Resource Statistics
Index     ClockNet                 Type               DriverType         Driver                   Fanout
#1        CLK_dup_1                GCLK               io                 CLK_syn_2.di             107
#2        U4/W_DigitronCS_Out_n    GCLK               mslice             U4/reg2_syn_25.f1        7
#3        U4/W_Digitron_Out_n      GCLK               mslice             U4/mux1_syn_5.f1         7
#4        U2/CLK1                  GCLK               lslice             U2/CLK1_reg_syn_30.q0    4
#5        U4/SingleNum_b_n4        GCLK               lslice             U4/sel2_syn_65.f0        3


Detailed IO Report

        Name           Direction    Location    IOStandard    DriveStrength    PullType    PackReg  
         CLK             INPUT         R7        LVCMOS33          N/A          PULLUP      NONE    
      Key_In[3]          INPUT        F10        LVCMOS33          N/A          PULLUP      IREG    
      Key_In[2]          INPUT        C11        LVCMOS33          N/A          PULLUP      IREG    
      Key_In[1]          INPUT        D11        LVCMOS33          N/A          PULLUP      IREG    
      Key_In[0]          INPUT        E11        LVCMOS33          N/A          PULLUP      IREG    
        RSTn             INPUT         A9        LVCMOS33          N/A          PULLUP      NONE    
        Start            INPUT        A10        LVCMOS33          N/A          PULLUP      NONE    
     Buzzer_Out         OUTPUT        H11        LVCMOS33           8            NONE       OREG    
  DigitronCS_Out[3]     OUTPUT         A3        LVCMOS33           8            NONE       OREG    
  DigitronCS_Out[2]     OUTPUT         A5        LVCMOS33           8            NONE       OREG    
  DigitronCS_Out[1]     OUTPUT         B6        LVCMOS33           8            NONE       OREG    
  DigitronCS_Out[0]     OUTPUT         C9        LVCMOS33           8            NONE       OREG    
   Digitron_Out[7]      OUTPUT         C8        LVCMOS33           8            NONE       NONE    
   Digitron_Out[6]      OUTPUT         A8        LVCMOS33           8            NONE       OREG    
   Digitron_Out[5]      OUTPUT         B5        LVCMOS33           8            NONE       OREG    
   Digitron_Out[4]      OUTPUT         A7        LVCMOS33           8            NONE       OREG    
   Digitron_Out[3]      OUTPUT         E8        LVCMOS33           8            NONE       OREG    
   Digitron_Out[2]      OUTPUT         B8        LVCMOS33           8            NONE       OREG    
   Digitron_Out[1]      OUTPUT         A6        LVCMOS33           8            NONE       OREG    
   Digitron_Out[0]      OUTPUT         A4        LVCMOS33           8            NONE       OREG    
     Key_Row[3]         OUTPUT        E10        LVCMOS33           8            NONE       NONE    
     Key_Row[2]         OUTPUT        C10        LVCMOS33           8            NONE       NONE    
     Key_Row[1]         OUTPUT         F9        LVCMOS33           8            NONE       NONE    
     Key_Row[0]         OUTPUT         D9        LVCMOS33           8            NONE       NONE    
     LED_Out[3]         OUTPUT        C15        LVCMOS33           8            NONE       OREG    
     LED_Out[2]         OUTPUT        B16        LVCMOS33           8            NONE       OREG    
     LED_Out[1]         OUTPUT        B15        LVCMOS33           8            NONE       OREG    
     LED_Out[0]         OUTPUT        B14        LVCMOS33           8            NONE       OREG    
  LED_OverTime_Out      OUTPUT        F16        LVCMOS33           8            NONE       OREG    

Report Hierarchy Area:
+-----------------------------------------------------------------------------------+
|Instance |Module              |le     |lut     |ripple  |seq     |bram    |dsp     |
+-----------------------------------------------------------------------------------+
|top      |responder           |296    |222     |55      |200     |0       |0       |
|  U1     |Sel_module          |110    |79      |16      |69      |0       |0       |
|  U2     |Timer_module        |46     |36      |7       |32      |0       |0       |
|  U3     |Buzzer_module       |49     |36      |12      |29      |0       |0       |
|  U4     |Digitron_NumDisplay |58     |49      |9       |26      |0       |0       |
|  U5     |key_filter          |33     |22      |11      |23      |0       |0       |
+-----------------------------------------------------------------------------------+


DataNet Average Fanout:

   Index     Fanout    Nets  
    #1         1       216   
    #2         2       160   
    #3         3        12   
    #4         4        11   
    #5        5-10      25   
    #6       11-50      7    
  Average     2.10           

RUN-1002 : start command "export_db responder_pr.db"
RUN-1001 : Exported /
RUN-1001 : Exported flow parameters
RUN-1001 : Exported libs
RUN-1001 : Exported entities
RUN-1001 : Exported ports
RUN-1001 : Exported pins
RUN-1001 : Exported instances
RUN-1001 : Exported nets
RUN-1001 : Exported buses
RUN-1001 : Exported models
RUN-1001 : Exported congestions
RUN-1001 : Exported violations
RUN-1001 : Exported IO constraints
RUN-1001 : Exported Inst constraints
RUN-1002 : start command "export_bid responder_inst.bid"
RUN-1002 : start command "bitgen -bit responder.bit -unused_io_status pulldown"
BIT-1003 : Start to generate bitstream. 
BIT-1002 : Bitgen processed 159 unused pads, reserve input tri_state with pulldown
BIT-1002 : Init instances with 20 threads.
BIT-1002 : Init instances completely, inst num: 350
BIT-1002 : Init pips with 20 threads.
BIT-1002 : Init pips completely, net num: 468, pip num: 3037
BIT-1002 : Init feedthrough completely, num: 4
BIT-1003 : Multithreading accelaration with 20 threads.
BIT-1003 : Generate bitstream completely, there are 566 valid insts, and 9710 bits set as '1'.
BIT-1004 : PLL setting string = 0000
BIT-1004 : Generate bits file responder.bit.
RUN-1003 : finish command "bitgen -bit responder.bit -unused_io_status pulldown" in  1.100949s wall, 5.140625s user + 0.046875s system = 5.187500s CPU (471.2%)

RUN-1004 : used memory is 428 MB, reserved memory is 406 MB, peak memory is 645 MB
RUN-1002 : start command "backup_run_log run.log ../.logs/phy_1/td_20240826_212837.log"
