============================================================
   Tang Dynasty, V5.6.71036
      Copyright (c) 2012-2023 Anlogic Inc.
   Executable = C:/Anlogic/TD5.6.2/bin/td.exe
   Built at =   20:34:38 Mar 21 2023
   Run by =     Lenovo
   Run Date =   Mon Aug 26 22:24:05 2024

   Run on =     LAPTOP-QRG7LJL6
============================================================
RUN-1002 : start command "open_project responder.prj"
RUN-1001 : Print Global Property
RUN-1001 : ---------------------------------------------------------------
RUN-1001 :        Parameters        |  Settings  |  Default Values  |  Note  
RUN-1001 : ---------------------------------------------------------------
RUN-1001 :          message         |  standard  |     standard     |        
RUN-1001 :   mixed_pack_place_flow  |     on     |        on        |        
RUN-1001 :        qor_monitor       |    off     |       off        |        
RUN-1001 :        syn_ip_flow       |    off     |       off        |        
RUN-1001 :          thread          |    auto    |       auto       |        
RUN-1001 : ---------------------------------------------------------------
RUN-1001 : Print Design Property
RUN-1001 : --------------------------------------------------------------
RUN-1001 :        Parameters       |  Settings  |  Default Values  |  Note  
RUN-1001 : --------------------------------------------------------------
RUN-1001 :   default_reg_initial   |    auto    |       auto       |        
RUN-1001 :        infer_add        |     on     |        on        |        
RUN-1001 :        infer_fsm        |    off     |       off        |        
RUN-1001 :        infer_mult       |     on     |        on        |        
RUN-1001 :        infer_ram        |     on     |        on        |        
RUN-1001 :        infer_reg        |     on     |        on        |        
RUN-1001 :   infer_reg_init_value  |     on     |        on        |        
RUN-1001 :        infer_rom        |     on     |        on        |        
RUN-1001 :      infer_shifter      |     on     |        on        |        
RUN-1001 : --------------------------------------------------------------
RUN-1001 : Print Rtl Property
RUN-1001 : --------------------------------------------------------------
RUN-1001 :        Parameters       |  Settings  |  Default Values  |  Note  
RUN-1001 : --------------------------------------------------------------
RUN-1001 :       compress_add      |   ripple   |      ripple      |        
RUN-1001 :        elf_sload        |    off     |       off        |        
RUN-1001 :       fix_undriven      |     0      |        0         |        
RUN-1001 :         flatten         |    off     |       off        |        
RUN-1001 :       gate_sharing      |     on     |        on        |        
RUN-1001 :    hdl_warning_level    |   normal   |      normal      |        
RUN-1001 :   impl_internal_tribuf  |     on     |        on        |        
RUN-1001 :      impl_set_reset     |     on     |        on        |        
RUN-1001 :        infer_gsr        |    off     |       off        |        
RUN-1001 :      keep_hierarchy     |    auto    |       auto       |        
RUN-1001 :        max_fanout       |    9999    |       9999       |        
RUN-1001 :      max_oh2bin_len     |     10     |        10        |        
RUN-1001 :       merge_equal       |     on     |        on        |        
RUN-1001 :       merge_equiv       |     on     |        on        |        
RUN-1001 :        merge_mux        |    off     |       off        |        
RUN-1001 :     min_control_set     |     8      |        8         |        
RUN-1001 :      min_ripple_len     |    auto    |       auto       |        
RUN-1001 :       oh2bin_ratio      |    0.08    |       0.08       |        
RUN-1001 :     opt_adder_fanout    |     on     |        on        |        
RUN-1001 :        opt_arith        |     on     |        on        |        
RUN-1001 :       opt_big_gate      |    off     |       off        |        
RUN-1001 :        opt_const        |     on     |        on        |        
RUN-1001 :      opt_const_mult     |     on     |        on        |        
RUN-1001 :       opt_lessthan      |     on     |        on        |        
RUN-1001 :         opt_mux         |    off     |       off        |        
RUN-1001 :         opt_ram         |    high    |       high       |        
RUN-1001 :      rtl_sim_model      |    off     |       off        |        
RUN-1001 :         seq_syn         |     on     |        on        |        
RUN-1001 : --------------------------------------------------------------
HDL-1007 : analyze verilog file ../../responder.v
HDL-1007 : analyze verilog file ../../Sel_module.v
HDL-1007 : analyze verilog file ../../Timer_module.v
HDL-1007 : analyze verilog file ../../Buzzer_module.v
HDL-1007 : analyze verilog file ../../Digitron_NumDisplay.v
HDL-1007 : analyze verilog file ../../key_filter.v
RUN-1001 : Project manager successfully analyzed 6 source files.
RUN-1002 : start command "import_device eagle_s20.db -package EG4S20BG256"
ARC-1001 : Device Initialization.
ARC-1001 : ------------------------------------------------------------------
ARC-1001 :            OPTION            |          IO          |   SETTING   
ARC-1001 : ------------------------------------------------------------------
ARC-1001 :   cso_b/cclk/mosi/miso/dout  |  T3/R11/T10/P10/S11  |    gpio    
ARC-1001 :             done             |         P13          |    gpio    
ARC-1001 :           program_b          |          T2          |  dedicate  
ARC-1001 :        tdi/tms/tck/tdo       |   C12/A15/C14/E14    |  dedicate  
ARC-1001 : ------------------------------------------------------------------
ARC-1004 : Device setting, marked 5 dedicate IOs in total.
RUN-1002 : start command "import_db ../syn_1/responder_gate.db"
RUN-1001 : Importing database generated by Tang Dynasty, V5.6.71036.
RUN-1001 : Database version number 46146.
RUN-1001 : Import flow parameters
RUN-1001 : Import IO constraints
RUN-1001 : Import Inst constraints
RUN-1001 : Import design success TD_VERSION=5.6.71036 , DB_VERSION=46146
RUN-1002 : start command "place"
RUN-1001 : Open license file C:/Anlogic/TD5.6.2/license/Anlogic.lic
RUN-1001 : Print Global Property
RUN-1001 : ---------------------------------------------------------------
RUN-1001 :        Parameters        |  Settings  |  Default Values  |  Note  
RUN-1001 : ---------------------------------------------------------------
RUN-1001 :          message         |  standard  |     standard     |        
RUN-1001 :   mixed_pack_place_flow  |     on     |        on        |        
RUN-1001 :        qor_monitor       |    off     |       off        |        
RUN-1001 :        syn_ip_flow       |    off     |       off        |        
RUN-1001 :          thread          |    auto    |       auto       |        
RUN-1001 : ---------------------------------------------------------------
RUN-1001 : Print Place Property
RUN-1001 : --------------------------------------------------------------
RUN-1001 :        Parameters       |  Settings  |  Default Values  |  Note  
RUN-1001 : --------------------------------------------------------------
RUN-1001 :      detailed_place     |     on     |        on        |        
RUN-1001 :          effort         |   medium   |      medium      |        
RUN-1001 :         fix_hold        |    off     |       off        |        
RUN-1001 :       legalization      |    ori     |       ori        |        
RUN-1001 :      new_spreading      |     on     |        on        |        
RUN-1001 :        opt_timing       |   medium   |      medium      |        
RUN-1001 :   post_clock_route_opt  |    off     |       off        |        
RUN-1001 :       pr_strategy       |     1      |        1         |        
RUN-1001 :        relaxation       |    1.00    |       1.00       |        
RUN-1001 :         retiming        |    off     |       off        |        
RUN-1001 : --------------------------------------------------------------
PHY-3001 : Placer runs in 16 thread(s).
RUN-1002 : start command "legalize_phy_inst"
SYN-1011 : Flatten model responder
RUN-1002 : start command "phys_opt -simplify_lut"
SYN-4024 : Net "CLK_dup_1" drives clk pins.
SYN-4024 : Net "U4/W_Digitron_Out_n" drives clk pins.
SYN-4024 : Net "U4/W_DigitronCS_Out_n" drives clk pins.
SYN-4024 : Net "U2/CLK1" drives clk pins.
SYN-4024 : Net "U4/SingleNum_b_n4" drives clk pins.
SYN-4024 : Net "U2/CLK05" drives clk pins.
SYN-4025 : Tag rtl::Net CLK_dup_1 as clock net
SYN-4025 : Tag rtl::Net U2/CLK05 as clock net
SYN-4025 : Tag rtl::Net U2/CLK1 as clock net
SYN-4025 : Tag rtl::Net U4/SingleNum_b_n4 as clock net
SYN-4025 : Tag rtl::Net U4/W_DigitronCS_Out_n as clock net
SYN-4025 : Tag rtl::Net U4/W_Digitron_Out_n as clock net
SYN-4026 : Tagged 6 rtl::Net as clock net
SYN-4015 : Create BUFG instance for clk Net U4/W_DigitronCS_Out_n to drive 8 clock pins.
SYN-4015 : Create BUFG instance for clk Net U4/W_Digitron_Out_n to drive 7 clock pins.
SYN-4015 : Create BUFG instance for clk Net U2/CLK1 to drive 4 clock pins.
SYN-4015 : Create BUFG instance for clk Net U4/SingleNum_b_n4 to drive 4 clock pins.
SYN-4015 : Create BUFG instance for clk Net U2/CLK05 to drive 2 clock pins.
PHY-1001 : Populate physical database on model responder.
RUN-1001 : There are total 435 instances
RUN-0007 : 181 luts, 156 seqs, 32 mslices, 30 lslices, 28 pads, 0 brams, 0 dsps
RUN-1001 : There are total 595 nets
RUN-1001 : 339 nets have 2 pins
RUN-1001 : 219 nets have [3 - 5] pins
RUN-1001 : 22 nets have [6 - 10] pins
RUN-1001 : 9 nets have [11 - 20] pins
RUN-1001 : 4 nets have [21 - 99] pins
RUN-1001 : 2 nets have 100+ pins
RUN-1001 : Report Control nets information:
RUN-1001 : DFF Distribution
RUN-1001 : ----------------------------------
RUN-1001 :   CE   |  SSR  |  ASR  |  DFF Count  
RUN-1001 : ----------------------------------
RUN-1001 :   No   |  No   |  No   |     33      
RUN-1001 :   No   |  No   |  Yes  |     57      
RUN-1001 :   No   |  Yes  |  No   |      6      
RUN-1001 :   Yes  |  No   |  No   |      0      
RUN-1001 :   Yes  |  No   |  Yes  |     60      
RUN-1001 :   Yes  |  Yes  |  No   |      0      
RUN-1001 : ----------------------------------
RUN-0007 : Control Group Statistic
RUN-0007 : ---------------------------
RUN-0007 :   #CLK  |  #CE  |  #SSR/ASR  
RUN-0007 : ---------------------------
RUN-0007 :    6    |   3   |     4      
RUN-0007 : ---------------------------
RUN-0007 : Control Set = 11
PHY-3001 : Initial placement ...
PHY-3001 : design contains 433 instances, 181 luts, 156 seqs, 62 slices, 7 macros(62 instances: 32 mslices 30 lslices)
PHY-0007 : Cell area utilization is 1%
PHY-3001 : Global placement ...
PHY-3001 : Initial: Len = 200849
PHY-3001 : Clustering ...
PHY-3001 : Level 0 #clusters 433.
PHY-3001 : End clustering;  0.000033s wall, 0.000000s user + 0.000000s system = 0.000000s CPU (n/a%)

PHY-3001 : Run with size of 4
PHY-3001 : Cell area utilization is 1%
PHY-3001 : :::0::: Try harder cell spreading with beta_ = 0
PHY-3002 : Step(1): len = 101346, overlap = 0
PHY-3002 : Step(2): len = 78704.3, overlap = 0
PHY-3002 : Step(3): len = 51182.5, overlap = 0
PHY-3002 : Step(4): len = 38775.4, overlap = 0
PHY-3002 : Step(5): len = 30923.8, overlap = 0
PHY-3002 : Step(6): len = 25900.8, overlap = 0
PHY-3002 : Step(7): len = 22479.3, overlap = 0
PHY-3002 : Step(8): len = 21118.9, overlap = 0
PHY-3002 : Step(9): len = 21250.5, overlap = 0
PHY-3002 : Step(10): len = 18544.1, overlap = 0
PHY-3002 : Step(11): len = 17292.2, overlap = 0
PHY-3002 : Step(12): len = 16948.1, overlap = 0
PHY-3002 : Step(13): len = 15304.1, overlap = 0
PHY-3002 : Step(14): len = 15141.9, overlap = 0
PHY-3002 : Step(15): len = 13633, overlap = 0
PHY-3002 : Step(16): len = 13718.6, overlap = 0
PHY-3002 : Step(17): len = 13425.6, overlap = 0
PHY-3002 : Step(18): len = 13011.7, overlap = 0
PHY-3002 : Step(19): len = 13320.9, overlap = 0
PHY-3002 : Step(20): len = 13073.6, overlap = 0
PHY-3002 : Step(21): len = 11548.5, overlap = 0
PHY-3002 : Step(22): len = 11817.5, overlap = 0
PHY-3002 : Step(23): len = 12185.5, overlap = 0
PHY-3002 : Step(24): len = 11414.9, overlap = 0
PHY-3002 : Step(25): len = 11483, overlap = 0
PHY-3002 : Step(26): len = 11445.1, overlap = 0
PHY-3002 : Step(27): len = 10155.8, overlap = 0
PHY-3002 : Step(28): len = 10033.7, overlap = 0
PHY-3002 : Step(29): len = 10185.7, overlap = 0
PHY-3002 : Step(30): len = 10151.3, overlap = 0
PHY-3002 : Step(31): len = 9799.3, overlap = 0
PHY-3002 : Step(32): len = 9924.5, overlap = 0
PHY-3002 : Step(33): len = 9140.5, overlap = 0
PHY-3002 : Step(34): len = 9339.5, overlap = 0
PHY-3002 : Step(35): len = 8532.4, overlap = 0
PHY-3002 : Step(36): len = 8589.5, overlap = 0
PHY-3002 : Step(37): len = 8776.5, overlap = 0
PHY-3002 : Step(38): len = 8556.2, overlap = 0
PHY-3002 : Step(39): len = 8576.4, overlap = 0
PHY-3002 : Step(40): len = 8445.4, overlap = 0
PHY-3002 : Step(41): len = 8147, overlap = 0
PHY-3002 : Step(42): len = 7485.1, overlap = 0
PHY-3002 : Step(43): len = 7736.2, overlap = 0
PHY-3002 : Step(44): len = 8004.3, overlap = 0
PHY-3001 : Legalization ...
PHY-3001 : End legalization;  0.002769s wall, 0.000000s user + 0.000000s system = 0.000000s CPU (n/a%)

PHY-3001 : Run with size of 4
PHY-3001 : Cell area utilization is 2%
PHY-3001 : :::0::: Try harder cell spreading with beta_ = 0
PHY-3002 : Step(45): len = 6996.5, overlap = 0
PHY-3002 : Step(46): len = 6928.3, overlap = 0
PHY-3002 : Step(47): len = 6998.9, overlap = 0
PHY-3002 : Step(48): len = 7084.2, overlap = 0
PHY-3001 : Run with size of 2
PHY-3001 : Cell area utilization is 2%
PHY-3001 : :::0::: Try harder cell spreading with beta_ = 0.00151902
PHY-3002 : Step(49): len = 7330.4, overlap = 10.5312
PHY-3002 : Step(50): len = 7432.6, overlap = 10.6875
PHY-3002 : Step(51): len = 7432.6, overlap = 10.6875
PHY-3001 : :::1::: Try harder cell spreading with beta_ = 0.00303804
PHY-3002 : Step(52): len = 7269.3, overlap = 10.75
PHY-3002 : Step(53): len = 7220.2, overlap = 10.7812
PHY-3001 : :::2::: Try harder cell spreading with beta_ = 0.00607607
PHY-3002 : Step(54): len = 7278.1, overlap = 10.7812
PHY-3002 : Step(55): len = 7285.1, overlap = 10.3438
OPT-1001 : Start physical optimization ...
OPT-1001 : Total overflow 27.22 peak overflow 1.84
OPT-1001 : Start high-fanout net optimization ...
OPT-1001 : Update timing in global mode
PHY-1001 : Start incremental global routing, caller is place ...
RUN-1001 : Generating global routing grids ...
RUN-1001 : Building simple global routing graph ...
PHY-1001 : Generate routing nets ...
PHY-1001 : Reuse net number 0/595.
PHY-1001 : Global iterations in 16 thread ...
PHY-1002 : len = 7432, over cnt = 27(0%), over = 89, worst = 9
PHY-1001 : End global iterations;  0.029544s wall, 0.046875s user + 0.031250s system = 0.078125s CPU (264.4%)

PHY-1001 : Congestion index: top1 = 13.99, top5 = 5.45, top10 = 2.82, top15 = 1.88.
PHY-1001 : End incremental global routing;  0.086670s wall, 0.109375s user + 0.031250s system = 0.140625s CPU (162.3%)

RUN-1002 : start command "start_timer -report"
TMR-5001 WARNING: No sdc constraints found while initiating timer.
TMR-2505 : Start building timing graph for model responder.
TMR-2506 : Build timing graph completely. Port num: 9, tpin num: 2058, tnet num: 593, tinst num: 433, tnode num: 2673, tedge num: 3365.
TMR-2508 : Levelizing timing graph completed, there are 25 levels in total.
TMR-2501 : Timing graph initialized successfully.
OPT-1001 : End timing update;  0.177684s wall, 0.171875s user + 0.000000s system = 0.171875s CPU (96.7%)

OPT-1001 : 0 high-fanout net processed.
OPT-1001 : End high-fanout net optimization;  0.270305s wall, 0.296875s user + 0.031250s system = 0.328125s CPU (121.4%)

OPT-1001 : Current memory(MB): used = 145, reserve = 117, peak = 145.
OPT-1001 : End physical optimization;  0.276326s wall, 0.296875s user + 0.031250s system = 0.328125s CPU (118.7%)

PHY-3001 : Start packing ...
SYN-4007 : Packing 0 MUX to BLE ...
SYN-4008 : Packed 0 MUX and 0 SEQ to BLE.
SYN-4007 : Packing 181 LUT to BLE ...
SYN-4008 : Packed 181 LUT and 83 SEQ to BLE.
SYN-4003 : Packing 73 remaining SEQ's ...
SYN-4005 : Packed 47 SEQ with LUT/SLICE
SYN-4006 : 57 single LUT's are left
SYN-4006 : 26 single SEQ's are left
SYN-4011 : Packing model "responder" (AL_USER_NORMAL) with 207/305 primitive instances ...
PHY-3001 : End packing;  0.012555s wall, 0.015625s user + 0.000000s system = 0.015625s CPU (124.5%)

PHY-1001 : Populate physical database on model responder.
RUN-1001 : There are total 217 instances
RUN-1001 : 91 mslices, 90 lslices, 28 pads, 0 brams, 0 dsps
RUN-1001 : There are total 520 nets
RUN-1001 : 270 nets have 2 pins
RUN-1001 : 211 nets have [3 - 5] pins
RUN-1001 : 19 nets have [6 - 10] pins
RUN-1001 : 15 nets have [11 - 20] pins
RUN-1001 : 3 nets have [21 - 99] pins
RUN-1001 : 2 nets have 100+ pins
PHY-3001 : design contains 215 instances, 181 slices, 7 macros(62 instances: 32 mslices 30 lslices)
PHY-3001 : Cell area utilization is 2%
PHY-3001 : After packing: Len = 7583.8, Over = 12
PHY-3001 : Run with size of 2
PHY-3001 : Cell area utilization is 2%
PHY-3001 : :::0::: Try harder cell spreading with beta_ = 6.27502e-05
PHY-3002 : Step(56): len = 7582.1, overlap = 11.5
PHY-3002 : Step(57): len = 7673.2, overlap = 11.5
PHY-3002 : Step(58): len = 7706.9, overlap = 11.25
PHY-3002 : Step(59): len = 7755, overlap = 11.25
PHY-3002 : Step(60): len = 7674.7, overlap = 10.25
PHY-3002 : Step(61): len = 7643.6, overlap = 9.5
PHY-3002 : Step(62): len = 7674, overlap = 10.25
PHY-3001 : :::1::: Try harder cell spreading with beta_ = 0.0001255
PHY-3002 : Step(63): len = 7650.6, overlap = 9.5
PHY-3002 : Step(64): len = 7671.8, overlap = 8.75
PHY-3002 : Step(65): len = 7701, overlap = 9
PHY-3001 : :::2::: Try harder cell spreading with beta_ = 0.000251001
PHY-3002 : Step(66): len = 7796.9, overlap = 8.75
PHY-3002 : Step(67): len = 7852.9, overlap = 8.75
PHY-3001 : Legalization ...
PHY-3001 : End legalization;  0.096857s wall, 0.046875s user + 0.140625s system = 0.187500s CPU (193.6%)

PHY-3001 : Trial Legalized: Len = 12525.5
PHY-3001 : Run with size of 2
PHY-3001 : Cell area utilization is 2%
PHY-3001 : :::0::: Try harder cell spreading with beta_ = 0
PHY-3002 : Step(68): len = 9017.1, overlap = 3.5
PHY-3002 : Step(69): len = 7710.6, overlap = 6.25
PHY-3002 : Step(70): len = 7334.1, overlap = 6.5
PHY-3002 : Step(71): len = 7366.6, overlap = 6.5
PHY-3002 : Step(72): len = 7381.5, overlap = 6.5
PHY-3001 : :::1::: Try harder cell spreading with beta_ = 0.000416997
PHY-3002 : Step(73): len = 7676.9, overlap = 5
PHY-3002 : Step(74): len = 7795.4, overlap = 4.25
PHY-3002 : Step(75): len = 7830.8, overlap = 4
PHY-3001 : :::2::: Try harder cell spreading with beta_ = 0.000833995
PHY-3002 : Step(76): len = 7829.1, overlap = 3.5
PHY-3002 : Step(77): len = 7829.1, overlap = 3.5
PHY-3002 : Step(78): len = 7709.2, overlap = 3.5
PHY-3001 : Legalization ...
PHY-3001 : End legalization;  0.003825s wall, 0.000000s user + 0.000000s system = 0.000000s CPU (n/a%)

PHY-3001 : Legalized: Len = 9850.5, Over = 0
PHY-3001 : Spreading special nets. 1 overflows in 2952 tiles.
PHY-3001 : End spreading;  0.002305s wall, 0.000000s user + 0.000000s system = 0.000000s CPU (n/a%)

PHY-3001 : 2 instances has been re-located, deltaX = 0, deltaY = 2, maxDist = 1.
PHY-3001 : Final: Len = 9860.5, Over = 0
OPT-1001 : Start physical optimization ...
OPT-1001 : Total overflow 0.00 peak overflow 0.00
OPT-1001 : Start high-fanout net optimization ...
OPT-1001 : Update timing in global mode
PHY-1001 : Start incremental global routing, caller is place ...
RUN-1001 : Generating global routing grids ...
PHY-1001 : Generate routing nets ...
PHY-1001 : Reuse net number 19/520.
PHY-1001 : Global iterations in 16 thread ...
PHY-1002 : len = 10648, over cnt = 39(0%), over = 65, worst = 4
PHY-1002 : len = 11200, over cnt = 14(0%), over = 14, worst = 1
PHY-1002 : len = 11336, over cnt = 5(0%), over = 5, worst = 1
PHY-1002 : len = 11416, over cnt = 0(0%), over = 0, worst = 0
PHY-1001 : End global iterations;  0.047639s wall, 0.078125s user + 0.062500s system = 0.140625s CPU (295.2%)

PHY-1001 : Congestion index: top1 = 17.11, top5 = 8.06, top10 = 4.26, top15 = 2.84.
PHY-1001 : End incremental global routing;  0.092991s wall, 0.125000s user + 0.062500s system = 0.187500s CPU (201.6%)

RUN-1002 : start command "start_timer -report"
TMR-5001 WARNING: No sdc constraints found while initiating timer.
TMR-2505 : Start building timing graph for model responder.
TMR-2506 : Build timing graph completely. Port num: 9, tpin num: 1797, tnet num: 518, tinst num: 215, tnode num: 2273, tedge num: 3075.
TMR-2508 : Levelizing timing graph completed, there are 25 levels in total.
TMR-2501 : Timing graph initialized successfully.
OPT-1001 : End timing update;  0.125666s wall, 0.125000s user + 0.000000s system = 0.125000s CPU (99.5%)

OPT-1001 : 0 high-fanout net processed.
OPT-1001 : End high-fanout net optimization;  0.223555s wall, 0.250000s user + 0.062500s system = 0.312500s CPU (139.8%)

OPT-1001 : Current memory(MB): used = 147, reserve = 118, peak = 147.
OPT-1001 : Update timing in Manhattan mode
OPT-1001 : End timing update;  0.000413s wall, 0.000000s user + 0.000000s system = 0.000000s CPU (n/a%)

OPT-1001 : Start pin optimization...
OPT-1001 : skip pin optimization...
RUN-1001 : Generating global routing grids ...
PHY-1001 : Generate routing nets ...
PHY-1001 : Reuse net number 414/520.
PHY-1001 : Global iterations in 16 thread ...
PHY-1002 : len = 11416, over cnt = 0(0%), over = 0, worst = 0
PHY-1001 : End global iterations;  0.001546s wall, 0.015625s user + 0.000000s system = 0.015625s CPU (1010.6%)

PHY-1001 : Congestion index: top1 = 17.11, top5 = 8.06, top10 = 4.26, top15 = 2.84.
OPT-1001 : Update timing in Manhattan mode
OPT-1001 : End timing update;  0.000715s wall, 0.000000s user + 0.000000s system = 0.000000s CPU (n/a%)

RUN-1001 : QoR Analysis:
OPT-0007 :   WNS 2147483647 TNS 0 NUM_FEPS 0
RUN-1001 :   No local congestion issue, and most congested 1% tile average routing util is 16.758621
RUN-1001 :   Top critical paths
OPT-1001 : End physical optimization;  0.276755s wall, 0.296875s user + 0.093750s system = 0.390625s CPU (141.1%)

RUN-1003 : finish command "place" in  2.497602s wall, 2.515625s user + 3.328125s system = 5.843750s CPU (234.0%)

RUN-1004 : used memory is 132 MB, reserved memory is 103 MB, peak memory is 148 MB
RUN-1002 : start command "export_db responder_place.db"
RUN-1001 : Exported /
RUN-1001 : Exported flow parameters
RUN-1001 : Exported libs
RUN-1001 : Exported entities
RUN-1001 : Exported ports
RUN-1001 : Exported pins
RUN-1001 : Exported instances
RUN-1001 : Exported nets
RUN-1001 : Exported buses
RUN-1001 : Exported models
RUN-1001 : Exported congestions
RUN-1001 : Exported violations
RUN-1001 : Exported IO constraints
RUN-1001 : Exported Inst constraints
RUN-1002 : start command "route"
RUN-1001 : Open license file C:/Anlogic/TD5.6.2/license/Anlogic.lic
RUN-1001 : Print Global Property
RUN-1001 : ---------------------------------------------------------------
RUN-1001 :        Parameters        |  Settings  |  Default Values  |  Note  
RUN-1001 : ---------------------------------------------------------------
RUN-1001 :          message         |  standard  |     standard     |        
RUN-1001 :   mixed_pack_place_flow  |     on     |        on        |        
RUN-1001 :        qor_monitor       |    off     |       off        |        
RUN-1001 :        syn_ip_flow       |    off     |       off        |        
RUN-1001 :          thread          |    auto    |       auto       |        
RUN-1001 : ---------------------------------------------------------------
RUN-1001 : Print Route Property
RUN-1001 : -------------------------------------------------------
RUN-1001 :    Parameters    |  Settings  |  Default Values  |  Note  
RUN-1001 : -------------------------------------------------------
RUN-1001 :      effort      |   medium   |      medium      |        
RUN-1001 :     fix_hold     |    off     |       off        |        
RUN-1001 :    opt_timing    |   medium   |      medium      |        
RUN-1001 :   phy_sim_model  |    off     |       off        |        
RUN-1001 :     priority     |   timing   |      timing      |        
RUN-1001 :     swap_pin     |     on     |        on        |        
RUN-1001 : -------------------------------------------------------
PHY-1001 : Route runs in 16 thread(s)
RUN-1001 : There are total 217 instances
RUN-1001 : 91 mslices, 90 lslices, 28 pads, 0 brams, 0 dsps
RUN-1001 : There are total 520 nets
RUN-1001 : 270 nets have 2 pins
RUN-1001 : 211 nets have [3 - 5] pins
RUN-1001 : 19 nets have [6 - 10] pins
RUN-1001 : 15 nets have [11 - 20] pins
RUN-1001 : 3 nets have [21 - 99] pins
RUN-1001 : 2 nets have 100+ pins
RUN-1002 : start command "start_timer -report"
TMR-5001 WARNING: No sdc constraints found while initiating timer.
TMR-2505 : Start building timing graph for model responder.
TMR-2506 : Build timing graph completely. Port num: 9, tpin num: 1797, tnet num: 518, tinst num: 215, tnode num: 2273, tedge num: 3075.
TMR-2508 : Levelizing timing graph completed, there are 25 levels in total.
TMR-2501 : Timing graph initialized successfully.
PHY-1001 : 91 mslices, 90 lslices, 28 pads, 0 brams, 0 dsps
TMR-2503 : Start to update net delay, extr mode = 3.
TMR-2504 : Update delay of 518 nets completely.
TMR-2502 : Annotate delay completely, extr mode = 3.
TMR-3002 : No user constraint, initiate default constraint.
TMR-1501 : Assign derive clock DeriveClock to 272 clock pins, and constraint 476 relative nodes.
TMR-3003 : Constraints initiated successfully.
TMR-3501 : Forward propagation: start to calculate arrival time...
TMR-3502 : Backward propagation: start to calculate required time...
TMR-3503 : Timing propagation completes.
PHY-1001 : Start global routing, caller is route ...
RUN-1001 : Generating global routing grids ...
PHY-1001 : Generate routing nets ...
PHY-1001 : Global iterations in 16 thread ...
PHY-1002 : len = 10592, over cnt = 40(0%), over = 66, worst = 4
PHY-1002 : len = 11128, over cnt = 15(0%), over = 15, worst = 1
PHY-1002 : len = 11304, over cnt = 4(0%), over = 4, worst = 1
PHY-1002 : len = 11360, over cnt = 0(0%), over = 0, worst = 0
PHY-1001 : End global iterations;  0.051633s wall, 0.078125s user + 0.031250s system = 0.109375s CPU (211.8%)

PHY-1001 : Congestion index: top1 = 17.11, top5 = 8.02, top10 = 4.24, top15 = 2.83.
PHY-1001 : End global routing;  0.097913s wall, 0.125000s user + 0.046875s system = 0.171875s CPU (175.5%)

PHY-1001 : Start detail routing ...
PHY-1001 : Current memory(MB): used = 177, reserve = 149, peak = 185.
PHY-1001 : Detailed router is running in normal mode.
PHY-1001 : Generate detailed routing grids ...
PHY-1001 : Processed IO instance DigitronCS_Out[3]_syn_2 with INV attribute.
PHY-1001 : Processed IO instance DigitronCS_Out[2]_syn_2 with INV attribute.
PHY-1001 : Processed IO instance DigitronCS_Out[1]_syn_2 with INV attribute.
PHY-1001 : Processed IO instance DigitronCS_Out[0]_syn_2 with INV attribute.
PHY-1001 : Processed IO instance Digitron_Out[6]_syn_2 with INV attribute.
PHY-1001 : Processed IO instance Digitron_Out[5]_syn_2 with INV attribute.
PHY-1001 : Processed IO instance Digitron_Out[4]_syn_2 with INV attribute.
PHY-1001 : Processed IO instance Digitron_Out[3]_syn_2 with INV attribute.
PHY-1001 : Processed IO instance Digitron_Out[2]_syn_2 with INV attribute.
PHY-1001 : Processed IO instance Digitron_Out[1]_syn_2 with INV attribute.
PHY-1001 : Processed IO instance Digitron_Out[0]_syn_2 with INV attribute.
PHY-1001 : Generate nets ...
PHY-1001 : net CLK_dup_1 will be routed on clock mesh
PHY-1001 : clock net U4/W_Digitron_Out_n_syn_2 will be merged with clock U4/W_Digitron_Out_n
PHY-1001 : clock net U2/CLK05_syn_4 will be merged with clock U2/CLK05
PHY-1001 : clock net U2/CLK1_syn_4 will be merged with clock U2/CLK1
PHY-1001 : clock net U4/W_DigitronCS_Out_n_syn_4 will be merged with clock U4/W_DigitronCS_Out_n
PHY-1001 : clock net U4/SingleNum_b_n4_syn_10 will be merged with clock U4/SingleNum_b_n4
PHY-1001 : Current memory(MB): used = 439, reserve = 415, peak = 439.
PHY-1001 : End build detailed router design. 2.956778s wall, 2.875000s user + 0.078125s system = 2.953125s CPU (99.9%)

PHY-1001 : Detail Route ...
PHY-1001 : ===== Detail Route Phase 1 =====
PHY-1001 : Clock net routing.....
PHY-1001 : Routed 1% nets.
PHY-1022 : len = 15736, over cnt = 0(0%), over = 0, worst = 0, crit = 0
PHY-1001 : End initial clock net routed; 1.472324s wall, 1.453125s user + 0.000000s system = 1.453125s CPU (98.7%)

PHY-1001 : Current memory(MB): used = 469, reserve = 446, peak = 469.
PHY-1001 : End phase 1; 1.477250s wall, 1.468750s user + 0.000000s system = 1.468750s CPU (99.4%)

PHY-1001 : ===== Detail Route Phase 2 =====
PHY-1001 : Initial routing.....
PHY-1001 : Routed 36% nets.
PHY-1001 : Routed 43% nets.
PHY-1001 : Routed 51% nets.
PHY-1001 : Routed 61% nets.
PHY-1001 : Routed 82% nets.
PHY-1022 : len = 43464, over cnt = 7(0%), over = 7, worst = 1, crit = 0
PHY-1001 : Current memory(MB): used = 469, reserve = 447, peak = 469.
PHY-1001 : End initial routed; 0.133040s wall, 0.312500s user + 0.062500s system = 0.375000s CPU (281.9%)

PHY-1001 : Current memory(MB): used = 469, reserve = 447, peak = 469.
PHY-1001 : End phase 2; 0.133127s wall, 0.312500s user + 0.062500s system = 0.375000s CPU (281.7%)

PHY-1001 : ===== Detail Route Phase 3 =====
PHY-1001 : Ripup-reroute.....
PHY-1001 : ===== DR Iter 1 =====
PHY-1022 : len = 43496, over cnt = 1(0%), over = 1, worst = 1, crit = 0
PHY-1001 : End DR Iter 1; 0.010735s wall, 0.000000s user + 0.000000s system = 0.000000s CPU (n/a%)

PHY-1001 : ===== DR Iter 2 =====
PHY-1022 : len = 43496, over cnt = 0(0%), over = 0, worst = 0, crit = 0
PHY-1001 : End DR Iter 2; 0.008301s wall, 0.015625s user + 0.000000s system = 0.015625s CPU (188.2%)

PHY-1001 : Commit to database.....
PHY-1001 : 0 feed throughs used by 0 nets
PHY-1001 : End commit to database; 0.039317s wall, 0.031250s user + 0.000000s system = 0.031250s CPU (79.5%)

PHY-1001 : Current memory(MB): used = 479, reserve = 456, peak = 479.
PHY-1001 : End phase 3; 0.141893s wall, 0.140625s user + 0.000000s system = 0.140625s CPU (99.1%)

PHY-1003 : Routed, final wirelength = 43496
PHY-1001 : Current memory(MB): used = 479, reserve = 456, peak = 479.
PHY-1001 : End export database. 0.005991s wall, 0.015625s user + 0.000000s system = 0.015625s CPU (260.8%)

PHY-1001 : End detail routing;  4.904298s wall, 4.984375s user + 0.156250s system = 5.140625s CPU (104.8%)

RUN-1003 : finish command "route" in  5.192064s wall, 5.250000s user + 0.218750s system = 5.468750s CPU (105.3%)

RUN-1004 : used memory is 421 MB, reserved memory is 398 MB, peak memory is 479 MB
RUN-1002 : start command "report_area -io_info -file responder_phy.area"
RUN-1001 : standard
***Report Model: responder Device: EG4S20BG256***

IO Statistics
#IO                        28
  #input                    6
  #output                  22
  #inout                    0

Utilization Statistics
#lut                      314   out of  19600    1.60%
#reg                      200   out of  19600    1.02%
#le                       340
  #lut only               140   out of    340   41.18%
  #reg only                26   out of    340    7.65%
  #lut&reg                174   out of    340   51.18%
#dsp                        0   out of     29    0.00%
#bram                       0   out of     64    0.00%
  #bram9k                   0
  #fifo9k                   0
#bram32k                    0   out of     16    0.00%
#pad                       28   out of    188   14.89%
  #ireg                     4
  #oreg                    17
  #treg                     0
#pll                        0   out of      4    0.00%
#gclk                       5   out of     16   31.25%

Clock Resource Statistics
Index     ClockNet                 Type               DriverType         Driver                    Fanout
#1        CLK_dup_1                GCLK               io                 CLK_syn_2.di              123
#2        U4/W_DigitronCS_Out_n    GCLK               lslice             U4/reg2_syn_25.f1         7
#3        U4/W_Digitron_Out_n      GCLK               mslice             U4/mux1_syn_5.f1          7
#4        U4/SingleNum_b_n4        GCLK               lslice             U4/sel2_syn_65.f0         4
#5        U2/CLK1                  GCLK               mslice             U2/CLK1_reg_syn_34.q0     3
#6        U2/CLK05                 GCLK               mslice             U2/CLK05_reg_syn_28.q0    2


Detailed IO Report

        Name           Direction    Location    IOStandard    DriveStrength    PullType    PackReg  
         CLK             INPUT         R7        LVCMOS33          N/A          PULLUP      NONE    
      Key_In[3]          INPUT        F10        LVCMOS33          N/A          PULLUP      IREG    
      Key_In[2]          INPUT        C11        LVCMOS33          N/A          PULLUP      IREG    
      Key_In[1]          INPUT        D11        LVCMOS33          N/A          PULLUP      IREG    
      Key_In[0]          INPUT        E11        LVCMOS33          N/A          PULLUP      IREG    
        RSTn             INPUT         A9        LVCMOS33          N/A          PULLUP      NONE    
     Buzzer_Out         OUTPUT        H11        LVCMOS33           8            NONE       OREG    
  DigitronCS_Out[3]     OUTPUT         A3        LVCMOS33           8            NONE       OREG    
  DigitronCS_Out[2]     OUTPUT         A5        LVCMOS33           8            NONE       OREG    
  DigitronCS_Out[1]     OUTPUT         B6        LVCMOS33           8            NONE       OREG    
  DigitronCS_Out[0]     OUTPUT         C9        LVCMOS33           8            NONE       OREG    
   Digitron_Out[7]      OUTPUT         C8        LVCMOS33           8            NONE       NONE    
   Digitron_Out[6]      OUTPUT         A8        LVCMOS33           8            NONE       OREG    
   Digitron_Out[5]      OUTPUT         B5        LVCMOS33           8            NONE       OREG    
   Digitron_Out[4]      OUTPUT         A7        LVCMOS33           8            NONE       OREG    
   Digitron_Out[3]      OUTPUT         E8        LVCMOS33           8            NONE       OREG    
   Digitron_Out[2]      OUTPUT         B8        LVCMOS33           8            NONE       OREG    
   Digitron_Out[1]      OUTPUT         A6        LVCMOS33           8            NONE       OREG    
   Digitron_Out[0]      OUTPUT         A4        LVCMOS33           8            NONE       OREG    
     Key_Row[3]         OUTPUT        E10        LVCMOS33           8            NONE       NONE    
     Key_Row[2]         OUTPUT        C10        LVCMOS33           8            NONE       NONE    
     Key_Row[1]         OUTPUT         F9        LVCMOS33           8            NONE       NONE    
     Key_Row[0]         OUTPUT         D9        LVCMOS33           8            NONE       NONE    
     LED_Out[3]         OUTPUT        C15        LVCMOS33           8            NONE       OREG    
     LED_Out[2]         OUTPUT        B16        LVCMOS33           8            NONE       OREG    
     LED_Out[1]         OUTPUT        B15        LVCMOS33           8            NONE       OREG    
     LED_Out[0]         OUTPUT        B14        LVCMOS33           8            NONE       OREG    
  LED_OverTime_Out      OUTPUT        F16        LVCMOS33           8            NONE       OREG    

Report Hierarchy Area:
+-----------------------------------------------------------------------------------+
|Instance |Module              |le     |lut     |ripple  |seq     |bram    |dsp     |
+-----------------------------------------------------------------------------------+
|top      |responder           |340    |252     |62      |221     |0       |0       |
|  U1     |Sel_module          |120    |84      |16      |74      |0       |0       |
|  U2     |Timer_module        |52     |48      |0       |46      |0       |0       |
|  U3     |Buzzer_module       |48     |35      |12      |28      |0       |0       |
|  U4     |Digitron_NumDisplay |58     |49      |9       |26      |0       |0       |
|  U5     |key_filter          |34     |22      |11      |22      |0       |0       |
+-----------------------------------------------------------------------------------+


DataNet Average Fanout:

   Index     Fanout    Nets  
    #1         1       242   
    #2         2       172   
    #3         3        24   
    #4         4        12   
    #5        5-10      21   
    #6       11-50      12   
  Average     2.19           

RUN-1002 : start command "export_db responder_pr.db"
RUN-1001 : Exported /
RUN-1001 : Exported flow parameters
RUN-1001 : Exported libs
RUN-1001 : Exported entities
RUN-1001 : Exported ports
RUN-1001 : Exported pins
RUN-1001 : Exported instances
RUN-1001 : Exported nets
RUN-1001 : Exported buses
RUN-1001 : Exported models
RUN-1001 : Exported congestions
RUN-1001 : Exported violations
RUN-1001 : Exported IO constraints
RUN-1001 : Exported Inst constraints
RUN-1002 : start command "export_bid responder_inst.bid"
RUN-1002 : start command "bitgen -bit responder.bit -unused_io_status pulldown"
BIT-1003 : Start to generate bitstream. 
BIT-1002 : Bitgen processed 160 unused pads, reserve input tri_state with pulldown
BIT-1002 : Init instances with 16 threads.
BIT-1002 : Init instances completely, inst num: 375
BIT-1002 : Init pips with 16 threads.
BIT-1002 : Init pips completely, net num: 520, pip num: 3619
BIT-1003 : Multithreading accelaration with 16 threads.
BIT-1003 : Generate bitstream completely, there are 699 valid insts, and 11279 bits set as '1'.
BIT-1004 : PLL setting string = 0000
BIT-1004 : Generate bits file responder.bit.
RUN-1003 : finish command "bitgen -bit responder.bit -unused_io_status pulldown" in  1.079209s wall, 5.406250s user + 0.125000s system = 5.531250s CPU (512.5%)

RUN-1004 : used memory is 427 MB, reserved memory is 408 MB, peak memory is 621 MB
RUN-1002 : start command "backup_run_log run.log ../.logs/phy_1/td_20240826_222405.log"
