============================================================
   Tang Dynasty, V5.6.71036
      Copyright (c) 2012-2023 Anlogic Inc.
   Executable = E:/TangDanasty/bin/td.exe
   Built at =   20:34:38 Mar 21 2023
   Run by =     Lenovo
   Run Date =   Mon Aug 26 19:54:56 2024

   Run on =     LAPTOP-94TMECPO
============================================================
RUN-1002 : start command "open_project responder.prj"
RUN-1001 : Print Global Property
RUN-1001 : ---------------------------------------------------------------
RUN-1001 :        Parameters        |  Settings  |  Default Values  |  Note  
RUN-1001 : ---------------------------------------------------------------
RUN-1001 :          message         |  standard  |     standard     |        
RUN-1001 :   mixed_pack_place_flow  |     on     |        on        |        
RUN-1001 :        qor_monitor       |    off     |       off        |        
RUN-1001 :        syn_ip_flow       |    off     |       off        |        
RUN-1001 :          thread          |    auto    |       auto       |        
RUN-1001 : ---------------------------------------------------------------
RUN-1001 : Print Design Property
RUN-1001 : --------------------------------------------------------------
RUN-1001 :        Parameters       |  Settings  |  Default Values  |  Note  
RUN-1001 : --------------------------------------------------------------
RUN-1001 :   default_reg_initial   |    auto    |       auto       |        
RUN-1001 :        infer_add        |     on     |        on        |        
RUN-1001 :        infer_fsm        |    off     |       off        |        
RUN-1001 :        infer_mult       |     on     |        on        |        
RUN-1001 :        infer_ram        |     on     |        on        |        
RUN-1001 :        infer_reg        |     on     |        on        |        
RUN-1001 :   infer_reg_init_value  |     on     |        on        |        
RUN-1001 :        infer_rom        |     on     |        on        |        
RUN-1001 :      infer_shifter      |     on     |        on        |        
RUN-1001 : --------------------------------------------------------------
RUN-1001 : Print Rtl Property
RUN-1001 : --------------------------------------------------------------
RUN-1001 :        Parameters       |  Settings  |  Default Values  |  Note  
RUN-1001 : --------------------------------------------------------------
RUN-1001 :       compress_add      |   ripple   |      ripple      |        
RUN-1001 :        elf_sload        |    off     |       off        |        
RUN-1001 :       fix_undriven      |     0      |        0         |        
RUN-1001 :         flatten         |    off     |       off        |        
RUN-1001 :       gate_sharing      |     on     |        on        |        
RUN-1001 :    hdl_warning_level    |   normal   |      normal      |        
RUN-1001 :   impl_internal_tribuf  |     on     |        on        |        
RUN-1001 :      impl_set_reset     |     on     |        on        |        
RUN-1001 :        infer_gsr        |    off     |       off        |        
RUN-1001 :      keep_hierarchy     |    auto    |       auto       |        
RUN-1001 :        max_fanout       |    9999    |       9999       |        
RUN-1001 :      max_oh2bin_len     |     10     |        10        |        
RUN-1001 :       merge_equal       |     on     |        on        |        
RUN-1001 :       merge_equiv       |     on     |        on        |        
RUN-1001 :        merge_mux        |    off     |       off        |        
RUN-1001 :     min_control_set     |     8      |        8         |        
RUN-1001 :      min_ripple_len     |    auto    |       auto       |        
RUN-1001 :       oh2bin_ratio      |    0.08    |       0.08       |        
RUN-1001 :     opt_adder_fanout    |     on     |        on        |        
RUN-1001 :        opt_arith        |     on     |        on        |        
RUN-1001 :       opt_big_gate      |    off     |       off        |        
RUN-1001 :        opt_const        |     on     |        on        |        
RUN-1001 :      opt_const_mult     |     on     |        on        |        
RUN-1001 :       opt_lessthan      |     on     |        on        |        
RUN-1001 :         opt_mux         |    off     |       off        |        
RUN-1001 :         opt_ram         |    high    |       high       |        
RUN-1001 :      rtl_sim_model      |    off     |       off        |        
RUN-1001 :         seq_syn         |     on     |        on        |        
RUN-1001 : --------------------------------------------------------------
HDL-1007 : analyze verilog file ../../responder.v
HDL-1007 : analyze verilog file ../../Sel_module.v
HDL-5007 WARNING: literal value 'd449_999_999 truncated to fit in 25 bits in ../../Sel_module.v(47)
HDL-1007 : analyze verilog file ../../Timer_module.v
HDL-1007 : analyze verilog file ../../Buzzer_module.v
HDL-1007 : analyze verilog file ../../Digitron_NumDisplay.v
HDL-1007 : analyze verilog file ../../key_filter.v
RUN-1001 : Project manager successfully analyzed 6 source files.
RUN-1002 : start command "import_device eagle_s20.db -package EG4S20BG256"
ARC-1001 : Device Initialization.
ARC-1001 : ------------------------------------------------------------------
ARC-1001 :            OPTION            |          IO          |   SETTING   
ARC-1001 : ------------------------------------------------------------------
ARC-1001 :   cso_b/cclk/mosi/miso/dout  |  T3/R11/T10/P10/S11  |    gpio    
ARC-1001 :             done             |         P13          |    gpio    
ARC-1001 :           program_b          |          T2          |  dedicate  
ARC-1001 :        tdi/tms/tck/tdo       |   C12/A15/C14/E14    |  dedicate  
ARC-1001 : ------------------------------------------------------------------
ARC-1004 : Device setting, marked 5 dedicate IOs in total.
RUN-1002 : start command "import_db ../syn_1/responder_gate.db"
RUN-1001 : Importing database generated by Tang Dynasty, V5.6.71036.
RUN-1001 : Database version number 46146.
RUN-1001 : Import flow parameters
RUN-1001 : Import IO constraints
RUN-1001 : Import Inst constraints
RUN-1001 : Import design success TD_VERSION=5.6.71036 , DB_VERSION=46146
RUN-1002 : start command "place"
RUN-1001 : Open license file E:/TangDanasty/license/Anlogic.lic
RUN-1001 : Print Global Property
RUN-1001 : ---------------------------------------------------------------
RUN-1001 :        Parameters        |  Settings  |  Default Values  |  Note  
RUN-1001 : ---------------------------------------------------------------
RUN-1001 :          message         |  standard  |     standard     |        
RUN-1001 :   mixed_pack_place_flow  |     on     |        on        |        
RUN-1001 :        qor_monitor       |    off     |       off        |        
RUN-1001 :        syn_ip_flow       |    off     |       off        |        
RUN-1001 :          thread          |    auto    |       auto       |        
RUN-1001 : ---------------------------------------------------------------
RUN-1001 : Print Place Property
RUN-1001 : --------------------------------------------------------------
RUN-1001 :        Parameters       |  Settings  |  Default Values  |  Note  
RUN-1001 : --------------------------------------------------------------
RUN-1001 :      detailed_place     |     on     |        on        |        
RUN-1001 :          effort         |   medium   |      medium      |        
RUN-1001 :         fix_hold        |    off     |       off        |        
RUN-1001 :       legalization      |    ori     |       ori        |        
RUN-1001 :      new_spreading      |     on     |        on        |        
RUN-1001 :        opt_timing       |   medium   |      medium      |        
RUN-1001 :   post_clock_route_opt  |    off     |       off        |        
RUN-1001 :       pr_strategy       |     1      |        1         |        
RUN-1001 :        relaxation       |    1.00    |       1.00       |        
RUN-1001 :         retiming        |    off     |       off        |        
RUN-1001 : --------------------------------------------------------------
PHY-3001 : Placer runs in 20 thread(s).
RUN-1002 : start command "legalize_phy_inst"
SYN-1011 : Flatten model responder
RUN-1002 : start command "phys_opt -simplify_lut"
SYN-4024 : Net "CLK_dup_1" drives clk pins.
SYN-4024 : Net "U4/W_Digitron_Out_n" drives clk pins.
SYN-4024 : Net "U4/W_DigitronCS_Out_n" drives clk pins.
SYN-4024 : Net "U2/CLK1" drives clk pins.
SYN-4024 : Net "U4/SingleNum_b_n4" drives clk pins.
SYN-4025 : Tag rtl::Net CLK_dup_1 as clock net
SYN-4025 : Tag rtl::Net U2/CLK1 as clock net
SYN-4025 : Tag rtl::Net U4/SingleNum_b_n4 as clock net
SYN-4025 : Tag rtl::Net U4/W_DigitronCS_Out_n as clock net
SYN-4025 : Tag rtl::Net U4/W_Digitron_Out_n as clock net
SYN-4026 : Tagged 5 rtl::Net as clock net
SYN-4015 : Create BUFG instance for clk Net U4/W_DigitronCS_Out_n to drive 8 clock pins.
SYN-4015 : Create BUFG instance for clk Net U4/W_Digitron_Out_n to drive 7 clock pins.
SYN-4015 : Create BUFG instance for clk Net U2/CLK1 to drive 4 clock pins.
SYN-4015 : Create BUFG instance for clk Net U4/SingleNum_b_n4 to drive 4 clock pins.
PHY-1001 : Populate physical database on model responder.
RUN-1001 : There are total 369 instances
RUN-0007 : 156 luts, 124 seqs, 32 mslices, 21 lslices, 29 pads, 0 brams, 0 dsps
RUN-1001 : There are total 502 nets
RUN-1001 : 291 nets have 2 pins
RUN-1001 : 181 nets have [3 - 5] pins
RUN-1001 : 20 nets have [6 - 10] pins
RUN-1001 : 5 nets have [11 - 20] pins
RUN-1001 : 3 nets have [21 - 99] pins
RUN-1001 : 2 nets have 100+ pins
RUN-1001 : Report Control nets information:
RUN-1001 : DFF Distribution
RUN-1001 : ----------------------------------
RUN-1001 :   CE   |  SSR  |  ASR  |  DFF Count  
RUN-1001 : ----------------------------------
RUN-1001 :   No   |  No   |  No   |     29      
RUN-1001 :   No   |  No   |  Yes  |     38      
RUN-1001 :   No   |  Yes  |  No   |      6      
RUN-1001 :   Yes  |  No   |  No   |      0      
RUN-1001 :   Yes  |  No   |  Yes  |     51      
RUN-1001 :   Yes  |  Yes  |  No   |      0      
RUN-1001 : ----------------------------------
RUN-0007 : Control Group Statistic
RUN-0007 : ---------------------------
RUN-0007 :   #CLK  |  #CE  |  #SSR/ASR  
RUN-0007 : ---------------------------
RUN-0007 :    5    |   2   |     4      
RUN-0007 : ---------------------------
RUN-0007 : Control Set = 9
PHY-3001 : Initial placement ...
PHY-3001 : design contains 367 instances, 156 luts, 124 seqs, 53 slices, 6 macros(53 instances: 32 mslices 21 lslices)
PHY-0007 : Cell area utilization is 1%
PHY-3001 : Global placement ...
PHY-3001 : Initial: Len = 118481
PHY-3001 : Clustering ...
PHY-3001 : Level 0 #clusters 367.
PHY-3001 : End clustering;  0.000017s wall, 0.000000s user + 0.000000s system = 0.000000s CPU (n/a%)

PHY-3001 : Run with size of 4
PHY-3001 : Cell area utilization is 1%
PHY-3001 : :::0::: Try harder cell spreading with beta_ = 0
PHY-3002 : Step(1): len = 72267.6, overlap = 0
PHY-3002 : Step(2): len = 49466.3, overlap = 0
PHY-3002 : Step(3): len = 34399, overlap = 0
PHY-3002 : Step(4): len = 26176.7, overlap = 0
PHY-3002 : Step(5): len = 22251.1, overlap = 0
PHY-3002 : Step(6): len = 19554.3, overlap = 0
PHY-3002 : Step(7): len = 18443.9, overlap = 0
PHY-3002 : Step(8): len = 17811.6, overlap = 0
PHY-3002 : Step(9): len = 17299, overlap = 0
PHY-3002 : Step(10): len = 15900.3, overlap = 0
PHY-3002 : Step(11): len = 14289.4, overlap = 0
PHY-3002 : Step(12): len = 13065.6, overlap = 0
PHY-3002 : Step(13): len = 12198.4, overlap = 0
PHY-3002 : Step(14): len = 12323.1, overlap = 0
PHY-3002 : Step(15): len = 12460.8, overlap = 0
PHY-3002 : Step(16): len = 11442.1, overlap = 0
PHY-3002 : Step(17): len = 11684.9, overlap = 0
PHY-3002 : Step(18): len = 11091.1, overlap = 0
PHY-3002 : Step(19): len = 10201.5, overlap = 0
PHY-3002 : Step(20): len = 10374.9, overlap = 0
PHY-3002 : Step(21): len = 9563.7, overlap = 0
PHY-3002 : Step(22): len = 9758.2, overlap = 0
PHY-3002 : Step(23): len = 9862, overlap = 0
PHY-3002 : Step(24): len = 9400.6, overlap = 0
PHY-3002 : Step(25): len = 8860.7, overlap = 0
PHY-3002 : Step(26): len = 9029.5, overlap = 0
PHY-3002 : Step(27): len = 7940.7, overlap = 0
PHY-3002 : Step(28): len = 7166.7, overlap = 0
PHY-3002 : Step(29): len = 7278.7, overlap = 0
PHY-3002 : Step(30): len = 7120.7, overlap = 0
PHY-3002 : Step(31): len = 6435.6, overlap = 0
PHY-3002 : Step(32): len = 6435.6, overlap = 0
PHY-3002 : Step(33): len = 6035.2, overlap = 0
PHY-3002 : Step(34): len = 6035.2, overlap = 0
PHY-3002 : Step(35): len = 5953.3, overlap = 0
PHY-3001 : Legalization ...
PHY-3001 : End legalization;  0.003512s wall, 0.000000s user + 0.000000s system = 0.000000s CPU (n/a%)

PHY-3001 : Run with size of 4
PHY-3001 : Cell area utilization is 1%
PHY-3001 : :::0::: Try harder cell spreading with beta_ = 0
PHY-3002 : Step(36): len = 5942.8, overlap = 0
PHY-3002 : Step(37): len = 6126, overlap = 0
PHY-3002 : Step(38): len = 6201.8, overlap = 0
PHY-3001 : Run with size of 2
PHY-3001 : Cell area utilization is 1%
PHY-3001 : :::0::: Try harder cell spreading with beta_ = 0
PHY-3002 : Step(39): len = 5806.1, overlap = 6.375
PHY-3002 : Step(40): len = 5902.4, overlap = 6.375
PHY-3002 : Step(41): len = 6003.6, overlap = 6.4375
OPT-1001 : Start physical optimization ...
OPT-1001 : Total overflow 21.34 peak overflow 2.19
OPT-1001 : Start high-fanout net optimization ...
OPT-1001 : Update timing in global mode
PHY-1001 : Start incremental global routing, caller is place ...
RUN-1001 : Generating global routing grids ...
RUN-1001 : Building simple global routing graph ...
PHY-1001 : Generate routing nets ...
PHY-1001 : Reuse net number 0/502.
PHY-1001 : Global iterations in 20 thread ...
PHY-1002 : len = 6048, over cnt = 14(0%), over = 28, worst = 6
PHY-1001 : End global iterations;  0.014942s wall, 0.000000s user + 0.000000s system = 0.000000s CPU (n/a%)

PHY-1001 : Congestion index: top1 = 9.08, top5 = 3.93, top10 = 2.04, top15 = 1.36.
PHY-1001 : End incremental global routing;  0.052598s wall, 0.015625s user + 0.000000s system = 0.015625s CPU (29.7%)

RUN-1002 : start command "start_timer -report"
TMR-5001 WARNING: No sdc constraints found while initiating timer.
TMR-2505 : Start building timing graph for model responder.
TMR-2506 : Build timing graph completely. Port num: 10, tpin num: 1692, tnet num: 500, tinst num: 367, tnode num: 2203, tedge num: 2742.
TMR-2508 : Levelizing timing graph completed, there are 25 levels in total.
TMR-2501 : Timing graph initialized successfully.
OPT-1001 : End timing update;  0.133219s wall, 0.031250s user + 0.000000s system = 0.031250s CPU (23.5%)

OPT-1001 : 0 high-fanout net processed.
OPT-1001 : End high-fanout net optimization;  0.189395s wall, 0.062500s user + 0.000000s system = 0.062500s CPU (33.0%)

OPT-1001 : Current memory(MB): used = 149, reserve = 119, peak = 149.
OPT-1001 : End physical optimization;  0.193350s wall, 0.062500s user + 0.000000s system = 0.062500s CPU (32.3%)

PHY-3001 : Start packing ...
SYN-4007 : Packing 0 MUX to BLE ...
SYN-4008 : Packed 0 MUX and 0 SEQ to BLE.
SYN-4007 : Packing 156 LUT to BLE ...
SYN-4008 : Packed 156 LUT and 67 SEQ to BLE.
SYN-4003 : Packing 57 remaining SEQ's ...
SYN-4005 : Packed 36 SEQ with LUT/SLICE
SYN-4006 : 57 single LUT's are left
SYN-4006 : 21 single SEQ's are left
SYN-4011 : Packing model "responder" (AL_USER_NORMAL) with 177/266 primitive instances ...
PHY-3001 : End packing;  0.007735s wall, 0.000000s user + 0.000000s system = 0.000000s CPU (n/a%)

PHY-1001 : Populate physical database on model responder.
RUN-1001 : There are total 188 instances
RUN-1001 : 76 mslices, 76 lslices, 29 pads, 0 brams, 0 dsps
RUN-1001 : There are total 444 nets
RUN-1001 : 237 nets have 2 pins
RUN-1001 : 177 nets have [3 - 5] pins
RUN-1001 : 20 nets have [6 - 10] pins
RUN-1001 : 5 nets have [11 - 20] pins
RUN-1001 : 3 nets have [21 - 99] pins
RUN-1001 : 2 nets have 100+ pins
PHY-3001 : design contains 186 instances, 152 slices, 6 macros(53 instances: 32 mslices 21 lslices)
PHY-3001 : Cell area utilization is 2%
PHY-3001 : After packing: Len = 6356.2, Over = 9.75
PHY-3001 : Run with size of 2
PHY-3001 : Cell area utilization is 2%
PHY-3001 : :::0::: Try harder cell spreading with beta_ = 0.000166968
PHY-3002 : Step(42): len = 6299, overlap = 8.75
PHY-3002 : Step(43): len = 6367.6, overlap = 9.25
PHY-3002 : Step(44): len = 6326, overlap = 8.5
PHY-3001 : :::1::: Try harder cell spreading with beta_ = 0.000333935
PHY-3002 : Step(45): len = 6024.2, overlap = 8.75
PHY-3002 : Step(46): len = 6049.9, overlap = 7.75
PHY-3002 : Step(47): len = 6082.1, overlap = 7
PHY-3001 : :::2::: Try harder cell spreading with beta_ = 0.000667871
PHY-3002 : Step(48): len = 5995.4, overlap = 8
PHY-3002 : Step(49): len = 6012.3, overlap = 8
PHY-3002 : Step(50): len = 6066.4, overlap = 8
PHY-3001 : Legalization ...
PHY-3001 : End legalization;  0.055952s wall, 0.000000s user + 0.000000s system = 0.000000s CPU (n/a%)

PHY-3001 : Trial Legalized: Len = 10459.3
PHY-3001 : Run with size of 2
PHY-3001 : Cell area utilization is 2%
PHY-3001 : :::0::: Try harder cell spreading with beta_ = 0
PHY-3002 : Step(51): len = 7733.8, overlap = 1.5
PHY-3002 : Step(52): len = 6749.6, overlap = 3.25
PHY-3002 : Step(53): len = 6151.3, overlap = 4.25
PHY-3002 : Step(54): len = 6023.2, overlap = 3.75
PHY-3002 : Step(55): len = 6023.8, overlap = 4
PHY-3002 : Step(56): len = 5981, overlap = 4.5
PHY-3002 : Step(57): len = 5981, overlap = 4.5
PHY-3002 : Step(58): len = 5865.4, overlap = 4.75
PHY-3002 : Step(59): len = 5865.4, overlap = 4.75
PHY-3002 : Step(60): len = 5876.5, overlap = 4.75
PHY-3002 : Step(61): len = 5876.5, overlap = 4.75
PHY-3002 : Step(62): len = 5831.2, overlap = 4.75
PHY-3002 : Step(63): len = 5839.3, overlap = 4.5
PHY-3002 : Step(64): len = 5839.3, overlap = 4.5
PHY-3001 : Legalization ...
PHY-3001 : End legalization;  0.004605s wall, 0.000000s user + 0.000000s system = 0.000000s CPU (n/a%)

PHY-3001 : Legalized: Len = 7885.5, Over = 0
PHY-3001 : Spreading special nets. 1 overflows in 2952 tiles.
PHY-3001 : End spreading;  0.001901s wall, 0.000000s user + 0.000000s system = 0.000000s CPU (n/a%)

PHY-3001 : 2 instances has been re-located, deltaX = 0, deltaY = 2, maxDist = 1.
PHY-3001 : Final: Len = 7887.5, Over = 0
OPT-1001 : Start physical optimization ...
OPT-1001 : Total overflow 0.00 peak overflow 0.00
OPT-1001 : Start high-fanout net optimization ...
OPT-1001 : Update timing in global mode
PHY-1001 : Start incremental global routing, caller is place ...
RUN-1001 : Generating global routing grids ...
PHY-1001 : Generate routing nets ...
PHY-1001 : Reuse net number 24/444.
PHY-1001 : Global iterations in 20 thread ...
PHY-1002 : len = 8352, over cnt = 26(0%), over = 42, worst = 5
PHY-1002 : len = 8632, over cnt = 13(0%), over = 14, worst = 2
PHY-1002 : len = 8776, over cnt = 4(0%), over = 4, worst = 1
PHY-1002 : len = 8824, over cnt = 1(0%), over = 1, worst = 1
PHY-1002 : len = 8840, over cnt = 0(0%), over = 0, worst = 0
PHY-1001 : End global iterations;  0.031263s wall, 0.000000s user + 0.000000s system = 0.000000s CPU (n/a%)

PHY-1001 : Congestion index: top1 = 13.94, top5 = 5.97, top10 = 3.14, top15 = 2.10.
PHY-1001 : End incremental global routing;  0.062889s wall, 0.000000s user + 0.015625s system = 0.015625s CPU (24.8%)

RUN-1002 : start command "start_timer -report"
TMR-5001 WARNING: No sdc constraints found while initiating timer.
TMR-2505 : Start building timing graph for model responder.
TMR-2506 : Build timing graph completely. Port num: 10, tpin num: 1456, tnet num: 442, tinst num: 186, tnode num: 1848, tedge num: 2465.
TMR-2508 : Levelizing timing graph completed, there are 25 levels in total.
TMR-2501 : Timing graph initialized successfully.
OPT-1001 : End timing update;  0.126687s wall, 0.046875s user + 0.000000s system = 0.046875s CPU (37.0%)

OPT-1001 : 0 high-fanout net processed.
OPT-1001 : End high-fanout net optimization;  0.193423s wall, 0.046875s user + 0.015625s system = 0.062500s CPU (32.3%)

OPT-1001 : Current memory(MB): used = 150, reserve = 120, peak = 150.
OPT-1001 : Update timing in Manhattan mode
OPT-1001 : End timing update;  0.000220s wall, 0.000000s user + 0.000000s system = 0.000000s CPU (n/a%)

OPT-1001 : Start pin optimization...
OPT-1001 : skip pin optimization...
RUN-1001 : Generating global routing grids ...
PHY-1001 : Generate routing nets ...
PHY-1001 : Reuse net number 324/444.
PHY-1001 : Global iterations in 20 thread ...
PHY-1002 : len = 8840, over cnt = 0(0%), over = 0, worst = 0
PHY-1001 : End global iterations;  0.001044s wall, 0.000000s user + 0.000000s system = 0.000000s CPU (n/a%)

PHY-1001 : Congestion index: top1 = 13.94, top5 = 5.97, top10 = 3.14, top15 = 2.10.
OPT-1001 : Update timing in Manhattan mode
OPT-1001 : End timing update;  0.000473s wall, 0.000000s user + 0.000000s system = 0.000000s CPU (n/a%)

RUN-1001 : QoR Analysis:
OPT-0007 :   WNS 2147483647 TNS 0 NUM_FEPS 0
RUN-1001 :   No local congestion issue, and most congested 1% tile average routing util is 13.482759
RUN-1001 :   Top critical paths
OPT-1001 : End physical optimization;  0.229222s wall, 0.078125s user + 0.015625s system = 0.093750s CPU (40.9%)

RUN-1003 : finish command "place" in  1.704341s wall, 0.187500s user + 0.046875s system = 0.234375s CPU (13.8%)

RUN-1004 : used memory is 132 MB, reserved memory is 102 MB, peak memory is 151 MB
RUN-1002 : start command "export_db responder_place.db"
RUN-1001 : Exported /
RUN-1001 : Exported flow parameters
RUN-1001 : Exported libs
RUN-1001 : Exported entities
RUN-1001 : Exported ports
RUN-1001 : Exported pins
RUN-1001 : Exported instances
RUN-1001 : Exported nets
RUN-1001 : Exported buses
RUN-1001 : Exported models
RUN-1001 : Exported congestions
RUN-1001 : Exported violations
RUN-1001 : Exported IO constraints
RUN-1001 : Exported Inst constraints
RUN-1002 : start command "route"
RUN-1001 : Open license file E:/TangDanasty/license/Anlogic.lic
RUN-1001 : Print Global Property
RUN-1001 : ---------------------------------------------------------------
RUN-1001 :        Parameters        |  Settings  |  Default Values  |  Note  
RUN-1001 : ---------------------------------------------------------------
RUN-1001 :          message         |  standard  |     standard     |        
RUN-1001 :   mixed_pack_place_flow  |     on     |        on        |        
RUN-1001 :        qor_monitor       |    off     |       off        |        
RUN-1001 :        syn_ip_flow       |    off     |       off        |        
RUN-1001 :          thread          |    auto    |       auto       |        
RUN-1001 : ---------------------------------------------------------------
RUN-1001 : Print Route Property
RUN-1001 : -------------------------------------------------------
RUN-1001 :    Parameters    |  Settings  |  Default Values  |  Note  
RUN-1001 : -------------------------------------------------------
RUN-1001 :      effort      |   medium   |      medium      |        
RUN-1001 :     fix_hold     |    off     |       off        |        
RUN-1001 :    opt_timing    |   medium   |      medium      |        
RUN-1001 :   phy_sim_model  |    off     |       off        |        
RUN-1001 :     priority     |   timing   |      timing      |        
RUN-1001 :     swap_pin     |     on     |        on        |        
RUN-1001 : -------------------------------------------------------
PHY-1001 : Route runs in 20 thread(s)
RUN-1001 : There are total 188 instances
RUN-1001 : 76 mslices, 76 lslices, 29 pads, 0 brams, 0 dsps
RUN-1001 : There are total 444 nets
RUN-1001 : 237 nets have 2 pins
RUN-1001 : 177 nets have [3 - 5] pins
RUN-1001 : 20 nets have [6 - 10] pins
RUN-1001 : 5 nets have [11 - 20] pins
RUN-1001 : 3 nets have [21 - 99] pins
RUN-1001 : 2 nets have 100+ pins
RUN-1002 : start command "start_timer -report"
TMR-5001 WARNING: No sdc constraints found while initiating timer.
TMR-2505 : Start building timing graph for model responder.
TMR-2506 : Build timing graph completely. Port num: 10, tpin num: 1456, tnet num: 442, tinst num: 186, tnode num: 1848, tedge num: 2465.
TMR-2508 : Levelizing timing graph completed, there are 25 levels in total.
TMR-2501 : Timing graph initialized successfully.
PHY-1001 : 76 mslices, 76 lslices, 29 pads, 0 brams, 0 dsps
TMR-2503 : Start to update net delay, extr mode = 3.
TMR-2504 : Update delay of 442 nets completely.
TMR-2502 : Annotate delay completely, extr mode = 3.
TMR-3002 : No user constraint, initiate default constraint.
TMR-1501 : Assign derive clock DeriveClock to 220 clock pins, and constraint 392 relative nodes.
TMR-3003 : Constraints initiated successfully.
TMR-3501 : Forward propagation: start to calculate arrival time...
TMR-3502 : Backward propagation: start to calculate required time...
TMR-3503 : Timing propagation completes.
PHY-1001 : Start global routing, caller is route ...
RUN-1001 : Generating global routing grids ...
PHY-1001 : Generate routing nets ...
PHY-1001 : Global iterations in 20 thread ...
PHY-1002 : len = 8312, over cnt = 26(0%), over = 42, worst = 5
PHY-1002 : len = 8592, over cnt = 13(0%), over = 14, worst = 2
PHY-1002 : len = 8768, over cnt = 2(0%), over = 2, worst = 1
PHY-1002 : len = 8792, over cnt = 0(0%), over = 0, worst = 0
PHY-1001 : End global iterations;  0.028835s wall, 0.000000s user + 0.000000s system = 0.000000s CPU (n/a%)

PHY-1001 : Congestion index: top1 = 13.99, top5 = 5.90, top10 = 3.11, top15 = 2.07.
PHY-1001 : End global routing;  0.060792s wall, 0.000000s user + 0.000000s system = 0.000000s CPU (n/a%)

PHY-1001 : Start detail routing ...
PHY-1001 : Current memory(MB): used = 185, reserve = 156, peak = 196.
PHY-1001 : Detailed router is running in normal mode.
PHY-1001 : Generate detailed routing grids ...
PHY-1001 : Processed IO instance DigitronCS_Out[3]_syn_2 with INV attribute.
PHY-1001 : Processed IO instance DigitronCS_Out[2]_syn_2 with INV attribute.
PHY-1001 : Processed IO instance DigitronCS_Out[1]_syn_2 with INV attribute.
PHY-1001 : Processed IO instance DigitronCS_Out[0]_syn_2 with INV attribute.
PHY-1001 : Processed IO instance Digitron_Out[6]_syn_2 with INV attribute.
PHY-1001 : Processed IO instance Digitron_Out[5]_syn_2 with INV attribute.
PHY-1001 : Processed IO instance Digitron_Out[4]_syn_2 with INV attribute.
PHY-1001 : Processed IO instance Digitron_Out[3]_syn_2 with INV attribute.
PHY-1001 : Processed IO instance Digitron_Out[2]_syn_2 with INV attribute.
PHY-1001 : Processed IO instance Digitron_Out[1]_syn_2 with INV attribute.
PHY-1001 : Processed IO instance Digitron_Out[0]_syn_2 with INV attribute.
PHY-1001 : Generate nets ...
PHY-1001 : net CLK_dup_1 will be routed on clock mesh
PHY-1001 : clock net U2/CLK1_syn_4 will be merged with clock U2/CLK1
PHY-1001 : clock net U4/W_Digitron_Out_n_syn_2 will be merged with clock U4/W_Digitron_Out_n
PHY-1001 : clock net U4/SingleNum_b_n4_syn_10 will be merged with clock U4/SingleNum_b_n4
PHY-1001 : clock net U4/W_DigitronCS_Out_n_syn_4 will be merged with clock U4/W_DigitronCS_Out_n
PHY-1001 : Current memory(MB): used = 446, reserve = 421, peak = 446.
PHY-1001 : End build detailed router design. 2.701783s wall, 1.250000s user + 0.046875s system = 1.296875s CPU (48.0%)

PHY-1001 : Detail Route ...
PHY-1001 : ===== Detail Route Phase 1 =====
PHY-1001 : Clock net routing.....
PHY-1001 : Routed 1% nets.
PHY-1022 : len = 12040, over cnt = 0(0%), over = 0, worst = 0, crit = 0
PHY-1001 : End initial clock net routed; 0.889683s wall, 0.312500s user + 0.000000s system = 0.312500s CPU (35.1%)

PHY-1001 : Current memory(MB): used = 476, reserve = 452, peak = 476.
PHY-1001 : End phase 1; 0.895290s wall, 0.328125s user + 0.000000s system = 0.328125s CPU (36.7%)

PHY-1001 : ===== Detail Route Phase 2 =====
PHY-1001 : Initial routing.....
PHY-1001 : Routed 31% nets.
PHY-1001 : Routed 35% nets.
PHY-1001 : Routed 44% nets.
PHY-1001 : Routed 56% nets.
PHY-1001 : Routed 81% nets.
PHY-1022 : len = 32944, over cnt = 6(0%), over = 6, worst = 1, crit = 0
PHY-1001 : Current memory(MB): used = 476, reserve = 452, peak = 476.
PHY-1001 : End initial routed; 0.140833s wall, 0.046875s user + 0.015625s system = 0.062500s CPU (44.4%)

PHY-1001 : Current memory(MB): used = 476, reserve = 452, peak = 476.
PHY-1001 : End phase 2; 0.140880s wall, 0.046875s user + 0.015625s system = 0.062500s CPU (44.4%)

PHY-1001 : ===== Detail Route Phase 3 =====
PHY-1001 : Ripup-reroute.....
PHY-1001 : ===== DR Iter 1 =====
PHY-1022 : len = 32968, over cnt = 0(0%), over = 0, worst = 0, crit = 0
PHY-1001 : End DR Iter 1; 0.011001s wall, 0.000000s user + 0.000000s system = 0.000000s CPU (n/a%)

PHY-1001 : Commit to database.....
PHY-1001 : 0 feed throughs used by 0 nets
PHY-1001 : End commit to database; 0.033351s wall, 0.000000s user + 0.000000s system = 0.000000s CPU (n/a%)

PHY-1001 : Current memory(MB): used = 486, reserve = 461, peak = 486.
PHY-1001 : End phase 3; 0.126582s wall, 0.015625s user + 0.000000s system = 0.015625s CPU (12.3%)

PHY-1003 : Routed, final wirelength = 32968
PHY-1001 : Current memory(MB): used = 486, reserve = 461, peak = 486.
PHY-1001 : End export database. 0.004671s wall, 0.000000s user + 0.000000s system = 0.000000s CPU (n/a%)

PHY-1001 : End detail routing;  4.025149s wall, 1.671875s user + 0.062500s system = 1.734375s CPU (43.1%)

RUN-1003 : finish command "route" in  4.249341s wall, 1.703125s user + 0.062500s system = 1.765625s CPU (41.6%)

RUN-1004 : used memory is 421 MB, reserved memory is 395 MB, peak memory is 486 MB
RUN-1002 : start command "report_area -io_info -file responder_phy.area"
RUN-1001 : standard
***Report Model: responder Device: EG4S20BG256***

IO Statistics
#IO                        29
  #input                    7
  #output                  22
  #inout                    0

Utilization Statistics
#lut                      264   out of  19600    1.35%
#reg                      168   out of  19600    0.86%
#le                       285
  #lut only               117   out of    285   41.05%
  #reg only                21   out of    285    7.37%
  #lut&reg                147   out of    285   51.58%
#dsp                        0   out of     29    0.00%
#bram                       0   out of     64    0.00%
  #bram9k                   0
  #fifo9k                   0
#bram32k                    0   out of     16    0.00%
#pad                       29   out of    188   15.43%
  #ireg                     4
  #oreg                    16
  #treg                     0
#pll                        0   out of      4    0.00%
#gclk                       4   out of     16   25.00%

Clock Resource Statistics
Index     ClockNet                 Type               DriverType         Driver                   Fanout
#1        CLK_dup_1                GCLK               io                 CLK_syn_2.di             102
#2        U4/W_DigitronCS_Out_n    GCLK               mslice             U4/reg2_syn_30.f0        7
#3        U4/W_Digitron_Out_n      GCLK               mslice             U4/mux1_syn_5.f1         7
#4        U2/CLK1                  GCLK               mslice             U2/CLK1_reg_syn_38.q0    2
#5        U4/SingleNum_b_n4        GCLK               lslice             U4/sel2_syn_63.f0        2


Detailed IO Report

        Name           Direction    Location    IOStandard    DriveStrength    PullType    PackReg  
         CLK             INPUT         R7        LVCMOS33          N/A          PULLUP      NONE    
      Key_In[3]          INPUT        F10        LVCMOS33          N/A          PULLUP      IREG    
      Key_In[2]          INPUT        C11        LVCMOS33          N/A          PULLUP      IREG    
      Key_In[1]          INPUT        D11        LVCMOS33          N/A          PULLUP      IREG    
      Key_In[0]          INPUT        E11        LVCMOS33          N/A          PULLUP      IREG    
        RSTn             INPUT         A9        LVCMOS33          N/A          PULLUP      NONE    
        Start            INPUT        A10        LVCMOS33          N/A          PULLUP      NONE    
     Buzzer_Out         OUTPUT        H11        LVCMOS33           8            NONE       OREG    
  DigitronCS_Out[3]     OUTPUT         A3        LVCMOS33           8            NONE       OREG    
  DigitronCS_Out[2]     OUTPUT         A5        LVCMOS33           8            NONE       OREG    
  DigitronCS_Out[1]     OUTPUT         B6        LVCMOS33           8            NONE       OREG    
  DigitronCS_Out[0]     OUTPUT         C9        LVCMOS33           8            NONE       OREG    
   Digitron_Out[7]      OUTPUT         C8        LVCMOS33           8            NONE       NONE    
   Digitron_Out[6]      OUTPUT         A8        LVCMOS33           8            NONE       OREG    
   Digitron_Out[5]      OUTPUT         B5        LVCMOS33           8            NONE       OREG    
   Digitron_Out[4]      OUTPUT         A7        LVCMOS33           8            NONE       OREG    
   Digitron_Out[3]      OUTPUT         E8        LVCMOS33           8            NONE       OREG    
   Digitron_Out[2]      OUTPUT         B8        LVCMOS33           8            NONE       OREG    
   Digitron_Out[1]      OUTPUT         A6        LVCMOS33           8            NONE       OREG    
   Digitron_Out[0]      OUTPUT         A4        LVCMOS33           8            NONE       OREG    
     Key_Row[3]         OUTPUT        E10        LVCMOS33           8            NONE       NONE    
     Key_Row[2]         OUTPUT        C10        LVCMOS33           8            NONE       NONE    
     Key_Row[1]         OUTPUT         F9        LVCMOS33           8            NONE       NONE    
     Key_Row[0]         OUTPUT         D9        LVCMOS33           8            NONE       NONE    
     LED_Out[3]         OUTPUT        C15        LVCMOS33           8            NONE       OREG    
     LED_Out[2]         OUTPUT        B16        LVCMOS33           8            NONE       OREG    
     LED_Out[1]         OUTPUT        B15        LVCMOS33           8            NONE       OREG    
     LED_Out[0]         OUTPUT        B14        LVCMOS33           8            NONE       OREG    
  LED_OverTime_Out      OUTPUT        F16        LVCMOS33           8            NONE       NONE    

Report Hierarchy Area:
+-----------------------------------------------------------------------------------+
|Instance |Module              |le     |lut     |ripple  |seq     |bram    |dsp     |
+-----------------------------------------------------------------------------------+
|top      |responder           |285    |211     |53      |188     |0       |0       |
|  U1     |Sel_module          |102    |72      |14      |62      |0       |0       |
|  U2     |Timer_module        |43     |34      |7       |30      |0       |0       |
|  U3     |Buzzer_module       |52     |39      |12      |26      |0       |0       |
|  U4     |Digitron_NumDisplay |54     |45      |9       |26      |0       |0       |
|  U5     |key_filter          |34     |21      |11      |24      |0       |0       |
+-----------------------------------------------------------------------------------+


DataNet Average Fanout:

   Index     Fanout    Nets  
    #1         1       208   
    #2         2       140   
    #3         3        21   
    #4         4        14   
    #5        5-10      19   
    #6       11-50      5    
  Average     2.03           

RUN-1002 : start command "export_db responder_pr.db"
RUN-1001 : Exported /
RUN-1001 : Exported flow parameters
RUN-1001 : Exported libs
RUN-1001 : Exported entities
RUN-1001 : Exported ports
RUN-1001 : Exported pins
RUN-1001 : Exported instances
RUN-1001 : Exported nets
RUN-1001 : Exported buses
RUN-1001 : Exported models
RUN-1001 : Exported congestions
RUN-1001 : Exported violations
RUN-1001 : Exported IO constraints
RUN-1001 : Exported Inst constraints
RUN-1002 : start command "export_bid responder_inst.bid"
RUN-1002 : start command "bitgen -bit responder.bit -unused_io_status pulldown"
BIT-1003 : Start to generate bitstream. 
BIT-1002 : Bitgen processed 159 unused pads, reserve input tri_state with pulldown
BIT-1002 : Init instances with 20 threads.
BIT-1002 : Init instances completely, inst num: 345
BIT-1002 : Init pips with 20 threads.
BIT-1002 : Init pips completely, net num: 444, pip num: 2881
BIT-1003 : Multithreading accelaration with 20 threads.
BIT-1003 : Generate bitstream completely, there are 663 valid insts, and 9176 bits set as '1'.
BIT-1004 : PLL setting string = 0000
BIT-1004 : Generate bits file responder.bit.
RUN-1003 : finish command "bitgen -bit responder.bit -unused_io_status pulldown" in  1.083294s wall, 5.421875s user + 0.031250s system = 5.453125s CPU (503.4%)

RUN-1004 : used memory is 427 MB, reserved memory is 406 MB, peak memory is 643 MB
RUN-1002 : start command "backup_run_log run.log ../.logs/phy_1/td_20240826_195456.log"
