============================================================
   Tang Dynasty, V5.6.71036
      Copyright (c) 2012-2023 Anlogic Inc.
   Executable = C:/Anlogic/TD5.6.2/bin/td.exe
   Built at =   20:34:38 Mar 21 2023
   Run by =     Lenovo
   Run Date =   Wed Aug 28 10:27:42 2024

   Run on =     LAPTOP-QRG7LJL6
============================================================
RUN-1002 : start command "open_project rx_top.prj"
RUN-1001 : Print Global Property
RUN-1001 : ---------------------------------------------------------------
RUN-1001 :        Parameters        |  Settings  |  Default Values  |  Note  
RUN-1001 : ---------------------------------------------------------------
RUN-1001 :          message         |  standard  |     standard     |        
RUN-1001 :   mixed_pack_place_flow  |     on     |        on        |        
RUN-1001 :        qor_monitor       |    off     |       off        |        
RUN-1001 :        syn_ip_flow       |    off     |       off        |        
RUN-1001 :          thread          |    auto    |       auto       |        
RUN-1001 : ---------------------------------------------------------------
RUN-1001 : Print Design Property
RUN-1001 : --------------------------------------------------------------
RUN-1001 :        Parameters       |  Settings  |  Default Values  |  Note  
RUN-1001 : --------------------------------------------------------------
RUN-1001 :   default_reg_initial   |    auto    |       auto       |        
RUN-1001 :        infer_add        |     on     |        on        |        
RUN-1001 :        infer_fsm        |    off     |       off        |        
RUN-1001 :        infer_mult       |     on     |        on        |        
RUN-1001 :        infer_ram        |     on     |        on        |        
RUN-1001 :        infer_reg        |     on     |        on        |        
RUN-1001 :   infer_reg_init_value  |     on     |        on        |        
RUN-1001 :        infer_rom        |     on     |        on        |        
RUN-1001 :      infer_shifter      |     on     |        on        |        
RUN-1001 : --------------------------------------------------------------
RUN-1001 : Print Rtl Property
RUN-1001 : --------------------------------------------------------------
RUN-1001 :        Parameters       |  Settings  |  Default Values  |  Note  
RUN-1001 : --------------------------------------------------------------
RUN-1001 :       compress_add      |   ripple   |      ripple      |        
RUN-1001 :        elf_sload        |    off     |       off        |        
RUN-1001 :       fix_undriven      |     0      |        0         |        
RUN-1001 :         flatten         |    off     |       off        |        
RUN-1001 :       gate_sharing      |     on     |        on        |        
RUN-1001 :    hdl_warning_level    |   normal   |      normal      |        
RUN-1001 :   impl_internal_tribuf  |     on     |        on        |        
RUN-1001 :      impl_set_reset     |     on     |        on        |        
RUN-1001 :        infer_gsr        |    off     |       off        |        
RUN-1001 :      keep_hierarchy     |    auto    |       auto       |        
RUN-1001 :        max_fanout       |    9999    |       9999       |        
RUN-1001 :      max_oh2bin_len     |     10     |        10        |        
RUN-1001 :       merge_equal       |     on     |        on        |        
RUN-1001 :       merge_equiv       |     on     |        on        |        
RUN-1001 :        merge_mux        |    off     |       off        |        
RUN-1001 :     min_control_set     |     8      |        8         |        
RUN-1001 :      min_ripple_len     |    auto    |       auto       |        
RUN-1001 :       oh2bin_ratio      |    0.08    |       0.08       |        
RUN-1001 :     opt_adder_fanout    |     on     |        on        |        
RUN-1001 :        opt_arith        |     on     |        on        |        
RUN-1001 :       opt_big_gate      |    off     |       off        |        
RUN-1001 :        opt_const        |     on     |        on        |        
RUN-1001 :      opt_const_mult     |     on     |        on        |        
RUN-1001 :       opt_lessthan      |     on     |        on        |        
RUN-1001 :         opt_mux         |    off     |       off        |        
RUN-1001 :         opt_ram         |    high    |       high       |        
RUN-1001 :      rtl_sim_model      |    off     |       off        |        
RUN-1001 :         seq_syn         |     on     |        on        |        
RUN-1001 : --------------------------------------------------------------
HDL-1007 : analyze verilog file ../../Digitron_NumDisplay.v
HDL-1007 : analyze verilog file ../../LED_display_module.v
HDL-5007 WARNING: empty port in module declaration in ../../LED_display_module.v(3)
HDL-1007 : analyze verilog file ../../detect_module.v
HDL-1007 : analyze verilog file ../../rx_bps_module.v
HDL-1007 : analyze verilog file ../../rx_control_module.v
HDL-1007 : analyze verilog file ../../rx_top.v
HDL-1007 : analyze verilog file ../../tx_control.v
HDL-1007 : analyze verilog file ../../calculate_rx.v
HDL-1007 : analyze verilog file ../../tx_bitrate.v
RUN-1001 : Project manager successfully analyzed 9 source files.
RUN-1002 : start command "import_device eagle_s20.db -package EG4S20BG256"
ARC-1001 : Device Initialization.
ARC-1001 : ------------------------------------------------------------------
ARC-1001 :            OPTION            |          IO          |   SETTING   
ARC-1001 : ------------------------------------------------------------------
ARC-1001 :   cso_b/cclk/mosi/miso/dout  |  T3/R11/T10/P10/S11  |    gpio    
ARC-1001 :             done             |         P13          |    gpio    
ARC-1001 :           program_b          |          T2          |  dedicate  
ARC-1001 :        tdi/tms/tck/tdo       |   C12/A15/C14/E14    |  dedicate  
ARC-1001 : ------------------------------------------------------------------
ARC-1004 : Device setting, marked 5 dedicate IOs in total.
RUN-1002 : start command "elaborate -top rx_top"
RUN-1001 : Print Design Property
RUN-1001 : --------------------------------------------------------------
RUN-1001 :        Parameters       |  Settings  |  Default Values  |  Note  
RUN-1001 : --------------------------------------------------------------
RUN-1001 :   default_reg_initial   |    auto    |       auto       |        
RUN-1001 :        infer_add        |     on     |        on        |        
RUN-1001 :        infer_fsm        |    off     |       off        |        
RUN-1001 :        infer_mult       |     on     |        on        |        
RUN-1001 :        infer_ram        |     on     |        on        |        
RUN-1001 :        infer_reg        |     on     |        on        |        
RUN-1001 :   infer_reg_init_value  |     on     |        on        |        
RUN-1001 :        infer_rom        |     on     |        on        |        
RUN-1001 :      infer_shifter      |     on     |        on        |        
RUN-1001 : --------------------------------------------------------------
RUN-1001 : Print Rtl Property
RUN-1001 : --------------------------------------------------------------
RUN-1001 :        Parameters       |  Settings  |  Default Values  |  Note  
RUN-1001 : --------------------------------------------------------------
RUN-1001 :       compress_add      |   ripple   |      ripple      |        
RUN-1001 :        elf_sload        |    off     |       off        |        
RUN-1001 :       fix_undriven      |     0      |        0         |        
RUN-1001 :         flatten         |    off     |       off        |        
RUN-1001 :       gate_sharing      |     on     |        on        |        
RUN-1001 :    hdl_warning_level    |   normal   |      normal      |        
RUN-1001 :   impl_internal_tribuf  |     on     |        on        |        
RUN-1001 :      impl_set_reset     |     on     |        on        |        
RUN-1001 :        infer_gsr        |    off     |       off        |        
RUN-1001 :      keep_hierarchy     |    auto    |       auto       |        
RUN-1001 :        max_fanout       |    9999    |       9999       |        
RUN-1001 :      max_oh2bin_len     |     10     |        10        |        
RUN-1001 :       merge_equal       |     on     |        on        |        
RUN-1001 :       merge_equiv       |     on     |        on        |        
RUN-1001 :        merge_mux        |    off     |       off        |        
RUN-1001 :     min_control_set     |     8      |        8         |        
RUN-1001 :      min_ripple_len     |    auto    |       auto       |        
RUN-1001 :       oh2bin_ratio      |    0.08    |       0.08       |        
RUN-1001 :     opt_adder_fanout    |     on     |        on        |        
RUN-1001 :        opt_arith        |     on     |        on        |        
RUN-1001 :       opt_big_gate      |    off     |       off        |        
RUN-1001 :        opt_const        |     on     |        on        |        
RUN-1001 :      opt_const_mult     |     on     |        on        |        
RUN-1001 :       opt_lessthan      |     on     |        on        |        
RUN-1001 :         opt_mux         |    off     |       off        |        
RUN-1001 :         opt_ram         |    high    |       high       |        
RUN-1001 :      rtl_sim_model      |    off     |       off        |        
RUN-1001 :         seq_syn         |     on     |        on        |        
RUN-1001 : --------------------------------------------------------------
RUN-1001 : Print Global Property
RUN-1001 : ---------------------------------------------------------------
RUN-1001 :        Parameters        |  Settings  |  Default Values  |  Note  
RUN-1001 : ---------------------------------------------------------------
RUN-1001 :          message         |  standard  |     standard     |        
RUN-1001 :   mixed_pack_place_flow  |     on     |        on        |        
RUN-1001 :        qor_monitor       |    off     |       off        |        
RUN-1001 :        syn_ip_flow       |    off     |       off        |        
RUN-1001 :          thread          |    auto    |       auto       |        
RUN-1001 : ---------------------------------------------------------------
RUN-1001 : Print Design Property
RUN-1001 : --------------------------------------------------------------
RUN-1001 :        Parameters       |  Settings  |  Default Values  |  Note  
RUN-1001 : --------------------------------------------------------------
RUN-1001 :   default_reg_initial   |    auto    |       auto       |        
RUN-1001 :        infer_add        |     on     |        on        |        
RUN-1001 :        infer_fsm        |    off     |       off        |        
RUN-1001 :        infer_mult       |     on     |        on        |        
RUN-1001 :        infer_ram        |     on     |        on        |        
RUN-1001 :        infer_reg        |     on     |        on        |        
RUN-1001 :   infer_reg_init_value  |     on     |        on        |        
RUN-1001 :        infer_rom        |     on     |        on        |        
RUN-1001 :      infer_shifter      |     on     |        on        |        
RUN-1001 : --------------------------------------------------------------
HDL-1007 : elaborate module rx_top in ../../rx_top.v(1)
HDL-1007 : elaborate module detect_module in ../../detect_module.v(1)
HDL-1007 : elaborate module rx_bps_module in ../../rx_bps_module.v(1)
HDL-1007 : elaborate module rx_control_module in ../../rx_control_module.v(1)
HDL-1007 : elaborate module LED_display_module in ../../LED_display_module.v(1)
HDL-1007 : elaborate module Digitron_NumDisplay in ../../Digitron_NumDisplay.v(1)
HDL-5007 WARNING: latch inferred for net 'W_DigitronCS_Out[3]' in ../../Digitron_NumDisplay.v(32)
HDL-7007 CRITICAL-WARNING: 'units' should be on the sensitivity list in ../../Digitron_NumDisplay.v(62)
HDL-7007 CRITICAL-WARNING: 'tens' should be on the sensitivity list in ../../Digitron_NumDisplay.v(63)
HDL-7007 CRITICAL-WARNING: 'hundreds' should be on the sensitivity list in ../../Digitron_NumDisplay.v(64)
HDL-5007 WARNING: latch inferred for net 'SingleNum[3]' in ../../Digitron_NumDisplay.v(59)
HDL-1007 : elaborate module calculate_rx in ../../calculate_rx.v(1)
HDL-1007 : elaborate module tx_bitrate in ../../tx_bitrate.v(1)
HDL-1007 : elaborate module uart_tx in ../../tx_control.v(1)
HDL-5001 WARNING: Contains anonymous inst(s) and/or net(s) that have not been renamed
HDL-5001 WARNING: Contains anonymous inst(s) and/or net(s) that have not been renamed
HDL-1200 : Current top model is rx_top
HDL-1100 : Inferred 0 RAMs.
RUN-1002 : start command "export_db rx_top_elaborate.db"
RUN-1001 : Exported /
RUN-1001 : Exported flow parameters
RUN-1001 : Exported libs
RUN-1001 : Exported entities
RUN-1001 : Exported ports
RUN-1001 : Exported pins
RUN-1001 : Exported instances
RUN-1001 : Exported nets
RUN-1001 : Exported buses
RUN-1001 : Exported models
RUN-1001 : Exported congestions
RUN-1001 : Exported violations
RUN-1001 : Exported IO constraints
RUN-1001 : Exported Inst constraints
RUN-1002 : start command "read_adc ../../rx_top.adc"
RUN-1002 : start command "set_pin_assignment  CLK   LOCATION = R7; IOSTANDARD = LVCMOS33; "
RUN-1002 : start command "set_pin_assignment  LED_Out[0]   LOCATION = B14; IOSTANDARD = LVCMOS33; "
RUN-1002 : start command "set_pin_assignment  LED_Out[1]   LOCATION = B15; IOSTANDARD = LVCMOS33; "
RUN-1002 : start command "set_pin_assignment  LED_Out[2]   LOCATION = B16; IOSTANDARD = LVCMOS33; "
RUN-1002 : start command "set_pin_assignment  LED_Out[3]   LOCATION = C15; IOSTANDARD = LVCMOS33; "
RUN-1002 : start command "set_pin_assignment  LED_Out[4]   LOCATION = C16; IOSTANDARD = LVCMOS33; "
RUN-1002 : start command "set_pin_assignment  LED_Out[5]   LOCATION = E13; IOSTANDARD = LVCMOS33; "
RUN-1002 : start command "set_pin_assignment  LED_Out[6]   LOCATION = E16; IOSTANDARD = LVCMOS33; "
RUN-1002 : start command "set_pin_assignment  LED_Out[7]   LOCATION = F16; IOSTANDARD = LVCMOS33; "
RUN-1002 : start command "set_pin_assignment  DigitronCS_Out[0]   LOCATION = C9; IOSTANDARD = LVCMOS33; "
RUN-1002 : start command "set_pin_assignment  DigitronCS_Out[1]   LOCATION = B6; IOSTANDARD = LVCMOS33; "
RUN-1002 : start command "set_pin_assignment  DigitronCS_Out[2]   LOCATION = A5; IOSTANDARD = LVCMOS33; "
RUN-1002 : start command "set_pin_assignment  DigitronCS_Out[3]   LOCATION = A3; IOSTANDARD = LVCMOS33; "
RUN-1002 : start command "set_pin_assignment  Digitron_Out[0]   LOCATION = A4; IOSTANDARD = LVCMOS33; "
RUN-1002 : start command "set_pin_assignment  Digitron_Out[1]   LOCATION = A6; IOSTANDARD = LVCMOS33; "
RUN-1002 : start command "set_pin_assignment  Digitron_Out[2]   LOCATION = B8; IOSTANDARD = LVCMOS33; "
RUN-1002 : start command "set_pin_assignment  Digitron_Out[3]   LOCATION = E8; IOSTANDARD = LVCMOS33; "
RUN-1002 : start command "set_pin_assignment  Digitron_Out[4]   LOCATION = A7; IOSTANDARD = LVCMOS33; "
RUN-1002 : start command "set_pin_assignment  Digitron_Out[5]   LOCATION = B5; IOSTANDARD = LVCMOS33; "
RUN-1002 : start command "set_pin_assignment  Digitron_Out[6]   LOCATION = A8; IOSTANDARD = LVCMOS33; "
RUN-1002 : start command "set_pin_assignment  Digitron_Out[7]   LOCATION = C8; IOSTANDARD = LVCMOS33; "
RUN-1002 : start command "set_pin_assignment  RSTn   LOCATION = A9; IOSTANDARD = LVCMOS33; "
RUN-1002 : start command "set_pin_assignment  RX_En_Sig   LOCATION = A10; IOSTANDARD = LVCMOS33; "
RUN-1002 : start command "set_pin_assignment  RX_Pin_In   LOCATION = F12; IOSTANDARD = LVCMOS33; "
RUN-1002 : start command "set_pin_assignment  TX_Pin_Out   LOCATION = D12; IOSTANDARD = LVCMOS33; "
RUN-1001 : Starting of IO setups legality check.
RUN-1001 : Starting of IO setups legality check.
RUN-1001 : Starting of IO vref setups legality check.
RUN-1002 : start command "optimize_rtl"
RUN-1001 : Open license file C:/Anlogic/TD5.6.2/license/Anlogic.lic
RUN-1001 : Print Global Property
RUN-1001 : ---------------------------------------------------------------
RUN-1001 :        Parameters        |  Settings  |  Default Values  |  Note  
RUN-1001 : ---------------------------------------------------------------
RUN-1001 :          message         |  standard  |     standard     |        
RUN-1001 :   mixed_pack_place_flow  |     on     |        on        |        
RUN-1001 :        qor_monitor       |    off     |       off        |        
RUN-1001 :        syn_ip_flow       |    off     |       off        |        
RUN-1001 :          thread          |    auto    |       auto       |        
RUN-1001 : ---------------------------------------------------------------
RUN-1001 : Print Rtl Property
RUN-1001 : --------------------------------------------------------------
RUN-1001 :        Parameters       |  Settings  |  Default Values  |  Note  
RUN-1001 : --------------------------------------------------------------
RUN-1001 :       compress_add      |   ripple   |      ripple      |        
RUN-1001 :        elf_sload        |    off     |       off        |        
RUN-1001 :       fix_undriven      |     0      |        0         |        
RUN-1001 :         flatten         |    off     |       off        |        
RUN-1001 :       gate_sharing      |     on     |        on        |        
RUN-1001 :    hdl_warning_level    |   normal   |      normal      |        
RUN-1001 :   impl_internal_tribuf  |     on     |        on        |        
RUN-1001 :      impl_set_reset     |     on     |        on        |        
RUN-1001 :        infer_gsr        |    off     |       off        |        
RUN-1001 :      keep_hierarchy     |    auto    |       auto       |        
RUN-1001 :        max_fanout       |    9999    |       9999       |        
RUN-1001 :      max_oh2bin_len     |     10     |        10        |        
RUN-1001 :       merge_equal       |     on     |        on        |        
RUN-1001 :       merge_equiv       |     on     |        on        |        
RUN-1001 :        merge_mux        |    off     |       off        |        
RUN-1001 :     min_control_set     |     8      |        8         |        
RUN-1001 :      min_ripple_len     |    auto    |       auto       |        
RUN-1001 :       oh2bin_ratio      |    0.08    |       0.08       |        
RUN-1001 :     opt_adder_fanout    |     on     |        on        |        
RUN-1001 :        opt_arith        |     on     |        on        |        
RUN-1001 :       opt_big_gate      |    off     |       off        |        
RUN-1001 :        opt_const        |     on     |        on        |        
RUN-1001 :      opt_const_mult     |     on     |        on        |        
RUN-1001 :       opt_lessthan      |     on     |        on        |        
RUN-1001 :         opt_mux         |    off     |       off        |        
RUN-1001 :         opt_ram         |    high    |       high       |        
RUN-1001 :      rtl_sim_model      |    off     |       off        |        
RUN-1001 :         seq_syn         |     on     |        on        |        
RUN-1001 : --------------------------------------------------------------
SYN-1012 : SanityCheck: Model "rx_top"
SYN-1012 : SanityCheck: Model "detect_module"
SYN-1012 : SanityCheck: Model "rx_bps_module"
SYN-1012 : SanityCheck: Model "rx_control_module"
SYN-1012 : SanityCheck: Model "LED_display_module"
SYN-1012 : SanityCheck: Model "Digitron_NumDisplay"
SYN-1012 : SanityCheck: Model "calculate_rx"
SYN-1012 : SanityCheck: Model "tx_bitrate"
SYN-1012 : SanityCheck: Model "uart_tx"
SYN-1011 : Flatten model rx_top
SYN-1032 : 1732/93 useful/useless nets, 861/0 useful/useless insts
SYN-1001 : Bypass 1 mux instances
SYN-1001 : Optimize 49 less-than instances
SYN-1016 : Merged 119 instances.
SYN-1032 : 675/849 useful/useless nets, 280/469 useful/useless insts
SYN-1016 : Merged 35 instances.
SYN-5015 WARNING: Found latch in "rx_top", name: "U5/reg1_syn_2", d: "U5/SingleNum_b[0]", q: "U5/SingleNum[0]" // ../../Digitron_NumDisplay.v(59)
SYN-5015 WARNING: Found latch in "rx_top", name: "U5/reg1_syn_3", d: "U5/SingleNum_b[1]", q: "U5/SingleNum[1]" // ../../Digitron_NumDisplay.v(59)
SYN-5015 WARNING: Found latch in "rx_top", name: "U5/reg1_syn_4", d: "U5/SingleNum_b[2]", q: "U5/SingleNum[2]" // ../../Digitron_NumDisplay.v(59)
SYN-5015 WARNING: Found latch in "rx_top", name: "U5/reg1_syn_5", d: "U5/SingleNum_b[3]", q: "U5/SingleNum[3]" // ../../Digitron_NumDisplay.v(59)
SYN-5015 WARNING: Found latch in "rx_top", name: "U5/reg2_syn_2", d: "U5/W_DigitronCS_Out_b[0]", q: "DigitronCS_Out[0]" // ../../Digitron_NumDisplay.v(32)
SYN-5015 WARNING: Found latch in "rx_top", name: "U5/reg2_syn_3", d: "U5/W_DigitronCS_Out_b[1]", q: "DigitronCS_Out[1]" // ../../Digitron_NumDisplay.v(32)
SYN-5015 WARNING: Found latch in "rx_top", name: "U5/reg2_syn_4", d: "U5/W_DigitronCS_Out_b[2]", q: "DigitronCS_Out[2]" // ../../Digitron_NumDisplay.v(32)
SYN-5015 WARNING: Found latch in "rx_top", name: "U5/reg2_syn_5", d: "U5/W_DigitronCS_Out_b[3]", q: "DigitronCS_Out[3]" // ../../Digitron_NumDisplay.v(32)
SYN-5025 WARNING: Using 0 for all undriven pins and nets
SYN-1032 : 674/0 useful/useless nets, 549/19 useful/useless insts
SYN-1014 : Optimize round 1
SYN-1019 : Optimized 5 mux instances.
SYN-1020 : Optimized 60 distributor mux.
SYN-1001 : Optimize 4 less-than instances
SYN-1019 : Optimized 24 mux instances.
SYN-1016 : Merged 73 instances.
SYN-1015 : Optimize round 1, 365 better
SYN-1014 : Optimize round 2
SYN-1044 : Optimized 1 inv instances.
SYN-1032 : 563/18 useful/useless nets, 438/62 useful/useless insts
SYN-1015 : Optimize round 2, 96 better
SYN-1014 : Optimize round 1
SYN-1015 : Optimize round 1, 0 better
RUN-1002 : start command "report_area -file rx_top_rtl.area"
RUN-1001 : standard
***Report Model: rx_top Device: EG4S20BG256***

IO Statistics
#IO                        25
  #input                    4
  #output                  21
  #inout                    0

Gate Statistics
#Basic gates              279
  #and                     30
  #nand                     0
  #or                       0
  #nor                      0
  #xor                      0
  #xnor                     0
  #buf                      0
  #not                     32
  #bufif1                   0
  #MX21                    97
  #FADD                     0
  #DFF                    112
  #LATCH                    8
#MACRO_ADD                 63
#MACRO_EQ                   8
#MACRO_MUX                 71

Report Hierarchy Area:
+------------------------------------------------------+
|Instance |Module              |gates  |seq    |macros |
+------------------------------------------------------+
|top      |rx_top              |159    |120    |71     |
|  U1     |detect_module       |2      |2      |0      |
|  U2     |rx_bps_module       |15     |13     |3      |
|  U3     |rx_control_module   |26     |14     |2      |
|  U4     |LED_display_module  |0      |8      |0      |
|  U5     |Digitron_NumDisplay |48     |26     |27     |
|  U6     |calculate_rx        |47     |27     |32     |
|  U7     |tx_bitrate          |15     |13     |3      |
|  U8     |uart_tx             |4      |6      |2      |
+------------------------------------------------------+

RUN-1002 : start command "export_db rx_top_rtl.db"
RUN-1001 : Exported /
RUN-1001 : Exported flow parameters
RUN-1001 : Exported libs
RUN-1001 : Exported entities
RUN-1001 : Exported ports
RUN-1001 : Exported pins
RUN-1001 : Exported instances
RUN-1001 : Exported nets
RUN-1001 : Exported buses
RUN-1001 : Exported models
RUN-1001 : Exported congestions
RUN-1001 : Exported violations
RUN-1001 : Exported IO constraints
RUN-1001 : Exported Inst constraints
RUN-1002 : start command "optimize_gate -maparea rx_top_gate.area"
RUN-1001 : Open license file C:/Anlogic/TD5.6.2/license/Anlogic.lic
RUN-1001 : Print Global Property
RUN-1001 : ---------------------------------------------------------------
RUN-1001 :        Parameters        |  Settings  |  Default Values  |  Note  
RUN-1001 : ---------------------------------------------------------------
RUN-1001 :          message         |  standard  |     standard     |        
RUN-1001 :   mixed_pack_place_flow  |     on     |        on        |        
RUN-1001 :        qor_monitor       |    off     |       off        |        
RUN-1001 :        syn_ip_flow       |    off     |       off        |        
RUN-1001 :          thread          |    auto    |       auto       |        
RUN-1001 : ---------------------------------------------------------------
RUN-1001 : Print Gate Property
RUN-1001 : ------------------------------------------------------------------
RUN-1001 :          Parameters         |  Settings  |  Default Values  |  Note  
RUN-1001 : ------------------------------------------------------------------
RUN-1001 :         cascade_dsp         |    off     |       off        |        
RUN-1001 :         cascade_eram        |    off     |       off        |        
RUN-1001 :        gate_sim_model       |    off     |       off        |        
RUN-1001 :        map_sim_model        |    off     |       off        |        
RUN-1001 :         map_strategy        |     1      |        1         |        
RUN-1001 :           opt_area          |   medium   |      medium      |        
RUN-1001 :          opt_timing         |    auto    |       auto       |        
RUN-1001 :         pack_effort         |   medium   |      medium      |        
RUN-1001 :      pack_lslice_ripple     |     on     |        on        |        
RUN-1001 :   pack_lslice_ripple_ratio  |    0.5     |       0.5        |        
RUN-1001 :        pack_seq_in_io       |    auto    |       auto       |        
RUN-1001 :        ph1_mux_ratio        |    1.0     |       1.0        |        
RUN-1001 :            report           |  standard  |     standard     |        
RUN-1001 :           retiming          |    off     |       off        |        
RUN-1001 : ------------------------------------------------------------------
SYN-2001 : Map 25 IOs to PADs
SYN-1032 : 576/12 useful/useless nets, 450/13 useful/useless insts
RUN-1002 : start command "update_pll_param -module rx_top"
SYN-2501 : Processed 0 LOGIC_BUF instances.
SYN-2571 : Optimize after map_dsp, round 1
SYN-2571 : Optimize after map_dsp, round 1, 0 better
SYN-1001 : Throwback 29 control mux instances
SYN-2501 : Optimize round 1
SYN-1032 : 699/84 useful/useless nets, 577/3 useful/useless insts
SYN-1016 : Merged 18 instances.
SYN-2501 : Optimize round 1, 187 better
SYN-2501 : Optimize round 2
SYN-2501 : Optimize round 2, 0 better
SYN-2501 : Map 63 macro adder
SYN-3001 : Mapper mapped 15 instances into 1 LUTs, name keeping = 100%.
SYN-3001 : Mapper mapped 15 instances into 1 LUTs, name keeping = 100%.
SYN-3001 : Mapper mapped 15 instances into 1 LUTs, name keeping = 100%.
SYN-3001 : Mapper mapped 15 instances into 1 LUTs, name keeping = 100%.
SYN-3001 : Mapper mapped 15 instances into 1 LUTs, name keeping = 100%.
SYN-3001 : Mapper mapped 15 instances into 1 LUTs, name keeping = 100%.
SYN-3001 : Mapper mapped 15 instances into 1 LUTs, name keeping = 100%.
SYN-3001 : Mapper mapped 3 instances into 1 LUTs, name keeping = 100%.
SYN-3001 : Mapper mapped 3 instances into 1 LUTs, name keeping = 100%.
SYN-3001 : Mapper mapped 3 instances into 1 LUTs, name keeping = 100%.
SYN-2501 : Inferred 8 ROM instances
SYN-1019 : Optimized 79 mux instances.
SYN-1016 : Merged 152 instances.
SYN-1032 : 973/66 useful/useless nets, 838/0 useful/useless insts
SYN-3001 : Running gate level optimization.
SYN-2581 : Mapping with K=5, #lut = 188 (3.34), #lev = 6 (2.96)
SYN-2551 : Post LUT mapping optimization.
SYN-2581 : Mapping with K=5, #lut = 178 (3.31), #lev = 6 (2.95)
SYN-3001 : Logic optimization runtime opt =   0.02 sec, map =   0.00 sec
SYN-3001 : Mapper mapped 575 instances into 182 LUTs, name keeping = 63%.
RUN-1002 : start command "report_area -file rx_top_gate.area"
RUN-1001 : standard
***Report Model: rx_top Device: EG4S20BG256***

IO Statistics
#IO                        25
  #input                    4
  #output                  21
  #inout                    0

LUT Statistics
#Total_luts               296
  #lut4                   158
  #lut5                    32
  #lut6                     0
  #lut5_mx41                0
  #lut4_alu1b             106

Utilization Statistics
#lut                      296   out of  19600    1.51%
#reg                      107   out of  19600    0.55%
#le                         0
#dsp                        0   out of     29    0.00%
#bram                       0   out of     64    0.00%
  #bram9k                   0
  #fifo9k                   0
#bram32k                    0   out of     16    0.00%
#pad                       25   out of    188   13.30%
  #ireg                     1
  #oreg                    13
  #treg                     0
#pll                        0   out of      4    0.00%

Report Hierarchy Area:
+---------------------------------------------------------------------------+
|Instance |Module              |lut     |ripple  |seq     |bram    |dsp     |
+---------------------------------------------------------------------------+
|top      |rx_top              |190     |106     |121     |0       |0       |
|  U1     |detect_module       |1       |0       |1       |0       |0       |
|  U2     |rx_bps_module       |18      |14      |13      |0       |0       |
|  U3     |rx_control_module   |29      |17      |14      |0       |0       |
|  U5     |Digitron_NumDisplay |64      |42      |22      |0       |0       |
|  U6     |calculate_rx        |35      |0       |27      |0       |0       |
|  U7     |tx_bitrate          |18      |14      |13      |0       |0       |
|  U8     |uart_tx             |17      |0       |6       |0       |0       |
+---------------------------------------------------------------------------+

SYN-1001 : Packing model "rx_top" ...
SYN-4010 : Pack lib has 58 rtl pack models with 25 top pack blocks
SYN-1014 : Optimize round 1
SYN-1015 : Optimize round 1, 0 better
SYN-4002 : Packing 107 DFF/LATCH to SEQ ...
SYN-4009 : Pack 4 carry chain into lslice
SYN-4007 : Packing 44 adder to BLE ...
SYN-4008 : Packed 44 adder and 6 SEQ to BLE.
SYN-4007 : Packing 0 gate4 to BLE ...
SYN-4008 : Packed 0 gate4 and 0 SEQ to BLE.
SYN-4012 : Packed 0 FxMUX
RUN-1002 : start command "legalize_phy_inst"
SYN-1011 : Flatten model rx_top
RUN-1002 : start command "export_db rx_top_gate.db"
RUN-1001 : Exported /
RUN-1001 : Exported flow parameters
RUN-1001 : Exported libs
RUN-1001 : Exported entities
RUN-1001 : Exported ports
RUN-1001 : Exported pins
RUN-1001 : Exported instances
RUN-1001 : Exported nets
RUN-1001 : Exported buses
RUN-1001 : Exported models
RUN-1001 : Exported congestions
RUN-1001 : Exported violations
RUN-1001 : Exported IO constraints
RUN-1001 : Exported Inst constraints
RUN-1002 : start command "backup_run_log run.log ../.logs/syn_1/td_20240828_102741.log"
RUN-1001 : Backing up run's log file succeed.
