============================================================
   Tang Dynasty, V5.6.71036
      Copyright (c) 2012-2023 Anlogic Inc.
   Executable = C:/Anlogic/TD5.6.2/bin/td.exe
   Built at =   20:34:38 Mar 21 2023
   Run by =     Lenovo
   Run Date =   Wed Aug 28 09:23:37 2024

   Run on =     LAPTOP-QRG7LJL6
============================================================
RUN-1002 : start command "open_project rx_top.prj"
RUN-1001 : Print Global Property
RUN-1001 : ---------------------------------------------------------------
RUN-1001 :        Parameters        |  Settings  |  Default Values  |  Note  
RUN-1001 : ---------------------------------------------------------------
RUN-1001 :          message         |  standard  |     standard     |        
RUN-1001 :   mixed_pack_place_flow  |     on     |        on        |        
RUN-1001 :        qor_monitor       |    off     |       off        |        
RUN-1001 :        syn_ip_flow       |    off     |       off        |        
RUN-1001 :          thread          |    auto    |       auto       |        
RUN-1001 : ---------------------------------------------------------------
RUN-1001 : Print Design Property
RUN-1001 : --------------------------------------------------------------
RUN-1001 :        Parameters       |  Settings  |  Default Values  |  Note  
RUN-1001 : --------------------------------------------------------------
RUN-1001 :   default_reg_initial   |    auto    |       auto       |        
RUN-1001 :        infer_add        |     on     |        on        |        
RUN-1001 :        infer_fsm        |    off     |       off        |        
RUN-1001 :        infer_mult       |     on     |        on        |        
RUN-1001 :        infer_ram        |     on     |        on        |        
RUN-1001 :        infer_reg        |     on     |        on        |        
RUN-1001 :   infer_reg_init_value  |     on     |        on        |        
RUN-1001 :        infer_rom        |     on     |        on        |        
RUN-1001 :      infer_shifter      |     on     |        on        |        
RUN-1001 : --------------------------------------------------------------
RUN-1001 : Print Rtl Property
RUN-1001 : --------------------------------------------------------------
RUN-1001 :        Parameters       |  Settings  |  Default Values  |  Note  
RUN-1001 : --------------------------------------------------------------
RUN-1001 :       compress_add      |   ripple   |      ripple      |        
RUN-1001 :        elf_sload        |    off     |       off        |        
RUN-1001 :       fix_undriven      |     0      |        0         |        
RUN-1001 :         flatten         |    off     |       off        |        
RUN-1001 :       gate_sharing      |     on     |        on        |        
RUN-1001 :    hdl_warning_level    |   normal   |      normal      |        
RUN-1001 :   impl_internal_tribuf  |     on     |        on        |        
RUN-1001 :      impl_set_reset     |     on     |        on        |        
RUN-1001 :        infer_gsr        |    off     |       off        |        
RUN-1001 :      keep_hierarchy     |    auto    |       auto       |        
RUN-1001 :        max_fanout       |    9999    |       9999       |        
RUN-1001 :      max_oh2bin_len     |     10     |        10        |        
RUN-1001 :       merge_equal       |     on     |        on        |        
RUN-1001 :       merge_equiv       |     on     |        on        |        
RUN-1001 :        merge_mux        |    off     |       off        |        
RUN-1001 :     min_control_set     |     8      |        8         |        
RUN-1001 :      min_ripple_len     |    auto    |       auto       |        
RUN-1001 :       oh2bin_ratio      |    0.08    |       0.08       |        
RUN-1001 :     opt_adder_fanout    |     on     |        on        |        
RUN-1001 :        opt_arith        |     on     |        on        |        
RUN-1001 :       opt_big_gate      |    off     |       off        |        
RUN-1001 :        opt_const        |     on     |        on        |        
RUN-1001 :      opt_const_mult     |     on     |        on        |        
RUN-1001 :       opt_lessthan      |     on     |        on        |        
RUN-1001 :         opt_mux         |    off     |       off        |        
RUN-1001 :         opt_ram         |    high    |       high       |        
RUN-1001 :      rtl_sim_model      |    off     |       off        |        
RUN-1001 :         seq_syn         |     on     |        on        |        
RUN-1001 : --------------------------------------------------------------
HDL-1007 : analyze verilog file ../../Digitron_NumDisplay.v
HDL-1007 : analyze verilog file ../../LED_display_module.v
HDL-5007 WARNING: empty port in module declaration in ../../LED_display_module.v(3)
HDL-1007 : analyze verilog file ../../detect_module.v
HDL-1007 : analyze verilog file ../../rx_bps_module.v
HDL-1007 : analyze verilog file ../../rx_control_module.v
HDL-1007 : analyze verilog file ../../rx_top.v
HDL-1007 : analyze verilog file ../../tx_control.v
HDL-1007 : analyze verilog file ../../calculate_rx.v
HDL-1007 : analyze verilog file ../../tx_bitrate.v
RUN-1001 : Project manager successfully analyzed 9 source files.
RUN-1002 : start command "import_device eagle_s20.db -package EG4S20BG256"
ARC-1001 : Device Initialization.
ARC-1001 : ------------------------------------------------------------------
ARC-1001 :            OPTION            |          IO          |   SETTING   
ARC-1001 : ------------------------------------------------------------------
ARC-1001 :   cso_b/cclk/mosi/miso/dout  |  T3/R11/T10/P10/S11  |    gpio    
ARC-1001 :             done             |         P13          |    gpio    
ARC-1001 :           program_b          |          T2          |  dedicate  
ARC-1001 :        tdi/tms/tck/tdo       |   C12/A15/C14/E14    |  dedicate  
ARC-1001 : ------------------------------------------------------------------
ARC-1004 : Device setting, marked 5 dedicate IOs in total.
RUN-1002 : start command "import_db ../syn_1/rx_top_gate.db"
RUN-1001 : Importing database generated by Tang Dynasty, V5.6.71036.
RUN-1001 : Database version number 46146.
RUN-1001 : Import flow parameters
RUN-1001 : Import IO constraints
RUN-1001 : Import Inst constraints
RUN-1001 : Import design success TD_VERSION=5.6.71036 , DB_VERSION=46146
RUN-1002 : start command "config_chipwatcher ../../tx.cwc -dir "
RUN-1002 : start command "legalize_phy_inst"
SYN-1011 : Flatten model rx_top
KIT-1004 : ChipWatcher: import watcher inst auto_chipwatcher_0 completed, there are 15 view nodes, 25 trigger nets, 25 data nets.
KIT-1004 : Chipwatcher code = 1100100000100010
RUN-1002 : start command "compile_watcher"
RUN-1002 : start command "read_verilog -no_sch -dir C:/Anlogic/TD5.6.2/cw/ -file rx_top_watcherInst.sv -lib cw -top CW_TOP_WRAPPER"
HDL-1007 : analyze verilog file C:/Anlogic/TD5.6.2/cw\bus_det.v
HDL-1007 : analyze verilog file C:/Anlogic/TD5.6.2/cw\bus_top.sv
HDL-1007 : analyze verilog file C:/Anlogic/TD5.6.2/cw\cfg_int.v
HDL-1007 : analyze verilog file C:/Anlogic/TD5.6.2/cw\cwc_cfg_int.v
HDL-1007 : analyze verilog file C:/Anlogic/TD5.6.2/cw\cwc_top.sv
HDL-1007 : analyze verilog file C:/Anlogic/TD5.6.2/cw\detect_bus.v
HDL-1007 : analyze verilog file C:/Anlogic/TD5.6.2/cw\detect_non_bus.v
HDL-1007 : analyze verilog file C:/Anlogic/TD5.6.2/cw\emb_ctrl.v
HDL-1007 : analyze verilog file C:/Anlogic/TD5.6.2/cw\register.v
HDL-1007 : analyze verilog file C:/Anlogic/TD5.6.2/cw\tap.v
HDL-1007 : analyze verilog file C:/Anlogic/TD5.6.2/cw\trigger.sv
HDL-1007 : analyze verilog file rx_top_watcherInst.sv
HDL-1007 : elaborate module CW_TOP_WRAPPER in rx_top_watcherInst.sv(1)
HDL-1007 : elaborate module cwc_top(BUS_NUM=15,BUS_DIN_NUM=25,BUS_CTRL_NUM=110,BUS_WIDTH='{32'sb0100,32'sb01,32'sb01,32'sb01,32'sb01,32'sb01,32'sb01,32'sb01,32'sb01,32'sb01000,32'sb01,32'sb01,32'sb01,32'sb01,32'sb01},BUS_DIN_POS='{32'sb0,32'sb0100,32'sb0101,32'sb0110,32'sb0111,32'sb01000,32'sb01001,32'sb01010,32'sb01011,32'sb01100,32'sb010100,32'sb010101,32'sb010110,32'sb010111,32'sb011000},BUS_CTRL_POS='{32'sb0,32'sb01100,32'sb010010,32'sb011000,32'sb011110,32'sb0100100,32'sb0101010,32'sb0110000,32'sb0110110,32'sb0111100,32'sb01010000,32'sb01010110,32'sb01011100,32'sb01100010,32'sb01101000}) in C:/Anlogic/TD5.6.2/cw\cwc_top.sv(21)
HDL-1007 : elaborate module cwc_cfg_int(CTRL_REG_LEN=132) in C:/Anlogic/TD5.6.2/cw\cwc_cfg_int.v(21)
HDL-1007 : elaborate module register(CTRL_REG_LEN=132) in C:/Anlogic/TD5.6.2/cw\register.v(21)
HDL-1007 : elaborate module tap in C:/Anlogic/TD5.6.2/cw\tap.v(21)
HDL-1007 : elaborate module trigger(BUS_NUM=15,BUS_DIN_NUM=25,BUS_CTRL_NUM=110,BUS_WIDTH='{32'sb0100,32'sb01,32'sb01,32'sb01,32'sb01,32'sb01,32'sb01,32'sb01,32'sb01,32'sb01000,32'sb01,32'sb01,32'sb01,32'sb01,32'sb01},BUS_DIN_POS='{32'sb0,32'sb0100,32'sb0101,32'sb0110,32'sb0111,32'sb01000,32'sb01001,32'sb01010,32'sb01011,32'sb01100,32'sb010100,32'sb010101,32'sb010110,32'sb010111,32'sb011000},BUS_CTRL_POS='{32'sb0,32'sb01100,32'sb010010,32'sb011000,32'sb011110,32'sb0100100,32'sb0101010,32'sb0110000,32'sb0110110,32'sb0111100,32'sb01010000,32'sb01010110,32'sb01011100,32'sb01100010,32'sb01101000}) in C:/Anlogic/TD5.6.2/cw\trigger.sv(21)
HDL-1007 : elaborate module bus_top(BUS_NODE_NUM=15,BUS_DIN_NUM=25,BUS_CTRL_NUM=110,BUS_WIDTH='{32'sb0100,32'sb01,32'sb01,32'sb01,32'sb01,32'sb01,32'sb01,32'sb01,32'sb01,32'sb01000,32'sb01,32'sb01,32'sb01,32'sb01,32'sb01},BUS_DIN_POS='{32'sb0,32'sb0100,32'sb0101,32'sb0110,32'sb0111,32'sb01000,32'sb01001,32'sb01010,32'sb01011,32'sb01100,32'sb010100,32'sb010101,32'sb010110,32'sb010111,32'sb011000},BUS_CTRL_POS='{32'sb0,32'sb01100,32'sb010010,32'sb011000,32'sb011110,32'sb0100100,32'sb0101010,32'sb0110000,32'sb0110110,32'sb0111100,32'sb01010000,32'sb01010110,32'sb01011100,32'sb01100010,32'sb01101000}) in C:/Anlogic/TD5.6.2/cw\bus_top.sv(22)
HDL-1007 : elaborate module bus_det(BUS_WIDTH=32'sb0100) in C:/Anlogic/TD5.6.2/cw\bus_det.v(21)
HDL-1007 : elaborate module bus_det(BUS_WIDTH=32'sb01) in C:/Anlogic/TD5.6.2/cw\bus_det.v(21)
HDL-1007 : elaborate module bus_det(BUS_WIDTH=32'sb01000) in C:/Anlogic/TD5.6.2/cw\bus_det.v(21)
HDL-1007 : elaborate module emb_ctrl in C:/Anlogic/TD5.6.2/cw\emb_ctrl.v(21)
HDL-1200 : Current top model is CW_TOP_WRAPPER
HDL-1100 : Inferred 0 RAMs.
RUN-1002 : start command "force_keep -a auto_chipwatcher_0_logicbram"
RUN-1002 : start command "optimize_rtl -no_sch"
RUN-1001 : Open license file C:/Anlogic/TD5.6.2/license/Anlogic.lic
RUN-1001 : Print Global Property
RUN-1001 : ---------------------------------------------------------------
RUN-1001 :        Parameters        |  Settings  |  Default Values  |  Note  
RUN-1001 : ---------------------------------------------------------------
RUN-1001 :          message         |  standard  |     standard     |        
RUN-1001 :   mixed_pack_place_flow  |     on     |        on        |        
RUN-1001 :        qor_monitor       |    off     |       off        |        
RUN-1001 :        syn_ip_flow       |    off     |       off        |        
RUN-1001 :          thread          |    auto    |       auto       |        
RUN-1001 : ---------------------------------------------------------------
RUN-1001 : Print Rtl Property
RUN-1001 : --------------------------------------------------------------
RUN-1001 :        Parameters       |  Settings  |  Default Values  |  Note  
RUN-1001 : --------------------------------------------------------------
RUN-1001 :       compress_add      |   ripple   |      ripple      |        
RUN-1001 :        elf_sload        |    off     |       off        |        
RUN-1001 :       fix_undriven      |     0      |        0         |        
RUN-1001 :         flatten         |    off     |       off        |        
RUN-1001 :       gate_sharing      |     on     |        on        |        
RUN-1001 :    hdl_warning_level    |   normal   |      normal      |        
RUN-1001 :   impl_internal_tribuf  |     on     |        on        |        
RUN-1001 :      impl_set_reset     |     on     |        on        |        
RUN-1001 :        infer_gsr        |    off     |       off        |        
RUN-1001 :      keep_hierarchy     |    auto    |       auto       |        
RUN-1001 :        max_fanout       |    9999    |       9999       |        
RUN-1001 :      max_oh2bin_len     |     10     |        10        |        
RUN-1001 :       merge_equal       |     on     |        on        |        
RUN-1001 :       merge_equiv       |     on     |        on        |        
RUN-1001 :        merge_mux        |    off     |       off        |        
RUN-1001 :     min_control_set     |     8      |        8         |        
RUN-1001 :      min_ripple_len     |    auto    |       auto       |        
RUN-1001 :       oh2bin_ratio      |    0.08    |       0.08       |        
RUN-1001 :     opt_adder_fanout    |     on     |        on        |        
RUN-1001 :        opt_arith        |     on     |        on        |        
RUN-1001 :       opt_big_gate      |    off     |       off        |        
RUN-1001 :        opt_const        |     on     |        on        |        
RUN-1001 :      opt_const_mult     |     on     |        on        |        
RUN-1001 :       opt_lessthan      |     on     |        on        |        
RUN-1001 :         opt_mux         |    off     |       off        |        
RUN-1001 :         opt_ram         |    high    |       high       |        
RUN-1001 :      rtl_sim_model      |    off     |       off        |        
RUN-1001 :         seq_syn         |     on     |        on        |        
RUN-1001 : --------------------------------------------------------------
SYN-1012 : SanityCheck: Model "rx_top"
SYN-1012 : SanityCheck: Model "CW_TOP_WRAPPER"
SYN-1012 : SanityCheck: Model "cwc_top(BUS_NUM=15,BUS_DIN_NUM=25,BUS_CTRL_NUM=110,BUS_WIDTH='{32'sb0100,32'sb01,32'sb01,32'sb01,32'sb01,32'sb01,32'sb01,32'sb01,32'sb01,32'sb01000,32'sb01,32'sb01,32'sb01,32'sb01,32'sb01},BUS_DIN_POS='{32'sb0,32'sb0100,32'sb0101,32'sb0110,32'sb0111,32'sb01000,32'sb01001,32'sb01010,32'sb01011,32'sb01100,32'sb010100,32'sb010101,32'sb010110,32'sb010111,32'sb011000},BUS_CTRL_POS='{32'sb0,32'sb01100,32'sb010010,32'sb011000,32'sb011110,32'sb0100100,32'sb0101010,32'sb0110000,32'sb0110110,32'sb0111100,32'sb01010000,32'sb01010110,32'sb01011100,32'sb01100010,32'sb01101000})"
SYN-1012 : SanityCheck: Model "cwc_cfg_int(CTRL_REG_LEN=132)"
SYN-1012 : SanityCheck: Model "register(CTRL_REG_LEN=132)"
SYN-1012 : SanityCheck: Model "tap"
SYN-1012 : SanityCheck: Model "trigger(BUS_NUM=15,BUS_DIN_NUM=25,BUS_CTRL_NUM=110,BUS_WIDTH='{32'sb0100,32'sb01,32'sb01,32'sb01,32'sb01,32'sb01,32'sb01,32'sb01,32'sb01,32'sb01000,32'sb01,32'sb01,32'sb01,32'sb01,32'sb01},BUS_DIN_POS='{32'sb0,32'sb0100,32'sb0101,32'sb0110,32'sb0111,32'sb01000,32'sb01001,32'sb01010,32'sb01011,32'sb01100,32'sb010100,32'sb010101,32'sb010110,32'sb010111,32'sb011000},BUS_CTRL_POS='{32'sb0,32'sb01100,32'sb010010,32'sb011000,32'sb011110,32'sb0100100,32'sb0101010,32'sb0110000,32'sb0110110,32'sb0111100,32'sb01010000,32'sb01010110,32'sb01011100,32'sb01100010,32'sb01101000})"
SYN-1012 : SanityCheck: Model "bus_top(BUS_NODE_NUM=15,BUS_DIN_NUM=25,BUS_CTRL_NUM=110,BUS_WIDTH='{32'sb0100,32'sb01,32'sb01,32'sb01,32'sb01,32'sb01,32'sb01,32'sb01,32'sb01,32'sb01000,32'sb01,32'sb01,32'sb01,32'sb01,32'sb01},BUS_DIN_POS='{32'sb0,32'sb0100,32'sb0101,32'sb0110,32'sb0111,32'sb01000,32'sb01001,32'sb01010,32'sb01011,32'sb01100,32'sb010100,32'sb010101,32'sb010110,32'sb010111,32'sb011000},BUS_CTRL_POS='{32'sb0,32'sb01100,32'sb010010,32'sb011000,32'sb011110,32'sb0100100,32'sb0101010,32'sb0110000,32'sb0110110,32'sb0111100,32'sb01010000,32'sb01010110,32'sb01011100,32'sb01100010,32'sb01101000})"
SYN-1012 : SanityCheck: Model "bus_det(BUS_WIDTH=32'sb0100)"
SYN-1012 : SanityCheck: Model "bus_det(BUS_WIDTH=32'sb01)"
SYN-1012 : SanityCheck: Model "bus_det(BUS_WIDTH=32'sb01000)"
SYN-1012 : SanityCheck: Model "emb_ctrl"
SYN-1011 : Flatten model rx_top
SYN-1032 : 2077/51 useful/useless nets, 1120/43 useful/useless insts
SYN-1016 : Merged 68 instances.
SYN-1032 : 1710/26 useful/useless nets, 1514/26 useful/useless insts
SYN-1014 : Optimize round 1
SYN-1032 : 1694/16 useful/useless nets, 1502/12 useful/useless insts
SYN-1021 : Optimized 2 onehot mux instances.
SYN-1020 : Optimized 1 distributor mux.
SYN-1019 : Optimized 2 mux instances.
SYN-1015 : Optimize round 1, 429 better
SYN-1014 : Optimize round 2
SYN-1032 : 1390/30 useful/useless nets, 1198/32 useful/useless insts
SYN-1015 : Optimize round 2, 64 better
SYN-1014 : Optimize round 1
SYN-1015 : Optimize round 1, 0 better
RUN-1002 : start command "optimize_gate -no_sch"
RUN-1001 : Open license file C:/Anlogic/TD5.6.2/license/Anlogic.lic
RUN-1001 : Print Global Property
RUN-1001 : ---------------------------------------------------------------
RUN-1001 :        Parameters        |  Settings  |  Default Values  |  Note  
RUN-1001 : ---------------------------------------------------------------
RUN-1001 :          message         |  standard  |     standard     |        
RUN-1001 :   mixed_pack_place_flow  |     on     |        on        |        
RUN-1001 :        qor_monitor       |    off     |       off        |        
RUN-1001 :        syn_ip_flow       |    off     |       off        |        
RUN-1001 :          thread          |    auto    |       auto       |        
RUN-1001 : ---------------------------------------------------------------
RUN-1001 : Print Gate Property
RUN-1001 : ------------------------------------------------------------------
RUN-1001 :          Parameters         |  Settings  |  Default Values  |  Note  
RUN-1001 : ------------------------------------------------------------------
RUN-1001 :         cascade_dsp         |    off     |       off        |        
RUN-1001 :         cascade_eram        |    off     |       off        |        
RUN-1001 :        gate_sim_model       |    off     |       off        |        
RUN-1001 :        map_sim_model        |    off     |       off        |        
RUN-1001 :         map_strategy        |     1      |        1         |        
RUN-1001 :           opt_area          |   medium   |      medium      |        
RUN-1001 :          opt_timing         |    auto    |       auto       |        
RUN-1001 :         pack_effort         |   medium   |      medium      |        
RUN-1001 :      pack_lslice_ripple     |     on     |        on        |        
RUN-1001 :   pack_lslice_ripple_ratio  |    0.5     |       0.5        |        
RUN-1001 :        pack_seq_in_io       |    auto    |       auto       |        
RUN-1001 :        ph1_mux_ratio        |    1.0     |       1.0        |        
RUN-1001 :            report           |  standard  |     standard     |        
RUN-1001 :           retiming          |    off     |       off        |        
RUN-1001 : ------------------------------------------------------------------
SYN-2001 : Map 25 IOs to PADs
RUN-1002 : start command "update_pll_param -module rx_top"
SYN-2501 : Processed 0 LOGIC_BUF instances.
SYN-2512 : LOGIC BRAM "auto_chipwatcher_0_logicbram"
SYN-2571 : Optimize after map_dsp, round 1
SYN-2571 : Optimize after map_dsp, round 1, 0 better
SYN-1001 : Throwback 4 control mux instances
SYN-2501 : Optimize round 1
SYN-1016 : Merged 12 instances.
SYN-2501 : Optimize round 1, 26 better
SYN-2501 : Optimize round 2
SYN-2501 : Optimize round 2, 0 better
SYN-2501 : Map 14 macro adder
SYN-1019 : Optimized 9 mux instances.
SYN-1016 : Merged 10 instances.
SYN-1032 : 1804/2 useful/useless nets, 1614/1 useful/useless insts
SYN-3001 : Running gate level optimization.
SYN-2581 : Mapping with K=5, #lut = 200 (3.90), #lev = 5 (2.23)
SYN-2551 : Post LUT mapping optimization.
SYN-2581 : Mapping with K=5, #lut = 215 (3.89), #lev = 4 (1.96)
SYN-3001 : Logic optimization runtime opt =   0.03 sec, map =   0.00 sec
SYN-3001 : Mapper mapped 653 instances into 215 LUTs, name keeping = 78%.
SYN-1001 : Packing model "rx_top" ...
SYN-4010 : Pack lib has 58 rtl pack models with 25 top pack blocks
SYN-1014 : Optimize round 1
SYN-1015 : Optimize round 1, 0 better
SYN-4002 : Packing 397 DFF/LATCH to SEQ ...
SYN-4009 : Pack 6 carry chain into lslice
SYN-4007 : Packing 101 adder to BLE ...
SYN-4008 : Packed 101 adder and 0 SEQ to BLE.
SYN-4007 : Packing 0 gate4 to BLE ...
SYN-4008 : Packed 0 gate4 and 0 SEQ to BLE.
SYN-4012 : Packed 0 FxMUX
RUN-1002 : start command "legalize_phy_inst"
SYN-1011 : Flatten model rx_top
KIT-1004 : Compile Chipwatcher: Clear obsolete physical data.
RUN-1002 : start command "place"
RUN-1001 : Open license file C:/Anlogic/TD5.6.2/license/Anlogic.lic
RUN-1001 : Print Global Property
RUN-1001 : ---------------------------------------------------------------
RUN-1001 :        Parameters        |  Settings  |  Default Values  |  Note  
RUN-1001 : ---------------------------------------------------------------
RUN-1001 :          message         |  standard  |     standard     |        
RUN-1001 :   mixed_pack_place_flow  |     on     |        on        |        
RUN-1001 :        qor_monitor       |    off     |       off        |        
RUN-1001 :        syn_ip_flow       |    off     |       off        |        
RUN-1001 :          thread          |    auto    |       auto       |        
RUN-1001 : ---------------------------------------------------------------
RUN-1001 : Print Place Property
RUN-1001 : --------------------------------------------------------------
RUN-1001 :        Parameters       |  Settings  |  Default Values  |  Note  
RUN-1001 : --------------------------------------------------------------
RUN-1001 :      detailed_place     |     on     |        on        |        
RUN-1001 :          effort         |   medium   |      medium      |        
RUN-1001 :         fix_hold        |    off     |       off        |        
RUN-1001 :       legalization      |    ori     |       ori        |        
RUN-1001 :      new_spreading      |     on     |        on        |        
RUN-1001 :        opt_timing       |   medium   |      medium      |        
RUN-1001 :   post_clock_route_opt  |    off     |       off        |        
RUN-1001 :       pr_strategy       |     1      |        1         |        
RUN-1001 :        relaxation       |    1.00    |       1.00       |        
RUN-1001 :         retiming        |    off     |       off        |        
RUN-1001 : --------------------------------------------------------------
PHY-3001 : Placer runs in 16 thread(s).
RUN-1002 : start command "legalize_phy_inst"
SYN-1011 : Flatten model rx_top
SYN-5055 WARNING: The kept net U2/BPS_CLK_n will be merged to another kept net BPS_CLK
SYN-5055 WARNING: The kept net U3/BPS_CLK will be merged to another kept net BPS_CLK
SYN-5055 WARNING: The kept net U1/CLK will be merged to another kept net CLK_500K
SYN-5055 WARNING: The kept net U3/isCount will be merged to another kept net Count_Sig
SYN-5055 WARNING: The kept net U2/Count_Sig will be merged to another kept net Count_Sig
SYN-5055 WARNING: The kept net U3/isDone will be merged to another kept net RX_Done_Sig
SYN-5055 WARNING: The kept net U6/RX_Done_Sig will be merged to another kept net RX_Done_Sig
SYN-5055 WARNING: The kept net U6/rTX_Data_n will be merged to another kept net TX_Data_Valid
SYN-5055 WARNING: The kept net U8/TX_Data_Valid will be merged to another kept net TX_Data_Valid
SYN-5055 WARNING: The kept net U1/neg_sig_n will be merged to another kept net neg_sig
SYN-5055 Similar messages will be suppressed.
RUN-1002 : start command "phys_opt -simplify_lut"
SYN-4016 : Net config_inst_syn_10 driven by BUFG (272 clock/control pins, 0 other pins).
SYN-4024 : Net "CLK_500K" drives clk pins.
SYN-4024 : Net "CLK_dup_1" drives clk pins.
SYN-4024 : Net "RX_Done_Sig" drives clk pins.
SYN-4024 : Net "U5/SingleNum_n" drives clk pins.
SYN-4024 : Net "TX_Data_Valid" drives clk pins.
SYN-4025 : Tag rtl::Net CLK_500K as clock net
SYN-4025 : Tag rtl::Net CLK_dup_1 as clock net
SYN-4025 : Tag rtl::Net RX_Done_Sig as clock net
SYN-4025 : Tag rtl::Net TX_Data_Valid as clock net
SYN-4025 : Tag rtl::Net U5/SingleNum_n as clock net
SYN-4025 : Tag rtl::Net config_inst_syn_10 as clock net
SYN-4026 : Tagged 6 rtl::Net as clock net
SYN-4015 : Create BUFG instance for clk Net CLK_500K to drive 184 clock pins.
SYN-4015 : Create BUFG instance for clk Net RX_Done_Sig to drive 18 clock pins.
SYN-4015 : Create BUFG instance for clk Net TX_Data_Valid to drive 8 clock pins.
SYN-4015 : Create BUFG instance for clk Net U5/SingleNum_n to drive 8 clock pins.
PHY-1001 : Populate physical database on model rx_top.
RUN-1001 : There are total 1044 instances
RUN-0007 : 390 luts, 496 seqs, 74 mslices, 48 lslices, 25 pads, 3 brams, 0 dsps
RUN-1001 : There are total 1234 nets
RUN-1001 : 667 nets have 2 pins
RUN-1001 : 467 nets have [3 - 5] pins
RUN-1001 : 60 nets have [6 - 10] pins
RUN-1001 : 29 nets have [11 - 20] pins
RUN-1001 : 4 nets have [21 - 99] pins
RUN-1001 : 7 nets have 100+ pins
RUN-1001 : Report Control nets information:
RUN-1001 : DFF Distribution
RUN-1001 : ----------------------------------
RUN-1001 :   CE   |  SSR  |  ASR  |  DFF Count  
RUN-1001 : ----------------------------------
RUN-1001 :   No   |  No   |  No   |     34      
RUN-1001 :   No   |  No   |  Yes  |     178     
RUN-1001 :   No   |  Yes  |  No   |     16      
RUN-1001 :   Yes  |  No   |  No   |      0      
RUN-1001 :   Yes  |  No   |  Yes  |     268     
RUN-1001 :   Yes  |  Yes  |  No   |      0      
RUN-1001 : ----------------------------------
RUN-0007 : Control Group Statistic
RUN-0007 : ---------------------------
RUN-0007 :   #CLK  |  #CE  |  #SSR/ASR  
RUN-0007 : ---------------------------
RUN-0007 :    6    |   4   |     6      
RUN-0007 : ---------------------------
RUN-0007 : Control Set = 14
PHY-3001 : Initial placement ...
PHY-3001 : design contains 1042 instances, 390 luts, 496 seqs, 122 slices, 23 macros(122 instances: 74 mslices 48 lslices)
PHY-0007 : Cell area utilization is 3%
PHY-3001 : Global placement ...
PHY-3001 : Initial: Len = 303108
PHY-3001 : Clustering ...
PHY-3001 : Level 0 #clusters 1042.
PHY-3001 : End clustering;  0.000035s wall, 0.000000s user + 0.000000s system = 0.000000s CPU (n/a%)

PHY-3001 : Run with size of 4
PHY-3001 : Cell area utilization is 3%
PHY-3001 : :::0::: Try harder cell spreading with beta_ = 0
PHY-3002 : Step(1): len = 191159, overlap = 6.75
PHY-3002 : Step(2): len = 130708, overlap = 4.5
PHY-3002 : Step(3): len = 97445.9, overlap = 6.75
PHY-3002 : Step(4): len = 71694.2, overlap = 6.75
PHY-3002 : Step(5): len = 61609.7, overlap = 4.5
PHY-3002 : Step(6): len = 52277.2, overlap = 4.5
PHY-3002 : Step(7): len = 44273.1, overlap = 6.75
PHY-3002 : Step(8): len = 40915.2, overlap = 6.75
PHY-3002 : Step(9): len = 35432.7, overlap = 7.1875
PHY-3002 : Step(10): len = 33007.2, overlap = 6.75
PHY-3002 : Step(11): len = 29772.7, overlap = 6.75
PHY-3002 : Step(12): len = 27785.3, overlap = 7.90625
PHY-3002 : Step(13): len = 26675.6, overlap = 9.03125
PHY-3001 : :::1::: Try harder cell spreading with beta_ = 9.01824e-05
PHY-3002 : Step(14): len = 26758.8, overlap = 6.78125
PHY-3002 : Step(15): len = 26207.4, overlap = 4.8125
PHY-3002 : Step(16): len = 25337.7, overlap = 4.375
PHY-3001 : Legalization ...
PHY-3001 : End legalization;  0.005693s wall, 0.000000s user + 0.000000s system = 0.000000s CPU (n/a%)

PHY-3001 : Run with size of 4
PHY-3001 : Cell area utilization is 4%
PHY-3001 : :::0::: Try harder cell spreading with beta_ = 0
PHY-3002 : Step(17): len = 24079, overlap = 11.5
PHY-3002 : Step(18): len = 24212.2, overlap = 11.5
PHY-3002 : Step(19): len = 22974.7, overlap = 13.0938
PHY-3002 : Step(20): len = 22851.1, overlap = 14.6875
PHY-3002 : Step(21): len = 22034.2, overlap = 16.8125
PHY-3002 : Step(22): len = 21900.3, overlap = 20.5938
PHY-3002 : Step(23): len = 21578.3, overlap = 20.7188
PHY-3002 : Step(24): len = 21069.7, overlap = 21.0938
PHY-3002 : Step(25): len = 20767.3, overlap = 17
PHY-3002 : Step(26): len = 20254.9, overlap = 17.2812
PHY-3002 : Step(27): len = 20248.5, overlap = 11.0312
PHY-3002 : Step(28): len = 19659.1, overlap = 13.5625
PHY-3002 : Step(29): len = 19741.5, overlap = 13.25
PHY-3002 : Step(30): len = 19218.7, overlap = 16.6875
PHY-3002 : Step(31): len = 19307.7, overlap = 16.0938
PHY-3002 : Step(32): len = 19375.2, overlap = 17.4062
PHY-3001 : :::1::: Try harder cell spreading with beta_ = 4.76797e-05
PHY-3002 : Step(33): len = 18967.5, overlap = 16.5
PHY-3002 : Step(34): len = 19086, overlap = 16.125
PHY-3002 : Step(35): len = 19178.5, overlap = 16.0625
PHY-3001 : :::2::: Try harder cell spreading with beta_ = 9.53593e-05
PHY-3002 : Step(36): len = 18891.9, overlap = 15.7812
PHY-3002 : Step(37): len = 18891.9, overlap = 15.7812
PHY-3002 : Step(38): len = 18755.5, overlap = 14.9375
PHY-3001 : Run with size of 2
PHY-3001 : Cell area utilization is 4%
PHY-3001 : :::0::: Try harder cell spreading with beta_ = 7.28908e-06
PHY-3002 : Step(39): len = 19061.8, overlap = 43.9375
PHY-3002 : Step(40): len = 19061.8, overlap = 43.9375
PHY-3001 : :::1::: Try harder cell spreading with beta_ = 1.45782e-05
PHY-3002 : Step(41): len = 19711.4, overlap = 42.5312
PHY-3002 : Step(42): len = 19711.4, overlap = 42.5312
PHY-3002 : Step(43): len = 19212.4, overlap = 41.375
PHY-3002 : Step(44): len = 19311.2, overlap = 41.2188
PHY-3002 : Step(45): len = 19494, overlap = 41.4375
PHY-3001 : :::2::: Try harder cell spreading with beta_ = 2.91563e-05
PHY-3002 : Step(46): len = 20708.4, overlap = 30.7812
PHY-3002 : Step(47): len = 20945.7, overlap = 29.3125
PHY-3002 : Step(48): len = 21286.6, overlap = 31.4688
PHY-3002 : Step(49): len = 20905.8, overlap = 30.4062
PHY-3002 : Step(50): len = 20996.1, overlap = 30.9375
PHY-3002 : Step(51): len = 20994.7, overlap = 28.8125
OPT-1001 : Start physical optimization ...
OPT-1001 : Total overflow 67.88 peak overflow 4.34
OPT-1001 : Start high-fanout net optimization ...
OPT-1001 : Update timing in global mode
PHY-1001 : Start incremental global routing, caller is place ...
RUN-1001 : Generating global routing grids ...
RUN-1001 : Building simple global routing graph ...
PHY-1001 : Generate routing nets ...
PHY-1001 : Reuse net number 0/1234.
PHY-1001 : Global iterations in 16 thread ...
PHY-1002 : len = 23400, over cnt = 98(0%), over = 370, worst = 17
PHY-1001 : End global iterations;  0.053992s wall, 0.140625s user + 0.078125s system = 0.218750s CPU (405.2%)

PHY-1001 : Congestion index: top1 = 26.38, top5 = 13.47, top10 = 8.08, top15 = 5.52.
PHY-1001 : End incremental global routing;  0.109962s wall, 0.171875s user + 0.093750s system = 0.265625s CPU (241.6%)

RUN-1002 : start command "start_timer -report"
TMR-5001 WARNING: No sdc constraints found while initiating timer.
TMR-2505 : Start building timing graph for model rx_top.
TMR-2506 : Build timing graph completely. Port num: 8, tpin num: 5014, tnet num: 1232, tinst num: 1042, tnode num: 6804, tedge num: 8212.
TMR-2508 : Levelizing timing graph completed, there are 29 levels in total.
TMR-2501 : Timing graph initialized successfully.
OPT-1001 : End timing update;  0.134274s wall, 0.125000s user + 0.000000s system = 0.125000s CPU (93.1%)

OPT-1001 : 0 high-fanout net processed.
OPT-1001 : End high-fanout net optimization;  0.259476s wall, 0.312500s user + 0.093750s system = 0.406250s CPU (156.6%)

OPT-1001 : Current memory(MB): used = 169, reserve = 134, peak = 169.
OPT-1001 : End physical optimization;  0.270367s wall, 0.328125s user + 0.093750s system = 0.421875s CPU (156.0%)

PHY-3001 : Start packing ...
SYN-4007 : Packing 0 MUX to BLE ...
SYN-4008 : Packed 0 MUX and 0 SEQ to BLE.
SYN-4007 : Packing 390 LUT to BLE ...
SYN-4008 : Packed 390 LUT and 143 SEQ to BLE.
SYN-4003 : Packing 353 remaining SEQ's ...
SYN-4005 : Packed 171 SEQ with LUT/SLICE
SYN-4006 : 97 single LUT's are left
SYN-4006 : 182 single SEQ's are left
SYN-4011 : Packing model "rx_top" (AL_USER_NORMAL) with 572/744 primitive instances ...
PHY-3001 : End packing;  0.035026s wall, 0.031250s user + 0.000000s system = 0.031250s CPU (89.2%)

PHY-1001 : Populate physical database on model rx_top.
RUN-1001 : There are total 478 instances
RUN-1001 : 221 mslices, 221 lslices, 25 pads, 3 brams, 0 dsps
RUN-1001 : There are total 1096 nets
RUN-1001 : 486 nets have 2 pins
RUN-1001 : 502 nets have [3 - 5] pins
RUN-1001 : 63 nets have [6 - 10] pins
RUN-1001 : 33 nets have [11 - 20] pins
RUN-1001 : 8 nets have [21 - 99] pins
RUN-1001 : 4 nets have 100+ pins
PHY-3001 : design contains 476 instances, 442 slices, 23 macros(122 instances: 74 mslices 48 lslices)
PHY-3001 : Cell area utilization is 5%
PHY-3001 : After packing: Len = 22091.8, Over = 39.75
PHY-3001 : Run with size of 2
PHY-3001 : Cell area utilization is 5%
PHY-3001 : :::0::: Try harder cell spreading with beta_ = 1.47025e-05
PHY-3002 : Step(52): len = 21253.4, overlap = 39.5
PHY-3002 : Step(53): len = 21354.6, overlap = 37.75
PHY-3002 : Step(54): len = 21439.4, overlap = 37.75
PHY-3001 : :::1::: Try harder cell spreading with beta_ = 2.9405e-05
PHY-3002 : Step(55): len = 21550.4, overlap = 39.25
PHY-3002 : Step(56): len = 21740.8, overlap = 38.75
PHY-3002 : Step(57): len = 22144.4, overlap = 39
PHY-3001 : :::2::: Try harder cell spreading with beta_ = 5.88101e-05
PHY-3002 : Step(58): len = 22478.8, overlap = 38.5
PHY-3002 : Step(59): len = 22533.7, overlap = 37.25
PHY-3002 : Step(60): len = 22770.2, overlap = 33.5
PHY-3001 : Legalization ...
PHY-3001 : End legalization;  0.125564s wall, 0.093750s user + 0.218750s system = 0.312500s CPU (248.9%)

PHY-3001 : Trial Legalized: Len = 33776.6
PHY-3001 : Run with size of 2
PHY-3001 : Cell area utilization is 5%
PHY-3001 : :::0::: Try harder cell spreading with beta_ = 0.000287528
PHY-3002 : Step(61): len = 28740.5, overlap = 9.25
PHY-3002 : Step(62): len = 26899.7, overlap = 12.5
PHY-3002 : Step(63): len = 25349.1, overlap = 14.25
PHY-3002 : Step(64): len = 24746.8, overlap = 14.75
PHY-3002 : Step(65): len = 24276.5, overlap = 14.75
PHY-3002 : Step(66): len = 24113.8, overlap = 13.75
PHY-3002 : Step(67): len = 23882.5, overlap = 13.25
PHY-3001 : :::1::: Try harder cell spreading with beta_ = 0.000575056
PHY-3002 : Step(68): len = 23945.4, overlap = 13.25
PHY-3002 : Step(69): len = 23966.2, overlap = 13
PHY-3001 : :::2::: Try harder cell spreading with beta_ = 0.00107982
PHY-3002 : Step(70): len = 24011.4, overlap = 12.75
PHY-3002 : Step(71): len = 24068.6, overlap = 12.75
PHY-3001 : Legalization ...
PHY-3001 : End legalization;  0.004625s wall, 0.000000s user + 0.000000s system = 0.000000s CPU (n/a%)

PHY-3001 : Legalized: Len = 29000.6, Over = 0
PHY-3001 : Spreading special nets. 14 overflows in 2952 tiles.
PHY-3001 : End spreading;  0.004214s wall, 0.000000s user + 0.000000s system = 0.000000s CPU (n/a%)

PHY-3001 : 20 instances has been re-located, deltaX = 3, deltaY = 18, maxDist = 2.
PHY-3001 : Final: Len = 29486.6, Over = 0
OPT-1001 : Start physical optimization ...
OPT-1001 : Total overflow 0.00 peak overflow 0.00
OPT-1001 : Start high-fanout net optimization ...
OPT-1001 : Update timing in global mode
PHY-1001 : Start incremental global routing, caller is place ...
RUN-1001 : Generating global routing grids ...
PHY-1001 : Generate routing nets ...
PHY-1001 : Reuse net number 24/1096.
PHY-1001 : Global iterations in 16 thread ...
PHY-1002 : len = 34952, over cnt = 121(0%), over = 185, worst = 5
PHY-1002 : len = 35840, over cnt = 70(0%), over = 93, worst = 5
PHY-1002 : len = 36968, over cnt = 4(0%), over = 5, worst = 2
PHY-1002 : len = 37016, over cnt = 2(0%), over = 2, worst = 1
PHY-1002 : len = 37096, over cnt = 0(0%), over = 0, worst = 0
PHY-1001 : End global iterations;  0.109178s wall, 0.125000s user + 0.109375s system = 0.234375s CPU (214.7%)

PHY-1001 : Congestion index: top1 = 27.74, top5 = 18.03, top10 = 11.94, top15 = 8.50.
PHY-1001 : End incremental global routing;  0.167191s wall, 0.171875s user + 0.109375s system = 0.281250s CPU (168.2%)

RUN-1002 : start command "start_timer -report"
TMR-5001 WARNING: No sdc constraints found while initiating timer.
TMR-2505 : Start building timing graph for model rx_top.
TMR-2506 : Build timing graph completely. Port num: 8, tpin num: 4327, tnet num: 1094, tinst num: 476, tnode num: 5595, tedge num: 7344.
TMR-2508 : Levelizing timing graph completed, there are 29 levels in total.
TMR-2501 : Timing graph initialized successfully.
OPT-1001 : End timing update;  0.149777s wall, 0.156250s user + 0.000000s system = 0.156250s CPU (104.3%)

OPT-1001 : 0 high-fanout net processed.
OPT-1001 : End high-fanout net optimization;  0.332072s wall, 0.343750s user + 0.109375s system = 0.453125s CPU (136.5%)

OPT-1001 : Current memory(MB): used = 171, reserve = 136, peak = 171.
OPT-1001 : Update timing in Manhattan mode
OPT-1001 : End timing update;  0.001378s wall, 0.000000s user + 0.000000s system = 0.000000s CPU (n/a%)

OPT-1001 : Start pin optimization...
OPT-1001 : skip pin optimization...
RUN-1001 : Generating global routing grids ...
PHY-1001 : Generate routing nets ...
PHY-1001 : Reuse net number 943/1096.
PHY-1001 : Global iterations in 16 thread ...
PHY-1002 : len = 37096, over cnt = 0(0%), over = 0, worst = 0
PHY-1001 : End global iterations;  0.004422s wall, 0.000000s user + 0.000000s system = 0.000000s CPU (n/a%)

PHY-1001 : Congestion index: top1 = 27.74, top5 = 18.03, top10 = 11.94, top15 = 8.50.
OPT-1001 : Update timing in Manhattan mode
OPT-1001 : End timing update;  0.001894s wall, 0.000000s user + 0.000000s system = 0.000000s CPU (n/a%)

RUN-1001 : QoR Analysis:
OPT-0007 :   WNS 2147483647 TNS 0 NUM_FEPS 0
RUN-1001 :   No local congestion issue, and most congested 1% tile average routing util is 27.344828
RUN-1001 :   Top critical paths
OPT-1001 : End physical optimization;  0.403814s wall, 0.375000s user + 0.140625s system = 0.515625s CPU (127.7%)

RUN-1003 : finish command "place" in  2.730644s wall, 3.093750s user + 3.484375s system = 6.578125s CPU (240.9%)

RUN-1004 : used memory is 154 MB, reserved memory is 120 MB, peak memory is 172 MB
RUN-1002 : start command "export_db rx_top_place.db"
RUN-1001 : Exported /
RUN-1001 : Exported flow parameters
RUN-1001 : Exported libs
RUN-1001 : Exported entities
RUN-1001 : Exported ports
RUN-1001 : Exported pins
RUN-1001 : Exported instances
RUN-1001 : Exported nets
RUN-1001 : Exported buses
RUN-1001 : Exported models
RUN-1001 : Exported congestions
RUN-1001 : Exported violations
RUN-1001 : Exported IO constraints
RUN-1001 : Exported Inst constraints
RUN-1001 : Exported ChipWatcher
RUN-1002 : start command "route"
RUN-1001 : Open license file C:/Anlogic/TD5.6.2/license/Anlogic.lic
RUN-1001 : Print Global Property
RUN-1001 : ---------------------------------------------------------------
RUN-1001 :        Parameters        |  Settings  |  Default Values  |  Note  
RUN-1001 : ---------------------------------------------------------------
RUN-1001 :          message         |  standard  |     standard     |        
RUN-1001 :   mixed_pack_place_flow  |     on     |        on        |        
RUN-1001 :        qor_monitor       |    off     |       off        |        
RUN-1001 :        syn_ip_flow       |    off     |       off        |        
RUN-1001 :          thread          |    auto    |       auto       |        
RUN-1001 : ---------------------------------------------------------------
RUN-1001 : Print Route Property
RUN-1001 : -------------------------------------------------------
RUN-1001 :    Parameters    |  Settings  |  Default Values  |  Note  
RUN-1001 : -------------------------------------------------------
RUN-1001 :      effort      |   medium   |      medium      |        
RUN-1001 :     fix_hold     |    off     |       off        |        
RUN-1001 :    opt_timing    |   medium   |      medium      |        
RUN-1001 :   phy_sim_model  |    off     |       off        |        
RUN-1001 :     priority     |   timing   |      timing      |        
RUN-1001 :     swap_pin     |     on     |        on        |        
RUN-1001 : -------------------------------------------------------
PHY-1001 : Route runs in 16 thread(s)
RUN-1001 : There are total 478 instances
RUN-1001 : 221 mslices, 221 lslices, 25 pads, 3 brams, 0 dsps
RUN-1001 : There are total 1096 nets
RUN-1001 : 486 nets have 2 pins
RUN-1001 : 502 nets have [3 - 5] pins
RUN-1001 : 63 nets have [6 - 10] pins
RUN-1001 : 33 nets have [11 - 20] pins
RUN-1001 : 8 nets have [21 - 99] pins
RUN-1001 : 4 nets have 100+ pins
RUN-1002 : start command "start_timer -report"
TMR-5001 WARNING: No sdc constraints found while initiating timer.
TMR-2505 : Start building timing graph for model rx_top.
TMR-2506 : Build timing graph completely. Port num: 8, tpin num: 4327, tnet num: 1094, tinst num: 476, tnode num: 5595, tedge num: 7344.
TMR-2508 : Levelizing timing graph completed, there are 29 levels in total.
TMR-2501 : Timing graph initialized successfully.
PHY-1001 : 221 mslices, 221 lslices, 25 pads, 3 brams, 0 dsps
TMR-2503 : Start to update net delay, extr mode = 3.
TMR-2504 : Update delay of 1094 nets completely.
TMR-2502 : Annotate delay completely, extr mode = 3.
TMR-3002 : No user constraint, initiate default constraint.
TMR-1501 : Assign derive clock DeriveClock to 614 clock pins, and constraint 1268 relative nodes.
TMR-3003 : Constraints initiated successfully.
TMR-3501 : Forward propagation: start to calculate arrival time...
TMR-3502 : Backward propagation: start to calculate required time...
TMR-3503 : Timing propagation completes.
PHY-1001 : Start global routing, caller is route ...
RUN-1001 : Generating global routing grids ...
PHY-1001 : Generate routing nets ...
PHY-1001 : Global iterations in 16 thread ...
PHY-1002 : len = 34792, over cnt = 115(0%), over = 176, worst = 5
PHY-1002 : len = 35592, over cnt = 70(0%), over = 94, worst = 5
PHY-1002 : len = 36784, over cnt = 2(0%), over = 3, worst = 2
PHY-1002 : len = 36832, over cnt = 0(0%), over = 0, worst = 0
PHY-1001 : End global iterations;  0.105045s wall, 0.109375s user + 0.000000s system = 0.109375s CPU (104.1%)

PHY-1001 : Congestion index: top1 = 27.54, top5 = 17.91, top10 = 11.87, top15 = 8.44.
PHY-1001 : End global routing;  0.160497s wall, 0.156250s user + 0.000000s system = 0.156250s CPU (97.4%)

PHY-1001 : Start detail routing ...
PHY-1001 : Current memory(MB): used = 197, reserve = 163, peak = 213.
PHY-1001 : Detailed router is running in normal mode.
PHY-1001 : Generate detailed routing grids ...
PHY-1001 : Processed IO instance DigitronCS_Out[3]_syn_2 with INV attribute.
PHY-1001 : Processed IO instance DigitronCS_Out[2]_syn_2 with INV attribute.
PHY-1001 : Processed IO instance DigitronCS_Out[1]_syn_2 with INV attribute.
PHY-1001 : Processed IO instance DigitronCS_Out[0]_syn_2 with INV attribute.
PHY-1001 : Generate nets ...
PHY-1001 : net CLK_dup_1 will be routed on clock mesh
PHY-1001 : clock net CLK_500K_syn_8 will be merged with clock CLK_500K
PHY-1001 : clock net RX_Done_Sig_syn_8 will be merged with clock RX_Done_Sig
PHY-1001 : clock net TX_Data_Valid_syn_8 will be merged with clock TX_Data_Valid
PHY-1001 : clock net U5/SingleNum_n_syn_3 will be merged with clock U5/SingleNum_n
PHY-1001 : clock net config_inst_syn_10 will be merged with clock config_inst_syn_9
PHY-1001 : Current memory(MB): used = 466, reserve = 436, peak = 466.
PHY-1001 : End build detailed router design. 3.007352s wall, 2.953125s user + 0.031250s system = 2.984375s CPU (99.2%)

PHY-1001 : Detail Route ...
PHY-1001 : ===== Detail Route Phase 1 =====
PHY-1001 : Clock net routing.....
PHY-1001 : Routed 0% nets.
PHY-1022 : len = 32216, over cnt = 0(0%), over = 0, worst = 0, crit = 0
PHY-1001 : End initial clock net routed; 2.370831s wall, 2.343750s user + 0.015625s system = 2.359375s CPU (99.5%)

PHY-1001 : Current memory(MB): used = 497, reserve = 469, peak = 497.
PHY-1001 : End phase 1; 2.377438s wall, 2.359375s user + 0.015625s system = 2.375000s CPU (99.9%)

PHY-1001 : ===== Detail Route Phase 2 =====
PHY-1001 : Initial routing.....
PHY-1001 : Routed 31% nets.
PHY-1001 : Routed 38% nets.
PHY-1001 : Routed 51% nets.
PHY-1001 : Routed 67% nets.
PHY-1001 : Routed 88% nets.
PHY-1022 : len = 146048, over cnt = 21(0%), over = 21, worst = 1, crit = 0
PHY-1001 : Current memory(MB): used = 498, reserve = 469, peak = 498.
PHY-1001 : End initial routed; 1.182980s wall, 1.656250s user + 0.140625s system = 1.796875s CPU (151.9%)

PHY-1001 : Current memory(MB): used = 498, reserve = 469, peak = 498.
PHY-1001 : End phase 2; 1.183077s wall, 1.656250s user + 0.140625s system = 1.796875s CPU (151.9%)

PHY-1001 : ===== Detail Route Phase 3 =====
PHY-1001 : Ripup-reroute.....
PHY-1001 : ===== DR Iter 1 =====
PHY-1022 : len = 145984, over cnt = 4(0%), over = 4, worst = 1, crit = 0
PHY-1001 : End DR Iter 1; 0.059997s wall, 0.062500s user + 0.000000s system = 0.062500s CPU (104.2%)

PHY-1001 : ===== DR Iter 2 =====
PHY-1022 : len = 146016, over cnt = 0(0%), over = 0, worst = 0, crit = 0
PHY-1001 : End DR Iter 2; 0.037255s wall, 0.031250s user + 0.000000s system = 0.031250s CPU (83.9%)

PHY-1001 : Commit to database.....
PHY-1001 : 3 feed throughs used by 3 nets
PHY-1001 : End commit to database; 0.247242s wall, 0.187500s user + 0.015625s system = 0.203125s CPU (82.2%)

PHY-1001 : Current memory(MB): used = 509, reserve = 480, peak = 509.
PHY-1001 : End phase 3; 0.555553s wall, 0.421875s user + 0.046875s system = 0.468750s CPU (84.4%)

PHY-1003 : Routed, final wirelength = 146016
PHY-1001 : Current memory(MB): used = 510, reserve = 481, peak = 510.
PHY-1001 : End export database. 0.016478s wall, 0.015625s user + 0.000000s system = 0.015625s CPU (94.8%)

PHY-1001 : End detail routing;  7.461551s wall, 7.734375s user + 0.234375s system = 7.968750s CPU (106.8%)

RUN-1003 : finish command "route" in  7.867798s wall, 8.140625s user + 0.234375s system = 8.375000s CPU (106.4%)

RUN-1004 : used memory is 447 MB, reserved memory is 419 MB, peak memory is 510 MB
RUN-1002 : start command "report_area -io_info -file rx_top_phy.area"
RUN-1001 : standard
***Report Model: rx_top Device: EG4S20BG256***

IO Statistics
#IO                        25
  #input                    4
  #output                  21
  #inout                    0

Utilization Statistics
#lut                      663   out of  19600    3.38%
#reg                      502   out of  19600    2.56%
#le                       845
  #lut only               343   out of    845   40.59%
  #reg only               182   out of    845   21.54%
  #lut&reg                320   out of    845   37.87%
#dsp                        0   out of     29    0.00%
#bram                       3   out of     64    4.69%
  #bram9k                   3
  #fifo9k                   0
#bram32k                    0   out of     16    0.00%
#pad                       25   out of    188   13.30%
  #ireg                     1
  #oreg                    13
  #treg                     0
#pll                        0   out of      4    0.00%
#gclk                       5   out of     16   31.25%

Clock Resource Statistics
Index     ClockNet             Type               DriverType         Driver                     Fanout
#1        config_inst_syn_9    GCLK               config             config_inst.jtck           148
#2        CLK_500K             GCLK               lslice             cnt2_b[4]_syn_19.q0        123
#3        CLK_dup_1            GCLK               io                 CLK_syn_2.di               18
#4        RX_Done_Sig          GCLK               mslice             U3/reg1_syn_106.q0         10
#5        TX_Data_Valid        GCLK               mslice             U6/reg2_syn_81.f0          6
#6        U5/SingleNum_n       GCLK               lslice             U5/SingleNum_n_syn_7.f0    6


Detailed IO Report

        Name           Direction    Location    IOStandard    DriveStrength    PullType    PackReg  
         CLK             INPUT         R7        LVCMOS33          N/A          PULLUP      NONE    
        RSTn             INPUT         A9        LVCMOS33          N/A          PULLUP      NONE    
      RX_En_Sig          INPUT        A10        LVCMOS33          N/A          PULLUP      NONE    
      RX_Pin_In          INPUT        F12        LVCMOS33          N/A          PULLUP      IREG    
  DigitronCS_Out[3]     OUTPUT         A3        LVCMOS33           8            NONE       OREG    
  DigitronCS_Out[2]     OUTPUT         A5        LVCMOS33           8            NONE       OREG    
  DigitronCS_Out[1]     OUTPUT         B6        LVCMOS33           8            NONE       OREG    
  DigitronCS_Out[0]     OUTPUT         C9        LVCMOS33           8            NONE       OREG    
   Digitron_Out[7]      OUTPUT         C8        LVCMOS33           8            NONE       NONE    
   Digitron_Out[6]      OUTPUT         A8        LVCMOS33           8            NONE       NONE    
   Digitron_Out[5]      OUTPUT         B5        LVCMOS33           8            NONE       NONE    
   Digitron_Out[4]      OUTPUT         A7        LVCMOS33           8            NONE       NONE    
   Digitron_Out[3]      OUTPUT         E8        LVCMOS33           8            NONE       NONE    
   Digitron_Out[2]      OUTPUT         B8        LVCMOS33           8            NONE       NONE    
   Digitron_Out[1]      OUTPUT         A6        LVCMOS33           8            NONE       NONE    
   Digitron_Out[0]      OUTPUT         A4        LVCMOS33           8            NONE       NONE    
     LED_Out[7]         OUTPUT        F16        LVCMOS33           8            NONE       OREG    
     LED_Out[6]         OUTPUT        E16        LVCMOS33           8            NONE       OREG    
     LED_Out[5]         OUTPUT        E13        LVCMOS33           8            NONE       OREG    
     LED_Out[4]         OUTPUT        C16        LVCMOS33           8            NONE       OREG    
     LED_Out[3]         OUTPUT        C15        LVCMOS33           8            NONE       OREG    
     LED_Out[2]         OUTPUT        B16        LVCMOS33           8            NONE       OREG    
     LED_Out[1]         OUTPUT        B15        LVCMOS33           8            NONE       OREG    
     LED_Out[0]         OUTPUT        B14        LVCMOS33           8            NONE       OREG    
     TX_Pin_Out         OUTPUT        D12        LVCMOS33           8            NONE       OREG    

Report Hierarchy Area:
+---------------------------------------------------------------------------------------------------------------+
|Instance                             |Module              |le     |lut     |ripple  |seq     |bram    |dsp     |
+---------------------------------------------------------------------------------------------------------------+
|top                                  |rx_top              |845    |541     |122     |516     |3       |0       |
|  U1                                 |detect_module       |1      |1       |0       |1       |0       |0       |
|  U2                                 |rx_bps_module       |26     |22      |4       |13      |0       |0       |
|  U3                                 |rx_control_module   |44     |39      |5       |14      |0       |0       |
|  U5                                 |Digitron_NumDisplay |115    |95      |18      |22      |0       |0       |
|  U6                                 |calculate_rx        |31     |27      |0       |25      |0       |0       |
|  U7                                 |tx_bitrate          |20     |16      |4       |14      |0       |0       |
|  U8                                 |uart_tx             |15     |15      |0       |10      |0       |0       |
|  cw_top                             |CW_TOP_WRAPPER      |564    |307     |81      |392     |0       |0       |
|    wrapper_cwc_top                  |cwc_top             |564    |307     |81      |392     |0       |0       |
|      cfg_int_inst                   |cwc_cfg_int         |258    |98      |0       |258     |0       |0       |
|        reg_inst                     |register            |255    |95      |0       |255     |0       |0       |
|        tap_inst                     |tap                 |3      |3       |0       |3       |0       |0       |
|      trigger_inst                   |trigger             |306    |209     |81      |134     |0       |0       |
|        bus_inst                     |bus_top             |67     |47      |16      |39      |0       |0       |
|          BUS_DETECTOR[0]$bus_nodes  |bus_det             |16     |10      |6       |7       |0       |0       |
|          BUS_DETECTOR[10]$bus_nodes |bus_det             |2      |2       |0       |2       |0       |0       |
|          BUS_DETECTOR[11]$bus_nodes |bus_det             |2      |2       |0       |2       |0       |0       |
|          BUS_DETECTOR[12]$bus_nodes |bus_det             |1      |0       |0       |1       |0       |0       |
|          BUS_DETECTOR[13]$bus_nodes |bus_det             |2      |2       |0       |2       |0       |0       |
|          BUS_DETECTOR[14]$bus_nodes |bus_det             |3      |3       |0       |3       |0       |0       |
|          BUS_DETECTOR[1]$bus_nodes  |bus_det             |2      |2       |0       |2       |0       |0       |
|          BUS_DETECTOR[2]$bus_nodes  |bus_det             |2      |2       |0       |2       |0       |0       |
|          BUS_DETECTOR[5]$bus_nodes  |bus_det             |3      |2       |0       |3       |0       |0       |
|          BUS_DETECTOR[6]$bus_nodes  |bus_det             |4      |2       |0       |4       |0       |0       |
|          BUS_DETECTOR[7]$bus_nodes  |bus_det             |1      |1       |0       |1       |0       |0       |
|          BUS_DETECTOR[8]$bus_nodes  |bus_det             |2      |2       |0       |2       |0       |0       |
|          BUS_DETECTOR[9]$bus_nodes  |bus_det             |27     |17      |10      |8       |0       |0       |
|        emb_ctrl_inst                |emb_ctrl            |138    |105     |33      |59      |0       |0       |
+---------------------------------------------------------------------------------------------------------------+


DataNet Average Fanout:

   Index     Fanout     Nets  
    #1          1       461   
    #2          2       404   
    #3          3        79   
    #4          4        19   
    #5        5-10       66   
    #6        11-50      30   
    #7       51-100      3    
    #8       101-500     1    
  Average     2.72            

RUN-1002 : start command "export_db rx_top_pr.db"
RUN-1001 : Exported /
RUN-1001 : Exported flow parameters
RUN-1001 : Exported libs
RUN-1001 : Exported entities
RUN-1001 : Exported ports
RUN-1001 : Exported pins
RUN-1001 : Exported instances
RUN-1001 : Exported nets
RUN-1001 : Exported buses
RUN-1001 : Exported models
RUN-1001 : Exported congestions
RUN-1001 : Exported violations
RUN-1001 : Exported IO constraints
RUN-1001 : Exported Inst constraints
RUN-1001 : Exported ChipWatcher
RUN-1002 : start command "export_bid rx_top_inst.bid"
PRG-1000 : <!-- HMAC is: fcff752b04e89b1686f001635a015142458698f0313e9ec6487ef04f0cab346d -->
RUN-1002 : start command "bitgen -bit rx_top.bit -unused_io_status pulldown"
BIT-1003 : Start to generate bitstream. 
BIT-1002 : Bitgen processed 163 unused pads, reserve input tri_state with pulldown
BIT-1002 : Init instances with 16 threads.
BIT-1002 : Init instances completely, inst num: 639
BIT-1002 : Init pips with 16 threads.
BIT-1002 : Init pips completely, net num: 1096, pip num: 9917
BIT-1002 : Init feedthrough completely, num: 3
BIT-1003 : Multithreading accelaration with 16 threads.
BIT-1003 : Generate bitstream completely, there are 1250 valid insts, and 27457 bits set as '1'.
BIT-1004 : the usercode register value: 00000000101000111100100000100010
BIT-1004 : PLL setting string = 0000
BIT-1004 : Generate bits file rx_top.bit.
RUN-1003 : finish command "bitgen -bit rx_top.bit -unused_io_status pulldown" in  2.278114s wall, 13.281250s user + 0.281250s system = 13.562500s CPU (595.3%)

RUN-1004 : used memory is 452 MB, reserved memory is 430 MB, peak memory is 646 MB
RUN-1002 : start command "backup_run_log run.log ../.logs/phy_1/td_20240828_092337.log"
