============================================================
   Tang Dynasty, V5.6.71036
      Copyright (c) 2012-2023 Anlogic Inc.
   Executable = C:/Anlogic/TD5.6.2/bin/td.exe
   Built at =   20:34:38 Mar 21 2023
   Run by =     Lenovo
   Run Date =   Tue Aug 27 21:43:50 2024

   Run on =     LAPTOP-QRG7LJL6
============================================================
RUN-1002 : start command "open_project rx_top.prj"
RUN-1001 : Print Global Property
RUN-1001 : ---------------------------------------------------------------
RUN-1001 :        Parameters        |  Settings  |  Default Values  |  Note  
RUN-1001 : ---------------------------------------------------------------
RUN-1001 :          message         |  standard  |     standard     |        
RUN-1001 :   mixed_pack_place_flow  |     on     |        on        |        
RUN-1001 :        qor_monitor       |    off     |       off        |        
RUN-1001 :        syn_ip_flow       |    off     |       off        |        
RUN-1001 :          thread          |    auto    |       auto       |        
RUN-1001 : ---------------------------------------------------------------
RUN-1001 : Print Design Property
RUN-1001 : --------------------------------------------------------------
RUN-1001 :        Parameters       |  Settings  |  Default Values  |  Note  
RUN-1001 : --------------------------------------------------------------
RUN-1001 :   default_reg_initial   |    auto    |       auto       |        
RUN-1001 :        infer_add        |     on     |        on        |        
RUN-1001 :        infer_fsm        |    off     |       off        |        
RUN-1001 :        infer_mult       |     on     |        on        |        
RUN-1001 :        infer_ram        |     on     |        on        |        
RUN-1001 :        infer_reg        |     on     |        on        |        
RUN-1001 :   infer_reg_init_value  |     on     |        on        |        
RUN-1001 :        infer_rom        |     on     |        on        |        
RUN-1001 :      infer_shifter      |     on     |        on        |        
RUN-1001 : --------------------------------------------------------------
RUN-1001 : Print Rtl Property
RUN-1001 : --------------------------------------------------------------
RUN-1001 :        Parameters       |  Settings  |  Default Values  |  Note  
RUN-1001 : --------------------------------------------------------------
RUN-1001 :       compress_add      |   ripple   |      ripple      |        
RUN-1001 :        elf_sload        |    off     |       off        |        
RUN-1001 :       fix_undriven      |     0      |        0         |        
RUN-1001 :         flatten         |    off     |       off        |        
RUN-1001 :       gate_sharing      |     on     |        on        |        
RUN-1001 :    hdl_warning_level    |   normal   |      normal      |        
RUN-1001 :   impl_internal_tribuf  |     on     |        on        |        
RUN-1001 :      impl_set_reset     |     on     |        on        |        
RUN-1001 :        infer_gsr        |    off     |       off        |        
RUN-1001 :      keep_hierarchy     |    auto    |       auto       |        
RUN-1001 :        max_fanout       |    9999    |       9999       |        
RUN-1001 :      max_oh2bin_len     |     10     |        10        |        
RUN-1001 :       merge_equal       |     on     |        on        |        
RUN-1001 :       merge_equiv       |     on     |        on        |        
RUN-1001 :        merge_mux        |    off     |       off        |        
RUN-1001 :     min_control_set     |     8      |        8         |        
RUN-1001 :      min_ripple_len     |    auto    |       auto       |        
RUN-1001 :       oh2bin_ratio      |    0.08    |       0.08       |        
RUN-1001 :     opt_adder_fanout    |     on     |        on        |        
RUN-1001 :        opt_arith        |     on     |        on        |        
RUN-1001 :       opt_big_gate      |    off     |       off        |        
RUN-1001 :        opt_const        |     on     |        on        |        
RUN-1001 :      opt_const_mult     |     on     |        on        |        
RUN-1001 :       opt_lessthan      |     on     |        on        |        
RUN-1001 :         opt_mux         |    off     |       off        |        
RUN-1001 :         opt_ram         |    high    |       high       |        
RUN-1001 :      rtl_sim_model      |    off     |       off        |        
RUN-1001 :         seq_syn         |     on     |        on        |        
RUN-1001 : --------------------------------------------------------------
HDL-1007 : analyze verilog file ../../Digitron_NumDisplay.v
HDL-1007 : analyze verilog file ../../LED_display_module.v
HDL-5007 WARNING: empty port in module declaration in ../../LED_display_module.v(3)
HDL-1007 : analyze verilog file ../../detect_module.v
HDL-1007 : analyze verilog file ../../rx_bps_module.v
HDL-1007 : analyze verilog file ../../rx_control_module.v
HDL-1007 : analyze verilog file ../../rx_top.v
HDL-1007 : analyze verilog file ../../tx_control.v
HDL-1007 : analyze verilog file ../../calculate_rx.v
HDL-1007 : analyze verilog file ../../tx_bitrate.v
RUN-1001 : Project manager successfully analyzed 9 source files.
RUN-1002 : start command "import_device eagle_s20.db -package EG4S20BG256"
ARC-1001 : Device Initialization.
ARC-1001 : ------------------------------------------------------------------
ARC-1001 :            OPTION            |          IO          |   SETTING   
ARC-1001 : ------------------------------------------------------------------
ARC-1001 :   cso_b/cclk/mosi/miso/dout  |  T3/R11/T10/P10/S11  |    gpio    
ARC-1001 :             done             |         P13          |    gpio    
ARC-1001 :           program_b          |          T2          |  dedicate  
ARC-1001 :        tdi/tms/tck/tdo       |   C12/A15/C14/E14    |  dedicate  
ARC-1001 : ------------------------------------------------------------------
ARC-1004 : Device setting, marked 5 dedicate IOs in total.
RUN-1002 : start command "import_db ../syn_1/rx_top_gate.db"
RUN-1001 : Importing database generated by Tang Dynasty, V5.6.71036.
RUN-1001 : Database version number 46146.
RUN-1001 : Import flow parameters
RUN-1001 : Import IO constraints
RUN-1001 : Import Inst constraints
RUN-1001 : Import design success TD_VERSION=5.6.71036 , DB_VERSION=46146
RUN-1002 : start command "config_chipwatcher ../../tx.cwc -dir "
RUN-1002 : start command "legalize_phy_inst"
SYN-1011 : Flatten model rx_top
KIT-1004 : ChipWatcher: import watcher inst auto_chipwatcher_0 completed, there are 1 view nodes, 1 trigger nets, 1 data nets.
KIT-1004 : Chipwatcher code = 0111111111101100
RUN-1002 : start command "compile_watcher"
RUN-1002 : start command "read_verilog -no_sch -dir C:/Anlogic/TD5.6.2/cw/ -file rx_top_watcherInst.sv -lib cw -top CW_TOP_WRAPPER"
HDL-1007 : analyze verilog file C:/Anlogic/TD5.6.2/cw\bus_det.v
HDL-1007 : analyze verilog file C:/Anlogic/TD5.6.2/cw\bus_top.sv
HDL-1007 : analyze verilog file C:/Anlogic/TD5.6.2/cw\cfg_int.v
HDL-1007 : analyze verilog file C:/Anlogic/TD5.6.2/cw\cwc_cfg_int.v
HDL-1007 : analyze verilog file C:/Anlogic/TD5.6.2/cw\cwc_top.sv
HDL-1007 : analyze verilog file C:/Anlogic/TD5.6.2/cw\detect_bus.v
HDL-1007 : analyze verilog file C:/Anlogic/TD5.6.2/cw\detect_non_bus.v
HDL-1007 : analyze verilog file C:/Anlogic/TD5.6.2/cw\emb_ctrl.v
HDL-1007 : analyze verilog file C:/Anlogic/TD5.6.2/cw\register.v
HDL-1007 : analyze verilog file C:/Anlogic/TD5.6.2/cw\tap.v
HDL-1007 : analyze verilog file C:/Anlogic/TD5.6.2/cw\trigger.sv
HDL-1007 : analyze verilog file rx_top_watcherInst.sv
HDL-1007 : elaborate module CW_TOP_WRAPPER in rx_top_watcherInst.sv(1)
HDL-1007 : elaborate module cwc_top(BUS_NUM=1,BUS_DIN_NUM=1,BUS_CTRL_NUM=6,BUS_WIDTH='{32'sb01},BUS_DIN_POS='{32'sb0},BUS_CTRL_POS='{32'sb0}) in C:/Anlogic/TD5.6.2/cw\cwc_top.sv(21)
HDL-1007 : elaborate module cwc_cfg_int(CTRL_REG_LEN=28) in C:/Anlogic/TD5.6.2/cw\cwc_cfg_int.v(21)
HDL-1007 : elaborate module register(CTRL_REG_LEN=28) in C:/Anlogic/TD5.6.2/cw\register.v(21)
HDL-1007 : elaborate module tap in C:/Anlogic/TD5.6.2/cw\tap.v(21)
HDL-1007 : elaborate module trigger(BUS_NUM=1,BUS_DIN_NUM=1,BUS_CTRL_NUM=6,BUS_WIDTH='{32'sb01},BUS_DIN_POS='{32'sb0},BUS_CTRL_POS='{32'sb0}) in C:/Anlogic/TD5.6.2/cw\trigger.sv(21)
HDL-1007 : elaborate module bus_top(BUS_NODE_NUM=1,BUS_DIN_NUM=1,BUS_CTRL_NUM=6,BUS_WIDTH='{32'sb01},BUS_DIN_POS='{32'sb0},BUS_CTRL_POS='{32'sb0}) in C:/Anlogic/TD5.6.2/cw\bus_top.sv(22)
HDL-1007 : elaborate module bus_det(BUS_WIDTH=32'sb01) in C:/Anlogic/TD5.6.2/cw\bus_det.v(21)
HDL-1007 : elaborate module emb_ctrl in C:/Anlogic/TD5.6.2/cw\emb_ctrl.v(21)
HDL-1200 : Current top model is CW_TOP_WRAPPER
HDL-1100 : Inferred 0 RAMs.
RUN-1002 : start command "force_keep -a auto_chipwatcher_0_logicbram"
RUN-1002 : start command "optimize_rtl -no_sch"
RUN-1001 : Open license file C:/Anlogic/TD5.6.2/license/Anlogic.lic
RUN-1001 : Print Global Property
RUN-1001 : ---------------------------------------------------------------
RUN-1001 :        Parameters        |  Settings  |  Default Values  |  Note  
RUN-1001 : ---------------------------------------------------------------
RUN-1001 :          message         |  standard  |     standard     |        
RUN-1001 :   mixed_pack_place_flow  |     on     |        on        |        
RUN-1001 :        qor_monitor       |    off     |       off        |        
RUN-1001 :        syn_ip_flow       |    off     |       off        |        
RUN-1001 :          thread          |    auto    |       auto       |        
RUN-1001 : ---------------------------------------------------------------
RUN-1001 : Print Rtl Property
RUN-1001 : --------------------------------------------------------------
RUN-1001 :        Parameters       |  Settings  |  Default Values  |  Note  
RUN-1001 : --------------------------------------------------------------
RUN-1001 :       compress_add      |   ripple   |      ripple      |        
RUN-1001 :        elf_sload        |    off     |       off        |        
RUN-1001 :       fix_undriven      |     0      |        0         |        
RUN-1001 :         flatten         |    off     |       off        |        
RUN-1001 :       gate_sharing      |     on     |        on        |        
RUN-1001 :    hdl_warning_level    |   normal   |      normal      |        
RUN-1001 :   impl_internal_tribuf  |     on     |        on        |        
RUN-1001 :      impl_set_reset     |     on     |        on        |        
RUN-1001 :        infer_gsr        |    off     |       off        |        
RUN-1001 :      keep_hierarchy     |    auto    |       auto       |        
RUN-1001 :        max_fanout       |    9999    |       9999       |        
RUN-1001 :      max_oh2bin_len     |     10     |        10        |        
RUN-1001 :       merge_equal       |     on     |        on        |        
RUN-1001 :       merge_equiv       |     on     |        on        |        
RUN-1001 :        merge_mux        |    off     |       off        |        
RUN-1001 :     min_control_set     |     8      |        8         |        
RUN-1001 :      min_ripple_len     |    auto    |       auto       |        
RUN-1001 :       oh2bin_ratio      |    0.08    |       0.08       |        
RUN-1001 :     opt_adder_fanout    |     on     |        on        |        
RUN-1001 :        opt_arith        |     on     |        on        |        
RUN-1001 :       opt_big_gate      |    off     |       off        |        
RUN-1001 :        opt_const        |     on     |        on        |        
RUN-1001 :      opt_const_mult     |     on     |        on        |        
RUN-1001 :       opt_lessthan      |     on     |        on        |        
RUN-1001 :         opt_mux         |    off     |       off        |        
RUN-1001 :         opt_ram         |    high    |       high       |        
RUN-1001 :      rtl_sim_model      |    off     |       off        |        
RUN-1001 :         seq_syn         |     on     |        on        |        
RUN-1001 : --------------------------------------------------------------
SYN-1012 : SanityCheck: Model "rx_top"
SYN-1012 : SanityCheck: Model "CW_TOP_WRAPPER"
SYN-1012 : SanityCheck: Model "cwc_top(BUS_NUM=1,BUS_DIN_NUM=1,BUS_CTRL_NUM=6,BUS_WIDTH='{32'sb01},BUS_DIN_POS='{32'sb0},BUS_CTRL_POS='{32'sb0})"
SYN-1012 : SanityCheck: Model "cwc_cfg_int(CTRL_REG_LEN=28)"
SYN-1012 : SanityCheck: Model "register(CTRL_REG_LEN=28)"
SYN-1012 : SanityCheck: Model "tap"
SYN-1012 : SanityCheck: Model "trigger(BUS_NUM=1,BUS_DIN_NUM=1,BUS_CTRL_NUM=6,BUS_WIDTH='{32'sb01},BUS_DIN_POS='{32'sb0},BUS_CTRL_POS='{32'sb0})"
SYN-1012 : SanityCheck: Model "bus_top(BUS_NODE_NUM=1,BUS_DIN_NUM=1,BUS_CTRL_NUM=6,BUS_WIDTH='{32'sb01},BUS_DIN_POS='{32'sb0},BUS_CTRL_POS='{32'sb0})"
SYN-1012 : SanityCheck: Model "bus_det(BUS_WIDTH=32'sb01)"
SYN-1012 : SanityCheck: Model "emb_ctrl"
SYN-1011 : Flatten model rx_top
SYN-1032 : 1078/5 useful/useless nets, 561/3 useful/useless insts
SYN-1016 : Merged 12 instances.
SYN-1032 : 973/2 useful/useless nets, 456/2 useful/useless insts
SYN-1032 : 967/6 useful/useless nets, 771/6 useful/useless insts
SYN-1014 : Optimize round 1
SYN-1032 : 951/16 useful/useless nets, 759/12 useful/useless insts
SYN-1020 : Optimized 1 distributor mux.
SYN-1015 : Optimize round 1, 177 better
SYN-1014 : Optimize round 2
SYN-1015 : Optimize round 2, 0 better
SYN-1014 : Optimize round 1
SYN-1015 : Optimize round 1, 0 better
RUN-1002 : start command "optimize_gate -no_sch"
RUN-1001 : Open license file C:/Anlogic/TD5.6.2/license/Anlogic.lic
RUN-1001 : Print Global Property
RUN-1001 : ---------------------------------------------------------------
RUN-1001 :        Parameters        |  Settings  |  Default Values  |  Note  
RUN-1001 : ---------------------------------------------------------------
RUN-1001 :          message         |  standard  |     standard     |        
RUN-1001 :   mixed_pack_place_flow  |     on     |        on        |        
RUN-1001 :        qor_monitor       |    off     |       off        |        
RUN-1001 :        syn_ip_flow       |    off     |       off        |        
RUN-1001 :          thread          |    auto    |       auto       |        
RUN-1001 : ---------------------------------------------------------------
RUN-1001 : Print Gate Property
RUN-1001 : ------------------------------------------------------------------
RUN-1001 :          Parameters         |  Settings  |  Default Values  |  Note  
RUN-1001 : ------------------------------------------------------------------
RUN-1001 :         cascade_dsp         |    off     |       off        |        
RUN-1001 :         cascade_eram        |    off     |       off        |        
RUN-1001 :        gate_sim_model       |    off     |       off        |        
RUN-1001 :        map_sim_model        |    off     |       off        |        
RUN-1001 :         map_strategy        |     1      |        1         |        
RUN-1001 :           opt_area          |   medium   |      medium      |        
RUN-1001 :          opt_timing         |    auto    |       auto       |        
RUN-1001 :         pack_effort         |   medium   |      medium      |        
RUN-1001 :      pack_lslice_ripple     |     on     |        on        |        
RUN-1001 :   pack_lslice_ripple_ratio  |    0.5     |       0.5        |        
RUN-1001 :        pack_seq_in_io       |    auto    |       auto       |        
RUN-1001 :        ph1_mux_ratio        |    1.0     |       1.0        |        
RUN-1001 :            report           |  standard  |     standard     |        
RUN-1001 :           retiming          |    off     |       off        |        
RUN-1001 : ------------------------------------------------------------------
SYN-2001 : Map 25 IOs to PADs
RUN-1002 : start command "update_pll_param -module rx_top"
SYN-2501 : Processed 0 LOGIC_BUF instances.
SYN-2512 : LOGIC BRAM "auto_chipwatcher_0_logicbram"
SYN-2571 : Optimize after map_dsp, round 1
SYN-2571 : Optimize after map_dsp, round 1, 0 better
SYN-1001 : Throwback 4 control mux instances
SYN-2501 : Optimize round 1
SYN-2501 : Optimize round 1, 0 better
SYN-2501 : Map 10 macro adder
SYN-1019 : Optimized 1 mux instances.
SYN-1016 : Merged 8 instances.
SYN-1032 : 1141/2 useful/useless nets, 949/1 useful/useless insts
SYN-3001 : Running gate level optimization.
SYN-2581 : Mapping with K=5, #lut = 130 (3.93), #lev = 3 (1.95)
SYN-2551 : Post LUT mapping optimization.
SYN-2581 : Mapping with K=5, #lut = 130 (3.93), #lev = 3 (1.95)
SYN-3001 : Logic optimization runtime opt =   0.02 sec, map =   0.00 sec
SYN-3001 : Mapper mapped 255 instances into 130 LUTs, name keeping = 73%.
SYN-1001 : Packing model "rx_top" ...
SYN-4010 : Pack lib has 58 rtl pack models with 25 top pack blocks
SYN-1014 : Optimize round 1
SYN-1015 : Optimize round 1, 0 better
SYN-4002 : Packing 149 DFF/LATCH to SEQ ...
SYN-4009 : Pack 5 carry chain into lslice
SYN-4007 : Packing 86 adder to BLE ...
SYN-4008 : Packed 86 adder and 0 SEQ to BLE.
SYN-4007 : Packing 0 gate4 to BLE ...
SYN-4008 : Packed 0 gate4 and 0 SEQ to BLE.
SYN-4012 : Packed 0 FxMUX
RUN-1002 : start command "legalize_phy_inst"
SYN-1011 : Flatten model rx_top
KIT-1004 : Compile Chipwatcher: Clear obsolete physical data.
RUN-1002 : start command "place"
RUN-1001 : Open license file C:/Anlogic/TD5.6.2/license/Anlogic.lic
RUN-1001 : Print Global Property
RUN-1001 : ---------------------------------------------------------------
RUN-1001 :        Parameters        |  Settings  |  Default Values  |  Note  
RUN-1001 : ---------------------------------------------------------------
RUN-1001 :          message         |  standard  |     standard     |        
RUN-1001 :   mixed_pack_place_flow  |     on     |        on        |        
RUN-1001 :        qor_monitor       |    off     |       off        |        
RUN-1001 :        syn_ip_flow       |    off     |       off        |        
RUN-1001 :          thread          |    auto    |       auto       |        
RUN-1001 : ---------------------------------------------------------------
RUN-1001 : Print Place Property
RUN-1001 : --------------------------------------------------------------
RUN-1001 :        Parameters       |  Settings  |  Default Values  |  Note  
RUN-1001 : --------------------------------------------------------------
RUN-1001 :      detailed_place     |     on     |        on        |        
RUN-1001 :          effort         |   medium   |      medium      |        
RUN-1001 :         fix_hold        |    off     |       off        |        
RUN-1001 :       legalization      |    ori     |       ori        |        
RUN-1001 :      new_spreading      |     on     |        on        |        
RUN-1001 :        opt_timing       |   medium   |      medium      |        
RUN-1001 :   post_clock_route_opt  |    off     |       off        |        
RUN-1001 :       pr_strategy       |     1      |        1         |        
RUN-1001 :        relaxation       |    1.00    |       1.00       |        
RUN-1001 :         retiming        |    off     |       off        |        
RUN-1001 : --------------------------------------------------------------
PHY-3001 : Placer runs in 16 thread(s).
RUN-1002 : start command "legalize_phy_inst"
SYN-1011 : Flatten model rx_top
SYN-5055 WARNING: The kept net U2/BPS_CLK_n will be merged to another kept net BPS_CLK
SYN-5055 WARNING: The kept net U3/BPS_CLK will be merged to another kept net BPS_CLK
SYN-5055 WARNING: The kept net U1/CLK will be merged to another kept net CLK_500K
SYN-5055 WARNING: The kept net U3/isCount will be merged to another kept net Count_Sig
SYN-5055 WARNING: The kept net U2/Count_Sig will be merged to another kept net Count_Sig
SYN-5055 WARNING: The kept net U3/isDone will be merged to another kept net RX_Done_Sig
SYN-5055 WARNING: The kept net U4/RX_Done_Sig will be merged to another kept net RX_Done_Sig
SYN-5055 WARNING: The kept net U6/TX_Data_n will be merged to another kept net TX_Data_Valid
SYN-5055 WARNING: The kept net U8/TX_Data_Valid will be merged to another kept net TX_Data_Valid
SYN-5055 WARNING: The kept net U1/neg_sig_n will be merged to another kept net neg_sig
SYN-5055 Similar messages will be suppressed.
RUN-1002 : start command "phys_opt -simplify_lut"
SYN-4016 : Net config_inst_syn_10 driven by BUFG (74 clock/control pins, 0 other pins).
SYN-4024 : Net "CLK_500K" drives clk pins.
SYN-4024 : Net "CLK_dup_1" drives clk pins.
SYN-4024 : Net "U5/SingleNum_n" drives clk pins.
SYN-4024 : Net "TX_Data_Valid" drives clk pins.
SYN-4025 : Tag rtl::Net CLK_500K as clock net
SYN-4025 : Tag rtl::Net CLK_dup_1 as clock net
SYN-4025 : Tag rtl::Net TX_Data_Valid as clock net
SYN-4025 : Tag rtl::Net U5/SingleNum_n as clock net
SYN-4025 : Tag rtl::Net config_inst_syn_10 as clock net
SYN-4026 : Tagged 5 rtl::Net as clock net
SYN-4015 : Create BUFG instance for clk Net CLK_500K to drive 132 clock pins.
SYN-4015 : Create BUFG instance for clk Net TX_Data_Valid to drive 8 clock pins.
SYN-4015 : Create BUFG instance for clk Net U5/SingleNum_n to drive 8 clock pins.
PHY-1001 : Populate physical database on model rx_top.
RUN-1001 : There are total 693 instances
RUN-0007 : 320 luts, 230 seqs, 67 mslices, 43 lslices, 25 pads, 1 brams, 0 dsps
RUN-1001 : There are total 885 nets
RUN-1001 : 548 nets have 2 pins
RUN-1001 : 240 nets have [3 - 5] pins
RUN-1001 : 61 nets have [6 - 10] pins
RUN-1001 : 24 nets have [11 - 20] pins
RUN-1001 : 10 nets have [21 - 99] pins
RUN-1001 : 2 nets have 100+ pins
RUN-1001 : Report Control nets information:
RUN-1001 : DFF Distribution
RUN-1001 : ----------------------------------
RUN-1001 :   CE   |  SSR  |  ASR  |  DFF Count  
RUN-1001 : ----------------------------------
RUN-1001 :   No   |  No   |  No   |     32      
RUN-1001 :   No   |  No   |  Yes  |     128     
RUN-1001 :   No   |  Yes  |  No   |      0      
RUN-1001 :   Yes  |  No   |  No   |      0      
RUN-1001 :   Yes  |  No   |  Yes  |     70      
RUN-1001 :   Yes  |  Yes  |  No   |      0      
RUN-1001 : ----------------------------------
RUN-0007 : Control Group Statistic
RUN-0007 : ---------------------------
RUN-0007 :   #CLK  |  #CE  |  #SSR/ASR  
RUN-0007 : ---------------------------
RUN-0007 :    5    |   4   |     5      
RUN-0007 : ---------------------------
RUN-0007 : Control Set = 12
PHY-3001 : Initial placement ...
PHY-3001 : design contains 691 instances, 320 luts, 230 seqs, 110 slices, 19 macros(110 instances: 67 mslices 43 lslices)
PHY-0007 : Cell area utilization is 2%
PHY-3001 : Global placement ...
PHY-3001 : Initial: Len = 201324
PHY-3001 : Clustering ...
PHY-3001 : Level 0 #clusters 691.
PHY-3001 : End clustering;  0.000036s wall, 0.000000s user + 0.000000s system = 0.000000s CPU (n/a%)

PHY-3001 : Run with size of 4
PHY-3001 : Cell area utilization is 2%
PHY-3001 : :::0::: Try harder cell spreading with beta_ = 0
PHY-3002 : Step(1): len = 113089, overlap = 2.25
PHY-3002 : Step(2): len = 77947.6, overlap = 2.25
PHY-3002 : Step(3): len = 55524.5, overlap = 2.25
PHY-3002 : Step(4): len = 41185.2, overlap = 2.25
PHY-3002 : Step(5): len = 32540.3, overlap = 2.25
PHY-3002 : Step(6): len = 29138, overlap = 0
PHY-3002 : Step(7): len = 25922.6, overlap = 2.25
PHY-3002 : Step(8): len = 23716.6, overlap = 2.25
PHY-3002 : Step(9): len = 22134.2, overlap = 2.25
PHY-3002 : Step(10): len = 20173, overlap = 2.25
PHY-3002 : Step(11): len = 18647.5, overlap = 2.65625
PHY-3002 : Step(12): len = 18096.1, overlap = 7.4375
PHY-3001 : :::1::: Try harder cell spreading with beta_ = 0.000628705
PHY-3002 : Step(13): len = 17966.6, overlap = 7.4375
PHY-3002 : Step(14): len = 16474.3, overlap = 7.21875
PHY-3002 : Step(15): len = 16464, overlap = 7.3125
PHY-3002 : Step(16): len = 15560.6, overlap = 10
PHY-3002 : Step(17): len = 15544.3, overlap = 10.125
PHY-3002 : Step(18): len = 15299.5, overlap = 10.5625
PHY-3001 : :::2::: Try harder cell spreading with beta_ = 0.00125741
PHY-3002 : Step(19): len = 15250.7, overlap = 10.5625
PHY-3002 : Step(20): len = 15123.1, overlap = 8.0625
PHY-3002 : Step(21): len = 14919.4, overlap = 8.0625
PHY-3001 : Legalization ...
PHY-3001 : End legalization;  0.005129s wall, 0.000000s user + 0.000000s system = 0.000000s CPU (n/a%)

PHY-3001 : Run with size of 4
PHY-3001 : Cell area utilization is 3%
PHY-3001 : :::0::: Try harder cell spreading with beta_ = 0.000127871
PHY-3002 : Step(22): len = 15097.6, overlap = 19.25
PHY-3002 : Step(23): len = 15282.5, overlap = 19.4688
PHY-3002 : Step(24): len = 15674.1, overlap = 16.125
PHY-3002 : Step(25): len = 16135, overlap = 15.8438
PHY-3002 : Step(26): len = 14820.4, overlap = 20.875
PHY-3002 : Step(27): len = 15048.2, overlap = 20.9375
PHY-3002 : Step(28): len = 14943, overlap = 21.5625
PHY-3002 : Step(29): len = 15289.8, overlap = 19
PHY-3002 : Step(30): len = 14979.7, overlap = 16.4375
PHY-3002 : Step(31): len = 15132.1, overlap = 13.1875
PHY-3002 : Step(32): len = 14957.9, overlap = 8.6875
PHY-3002 : Step(33): len = 14446.6, overlap = 6.375
PHY-3002 : Step(34): len = 14419.6, overlap = 4.8125
PHY-3002 : Step(35): len = 13658.5, overlap = 4.40625
PHY-3002 : Step(36): len = 13570.5, overlap = 4.625
PHY-3002 : Step(37): len = 13205.6, overlap = 7.5
PHY-3002 : Step(38): len = 13223.4, overlap = 10.4375
PHY-3002 : Step(39): len = 12410.5, overlap = 12.375
PHY-3002 : Step(40): len = 12416.8, overlap = 12.375
PHY-3002 : Step(41): len = 11958.9, overlap = 12.625
PHY-3002 : Step(42): len = 11853.9, overlap = 12.875
PHY-3002 : Step(43): len = 11607.5, overlap = 13.9375
PHY-3001 : :::1::: Try harder cell spreading with beta_ = 0.000255742
PHY-3002 : Step(44): len = 11098.6, overlap = 13.8125
PHY-3002 : Step(45): len = 11235.4, overlap = 13.8125
PHY-3002 : Step(46): len = 11235.4, overlap = 13.8125
PHY-3001 : :::2::: Try harder cell spreading with beta_ = 0.000511484
PHY-3002 : Step(47): len = 11034.3, overlap = 13.625
PHY-3002 : Step(48): len = 11034.3, overlap = 13.625
PHY-3001 : Run with size of 2
PHY-3001 : Cell area utilization is 3%
PHY-3001 : :::0::: Try harder cell spreading with beta_ = 1.03017e-05
PHY-3002 : Step(49): len = 12114.8, overlap = 37.2812
PHY-3002 : Step(50): len = 12207.3, overlap = 36.4062
PHY-3002 : Step(51): len = 12116.8, overlap = 28.5625
PHY-3002 : Step(52): len = 12264.3, overlap = 27.8438
PHY-3002 : Step(53): len = 12573.4, overlap = 22.0938
PHY-3001 : :::1::: Try harder cell spreading with beta_ = 2.06035e-05
PHY-3002 : Step(54): len = 12646, overlap = 20.7188
PHY-3002 : Step(55): len = 12691, overlap = 20.7188
PHY-3002 : Step(56): len = 12863.3, overlap = 20.2188
PHY-3001 : :::2::: Try harder cell spreading with beta_ = 4.12069e-05
PHY-3002 : Step(57): len = 13195, overlap = 15.3438
PHY-3002 : Step(58): len = 13459, overlap = 14.75
PHY-3002 : Step(59): len = 13888.1, overlap = 11.8125
OPT-1001 : Start physical optimization ...
OPT-1001 : Total overflow 41.19 peak overflow 2.53
OPT-1001 : Start high-fanout net optimization ...
OPT-1001 : Update timing in global mode
PHY-1001 : Start incremental global routing, caller is place ...
RUN-1001 : Generating global routing grids ...
RUN-1001 : Building simple global routing graph ...
PHY-1001 : Generate routing nets ...
PHY-1001 : Reuse net number 0/885.
PHY-1001 : Global iterations in 16 thread ...
PHY-1002 : len = 14864, over cnt = 68(0%), over = 269, worst = 17
PHY-1001 : End global iterations;  0.057878s wall, 0.093750s user + 0.062500s system = 0.156250s CPU (270.0%)

PHY-1001 : Congestion index: top1 = 25.26, top5 = 10.28, top10 = 5.54, top15 = 3.70.
PHY-1001 : End incremental global routing;  0.140009s wall, 0.140625s user + 0.093750s system = 0.234375s CPU (167.4%)

RUN-1002 : start command "start_timer -report"
TMR-5001 WARNING: No sdc constraints found while initiating timer.
TMR-2505 : Start building timing graph for model rx_top.
TMR-2506 : Build timing graph completely. Port num: 8, tpin num: 3260, tnet num: 883, tinst num: 691, tnode num: 4046, tedge num: 5389.
TMR-2509 : Cut connection from TX_Pin_Out_syn_17.a to TX_Pin_Out_syn_17.o.
TMR-2509 : Cut connection from U8/rTX_reg_syn_17.b to U8/rTX_reg_syn_17.o.
TMR-2509 : Cut connection from U8/reg0_syn_21.c to U8/reg0_syn_21.o.
TMR-2509 : Cut connection from U8/reg0_syn_20.c to U8/reg0_syn_20.o.
TMR-2509 : Cut connection from U7/Count_BPS_b[12]_syn_8.a to U7/Count_BPS_b[12]_syn_8.o.
TMR-2509 : Cut connection from U7/Count_BPS_b[7]_syn_1.a to U7/Count_BPS_b[7]_syn_1.o.
TMR-2509 : Cut connection from U7/Count_BPS_b[6]_syn_1.a to U7/Count_BPS_b[6]_syn_1.o.
TMR-2509 : Cut connection from U7/Count_BPS_b[5]_syn_1.a to U7/Count_BPS_b[5]_syn_1.o.
TMR-2509 : Cut connection from U7/Count_BPS_b[1]_syn_1.a to U7/Count_BPS_b[1]_syn_1.o.
TMR-2509 : Cut connection from U7/Count_BPS_b[3]_syn_1.a to U7/Count_BPS_b[3]_syn_1.o.
TMR-2509 : Cut connection from U7/Count_BPS_b[4]_syn_1.a to U7/Count_BPS_b[4]_syn_1.o.
TMR-2509 : Cut connection from U7/Count_BPS_b[0]_syn_1.a to U7/Count_BPS_b[0]_syn_1.o.
TMR-2509 : Cut connection from U3/rData[0]_syn_96.fci to U3/rData[0]_syn_96.fco.
TMR-2509 : Cut connection from U3/rData[0]_syn_96.e[1] to U3/rData[0]_syn_96.fco.
TMR-2509 : Cut connection from U3/rData[0]_syn_96.d[1] to U3/rData[0]_syn_96.fco.
TMR-2509 : Cut connection from U3/rData[0]_syn_96.e[0] to U3/rData[0]_syn_96.fco.
TMR-2509 : Cut connection from U3/rData[0]_syn_96.d[0] to U3/rData[0]_syn_96.fco.
TMR-2509 : Cut connection from U3/rData[0]_syn_97.d[0] to U3/rData[0]_syn_97.f[0].
TMR-2509 : Cut connection from U6/sum[11]_syn_3.a to U6/sum[11]_syn_3.o.
TMR-2509 : Cut connection from U3/rData[0]_syn_97.e[0] to U3/rData[0]_syn_97.fx[0].
TMR-2509 : Cut connection from U6/sum[12]_syn_3.a to U6/sum[12]_syn_3.o.
TMR-2509 : Cut connection from U3/rData[0]_syn_97.e[1] to U3/rData[0]_syn_97.fx[1].
TMR-2509 : Cut connection from U3/rData[0]_syn_97.d[1] to U3/rData[0]_syn_97.fx[1].
TMR-2509 : Cut connection from U6/sum[14]_syn_4.a to U6/sum[14]_syn_4.o.
TMR-2509 : Cut connection from U6/TX_Data_b[0]_syn_1.a to U6/TX_Data_b[0]_syn_1.o.
TMR-2509 : Cut connection from U6/TX_Data_b[0]_syn_1.c to U6/TX_Data_b[0]_syn_1.o.
TMR-2509 : Cut connection from U6/TX_Data_b[0]_syn_7.b to U6/TX_Data_b[0]_syn_7.o.
TMR-2509 : Cut connection from U6/TX_Data_b[0]_syn_7.c to U6/TX_Data_b[0]_syn_7.o.
TMR-2509 : Cut connection from U6/TX_Data_b[0]_syn_7.d to U6/TX_Data_b[0]_syn_7.o.
TMR-2509 : Cut connection from U6/TX_Data_b[0]_syn_7.e to U6/TX_Data_b[0]_syn_7.o.
TMR-2509 : Cut connection from U6/TX_Data_b[0]_syn_12.a to U6/TX_Data_b[0]_syn_12.o.
TMR-2509 : Cut connection from U6/TX_Data_b[0]_syn_12.c to U6/TX_Data_b[0]_syn_12.o.
TMR-2509 : Cut connection from U6/TX_Data_b[0]_syn_12.d to U6/TX_Data_b[0]_syn_12.o.
TMR-2509 : Cut connection from U6/TX_Data_b[0]_syn_12.e to U6/TX_Data_b[0]_syn_12.o.
TMR-2509 : Cut connection from U6/TX_Data_b[0]_syn_14.a to U6/TX_Data_b[0]_syn_14.o.
TMR-2509 : Cut connection from U6/TX_Data_b[0]_syn_14.c to U6/TX_Data_b[0]_syn_14.o.
TMR-2509 : Cut connection from U6/TX_Data_b[0]_syn_14.d to U6/TX_Data_b[0]_syn_14.o.
TMR-2509 : Cut connection from U6/TX_Data_b[0]_syn_14.e to U6/TX_Data_b[0]_syn_14.o.
TMR-2509 : Cut connection from U6/TX_Data_b[0]_syn_17.b to U6/TX_Data_b[0]_syn_17.o.
TMR-2509 : Cut connection from U6/TX_Data_b[0]_syn_17.c to U6/TX_Data_b[0]_syn_17.o.
TMR-2509 : Cut connection from U6/TX_Data_b[0]_syn_17.d to U6/TX_Data_b[0]_syn_17.o.
TMR-2509 : Cut connection from U6/TX_Data_b[0]_syn_17.e to U6/TX_Data_b[0]_syn_17.o.
TMR-2509 : Cut connection from U6/TX_Data_b[1]_syn_1.b to U6/TX_Data_b[1]_syn_1.o.
TMR-2509 : Cut connection from U6/TX_Data_b[1]_syn_1.c to U6/TX_Data_b[1]_syn_1.o.
TMR-2509 : Cut connection from U6/TX_Data_b[1]_syn_1.d to U6/TX_Data_b[1]_syn_1.o.
TMR-2509 : Cut connection from U6/TX_Data_b[3]_syn_1.a to U6/TX_Data_b[3]_syn_1.o.
TMR-2509 : Cut connection from U6/TX_Data_b[3]_syn_1.c to U6/TX_Data_b[3]_syn_1.o.
TMR-2509 : Cut connection from U6/TX_Data_b[3]_syn_1.d to U6/TX_Data_b[3]_syn_1.o.
TMR-2509 : Cut connection from U6/TX_Data_b[4]_syn_1.a to U6/TX_Data_b[4]_syn_1.o.
TMR-2509 : Cut connection from U6/TX_Data_b[4]_syn_1.c to U6/TX_Data_b[4]_syn_1.o.
TMR-2509 : Cut connection from U6/TX_Data_b[0]_syn_10.a to U6/TX_Data_b[0]_syn_10.o.
TMR-2509 : Cut connection from U6/TX_Data_b[0]_syn_10.c to U6/TX_Data_b[0]_syn_10.o.
TMR-2509 : Cut connection from U6/TX_Data_b[0]_syn_10.d to U6/TX_Data_b[0]_syn_10.o.
TMR-2509 : Cut connection from U6/TX_Data_b[0]_syn_10.e to U6/TX_Data_b[0]_syn_10.o.
TMR-2509 : Cut connection from U6/TX_Data_b[0]_syn_15.a to U6/TX_Data_b[0]_syn_15.o.
TMR-2509 : Cut connection from U6/TX_Data_b[0]_syn_15.b to U6/TX_Data_b[0]_syn_15.o.
TMR-2509 : Cut connection from U6/TX_Data_b[0]_syn_15.c to U6/TX_Data_b[0]_syn_15.o.
TMR-2509 : Cut connection from U6/TX_Data_b[0]_syn_15.d to U6/TX_Data_b[0]_syn_15.o.
TMR-2509 : Cut connection from U6/TX_Data_b[0]_syn_9.a to U6/TX_Data_b[0]_syn_9.o.
TMR-2509 : Cut connection from U6/TX_Data_b[0]_syn_9.c to U6/TX_Data_b[0]_syn_9.o.
TMR-2509 : Cut connection from U6/TX_Data_b[0]_syn_9.d to U6/TX_Data_b[0]_syn_9.o.
TMR-2509 : Cut connection from U6/TX_Data_b[0]_syn_9.e to U6/TX_Data_b[0]_syn_9.o.
TMR-2509 : Cut connection from U6/TX_Data_b[6]_syn_1.a to U6/TX_Data_b[6]_syn_1.o.
TMR-2509 : Cut connection from U6/TX_Data_b[6]_syn_1.c to U6/TX_Data_b[6]_syn_1.o.
TMR-2509 : Cut connection from U6/TX_Data_b[6]_syn_1.d to U6/TX_Data_b[6]_syn_1.o.
TMR-2509 : Cut connection from U6/TX_Data_b[7]_syn_1.a to U6/TX_Data_b[7]_syn_1.o.
TMR-2509 : Cut connection from U6/TX_Data_b[7]_syn_1.c to U6/TX_Data_b[7]_syn_1.o.
TMR-2509 : Cut connection from U6/TX_Data_b[0]_syn_5.b to U6/TX_Data_b[0]_syn_5.o.
TMR-2509 : Cut connection from U6/TX_Data_b[0]_syn_5.c to U6/TX_Data_b[0]_syn_5.o.
TMR-2509 : Cut connection from U6/TX_Data_b[0]_syn_5.d to U6/TX_Data_b[0]_syn_5.o.
TMR-2509 : Cut connection from U6/TX_Data_b[0]_syn_5.e to U6/TX_Data_b[0]_syn_5.o.
TMR-2509 : Cut connection from U6/TX_Data_b[0]_syn_3.a to U6/TX_Data_b[0]_syn_3.o.
TMR-2509 : Cut connection from U6/TX_Data_b[0]_syn_3.c to U6/TX_Data_b[0]_syn_3.o.
TMR-2509 : Cut connection from U3/rData[0]_syn_97.d[1] to U3/rData[0]_syn_97.fco.
TMR-2509 : Cut connection from U3/rData[0]_syn_98.d[0] to U3/rData[0]_syn_98.f[0].
TMR-2509 : Cut connection from U6/sum[15]_syn_3.a to U6/sum[15]_syn_3.o.
TMR-2509 : Cut connection from U3/rData[0]_syn_97.d[1] to U3/rData[0]_syn_97.f[1].
TMR-2509 : Cut connection from U6/sum[13]_syn_3.a to U6/sum[13]_syn_3.o.
TMR-2509 : Cut connection from U8/reg0_syn_14.a to U8/reg0_syn_14.o.
TMR-2509 : Cut connection from U7/Count_BPS_b[12]_syn_7.b to U7/Count_BPS_b[12]_syn_7.o.
TMR-2509 : Cut connection from U3/rData[0]_syn_95.fci to U3/rData[0]_syn_95.fco.
TMR-2509 : Cut connection from U3/rData[0]_syn_95.e[1] to U3/rData[0]_syn_95.fco.
TMR-2509 : Cut connection from U3/rData[0]_syn_95.d[1] to U3/rData[0]_syn_95.fco.
TMR-2509 : Cut connection from U3/rData[0]_syn_95.e[0] to U3/rData[0]_syn_95.fco.
TMR-2509 : Cut connection from U3/rData[0]_syn_95.d[0] to U3/rData[0]_syn_95.fco.
TMR-2509 : Cut connection from U3/rData[0]_syn_96.d[0] to U3/rData[0]_syn_96.f[0].
TMR-2509 : Cut connection from U6/sum[7]_syn_3.a to U6/sum[7]_syn_3.o.
TMR-2509 : Cut connection from U3/rData[0]_syn_96.e[0] to U3/rData[0]_syn_96.fx[0].
TMR-2509 : Cut connection from U6/sum[8]_syn_3.a to U6/sum[8]_syn_3.o.
TMR-2509 : Cut connection from U3/rData[0]_syn_96.e[1] to U3/rData[0]_syn_96.fx[1].
TMR-2509 : Cut connection from U3/rData[0]_syn_96.d[1] to U3/rData[0]_syn_96.fx[1].
TMR-2509 : Cut connection from U6/sum[10]_syn_3.a to U6/sum[10]_syn_3.o.
TMR-2509 : Cut connection from U3/rData[0]_syn_96.d[1] to U3/rData[0]_syn_96.f[1].
TMR-2509 : Cut connection from U6/sum[9]_syn_3.a to U6/sum[9]_syn_3.o.
TMR-2509 : Cut connection from U3/rData[0]_syn_95.fci to U3/rData[0]_syn_95.fx[1].
TMR-2509 : Cut connection from U3/rData[0]_syn_95.e[1] to U3/rData[0]_syn_95.fx[1].
TMR-2509 : Cut connection from U3/rData[0]_syn_95.d[1] to U3/rData[0]_syn_95.fx[1].
TMR-2509 : Cut connection from U3/rData[0]_syn_95.e[0] to U3/rData[0]_syn_95.fx[1].
TMR-2509 : Cut connection from U3/rData[0]_syn_95.d[0] to U3/rData[0]_syn_95.fx[1].
TMR-2509 : Cut connection from U6/sum[6]_syn_3.a to U6/sum[6]_syn_3.o.
TMR-2509 : Cut connection from U3/rData[0]_syn_95.fci to U3/rData[0]_syn_95.f[1].
TMR-2509 : Cut connection from U3/rData[0]_syn_95.d[1] to U3/rData[0]_syn_95.f[1].
TMR-2509 : Cut connection from U3/rData[0]_syn_95.d[0] to U3/rData[0]_syn_95.f[1].
TMR-2509 : Cut connection from U6/sum[5]_syn_3.a to U6/sum[5]_syn_3.o.
TMR-2509 : Cut connection from U3/rData[0]_syn_94.e[1] to U3/rData[0]_syn_94.fco.
TMR-2509 : Cut connection from U3/rData[0]_syn_94.d[1] to U3/rData[0]_syn_94.fco.
TMR-2509 : Cut connection from U3/rData[0]_syn_94.e[0] to U3/rData[0]_syn_94.fco.
TMR-2509 : Cut connection from U3/rData[0]_syn_95.d[0] to U3/rData[0]_syn_95.f[0].
TMR-2509 : Cut connection from U6/sum[3]_syn_3.a to U6/sum[3]_syn_3.o.
TMR-2509 : Cut connection from U3/rData[0]_syn_95.e[0] to U3/rData[0]_syn_95.fx[0].
TMR-2509 : Cut connection from U6/sum[4]_syn_3.a to U6/sum[4]_syn_3.o.
TMR-2509 : Cut connection from U3/rData[0]_syn_94.d[1] to U3/rData[0]_syn_94.f[1].
TMR-2509 : Cut connection from U6/sum[1]_syn_3.a to U6/sum[1]_syn_3.o.
TMR-2509 : Cut connection from U3/rData[0]_syn_94.e[1] to U3/rData[0]_syn_94.fx[1].
TMR-2509 : Cut connection from U3/rData[0]_syn_94.e[0] to U3/rData[0]_syn_94.fx[1].
TMR-2509 : Cut connection from U6/sum[2]_syn_3.a to U6/sum[2]_syn_3.o.
TMR-2509 : Cut connection from U3/rData[0]_syn_94.e[0] to U3/rData[0]_syn_94.fx[0].
TMR-2509 : Cut connection from U6/sum[0]_syn_3.a to U6/sum[0]_syn_3.o.
TMR-2509 : Cut connection from TX_Data_Valid_syn_5.clki to TX_Data_Valid_syn_5.clko.
TMR-2509 : Cut connection from U6/sum[14]_syn_3.a to U6/sum[14]_syn_3.o.
TMR-2509 : Cut connection from U6/sum[14]_syn_3.b to U6/sum[14]_syn_3.o.
TMR-2509 : Cut connection from U6/sample_count_b[1]_syn_1.a to U6/sample_count_b[1]_syn_1.o.
TMR-2509 : Cut connection from U6/sample_count_b[1]_syn_1.b to U6/sample_count_b[1]_syn_1.o.
TMR-2509 : Cut connection from U6/sample_count_b[0]_syn_1.a to U6/sample_count_b[0]_syn_1.o.
TMR-2507 : Eliminate loop in the timing graph, delete 124 tedges.
TMR-2508 : Levelizing timing graph completed, there are 29 levels in total.
TMR-2501 : Timing graph initialized successfully.
OPT-1001 : End timing update;  0.155561s wall, 0.125000s user + 0.031250s system = 0.156250s CPU (100.4%)

OPT-1001 : 0 high-fanout net processed.
OPT-1001 : End high-fanout net optimization;  0.305490s wall, 0.265625s user + 0.125000s system = 0.390625s CPU (127.9%)

OPT-1001 : Current memory(MB): used = 161, reserve = 124, peak = 161.
OPT-1001 : End physical optimization;  0.313998s wall, 0.281250s user + 0.125000s system = 0.406250s CPU (129.4%)

PHY-3001 : Start packing ...
SYN-4007 : Packing 0 MUX to BLE ...
SYN-4008 : Packed 0 MUX and 0 SEQ to BLE.
SYN-4007 : Packing 320 LUT to BLE ...
SYN-4008 : Packed 320 LUT and 127 SEQ to BLE.
SYN-4003 : Packing 103 remaining SEQ's ...
SYN-4005 : Packed 65 SEQ with LUT/SLICE
SYN-4006 : 141 single LUT's are left
SYN-4006 : 38 single SEQ's are left
SYN-4011 : Packing model "rx_top" (AL_USER_NORMAL) with 358/551 primitive instances ...
PHY-3001 : End packing;  0.027909s wall, 0.031250s user + 0.000000s system = 0.031250s CPU (112.0%)

PHY-1001 : Populate physical database on model rx_top.
RUN-1001 : There are total 348 instances
RUN-1001 : 157 mslices, 158 lslices, 25 pads, 1 brams, 0 dsps
RUN-1001 : There are total 763 nets
RUN-1001 : 416 nets have 2 pins
RUN-1001 : 242 nets have [3 - 5] pins
RUN-1001 : 70 nets have [6 - 10] pins
RUN-1001 : 24 nets have [11 - 20] pins
RUN-1001 : 10 nets have [21 - 99] pins
RUN-1001 : 1 nets have 100+ pins
PHY-3001 : design contains 346 instances, 315 slices, 19 macros(110 instances: 67 mslices 43 lslices)
PHY-3001 : Cell area utilization is 4%
PHY-3001 : After packing: Len = 13809, Over = 17.5
PHY-3001 : Run with size of 2
PHY-3001 : Cell area utilization is 4%
PHY-3001 : :::0::: Try harder cell spreading with beta_ = 1.60513e-05
PHY-3002 : Step(60): len = 13273.6, overlap = 20.5
PHY-3002 : Step(61): len = 13332.8, overlap = 20.25
PHY-3002 : Step(62): len = 13288.2, overlap = 19
PHY-3002 : Step(63): len = 13079.8, overlap = 19.5
PHY-3002 : Step(64): len = 13010.3, overlap = 19.75
PHY-3002 : Step(65): len = 12982.8, overlap = 20.5
PHY-3001 : :::1::: Try harder cell spreading with beta_ = 3.21026e-05
PHY-3002 : Step(66): len = 12904.2, overlap = 21
PHY-3002 : Step(67): len = 12983.1, overlap = 20.75
PHY-3002 : Step(68): len = 13120.4, overlap = 20
PHY-3001 : :::2::: Try harder cell spreading with beta_ = 6.42053e-05
PHY-3002 : Step(69): len = 13310.6, overlap = 19.75
PHY-3002 : Step(70): len = 13310.6, overlap = 19.75
PHY-3002 : Step(71): len = 13297.6, overlap = 17.25
PHY-3001 : Legalization ...
PHY-3001 : End legalization;  0.100054s wall, 0.093750s user + 0.093750s system = 0.187500s CPU (187.4%)

PHY-3001 : Trial Legalized: Len = 20392.7
PHY-3001 : Run with size of 2
PHY-3001 : Cell area utilization is 4%
PHY-3001 : :::0::: Try harder cell spreading with beta_ = 0.00122737
PHY-3002 : Step(72): len = 18325.4, overlap = 1.25
PHY-3002 : Step(73): len = 17157.6, overlap = 3.5
PHY-3002 : Step(74): len = 16595.2, overlap = 5.25
PHY-3002 : Step(75): len = 15870.8, overlap = 6.75
PHY-3002 : Step(76): len = 15749.3, overlap = 5.75
PHY-3002 : Step(77): len = 15665.7, overlap = 6
PHY-3001 : :::1::: Try harder cell spreading with beta_ = 0.00245474
PHY-3002 : Step(78): len = 15661.9, overlap = 5.5
PHY-3002 : Step(79): len = 15597.6, overlap = 5.5
PHY-3002 : Step(80): len = 15426.1, overlap = 5.25
PHY-3001 : Legalization ...
PHY-3001 : End legalization;  0.004241s wall, 0.000000s user + 0.000000s system = 0.000000s CPU (n/a%)

PHY-3001 : Legalized: Len = 17727.2, Over = 0
PHY-3001 : Spreading special nets. 1 overflows in 2952 tiles.
PHY-3001 : End spreading;  0.004673s wall, 0.000000s user + 0.000000s system = 0.000000s CPU (n/a%)

PHY-3001 : 2 instances has been re-located, deltaX = 0, deltaY = 2, maxDist = 1.
PHY-3001 : Final: Len = 17837.2, Over = 0
OPT-1001 : Start physical optimization ...
OPT-1001 : Total overflow 0.00 peak overflow 0.00
OPT-1001 : Start high-fanout net optimization ...
OPT-1001 : Update timing in global mode
PHY-1001 : Start incremental global routing, caller is place ...
RUN-1001 : Generating global routing grids ...
PHY-1001 : Generate routing nets ...
PHY-1001 : Reuse net number 18/763.
PHY-1001 : Global iterations in 16 thread ...
PHY-1002 : len = 20192, over cnt = 66(0%), over = 98, worst = 5
PHY-1002 : len = 20624, over cnt = 34(0%), over = 43, worst = 3
PHY-1002 : len = 21176, over cnt = 3(0%), over = 4, worst = 2
PHY-1002 : len = 21216, over cnt = 1(0%), over = 1, worst = 1
PHY-1002 : len = 21248, over cnt = 0(0%), over = 0, worst = 0
PHY-1001 : End global iterations;  0.126427s wall, 0.156250s user + 0.093750s system = 0.250000s CPU (197.7%)

PHY-1001 : Congestion index: top1 = 23.30, top5 = 13.30, top10 = 7.79, top15 = 5.25.
PHY-1001 : End incremental global routing;  0.189372s wall, 0.218750s user + 0.093750s system = 0.312500s CPU (165.0%)

RUN-1002 : start command "start_timer -report"
TMR-5001 WARNING: No sdc constraints found while initiating timer.
TMR-2505 : Start building timing graph for model rx_top.
TMR-2506 : Build timing graph completely. Port num: 8, tpin num: 2922, tnet num: 761, tinst num: 346, tnode num: 3515, tedge num: 5073.
TMR-2509 : Cut connection from U8/reg0_syn_48.c[0] to U8/reg0_syn_48.Q_q[0]_D.
TMR-2509 : Cut connection from U8/reg0_syn_48.c[1] to U8/reg0_syn_48.Q_q[1]_D.
TMR-2509 : Cut connection from TX_Pin_Out_syn_24.d[0] to TX_Pin_Out_syn_24.Q_q[0]_D.
TMR-2509 : Cut connection from U8/reg0_syn_50.b[0] to U8/reg0_syn_50.Q_q[0]_D.
TMR-2509 : Cut connection from U7/Count_BPS_b[12]_syn_24.d[0] to U7/Count_BPS_b[12]_syn_24.Q_q[0]_D.
TMR-2509 : Cut connection from U8/rTX_reg_syn_44.a[0] to U8/rTX_reg_syn_44.f[0].
TMR-2509 : Cut connection from U7/Count_BPS_b[12]_syn_22.d[0] to U7/Count_BPS_b[12]_syn_22.Q_q[0]_D.
TMR-2509 : Cut connection from U7/reg0_syn_72.d[0] to U7/reg0_syn_72.Q_q[0]_D.
TMR-2509 : Cut connection from U7/reg0_syn_76.d[0] to U7/reg0_syn_76.Q_q[0]_D.
TMR-2509 : Cut connection from U7/reg0_syn_69.d[0] to U7/reg0_syn_69.Q_q[0]_D.
TMR-2509 : Cut connection from U7/reg0_syn_76.d[1] to U7/reg0_syn_76.Q_q[1]_D.
TMR-2509 : Cut connection from U7/reg0_syn_69.d[1] to U7/reg0_syn_69.Q_q[1]_D.
TMR-2509 : Cut connection from U7/reg0_syn_83.d[1] to U7/reg0_syn_83.Q_q[1]_D.
TMR-2509 : Cut connection from U7/reg0_syn_72.d[1] to U7/reg0_syn_72.Q_q[1]_D.
TMR-2509 : Cut connection from U7/reg0_syn_80.d[1] to U7/reg0_syn_80.Q_q[1]_D.
TMR-2509 : Cut connection from U3/rData[0]_syn_95.fci to U3/rData[0]_syn_95.f[1].
TMR-2509 : Cut connection from U3/rData[0]_syn_95.d[1] to U3/rData[0]_syn_95.f[1].
TMR-2509 : Cut connection from U3/rData[0]_syn_95.d[0] to U3/rData[0]_syn_95.f[1].
TMR-2509 : Cut connection from U6/sum[3]_syn_11.d[0] to U6/sum[3]_syn_11.f[0].
TMR-2509 : Cut connection from U6/TX_Data_b[0]_syn_38.a[1] to U6/TX_Data_b[0]_syn_38.fx[0].
TMR-2509 : Cut connection from U6/TX_Data_b[0]_syn_38.a[0] to U6/TX_Data_b[0]_syn_38.fx[0].
TMR-2509 : Cut connection from U6/TX_Data_b[0]_syn_38.b[1] to U6/TX_Data_b[0]_syn_38.fx[0].
TMR-2509 : Cut connection from U6/TX_Data_b[0]_syn_38.b[0] to U6/TX_Data_b[0]_syn_38.fx[0].
TMR-2509 : Cut connection from U6/TX_Data_b[0]_syn_38.c[0] to U6/TX_Data_b[0]_syn_38.fx[0].
TMR-2509 : Cut connection from U6/TX_Data_b[0]_syn_38.c[1] to U6/TX_Data_b[0]_syn_38.fx[0].
TMR-2509 : Cut connection from U6/TX_Data_b[0]_syn_38.d[0] to U6/TX_Data_b[0]_syn_38.fx[0].
TMR-2509 : Cut connection from U6/TX_Data_b[0]_syn_38.d[1] to U6/TX_Data_b[0]_syn_38.fx[0].
TMR-2509 : Cut connection from U6/reg0_syn_45.a[1] to U6/reg0_syn_45.Q_q[0]_D.
TMR-2509 : Cut connection from U6/reg0_syn_45.a[0] to U6/reg0_syn_45.Q_q[0]_D.
TMR-2509 : Cut connection from U6/reg0_syn_45.c[0] to U6/reg0_syn_45.Q_q[0]_D.
TMR-2509 : Cut connection from U6/reg0_syn_45.c[1] to U6/reg0_syn_45.Q_q[0]_D.
TMR-2509 : Cut connection from U6/reg0_syn_45.d[0] to U6/reg0_syn_45.Q_q[0]_D.
TMR-2509 : Cut connection from U6/reg0_syn_45.d[1] to U6/reg0_syn_45.Q_q[0]_D.
TMR-2509 : Cut connection from U6/reg0_syn_45.mi[0] to U6/reg0_syn_45.Q_q[0]_D.
TMR-2509 : Cut connection from U6/reg0_syn_45.a[1] to U6/reg0_syn_45.fx[0].
TMR-2509 : Cut connection from U6/reg0_syn_45.a[0] to U6/reg0_syn_45.fx[0].
TMR-2509 : Cut connection from U6/reg0_syn_45.c[0] to U6/reg0_syn_45.fx[0].
TMR-2509 : Cut connection from U6/reg0_syn_45.c[1] to U6/reg0_syn_45.fx[0].
TMR-2509 : Cut connection from U6/reg0_syn_45.d[0] to U6/reg0_syn_45.fx[0].
TMR-2509 : Cut connection from U6/reg0_syn_45.d[1] to U6/reg0_syn_45.fx[0].
TMR-2509 : Cut connection from U6/reg0_syn_45.mi[0] to U6/reg0_syn_45.fx[0].
TMR-2509 : Cut connection from U6/reg0_syn_47.b[1] to U6/reg0_syn_47.Q_q[0]_D.
TMR-2509 : Cut connection from U6/reg0_syn_47.b[0] to U6/reg0_syn_47.Q_q[0]_D.
TMR-2509 : Cut connection from U6/reg0_syn_47.c[0] to U6/reg0_syn_47.Q_q[0]_D.
TMR-2509 : Cut connection from U6/reg0_syn_47.c[1] to U6/reg0_syn_47.Q_q[0]_D.
TMR-2509 : Cut connection from U6/reg0_syn_47.d[0] to U6/reg0_syn_47.Q_q[0]_D.
TMR-2509 : Cut connection from U6/reg0_syn_47.d[1] to U6/reg0_syn_47.Q_q[0]_D.
TMR-2509 : Cut connection from U6/reg0_syn_47.mi[0] to U6/reg0_syn_47.Q_q[0]_D.
TMR-2509 : Cut connection from U6/reg0_syn_49.b[1] to U6/reg0_syn_49.Q_q[1]_D.
TMR-2509 : Cut connection from U6/reg0_syn_49.c[1] to U6/reg0_syn_49.Q_q[1]_D.
TMR-2509 : Cut connection from U6/reg0_syn_49.d[1] to U6/reg0_syn_49.Q_q[1]_D.
TMR-2509 : Cut connection from U6/reg0_syn_52.a[1] to U6/reg0_syn_52.Q_q[1]_D.
TMR-2509 : Cut connection from U6/reg0_syn_52.c[1] to U6/reg0_syn_52.Q_q[1]_D.
TMR-2509 : Cut connection from U6/reg0_syn_52.d[1] to U6/reg0_syn_52.Q_q[1]_D.
TMR-2509 : Cut connection from U6/reg0_syn_55.d[1] to U6/reg0_syn_55.Q_q[1]_D.
TMR-2509 : Cut connection from U6/reg0_syn_55.c[1] to U6/reg0_syn_55.Q_q[1]_D.
TMR-2509 : Cut connection from U3/rData[0]_syn_95.fci to U3/rData[0]_syn_95.fx[1].
TMR-2509 : Cut connection from U3/rData[0]_syn_95.e[1] to U3/rData[0]_syn_95.fx[1].
TMR-2509 : Cut connection from U3/rData[0]_syn_95.e[0] to U3/rData[0]_syn_95.fx[1].
TMR-2509 : Cut connection from U3/rData[0]_syn_95.d[0] to U3/rData[0]_syn_95.fx[1].
TMR-2509 : Cut connection from U6/sum[6]_syn_11.d[1] to U6/sum[6]_syn_11.f[1].
TMR-2509 : Cut connection from U6/reg0_syn_43.a[1] to U6/reg0_syn_43.Q_q[0]_D.
TMR-2509 : Cut connection from U6/reg0_syn_43.a[0] to U6/reg0_syn_43.Q_q[0]_D.
TMR-2509 : Cut connection from U6/reg0_syn_43.b[1] to U6/reg0_syn_43.Q_q[0]_D.
TMR-2509 : Cut connection from U6/reg0_syn_43.b[0] to U6/reg0_syn_43.Q_q[0]_D.
TMR-2509 : Cut connection from U6/reg0_syn_43.c[1] to U6/reg0_syn_43.Q_q[0]_D.
TMR-2509 : Cut connection from U6/reg0_syn_43.c[0] to U6/reg0_syn_43.Q_q[0]_D.
TMR-2509 : Cut connection from U6/reg0_syn_43.a[1] to U6/reg0_syn_43.fx[0].
TMR-2509 : Cut connection from U6/reg0_syn_43.a[0] to U6/reg0_syn_43.fx[0].
TMR-2509 : Cut connection from U6/reg0_syn_43.b[1] to U6/reg0_syn_43.fx[0].
TMR-2509 : Cut connection from U6/reg0_syn_43.b[0] to U6/reg0_syn_43.fx[0].
TMR-2509 : Cut connection from U6/reg0_syn_43.c[1] to U6/reg0_syn_43.fx[0].
TMR-2509 : Cut connection from U6/reg0_syn_43.c[0] to U6/reg0_syn_43.fx[0].
TMR-2509 : Cut connection from U6/reg0_syn_49.e[0] to U6/reg0_syn_49.f[0].
TMR-2509 : Cut connection from U6/reg0_syn_49.c[0] to U6/reg0_syn_49.f[0].
TMR-2509 : Cut connection from U6/reg0_syn_49.d[0] to U6/reg0_syn_49.f[0].
TMR-2509 : Cut connection from U6/reg0_syn_52.a[0] to U6/reg0_syn_52.Q_q[0]_D.
TMR-2509 : Cut connection from U6/reg0_syn_52.b[0] to U6/reg0_syn_52.Q_q[0]_D.
TMR-2509 : Cut connection from U6/reg0_syn_52.c[0] to U6/reg0_syn_52.Q_q[0]_D.
TMR-2509 : Cut connection from U7/Count_BPS_b[12]_syn_20.d[0] to U7/Count_BPS_b[12]_syn_20.Q_q[0]_D.
TMR-2509 : Cut connection from U7/reg0_syn_80.d[0] to U7/reg0_syn_80.Q_q[0]_D.
TMR-2509 : Cut connection from U7/reg0_syn_83.d[0] to U7/reg0_syn_83.Q_q[0]_D.
TMR-2509 : Cut connection from U3/rData[0]_syn_95.fci to U3/rData[0]_syn_95.fco.
TMR-2509 : Cut connection from U3/rData[0]_syn_95.e[0] to U3/rData[0]_syn_95.fco.
TMR-2509 : Cut connection from U3/rData[0]_syn_95.d[0] to U3/rData[0]_syn_95.fco.
TMR-2509 : Cut connection from U3/rData[0]_syn_96.d[0] to U3/rData[0]_syn_96.f[0].
TMR-2509 : Cut connection from U6/sum[7]_syn_11.d[1] to U6/sum[7]_syn_11.f[1].
TMR-2509 : Cut connection from U6/reg0_syn_55.d[0] to U6/reg0_syn_55.Q_q[0]_D.
TMR-2509 : Cut connection from U6/reg0_syn_55.b[0] to U6/reg0_syn_55.Q_q[0]_D.
TMR-2509 : Cut connection from U6/TX_Data_b[0]_syn_36.a[1] to U6/TX_Data_b[0]_syn_36.fx[0].
TMR-2509 : Cut connection from U6/TX_Data_b[0]_syn_36.a[0] to U6/TX_Data_b[0]_syn_36.fx[0].
TMR-2509 : Cut connection from U6/TX_Data_b[0]_syn_36.b[1] to U6/TX_Data_b[0]_syn_36.fx[0].
TMR-2509 : Cut connection from U6/TX_Data_b[0]_syn_36.b[0] to U6/TX_Data_b[0]_syn_36.fx[0].
TMR-2509 : Cut connection from U3/rData[0]_syn_96.e[0] to U3/rData[0]_syn_96.fx[0].
TMR-2509 : Cut connection from U6/sum[6]_syn_11.d[0] to U6/sum[6]_syn_11.f[0].
TMR-2509 : Cut connection from U3/rData[0]_syn_96.e[1] to U3/rData[0]_syn_96.fx[1].
TMR-2509 : Cut connection from U3/rData[0]_syn_96.d[1] to U3/rData[0]_syn_96.fx[1].
TMR-2509 : Cut connection from U6/sum[10]_syn_11.d[1] to U6/sum[10]_syn_11.f[1].
TMR-2509 : Cut connection from U6/TX_Data_b[0]_syn_41.a[1] to U6/TX_Data_b[0]_syn_41.fx[0].
TMR-2509 : Cut connection from U6/TX_Data_b[0]_syn_41.a[0] to U6/TX_Data_b[0]_syn_41.fx[0].
TMR-2509 : Cut connection from U6/TX_Data_b[0]_syn_41.b[1] to U6/TX_Data_b[0]_syn_41.fx[0].
TMR-2509 : Cut connection from U6/TX_Data_b[0]_syn_41.b[0] to U6/TX_Data_b[0]_syn_41.fx[0].
TMR-2509 : Cut connection from U6/TX_Data_b[0]_syn_41.d[0] to U6/TX_Data_b[0]_syn_41.fx[0].
TMR-2509 : Cut connection from U6/TX_Data_b[0]_syn_41.d[1] to U6/TX_Data_b[0]_syn_41.fx[0].
TMR-2509 : Cut connection from U3/rData[0]_syn_96.d[1] to U3/rData[0]_syn_96.fco.
TMR-2509 : Cut connection from U3/rData[0]_syn_97.d[0] to U3/rData[0]_syn_97.f[0].
TMR-2509 : Cut connection from U6/sum[11]_syn_11.d[0] to U6/sum[11]_syn_11.f[0].
TMR-2509 : Cut connection from U6/TX_Data_b[0]_syn_46.a[0] to U6/TX_Data_b[0]_syn_46.fx[0].
TMR-2509 : Cut connection from U6/TX_Data_b[0]_syn_46.a[1] to U6/TX_Data_b[0]_syn_46.fx[0].
TMR-2509 : Cut connection from U6/TX_Data_b[0]_syn_46.b[0] to U6/TX_Data_b[0]_syn_46.fx[0].
TMR-2509 : Cut connection from U6/TX_Data_b[0]_syn_46.b[1] to U6/TX_Data_b[0]_syn_46.fx[0].
TMR-2509 : Cut connection from U6/TX_Data_b[0]_syn_46.c[0] to U6/TX_Data_b[0]_syn_46.fx[0].
TMR-2509 : Cut connection from U6/TX_Data_b[0]_syn_46.c[1] to U6/TX_Data_b[0]_syn_46.fx[0].
TMR-2509 : Cut connection from U6/TX_Data_b[0]_syn_46.d[0] to U6/TX_Data_b[0]_syn_46.fx[0].
TMR-2509 : Cut connection from U6/TX_Data_b[0]_syn_46.d[1] to U6/TX_Data_b[0]_syn_46.fx[0].
TMR-2509 : Cut connection from U6/sum[7]_syn_11.b[0] to U6/sum[7]_syn_11.f[0].
TMR-2509 : Cut connection from U6/sum[7]_syn_11.d[0] to U6/sum[7]_syn_11.f[0].
TMR-2509 : Cut connection from U6/TX_Data_b[0]_syn_44.a[0] to U6/TX_Data_b[0]_syn_44.fx[0].
TMR-2509 : Cut connection from U6/TX_Data_b[0]_syn_44.a[1] to U6/TX_Data_b[0]_syn_44.fx[0].
TMR-2509 : Cut connection from U6/TX_Data_b[0]_syn_44.b[0] to U6/TX_Data_b[0]_syn_44.fx[0].
TMR-2509 : Cut connection from U6/TX_Data_b[0]_syn_44.b[1] to U6/TX_Data_b[0]_syn_44.fx[0].
TMR-2509 : Cut connection from U6/TX_Data_b[0]_syn_44.c[0] to U6/TX_Data_b[0]_syn_44.fx[0].
TMR-2509 : Cut connection from U6/TX_Data_b[0]_syn_44.c[1] to U6/TX_Data_b[0]_syn_44.fx[0].
TMR-2509 : Cut connection from U6/TX_Data_b[0]_syn_44.d[0] to U6/TX_Data_b[0]_syn_44.fx[0].
TMR-2509 : Cut connection from U6/TX_Data_b[0]_syn_44.d[1] to U6/TX_Data_b[0]_syn_44.fx[0].
TMR-2509 : Cut connection from U3/rData[0]_syn_97.e[0] to U3/rData[0]_syn_97.fx[0].
TMR-2509 : Cut connection from U6/sum[12]_syn_11.d[1] to U6/sum[12]_syn_11.f[1].
TMR-2509 : Cut connection from U3/rData[0]_syn_97.e[1] to U3/rData[0]_syn_97.fx[1].
TMR-2509 : Cut connection from U3/rData[0]_syn_97.d[1] to U3/rData[0]_syn_97.fx[1].
TMR-2509 : Cut connection from U6/sum[14]_syn_14.d[1] to U6/sum[14]_syn_14.f[1].
TMR-2509 : Cut connection from U3/rData[0]_syn_97.d[1] to U3/rData[0]_syn_97.fco.
TMR-2509 : Cut connection from U3/rData[0]_syn_98.d[0] to U3/rData[0]_syn_98.f[0].
TMR-2509 : Cut connection from U6/sum[14]_syn_14.d[0] to U6/sum[14]_syn_14.f[0].
TMR-2509 : Cut connection from U3/rData[0]_syn_97.d[1] to U3/rData[0]_syn_97.f[1].
TMR-2509 : Cut connection from U6/sum[12]_syn_11.d[0] to U6/sum[12]_syn_11.f[0].
TMR-2509 : Cut connection from U3/rData[0]_syn_96.d[1] to U3/rData[0]_syn_96.f[1].
TMR-2509 : Cut connection from U6/sum[10]_syn_11.d[0] to U6/sum[10]_syn_11.f[0].
TMR-2509 : Cut connection from U3/rData[0]_syn_94.e[1] to U3/rData[0]_syn_94.fco.
TMR-2509 : Cut connection from U3/rData[0]_syn_94.d[1] to U3/rData[0]_syn_94.fco.
TMR-2509 : Cut connection from U3/rData[0]_syn_94.e[0] to U3/rData[0]_syn_94.fco.
TMR-2509 : Cut connection from U3/rData[0]_syn_95.d[0] to U3/rData[0]_syn_95.f[0].
TMR-2509 : Cut connection from U6/sum[3]_syn_11.d[1] to U6/sum[3]_syn_11.f[1].
TMR-2509 : Cut connection from U3/rData[0]_syn_95.e[0] to U3/rData[0]_syn_95.fx[0].
TMR-2509 : Cut connection from U6/sum[2]_syn_11.d[0] to U6/sum[2]_syn_11.f[0].
TMR-2509 : Cut connection from U3/rData[0]_syn_94.d[1] to U3/rData[0]_syn_94.f[1].
TMR-2509 : Cut connection from U6/sum[0]_syn_11.d[0] to U6/sum[0]_syn_11.f[0].
TMR-2509 : Cut connection from U3/rData[0]_syn_94.e[1] to U3/rData[0]_syn_94.fx[1].
TMR-2509 : Cut connection from U3/rData[0]_syn_94.e[0] to U3/rData[0]_syn_94.fx[1].
TMR-2509 : Cut connection from U6/sum[2]_syn_11.d[1] to U6/sum[2]_syn_11.f[1].
TMR-2509 : Cut connection from U7/BPS_CLK_n_syn_5.b[0] to U7/BPS_CLK_n_syn_5.f[0].
TMR-2509 : Cut connection from U3/rData[0]_syn_94.e[0] to U3/rData[0]_syn_94.fx[0].
TMR-2509 : Cut connection from U6/sum[0]_syn_11.d[1] to U6/sum[0]_syn_11.f[1].
TMR-2509 : Cut connection from TX_Data_Valid_syn_5.clki to TX_Data_Valid_syn_5.clko.
TMR-2509 : Cut connection from U6/sample_count_b[1]_syn_9.d[0] to U6/sample_count_b[1]_syn_9.f[0].
TMR-2509 : Cut connection from U6/sample_count_b[1]_syn_9.c[0] to U6/sample_count_b[1]_syn_9.f[0].
TMR-2509 : Cut connection from U6/sample_count_b[0]_syn_9.d[0] to U6/sample_count_b[0]_syn_9.f[0].
TMR-2509 : Cut connection from U6/sample_count_b[1]_syn_9.d[1] to U6/sample_count_b[1]_syn_9.f[1].
TMR-2507 : Eliminate loop in the timing graph, delete 157 tedges.
TMR-2508 : Levelizing timing graph completed, there are 44 levels in total.
TMR-2501 : Timing graph initialized successfully.
OPT-1001 : End timing update;  0.146068s wall, 0.140625s user + 0.000000s system = 0.140625s CPU (96.3%)

OPT-1001 : 0 high-fanout net processed.
OPT-1001 : End high-fanout net optimization;  0.346346s wall, 0.375000s user + 0.093750s system = 0.468750s CPU (135.3%)

OPT-1001 : Current memory(MB): used = 165, reserve = 127, peak = 165.
OPT-1001 : Update timing in Manhattan mode
OPT-1001 : End timing update;  0.000897s wall, 0.000000s user + 0.000000s system = 0.000000s CPU (n/a%)

OPT-1001 : Start pin optimization...
OPT-1001 : skip pin optimization...
RUN-1001 : Generating global routing grids ...
PHY-1001 : Generate routing nets ...
PHY-1001 : Reuse net number 628/763.
PHY-1001 : Global iterations in 16 thread ...
PHY-1002 : len = 21248, over cnt = 0(0%), over = 0, worst = 0
PHY-1001 : End global iterations;  0.003090s wall, 0.000000s user + 0.000000s system = 0.000000s CPU (n/a%)

PHY-1001 : Congestion index: top1 = 23.30, top5 = 13.30, top10 = 7.79, top15 = 5.25.
OPT-1001 : Update timing in Manhattan mode
OPT-1001 : End timing update;  0.001246s wall, 0.000000s user + 0.000000s system = 0.000000s CPU (n/a%)

RUN-1001 : QoR Analysis:
OPT-0007 :   WNS 2147483647 TNS 0 NUM_FEPS 0
RUN-1001 :   No local congestion issue, and most congested 1% tile average routing util is 22.965517
RUN-1001 :   Top critical paths
OPT-1001 : End physical optimization;  0.414360s wall, 0.437500s user + 0.093750s system = 0.531250s CPU (128.2%)

RUN-1003 : finish command "place" in  3.116923s wall, 3.734375s user + 4.437500s system = 8.171875s CPU (262.2%)

RUN-1004 : used memory is 149 MB, reserved memory is 112 MB, peak memory is 166 MB
RUN-1002 : start command "export_db rx_top_place.db"
RUN-1001 : Exported /
RUN-1001 : Exported flow parameters
RUN-1001 : Exported libs
RUN-1001 : Exported entities
RUN-1001 : Exported ports
RUN-1001 : Exported pins
RUN-1001 : Exported instances
RUN-1001 : Exported nets
RUN-1001 : Exported buses
RUN-1001 : Exported models
RUN-1001 : Exported congestions
RUN-1001 : Exported violations
RUN-1001 : Exported IO constraints
RUN-1001 : Exported Inst constraints
RUN-1001 : Exported ChipWatcher
RUN-1002 : start command "route"
RUN-1001 : Open license file C:/Anlogic/TD5.6.2/license/Anlogic.lic
RUN-1001 : Print Global Property
RUN-1001 : ---------------------------------------------------------------
RUN-1001 :        Parameters        |  Settings  |  Default Values  |  Note  
RUN-1001 : ---------------------------------------------------------------
RUN-1001 :          message         |  standard  |     standard     |        
RUN-1001 :   mixed_pack_place_flow  |     on     |        on        |        
RUN-1001 :        qor_monitor       |    off     |       off        |        
RUN-1001 :        syn_ip_flow       |    off     |       off        |        
RUN-1001 :          thread          |    auto    |       auto       |        
RUN-1001 : ---------------------------------------------------------------
RUN-1001 : Print Route Property
RUN-1001 : -------------------------------------------------------
RUN-1001 :    Parameters    |  Settings  |  Default Values  |  Note  
RUN-1001 : -------------------------------------------------------
RUN-1001 :      effort      |   medium   |      medium      |        
RUN-1001 :     fix_hold     |    off     |       off        |        
RUN-1001 :    opt_timing    |   medium   |      medium      |        
RUN-1001 :   phy_sim_model  |    off     |       off        |        
RUN-1001 :     priority     |   timing   |      timing      |        
RUN-1001 :     swap_pin     |     on     |        on        |        
RUN-1001 : -------------------------------------------------------
PHY-1001 : Route runs in 16 thread(s)
RUN-1001 : There are total 348 instances
RUN-1001 : 157 mslices, 158 lslices, 25 pads, 1 brams, 0 dsps
RUN-1001 : There are total 763 nets
RUN-1001 : 416 nets have 2 pins
RUN-1001 : 242 nets have [3 - 5] pins
RUN-1001 : 70 nets have [6 - 10] pins
RUN-1001 : 24 nets have [11 - 20] pins
RUN-1001 : 10 nets have [21 - 99] pins
RUN-1001 : 1 nets have 100+ pins
RUN-1002 : start command "start_timer -report"
TMR-5001 WARNING: No sdc constraints found while initiating timer.
TMR-2505 : Start building timing graph for model rx_top.
TMR-2506 : Build timing graph completely. Port num: 8, tpin num: 2922, tnet num: 761, tinst num: 346, tnode num: 3515, tedge num: 5073.
TMR-2509 : Cut connection from U8/reg0_syn_48.c[0] to U8/reg0_syn_48.Q_q[0]_D.
TMR-2509 : Cut connection from U8/reg0_syn_48.c[1] to U8/reg0_syn_48.Q_q[1]_D.
TMR-2509 : Cut connection from TX_Pin_Out_syn_24.d[0] to TX_Pin_Out_syn_24.Q_q[0]_D.
TMR-2509 : Cut connection from U8/reg0_syn_50.b[0] to U8/reg0_syn_50.Q_q[0]_D.
TMR-2509 : Cut connection from U7/Count_BPS_b[12]_syn_24.d[0] to U7/Count_BPS_b[12]_syn_24.Q_q[0]_D.
TMR-2509 : Cut connection from U8/rTX_reg_syn_44.a[0] to U8/rTX_reg_syn_44.f[0].
TMR-2509 : Cut connection from U7/Count_BPS_b[12]_syn_22.d[0] to U7/Count_BPS_b[12]_syn_22.Q_q[0]_D.
TMR-2509 : Cut connection from U7/reg0_syn_72.d[0] to U7/reg0_syn_72.Q_q[0]_D.
TMR-2509 : Cut connection from U7/reg0_syn_76.d[0] to U7/reg0_syn_76.Q_q[0]_D.
TMR-2509 : Cut connection from U7/reg0_syn_69.d[0] to U7/reg0_syn_69.Q_q[0]_D.
TMR-2509 : Cut connection from U7/reg0_syn_76.d[1] to U7/reg0_syn_76.Q_q[1]_D.
TMR-2509 : Cut connection from U7/reg0_syn_69.d[1] to U7/reg0_syn_69.Q_q[1]_D.
TMR-2509 : Cut connection from U7/reg0_syn_83.d[1] to U7/reg0_syn_83.Q_q[1]_D.
TMR-2509 : Cut connection from U7/reg0_syn_72.d[1] to U7/reg0_syn_72.Q_q[1]_D.
TMR-2509 : Cut connection from U7/reg0_syn_80.d[1] to U7/reg0_syn_80.Q_q[1]_D.
TMR-2509 : Cut connection from U3/rData[0]_syn_95.fci to U3/rData[0]_syn_95.f[1].
TMR-2509 : Cut connection from U3/rData[0]_syn_95.d[1] to U3/rData[0]_syn_95.f[1].
TMR-2509 : Cut connection from U3/rData[0]_syn_95.d[0] to U3/rData[0]_syn_95.f[1].
TMR-2509 : Cut connection from U6/sum[3]_syn_11.d[0] to U6/sum[3]_syn_11.f[0].
TMR-2509 : Cut connection from U6/TX_Data_b[0]_syn_38.a[1] to U6/TX_Data_b[0]_syn_38.fx[0].
TMR-2509 : Cut connection from U6/TX_Data_b[0]_syn_38.a[0] to U6/TX_Data_b[0]_syn_38.fx[0].
TMR-2509 : Cut connection from U6/TX_Data_b[0]_syn_38.b[1] to U6/TX_Data_b[0]_syn_38.fx[0].
TMR-2509 : Cut connection from U6/TX_Data_b[0]_syn_38.b[0] to U6/TX_Data_b[0]_syn_38.fx[0].
TMR-2509 : Cut connection from U6/TX_Data_b[0]_syn_38.c[0] to U6/TX_Data_b[0]_syn_38.fx[0].
TMR-2509 : Cut connection from U6/TX_Data_b[0]_syn_38.c[1] to U6/TX_Data_b[0]_syn_38.fx[0].
TMR-2509 : Cut connection from U6/TX_Data_b[0]_syn_38.d[0] to U6/TX_Data_b[0]_syn_38.fx[0].
TMR-2509 : Cut connection from U6/TX_Data_b[0]_syn_38.d[1] to U6/TX_Data_b[0]_syn_38.fx[0].
TMR-2509 : Cut connection from U6/reg0_syn_45.a[1] to U6/reg0_syn_45.Q_q[0]_D.
TMR-2509 : Cut connection from U6/reg0_syn_45.a[0] to U6/reg0_syn_45.Q_q[0]_D.
TMR-2509 : Cut connection from U6/reg0_syn_45.c[0] to U6/reg0_syn_45.Q_q[0]_D.
TMR-2509 : Cut connection from U6/reg0_syn_45.c[1] to U6/reg0_syn_45.Q_q[0]_D.
TMR-2509 : Cut connection from U6/reg0_syn_45.d[0] to U6/reg0_syn_45.Q_q[0]_D.
TMR-2509 : Cut connection from U6/reg0_syn_45.d[1] to U6/reg0_syn_45.Q_q[0]_D.
TMR-2509 : Cut connection from U6/reg0_syn_45.mi[0] to U6/reg0_syn_45.Q_q[0]_D.
TMR-2509 : Cut connection from U6/reg0_syn_45.a[1] to U6/reg0_syn_45.fx[0].
TMR-2509 : Cut connection from U6/reg0_syn_45.a[0] to U6/reg0_syn_45.fx[0].
TMR-2509 : Cut connection from U6/reg0_syn_45.c[0] to U6/reg0_syn_45.fx[0].
TMR-2509 : Cut connection from U6/reg0_syn_45.c[1] to U6/reg0_syn_45.fx[0].
TMR-2509 : Cut connection from U6/reg0_syn_45.d[0] to U6/reg0_syn_45.fx[0].
TMR-2509 : Cut connection from U6/reg0_syn_45.d[1] to U6/reg0_syn_45.fx[0].
TMR-2509 : Cut connection from U6/reg0_syn_45.mi[0] to U6/reg0_syn_45.fx[0].
TMR-2509 : Cut connection from U6/reg0_syn_47.b[1] to U6/reg0_syn_47.Q_q[0]_D.
TMR-2509 : Cut connection from U6/reg0_syn_47.b[0] to U6/reg0_syn_47.Q_q[0]_D.
TMR-2509 : Cut connection from U6/reg0_syn_47.c[0] to U6/reg0_syn_47.Q_q[0]_D.
TMR-2509 : Cut connection from U6/reg0_syn_47.c[1] to U6/reg0_syn_47.Q_q[0]_D.
TMR-2509 : Cut connection from U6/reg0_syn_47.d[0] to U6/reg0_syn_47.Q_q[0]_D.
TMR-2509 : Cut connection from U6/reg0_syn_47.d[1] to U6/reg0_syn_47.Q_q[0]_D.
TMR-2509 : Cut connection from U6/reg0_syn_47.mi[0] to U6/reg0_syn_47.Q_q[0]_D.
TMR-2509 : Cut connection from U6/reg0_syn_49.b[1] to U6/reg0_syn_49.Q_q[1]_D.
TMR-2509 : Cut connection from U6/reg0_syn_49.c[1] to U6/reg0_syn_49.Q_q[1]_D.
TMR-2509 : Cut connection from U6/reg0_syn_49.d[1] to U6/reg0_syn_49.Q_q[1]_D.
TMR-2509 : Cut connection from U6/reg0_syn_52.a[1] to U6/reg0_syn_52.Q_q[1]_D.
TMR-2509 : Cut connection from U6/reg0_syn_52.c[1] to U6/reg0_syn_52.Q_q[1]_D.
TMR-2509 : Cut connection from U6/reg0_syn_52.d[1] to U6/reg0_syn_52.Q_q[1]_D.
TMR-2509 : Cut connection from U6/reg0_syn_55.d[1] to U6/reg0_syn_55.Q_q[1]_D.
TMR-2509 : Cut connection from U6/reg0_syn_55.c[1] to U6/reg0_syn_55.Q_q[1]_D.
TMR-2509 : Cut connection from U3/rData[0]_syn_95.fci to U3/rData[0]_syn_95.fx[1].
TMR-2509 : Cut connection from U3/rData[0]_syn_95.e[1] to U3/rData[0]_syn_95.fx[1].
TMR-2509 : Cut connection from U3/rData[0]_syn_95.e[0] to U3/rData[0]_syn_95.fx[1].
TMR-2509 : Cut connection from U3/rData[0]_syn_95.d[0] to U3/rData[0]_syn_95.fx[1].
TMR-2509 : Cut connection from U6/sum[6]_syn_11.d[1] to U6/sum[6]_syn_11.f[1].
TMR-2509 : Cut connection from U6/reg0_syn_43.a[1] to U6/reg0_syn_43.Q_q[0]_D.
TMR-2509 : Cut connection from U6/reg0_syn_43.a[0] to U6/reg0_syn_43.Q_q[0]_D.
TMR-2509 : Cut connection from U6/reg0_syn_43.b[1] to U6/reg0_syn_43.Q_q[0]_D.
TMR-2509 : Cut connection from U6/reg0_syn_43.b[0] to U6/reg0_syn_43.Q_q[0]_D.
TMR-2509 : Cut connection from U6/reg0_syn_43.c[1] to U6/reg0_syn_43.Q_q[0]_D.
TMR-2509 : Cut connection from U6/reg0_syn_43.c[0] to U6/reg0_syn_43.Q_q[0]_D.
TMR-2509 : Cut connection from U6/reg0_syn_43.a[1] to U6/reg0_syn_43.fx[0].
TMR-2509 : Cut connection from U6/reg0_syn_43.a[0] to U6/reg0_syn_43.fx[0].
TMR-2509 : Cut connection from U6/reg0_syn_43.b[1] to U6/reg0_syn_43.fx[0].
TMR-2509 : Cut connection from U6/reg0_syn_43.b[0] to U6/reg0_syn_43.fx[0].
TMR-2509 : Cut connection from U6/reg0_syn_43.c[1] to U6/reg0_syn_43.fx[0].
TMR-2509 : Cut connection from U6/reg0_syn_43.c[0] to U6/reg0_syn_43.fx[0].
TMR-2509 : Cut connection from U6/reg0_syn_49.e[0] to U6/reg0_syn_49.f[0].
TMR-2509 : Cut connection from U6/reg0_syn_49.c[0] to U6/reg0_syn_49.f[0].
TMR-2509 : Cut connection from U6/reg0_syn_49.d[0] to U6/reg0_syn_49.f[0].
TMR-2509 : Cut connection from U6/reg0_syn_52.a[0] to U6/reg0_syn_52.Q_q[0]_D.
TMR-2509 : Cut connection from U6/reg0_syn_52.b[0] to U6/reg0_syn_52.Q_q[0]_D.
TMR-2509 : Cut connection from U6/reg0_syn_52.c[0] to U6/reg0_syn_52.Q_q[0]_D.
TMR-2509 : Cut connection from U7/Count_BPS_b[12]_syn_20.d[0] to U7/Count_BPS_b[12]_syn_20.Q_q[0]_D.
TMR-2509 : Cut connection from U7/reg0_syn_80.d[0] to U7/reg0_syn_80.Q_q[0]_D.
TMR-2509 : Cut connection from U7/reg0_syn_83.d[0] to U7/reg0_syn_83.Q_q[0]_D.
TMR-2509 : Cut connection from U3/rData[0]_syn_95.fci to U3/rData[0]_syn_95.fco.
TMR-2509 : Cut connection from U3/rData[0]_syn_95.e[0] to U3/rData[0]_syn_95.fco.
TMR-2509 : Cut connection from U3/rData[0]_syn_95.d[0] to U3/rData[0]_syn_95.fco.
TMR-2509 : Cut connection from U3/rData[0]_syn_96.d[0] to U3/rData[0]_syn_96.f[0].
TMR-2509 : Cut connection from U6/sum[7]_syn_11.d[1] to U6/sum[7]_syn_11.f[1].
TMR-2509 : Cut connection from U6/reg0_syn_55.d[0] to U6/reg0_syn_55.Q_q[0]_D.
TMR-2509 : Cut connection from U6/reg0_syn_55.b[0] to U6/reg0_syn_55.Q_q[0]_D.
TMR-2509 : Cut connection from U6/TX_Data_b[0]_syn_36.a[1] to U6/TX_Data_b[0]_syn_36.fx[0].
TMR-2509 : Cut connection from U6/TX_Data_b[0]_syn_36.a[0] to U6/TX_Data_b[0]_syn_36.fx[0].
TMR-2509 : Cut connection from U6/TX_Data_b[0]_syn_36.b[1] to U6/TX_Data_b[0]_syn_36.fx[0].
TMR-2509 : Cut connection from U6/TX_Data_b[0]_syn_36.b[0] to U6/TX_Data_b[0]_syn_36.fx[0].
TMR-2509 : Cut connection from U3/rData[0]_syn_96.e[0] to U3/rData[0]_syn_96.fx[0].
TMR-2509 : Cut connection from U6/sum[6]_syn_11.d[0] to U6/sum[6]_syn_11.f[0].
TMR-2509 : Cut connection from U3/rData[0]_syn_96.e[1] to U3/rData[0]_syn_96.fx[1].
TMR-2509 : Cut connection from U3/rData[0]_syn_96.d[1] to U3/rData[0]_syn_96.fx[1].
TMR-2509 : Cut connection from U6/sum[10]_syn_11.d[1] to U6/sum[10]_syn_11.f[1].
TMR-2509 : Cut connection from U6/TX_Data_b[0]_syn_41.a[1] to U6/TX_Data_b[0]_syn_41.fx[0].
TMR-2509 : Cut connection from U6/TX_Data_b[0]_syn_41.a[0] to U6/TX_Data_b[0]_syn_41.fx[0].
TMR-2509 : Cut connection from U6/TX_Data_b[0]_syn_41.b[1] to U6/TX_Data_b[0]_syn_41.fx[0].
TMR-2509 : Cut connection from U6/TX_Data_b[0]_syn_41.b[0] to U6/TX_Data_b[0]_syn_41.fx[0].
TMR-2509 : Cut connection from U6/TX_Data_b[0]_syn_41.d[0] to U6/TX_Data_b[0]_syn_41.fx[0].
TMR-2509 : Cut connection from U6/TX_Data_b[0]_syn_41.d[1] to U6/TX_Data_b[0]_syn_41.fx[0].
TMR-2509 : Cut connection from U3/rData[0]_syn_96.d[1] to U3/rData[0]_syn_96.fco.
TMR-2509 : Cut connection from U3/rData[0]_syn_97.d[0] to U3/rData[0]_syn_97.f[0].
TMR-2509 : Cut connection from U6/sum[11]_syn_11.d[0] to U6/sum[11]_syn_11.f[0].
TMR-2509 : Cut connection from U6/TX_Data_b[0]_syn_46.a[0] to U6/TX_Data_b[0]_syn_46.fx[0].
TMR-2509 : Cut connection from U6/TX_Data_b[0]_syn_46.a[1] to U6/TX_Data_b[0]_syn_46.fx[0].
TMR-2509 : Cut connection from U6/TX_Data_b[0]_syn_46.b[0] to U6/TX_Data_b[0]_syn_46.fx[0].
TMR-2509 : Cut connection from U6/TX_Data_b[0]_syn_46.b[1] to U6/TX_Data_b[0]_syn_46.fx[0].
TMR-2509 : Cut connection from U6/TX_Data_b[0]_syn_46.c[0] to U6/TX_Data_b[0]_syn_46.fx[0].
TMR-2509 : Cut connection from U6/TX_Data_b[0]_syn_46.c[1] to U6/TX_Data_b[0]_syn_46.fx[0].
TMR-2509 : Cut connection from U6/TX_Data_b[0]_syn_46.d[0] to U6/TX_Data_b[0]_syn_46.fx[0].
TMR-2509 : Cut connection from U6/TX_Data_b[0]_syn_46.d[1] to U6/TX_Data_b[0]_syn_46.fx[0].
TMR-2509 : Cut connection from U6/sum[7]_syn_11.b[0] to U6/sum[7]_syn_11.f[0].
TMR-2509 : Cut connection from U6/sum[7]_syn_11.d[0] to U6/sum[7]_syn_11.f[0].
TMR-2509 : Cut connection from U6/TX_Data_b[0]_syn_44.a[0] to U6/TX_Data_b[0]_syn_44.fx[0].
TMR-2509 : Cut connection from U6/TX_Data_b[0]_syn_44.a[1] to U6/TX_Data_b[0]_syn_44.fx[0].
TMR-2509 : Cut connection from U6/TX_Data_b[0]_syn_44.b[0] to U6/TX_Data_b[0]_syn_44.fx[0].
TMR-2509 : Cut connection from U6/TX_Data_b[0]_syn_44.b[1] to U6/TX_Data_b[0]_syn_44.fx[0].
TMR-2509 : Cut connection from U6/TX_Data_b[0]_syn_44.c[0] to U6/TX_Data_b[0]_syn_44.fx[0].
TMR-2509 : Cut connection from U6/TX_Data_b[0]_syn_44.c[1] to U6/TX_Data_b[0]_syn_44.fx[0].
TMR-2509 : Cut connection from U6/TX_Data_b[0]_syn_44.d[0] to U6/TX_Data_b[0]_syn_44.fx[0].
TMR-2509 : Cut connection from U6/TX_Data_b[0]_syn_44.d[1] to U6/TX_Data_b[0]_syn_44.fx[0].
TMR-2509 : Cut connection from U3/rData[0]_syn_97.e[0] to U3/rData[0]_syn_97.fx[0].
TMR-2509 : Cut connection from U6/sum[12]_syn_11.d[1] to U6/sum[12]_syn_11.f[1].
TMR-2509 : Cut connection from U3/rData[0]_syn_97.e[1] to U3/rData[0]_syn_97.fx[1].
TMR-2509 : Cut connection from U3/rData[0]_syn_97.d[1] to U3/rData[0]_syn_97.fx[1].
TMR-2509 : Cut connection from U6/sum[14]_syn_14.d[1] to U6/sum[14]_syn_14.f[1].
TMR-2509 : Cut connection from U3/rData[0]_syn_97.d[1] to U3/rData[0]_syn_97.fco.
TMR-2509 : Cut connection from U3/rData[0]_syn_98.d[0] to U3/rData[0]_syn_98.f[0].
TMR-2509 : Cut connection from U6/sum[14]_syn_14.d[0] to U6/sum[14]_syn_14.f[0].
TMR-2509 : Cut connection from U3/rData[0]_syn_97.d[1] to U3/rData[0]_syn_97.f[1].
TMR-2509 : Cut connection from U6/sum[12]_syn_11.d[0] to U6/sum[12]_syn_11.f[0].
TMR-2509 : Cut connection from U3/rData[0]_syn_96.d[1] to U3/rData[0]_syn_96.f[1].
TMR-2509 : Cut connection from U6/sum[10]_syn_11.d[0] to U6/sum[10]_syn_11.f[0].
TMR-2509 : Cut connection from U3/rData[0]_syn_94.e[1] to U3/rData[0]_syn_94.fco.
TMR-2509 : Cut connection from U3/rData[0]_syn_94.d[1] to U3/rData[0]_syn_94.fco.
TMR-2509 : Cut connection from U3/rData[0]_syn_94.e[0] to U3/rData[0]_syn_94.fco.
TMR-2509 : Cut connection from U3/rData[0]_syn_95.d[0] to U3/rData[0]_syn_95.f[0].
TMR-2509 : Cut connection from U6/sum[3]_syn_11.d[1] to U6/sum[3]_syn_11.f[1].
TMR-2509 : Cut connection from U3/rData[0]_syn_95.e[0] to U3/rData[0]_syn_95.fx[0].
TMR-2509 : Cut connection from U6/sum[2]_syn_11.d[0] to U6/sum[2]_syn_11.f[0].
TMR-2509 : Cut connection from U3/rData[0]_syn_94.d[1] to U3/rData[0]_syn_94.f[1].
TMR-2509 : Cut connection from U6/sum[0]_syn_11.d[0] to U6/sum[0]_syn_11.f[0].
TMR-2509 : Cut connection from U3/rData[0]_syn_94.e[1] to U3/rData[0]_syn_94.fx[1].
TMR-2509 : Cut connection from U3/rData[0]_syn_94.e[0] to U3/rData[0]_syn_94.fx[1].
TMR-2509 : Cut connection from U6/sum[2]_syn_11.d[1] to U6/sum[2]_syn_11.f[1].
TMR-2509 : Cut connection from U7/BPS_CLK_n_syn_5.b[0] to U7/BPS_CLK_n_syn_5.f[0].
TMR-2509 : Cut connection from U3/rData[0]_syn_94.e[0] to U3/rData[0]_syn_94.fx[0].
TMR-2509 : Cut connection from U6/sum[0]_syn_11.d[1] to U6/sum[0]_syn_11.f[1].
TMR-2509 : Cut connection from TX_Data_Valid_syn_5.clki to TX_Data_Valid_syn_5.clko.
TMR-2509 : Cut connection from U6/sample_count_b[1]_syn_9.d[0] to U6/sample_count_b[1]_syn_9.f[0].
TMR-2509 : Cut connection from U6/sample_count_b[1]_syn_9.c[0] to U6/sample_count_b[1]_syn_9.f[0].
TMR-2509 : Cut connection from U6/sample_count_b[0]_syn_9.d[0] to U6/sample_count_b[0]_syn_9.f[0].
TMR-2509 : Cut connection from U6/sample_count_b[1]_syn_9.d[1] to U6/sample_count_b[1]_syn_9.f[1].
TMR-2507 : Eliminate loop in the timing graph, delete 157 tedges.
TMR-2508 : Levelizing timing graph completed, there are 44 levels in total.
TMR-2501 : Timing graph initialized successfully.
PHY-1001 : 157 mslices, 158 lslices, 25 pads, 1 brams, 0 dsps
TMR-2503 : Start to update net delay, extr mode = 3.
TMR-2504 : Update delay of 761 nets completely.
TMR-2502 : Annotate delay completely, extr mode = 3.
TMR-3002 : No user constraint, initiate default constraint.
TMR-1501 : Assign derive clock DeriveClock to 318 clock pins, and constraint 593 relative nodes.
TMR-3003 : Constraints initiated successfully.
TMR-3501 : Forward propagation: start to calculate arrival time...
TMR-3502 : Backward propagation: start to calculate required time...
TMR-3503 : Timing propagation completes.
PHY-1001 : Start global routing, caller is route ...
RUN-1001 : Generating global routing grids ...
PHY-1001 : Generate routing nets ...
PHY-1001 : Global iterations in 16 thread ...
PHY-1002 : len = 20064, over cnt = 69(0%), over = 101, worst = 5
PHY-1002 : len = 20496, over cnt = 37(0%), over = 46, worst = 3
PHY-1002 : len = 21088, over cnt = 4(0%), over = 5, worst = 2
PHY-1002 : len = 21160, over cnt = 0(0%), over = 0, worst = 0
PHY-1001 : End global iterations;  0.072995s wall, 0.125000s user + 0.031250s system = 0.156250s CPU (214.1%)

PHY-1001 : Congestion index: top1 = 23.15, top5 = 13.24, top10 = 7.72, top15 = 5.19.
PHY-1001 : End global routing;  0.124339s wall, 0.156250s user + 0.046875s system = 0.203125s CPU (163.4%)

PHY-1001 : Start detail routing ...
PHY-1001 : Current memory(MB): used = 188, reserve = 151, peak = 203.
PHY-1001 : Detailed router is running in normal mode.
PHY-1001 : Generate detailed routing grids ...
PHY-1001 : Processed IO instance DigitronCS_Out[3]_syn_2 with INV attribute.
PHY-1001 : Processed IO instance DigitronCS_Out[2]_syn_2 with INV attribute.
PHY-1001 : Processed IO instance DigitronCS_Out[1]_syn_2 with INV attribute.
PHY-1001 : Processed IO instance DigitronCS_Out[0]_syn_2 with INV attribute.
PHY-1001 : Generate nets ...
PHY-1001 : net CLK_dup_1 will be routed on clock mesh
PHY-1001 : clock net CLK_500K_syn_8 will be merged with clock CLK_500K
PHY-1001 : clock net TX_Data_Valid_syn_6 will be merged with clock TX_Data_Valid
PHY-1001 : clock net U5/SingleNum_n_syn_3 will be merged with clock U5/SingleNum_n
PHY-1001 : clock net config_inst_syn_10 will be merged with clock config_inst_syn_9
PHY-1001 : Current memory(MB): used = 456, reserve = 423, peak = 456.
PHY-1001 : End build detailed router design. 3.346792s wall, 3.234375s user + 0.109375s system = 3.343750s CPU (99.9%)

PHY-1001 : Detail Route ...
PHY-1001 : ===== Detail Route Phase 1 =====
PHY-1001 : Clock net routing.....
PHY-1001 : Routed 0% nets.
PHY-1022 : len = 14096, over cnt = 0(0%), over = 0, worst = 0, crit = 0
PHY-1001 : End initial clock net routed; 1.703735s wall, 1.687500s user + 0.015625s system = 1.703125s CPU (100.0%)

PHY-1001 : Current memory(MB): used = 488, reserve = 457, peak = 488.
PHY-1001 : End phase 1; 1.709210s wall, 1.687500s user + 0.015625s system = 1.703125s CPU (99.6%)

PHY-1001 : ===== Detail Route Phase 2 =====
PHY-1001 : Initial routing.....
PHY-1001 : Routed 31% nets.
PHY-1001 : Routed 38% nets.
PHY-1001 : Routed 46% nets.
PHY-1001 : Routed 61% nets.
PHY-1001 : Routed 84% nets.
PHY-1022 : len = 66240, over cnt = 20(0%), over = 20, worst = 1, crit = 0
PHY-1001 : Current memory(MB): used = 488, reserve = 457, peak = 488.
PHY-1001 : End initial routed; 0.455775s wall, 0.609375s user + 0.078125s system = 0.687500s CPU (150.8%)

PHY-1001 : Current memory(MB): used = 488, reserve = 457, peak = 488.
PHY-1001 : End phase 2; 0.455874s wall, 0.609375s user + 0.078125s system = 0.687500s CPU (150.8%)

PHY-1001 : ===== Detail Route Phase 3 =====
PHY-1001 : Ripup-reroute.....
PHY-1001 : ===== DR Iter 1 =====
PHY-1022 : len = 66232, over cnt = 2(0%), over = 2, worst = 1, crit = 0
PHY-1001 : End DR Iter 1; 0.016659s wall, 0.015625s user + 0.000000s system = 0.015625s CPU (93.8%)

PHY-1001 : ===== DR Iter 2 =====
PHY-1022 : len = 66256, over cnt = 0(0%), over = 0, worst = 0, crit = 0
PHY-1001 : End DR Iter 2; 0.010308s wall, 0.015625s user + 0.000000s system = 0.015625s CPU (151.6%)

PHY-1001 : Commit to database.....
PHY-1001 : 2 feed throughs used by 2 nets
PHY-1001 : End commit to database; 0.064410s wall, 0.062500s user + 0.000000s system = 0.062500s CPU (97.0%)

PHY-1001 : Current memory(MB): used = 499, reserve = 466, peak = 499.
PHY-1001 : End phase 3; 0.194947s wall, 0.187500s user + 0.000000s system = 0.187500s CPU (96.2%)

PHY-1003 : Routed, final wirelength = 66256
PHY-1001 : Current memory(MB): used = 499, reserve = 466, peak = 499.
PHY-1001 : End export database. 0.007581s wall, 0.015625s user + 0.000000s system = 0.015625s CPU (206.1%)

PHY-1001 : End detail routing;  5.932743s wall, 5.906250s user + 0.250000s system = 6.156250s CPU (103.8%)

RUN-1003 : finish command "route" in  6.284768s wall, 6.281250s user + 0.296875s system = 6.578125s CPU (104.7%)

RUN-1004 : used memory is 438 MB, reserved memory is 405 MB, peak memory is 499 MB
RUN-1002 : start command "report_area -io_info -file rx_top_phy.area"
RUN-1001 : standard
***Report Model: rx_top Device: EG4S20BG256***

IO Statistics
#IO                        25
  #input                    4
  #output                  21
  #inout                    0

Utilization Statistics
#lut                      566   out of  19600    2.89%
#reg                      236   out of  19600    1.20%
#le                       604
  #lut only               368   out of    604   60.93%
  #reg only                38   out of    604    6.29%
  #lut&reg                198   out of    604   32.78%
#dsp                        0   out of     29    0.00%
#bram                       1   out of     64    1.56%
  #bram9k                   1
  #fifo9k                   0
#bram32k                    0   out of     16    0.00%
#pad                       25   out of    188   13.30%
  #ireg                     1
  #oreg                    13
  #treg                     0
#pll                        0   out of      4    0.00%
#gclk                       4   out of     16   25.00%

Clock Resource Statistics
Index     ClockNet             Type               DriverType         Driver                           Fanout
#1        CLK_500K             GCLK               mslice             CLK_500K_reg_syn_5.q1            87
#2        config_inst_syn_9    GCLK               config             config_inst.jtck                 45
#3        CLK_dup_1            GCLK               io                 CLK_syn_2.di                     18
#4        U5/SingleNum_n       GCLK               lslice             U5/SingleNum_n_syn_7.f0          7
#5        TX_Data_Valid        GCLK               mslice             U6/sample_count_b[1]_syn_9.f0    6


Detailed IO Report

        Name           Direction    Location    IOStandard    DriveStrength    PullType    PackReg  
         CLK             INPUT         R7        LVCMOS33          N/A          PULLUP      NONE    
        RSTn             INPUT         A9        LVCMOS33          N/A          PULLUP      NONE    
      RX_En_Sig          INPUT        A10        LVCMOS33          N/A          PULLUP      NONE    
      RX_Pin_In          INPUT        F12        LVCMOS33          N/A          PULLUP      IREG    
  DigitronCS_Out[3]     OUTPUT         A3        LVCMOS33           8            NONE       OREG    
  DigitronCS_Out[2]     OUTPUT         A5        LVCMOS33           8            NONE       OREG    
  DigitronCS_Out[1]     OUTPUT         B6        LVCMOS33           8            NONE       OREG    
  DigitronCS_Out[0]     OUTPUT         C9        LVCMOS33           8            NONE       OREG    
   Digitron_Out[7]      OUTPUT         C8        LVCMOS33           8            NONE       NONE    
   Digitron_Out[6]      OUTPUT         A8        LVCMOS33           8            NONE       NONE    
   Digitron_Out[5]      OUTPUT         B5        LVCMOS33           8            NONE       NONE    
   Digitron_Out[4]      OUTPUT         A7        LVCMOS33           8            NONE       NONE    
   Digitron_Out[3]      OUTPUT         E8        LVCMOS33           8            NONE       NONE    
   Digitron_Out[2]      OUTPUT         B8        LVCMOS33           8            NONE       NONE    
   Digitron_Out[1]      OUTPUT         A6        LVCMOS33           8            NONE       NONE    
   Digitron_Out[0]      OUTPUT         A4        LVCMOS33           8            NONE       NONE    
     LED_Out[7]         OUTPUT        F16        LVCMOS33           8            NONE       OREG    
     LED_Out[6]         OUTPUT        E16        LVCMOS33           8            NONE       OREG    
     LED_Out[5]         OUTPUT        E13        LVCMOS33           8            NONE       OREG    
     LED_Out[4]         OUTPUT        C16        LVCMOS33           8            NONE       OREG    
     LED_Out[3]         OUTPUT        C15        LVCMOS33           8            NONE       OREG    
     LED_Out[2]         OUTPUT        B16        LVCMOS33           8            NONE       OREG    
     LED_Out[1]         OUTPUT        B15        LVCMOS33           8            NONE       OREG    
     LED_Out[0]         OUTPUT        B14        LVCMOS33           8            NONE       OREG    
     TX_Pin_Out         OUTPUT        D12        LVCMOS33           8            NONE       OREG    

Report Hierarchy Area:
+------------------------------------------------------------------------------------------------+
|Instance              |Module              |le     |lut     |ripple  |seq     |bram    |dsp     |
+------------------------------------------------------------------------------------------------+
|top                   |rx_top              |604    |456     |110     |250     |1       |0       |
|  U1                  |detect_module       |1      |1       |0       |1       |0       |0       |
|  U2                  |rx_bps_module       |27     |23      |4       |13      |0       |0       |
|  U3                  |rx_control_module   |40     |35      |5       |13      |0       |0       |
|  U5                  |Digitron_NumDisplay |112    |92      |18      |23      |0       |0       |
|  U6                  |calculate_rx        |42     |42      |0       |8       |0       |0       |
|  U7                  |tx_bitrate          |26     |22      |4       |13      |0       |0       |
|  U8                  |uart_tx             |16     |16      |0       |5       |0       |0       |
|  cw_top              |CW_TOP_WRAPPER      |311    |206     |69      |148     |0       |0       |
|    wrapper_cwc_top   |cwc_top             |311    |206     |69      |148     |0       |0       |
|      cfg_int_inst    |cwc_cfg_int         |78     |50      |0       |72      |0       |0       |
|        reg_inst      |register            |75     |47      |0       |69      |0       |0       |
|        tap_inst      |tap                 |3      |3       |0       |3       |0       |0       |
|      trigger_inst    |trigger             |233    |156     |69      |76      |0       |0       |
|        emb_ctrl_inst |emb_ctrl            |155    |118     |37      |52      |0       |0       |
+------------------------------------------------------------------------------------------------+


DataNet Average Fanout:

   Index     Fanout    Nets  
    #1         1       391   
    #2         2       171   
    #3         3        48   
    #4         4        23   
    #5        5-10      68   
    #6       11-50      30   
  Average     2.70           

RUN-1002 : start command "export_db rx_top_pr.db"
RUN-1001 : Exported /
RUN-1001 : Exported flow parameters
RUN-1001 : Exported libs
RUN-1001 : Exported entities
RUN-1001 : Exported ports
RUN-1001 : Exported pins
RUN-1001 : Exported instances
RUN-1001 : Exported nets
RUN-1001 : Exported buses
RUN-1001 : Exported models
RUN-1001 : Exported congestions
RUN-1001 : Exported violations
RUN-1001 : Exported IO constraints
RUN-1001 : Exported Inst constraints
RUN-1001 : Exported ChipWatcher
RUN-1002 : start command "export_bid rx_top_inst.bid"
PRG-1000 : <!-- HMAC is: b7233fb7ae6737463f509f23faf0e25f9961a2aad3b8b43f0e19d3c3f4efb0cc -->
RUN-1002 : start command "bitgen -bit rx_top.bit -unused_io_status pulldown"
BIT-1003 : Start to generate bitstream. 
BIT-1002 : Bitgen processed 163 unused pads, reserve input tri_state with pulldown
BIT-1002 : Init instances with 16 threads.
BIT-1002 : Init instances completely, inst num: 509
BIT-1002 : Init pips with 16 threads.
BIT-1002 : Init pips completely, net num: 763, pip num: 6131
BIT-1002 : Init feedthrough completely, num: 2
BIT-1003 : Multithreading accelaration with 16 threads.
BIT-1003 : Generate bitstream completely, there are 840 valid insts, and 19063 bits set as '1'.
BIT-1004 : the usercode register value: 00000000110100010111111111101100
BIT-1004 : PLL setting string = 0000
BIT-1004 : Generate bits file rx_top.bit.
RUN-1003 : finish command "bitgen -bit rx_top.bit -unused_io_status pulldown" in  1.624181s wall, 9.171875s user + 0.156250s system = 9.328125s CPU (574.3%)

RUN-1004 : used memory is 444 MB, reserved memory is 417 MB, peak memory is 637 MB
RUN-1002 : start command "backup_run_log run.log ../.logs/phy_1/td_20240827_214350.log"
