============================================================
   Tang Dynasty, V5.6.71036
      Copyright (c) 2012-2023 Anlogic Inc.
   Executable = C:/Anlogic/TD5.6.2/bin/td.exe
   Built at =   20:34:38 Mar 21 2023
   Run by =     Lenovo
   Run Date =   Tue Aug 27 17:19:51 2024

   Run on =     LAPTOP-QRG7LJL6
============================================================
RUN-1002 : start command "open_project rx_top.prj"
RUN-1001 : Print Global Property
RUN-1001 : ---------------------------------------------------------------
RUN-1001 :        Parameters        |  Settings  |  Default Values  |  Note  
RUN-1001 : ---------------------------------------------------------------
RUN-1001 :          message         |  standard  |     standard     |        
RUN-1001 :   mixed_pack_place_flow  |     on     |        on        |        
RUN-1001 :        qor_monitor       |    off     |       off        |        
RUN-1001 :        syn_ip_flow       |    off     |       off        |        
RUN-1001 :          thread          |    auto    |       auto       |        
RUN-1001 : ---------------------------------------------------------------
RUN-1001 : Print Design Property
RUN-1001 : --------------------------------------------------------------
RUN-1001 :        Parameters       |  Settings  |  Default Values  |  Note  
RUN-1001 : --------------------------------------------------------------
RUN-1001 :   default_reg_initial   |    auto    |       auto       |        
RUN-1001 :        infer_add        |     on     |        on        |        
RUN-1001 :        infer_fsm        |    off     |       off        |        
RUN-1001 :        infer_mult       |     on     |        on        |        
RUN-1001 :        infer_ram        |     on     |        on        |        
RUN-1001 :        infer_reg        |     on     |        on        |        
RUN-1001 :   infer_reg_init_value  |     on     |        on        |        
RUN-1001 :        infer_rom        |     on     |        on        |        
RUN-1001 :      infer_shifter      |     on     |        on        |        
RUN-1001 : --------------------------------------------------------------
RUN-1001 : Print Rtl Property
RUN-1001 : --------------------------------------------------------------
RUN-1001 :        Parameters       |  Settings  |  Default Values  |  Note  
RUN-1001 : --------------------------------------------------------------
RUN-1001 :       compress_add      |   ripple   |      ripple      |        
RUN-1001 :        elf_sload        |    off     |       off        |        
RUN-1001 :       fix_undriven      |     0      |        0         |        
RUN-1001 :         flatten         |    off     |       off        |        
RUN-1001 :       gate_sharing      |     on     |        on        |        
RUN-1001 :    hdl_warning_level    |   normal   |      normal      |        
RUN-1001 :   impl_internal_tribuf  |     on     |        on        |        
RUN-1001 :      impl_set_reset     |     on     |        on        |        
RUN-1001 :        infer_gsr        |    off     |       off        |        
RUN-1001 :      keep_hierarchy     |    auto    |       auto       |        
RUN-1001 :        max_fanout       |    9999    |       9999       |        
RUN-1001 :      max_oh2bin_len     |     10     |        10        |        
RUN-1001 :       merge_equal       |     on     |        on        |        
RUN-1001 :       merge_equiv       |     on     |        on        |        
RUN-1001 :        merge_mux        |    off     |       off        |        
RUN-1001 :     min_control_set     |     8      |        8         |        
RUN-1001 :      min_ripple_len     |    auto    |       auto       |        
RUN-1001 :       oh2bin_ratio      |    0.08    |       0.08       |        
RUN-1001 :     opt_adder_fanout    |     on     |        on        |        
RUN-1001 :        opt_arith        |     on     |        on        |        
RUN-1001 :       opt_big_gate      |    off     |       off        |        
RUN-1001 :        opt_const        |     on     |        on        |        
RUN-1001 :      opt_const_mult     |     on     |        on        |        
RUN-1001 :       opt_lessthan      |     on     |        on        |        
RUN-1001 :         opt_mux         |    off     |       off        |        
RUN-1001 :         opt_ram         |    high    |       high       |        
RUN-1001 :      rtl_sim_model      |    off     |       off        |        
RUN-1001 :         seq_syn         |     on     |        on        |        
RUN-1001 : --------------------------------------------------------------
HDL-1007 : analyze verilog file ../../rx_top.v
HDL-1007 : analyze verilog file ../../detect_module.v
HDL-1007 : analyze verilog file ../../rx_bps_module.v
HDL-1007 : analyze verilog file ../../rx_control_module.v
HDL-1007 : analyze verilog file ../../LED_display_module.v
HDL-5007 WARNING: empty port in module declaration in ../../LED_display_module.v(3)
HDL-1007 : analyze verilog file ../../Digitron_NumDisplay.v
HDL-1007 : analyze verilog file ../../tx_control_module.v
RUN-1001 : Project manager successfully analyzed 7 source files.
RUN-1002 : start command "import_device eagle_s20.db -package EG4S20BG256"
ARC-1001 : Device Initialization.
ARC-1001 : ------------------------------------------------------------------
ARC-1001 :            OPTION            |          IO          |   SETTING   
ARC-1001 : ------------------------------------------------------------------
ARC-1001 :   cso_b/cclk/mosi/miso/dout  |  T3/R11/T10/P10/S11  |    gpio    
ARC-1001 :             done             |         P13          |    gpio    
ARC-1001 :           program_b          |          T2          |  dedicate  
ARC-1001 :        tdi/tms/tck/tdo       |   C12/A15/C14/E14    |  dedicate  
ARC-1001 : ------------------------------------------------------------------
ARC-1004 : Device setting, marked 5 dedicate IOs in total.
RUN-1002 : start command "import_db ../syn_1/rx_top_gate.db"
RUN-1001 : Importing database generated by Tang Dynasty, V5.6.71036.
RUN-1001 : Database version number 46146.
RUN-1001 : Import flow parameters
RUN-1001 : Import IO constraints
RUN-1001 : Import Inst constraints
RUN-1001 : Import design success TD_VERSION=5.6.71036 , DB_VERSION=46146
RUN-1002 : start command "place"
RUN-1001 : Open license file C:/Anlogic/TD5.6.2/license/Anlogic.lic
RUN-1001 : Print Global Property
RUN-1001 : ---------------------------------------------------------------
RUN-1001 :        Parameters        |  Settings  |  Default Values  |  Note  
RUN-1001 : ---------------------------------------------------------------
RUN-1001 :          message         |  standard  |     standard     |        
RUN-1001 :   mixed_pack_place_flow  |     on     |        on        |        
RUN-1001 :        qor_monitor       |    off     |       off        |        
RUN-1001 :        syn_ip_flow       |    off     |       off        |        
RUN-1001 :          thread          |    auto    |       auto       |        
RUN-1001 : ---------------------------------------------------------------
RUN-1001 : Print Place Property
RUN-1001 : --------------------------------------------------------------
RUN-1001 :        Parameters       |  Settings  |  Default Values  |  Note  
RUN-1001 : --------------------------------------------------------------
RUN-1001 :      detailed_place     |     on     |        on        |        
RUN-1001 :          effort         |   medium   |      medium      |        
RUN-1001 :         fix_hold        |    off     |       off        |        
RUN-1001 :       legalization      |    ori     |       ori        |        
RUN-1001 :      new_spreading      |     on     |        on        |        
RUN-1001 :        opt_timing       |   medium   |      medium      |        
RUN-1001 :   post_clock_route_opt  |    off     |       off        |        
RUN-1001 :       pr_strategy       |     1      |        1         |        
RUN-1001 :        relaxation       |    1.00    |       1.00       |        
RUN-1001 :         retiming        |    off     |       off        |        
RUN-1001 : --------------------------------------------------------------
PHY-3001 : Placer runs in 16 thread(s).
RUN-1002 : start command "legalize_phy_inst"
SYN-1011 : Flatten model rx_top
SYN-5055 WARNING: The kept net U2/BPS_CLK_n will be merged to another kept net BPS_CLK
SYN-5055 WARNING: The kept net U3/BPS_CLK will be merged to another kept net BPS_CLK
SYN-5055 WARNING: The kept net U1/CLK will be merged to another kept net CLK_500K
SYN-5055 WARNING: The kept net U3/isCount will be merged to another kept net Count_Sig
SYN-5055 WARNING: The kept net U2/Count_Sig will be merged to another kept net Count_Sig
SYN-5055 WARNING: The kept net U3/isDone will be merged to another kept net RX_Done_Sig
SYN-5055 WARNING: The kept net U4/RX_Done_Sig will be merged to another kept net RX_Done_Sig
SYN-5055 WARNING: The kept net _al_n1 will be merged to another kept net TX_Data_Valid
SYN-5055 WARNING: The kept net U6/TX_Data_Valid will be merged to another kept net TX_Data_Valid
SYN-5055 WARNING: The kept net U1/neg_sig_n will be merged to another kept net neg_sig
SYN-5055 Similar messages will be suppressed.
RUN-1002 : start command "phys_opt -simplify_lut"
SYN-1032 : 286/1 useful/useless nets, 246/0 useful/useless insts
SYN-4024 : Net "CLK_500K" drives clk pins.
SYN-4024 : Net "CLK_dup_1" drives clk pins.
SYN-4024 : Net "U5/SingleNum_n" drives clk pins.
SYN-4025 : Tag rtl::Net CLK_500K as clock net
SYN-4025 : Tag rtl::Net CLK_dup_1 as clock net
SYN-4025 : Tag rtl::Net U5/SingleNum_n as clock net
SYN-4026 : Tagged 3 rtl::Net as clock net
SYN-4015 : Create BUFG instance for clk Net CLK_500K to drive 39 clock pins.
SYN-4015 : Create BUFG instance for clk Net U5/SingleNum_n to drive 8 clock pins.
PHY-1001 : Populate physical database on model rx_top.
RUN-1001 : There are total 248 instances
RUN-0007 : 124 luts, 65 seqs, 17 mslices, 12 lslices, 25 pads, 0 brams, 0 dsps
RUN-1001 : There are total 288 nets
RUN-1001 : 180 nets have 2 pins
RUN-1001 : 74 nets have [3 - 5] pins
RUN-1001 : 17 nets have [6 - 10] pins
RUN-1001 : 12 nets have [11 - 20] pins
RUN-1001 : 5 nets have [21 - 99] pins
RUN-1001 : Report Control nets information:
RUN-1001 : DFF Distribution
RUN-1001 : ----------------------------------
RUN-1001 :   CE   |  SSR  |  ASR  |  DFF Count  
RUN-1001 : ----------------------------------
RUN-1001 :   No   |  No   |  No   |     23      
RUN-1001 :   No   |  No   |  Yes  |     42      
RUN-1001 :   No   |  Yes  |  No   |      0      
RUN-1001 :   Yes  |  No   |  No   |      0      
RUN-1001 :   Yes  |  No   |  Yes  |      0      
RUN-1001 :   Yes  |  Yes  |  No   |      0      
RUN-1001 : ----------------------------------
RUN-0007 : Control Group Statistic
RUN-0007 : ---------------------------
RUN-0007 :   #CLK  |  #CE  |  #SSR/ASR  
RUN-0007 : ---------------------------
RUN-0007 :    4    |   1   |     2      
RUN-0007 : ---------------------------
RUN-0007 : Control Set = 5
PHY-3001 : Initial placement ...
PHY-3001 : design contains 246 instances, 124 luts, 65 seqs, 29 slices, 7 macros(29 instances: 17 mslices 12 lslices)
PHY-0007 : Cell area utilization is 0%
PHY-3001 : Global placement ...
PHY-3001 : Initial: Len = 65317.2
PHY-3001 : Clustering ...
PHY-3001 : Level 0 #clusters 246.
PHY-3001 : End clustering;  0.000033s wall, 0.000000s user + 0.000000s system = 0.000000s CPU (n/a%)

PHY-3001 : Run with size of 4
PHY-3001 : Cell area utilization is 0%
PHY-3001 : :::0::: Try harder cell spreading with beta_ = 0
PHY-3002 : Step(1): len = 44647.8, overlap = 0
PHY-3002 : Step(2): len = 30446, overlap = 0
PHY-3002 : Step(3): len = 24483.4, overlap = 0
PHY-3002 : Step(4): len = 20425.7, overlap = 0
PHY-3002 : Step(5): len = 18111.1, overlap = 0
PHY-3002 : Step(6): len = 16842.5, overlap = 0
PHY-3002 : Step(7): len = 15893.5, overlap = 0
PHY-3002 : Step(8): len = 14562.6, overlap = 0
PHY-3002 : Step(9): len = 13425.2, overlap = 0
PHY-3002 : Step(10): len = 12527.6, overlap = 0
PHY-3002 : Step(11): len = 11869, overlap = 0
PHY-3002 : Step(12): len = 11952.8, overlap = 0
PHY-3002 : Step(13): len = 11094.4, overlap = 0
PHY-3002 : Step(14): len = 10268.8, overlap = 0
PHY-3002 : Step(15): len = 10402.6, overlap = 0
PHY-3002 : Step(16): len = 10008.5, overlap = 0
PHY-3002 : Step(17): len = 9235.2, overlap = 0
PHY-3002 : Step(18): len = 8719.8, overlap = 0
PHY-3002 : Step(19): len = 8649.1, overlap = 0
PHY-3002 : Step(20): len = 8695.6, overlap = 0
PHY-3002 : Step(21): len = 7670.1, overlap = 0
PHY-3002 : Step(22): len = 7649.4, overlap = 0
PHY-3002 : Step(23): len = 6842.3, overlap = 0
PHY-3002 : Step(24): len = 5979.2, overlap = 0
PHY-3002 : Step(25): len = 6121.7, overlap = 0
PHY-3002 : Step(26): len = 5873.6, overlap = 0
PHY-3002 : Step(27): len = 5418.7, overlap = 0
PHY-3002 : Step(28): len = 5010.5, overlap = 0
PHY-3002 : Step(29): len = 5032.1, overlap = 0
PHY-3002 : Step(30): len = 4807.9, overlap = 0
PHY-3002 : Step(31): len = 4840.8, overlap = 0
PHY-3002 : Step(32): len = 4788.5, overlap = 0
PHY-3002 : Step(33): len = 4688.4, overlap = 0
PHY-3002 : Step(34): len = 4697.6, overlap = 0
PHY-3002 : Step(35): len = 4644.5, overlap = 0
PHY-3001 : Legalization ...
PHY-3001 : End legalization;  0.002959s wall, 0.000000s user + 0.000000s system = 0.000000s CPU (n/a%)

PHY-3001 : Run with size of 4
PHY-3001 : Cell area utilization is 1%
PHY-3001 : :::0::: Try harder cell spreading with beta_ = 0
PHY-3002 : Step(36): len = 4189.3, overlap = 0
PHY-3002 : Step(37): len = 4189.9, overlap = 0
PHY-3002 : Step(38): len = 4193.5, overlap = 0
PHY-3001 : Run with size of 2
PHY-3001 : Cell area utilization is 1%
PHY-3001 : :::0::: Try harder cell spreading with beta_ = 0.00106408
PHY-3002 : Step(39): len = 4116.9, overlap = 4.5625
PHY-3002 : Step(40): len = 4131.8, overlap = 4.0625
PHY-3002 : Step(41): len = 4167.5, overlap = 4.3125
OPT-1001 : Start physical optimization ...
OPT-1001 : Total overflow 11.12 peak overflow 2.28
OPT-1001 : Start high-fanout net optimization ...
OPT-1001 : Update timing in global mode
PHY-1001 : Start incremental global routing, caller is place ...
RUN-1001 : Generating global routing grids ...
RUN-1001 : Building simple global routing graph ...
PHY-1001 : Generate routing nets ...
PHY-1001 : Reuse net number 0/288.
PHY-1001 : Global iterations in 16 thread ...
PHY-1002 : len = 4424, over cnt = 15(0%), over = 48, worst = 10
PHY-1001 : End global iterations;  0.021687s wall, 0.031250s user + 0.062500s system = 0.093750s CPU (432.3%)

PHY-1001 : Congestion index: top1 = 10.35, top5 = 3.08, top10 = 1.54, top15 = 1.03.
PHY-1001 : End incremental global routing;  0.078805s wall, 0.078125s user + 0.062500s system = 0.140625s CPU (178.4%)

RUN-1002 : start command "start_timer -report"
TMR-5001 WARNING: No sdc constraints found while initiating timer.
TMR-2505 : Start building timing graph for model rx_top.
TMR-2506 : Build timing graph completely. Port num: 8, tpin num: 1033, tnet num: 286, tinst num: 246, tnode num: 1239, tedge num: 1592.
TMR-2508 : Levelizing timing graph completed, there are 28 levels in total.
TMR-2501 : Timing graph initialized successfully.
OPT-1001 : End timing update;  0.145756s wall, 0.125000s user + 0.015625s system = 0.140625s CPU (96.5%)

OPT-1001 : 0 high-fanout net processed.
OPT-1001 : End high-fanout net optimization;  0.227291s wall, 0.203125s user + 0.078125s system = 0.281250s CPU (123.7%)

OPT-1001 : Current memory(MB): used = 142, reserve = 112, peak = 142.
OPT-1001 : End physical optimization;  0.231333s wall, 0.218750s user + 0.078125s system = 0.296875s CPU (128.3%)

PHY-3001 : Start packing ...
SYN-4007 : Packing 0 MUX to BLE ...
SYN-4008 : Packed 0 MUX and 0 SEQ to BLE.
SYN-4007 : Packing 124 LUT to BLE ...
SYN-4008 : Packed 124 LUT and 47 SEQ to BLE.
SYN-4003 : Packing 18 remaining SEQ's ...
SYN-4005 : Packed 15 SEQ with LUT/SLICE
SYN-4006 : 66 single LUT's are left
SYN-4006 : 3 single SEQ's are left
SYN-4011 : Packing model "rx_top" (AL_USER_NORMAL) with 127/196 primitive instances ...
PHY-3001 : End packing;  0.007092s wall, 0.000000s user + 0.000000s system = 0.000000s CPU (n/a%)

PHY-1001 : Populate physical database on model rx_top.
RUN-1001 : There are total 130 instances
RUN-1001 : 50 mslices, 50 lslices, 25 pads, 0 brams, 0 dsps
RUN-1001 : There are total 244 nets
RUN-1001 : 136 nets have 2 pins
RUN-1001 : 73 nets have [3 - 5] pins
RUN-1001 : 17 nets have [6 - 10] pins
RUN-1001 : 14 nets have [11 - 20] pins
RUN-1001 : 4 nets have [21 - 99] pins
PHY-3001 : design contains 128 instances, 100 slices, 7 macros(29 instances: 17 mslices 12 lslices)
PHY-3001 : Cell area utilization is 1%
PHY-3001 : After packing: Len = 4264.4, Over = 5
PHY-3001 : Run with size of 2
PHY-3001 : Cell area utilization is 1%
PHY-3001 : :::0::: Try harder cell spreading with beta_ = 0.000439259
PHY-3002 : Step(42): len = 4206.4, overlap = 5.25
PHY-3002 : Step(43): len = 4218.4, overlap = 5.5
PHY-3002 : Step(44): len = 4216.9, overlap = 5.5
PHY-3001 : Legalization ...
PHY-3001 : End legalization;  0.061031s wall, 0.031250s user + 0.156250s system = 0.187500s CPU (307.2%)

PHY-3001 : Trial Legalized: Len = 6343.1
PHY-3001 : Run with size of 2
PHY-3001 : Cell area utilization is 1%
PHY-3001 : :::0::: Try harder cell spreading with beta_ = 0
PHY-3002 : Step(45): len = 4986.1, overlap = 1.25
PHY-3002 : Step(46): len = 4537.5, overlap = 1.75
PHY-3002 : Step(47): len = 4282, overlap = 1.75
PHY-3002 : Step(48): len = 4284.3, overlap = 1.75
PHY-3002 : Step(49): len = 4307.9, overlap = 1.75
PHY-3002 : Step(50): len = 4315.2, overlap = 2
PHY-3002 : Step(51): len = 4303.1, overlap = 2
PHY-3002 : Step(52): len = 4254, overlap = 1.75
PHY-3002 : Step(53): len = 4219.5, overlap = 1.75
PHY-3002 : Step(54): len = 4187.1, overlap = 2
PHY-3002 : Step(55): len = 4187.1, overlap = 2
PHY-3002 : Step(56): len = 4177.1, overlap = 2
PHY-3001 : Legalization ...
PHY-3001 : End legalization;  0.003872s wall, 0.015625s user + 0.000000s system = 0.015625s CPU (403.5%)

PHY-3001 : Legalized: Len = 5281, Over = 0
PHY-3001 : End spreading;  0.001997s wall, 0.000000s user + 0.000000s system = 0.000000s CPU (n/a%)

PHY-3001 : Final: Len = 5281, Over = 0
OPT-1001 : Start physical optimization ...
OPT-1001 : Total overflow 0.00 peak overflow 0.00
OPT-1001 : Start high-fanout net optimization ...
OPT-1001 : Update timing in global mode
PHY-1001 : Start incremental global routing, caller is place ...
RUN-1001 : Generating global routing grids ...
PHY-1001 : Generate routing nets ...
PHY-1001 : Reuse net number 20/244.
PHY-1001 : Global iterations in 16 thread ...
PHY-1002 : len = 5600, over cnt = 13(0%), over = 27, worst = 6
PHY-1002 : len = 5800, over cnt = 3(0%), over = 3, worst = 1
PHY-1002 : len = 5840, over cnt = 0(0%), over = 0, worst = 0
PHY-1001 : End global iterations;  0.029004s wall, 0.031250s user + 0.046875s system = 0.078125s CPU (269.4%)

PHY-1001 : Congestion index: top1 = 12.52, top5 = 4.24, top10 = 2.11, top15 = 1.41.
PHY-1001 : End incremental global routing;  0.080968s wall, 0.078125s user + 0.046875s system = 0.125000s CPU (154.4%)

RUN-1002 : start command "start_timer -report"
TMR-5001 WARNING: No sdc constraints found while initiating timer.
TMR-2505 : Start building timing graph for model rx_top.
TMR-2506 : Build timing graph completely. Port num: 8, tpin num: 929, tnet num: 242, tinst num: 128, tnode num: 1098, tedge num: 1511.
TMR-2508 : Levelizing timing graph completed, there are 28 levels in total.
TMR-2501 : Timing graph initialized successfully.
OPT-1001 : End timing update;  0.117958s wall, 0.125000s user + 0.000000s system = 0.125000s CPU (106.0%)

OPT-1001 : 0 high-fanout net processed.
OPT-1001 : End high-fanout net optimization;  0.201547s wall, 0.203125s user + 0.046875s system = 0.250000s CPU (124.0%)

OPT-1001 : Current memory(MB): used = 144, reserve = 114, peak = 144.
OPT-1001 : Update timing in Manhattan mode
OPT-1001 : End timing update;  0.000151s wall, 0.000000s user + 0.000000s system = 0.000000s CPU (n/a%)

OPT-1001 : Start pin optimization...
OPT-1001 : skip pin optimization...
RUN-1001 : Generating global routing grids ...
PHY-1001 : Generate routing nets ...
PHY-1001 : Reuse net number 174/244.
PHY-1001 : Global iterations in 16 thread ...
PHY-1002 : len = 5840, over cnt = 0(0%), over = 0, worst = 0
PHY-1001 : End global iterations;  0.000935s wall, 0.015625s user + 0.000000s system = 0.015625s CPU (n/a%)

PHY-1001 : Congestion index: top1 = 12.52, top5 = 4.24, top10 = 2.11, top15 = 1.41.
OPT-1001 : Update timing in Manhattan mode
OPT-1001 : End timing update;  0.000380s wall, 0.000000s user + 0.000000s system = 0.000000s CPU (n/a%)

RUN-1001 : QoR Analysis:
OPT-0007 :   WNS 2147483647 TNS 0 NUM_FEPS 0
RUN-1001 :   No local congestion issue, and most congested 1% tile average routing util is 12.172414
RUN-1001 :   Top critical paths
OPT-1001 : End physical optimization;  0.252198s wall, 0.250000s user + 0.046875s system = 0.296875s CPU (117.7%)

RUN-1003 : finish command "place" in  1.913332s wall, 1.843750s user + 3.046875s system = 4.890625s CPU (255.6%)

RUN-1004 : used memory is 129 MB, reserved memory is 98 MB, peak memory is 144 MB
RUN-1002 : start command "export_db rx_top_place.db"
RUN-1001 : Exported /
RUN-1001 : Exported flow parameters
RUN-1001 : Exported libs
RUN-1001 : Exported entities
RUN-1001 : Exported ports
RUN-1001 : Exported pins
RUN-1001 : Exported instances
RUN-1001 : Exported nets
RUN-1001 : Exported buses
RUN-1001 : Exported models
RUN-1001 : Exported congestions
RUN-1001 : Exported violations
RUN-1001 : Exported IO constraints
RUN-1001 : Exported Inst constraints
RUN-1002 : start command "route"
RUN-1001 : Open license file C:/Anlogic/TD5.6.2/license/Anlogic.lic
RUN-1001 : Print Global Property
RUN-1001 : ---------------------------------------------------------------
RUN-1001 :        Parameters        |  Settings  |  Default Values  |  Note  
RUN-1001 : ---------------------------------------------------------------
RUN-1001 :          message         |  standard  |     standard     |        
RUN-1001 :   mixed_pack_place_flow  |     on     |        on        |        
RUN-1001 :        qor_monitor       |    off     |       off        |        
RUN-1001 :        syn_ip_flow       |    off     |       off        |        
RUN-1001 :          thread          |    auto    |       auto       |        
RUN-1001 : ---------------------------------------------------------------
RUN-1001 : Print Route Property
RUN-1001 : -------------------------------------------------------
RUN-1001 :    Parameters    |  Settings  |  Default Values  |  Note  
RUN-1001 : -------------------------------------------------------
RUN-1001 :      effort      |   medium   |      medium      |        
RUN-1001 :     fix_hold     |    off     |       off        |        
RUN-1001 :    opt_timing    |   medium   |      medium      |        
RUN-1001 :   phy_sim_model  |    off     |       off        |        
RUN-1001 :     priority     |   timing   |      timing      |        
RUN-1001 :     swap_pin     |     on     |        on        |        
RUN-1001 : -------------------------------------------------------
PHY-1001 : Route runs in 16 thread(s)
RUN-1001 : There are total 130 instances
RUN-1001 : 50 mslices, 50 lslices, 25 pads, 0 brams, 0 dsps
RUN-1001 : There are total 244 nets
RUN-1001 : 136 nets have 2 pins
RUN-1001 : 73 nets have [3 - 5] pins
RUN-1001 : 17 nets have [6 - 10] pins
RUN-1001 : 14 nets have [11 - 20] pins
RUN-1001 : 4 nets have [21 - 99] pins
RUN-1002 : start command "start_timer -report"
TMR-5001 WARNING: No sdc constraints found while initiating timer.
TMR-2505 : Start building timing graph for model rx_top.
TMR-2506 : Build timing graph completely. Port num: 8, tpin num: 929, tnet num: 242, tinst num: 128, tnode num: 1098, tedge num: 1511.
TMR-2508 : Levelizing timing graph completed, there are 28 levels in total.
TMR-2501 : Timing graph initialized successfully.
PHY-1001 : 50 mslices, 50 lslices, 25 pads, 0 brams, 0 dsps
TMR-2503 : Start to update net delay, extr mode = 3.
TMR-2504 : Update delay of 242 nets completely.
TMR-2502 : Annotate delay completely, extr mode = 3.
TMR-3002 : No user constraint, initiate default constraint.
TMR-1501 : Assign derive clock DeriveClock to 102 clock pins, and constraint 169 relative nodes.
TMR-3003 : Constraints initiated successfully.
TMR-3501 : Forward propagation: start to calculate arrival time...
TMR-3502 : Backward propagation: start to calculate required time...
TMR-3503 : Timing propagation completes.
PHY-1001 : Start global routing, caller is route ...
RUN-1001 : Generating global routing grids ...
PHY-1001 : Generate routing nets ...
PHY-1001 : Global iterations in 16 thread ...
PHY-1002 : len = 5568, over cnt = 13(0%), over = 23, worst = 5
PHY-1002 : len = 5728, over cnt = 3(0%), over = 3, worst = 1
PHY-1002 : len = 5768, over cnt = 0(0%), over = 0, worst = 0
PHY-1001 : End global iterations;  0.026821s wall, 0.015625s user + 0.031250s system = 0.046875s CPU (174.8%)

PHY-1001 : Congestion index: top1 = 12.35, top5 = 4.15, top10 = 2.07, top15 = 1.38.
PHY-1001 : End global routing;  0.076407s wall, 0.078125s user + 0.031250s system = 0.109375s CPU (143.1%)

PHY-1001 : Start detail routing ...
PHY-1001 : Current memory(MB): used = 166, reserve = 136, peak = 180.
PHY-1001 : Detailed router is running in normal mode.
PHY-1001 : Generate detailed routing grids ...
PHY-1001 : Processed IO instance DigitronCS_Out[3]_syn_2 with INV attribute.
PHY-1001 : Processed IO instance DigitronCS_Out[2]_syn_2 with INV attribute.
PHY-1001 : Processed IO instance DigitronCS_Out[1]_syn_2 with INV attribute.
PHY-1001 : Processed IO instance DigitronCS_Out[0]_syn_2 with INV attribute.
PHY-1001 : Generate nets ...
PHY-1001 : net CLK_dup_1 will be routed on clock mesh
PHY-1001 : clock net CLK_500K_syn_8 will be merged with clock CLK_500K
PHY-1001 : clock net U5/SingleNum_n_syn_3 will be merged with clock U5/SingleNum_n
PHY-1001 : Current memory(MB): used = 434, reserve = 408, peak = 434.
PHY-1001 : End build detailed router design. 2.982305s wall, 2.953125s user + 0.031250s system = 2.984375s CPU (100.1%)

PHY-1001 : Detail Route ...
PHY-1001 : ===== Detail Route Phase 1 =====
PHY-1001 : Clock net routing.....
PHY-1001 : Routed 1% nets.
PHY-1022 : len = 7312, over cnt = 0(0%), over = 0, worst = 0, crit = 0
PHY-1001 : End initial clock net routed; 0.688989s wall, 0.687500s user + 0.000000s system = 0.687500s CPU (99.8%)

PHY-1001 : Current memory(MB): used = 464, reserve = 440, peak = 464.
PHY-1001 : End phase 1; 0.694612s wall, 0.703125s user + 0.000000s system = 0.703125s CPU (101.2%)

PHY-1001 : ===== Detail Route Phase 2 =====
PHY-1001 : Initial routing.....
PHY-1001 : Routed 29% nets.
PHY-1001 : Routed 36% nets.
PHY-1001 : Routed 50% nets.
PHY-1001 : Routed 61% nets.
PHY-1001 : Routed 79% nets.
PHY-1022 : len = 21064, over cnt = 3(0%), over = 3, worst = 1, crit = 0
PHY-1001 : Current memory(MB): used = 465, reserve = 440, peak = 465.
PHY-1001 : End initial routed; 0.132386s wall, 0.125000s user + 0.062500s system = 0.187500s CPU (141.6%)

PHY-1001 : Current memory(MB): used = 465, reserve = 440, peak = 465.
PHY-1001 : End phase 2; 0.132478s wall, 0.125000s user + 0.062500s system = 0.187500s CPU (141.5%)

PHY-1001 : ===== Detail Route Phase 3 =====
PHY-1001 : Ripup-reroute.....
PHY-1001 : ===== DR Iter 1 =====
PHY-1022 : len = 21056, over cnt = 1(0%), over = 1, worst = 1, crit = 0
PHY-1001 : End DR Iter 1; 0.009725s wall, 0.015625s user + 0.000000s system = 0.015625s CPU (160.7%)

PHY-1001 : ===== DR Iter 2 =====
PHY-1022 : len = 21080, over cnt = 0(0%), over = 0, worst = 0, crit = 0
PHY-1001 : End DR Iter 2; 0.008021s wall, 0.015625s user + 0.000000s system = 0.015625s CPU (194.8%)

PHY-1001 : Commit to database.....
PHY-1001 : 0 feed throughs used by 0 nets
PHY-1001 : End commit to database; 0.022871s wall, 0.015625s user + 0.000000s system = 0.015625s CPU (68.3%)

PHY-1001 : Current memory(MB): used = 474, reserve = 449, peak = 474.
PHY-1001 : End phase 3; 0.140556s wall, 0.140625s user + 0.000000s system = 0.140625s CPU (100.0%)

PHY-1003 : Routed, final wirelength = 21080
PHY-1001 : Current memory(MB): used = 474, reserve = 449, peak = 474.
PHY-1001 : End export database. 0.005733s wall, 0.015625s user + 0.000000s system = 0.015625s CPU (272.5%)

PHY-1001 : End detail routing;  4.181932s wall, 4.140625s user + 0.109375s system = 4.250000s CPU (101.6%)

RUN-1003 : finish command "route" in  4.424075s wall, 4.375000s user + 0.140625s system = 4.515625s CPU (102.1%)

RUN-1004 : used memory is 415 MB, reserved memory is 390 MB, peak memory is 474 MB
RUN-1002 : start command "report_area -io_info -file rx_top_phy.area"
RUN-1001 : standard
***Report Model: rx_top Device: EG4S20BG256***

IO Statistics
#IO                        25
  #input                    4
  #output                  21
  #inout                    0

Utilization Statistics
#lut                      188   out of  19600    0.96%
#reg                       65   out of  19600    0.33%
#le                       191
  #lut only               126   out of    191   65.97%
  #reg only                 3   out of    191    1.57%
  #lut&reg                 62   out of    191   32.46%
#dsp                        0   out of     29    0.00%
#bram                       0   out of     64    0.00%
  #bram9k                   0
  #fifo9k                   0
#bram32k                    0   out of     16    0.00%
#pad                       25   out of    188   13.30%
  #ireg                     1
  #oreg                    12
  #treg                     0
#pll                        0   out of      4    0.00%
#gclk                       2   out of     16   12.50%

Clock Resource Statistics
Index     ClockNet          Type               DriverType         Driver                     Fanout
#1        CLK_500K          GCLK               lslice             CLK_500K_reg_syn_5.q1      30
#2        CLK_dup_1         GCLK               io                 CLK_syn_2.di               16
#3        U5/SingleNum_n    GCLK               mslice             U5/SingleNum_n_syn_7.f0    8


Detailed IO Report

        Name           Direction    Location    IOStandard    DriveStrength    PullType    PackReg  
         CLK             INPUT         R7        LVCMOS33          N/A          PULLUP      NONE    
        RSTn             INPUT         A9        LVCMOS33          N/A          PULLUP      NONE    
      RX_En_Sig          INPUT        A10        LVCMOS33          N/A          PULLUP      NONE    
      RX_Pin_In          INPUT        F12        LVCMOS33          N/A          PULLUP      IREG    
  DigitronCS_Out[3]     OUTPUT         A3        LVCMOS33           8            NONE       OREG    
  DigitronCS_Out[2]     OUTPUT         A5        LVCMOS33           8            NONE       OREG    
  DigitronCS_Out[1]     OUTPUT         B6        LVCMOS33           8            NONE       OREG    
  DigitronCS_Out[0]     OUTPUT         C9        LVCMOS33           8            NONE       OREG    
   Digitron_Out[7]      OUTPUT         C8        LVCMOS33           8            NONE       NONE    
   Digitron_Out[6]      OUTPUT         A8        LVCMOS33           8            NONE       NONE    
   Digitron_Out[5]      OUTPUT         B5        LVCMOS33           8            NONE       NONE    
   Digitron_Out[4]      OUTPUT         A7        LVCMOS33           8            NONE       NONE    
   Digitron_Out[3]      OUTPUT         E8        LVCMOS33           8            NONE       NONE    
   Digitron_Out[2]      OUTPUT         B8        LVCMOS33           8            NONE       NONE    
   Digitron_Out[1]      OUTPUT         A6        LVCMOS33           8            NONE       NONE    
   Digitron_Out[0]      OUTPUT         A4        LVCMOS33           8            NONE       NONE    
     LED_Out[7]         OUTPUT        F16        LVCMOS33           8            NONE       OREG    
     LED_Out[6]         OUTPUT        E16        LVCMOS33           8            NONE       OREG    
     LED_Out[5]         OUTPUT        E13        LVCMOS33           8            NONE       OREG    
     LED_Out[4]         OUTPUT        C16        LVCMOS33           8            NONE       OREG    
     LED_Out[3]         OUTPUT        C15        LVCMOS33           8            NONE       OREG    
     LED_Out[2]         OUTPUT        B16        LVCMOS33           8            NONE       OREG    
     LED_Out[1]         OUTPUT        B15        LVCMOS33           8            NONE       OREG    
     LED_Out[0]         OUTPUT        B14        LVCMOS33           8            NONE       OREG    
     TX_Pin_Out         OUTPUT        D12        LVCMOS33           8            NONE       NONE    

Report Hierarchy Area:
+-----------------------------------------------------------------------------------+
|Instance |Module              |le     |lut     |ripple  |seq     |bram    |dsp     |
+-----------------------------------------------------------------------------------+
|top      |rx_top              |191    |159     |29      |78      |0       |0       |
|  U1     |detect_module       |3      |3       |0       |2       |0       |0       |
|  U2     |rx_bps_module       |27     |23      |4       |13      |0       |0       |
|  U3     |rx_control_module   |29     |29      |0       |15      |0       |0       |
|  U5     |Digitron_NumDisplay |108    |88      |18      |23      |0       |0       |
|  U6     |tx_control_module   |1      |1       |0       |1       |0       |0       |
+-----------------------------------------------------------------------------------+


DataNet Average Fanout:

   Index     Fanout    Nets  
    #1         1       110   
    #2         2        52   
    #3         3        9    
    #4         4        12   
    #5        5-10      17   
    #6       11-50      13   
  Average     2.85           

RUN-1002 : start command "export_db rx_top_pr.db"
RUN-1001 : Exported /
RUN-1001 : Exported flow parameters
RUN-1001 : Exported libs
RUN-1001 : Exported entities
RUN-1001 : Exported ports
RUN-1001 : Exported pins
RUN-1001 : Exported instances
RUN-1001 : Exported nets
RUN-1001 : Exported buses
RUN-1001 : Exported models
RUN-1001 : Exported congestions
RUN-1001 : Exported violations
RUN-1001 : Exported IO constraints
RUN-1001 : Exported Inst constraints
RUN-1002 : start command "export_bid rx_top_inst.bid"
RUN-1002 : start command "bitgen -bit rx_top.bit -unused_io_status pulldown"
BIT-1003 : Start to generate bitstream. 
BIT-1002 : Bitgen processed 163 unused pads, reserve input tri_state with pulldown
BIT-1002 : Init instances with 16 threads.
BIT-1002 : Init instances completely, inst num: 291
BIT-1002 : Init pips with 16 threads.
BIT-1002 : Init pips completely, net num: 244, pip num: 1819
BIT-1003 : Multithreading accelaration with 16 threads.
BIT-1003 : Generate bitstream completely, there are 512 valid insts, and 6177 bits set as '1'.
BIT-1004 : PLL setting string = 0000
BIT-1004 : Generate bits file rx_top.bit.
RUN-1003 : finish command "bitgen -bit rx_top.bit -unused_io_status pulldown" in  1.049278s wall, 3.515625s user + 0.078125s system = 3.593750s CPU (342.5%)

RUN-1004 : used memory is 422 MB, reserved memory is 397 MB, peak memory is 617 MB
RUN-1002 : start command "backup_run_log run.log ../.logs/phy_1/td_20240827_171951.log"
