============================================================
   Tang Dynasty, V5.6.71036
      Copyright (c) 2012-2023 Anlogic Inc.
   Executable = C:/Anlogic/TD5.6.2/bin/td.exe
   Built at =   20:34:38 Mar 21 2023
   Run by =     Lenovo
   Run Date =   Tue Aug 27 20:57:07 2024

   Run on =     LAPTOP-QRG7LJL6
============================================================
RUN-1002 : start command "open_project rx_top.prj"
RUN-1001 : Print Global Property
RUN-1001 : ---------------------------------------------------------------
RUN-1001 :        Parameters        |  Settings  |  Default Values  |  Note  
RUN-1001 : ---------------------------------------------------------------
RUN-1001 :          message         |  standard  |     standard     |        
RUN-1001 :   mixed_pack_place_flow  |     on     |        on        |        
RUN-1001 :        qor_monitor       |    off     |       off        |        
RUN-1001 :        syn_ip_flow       |    off     |       off        |        
RUN-1001 :          thread          |    auto    |       auto       |        
RUN-1001 : ---------------------------------------------------------------
RUN-1001 : Print Design Property
RUN-1001 : --------------------------------------------------------------
RUN-1001 :        Parameters       |  Settings  |  Default Values  |  Note  
RUN-1001 : --------------------------------------------------------------
RUN-1001 :   default_reg_initial   |    auto    |       auto       |        
RUN-1001 :        infer_add        |     on     |        on        |        
RUN-1001 :        infer_fsm        |    off     |       off        |        
RUN-1001 :        infer_mult       |     on     |        on        |        
RUN-1001 :        infer_ram        |     on     |        on        |        
RUN-1001 :        infer_reg        |     on     |        on        |        
RUN-1001 :   infer_reg_init_value  |     on     |        on        |        
RUN-1001 :        infer_rom        |     on     |        on        |        
RUN-1001 :      infer_shifter      |     on     |        on        |        
RUN-1001 : --------------------------------------------------------------
RUN-1001 : Print Rtl Property
RUN-1001 : --------------------------------------------------------------
RUN-1001 :        Parameters       |  Settings  |  Default Values  |  Note  
RUN-1001 : --------------------------------------------------------------
RUN-1001 :       compress_add      |   ripple   |      ripple      |        
RUN-1001 :        elf_sload        |    off     |       off        |        
RUN-1001 :       fix_undriven      |     0      |        0         |        
RUN-1001 :         flatten         |    off     |       off        |        
RUN-1001 :       gate_sharing      |     on     |        on        |        
RUN-1001 :    hdl_warning_level    |   normal   |      normal      |        
RUN-1001 :   impl_internal_tribuf  |     on     |        on        |        
RUN-1001 :      impl_set_reset     |     on     |        on        |        
RUN-1001 :        infer_gsr        |    off     |       off        |        
RUN-1001 :      keep_hierarchy     |    auto    |       auto       |        
RUN-1001 :        max_fanout       |    9999    |       9999       |        
RUN-1001 :      max_oh2bin_len     |     10     |        10        |        
RUN-1001 :       merge_equal       |     on     |        on        |        
RUN-1001 :       merge_equiv       |     on     |        on        |        
RUN-1001 :        merge_mux        |    off     |       off        |        
RUN-1001 :     min_control_set     |     8      |        8         |        
RUN-1001 :      min_ripple_len     |    auto    |       auto       |        
RUN-1001 :       oh2bin_ratio      |    0.08    |       0.08       |        
RUN-1001 :     opt_adder_fanout    |     on     |        on        |        
RUN-1001 :        opt_arith        |     on     |        on        |        
RUN-1001 :       opt_big_gate      |    off     |       off        |        
RUN-1001 :        opt_const        |     on     |        on        |        
RUN-1001 :      opt_const_mult     |     on     |        on        |        
RUN-1001 :       opt_lessthan      |     on     |        on        |        
RUN-1001 :         opt_mux         |    off     |       off        |        
RUN-1001 :         opt_ram         |    high    |       high       |        
RUN-1001 :      rtl_sim_model      |    off     |       off        |        
RUN-1001 :         seq_syn         |     on     |        on        |        
RUN-1001 : --------------------------------------------------------------
HDL-1007 : analyze verilog file ../../Digitron_NumDisplay.v
HDL-1007 : analyze verilog file ../../LED_display_module.v
HDL-5007 WARNING: empty port in module declaration in ../../LED_display_module.v(3)
HDL-1007 : analyze verilog file ../../detect_module.v
HDL-1007 : analyze verilog file ../../rx_bps_module.v
HDL-1007 : analyze verilog file ../../rx_control_module.v
HDL-1007 : analyze verilog file ../../rx_top.v
HDL-1007 : analyze verilog file ../../tx_control.v
HDL-1007 : analyze verilog file ../../calculate_rx.v
RUN-1001 : Project manager successfully analyzed 8 source files.
RUN-1002 : start command "import_device eagle_s20.db -package EG4S20BG256"
ARC-1001 : Device Initialization.
ARC-1001 : ------------------------------------------------------------------
ARC-1001 :            OPTION            |          IO          |   SETTING   
ARC-1001 : ------------------------------------------------------------------
ARC-1001 :   cso_b/cclk/mosi/miso/dout  |  T3/R11/T10/P10/S11  |    gpio    
ARC-1001 :             done             |         P13          |    gpio    
ARC-1001 :           program_b          |          T2          |  dedicate  
ARC-1001 :        tdi/tms/tck/tdo       |   C12/A15/C14/E14    |  dedicate  
ARC-1001 : ------------------------------------------------------------------
ARC-1004 : Device setting, marked 5 dedicate IOs in total.
RUN-1002 : start command "import_db ../syn_1/rx_top_gate.db"
RUN-1001 : Importing database generated by Tang Dynasty, V5.6.71036.
RUN-1001 : Database version number 46146.
RUN-1001 : Import flow parameters
RUN-1001 : Import IO constraints
RUN-1001 : Import Inst constraints
RUN-1001 : Import design success TD_VERSION=5.6.71036 , DB_VERSION=46146
RUN-1002 : start command "place"
RUN-1001 : Open license file C:/Anlogic/TD5.6.2/license/Anlogic.lic
RUN-1001 : Print Global Property
RUN-1001 : ---------------------------------------------------------------
RUN-1001 :        Parameters        |  Settings  |  Default Values  |  Note  
RUN-1001 : ---------------------------------------------------------------
RUN-1001 :          message         |  standard  |     standard     |        
RUN-1001 :   mixed_pack_place_flow  |     on     |        on        |        
RUN-1001 :        qor_monitor       |    off     |       off        |        
RUN-1001 :        syn_ip_flow       |    off     |       off        |        
RUN-1001 :          thread          |    auto    |       auto       |        
RUN-1001 : ---------------------------------------------------------------
RUN-1001 : Print Place Property
RUN-1001 : --------------------------------------------------------------
RUN-1001 :        Parameters       |  Settings  |  Default Values  |  Note  
RUN-1001 : --------------------------------------------------------------
RUN-1001 :      detailed_place     |     on     |        on        |        
RUN-1001 :          effort         |   medium   |      medium      |        
RUN-1001 :         fix_hold        |    off     |       off        |        
RUN-1001 :       legalization      |    ori     |       ori        |        
RUN-1001 :      new_spreading      |     on     |        on        |        
RUN-1001 :        opt_timing       |   medium   |      medium      |        
RUN-1001 :   post_clock_route_opt  |    off     |       off        |        
RUN-1001 :       pr_strategy       |     1      |        1         |        
RUN-1001 :        relaxation       |    1.00    |       1.00       |        
RUN-1001 :         retiming        |    off     |       off        |        
RUN-1001 : --------------------------------------------------------------
PHY-3001 : Placer runs in 16 thread(s).
RUN-1002 : start command "legalize_phy_inst"
SYN-1011 : Flatten model rx_top
SYN-5055 WARNING: The kept net U2/BPS_CLK_n will be merged to another kept net BPS_CLK
SYN-5055 WARNING: The kept net U3/BPS_CLK will be merged to another kept net BPS_CLK
SYN-5055 WARNING: The kept net U1/CLK will be merged to another kept net CLK_500K
SYN-5055 WARNING: The kept net U3/isCount will be merged to another kept net Count_Sig
SYN-5055 WARNING: The kept net U2/Count_Sig will be merged to another kept net Count_Sig
SYN-5055 WARNING: The kept net U3/isDone will be merged to another kept net RX_Done_Sig
SYN-5055 WARNING: The kept net U4/RX_Done_Sig will be merged to another kept net RX_Done_Sig
SYN-5055 WARNING: The kept net U6/TX_Data_Valid will be merged to another kept net TX_Data_Valid
SYN-5055 WARNING: The kept net U7/uart_tx_en will be merged to another kept net TX_Data_Valid
SYN-5055 WARNING: The kept net U1/neg_sig_n will be merged to another kept net neg_sig
SYN-5055 Similar messages will be suppressed.
RUN-1002 : start command "phys_opt -simplify_lut"
SYN-4024 : Net "CLK_dup_1" drives clk pins.
SYN-4024 : Net "CLK_500K" drives clk pins.
SYN-4024 : Net "U5/SingleNum_n" drives clk pins.
SYN-4025 : Tag rtl::Net CLK_500K as clock net
SYN-4025 : Tag rtl::Net CLK_dup_1 as clock net
SYN-4025 : Tag rtl::Net U5/SingleNum_n as clock net
SYN-4026 : Tagged 3 rtl::Net as clock net
SYN-4015 : Create BUFG instance for clk Net CLK_500K to drive 37 clock pins.
SYN-4015 : Create BUFG instance for clk Net U5/SingleNum_n to drive 8 clock pins.
PHY-1001 : Populate physical database on model rx_top.
RUN-1001 : There are total 369 instances
RUN-0007 : 179 luts, 111 seqs, 31 mslices, 18 lslices, 25 pads, 0 brams, 0 dsps
RUN-1001 : There are total 436 nets
RUN-1001 : 267 nets have 2 pins
RUN-1001 : 121 nets have [3 - 5] pins
RUN-1001 : 27 nets have [6 - 10] pins
RUN-1001 : 15 nets have [11 - 20] pins
RUN-1001 : 5 nets have [21 - 99] pins
RUN-1001 : 1 nets have 100+ pins
RUN-1001 : Report Control nets information:
RUN-1001 : DFF Distribution
RUN-1001 : ----------------------------------
RUN-1001 :   CE   |  SSR  |  ASR  |  DFF Count  
RUN-1001 : ----------------------------------
RUN-1001 :   No   |  No   |  No   |     25      
RUN-1001 :   No   |  No   |  Yes  |     62      
RUN-1001 :   No   |  Yes  |  No   |     16      
RUN-1001 :   Yes  |  No   |  No   |      8      
RUN-1001 :   Yes  |  No   |  Yes  |      0      
RUN-1001 :   Yes  |  Yes  |  No   |      0      
RUN-1001 : ----------------------------------
RUN-0007 : Control Group Statistic
RUN-0007 : ---------------------------
RUN-0007 :   #CLK  |  #CE  |  #SSR/ASR  
RUN-0007 : ---------------------------
RUN-0007 :    3    |   2   |     3      
RUN-0007 : ---------------------------
RUN-0007 : Control Set = 6
PHY-3001 : Initial placement ...
PHY-3001 : design contains 367 instances, 179 luts, 111 seqs, 49 slices, 10 macros(49 instances: 31 mslices 18 lslices)
PHY-0007 : Cell area utilization is 1%
PHY-3001 : Global placement ...
PHY-3001 : Initial: Len = 96120.4
PHY-3001 : Clustering ...
PHY-3001 : Level 0 #clusters 367.
PHY-3001 : End clustering;  0.000043s wall, 0.000000s user + 0.000000s system = 0.000000s CPU (n/a%)

PHY-3001 : Run with size of 4
PHY-3001 : Cell area utilization is 1%
PHY-3001 : :::0::: Try harder cell spreading with beta_ = 0
PHY-3002 : Step(1): len = 56658.2, overlap = 0
PHY-3002 : Step(2): len = 41589.9, overlap = 0
PHY-3002 : Step(3): len = 31699.3, overlap = 0
PHY-3002 : Step(4): len = 26812.8, overlap = 0
PHY-3002 : Step(5): len = 24366.1, overlap = 0
PHY-3002 : Step(6): len = 20632.9, overlap = 0
PHY-3002 : Step(7): len = 17884.2, overlap = 0
PHY-3002 : Step(8): len = 16813.7, overlap = 0
PHY-3002 : Step(9): len = 15213, overlap = 0
PHY-3002 : Step(10): len = 14746.5, overlap = 0
PHY-3002 : Step(11): len = 14055.2, overlap = 0
PHY-3002 : Step(12): len = 13132.6, overlap = 0
PHY-3002 : Step(13): len = 12877.9, overlap = 0
PHY-3002 : Step(14): len = 12640.5, overlap = 0
PHY-3002 : Step(15): len = 11720.8, overlap = 0
PHY-3002 : Step(16): len = 11998.5, overlap = 0
PHY-3002 : Step(17): len = 11948.8, overlap = 0
PHY-3002 : Step(18): len = 11402.7, overlap = 0
PHY-3002 : Step(19): len = 10726.9, overlap = 0
PHY-3002 : Step(20): len = 10843.4, overlap = 0
PHY-3002 : Step(21): len = 10779, overlap = 0
PHY-3002 : Step(22): len = 11019.2, overlap = 0
PHY-3002 : Step(23): len = 10455.3, overlap = 0
PHY-3002 : Step(24): len = 10889.6, overlap = 0
PHY-3002 : Step(25): len = 11275.5, overlap = 0
PHY-3002 : Step(26): len = 11383, overlap = 0
PHY-3002 : Step(27): len = 10403.2, overlap = 0
PHY-3002 : Step(28): len = 10432.8, overlap = 0
PHY-3002 : Step(29): len = 10216.7, overlap = 0
PHY-3002 : Step(30): len = 10245.8, overlap = 0
PHY-3002 : Step(31): len = 9923.9, overlap = 0
PHY-3002 : Step(32): len = 9456.1, overlap = 0
PHY-3002 : Step(33): len = 8503.6, overlap = 0
PHY-3002 : Step(34): len = 8043.4, overlap = 0
PHY-3002 : Step(35): len = 8043.4, overlap = 0
PHY-3002 : Step(36): len = 7500, overlap = 0
PHY-3002 : Step(37): len = 7500, overlap = 0
PHY-3002 : Step(38): len = 7324.9, overlap = 0
PHY-3002 : Step(39): len = 7580.2, overlap = 0
PHY-3002 : Step(40): len = 7580.2, overlap = 0
PHY-3001 : Legalization ...
PHY-3001 : End legalization;  0.004231s wall, 0.000000s user + 0.000000s system = 0.000000s CPU (n/a%)

PHY-3001 : Run with size of 4
PHY-3001 : Cell area utilization is 1%
PHY-3001 : :::0::: Try harder cell spreading with beta_ = 0
PHY-3002 : Step(41): len = 7296.1, overlap = 0
PHY-3002 : Step(42): len = 7296.1, overlap = 0
PHY-3002 : Step(43): len = 7352, overlap = 0
PHY-3002 : Step(44): len = 7386.4, overlap = 0
PHY-3002 : Step(45): len = 7302.4, overlap = 0
PHY-3002 : Step(46): len = 7309, overlap = 0
PHY-3002 : Step(47): len = 7080, overlap = 0
PHY-3002 : Step(48): len = 7130.4, overlap = 0
PHY-3002 : Step(49): len = 7047, overlap = 0
PHY-3002 : Step(50): len = 7131.4, overlap = 0
PHY-3002 : Step(51): len = 6879.5, overlap = 0
PHY-3002 : Step(52): len = 6949.3, overlap = 0
PHY-3002 : Step(53): len = 6818.8, overlap = 0
PHY-3002 : Step(54): len = 6951.7, overlap = 0
PHY-3002 : Step(55): len = 6854.7, overlap = 0
PHY-3002 : Step(56): len = 6743.5, overlap = 0.25
PHY-3002 : Step(57): len = 6878.7, overlap = 0.3125
PHY-3002 : Step(58): len = 6290.8, overlap = 0.625
PHY-3002 : Step(59): len = 6406.7, overlap = 0.8125
PHY-3002 : Step(60): len = 6452.6, overlap = 1
PHY-3002 : Step(61): len = 6029.5, overlap = 1.0625
PHY-3002 : Step(62): len = 5660, overlap = 1.0625
PHY-3002 : Step(63): len = 5806.7, overlap = 1.125
PHY-3002 : Step(64): len = 5872.9, overlap = 0.9375
PHY-3002 : Step(65): len = 5757.8, overlap = 1.15625
PHY-3002 : Step(66): len = 5244.5, overlap = 1.25
PHY-3002 : Step(67): len = 5256.3, overlap = 1.53125
PHY-3002 : Step(68): len = 5338.1, overlap = 1.5625
PHY-3002 : Step(69): len = 5388.3, overlap = 2.09375
PHY-3002 : Step(70): len = 5233.3, overlap = 0.25
PHY-3002 : Step(71): len = 4978.8, overlap = 0
PHY-3002 : Step(72): len = 4619.9, overlap = 0
PHY-3002 : Step(73): len = 4632.5, overlap = 0
PHY-3002 : Step(74): len = 4585.6, overlap = 0
PHY-3002 : Step(75): len = 4506.8, overlap = 0
PHY-3002 : Step(76): len = 4502.5, overlap = 0.9375
PHY-3002 : Step(77): len = 4415.1, overlap = 1.28125
PHY-3002 : Step(78): len = 4404.2, overlap = 1.59375
PHY-3002 : Step(79): len = 4345, overlap = 1.5625
PHY-3001 : :::1::: Try harder cell spreading with beta_ = 0.000106161
PHY-3002 : Step(80): len = 4168.7, overlap = 1.40625
PHY-3002 : Step(81): len = 4168.7, overlap = 1.40625
PHY-3002 : Step(82): len = 4050.4, overlap = 1.28125
PHY-3001 : :::2::: Try harder cell spreading with beta_ = 0.000212321
PHY-3002 : Step(83): len = 4076.8, overlap = 1.28125
PHY-3002 : Step(84): len = 4076.8, overlap = 1.28125
PHY-3001 : Run with size of 2
PHY-3001 : Cell area utilization is 1%
PHY-3001 : :::0::: Try harder cell spreading with beta_ = 9.38054e-06
PHY-3002 : Step(85): len = 4244.4, overlap = 9.9375
PHY-3002 : Step(86): len = 4244.4, overlap = 9.9375
PHY-3001 : :::1::: Try harder cell spreading with beta_ = 1.87611e-05
PHY-3002 : Step(87): len = 4437.9, overlap = 9.46875
PHY-3002 : Step(88): len = 4437.9, overlap = 9.46875
PHY-3002 : Step(89): len = 4276.6, overlap = 9.625
PHY-3001 : :::2::: Try harder cell spreading with beta_ = 3.75221e-05
PHY-3002 : Step(90): len = 4742.9, overlap = 5.1875
PHY-3002 : Step(91): len = 4742.9, overlap = 5.1875
PHY-3002 : Step(92): len = 4374.6, overlap = 5.125
OPT-1001 : Start physical optimization ...
OPT-1001 : Total overflow 14.44 peak overflow 2.81
OPT-1001 : Start high-fanout net optimization ...
OPT-1001 : Update timing in global mode
PHY-1001 : Start incremental global routing, caller is place ...
RUN-1001 : Generating global routing grids ...
RUN-1001 : Building simple global routing graph ...
PHY-1001 : Generate routing nets ...
PHY-1001 : Reuse net number 0/436.
PHY-1001 : Global iterations in 16 thread ...
PHY-1002 : len = 4640, over cnt = 28(0%), over = 110, worst = 15
PHY-1001 : End global iterations;  0.020123s wall, 0.015625s user + 0.000000s system = 0.015625s CPU (77.6%)

PHY-1001 : Congestion index: top1 = 14.48, top5 = 3.86, top10 = 1.92, top15 = 1.28.
PHY-1001 : End incremental global routing;  0.070009s wall, 0.062500s user + 0.000000s system = 0.062500s CPU (89.3%)

RUN-1002 : start command "start_timer -report"
TMR-5001 WARNING: No sdc constraints found while initiating timer.
TMR-2505 : Start building timing graph for model rx_top.
TMR-2506 : Build timing graph completely. Port num: 8, tpin num: 1606, tnet num: 434, tinst num: 367, tnode num: 1968, tedge num: 2541.
TMR-2508 : Levelizing timing graph completed, there are 26 levels in total.
TMR-2501 : Timing graph initialized successfully.
OPT-1001 : End timing update;  0.149294s wall, 0.156250s user + 0.000000s system = 0.156250s CPU (104.7%)

OPT-1001 : 0 high-fanout net processed.
OPT-1001 : End high-fanout net optimization;  0.228317s wall, 0.218750s user + 0.000000s system = 0.218750s CPU (95.8%)

OPT-1001 : Current memory(MB): used = 147, reserve = 116, peak = 147.
OPT-1001 : End physical optimization;  0.232922s wall, 0.390625s user + 0.015625s system = 0.406250s CPU (174.4%)

PHY-3001 : Start packing ...
SYN-4007 : Packing 0 MUX to BLE ...
SYN-4008 : Packed 0 MUX and 0 SEQ to BLE.
SYN-4007 : Packing 179 LUT to BLE ...
SYN-4008 : Packed 179 LUT and 83 SEQ to BLE.
SYN-4003 : Packing 28 remaining SEQ's ...
SYN-4005 : Packed 23 SEQ with LUT/SLICE
SYN-4006 : 77 single LUT's are left
SYN-4006 : 5 single SEQ's are left
SYN-4011 : Packing model "rx_top" (AL_USER_NORMAL) with 184/275 primitive instances ...
PHY-3001 : End packing;  0.010403s wall, 0.015625s user + 0.000000s system = 0.015625s CPU (150.2%)

PHY-1001 : Populate physical database on model rx_top.
RUN-1001 : There are total 181 instances
RUN-1001 : 75 mslices, 76 lslices, 25 pads, 0 brams, 0 dsps
RUN-1001 : There are total 360 nets
RUN-1001 : 192 nets have 2 pins
RUN-1001 : 115 nets have [3 - 5] pins
RUN-1001 : 31 nets have [6 - 10] pins
RUN-1001 : 17 nets have [11 - 20] pins
RUN-1001 : 4 nets have [21 - 99] pins
RUN-1001 : 1 nets have 100+ pins
PHY-3001 : design contains 179 instances, 151 slices, 10 macros(49 instances: 31 mslices 18 lslices)
PHY-3001 : Cell area utilization is 2%
PHY-3001 : After packing: Len = 4489.2, Over = 8.5
PHY-3001 : Run with size of 2
PHY-3001 : Cell area utilization is 2%
PHY-3001 : :::0::: Try harder cell spreading with beta_ = 9.34342e-06
PHY-3002 : Step(93): len = 4370.8, overlap = 7.75
PHY-3002 : Step(94): len = 4429, overlap = 8
PHY-3002 : Step(95): len = 4467, overlap = 8
PHY-3001 : :::1::: Try harder cell spreading with beta_ = 1.86868e-05
PHY-3002 : Step(96): len = 4505.3, overlap = 7.75
PHY-3002 : Step(97): len = 4555, overlap = 7.5
PHY-3002 : Step(98): len = 4651, overlap = 7.75
PHY-3001 : :::2::: Try harder cell spreading with beta_ = 3.73737e-05
PHY-3002 : Step(99): len = 4614.2, overlap = 7.5
PHY-3002 : Step(100): len = 4643.2, overlap = 7.5
PHY-3002 : Step(101): len = 4684.9, overlap = 7.5
PHY-3001 : Legalization ...
PHY-3001 : End legalization;  0.045161s wall, 0.015625s user + 0.078125s system = 0.093750s CPU (207.6%)

PHY-3001 : Trial Legalized: Len = 7652.1
PHY-3001 : Run with size of 2
PHY-3001 : Cell area utilization is 2%
PHY-3001 : :::0::: Try harder cell spreading with beta_ = 0.000279139
PHY-3002 : Step(102): len = 6423.9, overlap = 2
PHY-3002 : Step(103): len = 5619.7, overlap = 4.75
PHY-3002 : Step(104): len = 5143.4, overlap = 5.5
PHY-3002 : Step(105): len = 5056.5, overlap = 5.5
PHY-3002 : Step(106): len = 5084.4, overlap = 5.75
PHY-3001 : :::1::: Try harder cell spreading with beta_ = 0.000558278
PHY-3002 : Step(107): len = 5135.1, overlap = 6
PHY-3002 : Step(108): len = 5135.9, overlap = 5.75
PHY-3001 : :::2::: Try harder cell spreading with beta_ = 0.00111656
PHY-3002 : Step(109): len = 5136.8, overlap = 5.75
PHY-3002 : Step(110): len = 5136.8, overlap = 5.75
PHY-3001 : Legalization ...
PHY-3001 : End legalization;  0.003721s wall, 0.015625s user + 0.000000s system = 0.015625s CPU (420.0%)

PHY-3001 : Legalized: Len = 6649.3, Over = 0
PHY-3001 : Spreading special nets. 4 overflows in 2952 tiles.
PHY-3001 : End spreading;  0.002064s wall, 0.000000s user + 0.000000s system = 0.000000s CPU (n/a%)

PHY-3001 : 5 instances has been re-located, deltaX = 3, deltaY = 2, maxDist = 1.
PHY-3001 : Final: Len = 6795.3, Over = 0
OPT-1001 : Start physical optimization ...
OPT-1001 : Total overflow 0.00 peak overflow 0.00
OPT-1001 : Start high-fanout net optimization ...
OPT-1001 : Update timing in global mode
PHY-1001 : Start incremental global routing, caller is place ...
RUN-1001 : Generating global routing grids ...
PHY-1001 : Generate routing nets ...
PHY-1001 : Reuse net number 30/360.
PHY-1001 : Global iterations in 16 thread ...
PHY-1002 : len = 7512, over cnt = 28(0%), over = 43, worst = 4
PHY-1002 : len = 7744, over cnt = 9(0%), over = 13, worst = 4
PHY-1002 : len = 7944, over cnt = 0(0%), over = 0, worst = 0
PHY-1001 : End global iterations;  0.037991s wall, 0.062500s user + 0.062500s system = 0.125000s CPU (329.0%)

PHY-1001 : Congestion index: top1 = 18.36, top5 = 6.28, top10 = 3.13, top15 = 2.09.
PHY-1001 : End incremental global routing;  0.088597s wall, 0.109375s user + 0.062500s system = 0.171875s CPU (194.0%)

RUN-1002 : start command "start_timer -report"
TMR-5001 WARNING: No sdc constraints found while initiating timer.
TMR-2505 : Start building timing graph for model rx_top.
TMR-2506 : Build timing graph completely. Port num: 8, tpin num: 1410, tnet num: 358, tinst num: 179, tnode num: 1703, tedge num: 2371.
TMR-2508 : Levelizing timing graph completed, there are 26 levels in total.
TMR-2501 : Timing graph initialized successfully.
OPT-1001 : End timing update;  0.117445s wall, 0.109375s user + 0.000000s system = 0.109375s CPU (93.1%)

OPT-1001 : 0 high-fanout net processed.
OPT-1001 : End high-fanout net optimization;  0.209777s wall, 0.218750s user + 0.062500s system = 0.281250s CPU (134.1%)

OPT-1001 : Current memory(MB): used = 149, reserve = 117, peak = 149.
OPT-1001 : Update timing in Manhattan mode
OPT-1001 : End timing update;  0.000229s wall, 0.000000s user + 0.000000s system = 0.000000s CPU (n/a%)

OPT-1001 : Start pin optimization...
OPT-1001 : skip pin optimization...
RUN-1001 : Generating global routing grids ...
PHY-1001 : Generate routing nets ...
PHY-1001 : Reuse net number 276/360.
PHY-1001 : Global iterations in 16 thread ...
PHY-1002 : len = 7944, over cnt = 0(0%), over = 0, worst = 0
PHY-1001 : End global iterations;  0.004157s wall, 0.000000s user + 0.000000s system = 0.000000s CPU (n/a%)

PHY-1001 : Congestion index: top1 = 18.36, top5 = 6.28, top10 = 3.13, top15 = 2.09.
OPT-1001 : Update timing in Manhattan mode
OPT-1001 : End timing update;  0.000835s wall, 0.000000s user + 0.000000s system = 0.000000s CPU (n/a%)

RUN-1001 : QoR Analysis:
OPT-0007 :   WNS 2147483647 TNS 0 NUM_FEPS 0
RUN-1001 :   No local congestion issue, and most congested 1% tile average routing util is 17.965517
RUN-1001 :   Top critical paths
OPT-1001 : End physical optimization;  0.301646s wall, 0.296875s user + 0.078125s system = 0.375000s CPU (124.3%)

RUN-1003 : finish command "place" in  3.240556s wall, 3.531250s user + 5.156250s system = 8.687500s CPU (268.1%)

RUN-1004 : used memory is 133 MB, reserved memory is 102 MB, peak memory is 149 MB
RUN-1002 : start command "export_db rx_top_place.db"
RUN-1001 : Exported /
RUN-1001 : Exported flow parameters
RUN-1001 : Exported libs
RUN-1001 : Exported entities
RUN-1001 : Exported ports
RUN-1001 : Exported pins
RUN-1001 : Exported instances
RUN-1001 : Exported nets
RUN-1001 : Exported buses
RUN-1001 : Exported models
RUN-1001 : Exported congestions
RUN-1001 : Exported violations
RUN-1001 : Exported IO constraints
RUN-1001 : Exported Inst constraints
RUN-1002 : start command "route"
RUN-1001 : Open license file C:/Anlogic/TD5.6.2/license/Anlogic.lic
RUN-1001 : Print Global Property
RUN-1001 : ---------------------------------------------------------------
RUN-1001 :        Parameters        |  Settings  |  Default Values  |  Note  
RUN-1001 : ---------------------------------------------------------------
RUN-1001 :          message         |  standard  |     standard     |        
RUN-1001 :   mixed_pack_place_flow  |     on     |        on        |        
RUN-1001 :        qor_monitor       |    off     |       off        |        
RUN-1001 :        syn_ip_flow       |    off     |       off        |        
RUN-1001 :          thread          |    auto    |       auto       |        
RUN-1001 : ---------------------------------------------------------------
RUN-1001 : Print Route Property
RUN-1001 : -------------------------------------------------------
RUN-1001 :    Parameters    |  Settings  |  Default Values  |  Note  
RUN-1001 : -------------------------------------------------------
RUN-1001 :      effort      |   medium   |      medium      |        
RUN-1001 :     fix_hold     |    off     |       off        |        
RUN-1001 :    opt_timing    |   medium   |      medium      |        
RUN-1001 :   phy_sim_model  |    off     |       off        |        
RUN-1001 :     priority     |   timing   |      timing      |        
RUN-1001 :     swap_pin     |     on     |        on        |        
RUN-1001 : -------------------------------------------------------
PHY-1001 : Route runs in 16 thread(s)
RUN-1001 : There are total 181 instances
RUN-1001 : 75 mslices, 76 lslices, 25 pads, 0 brams, 0 dsps
RUN-1001 : There are total 360 nets
RUN-1001 : 192 nets have 2 pins
RUN-1001 : 115 nets have [3 - 5] pins
RUN-1001 : 31 nets have [6 - 10] pins
RUN-1001 : 17 nets have [11 - 20] pins
RUN-1001 : 4 nets have [21 - 99] pins
RUN-1001 : 1 nets have 100+ pins
RUN-1002 : start command "start_timer -report"
TMR-5001 WARNING: No sdc constraints found while initiating timer.
TMR-2505 : Start building timing graph for model rx_top.
TMR-2506 : Build timing graph completely. Port num: 8, tpin num: 1410, tnet num: 358, tinst num: 179, tnode num: 1703, tedge num: 2371.
TMR-2508 : Levelizing timing graph completed, there are 26 levels in total.
TMR-2501 : Timing graph initialized successfully.
PHY-1001 : 75 mslices, 76 lslices, 25 pads, 0 brams, 0 dsps
TMR-2503 : Start to update net delay, extr mode = 3.
TMR-2504 : Update delay of 358 nets completely.
TMR-2502 : Annotate delay completely, extr mode = 3.
TMR-3002 : No user constraint, initiate default constraint.
TMR-1501 : Assign derive clock DeriveClock to 172 clock pins, and constraint 293 relative nodes.
TMR-3003 : Constraints initiated successfully.
TMR-3501 : Forward propagation: start to calculate arrival time...
TMR-3502 : Backward propagation: start to calculate required time...
TMR-3503 : Timing propagation completes.
PHY-1001 : Start global routing, caller is route ...
RUN-1001 : Generating global routing grids ...
PHY-1001 : Generate routing nets ...
PHY-1001 : Global iterations in 16 thread ...
PHY-1002 : len = 7416, over cnt = 29(0%), over = 45, worst = 4
PHY-1002 : len = 7608, over cnt = 12(0%), over = 16, worst = 4
PHY-1002 : len = 7840, over cnt = 0(0%), over = 0, worst = 0
PHY-1001 : End global iterations;  0.067688s wall, 0.062500s user + 0.031250s system = 0.093750s CPU (138.5%)

PHY-1001 : Congestion index: top1 = 18.38, top5 = 6.20, top10 = 3.09, top15 = 2.06.
PHY-1001 : End global routing;  0.131941s wall, 0.140625s user + 0.031250s system = 0.171875s CPU (130.3%)

PHY-1001 : Start detail routing ...
PHY-1001 : Current memory(MB): used = 177, reserve = 146, peak = 185.
PHY-1001 : Detailed router is running in normal mode.
PHY-1001 : Generate detailed routing grids ...
PHY-1001 : Processed IO instance DigitronCS_Out[3]_syn_2 with INV attribute.
PHY-1001 : Processed IO instance DigitronCS_Out[2]_syn_2 with INV attribute.
PHY-1001 : Processed IO instance DigitronCS_Out[1]_syn_2 with INV attribute.
PHY-1001 : Processed IO instance DigitronCS_Out[0]_syn_2 with INV attribute.
PHY-1001 : Generate nets ...
PHY-1001 : net CLK_dup_1 will be routed on clock mesh
PHY-1001 : clock net CLK_500K_syn_8 will be merged with clock CLK_500K
PHY-1001 : clock net U5/SingleNum_n_syn_3 will be merged with clock U5/SingleNum_n
PHY-1001 : Current memory(MB): used = 439, reserve = 412, peak = 439.
PHY-1001 : End build detailed router design. 3.357372s wall, 3.281250s user + 0.078125s system = 3.359375s CPU (100.1%)

PHY-1001 : Detail Route ...
PHY-1001 : ===== Detail Route Phase 1 =====
PHY-1001 : Clock net routing.....
PHY-1001 : Routed 0% nets.
PHY-1022 : len = 9040, over cnt = 0(0%), over = 0, worst = 0, crit = 0
PHY-1001 : End initial clock net routed; 0.664625s wall, 0.656250s user + 0.000000s system = 0.656250s CPU (98.7%)

PHY-1001 : Current memory(MB): used = 469, reserve = 443, peak = 469.
PHY-1001 : End phase 1; 0.670417s wall, 0.671875s user + 0.000000s system = 0.671875s CPU (100.2%)

PHY-1001 : ===== Detail Route Phase 2 =====
PHY-1001 : Initial routing.....
PHY-1001 : Routed 31% nets.
PHY-1001 : Routed 38% nets.
PHY-1001 : Routed 46% nets.
PHY-1001 : Routed 62% nets.
PHY-1001 : Routed 81% nets.
PHY-1022 : len = 27032, over cnt = 14(0%), over = 14, worst = 1, crit = 0
PHY-1001 : Current memory(MB): used = 469, reserve = 443, peak = 469.
PHY-1001 : End initial routed; 0.111057s wall, 0.093750s user + 0.046875s system = 0.140625s CPU (126.6%)

PHY-1001 : Current memory(MB): used = 469, reserve = 443, peak = 469.
PHY-1001 : End phase 2; 0.111156s wall, 0.093750s user + 0.046875s system = 0.140625s CPU (126.5%)

PHY-1001 : ===== Detail Route Phase 3 =====
PHY-1001 : Ripup-reroute.....
PHY-1001 : ===== DR Iter 1 =====
PHY-1022 : len = 26952, over cnt = 5(0%), over = 5, worst = 1, crit = 0
PHY-1001 : End DR Iter 1; 0.012560s wall, 0.015625s user + 0.000000s system = 0.015625s CPU (124.4%)

PHY-1001 : ===== DR Iter 2 =====
PHY-1022 : len = 27000, over cnt = 2(0%), over = 2, worst = 1, crit = 0
PHY-1001 : End DR Iter 2; 0.011317s wall, 0.015625s user + 0.000000s system = 0.015625s CPU (138.1%)

PHY-1001 : ===== DR Iter 3 =====
PHY-1022 : len = 27032, over cnt = 0(0%), over = 0, worst = 0, crit = 0
PHY-1001 : End DR Iter 3; 0.008681s wall, 0.000000s user + 0.000000s system = 0.000000s CPU (n/a%)

PHY-1001 : Commit to database.....
PHY-1001 : 0 feed throughs used by 0 nets
PHY-1001 : End commit to database; 0.032244s wall, 0.031250s user + 0.000000s system = 0.031250s CPU (96.9%)

PHY-1001 : Current memory(MB): used = 479, reserve = 452, peak = 479.
PHY-1001 : End phase 3; 0.161897s wall, 0.156250s user + 0.000000s system = 0.156250s CPU (96.5%)

PHY-1003 : Routed, final wirelength = 27032
PHY-1001 : Current memory(MB): used = 479, reserve = 452, peak = 479.
PHY-1001 : End export database. 0.007345s wall, 0.015625s user + 0.000000s system = 0.015625s CPU (212.7%)

PHY-1001 : End detail routing;  4.516034s wall, 4.421875s user + 0.125000s system = 4.546875s CPU (100.7%)

RUN-1003 : finish command "route" in  4.853948s wall, 4.750000s user + 0.156250s system = 4.906250s CPU (101.1%)

RUN-1004 : used memory is 420 MB, reserved memory is 392 MB, peak memory is 479 MB
RUN-1002 : start command "report_area -io_info -file rx_top_phy.area"
RUN-1001 : standard
***Report Model: rx_top Device: EG4S20BG256***

IO Statistics
#IO                        25
  #input                    4
  #output                  21
  #inout                    0

Utilization Statistics
#lut                      285   out of  19600    1.45%
#reg                      117   out of  19600    0.60%
#le                       290
  #lut only               173   out of    290   59.66%
  #reg only                 5   out of    290    1.72%
  #lut&reg                112   out of    290   38.62%
#dsp                        0   out of     29    0.00%
#bram                       0   out of     64    0.00%
  #bram9k                   0
  #fifo9k                   0
#bram32k                    0   out of     16    0.00%
#pad                       25   out of    188   13.30%
  #ireg                     1
  #oreg                    13
  #treg                     0
#pll                        0   out of      4    0.00%
#gclk                       2   out of     16   12.50%

Clock Resource Statistics
Index     ClockNet          Type               DriverType         Driver                     Fanout
#1        CLK_dup_1         GCLK               io                 CLK_syn_2.di               54
#2        CLK_500K          GCLK               lslice             CLK_500K_reg_syn_5.q1      29
#3        U5/SingleNum_n    GCLK               lslice             U5/SingleNum_n_syn_7.f0    7


Detailed IO Report

        Name           Direction    Location    IOStandard    DriveStrength    PullType    PackReg  
         CLK             INPUT         R7        LVCMOS33          N/A          PULLUP      NONE    
        RSTn             INPUT         A9        LVCMOS33          N/A          PULLUP      NONE    
      RX_En_Sig          INPUT        A10        LVCMOS33          N/A          PULLUP      NONE    
      RX_Pin_In          INPUT        F12        LVCMOS33          N/A          PULLUP      IREG    
  DigitronCS_Out[3]     OUTPUT         A3        LVCMOS33           8            NONE       OREG    
  DigitronCS_Out[2]     OUTPUT         A5        LVCMOS33           8            NONE       OREG    
  DigitronCS_Out[1]     OUTPUT         B6        LVCMOS33           8            NONE       OREG    
  DigitronCS_Out[0]     OUTPUT         C9        LVCMOS33           8            NONE       OREG    
   Digitron_Out[7]      OUTPUT         C8        LVCMOS33           8            NONE       NONE    
   Digitron_Out[6]      OUTPUT         A8        LVCMOS33           8            NONE       NONE    
   Digitron_Out[5]      OUTPUT         B5        LVCMOS33           8            NONE       NONE    
   Digitron_Out[4]      OUTPUT         A7        LVCMOS33           8            NONE       NONE    
   Digitron_Out[3]      OUTPUT         E8        LVCMOS33           8            NONE       NONE    
   Digitron_Out[2]      OUTPUT         B8        LVCMOS33           8            NONE       NONE    
   Digitron_Out[1]      OUTPUT         A6        LVCMOS33           8            NONE       NONE    
   Digitron_Out[0]      OUTPUT         A4        LVCMOS33           8            NONE       NONE    
     LED_Out[7]         OUTPUT        F16        LVCMOS33           8            NONE       OREG    
     LED_Out[6]         OUTPUT        E16        LVCMOS33           8            NONE       OREG    
     LED_Out[5]         OUTPUT        E13        LVCMOS33           8            NONE       OREG    
     LED_Out[4]         OUTPUT        C16        LVCMOS33           8            NONE       OREG    
     LED_Out[3]         OUTPUT        C15        LVCMOS33           8            NONE       OREG    
     LED_Out[2]         OUTPUT        B16        LVCMOS33           8            NONE       OREG    
     LED_Out[1]         OUTPUT        B15        LVCMOS33           8            NONE       OREG    
     LED_Out[0]         OUTPUT        B14        LVCMOS33           8            NONE       OREG    
     TX_Pin_Out         OUTPUT        D12        LVCMOS33           8            NONE       OREG    

Report Hierarchy Area:
+-----------------------------------------------------------------------------------+
|Instance |Module              |le     |lut     |ripple  |seq     |bram    |dsp     |
+-----------------------------------------------------------------------------------+
|top      |rx_top              |290    |236     |49      |131     |0       |0       |
|  U1     |detect_module       |1      |1       |0       |1       |0       |0       |
|  U2     |rx_bps_module       |27     |23      |4       |15      |0       |0       |
|  U3     |rx_control_module   |41     |36      |5       |18      |0       |0       |
|  U5     |Digitron_NumDisplay |107    |87      |18      |22      |0       |0       |
|  U6     |calculate_rx        |24     |21      |0       |24      |0       |0       |
|  U7     |uart_tx             |62     |50      |12      |26      |0       |0       |
+-----------------------------------------------------------------------------------+


DataNet Average Fanout:

   Index     Fanout    Nets  
    #1         1       167   
    #2         2        73   
    #3         3        32   
    #4         4        10   
    #5        5-10      31   
    #6       11-50      16   
    #7       51-100     1    
  Average     2.84           

RUN-1002 : start command "export_db rx_top_pr.db"
RUN-1001 : Exported /
RUN-1001 : Exported flow parameters
RUN-1001 : Exported libs
RUN-1001 : Exported entities
RUN-1001 : Exported ports
RUN-1001 : Exported pins
RUN-1001 : Exported instances
RUN-1001 : Exported nets
RUN-1001 : Exported buses
RUN-1001 : Exported models
RUN-1001 : Exported congestions
RUN-1001 : Exported violations
RUN-1001 : Exported IO constraints
RUN-1001 : Exported Inst constraints
RUN-1002 : start command "export_bid rx_top_inst.bid"
RUN-1002 : start command "bitgen -bit rx_top.bit -unused_io_status pulldown"
BIT-1003 : Start to generate bitstream. 
BIT-1002 : Bitgen processed 163 unused pads, reserve input tri_state with pulldown
BIT-1002 : Init instances with 16 threads.
BIT-1002 : Init instances completely, inst num: 342
BIT-1002 : Init pips with 16 threads.
BIT-1002 : Init pips completely, net num: 360, pip num: 2737
BIT-1003 : Multithreading accelaration with 16 threads.
BIT-1003 : Generate bitstream completely, there are 483 valid insts, and 9133 bits set as '1'.
BIT-1004 : PLL setting string = 0000
BIT-1004 : Generate bits file rx_top.bit.
RUN-1003 : finish command "bitgen -bit rx_top.bit -unused_io_status pulldown" in  1.212300s wall, 4.359375s user + 0.109375s system = 4.468750s CPU (368.6%)

RUN-1004 : used memory is 427 MB, reserved memory is 402 MB, peak memory is 623 MB
RUN-1002 : start command "backup_run_log run.log ../.logs/phy_1/td_20240827_205707.log"
