============================================================
   Tang Dynasty, V5.6.71036
      Copyright (c) 2012-2023 Anlogic Inc.
   Executable = C:/Anlogic/TD5.6.2/bin/td.exe
   Built at =   20:34:38 Mar 21 2023
   Run by =     Lenovo
   Run Date =   Wed Aug 28 10:09:36 2024

   Run on =     LAPTOP-QRG7LJL6
============================================================
RUN-1002 : start command "open_project rx_top.prj"
RUN-1001 : Print Global Property
RUN-1001 : ---------------------------------------------------------------
RUN-1001 :        Parameters        |  Settings  |  Default Values  |  Note  
RUN-1001 : ---------------------------------------------------------------
RUN-1001 :          message         |  standard  |     standard     |        
RUN-1001 :   mixed_pack_place_flow  |     on     |        on        |        
RUN-1001 :        qor_monitor       |    off     |       off        |        
RUN-1001 :        syn_ip_flow       |    off     |       off        |        
RUN-1001 :          thread          |    auto    |       auto       |        
RUN-1001 : ---------------------------------------------------------------
RUN-1001 : Print Design Property
RUN-1001 : --------------------------------------------------------------
RUN-1001 :        Parameters       |  Settings  |  Default Values  |  Note  
RUN-1001 : --------------------------------------------------------------
RUN-1001 :   default_reg_initial   |    auto    |       auto       |        
RUN-1001 :        infer_add        |     on     |        on        |        
RUN-1001 :        infer_fsm        |    off     |       off        |        
RUN-1001 :        infer_mult       |     on     |        on        |        
RUN-1001 :        infer_ram        |     on     |        on        |        
RUN-1001 :        infer_reg        |     on     |        on        |        
RUN-1001 :   infer_reg_init_value  |     on     |        on        |        
RUN-1001 :        infer_rom        |     on     |        on        |        
RUN-1001 :      infer_shifter      |     on     |        on        |        
RUN-1001 : --------------------------------------------------------------
RUN-1001 : Print Rtl Property
RUN-1001 : --------------------------------------------------------------
RUN-1001 :        Parameters       |  Settings  |  Default Values  |  Note  
RUN-1001 : --------------------------------------------------------------
RUN-1001 :       compress_add      |   ripple   |      ripple      |        
RUN-1001 :        elf_sload        |    off     |       off        |        
RUN-1001 :       fix_undriven      |     0      |        0         |        
RUN-1001 :         flatten         |    off     |       off        |        
RUN-1001 :       gate_sharing      |     on     |        on        |        
RUN-1001 :    hdl_warning_level    |   normal   |      normal      |        
RUN-1001 :   impl_internal_tribuf  |     on     |        on        |        
RUN-1001 :      impl_set_reset     |     on     |        on        |        
RUN-1001 :        infer_gsr        |    off     |       off        |        
RUN-1001 :      keep_hierarchy     |    auto    |       auto       |        
RUN-1001 :        max_fanout       |    9999    |       9999       |        
RUN-1001 :      max_oh2bin_len     |     10     |        10        |        
RUN-1001 :       merge_equal       |     on     |        on        |        
RUN-1001 :       merge_equiv       |     on     |        on        |        
RUN-1001 :        merge_mux        |    off     |       off        |        
RUN-1001 :     min_control_set     |     8      |        8         |        
RUN-1001 :      min_ripple_len     |    auto    |       auto       |        
RUN-1001 :       oh2bin_ratio      |    0.08    |       0.08       |        
RUN-1001 :     opt_adder_fanout    |     on     |        on        |        
RUN-1001 :        opt_arith        |     on     |        on        |        
RUN-1001 :       opt_big_gate      |    off     |       off        |        
RUN-1001 :        opt_const        |     on     |        on        |        
RUN-1001 :      opt_const_mult     |     on     |        on        |        
RUN-1001 :       opt_lessthan      |     on     |        on        |        
RUN-1001 :         opt_mux         |    off     |       off        |        
RUN-1001 :         opt_ram         |    high    |       high       |        
RUN-1001 :      rtl_sim_model      |    off     |       off        |        
RUN-1001 :         seq_syn         |     on     |        on        |        
RUN-1001 : --------------------------------------------------------------
HDL-1007 : analyze verilog file ../../Digitron_NumDisplay.v
HDL-1007 : analyze verilog file ../../LED_display_module.v
HDL-5007 WARNING: empty port in module declaration in ../../LED_display_module.v(3)
HDL-1007 : analyze verilog file ../../detect_module.v
HDL-1007 : analyze verilog file ../../rx_bps_module.v
HDL-1007 : analyze verilog file ../../rx_control_module.v
HDL-1007 : analyze verilog file ../../rx_top.v
HDL-1007 : analyze verilog file ../../tx_control.v
HDL-1007 : analyze verilog file ../../calculate_rx.v
HDL-1007 : analyze verilog file ../../tx_bitrate.v
RUN-1001 : Project manager successfully analyzed 9 source files.
RUN-1002 : start command "import_device eagle_s20.db -package EG4S20BG256"
ARC-1001 : Device Initialization.
ARC-1001 : ------------------------------------------------------------------
ARC-1001 :            OPTION            |          IO          |   SETTING   
ARC-1001 : ------------------------------------------------------------------
ARC-1001 :   cso_b/cclk/mosi/miso/dout  |  T3/R11/T10/P10/S11  |    gpio    
ARC-1001 :             done             |         P13          |    gpio    
ARC-1001 :           program_b          |          T2          |  dedicate  
ARC-1001 :        tdi/tms/tck/tdo       |   C12/A15/C14/E14    |  dedicate  
ARC-1001 : ------------------------------------------------------------------
ARC-1004 : Device setting, marked 5 dedicate IOs in total.
RUN-1002 : start command "import_db ../syn_1/rx_top_gate.db"
RUN-1001 : Importing database generated by Tang Dynasty, V5.6.71036.
RUN-1001 : Database version number 46146.
RUN-1001 : Import flow parameters
RUN-1001 : Import IO constraints
RUN-1001 : Import Inst constraints
RUN-1001 : Import design success TD_VERSION=5.6.71036 , DB_VERSION=46146
RUN-1002 : start command "config_chipwatcher ../../tx.cwc -dir "
RUN-1002 : start command "legalize_phy_inst"
SYN-1011 : Flatten model rx_top
KIT-1004 : ChipWatcher: import watcher inst auto_chipwatcher_0 completed, there are 10 view nodes, 20 trigger nets, 20 data nets.
KIT-1004 : Chipwatcher code = 0010011001101011
RUN-1002 : start command "compile_watcher"
RUN-1002 : start command "read_verilog -no_sch -dir C:/Anlogic/TD5.6.2/cw/ -file rx_top_watcherInst.sv -lib cw -top CW_TOP_WRAPPER"
HDL-1007 : analyze verilog file C:/Anlogic/TD5.6.2/cw\bus_det.v
HDL-1007 : analyze verilog file C:/Anlogic/TD5.6.2/cw\bus_top.sv
HDL-1007 : analyze verilog file C:/Anlogic/TD5.6.2/cw\cfg_int.v
HDL-1007 : analyze verilog file C:/Anlogic/TD5.6.2/cw\cwc_cfg_int.v
HDL-1007 : analyze verilog file C:/Anlogic/TD5.6.2/cw\cwc_top.sv
HDL-1007 : analyze verilog file C:/Anlogic/TD5.6.2/cw\detect_bus.v
HDL-1007 : analyze verilog file C:/Anlogic/TD5.6.2/cw\detect_non_bus.v
HDL-1007 : analyze verilog file C:/Anlogic/TD5.6.2/cw\emb_ctrl.v
HDL-1007 : analyze verilog file C:/Anlogic/TD5.6.2/cw\register.v
HDL-1007 : analyze verilog file C:/Anlogic/TD5.6.2/cw\tap.v
HDL-1007 : analyze verilog file C:/Anlogic/TD5.6.2/cw\trigger.sv
HDL-1007 : analyze verilog file rx_top_watcherInst.sv
HDL-1007 : elaborate module CW_TOP_WRAPPER in rx_top_watcherInst.sv(1)
HDL-1007 : elaborate module cwc_top(BUS_NUM=10,BUS_DIN_NUM=20,BUS_CTRL_NUM=80,BUS_WIDTH='{32'sb01,32'sb0100,32'sb01,32'sb01000,32'sb01,32'sb01,32'sb01,32'sb01,32'sb01,32'sb01},BUS_DIN_POS='{32'sb0,32'sb01,32'sb0101,32'sb0110,32'sb01110,32'sb01111,32'sb010000,32'sb010001,32'sb010010,32'sb010011},BUS_CTRL_POS='{32'sb0,32'sb0110,32'sb010010,32'sb011000,32'sb0101100,32'sb0110010,32'sb0111000,32'sb0111110,32'sb01000100,32'sb01001010}) in C:/Anlogic/TD5.6.2/cw\cwc_top.sv(21)
HDL-1007 : elaborate module cwc_cfg_int(CTRL_REG_LEN=102) in C:/Anlogic/TD5.6.2/cw\cwc_cfg_int.v(21)
HDL-1007 : elaborate module register(CTRL_REG_LEN=102) in C:/Anlogic/TD5.6.2/cw\register.v(21)
HDL-1007 : elaborate module tap in C:/Anlogic/TD5.6.2/cw\tap.v(21)
HDL-1007 : elaborate module trigger(BUS_NUM=10,BUS_DIN_NUM=20,BUS_CTRL_NUM=80,BUS_WIDTH='{32'sb01,32'sb0100,32'sb01,32'sb01000,32'sb01,32'sb01,32'sb01,32'sb01,32'sb01,32'sb01},BUS_DIN_POS='{32'sb0,32'sb01,32'sb0101,32'sb0110,32'sb01110,32'sb01111,32'sb010000,32'sb010001,32'sb010010,32'sb010011},BUS_CTRL_POS='{32'sb0,32'sb0110,32'sb010010,32'sb011000,32'sb0101100,32'sb0110010,32'sb0111000,32'sb0111110,32'sb01000100,32'sb01001010}) in C:/Anlogic/TD5.6.2/cw\trigger.sv(21)
HDL-1007 : elaborate module bus_top(BUS_NODE_NUM=10,BUS_DIN_NUM=20,BUS_CTRL_NUM=80,BUS_WIDTH='{32'sb01,32'sb0100,32'sb01,32'sb01000,32'sb01,32'sb01,32'sb01,32'sb01,32'sb01,32'sb01},BUS_DIN_POS='{32'sb0,32'sb01,32'sb0101,32'sb0110,32'sb01110,32'sb01111,32'sb010000,32'sb010001,32'sb010010,32'sb010011},BUS_CTRL_POS='{32'sb0,32'sb0110,32'sb010010,32'sb011000,32'sb0101100,32'sb0110010,32'sb0111000,32'sb0111110,32'sb01000100,32'sb01001010}) in C:/Anlogic/TD5.6.2/cw\bus_top.sv(22)
HDL-1007 : elaborate module bus_det(BUS_WIDTH=32'sb01) in C:/Anlogic/TD5.6.2/cw\bus_det.v(21)
HDL-1007 : elaborate module bus_det(BUS_WIDTH=32'sb0100) in C:/Anlogic/TD5.6.2/cw\bus_det.v(21)
HDL-1007 : elaborate module bus_det(BUS_WIDTH=32'sb01000) in C:/Anlogic/TD5.6.2/cw\bus_det.v(21)
HDL-1007 : elaborate module emb_ctrl in C:/Anlogic/TD5.6.2/cw\emb_ctrl.v(21)
HDL-1200 : Current top model is CW_TOP_WRAPPER
HDL-1100 : Inferred 0 RAMs.
RUN-1002 : start command "force_keep -a auto_chipwatcher_0_logicbram"
RUN-1002 : start command "optimize_rtl -no_sch"
RUN-1001 : Open license file C:/Anlogic/TD5.6.2/license/Anlogic.lic
RUN-1001 : Print Global Property
RUN-1001 : ---------------------------------------------------------------
RUN-1001 :        Parameters        |  Settings  |  Default Values  |  Note  
RUN-1001 : ---------------------------------------------------------------
RUN-1001 :          message         |  standard  |     standard     |        
RUN-1001 :   mixed_pack_place_flow  |     on     |        on        |        
RUN-1001 :        qor_monitor       |    off     |       off        |        
RUN-1001 :        syn_ip_flow       |    off     |       off        |        
RUN-1001 :          thread          |    auto    |       auto       |        
RUN-1001 : ---------------------------------------------------------------
RUN-1001 : Print Rtl Property
RUN-1001 : --------------------------------------------------------------
RUN-1001 :        Parameters       |  Settings  |  Default Values  |  Note  
RUN-1001 : --------------------------------------------------------------
RUN-1001 :       compress_add      |   ripple   |      ripple      |        
RUN-1001 :        elf_sload        |    off     |       off        |        
RUN-1001 :       fix_undriven      |     0      |        0         |        
RUN-1001 :         flatten         |    off     |       off        |        
RUN-1001 :       gate_sharing      |     on     |        on        |        
RUN-1001 :    hdl_warning_level    |   normal   |      normal      |        
RUN-1001 :   impl_internal_tribuf  |     on     |        on        |        
RUN-1001 :      impl_set_reset     |     on     |        on        |        
RUN-1001 :        infer_gsr        |    off     |       off        |        
RUN-1001 :      keep_hierarchy     |    auto    |       auto       |        
RUN-1001 :        max_fanout       |    9999    |       9999       |        
RUN-1001 :      max_oh2bin_len     |     10     |        10        |        
RUN-1001 :       merge_equal       |     on     |        on        |        
RUN-1001 :       merge_equiv       |     on     |        on        |        
RUN-1001 :        merge_mux        |    off     |       off        |        
RUN-1001 :     min_control_set     |     8      |        8         |        
RUN-1001 :      min_ripple_len     |    auto    |       auto       |        
RUN-1001 :       oh2bin_ratio      |    0.08    |       0.08       |        
RUN-1001 :     opt_adder_fanout    |     on     |        on        |        
RUN-1001 :        opt_arith        |     on     |        on        |        
RUN-1001 :       opt_big_gate      |    off     |       off        |        
RUN-1001 :        opt_const        |     on     |        on        |        
RUN-1001 :      opt_const_mult     |     on     |        on        |        
RUN-1001 :       opt_lessthan      |     on     |        on        |        
RUN-1001 :         opt_mux         |    off     |       off        |        
RUN-1001 :         opt_ram         |    high    |       high       |        
RUN-1001 :      rtl_sim_model      |    off     |       off        |        
RUN-1001 :         seq_syn         |     on     |        on        |        
RUN-1001 : --------------------------------------------------------------
SYN-1012 : SanityCheck: Model "rx_top"
SYN-1012 : SanityCheck: Model "CW_TOP_WRAPPER"
SYN-1012 : SanityCheck: Model "cwc_top(BUS_NUM=10,BUS_DIN_NUM=20,BUS_CTRL_NUM=80,BUS_WIDTH='{32'sb01,32'sb0100,32'sb01,32'sb01000,32'sb01,32'sb01,32'sb01,32'sb01,32'sb01,32'sb01},BUS_DIN_POS='{32'sb0,32'sb01,32'sb0101,32'sb0110,32'sb01110,32'sb01111,32'sb010000,32'sb010001,32'sb010010,32'sb010011},BUS_CTRL_POS='{32'sb0,32'sb0110,32'sb010010,32'sb011000,32'sb0101100,32'sb0110010,32'sb0111000,32'sb0111110,32'sb01000100,32'sb01001010})"
SYN-1012 : SanityCheck: Model "cwc_cfg_int(CTRL_REG_LEN=102)"
SYN-1012 : SanityCheck: Model "register(CTRL_REG_LEN=102)"
SYN-1012 : SanityCheck: Model "tap"
SYN-1012 : SanityCheck: Model "trigger(BUS_NUM=10,BUS_DIN_NUM=20,BUS_CTRL_NUM=80,BUS_WIDTH='{32'sb01,32'sb0100,32'sb01,32'sb01000,32'sb01,32'sb01,32'sb01,32'sb01,32'sb01,32'sb01},BUS_DIN_POS='{32'sb0,32'sb01,32'sb0101,32'sb0110,32'sb01110,32'sb01111,32'sb010000,32'sb010001,32'sb010010,32'sb010011},BUS_CTRL_POS='{32'sb0,32'sb0110,32'sb010010,32'sb011000,32'sb0101100,32'sb0110010,32'sb0111000,32'sb0111110,32'sb01000100,32'sb01001010})"
SYN-1012 : SanityCheck: Model "bus_top(BUS_NODE_NUM=10,BUS_DIN_NUM=20,BUS_CTRL_NUM=80,BUS_WIDTH='{32'sb01,32'sb0100,32'sb01,32'sb01000,32'sb01,32'sb01,32'sb01,32'sb01,32'sb01,32'sb01},BUS_DIN_POS='{32'sb0,32'sb01,32'sb0101,32'sb0110,32'sb01110,32'sb01111,32'sb010000,32'sb010001,32'sb010010,32'sb010011},BUS_CTRL_POS='{32'sb0,32'sb0110,32'sb010010,32'sb011000,32'sb0101100,32'sb0110010,32'sb0111000,32'sb0111110,32'sb01000100,32'sb01001010})"
SYN-1012 : SanityCheck: Model "bus_det(BUS_WIDTH=32'sb01)"
SYN-1012 : SanityCheck: Model "bus_det(BUS_WIDTH=32'sb0100)"
SYN-1012 : SanityCheck: Model "bus_det(BUS_WIDTH=32'sb01000)"
SYN-1012 : SanityCheck: Model "emb_ctrl"
SYN-1011 : Flatten model rx_top
SYN-1032 : 1807/36 useful/useless nets, 975/28 useful/useless insts
SYN-1016 : Merged 48 instances.
SYN-1032 : 1520/16 useful/useless nets, 1324/16 useful/useless insts
SYN-1014 : Optimize round 1
SYN-1032 : 1504/16 useful/useless nets, 1312/12 useful/useless insts
SYN-1021 : Optimized 2 onehot mux instances.
SYN-1020 : Optimized 1 distributor mux.
SYN-1019 : Optimized 2 mux instances.
SYN-1015 : Optimize round 1, 359 better
SYN-1014 : Optimize round 2
SYN-1032 : 1255/30 useful/useless nets, 1063/32 useful/useless insts
SYN-1015 : Optimize round 2, 64 better
SYN-1014 : Optimize round 1
SYN-1015 : Optimize round 1, 0 better
RUN-1002 : start command "optimize_gate -no_sch"
RUN-1001 : Open license file C:/Anlogic/TD5.6.2/license/Anlogic.lic
RUN-1001 : Print Global Property
RUN-1001 : ---------------------------------------------------------------
RUN-1001 :        Parameters        |  Settings  |  Default Values  |  Note  
RUN-1001 : ---------------------------------------------------------------
RUN-1001 :          message         |  standard  |     standard     |        
RUN-1001 :   mixed_pack_place_flow  |     on     |        on        |        
RUN-1001 :        qor_monitor       |    off     |       off        |        
RUN-1001 :        syn_ip_flow       |    off     |       off        |        
RUN-1001 :          thread          |    auto    |       auto       |        
RUN-1001 : ---------------------------------------------------------------
RUN-1001 : Print Gate Property
RUN-1001 : ------------------------------------------------------------------
RUN-1001 :          Parameters         |  Settings  |  Default Values  |  Note  
RUN-1001 : ------------------------------------------------------------------
RUN-1001 :         cascade_dsp         |    off     |       off        |        
RUN-1001 :         cascade_eram        |    off     |       off        |        
RUN-1001 :        gate_sim_model       |    off     |       off        |        
RUN-1001 :        map_sim_model        |    off     |       off        |        
RUN-1001 :         map_strategy        |     1      |        1         |        
RUN-1001 :           opt_area          |   medium   |      medium      |        
RUN-1001 :          opt_timing         |    auto    |       auto       |        
RUN-1001 :         pack_effort         |   medium   |      medium      |        
RUN-1001 :      pack_lslice_ripple     |     on     |        on        |        
RUN-1001 :   pack_lslice_ripple_ratio  |    0.5     |       0.5        |        
RUN-1001 :        pack_seq_in_io       |    auto    |       auto       |        
RUN-1001 :        ph1_mux_ratio        |    1.0     |       1.0        |        
RUN-1001 :            report           |  standard  |     standard     |        
RUN-1001 :           retiming          |    off     |       off        |        
RUN-1001 : ------------------------------------------------------------------
SYN-2001 : Map 25 IOs to PADs
RUN-1002 : start command "update_pll_param -module rx_top"
SYN-2501 : Processed 0 LOGIC_BUF instances.
SYN-2512 : LOGIC BRAM "auto_chipwatcher_0_logicbram"
SYN-2571 : Optimize after map_dsp, round 1
SYN-1032 : 1279/151 useful/useless nets, 1104/25 useful/useless insts
SYN-1016 : Merged 21 instances.
SYN-2571 : Optimize after map_dsp, round 1, 197 better
SYN-2571 : Optimize after map_dsp, round 2
SYN-2571 : Optimize after map_dsp, round 2, 0 better
SYN-1001 : Throwback 4 control mux instances
SYN-2501 : Optimize round 1
SYN-1016 : Merged 12 instances.
SYN-2501 : Optimize round 1, 26 better
SYN-2501 : Optimize round 2
SYN-2501 : Optimize round 2, 0 better
SYN-2501 : Map 14 macro adder
SYN-1019 : Optimized 9 mux instances.
SYN-1016 : Merged 10 instances.
SYN-1032 : 1639/5 useful/useless nets, 1464/4 useful/useless insts
SYN-3001 : Running gate level optimization.
SYN-2581 : Mapping with K=5, #lut = 177 (3.88), #lev = 5 (2.17)
SYN-2551 : Post LUT mapping optimization.
SYN-2581 : Mapping with K=5, #lut = 195 (3.93), #lev = 4 (1.95)
SYN-3001 : Logic optimization runtime opt =   0.02 sec, map =   0.00 sec
SYN-3001 : Mapper mapped 528 instances into 195 LUTs, name keeping = 78%.
SYN-1001 : Packing model "rx_top" ...
SYN-4010 : Pack lib has 58 rtl pack models with 25 top pack blocks
SYN-1014 : Optimize round 1
SYN-1015 : Optimize round 1, 0 better
SYN-4002 : Packing 327 DFF/LATCH to SEQ ...
SYN-4009 : Pack 6 carry chain into lslice
SYN-4007 : Packing 101 adder to BLE ...
SYN-4008 : Packed 101 adder and 0 SEQ to BLE.
SYN-4007 : Packing 0 gate4 to BLE ...
SYN-4008 : Packed 0 gate4 and 0 SEQ to BLE.
SYN-4012 : Packed 0 FxMUX
RUN-1002 : start command "legalize_phy_inst"
SYN-1011 : Flatten model rx_top
KIT-1004 : Compile Chipwatcher: Clear obsolete physical data.
RUN-1002 : start command "place"
RUN-1001 : Open license file C:/Anlogic/TD5.6.2/license/Anlogic.lic
RUN-1001 : Print Global Property
RUN-1001 : ---------------------------------------------------------------
RUN-1001 :        Parameters        |  Settings  |  Default Values  |  Note  
RUN-1001 : ---------------------------------------------------------------
RUN-1001 :          message         |  standard  |     standard     |        
RUN-1001 :   mixed_pack_place_flow  |     on     |        on        |        
RUN-1001 :        qor_monitor       |    off     |       off        |        
RUN-1001 :        syn_ip_flow       |    off     |       off        |        
RUN-1001 :          thread          |    auto    |       auto       |        
RUN-1001 : ---------------------------------------------------------------
RUN-1001 : Print Place Property
RUN-1001 : --------------------------------------------------------------
RUN-1001 :        Parameters       |  Settings  |  Default Values  |  Note  
RUN-1001 : --------------------------------------------------------------
RUN-1001 :      detailed_place     |     on     |        on        |        
RUN-1001 :          effort         |   medium   |      medium      |        
RUN-1001 :         fix_hold        |    off     |       off        |        
RUN-1001 :       legalization      |    ori     |       ori        |        
RUN-1001 :      new_spreading      |     on     |        on        |        
RUN-1001 :        opt_timing       |   medium   |      medium      |        
RUN-1001 :   post_clock_route_opt  |    off     |       off        |        
RUN-1001 :       pr_strategy       |     1      |        1         |        
RUN-1001 :        relaxation       |    1.00    |       1.00       |        
RUN-1001 :         retiming        |    off     |       off        |        
RUN-1001 : --------------------------------------------------------------
PHY-3001 : Placer runs in 16 thread(s).
RUN-1002 : start command "legalize_phy_inst"
SYN-1011 : Flatten model rx_top
SYN-5055 WARNING: The kept net U2/BPS_CLK_n will be merged to another kept net BPS_CLK
SYN-5055 WARNING: The kept net U3/BPS_CLK will be merged to another kept net BPS_CLK
SYN-5055 WARNING: The kept net U1/CLK will be merged to another kept net CLK_500K
SYN-5055 WARNING: The kept net U3/isCount will be merged to another kept net Count_Sig
SYN-5055 WARNING: The kept net U2/Count_Sig will be merged to another kept net Count_Sig
SYN-5055 WARNING: The kept net U3/isDone will be merged to another kept net RX_Done_Sig
SYN-5055 WARNING: The kept net U6/RX_Done_Sig will be merged to another kept net RX_Done_Sig
SYN-5055 WARNING: The kept net U6/rTX_Data_Valid will be merged to another kept net TX_Data_Valid
SYN-5055 WARNING: The kept net U8/TX_Data_Valid will be merged to another kept net TX_Data_Valid
SYN-5055 WARNING: The kept net U1/neg_sig_n will be merged to another kept net neg_sig
SYN-5055 Similar messages will be suppressed.
RUN-1002 : start command "phys_opt -simplify_lut"
SYN-4016 : Net config_inst_syn_10 driven by BUFG (217 clock/control pins, 0 other pins).
SYN-4024 : Net "CLK_500K" drives clk pins.
SYN-4024 : Net "CLK_dup_1" drives clk pins.
SYN-4024 : Net "U5/SingleNum_n" drives clk pins.
SYN-4025 : Tag rtl::Net CLK_500K as clock net
SYN-4025 : Tag rtl::Net CLK_dup_1 as clock net
SYN-4025 : Tag rtl::Net U5/SingleNum_n as clock net
SYN-4025 : Tag rtl::Net config_inst_syn_10 as clock net
SYN-4026 : Tagged 4 rtl::Net as clock net
SYN-4015 : Create BUFG instance for clk Net CLK_500K to drive 211 clock pins.
SYN-4015 : Create BUFG instance for clk Net U5/SingleNum_n to drive 8 clock pins.
PHY-1001 : Populate physical database on model rx_top.
RUN-1001 : There are total 997 instances
RUN-0007 : 399 luts, 427 seqs, 74 mslices, 48 lslices, 25 pads, 18 brams, 0 dsps
RUN-1001 : There are total 1172 nets
RUN-1001 : 645 nets have 2 pins
RUN-1001 : 415 nets have [3 - 5] pins
RUN-1001 : 44 nets have [6 - 10] pins
RUN-1001 : 42 nets have [11 - 20] pins
RUN-1001 : 19 nets have [21 - 99] pins
RUN-1001 : 7 nets have 100+ pins
RUN-1001 : Report Control nets information:
RUN-1001 : DFF Distribution
RUN-1001 : ----------------------------------
RUN-1001 :   CE   |  SSR  |  ASR  |  DFF Count  
RUN-1001 : ----------------------------------
RUN-1001 :   No   |  No   |  No   |     24      
RUN-1001 :   No   |  No   |  Yes  |     164     
RUN-1001 :   No   |  Yes  |  No   |      0      
RUN-1001 :   Yes  |  No   |  No   |      8      
RUN-1001 :   Yes  |  No   |  Yes  |     231     
RUN-1001 :   Yes  |  Yes  |  No   |      0      
RUN-1001 : ----------------------------------
RUN-0007 : Control Group Statistic
RUN-0007 : ---------------------------
RUN-0007 :   #CLK  |  #CE  |  #SSR/ASR  
RUN-0007 : ---------------------------
RUN-0007 :    4    |   6   |     5      
RUN-0007 : ---------------------------
RUN-0007 : Control Set = 13
PHY-3001 : Initial placement ...
PHY-3001 : design contains 995 instances, 399 luts, 427 seqs, 122 slices, 23 macros(122 instances: 74 mslices 48 lslices)
PHY-0007 : Cell area utilization is 3%
PHY-3001 : Global placement ...
PHY-3001 : Initial: Len = 304605
PHY-3001 : Clustering ...
PHY-3001 : Level 0 #clusters 995.
PHY-3001 : End clustering;  0.000050s wall, 0.000000s user + 0.000000s system = 0.000000s CPU (n/a%)

PHY-3001 : Run with size of 4
PHY-3001 : Cell area utilization is 3%
PHY-3001 : :::0::: Try harder cell spreading with beta_ = 0
PHY-3002 : Step(1): len = 185322, overlap = 40.5
PHY-3002 : Step(2): len = 121360, overlap = 40.5
PHY-3002 : Step(3): len = 84265.1, overlap = 40.5
PHY-3002 : Step(4): len = 62636.7, overlap = 40.5
PHY-3002 : Step(5): len = 51400.4, overlap = 40.5
PHY-3002 : Step(6): len = 42294, overlap = 40.5
PHY-3002 : Step(7): len = 37536, overlap = 40.5
PHY-3002 : Step(8): len = 33474.5, overlap = 40.5
PHY-3002 : Step(9): len = 29769.7, overlap = 40.5
PHY-3002 : Step(10): len = 29202.6, overlap = 41
PHY-3002 : Step(11): len = 28203.1, overlap = 40.5
PHY-3001 : :::1::: Try harder cell spreading with beta_ = 3.11246e-06
PHY-3002 : Step(12): len = 27932.9, overlap = 38.25
PHY-3002 : Step(13): len = 28312.8, overlap = 33.75
PHY-3002 : Step(14): len = 25445.5, overlap = 40.5
PHY-3002 : Step(15): len = 25387.4, overlap = 38.25
PHY-3002 : Step(16): len = 25198.4, overlap = 38.25
PHY-3002 : Step(17): len = 25016.3, overlap = 40.5
PHY-3002 : Step(18): len = 24993.3, overlap = 40.75
PHY-3002 : Step(19): len = 24219, overlap = 41
PHY-3002 : Step(20): len = 24225.4, overlap = 41
PHY-3002 : Step(21): len = 23932.8, overlap = 41
PHY-3002 : Step(22): len = 23898.3, overlap = 41
PHY-3002 : Step(23): len = 23222.4, overlap = 41.7812
PHY-3002 : Step(24): len = 23233.7, overlap = 39
PHY-3002 : Step(25): len = 22688.9, overlap = 41.75
PHY-3002 : Step(26): len = 22600.6, overlap = 41.75
PHY-3002 : Step(27): len = 22100.4, overlap = 37.25
PHY-3002 : Step(28): len = 22012.4, overlap = 37.25
PHY-3002 : Step(29): len = 21368.7, overlap = 31.5
PHY-3002 : Step(30): len = 21345.6, overlap = 31.5
PHY-3002 : Step(31): len = 21425.6, overlap = 31.6562
PHY-3002 : Step(32): len = 21435.3, overlap = 31.6562
PHY-3002 : Step(33): len = 21446.1, overlap = 33.0938
PHY-3001 : :::2::: Try harder cell spreading with beta_ = 6.22491e-06
PHY-3002 : Step(34): len = 21440.2, overlap = 33.0938
PHY-3002 : Step(35): len = 21438.7, overlap = 33.0938
PHY-3001 : :::3::: Try harder cell spreading with beta_ = 1.24498e-05
PHY-3002 : Step(36): len = 21548.7, overlap = 33.0938
PHY-3002 : Step(37): len = 21551.4, overlap = 34.2188
PHY-3002 : Step(38): len = 21567.2, overlap = 34.2188
PHY-3001 : Legalization ...
PHY-3001 : End legalization;  0.006944s wall, 0.000000s user + 0.000000s system = 0.000000s CPU (n/a%)

PHY-3001 : Run with size of 4
PHY-3001 : Cell area utilization is 4%
PHY-3001 : :::0::: Try harder cell spreading with beta_ = 0
PHY-3002 : Step(39): len = 25161.5, overlap = 14.6875
PHY-3002 : Step(40): len = 25161.5, overlap = 14.6875
PHY-3002 : Step(41): len = 24538, overlap = 16.625
PHY-3002 : Step(42): len = 24690.7, overlap = 16.9375
PHY-3002 : Step(43): len = 24690.7, overlap = 16.9375
PHY-3001 : :::1::: Try harder cell spreading with beta_ = 0.00245298
PHY-3002 : Step(44): len = 24761.5, overlap = 14.8125
PHY-3002 : Step(45): len = 24761.5, overlap = 14.8125
PHY-3001 : Run with size of 2
PHY-3001 : Cell area utilization is 4%
PHY-3001 : :::0::: Try harder cell spreading with beta_ = 1.43737e-05
PHY-3002 : Step(46): len = 26433.7, overlap = 38.9688
PHY-3002 : Step(47): len = 26433.7, overlap = 38.9688
PHY-3002 : Step(48): len = 25362.1, overlap = 40.7812
PHY-3002 : Step(49): len = 25393, overlap = 38.6875
PHY-3002 : Step(50): len = 25861.4, overlap = 26.8438
PHY-3001 : :::1::: Try harder cell spreading with beta_ = 2.87474e-05
PHY-3002 : Step(51): len = 25922.6, overlap = 22.7812
PHY-3002 : Step(52): len = 26065.6, overlap = 22.5625
PHY-3002 : Step(53): len = 26530, overlap = 20.3125
PHY-3001 : :::2::: Try harder cell spreading with beta_ = 5.74948e-05
PHY-3002 : Step(54): len = 26163.7, overlap = 20.7812
PHY-3002 : Step(55): len = 26501.6, overlap = 20.2812
PHY-3002 : Step(56): len = 26886.9, overlap = 17.2812
OPT-1001 : Start physical optimization ...
OPT-1001 : Total overflow 52.47 peak overflow 2.91
OPT-1001 : Start high-fanout net optimization ...
OPT-1001 : Update timing in global mode
PHY-1001 : Start incremental global routing, caller is place ...
RUN-1001 : Generating global routing grids ...
RUN-1001 : Building simple global routing graph ...
PHY-1001 : Generate routing nets ...
PHY-1001 : Reuse net number 0/1172.
PHY-1001 : Global iterations in 16 thread ...
PHY-1002 : len = 35544, over cnt = 140(0%), over = 553, worst = 23
PHY-1001 : End global iterations;  0.068039s wall, 0.109375s user + 0.031250s system = 0.140625s CPU (206.7%)

PHY-1001 : Congestion index: top1 = 30.52, top5 = 16.25, top10 = 10.18, top15 = 7.28.
PHY-1001 : End incremental global routing;  0.124124s wall, 0.156250s user + 0.046875s system = 0.203125s CPU (163.6%)

RUN-1002 : start command "start_timer -report"
TMR-5001 WARNING: No sdc constraints found while initiating timer.
TMR-2505 : Start building timing graph for model rx_top.
TMR-2506 : Build timing graph completely. Port num: 8, tpin num: 5128, tnet num: 1170, tinst num: 995, tnode num: 6775, tedge num: 8519.
TMR-2508 : Levelizing timing graph completed, there are 29 levels in total.
TMR-2501 : Timing graph initialized successfully.
OPT-1001 : End timing update;  0.138697s wall, 0.125000s user + 0.015625s system = 0.140625s CPU (101.4%)

OPT-1001 : 0 high-fanout net processed.
OPT-1001 : End high-fanout net optimization;  0.279419s wall, 0.296875s user + 0.062500s system = 0.359375s CPU (128.6%)

OPT-1001 : Current memory(MB): used = 170, reserve = 134, peak = 170.
OPT-1001 : End physical optimization;  0.289713s wall, 0.312500s user + 0.062500s system = 0.375000s CPU (129.4%)

PHY-3001 : Start packing ...
SYN-4007 : Packing 0 MUX to BLE ...
SYN-4008 : Packed 0 MUX and 0 SEQ to BLE.
SYN-4007 : Packing 399 LUT to BLE ...
SYN-4008 : Packed 399 LUT and 155 SEQ to BLE.
SYN-4003 : Packing 272 remaining SEQ's ...
SYN-4005 : Packed 150 SEQ with LUT/SLICE
SYN-4006 : 109 single LUT's are left
SYN-4006 : 122 single SEQ's are left
SYN-4011 : Packing model "rx_top" (AL_USER_NORMAL) with 521/706 primitive instances ...
PHY-3001 : End packing;  0.030798s wall, 0.031250s user + 0.000000s system = 0.031250s CPU (101.5%)

PHY-1001 : Populate physical database on model rx_top.
RUN-1001 : There are total 466 instances
RUN-1001 : 209 mslices, 208 lslices, 25 pads, 18 brams, 0 dsps
RUN-1001 : There are total 1022 nets
RUN-1001 : 466 nets have 2 pins
RUN-1001 : 439 nets have [3 - 5] pins
RUN-1001 : 50 nets have [6 - 10] pins
RUN-1001 : 35 nets have [11 - 20] pins
RUN-1001 : 27 nets have [21 - 99] pins
RUN-1001 : 5 nets have 100+ pins
PHY-3001 : design contains 464 instances, 417 slices, 23 macros(122 instances: 74 mslices 48 lslices)
PHY-3001 : Cell area utilization is 5%
PHY-3001 : After packing: Len = 27759.4, Over = 28.75
PHY-3001 : Run with size of 2
PHY-3001 : Cell area utilization is 5%
PHY-3001 : :::0::: Try harder cell spreading with beta_ = 1.87461e-05
PHY-3002 : Step(57): len = 26858.6, overlap = 29.75
PHY-3002 : Step(58): len = 26992.2, overlap = 29.75
PHY-3002 : Step(59): len = 26853.9, overlap = 31.25
PHY-3002 : Step(60): len = 26900.4, overlap = 31
PHY-3002 : Step(61): len = 26538.3, overlap = 29
PHY-3002 : Step(62): len = 26629, overlap = 28.75
PHY-3002 : Step(63): len = 26807.1, overlap = 29.25
PHY-3001 : :::1::: Try harder cell spreading with beta_ = 3.74921e-05
PHY-3002 : Step(64): len = 26763.9, overlap = 30.5
PHY-3002 : Step(65): len = 26895.4, overlap = 30.25
PHY-3002 : Step(66): len = 27086.4, overlap = 30
PHY-3001 : :::2::: Try harder cell spreading with beta_ = 7.49843e-05
PHY-3002 : Step(67): len = 27564.8, overlap = 27.75
PHY-3002 : Step(68): len = 27564.8, overlap = 27.75
PHY-3002 : Step(69): len = 27474.6, overlap = 27
PHY-3001 : Legalization ...
PHY-3001 : End legalization;  0.125193s wall, 0.078125s user + 0.296875s system = 0.375000s CPU (299.5%)

PHY-3001 : Trial Legalized: Len = 37359.4
PHY-3001 : Run with size of 2
PHY-3001 : Cell area utilization is 5%
PHY-3001 : :::0::: Try harder cell spreading with beta_ = 0.000462697
PHY-3002 : Step(70): len = 33367.5, overlap = 5.75
PHY-3002 : Step(71): len = 31993, overlap = 8
PHY-3002 : Step(72): len = 30421.7, overlap = 9
PHY-3002 : Step(73): len = 29578.5, overlap = 12.25
PHY-3002 : Step(74): len = 29527.2, overlap = 12.75
PHY-3002 : Step(75): len = 29433, overlap = 12.25
PHY-3002 : Step(76): len = 29429.3, overlap = 11.5
PHY-3002 : Step(77): len = 29268.9, overlap = 11
PHY-3001 : :::1::: Try harder cell spreading with beta_ = 0.000925394
PHY-3002 : Step(78): len = 29357.1, overlap = 11.25
PHY-3002 : Step(79): len = 29367.1, overlap = 11.25
PHY-3001 : :::2::: Try harder cell spreading with beta_ = 0.00185079
PHY-3002 : Step(80): len = 29425.3, overlap = 10.25
PHY-3002 : Step(81): len = 29425.3, overlap = 10.25
PHY-3001 : Legalization ...
PHY-3001 : End legalization;  0.004532s wall, 0.000000s user + 0.000000s system = 0.000000s CPU (n/a%)

PHY-3001 : Legalized: Len = 33112, Over = 0
PHY-3001 : Spreading special nets. 7 overflows in 2952 tiles.
PHY-3001 : End spreading;  0.004742s wall, 0.015625s user + 0.000000s system = 0.015625s CPU (329.5%)

PHY-3001 : 10 instances has been re-located, deltaX = 3, deltaY = 7, maxDist = 1.
PHY-3001 : Final: Len = 33378, Over = 0
OPT-1001 : Start physical optimization ...
OPT-1001 : Total overflow 0.00 peak overflow 0.00
OPT-1001 : Start high-fanout net optimization ...
OPT-1001 : Update timing in global mode
PHY-1001 : Start incremental global routing, caller is place ...
RUN-1001 : Generating global routing grids ...
PHY-1001 : Generate routing nets ...
PHY-1001 : Reuse net number 23/1022.
PHY-1001 : Global iterations in 16 thread ...
PHY-1002 : len = 42968, over cnt = 142(0%), over = 248, worst = 4
PHY-1002 : len = 44056, over cnt = 74(0%), over = 120, worst = 4
PHY-1002 : len = 44896, over cnt = 24(0%), over = 56, worst = 4
PHY-1002 : len = 45216, over cnt = 1(0%), over = 3, worst = 3
PHY-1002 : len = 45288, over cnt = 0(0%), over = 0, worst = 0
PHY-1001 : End global iterations;  0.135539s wall, 0.156250s user + 0.078125s system = 0.234375s CPU (172.9%)

PHY-1001 : Congestion index: top1 = 26.55, top5 = 18.52, top10 = 12.76, top15 = 9.33.
PHY-1001 : End incremental global routing;  0.195713s wall, 0.203125s user + 0.078125s system = 0.281250s CPU (143.7%)

RUN-1002 : start command "start_timer -report"
TMR-5001 WARNING: No sdc constraints found while initiating timer.
TMR-2505 : Start building timing graph for model rx_top.
TMR-2506 : Build timing graph completely. Port num: 8, tpin num: 4491, tnet num: 1020, tinst num: 464, tnode num: 5690, tedge num: 7747.
TMR-2508 : Levelizing timing graph completed, there are 29 levels in total.
TMR-2501 : Timing graph initialized successfully.
OPT-1001 : End timing update;  0.150189s wall, 0.140625s user + 0.000000s system = 0.140625s CPU (93.6%)

OPT-1001 : 0 high-fanout net processed.
OPT-1001 : End high-fanout net optimization;  0.362026s wall, 0.359375s user + 0.093750s system = 0.453125s CPU (125.2%)

OPT-1001 : Current memory(MB): used = 173, reserve = 137, peak = 173.
OPT-1001 : Update timing in Manhattan mode
OPT-1001 : End timing update;  0.001109s wall, 0.000000s user + 0.000000s system = 0.000000s CPU (n/a%)

OPT-1001 : Start pin optimization...
OPT-1001 : skip pin optimization...
RUN-1001 : Generating global routing grids ...
PHY-1001 : Generate routing nets ...
PHY-1001 : Reuse net number 849/1022.
PHY-1001 : Global iterations in 16 thread ...
PHY-1002 : len = 45288, over cnt = 0(0%), over = 0, worst = 0
PHY-1001 : End global iterations;  0.005361s wall, 0.000000s user + 0.000000s system = 0.000000s CPU (n/a%)

PHY-1001 : Congestion index: top1 = 26.55, top5 = 18.52, top10 = 12.76, top15 = 9.33.
OPT-1001 : Update timing in Manhattan mode
OPT-1001 : End timing update;  0.001694s wall, 0.000000s user + 0.000000s system = 0.000000s CPU (n/a%)

RUN-1001 : QoR Analysis:
OPT-0007 :   WNS 2147483647 TNS 0 NUM_FEPS 0
RUN-1001 :   No local congestion issue, and most congested 1% tile average routing util is 26.103448
RUN-1001 :   Top critical paths
OPT-1001 : End physical optimization;  0.438243s wall, 0.421875s user + 0.109375s system = 0.531250s CPU (121.2%)

RUN-1003 : finish command "place" in  3.026226s wall, 4.218750s user + 4.015625s system = 8.234375s CPU (272.1%)

RUN-1004 : used memory is 156 MB, reserved memory is 120 MB, peak memory is 174 MB
RUN-1002 : start command "export_db rx_top_place.db"
RUN-1001 : Exported /
RUN-1001 : Exported flow parameters
RUN-1001 : Exported libs
RUN-1001 : Exported entities
RUN-1001 : Exported ports
RUN-1001 : Exported pins
RUN-1001 : Exported instances
RUN-1001 : Exported nets
RUN-1001 : Exported buses
RUN-1001 : Exported models
RUN-1001 : Exported congestions
RUN-1001 : Exported violations
RUN-1001 : Exported IO constraints
RUN-1001 : Exported Inst constraints
RUN-1001 : Exported ChipWatcher
RUN-1002 : start command "route"
RUN-1001 : Open license file C:/Anlogic/TD5.6.2/license/Anlogic.lic
RUN-1001 : Print Global Property
RUN-1001 : ---------------------------------------------------------------
RUN-1001 :        Parameters        |  Settings  |  Default Values  |  Note  
RUN-1001 : ---------------------------------------------------------------
RUN-1001 :          message         |  standard  |     standard     |        
RUN-1001 :   mixed_pack_place_flow  |     on     |        on        |        
RUN-1001 :        qor_monitor       |    off     |       off        |        
RUN-1001 :        syn_ip_flow       |    off     |       off        |        
RUN-1001 :          thread          |    auto    |       auto       |        
RUN-1001 : ---------------------------------------------------------------
RUN-1001 : Print Route Property
RUN-1001 : -------------------------------------------------------
RUN-1001 :    Parameters    |  Settings  |  Default Values  |  Note  
RUN-1001 : -------------------------------------------------------
RUN-1001 :      effort      |   medium   |      medium      |        
RUN-1001 :     fix_hold     |    off     |       off        |        
RUN-1001 :    opt_timing    |   medium   |      medium      |        
RUN-1001 :   phy_sim_model  |    off     |       off        |        
RUN-1001 :     priority     |   timing   |      timing      |        
RUN-1001 :     swap_pin     |     on     |        on        |        
RUN-1001 : -------------------------------------------------------
PHY-1001 : Route runs in 16 thread(s)
RUN-1001 : There are total 466 instances
RUN-1001 : 209 mslices, 208 lslices, 25 pads, 18 brams, 0 dsps
RUN-1001 : There are total 1022 nets
RUN-1001 : 466 nets have 2 pins
RUN-1001 : 439 nets have [3 - 5] pins
RUN-1001 : 50 nets have [6 - 10] pins
RUN-1001 : 35 nets have [11 - 20] pins
RUN-1001 : 27 nets have [21 - 99] pins
RUN-1001 : 5 nets have 100+ pins
RUN-1002 : start command "start_timer -report"
TMR-5001 WARNING: No sdc constraints found while initiating timer.
TMR-2505 : Start building timing graph for model rx_top.
TMR-2506 : Build timing graph completely. Port num: 8, tpin num: 4491, tnet num: 1020, tinst num: 464, tnode num: 5690, tedge num: 7747.
TMR-2508 : Levelizing timing graph completed, there are 29 levels in total.
TMR-2501 : Timing graph initialized successfully.
PHY-1001 : 209 mslices, 208 lslices, 25 pads, 18 brams, 0 dsps
TMR-2503 : Start to update net delay, extr mode = 3.
TMR-2504 : Update delay of 1020 nets completely.
TMR-2502 : Annotate delay completely, extr mode = 3.
TMR-3002 : No user constraint, initiate default constraint.
TMR-1501 : Assign derive clock DeriveClock to 568 clock pins, and constraint 1199 relative nodes.
TMR-3003 : Constraints initiated successfully.
TMR-3501 : Forward propagation: start to calculate arrival time...
TMR-3502 : Backward propagation: start to calculate required time...
TMR-3503 : Timing propagation completes.
PHY-1001 : Start global routing, caller is route ...
RUN-1001 : Generating global routing grids ...
PHY-1001 : Generate routing nets ...
PHY-1001 : Global iterations in 16 thread ...
PHY-1002 : len = 42576, over cnt = 147(0%), over = 254, worst = 4
PHY-1002 : len = 43680, over cnt = 77(0%), over = 123, worst = 4
PHY-1002 : len = 44824, over cnt = 10(0%), over = 29, worst = 4
PHY-1002 : len = 44752, over cnt = 0(0%), over = 0, worst = 0
PHY-1001 : End global iterations;  0.132751s wall, 0.156250s user + 0.015625s system = 0.171875s CPU (129.5%)

PHY-1001 : Congestion index: top1 = 26.68, top5 = 18.44, top10 = 12.68, top15 = 9.26.
PHY-1001 : End global routing;  0.185280s wall, 0.203125s user + 0.015625s system = 0.218750s CPU (118.1%)

PHY-1001 : Start detail routing ...
PHY-1001 : Current memory(MB): used = 201, reserve = 166, peak = 215.
PHY-1001 : Detailed router is running in normal mode.
PHY-1001 : Generate detailed routing grids ...
PHY-1001 : Processed IO instance DigitronCS_Out[3]_syn_2 with INV attribute.
PHY-1001 : Processed IO instance DigitronCS_Out[2]_syn_2 with INV attribute.
PHY-1001 : Processed IO instance DigitronCS_Out[1]_syn_2 with INV attribute.
PHY-1001 : Processed IO instance DigitronCS_Out[0]_syn_2 with INV attribute.
PHY-1001 : Generate nets ...
PHY-1001 : net CLK_dup_1 will be routed on clock mesh
PHY-1001 : clock net CLK_500K_syn_8 will be merged with clock CLK_500K
PHY-1001 : clock net U5/SingleNum_n_syn_3 will be merged with clock U5/SingleNum_n
PHY-1001 : clock net config_inst_syn_10 will be merged with clock config_inst_syn_9
PHY-1001 : Current memory(MB): used = 467, reserve = 436, peak = 467.
PHY-1001 : End build detailed router design. 3.106204s wall, 3.046875s user + 0.046875s system = 3.093750s CPU (99.6%)

PHY-1001 : Detail Route ...
PHY-1001 : ===== Detail Route Phase 1 =====
PHY-1001 : Clock net routing.....
PHY-1001 : Routed 0% nets.
PHY-1022 : len = 25632, over cnt = 0(0%), over = 0, worst = 0, crit = 0
PHY-1001 : End initial clock net routed; 1.204212s wall, 1.187500s user + 0.015625s system = 1.203125s CPU (99.9%)

PHY-1001 : Current memory(MB): used = 498, reserve = 469, peak = 498.
PHY-1001 : End phase 1; 1.211764s wall, 1.187500s user + 0.015625s system = 1.203125s CPU (99.3%)

PHY-1001 : ===== Detail Route Phase 2 =====
PHY-1001 : Initial routing.....
PHY-1001 : Routed 34% nets.
PHY-1001 : Routed 39% nets.
PHY-1001 : Routed 49% nets.
PHY-1001 : Routed 62% nets.
PHY-1001 : Routed 87% nets.
PHY-1022 : len = 185912, over cnt = 27(0%), over = 27, worst = 1, crit = 0
PHY-1001 : Current memory(MB): used = 500, reserve = 470, peak = 500.
PHY-1001 : End initial routed; 2.407386s wall, 2.656250s user + 0.078125s system = 2.734375s CPU (113.6%)

PHY-1001 : Current memory(MB): used = 500, reserve = 470, peak = 500.
PHY-1001 : End phase 2; 2.407479s wall, 2.656250s user + 0.078125s system = 2.734375s CPU (113.6%)

PHY-1001 : ===== Detail Route Phase 3 =====
PHY-1001 : Ripup-reroute.....
PHY-1001 : ===== DR Iter 1 =====
PHY-1022 : len = 185832, over cnt = 5(0%), over = 5, worst = 1, crit = 0
PHY-1001 : End DR Iter 1; 0.070375s wall, 0.093750s user + 0.000000s system = 0.093750s CPU (133.2%)

PHY-1001 : ===== DR Iter 2 =====
PHY-1022 : len = 185712, over cnt = 0(0%), over = 0, worst = 0, crit = 0
PHY-1001 : End DR Iter 2; 0.026794s wall, 0.015625s user + 0.000000s system = 0.015625s CPU (58.3%)

PHY-1001 : Commit to database.....
PHY-1001 : 7 feed throughs used by 7 nets
PHY-1001 : End commit to database; 0.114508s wall, 0.109375s user + 0.000000s system = 0.109375s CPU (95.5%)

PHY-1001 : Current memory(MB): used = 513, reserve = 482, peak = 513.
PHY-1001 : End phase 3; 0.347332s wall, 0.375000s user + 0.000000s system = 0.375000s CPU (108.0%)

PHY-1003 : Routed, final wirelength = 185712
PHY-1001 : Current memory(MB): used = 513, reserve = 483, peak = 513.
PHY-1001 : End export database. 0.008537s wall, 0.000000s user + 0.000000s system = 0.000000s CPU (n/a%)

PHY-1001 : End detail routing;  7.268961s wall, 7.468750s user + 0.171875s system = 7.640625s CPU (105.1%)

RUN-1003 : finish command "route" in  7.691942s wall, 7.906250s user + 0.187500s system = 8.093750s CPU (105.2%)

RUN-1004 : used memory is 451 MB, reserved memory is 419 MB, peak memory is 513 MB
RUN-1002 : start command "report_area -io_info -file rx_top_phy.area"
RUN-1001 : standard
***Report Model: rx_top Device: EG4S20BG256***

IO Statistics
#IO                        25
  #input                    4
  #output                  21
  #inout                    0

Utilization Statistics
#lut                      672   out of  19600    3.43%
#reg                      433   out of  19600    2.21%
#le                       794
  #lut only               361   out of    794   45.47%
  #reg only               122   out of    794   15.37%
  #lut&reg                311   out of    794   39.17%
#dsp                        0   out of     29    0.00%
#bram                      18   out of     64   28.12%
  #bram9k                  18
  #fifo9k                   0
#bram32k                    0   out of     16    0.00%
#pad                       25   out of    188   13.30%
  #ireg                     1
  #oreg                    13
  #treg                     0
#pll                        0   out of      4    0.00%
#gclk                       3   out of     16   18.75%

Clock Resource Statistics
Index     ClockNet             Type               DriverType         Driver                     Fanout
#1        CLK_500K             GCLK               mslice             cnt2_b[4]_syn_15.q0        140
#2        config_inst_syn_9    GCLK               config             config_inst.jtck           121
#3        CLK_dup_1            GCLK               io                 CLK_syn_2.di               20
#4        U5/SingleNum_n       GCLK               mslice             U5/SingleNum_n_syn_7.f1    7


Detailed IO Report

        Name           Direction    Location    IOStandard    DriveStrength    PullType    PackReg  
         CLK             INPUT         R7        LVCMOS33          N/A          PULLUP      NONE    
        RSTn             INPUT         A9        LVCMOS33          N/A          PULLUP      NONE    
      RX_En_Sig          INPUT        A10        LVCMOS33          N/A          PULLUP      NONE    
      RX_Pin_In          INPUT        F12        LVCMOS33          N/A          PULLUP      IREG    
  DigitronCS_Out[3]     OUTPUT         A3        LVCMOS33           8            NONE       OREG    
  DigitronCS_Out[2]     OUTPUT         A5        LVCMOS33           8            NONE       OREG    
  DigitronCS_Out[1]     OUTPUT         B6        LVCMOS33           8            NONE       OREG    
  DigitronCS_Out[0]     OUTPUT         C9        LVCMOS33           8            NONE       OREG    
   Digitron_Out[7]      OUTPUT         C8        LVCMOS33           8            NONE       NONE    
   Digitron_Out[6]      OUTPUT         A8        LVCMOS33           8            NONE       NONE    
   Digitron_Out[5]      OUTPUT         B5        LVCMOS33           8            NONE       NONE    
   Digitron_Out[4]      OUTPUT         A7        LVCMOS33           8            NONE       NONE    
   Digitron_Out[3]      OUTPUT         E8        LVCMOS33           8            NONE       NONE    
   Digitron_Out[2]      OUTPUT         B8        LVCMOS33           8            NONE       NONE    
   Digitron_Out[1]      OUTPUT         A6        LVCMOS33           8            NONE       NONE    
   Digitron_Out[0]      OUTPUT         A4        LVCMOS33           8            NONE       NONE    
     LED_Out[7]         OUTPUT        F16        LVCMOS33           8            NONE       OREG    
     LED_Out[6]         OUTPUT        E16        LVCMOS33           8            NONE       OREG    
     LED_Out[5]         OUTPUT        E13        LVCMOS33           8            NONE       OREG    
     LED_Out[4]         OUTPUT        C16        LVCMOS33           8            NONE       OREG    
     LED_Out[3]         OUTPUT        C15        LVCMOS33           8            NONE       OREG    
     LED_Out[2]         OUTPUT        B16        LVCMOS33           8            NONE       OREG    
     LED_Out[1]         OUTPUT        B15        LVCMOS33           8            NONE       OREG    
     LED_Out[0]         OUTPUT        B14        LVCMOS33           8            NONE       OREG    
     TX_Pin_Out         OUTPUT        D12        LVCMOS33           8            NONE       OREG    

Report Hierarchy Area:
+--------------------------------------------------------------------------------------------------------------+
|Instance                            |Module              |le     |lut     |ripple  |seq     |bram    |dsp     |
+--------------------------------------------------------------------------------------------------------------+
|top                                 |rx_top              |794    |550     |122     |447     |18      |0       |
|  U1                                |detect_module       |1      |1       |0       |1       |0       |0       |
|  U2                                |rx_bps_module       |27     |23      |4       |13      |0       |0       |
|  U3                                |rx_control_module   |42     |37      |5       |16      |0       |0       |
|  U5                                |Digitron_NumDisplay |118    |100     |18      |20      |0       |0       |
|  U6                                |calculate_rx        |40     |40      |0       |27      |0       |0       |
|  U7                                |tx_bitrate          |27     |23      |4       |13      |0       |0       |
|  U8                                |uart_tx             |16     |16      |0       |6       |0       |0       |
|  cw_top                            |CW_TOP_WRAPPER      |494    |291     |81      |325     |0       |0       |
|    wrapper_cwc_top                 |cwc_top             |494    |291     |81      |325     |0       |0       |
|      cfg_int_inst                  |cwc_cfg_int         |211    |113     |0       |208     |0       |0       |
|        reg_inst                    |register            |208    |110     |0       |205     |0       |0       |
|        tap_inst                    |tap                 |3      |3       |0       |3       |0       |0       |
|      trigger_inst                  |trigger             |283    |178     |81      |117     |0       |0       |
|        bus_inst                    |bus_top             |57     |31      |16      |30      |0       |0       |
|          BUS_DETECTOR[0]$bus_nodes |bus_det             |4      |2       |0       |4       |0       |0       |
|          BUS_DETECTOR[1]$bus_nodes |bus_det             |12     |6       |6       |2       |0       |0       |
|          BUS_DETECTOR[2]$bus_nodes |bus_det             |3      |3       |0       |3       |0       |0       |
|          BUS_DETECTOR[3]$bus_nodes |bus_det             |27     |12      |10      |10      |0       |0       |
|          BUS_DETECTOR[4]$bus_nodes |bus_det             |2      |2       |0       |2       |0       |0       |
|          BUS_DETECTOR[5]$bus_nodes |bus_det             |2      |2       |0       |2       |0       |0       |
|          BUS_DETECTOR[6]$bus_nodes |bus_det             |3      |2       |0       |3       |0       |0       |
|          BUS_DETECTOR[8]$bus_nodes |bus_det             |2      |0       |0       |2       |0       |0       |
|          BUS_DETECTOR[9]$bus_nodes |bus_det             |2      |2       |0       |2       |0       |0       |
|        emb_ctrl_inst               |emb_ctrl            |130    |97      |33      |57      |0       |0       |
+--------------------------------------------------------------------------------------------------------------+


DataNet Average Fanout:

   Index     Fanout     Nets  
    #1          1       441   
    #2          2       348   
    #3          3        63   
    #4          4        28   
    #5        5-10       58   
    #6        11-50      47   
    #7       51-100      5    
    #8       101-500     1    
  Average     3.19            

RUN-1002 : start command "export_db rx_top_pr.db"
RUN-1001 : Exported /
RUN-1001 : Exported flow parameters
RUN-1001 : Exported libs
RUN-1001 : Exported entities
RUN-1001 : Exported ports
RUN-1001 : Exported pins
RUN-1001 : Exported instances
RUN-1001 : Exported nets
RUN-1001 : Exported buses
RUN-1001 : Exported models
RUN-1001 : Exported congestions
RUN-1001 : Exported violations
RUN-1001 : Exported IO constraints
RUN-1001 : Exported Inst constraints
RUN-1001 : Exported ChipWatcher
RUN-1002 : start command "export_bid rx_top_inst.bid"
PRG-1000 : <!-- HMAC is: 0d9d976f8b7da6adf1620414e3fbc611facedb2bb6763b3982889cca58c105d5 -->
RUN-1002 : start command "bitgen -bit rx_top.bit -unused_io_status pulldown"
BIT-1003 : Start to generate bitstream. 
BIT-1002 : Bitgen processed 163 unused pads, reserve input tri_state with pulldown
BIT-1002 : Init instances with 16 threads.
BIT-1002 : Init instances completely, inst num: 627
BIT-1002 : Init pips with 16 threads.
BIT-1002 : Init pips completely, net num: 1022, pip num: 11305
BIT-1002 : Init feedthrough completely, num: 7
BIT-1003 : Multithreading accelaration with 16 threads.
BIT-1003 : Generate bitstream completely, there are 1468 valid insts, and 30570 bits set as '1'.
BIT-1004 : the usercode register value: 00000000110101110010011001101011
BIT-1004 : PLL setting string = 0000
BIT-1004 : Generate bits file rx_top.bit.
RUN-1003 : finish command "bitgen -bit rx_top.bit -unused_io_status pulldown" in  1.848055s wall, 15.281250s user + 0.312500s system = 15.593750s CPU (843.8%)

RUN-1004 : used memory is 450 MB, reserved memory is 428 MB, peak memory is 646 MB
RUN-1002 : start command "backup_run_log run.log ../.logs/phy_1/td_20240828_100936.log"
