============================================================
   Tang Dynasty, V5.6.71036
      Copyright (c) 2012-2023 Anlogic Inc.
   Executable = C:/Anlogic/TD5.6.2/bin/td.exe
   Built at =   20:34:38 Mar 21 2023
   Run by =     Lenovo
   Run Date =   Tue Aug 27 21:53:26 2024

   Run on =     LAPTOP-QRG7LJL6
============================================================
RUN-1002 : start command "open_project rx_top.prj"
RUN-1001 : Print Global Property
RUN-1001 : ---------------------------------------------------------------
RUN-1001 :        Parameters        |  Settings  |  Default Values  |  Note  
RUN-1001 : ---------------------------------------------------------------
RUN-1001 :          message         |  standard  |     standard     |        
RUN-1001 :   mixed_pack_place_flow  |     on     |        on        |        
RUN-1001 :        qor_monitor       |    off     |       off        |        
RUN-1001 :        syn_ip_flow       |    off     |       off        |        
RUN-1001 :          thread          |    auto    |       auto       |        
RUN-1001 : ---------------------------------------------------------------
RUN-1001 : Print Design Property
RUN-1001 : --------------------------------------------------------------
RUN-1001 :        Parameters       |  Settings  |  Default Values  |  Note  
RUN-1001 : --------------------------------------------------------------
RUN-1001 :   default_reg_initial   |    auto    |       auto       |        
RUN-1001 :        infer_add        |     on     |        on        |        
RUN-1001 :        infer_fsm        |    off     |       off        |        
RUN-1001 :        infer_mult       |     on     |        on        |        
RUN-1001 :        infer_ram        |     on     |        on        |        
RUN-1001 :        infer_reg        |     on     |        on        |        
RUN-1001 :   infer_reg_init_value  |     on     |        on        |        
RUN-1001 :        infer_rom        |     on     |        on        |        
RUN-1001 :      infer_shifter      |     on     |        on        |        
RUN-1001 : --------------------------------------------------------------
RUN-1001 : Print Rtl Property
RUN-1001 : --------------------------------------------------------------
RUN-1001 :        Parameters       |  Settings  |  Default Values  |  Note  
RUN-1001 : --------------------------------------------------------------
RUN-1001 :       compress_add      |   ripple   |      ripple      |        
RUN-1001 :        elf_sload        |    off     |       off        |        
RUN-1001 :       fix_undriven      |     0      |        0         |        
RUN-1001 :         flatten         |    off     |       off        |        
RUN-1001 :       gate_sharing      |     on     |        on        |        
RUN-1001 :    hdl_warning_level    |   normal   |      normal      |        
RUN-1001 :   impl_internal_tribuf  |     on     |        on        |        
RUN-1001 :      impl_set_reset     |     on     |        on        |        
RUN-1001 :        infer_gsr        |    off     |       off        |        
RUN-1001 :      keep_hierarchy     |    auto    |       auto       |        
RUN-1001 :        max_fanout       |    9999    |       9999       |        
RUN-1001 :      max_oh2bin_len     |     10     |        10        |        
RUN-1001 :       merge_equal       |     on     |        on        |        
RUN-1001 :       merge_equiv       |     on     |        on        |        
RUN-1001 :        merge_mux        |    off     |       off        |        
RUN-1001 :     min_control_set     |     8      |        8         |        
RUN-1001 :      min_ripple_len     |    auto    |       auto       |        
RUN-1001 :       oh2bin_ratio      |    0.08    |       0.08       |        
RUN-1001 :     opt_adder_fanout    |     on     |        on        |        
RUN-1001 :        opt_arith        |     on     |        on        |        
RUN-1001 :       opt_big_gate      |    off     |       off        |        
RUN-1001 :        opt_const        |     on     |        on        |        
RUN-1001 :      opt_const_mult     |     on     |        on        |        
RUN-1001 :       opt_lessthan      |     on     |        on        |        
RUN-1001 :         opt_mux         |    off     |       off        |        
RUN-1001 :         opt_ram         |    high    |       high       |        
RUN-1001 :      rtl_sim_model      |    off     |       off        |        
RUN-1001 :         seq_syn         |     on     |        on        |        
RUN-1001 : --------------------------------------------------------------
HDL-1007 : analyze verilog file ../../Digitron_NumDisplay.v
HDL-1007 : analyze verilog file ../../LED_display_module.v
HDL-5007 WARNING: empty port in module declaration in ../../LED_display_module.v(3)
HDL-1007 : analyze verilog file ../../detect_module.v
HDL-1007 : analyze verilog file ../../rx_bps_module.v
HDL-1007 : analyze verilog file ../../rx_control_module.v
HDL-1007 : analyze verilog file ../../rx_top.v
HDL-1007 : analyze verilog file ../../tx_control.v
HDL-1007 : analyze verilog file ../../calculate_rx.v
HDL-1007 : analyze verilog file ../../tx_bitrate.v
RUN-1001 : Project manager successfully analyzed 9 source files.
RUN-1002 : start command "import_device eagle_s20.db -package EG4S20BG256"
ARC-1001 : Device Initialization.
ARC-1001 : ------------------------------------------------------------------
ARC-1001 :            OPTION            |          IO          |   SETTING   
ARC-1001 : ------------------------------------------------------------------
ARC-1001 :   cso_b/cclk/mosi/miso/dout  |  T3/R11/T10/P10/S11  |    gpio    
ARC-1001 :             done             |         P13          |    gpio    
ARC-1001 :           program_b          |          T2          |  dedicate  
ARC-1001 :        tdi/tms/tck/tdo       |   C12/A15/C14/E14    |  dedicate  
ARC-1001 : ------------------------------------------------------------------
ARC-1004 : Device setting, marked 5 dedicate IOs in total.
RUN-1002 : start command "import_db ../syn_1/rx_top_gate.db"
RUN-1001 : Importing database generated by Tang Dynasty, V5.6.71036.
RUN-1001 : Database version number 46146.
RUN-1001 : Import flow parameters
RUN-1001 : Import IO constraints
RUN-1001 : Import Inst constraints
RUN-1001 : Import design success TD_VERSION=5.6.71036 , DB_VERSION=46146
RUN-1002 : start command "config_chipwatcher ../../tx.cwc -dir "
RUN-1002 : start command "legalize_phy_inst"
SYN-1011 : Flatten model rx_top
KIT-1004 : ChipWatcher: import watcher inst auto_chipwatcher_0 completed, there are 10 view nodes, 17 trigger nets, 17 data nets.
KIT-1004 : Chipwatcher code = 0001011111011100
RUN-1002 : start command "compile_watcher"
RUN-1002 : start command "read_verilog -no_sch -dir C:/Anlogic/TD5.6.2/cw/ -file rx_top_watcherInst.sv -lib cw -top CW_TOP_WRAPPER"
HDL-1007 : analyze verilog file C:/Anlogic/TD5.6.2/cw\bus_det.v
HDL-1007 : analyze verilog file C:/Anlogic/TD5.6.2/cw\bus_top.sv
HDL-1007 : analyze verilog file C:/Anlogic/TD5.6.2/cw\cfg_int.v
HDL-1007 : analyze verilog file C:/Anlogic/TD5.6.2/cw\cwc_cfg_int.v
HDL-1007 : analyze verilog file C:/Anlogic/TD5.6.2/cw\cwc_top.sv
HDL-1007 : analyze verilog file C:/Anlogic/TD5.6.2/cw\detect_bus.v
HDL-1007 : analyze verilog file C:/Anlogic/TD5.6.2/cw\detect_non_bus.v
HDL-1007 : analyze verilog file C:/Anlogic/TD5.6.2/cw\emb_ctrl.v
HDL-1007 : analyze verilog file C:/Anlogic/TD5.6.2/cw\register.v
HDL-1007 : analyze verilog file C:/Anlogic/TD5.6.2/cw\tap.v
HDL-1007 : analyze verilog file C:/Anlogic/TD5.6.2/cw\trigger.sv
HDL-1007 : analyze verilog file rx_top_watcherInst.sv
HDL-1007 : elaborate module CW_TOP_WRAPPER in rx_top_watcherInst.sv(1)
HDL-1007 : elaborate module cwc_top(BUS_NUM=10,BUS_DIN_NUM=17,BUS_CTRL_NUM=74,BUS_WIDTH='{32'sb01,32'sb01,32'sb01,32'sb01,32'sb01,32'sb01,32'sb01,32'sb01000,32'sb01,32'sb01},BUS_DIN_POS='{32'sb0,32'sb01,32'sb010,32'sb011,32'sb0100,32'sb0101,32'sb0110,32'sb0111,32'sb01111,32'sb010000},BUS_CTRL_POS='{32'sb0,32'sb0110,32'sb01100,32'sb010010,32'sb011000,32'sb011110,32'sb0100100,32'sb0101010,32'sb0111110,32'sb01000100}) in C:/Anlogic/TD5.6.2/cw\cwc_top.sv(21)
HDL-1007 : elaborate module cwc_cfg_int(CTRL_REG_LEN=96) in C:/Anlogic/TD5.6.2/cw\cwc_cfg_int.v(21)
HDL-1007 : elaborate module register(CTRL_REG_LEN=96) in C:/Anlogic/TD5.6.2/cw\register.v(21)
HDL-1007 : elaborate module tap in C:/Anlogic/TD5.6.2/cw\tap.v(21)
HDL-1007 : elaborate module trigger(BUS_NUM=10,BUS_DIN_NUM=17,BUS_CTRL_NUM=74,BUS_WIDTH='{32'sb01,32'sb01,32'sb01,32'sb01,32'sb01,32'sb01,32'sb01,32'sb01000,32'sb01,32'sb01},BUS_DIN_POS='{32'sb0,32'sb01,32'sb010,32'sb011,32'sb0100,32'sb0101,32'sb0110,32'sb0111,32'sb01111,32'sb010000},BUS_CTRL_POS='{32'sb0,32'sb0110,32'sb01100,32'sb010010,32'sb011000,32'sb011110,32'sb0100100,32'sb0101010,32'sb0111110,32'sb01000100}) in C:/Anlogic/TD5.6.2/cw\trigger.sv(21)
HDL-1007 : elaborate module bus_top(BUS_NODE_NUM=10,BUS_DIN_NUM=17,BUS_CTRL_NUM=74,BUS_WIDTH='{32'sb01,32'sb01,32'sb01,32'sb01,32'sb01,32'sb01,32'sb01,32'sb01000,32'sb01,32'sb01},BUS_DIN_POS='{32'sb0,32'sb01,32'sb010,32'sb011,32'sb0100,32'sb0101,32'sb0110,32'sb0111,32'sb01111,32'sb010000},BUS_CTRL_POS='{32'sb0,32'sb0110,32'sb01100,32'sb010010,32'sb011000,32'sb011110,32'sb0100100,32'sb0101010,32'sb0111110,32'sb01000100}) in C:/Anlogic/TD5.6.2/cw\bus_top.sv(22)
HDL-1007 : elaborate module bus_det(BUS_WIDTH=32'sb01) in C:/Anlogic/TD5.6.2/cw\bus_det.v(21)
HDL-1007 : elaborate module bus_det(BUS_WIDTH=32'sb01000) in C:/Anlogic/TD5.6.2/cw\bus_det.v(21)
HDL-1007 : elaborate module emb_ctrl in C:/Anlogic/TD5.6.2/cw\emb_ctrl.v(21)
HDL-1200 : Current top model is CW_TOP_WRAPPER
HDL-1100 : Inferred 0 RAMs.
RUN-1002 : start command "force_keep -a auto_chipwatcher_0_logicbram"
RUN-1002 : start command "optimize_rtl -no_sch"
RUN-1001 : Open license file C:/Anlogic/TD5.6.2/license/Anlogic.lic
RUN-1001 : Print Global Property
RUN-1001 : ---------------------------------------------------------------
RUN-1001 :        Parameters        |  Settings  |  Default Values  |  Note  
RUN-1001 : ---------------------------------------------------------------
RUN-1001 :          message         |  standard  |     standard     |        
RUN-1001 :   mixed_pack_place_flow  |     on     |        on        |        
RUN-1001 :        qor_monitor       |    off     |       off        |        
RUN-1001 :        syn_ip_flow       |    off     |       off        |        
RUN-1001 :          thread          |    auto    |       auto       |        
RUN-1001 : ---------------------------------------------------------------
RUN-1001 : Print Rtl Property
RUN-1001 : --------------------------------------------------------------
RUN-1001 :        Parameters       |  Settings  |  Default Values  |  Note  
RUN-1001 : --------------------------------------------------------------
RUN-1001 :       compress_add      |   ripple   |      ripple      |        
RUN-1001 :        elf_sload        |    off     |       off        |        
RUN-1001 :       fix_undriven      |     0      |        0         |        
RUN-1001 :         flatten         |    off     |       off        |        
RUN-1001 :       gate_sharing      |     on     |        on        |        
RUN-1001 :    hdl_warning_level    |   normal   |      normal      |        
RUN-1001 :   impl_internal_tribuf  |     on     |        on        |        
RUN-1001 :      impl_set_reset     |     on     |        on        |        
RUN-1001 :        infer_gsr        |    off     |       off        |        
RUN-1001 :      keep_hierarchy     |    auto    |       auto       |        
RUN-1001 :        max_fanout       |    9999    |       9999       |        
RUN-1001 :      max_oh2bin_len     |     10     |        10        |        
RUN-1001 :       merge_equal       |     on     |        on        |        
RUN-1001 :       merge_equiv       |     on     |        on        |        
RUN-1001 :        merge_mux        |    off     |       off        |        
RUN-1001 :     min_control_set     |     8      |        8         |        
RUN-1001 :      min_ripple_len     |    auto    |       auto       |        
RUN-1001 :       oh2bin_ratio      |    0.08    |       0.08       |        
RUN-1001 :     opt_adder_fanout    |     on     |        on        |        
RUN-1001 :        opt_arith        |     on     |        on        |        
RUN-1001 :       opt_big_gate      |    off     |       off        |        
RUN-1001 :        opt_const        |     on     |        on        |        
RUN-1001 :      opt_const_mult     |     on     |        on        |        
RUN-1001 :       opt_lessthan      |     on     |        on        |        
RUN-1001 :         opt_mux         |    off     |       off        |        
RUN-1001 :         opt_ram         |    high    |       high       |        
RUN-1001 :      rtl_sim_model      |    off     |       off        |        
RUN-1001 :         seq_syn         |     on     |        on        |        
RUN-1001 : --------------------------------------------------------------
SYN-1012 : SanityCheck: Model "rx_top"
SYN-1012 : SanityCheck: Model "CW_TOP_WRAPPER"
SYN-1012 : SanityCheck: Model "cwc_top(BUS_NUM=10,BUS_DIN_NUM=17,BUS_CTRL_NUM=74,BUS_WIDTH='{32'sb01,32'sb01,32'sb01,32'sb01,32'sb01,32'sb01,32'sb01,32'sb01000,32'sb01,32'sb01},BUS_DIN_POS='{32'sb0,32'sb01,32'sb010,32'sb011,32'sb0100,32'sb0101,32'sb0110,32'sb0111,32'sb01111,32'sb010000},BUS_CTRL_POS='{32'sb0,32'sb0110,32'sb01100,32'sb010010,32'sb011000,32'sb011110,32'sb0100100,32'sb0101010,32'sb0111110,32'sb01000100})"
SYN-1012 : SanityCheck: Model "cwc_cfg_int(CTRL_REG_LEN=96)"
SYN-1012 : SanityCheck: Model "register(CTRL_REG_LEN=96)"
SYN-1012 : SanityCheck: Model "tap"
SYN-1012 : SanityCheck: Model "trigger(BUS_NUM=10,BUS_DIN_NUM=17,BUS_CTRL_NUM=74,BUS_WIDTH='{32'sb01,32'sb01,32'sb01,32'sb01,32'sb01,32'sb01,32'sb01,32'sb01000,32'sb01,32'sb01},BUS_DIN_POS='{32'sb0,32'sb01,32'sb010,32'sb011,32'sb0100,32'sb0101,32'sb0110,32'sb0111,32'sb01111,32'sb010000},BUS_CTRL_POS='{32'sb0,32'sb0110,32'sb01100,32'sb010010,32'sb011000,32'sb011110,32'sb0100100,32'sb0101010,32'sb0111110,32'sb01000100})"
SYN-1012 : SanityCheck: Model "bus_top(BUS_NODE_NUM=10,BUS_DIN_NUM=17,BUS_CTRL_NUM=74,BUS_WIDTH='{32'sb01,32'sb01,32'sb01,32'sb01,32'sb01,32'sb01,32'sb01,32'sb01000,32'sb01,32'sb01},BUS_DIN_POS='{32'sb0,32'sb01,32'sb010,32'sb011,32'sb0100,32'sb0101,32'sb0110,32'sb0111,32'sb01111,32'sb010000},BUS_CTRL_POS='{32'sb0,32'sb0110,32'sb01100,32'sb010010,32'sb011000,32'sb011110,32'sb0100100,32'sb0101010,32'sb0111110,32'sb01000100})"
SYN-1012 : SanityCheck: Model "bus_det(BUS_WIDTH=32'sb01)"
SYN-1012 : SanityCheck: Model "bus_det(BUS_WIDTH=32'sb01000)"
SYN-1012 : SanityCheck: Model "emb_ctrl"
SYN-1011 : Flatten model rx_top
SYN-1032 : 1734/34 useful/useless nets, 929/29 useful/useless insts
SYN-1016 : Merged 48 instances.
SYN-1032 : 1459/18 useful/useless nets, 1263/18 useful/useless insts
SYN-1014 : Optimize round 1
SYN-1032 : 1443/16 useful/useless nets, 1251/12 useful/useless insts
SYN-1021 : Optimized 1 onehot mux instances.
SYN-1020 : Optimized 1 distributor mux.
SYN-1019 : Optimized 1 mux instances.
SYN-1015 : Optimize round 1, 342 better
SYN-1014 : Optimize round 2
SYN-1032 : 1224/15 useful/useless nets, 1032/16 useful/useless insts
SYN-1015 : Optimize round 2, 32 better
SYN-1014 : Optimize round 1
SYN-1015 : Optimize round 1, 0 better
RUN-1002 : start command "optimize_gate -no_sch"
RUN-1001 : Open license file C:/Anlogic/TD5.6.2/license/Anlogic.lic
RUN-1001 : Print Global Property
RUN-1001 : ---------------------------------------------------------------
RUN-1001 :        Parameters        |  Settings  |  Default Values  |  Note  
RUN-1001 : ---------------------------------------------------------------
RUN-1001 :          message         |  standard  |     standard     |        
RUN-1001 :   mixed_pack_place_flow  |     on     |        on        |        
RUN-1001 :        qor_monitor       |    off     |       off        |        
RUN-1001 :        syn_ip_flow       |    off     |       off        |        
RUN-1001 :          thread          |    auto    |       auto       |        
RUN-1001 : ---------------------------------------------------------------
RUN-1001 : Print Gate Property
RUN-1001 : ------------------------------------------------------------------
RUN-1001 :          Parameters         |  Settings  |  Default Values  |  Note  
RUN-1001 : ------------------------------------------------------------------
RUN-1001 :         cascade_dsp         |    off     |       off        |        
RUN-1001 :         cascade_eram        |    off     |       off        |        
RUN-1001 :        gate_sim_model       |    off     |       off        |        
RUN-1001 :        map_sim_model        |    off     |       off        |        
RUN-1001 :         map_strategy        |     1      |        1         |        
RUN-1001 :           opt_area          |   medium   |      medium      |        
RUN-1001 :          opt_timing         |    auto    |       auto       |        
RUN-1001 :         pack_effort         |   medium   |      medium      |        
RUN-1001 :      pack_lslice_ripple     |     on     |        on        |        
RUN-1001 :   pack_lslice_ripple_ratio  |    0.5     |       0.5        |        
RUN-1001 :        pack_seq_in_io       |    auto    |       auto       |        
RUN-1001 :        ph1_mux_ratio        |    1.0     |       1.0        |        
RUN-1001 :            report           |  standard  |     standard     |        
RUN-1001 :           retiming          |    off     |       off        |        
RUN-1001 : ------------------------------------------------------------------
SYN-2001 : Map 25 IOs to PADs
RUN-1002 : start command "update_pll_param -module rx_top"
SYN-2501 : Processed 0 LOGIC_BUF instances.
SYN-2512 : LOGIC BRAM "auto_chipwatcher_0_logicbram"
SYN-2571 : Optimize after map_dsp, round 1
SYN-2571 : Optimize after map_dsp, round 1, 0 better
SYN-1001 : Throwback 4 control mux instances
SYN-2501 : Optimize round 1
SYN-1016 : Merged 8 instances.
SYN-2501 : Optimize round 1, 18 better
SYN-2501 : Optimize round 2
SYN-2501 : Optimize round 2, 0 better
SYN-2501 : Map 12 macro adder
SYN-1019 : Optimized 5 mux instances.
SYN-1016 : Merged 9 instances.
SYN-1032 : 1585/2 useful/useless nets, 1394/1 useful/useless insts
SYN-3001 : Running gate level optimization.
SYN-2581 : Mapping with K=5, #lut = 166 (3.94), #lev = 5 (2.10)
SYN-2551 : Post LUT mapping optimization.
SYN-2581 : Mapping with K=5, #lut = 180 (4.03), #lev = 4 (2.00)
SYN-3001 : Logic optimization runtime opt =   0.04 sec, map =   0.00 sec
SYN-3001 : Mapper mapped 516 instances into 180 LUTs, name keeping = 79%.
SYN-1001 : Packing model "rx_top" ...
SYN-4010 : Pack lib has 58 rtl pack models with 25 top pack blocks
SYN-1014 : Optimize round 1
SYN-1015 : Optimize round 1, 0 better
SYN-4002 : Packing 312 DFF/LATCH to SEQ ...
SYN-4009 : Pack 6 carry chain into lslice
SYN-4007 : Packing 89 adder to BLE ...
SYN-4008 : Packed 89 adder and 0 SEQ to BLE.
SYN-4007 : Packing 0 gate4 to BLE ...
SYN-4008 : Packed 0 gate4 and 0 SEQ to BLE.
SYN-4012 : Packed 0 FxMUX
RUN-1002 : start command "legalize_phy_inst"
SYN-1011 : Flatten model rx_top
KIT-1004 : Compile Chipwatcher: Clear obsolete physical data.
RUN-1003 : finish command "compile_watcher" in  1.129203s wall, 1.078125s user + 0.031250s system = 1.109375s CPU (98.2%)

RUN-1004 : used memory is 115 MB, reserved memory is 78 MB, peak memory is 119 MB
RUN-1002 : start command "place"
RUN-1001 : Open license file C:/Anlogic/TD5.6.2/license/Anlogic.lic
RUN-1001 : Print Global Property
RUN-1001 : ---------------------------------------------------------------
RUN-1001 :        Parameters        |  Settings  |  Default Values  |  Note  
RUN-1001 : ---------------------------------------------------------------
RUN-1001 :          message         |  standard  |     standard     |        
RUN-1001 :   mixed_pack_place_flow  |     on     |        on        |        
RUN-1001 :        qor_monitor       |    off     |       off        |        
RUN-1001 :        syn_ip_flow       |    off     |       off        |        
RUN-1001 :          thread          |    auto    |       auto       |        
RUN-1001 : ---------------------------------------------------------------
RUN-1001 : Print Place Property
RUN-1001 : --------------------------------------------------------------
RUN-1001 :        Parameters       |  Settings  |  Default Values  |  Note  
RUN-1001 : --------------------------------------------------------------
RUN-1001 :      detailed_place     |     on     |        on        |        
RUN-1001 :          effort         |   medium   |      medium      |        
RUN-1001 :         fix_hold        |    off     |       off        |        
RUN-1001 :       legalization      |    ori     |       ori        |        
RUN-1001 :      new_spreading      |     on     |        on        |        
RUN-1001 :        opt_timing       |   medium   |      medium      |        
RUN-1001 :   post_clock_route_opt  |    off     |       off        |        
RUN-1001 :       pr_strategy       |     1      |        1         |        
RUN-1001 :        relaxation       |    1.00    |       1.00       |        
RUN-1001 :         retiming        |    off     |       off        |        
RUN-1001 : --------------------------------------------------------------
PHY-3001 : Placer runs in 16 thread(s).
RUN-1002 : start command "legalize_phy_inst"
SYN-1011 : Flatten model rx_top
SYN-5055 WARNING: The kept net U2/BPS_CLK_n will be merged to another kept net BPS_CLK
SYN-5055 WARNING: The kept net U3/BPS_CLK will be merged to another kept net BPS_CLK
SYN-5055 WARNING: The kept net U1/CLK will be merged to another kept net CLK_500K
SYN-5055 WARNING: The kept net U3/isCount will be merged to another kept net Count_Sig
SYN-5055 WARNING: The kept net U2/Count_Sig will be merged to another kept net Count_Sig
SYN-5055 WARNING: The kept net U3/isDone will be merged to another kept net RX_Done_Sig
SYN-5055 WARNING: The kept net U4/RX_Done_Sig will be merged to another kept net RX_Done_Sig
SYN-5055 WARNING: The kept net U6/rTX_Data_n will be merged to another kept net TX_Data_Valid
SYN-5055 WARNING: The kept net U8/TX_Data_Valid will be merged to another kept net TX_Data_Valid
SYN-5055 WARNING: The kept net U1/neg_sig_n will be merged to another kept net neg_sig
SYN-5055 Similar messages will be suppressed.
RUN-1002 : start command "phys_opt -simplify_lut"
SYN-4016 : Net config_inst_syn_10 driven by BUFG (204 clock/control pins, 0 other pins).
SYN-4024 : Net "CLK_500K" drives clk pins.
SYN-4024 : Net "CLK_dup_1" drives clk pins.
SYN-4024 : Net "U5/SingleNum_n" drives clk pins.
SYN-4024 : Net "TX_Data_Valid" drives clk pins.
SYN-4025 : Tag rtl::Net CLK_500K as clock net
SYN-4025 : Tag rtl::Net CLK_dup_1 as clock net
SYN-4025 : Tag rtl::Net TX_Data_Valid as clock net
SYN-4025 : Tag rtl::Net U5/SingleNum_n as clock net
SYN-4025 : Tag rtl::Net config_inst_syn_10 as clock net
SYN-4026 : Tagged 5 rtl::Net as clock net
SYN-4015 : Create BUFG instance for clk Net CLK_500K to drive 166 clock pins.
SYN-4015 : Create BUFG instance for clk Net TX_Data_Valid to drive 8 clock pins.
SYN-4015 : Create BUFG instance for clk Net U5/SingleNum_n to drive 8 clock pins.
PHY-1001 : Populate physical database on model rx_top.
RUN-1001 : There are total 913 instances
RUN-0007 : 370 luts, 393 seqs, 68 mslices, 48 lslices, 25 pads, 2 brams, 0 dsps
RUN-1001 : There are total 1104 nets
RUN-1001 : 608 nets have 2 pins
RUN-1001 : 394 nets have [3 - 5] pins
RUN-1001 : 65 nets have [6 - 10] pins
RUN-1001 : 25 nets have [11 - 20] pins
RUN-1001 : 7 nets have [21 - 99] pins
RUN-1001 : 5 nets have 100+ pins
RUN-1001 : Report Control nets information:
RUN-1001 : DFF Distribution
RUN-1001 : ----------------------------------
RUN-1001 :   CE   |  SSR  |  ASR  |  DFF Count  
RUN-1001 : ----------------------------------
RUN-1001 :   No   |  No   |  No   |     32      
RUN-1001 :   No   |  No   |  Yes  |     161     
RUN-1001 :   No   |  Yes  |  No   |      0      
RUN-1001 :   Yes  |  No   |  No   |      0      
RUN-1001 :   Yes  |  No   |  Yes  |     200     
RUN-1001 :   Yes  |  Yes  |  No   |      0      
RUN-1001 : ----------------------------------
RUN-0007 : Control Group Statistic
RUN-0007 : ---------------------------
RUN-0007 :   #CLK  |  #CE  |  #SSR/ASR  
RUN-0007 : ---------------------------
RUN-0007 :    5    |   4   |     5      
RUN-0007 : ---------------------------
RUN-0007 : Control Set = 12
PHY-3001 : Initial placement ...
PHY-3001 : design contains 911 instances, 370 luts, 393 seqs, 116 slices, 21 macros(116 instances: 68 mslices 48 lslices)
PHY-0007 : Cell area utilization is 3%
PHY-3001 : Global placement ...
PHY-3001 : Initial: Len = 279502
PHY-3001 : Clustering ...
PHY-3001 : Level 0 #clusters 911.
PHY-3001 : End clustering;  0.000037s wall, 0.000000s user + 0.000000s system = 0.000000s CPU (n/a%)

PHY-3001 : Run with size of 4
PHY-3001 : Cell area utilization is 3%
PHY-3001 : :::0::: Try harder cell spreading with beta_ = 0
PHY-3002 : Step(1): len = 161457, overlap = 4.5
PHY-3002 : Step(2): len = 114332, overlap = 2.25
PHY-3002 : Step(3): len = 76621.4, overlap = 4.5
PHY-3002 : Step(4): len = 60901.9, overlap = 2.25
PHY-3002 : Step(5): len = 52447, overlap = 2.25
PHY-3002 : Step(6): len = 43158.7, overlap = 5.5
PHY-3002 : Step(7): len = 39655.7, overlap = 4.5
PHY-3002 : Step(8): len = 33521.1, overlap = 2.25
PHY-3002 : Step(9): len = 33597.7, overlap = 2.25
PHY-3002 : Step(10): len = 29047.5, overlap = 4.5
PHY-3002 : Step(11): len = 28528.1, overlap = 4.5
PHY-3002 : Step(12): len = 25345.6, overlap = 4.5
PHY-3002 : Step(13): len = 25054.5, overlap = 0
PHY-3002 : Step(14): len = 23362.8, overlap = 4.5
PHY-3002 : Step(15): len = 23150.3, overlap = 4.5
PHY-3002 : Step(16): len = 22660.4, overlap = 4.75
PHY-3001 : :::1::: Try harder cell spreading with beta_ = 9.39621e-05
PHY-3002 : Step(17): len = 22577.2, overlap = 4.75
PHY-3002 : Step(18): len = 22598.7, overlap = 4.75
PHY-3002 : Step(19): len = 22128.4, overlap = 4.75
PHY-3002 : Step(20): len = 22043.6, overlap = 4.75
PHY-3002 : Step(21): len = 21613.2, overlap = 4.75
PHY-3002 : Step(22): len = 21653.6, overlap = 2.5
PHY-3002 : Step(23): len = 21594.8, overlap = 0.25
PHY-3002 : Step(24): len = 21607.2, overlap = 2.75
PHY-3001 : Legalization ...
PHY-3001 : End legalization;  0.007798s wall, 0.000000s user + 0.031250s system = 0.031250s CPU (400.7%)

PHY-3001 : Run with size of 4
PHY-3001 : Cell area utilization is 4%
PHY-3001 : :::0::: Try harder cell spreading with beta_ = 0
PHY-3002 : Step(25): len = 21752.2, overlap = 2.9375
PHY-3002 : Step(26): len = 21924.7, overlap = 2.5
PHY-3002 : Step(27): len = 20609.7, overlap = 2.03125
PHY-3002 : Step(28): len = 20882.1, overlap = 3.1875
PHY-3002 : Step(29): len = 20675.4, overlap = 11.7812
PHY-3002 : Step(30): len = 20423.2, overlap = 18.9375
PHY-3002 : Step(31): len = 19484, overlap = 19.5938
PHY-3002 : Step(32): len = 18204.3, overlap = 21.3125
PHY-3002 : Step(33): len = 17884.1, overlap = 21.6562
PHY-3002 : Step(34): len = 17936.4, overlap = 22.375
PHY-3001 : :::1::: Try harder cell spreading with beta_ = 0.000597772
PHY-3002 : Step(35): len = 17833.8, overlap = 21.5312
PHY-3002 : Step(36): len = 17904.7, overlap = 20.125
PHY-3002 : Step(37): len = 17991.7, overlap = 19.8125
PHY-3001 : :::2::: Try harder cell spreading with beta_ = 0.00119554
PHY-3002 : Step(38): len = 17542.4, overlap = 19.6562
PHY-3002 : Step(39): len = 17691, overlap = 20.7812
PHY-3001 : :::3::: Try harder cell spreading with beta_ = 0.00239109
PHY-3002 : Step(40): len = 17638.5, overlap = 18.6875
PHY-3002 : Step(41): len = 17638.5, overlap = 18.6875
PHY-3001 : Run with size of 2
PHY-3001 : Cell area utilization is 4%
PHY-3001 : :::0::: Try harder cell spreading with beta_ = 1.05274e-05
PHY-3002 : Step(42): len = 18234.7, overlap = 45.375
PHY-3002 : Step(43): len = 18428.2, overlap = 45.0938
PHY-3002 : Step(44): len = 18982.4, overlap = 41.6562
PHY-3001 : :::1::: Try harder cell spreading with beta_ = 2.10547e-05
PHY-3002 : Step(45): len = 18654, overlap = 39.6875
PHY-3002 : Step(46): len = 18984, overlap = 39.0312
PHY-3002 : Step(47): len = 19529.5, overlap = 36.9062
PHY-3001 : :::2::: Try harder cell spreading with beta_ = 4.21095e-05
PHY-3002 : Step(48): len = 19940.4, overlap = 32.0625
PHY-3002 : Step(49): len = 20437.4, overlap = 26.75
PHY-3002 : Step(50): len = 21496, overlap = 18.3125
PHY-3002 : Step(51): len = 22060.9, overlap = 17.4062
PHY-3002 : Step(52): len = 21592.3, overlap = 16.4375
PHY-3002 : Step(53): len = 21383.3, overlap = 17
PHY-3002 : Step(54): len = 20735.1, overlap = 19.0938
PHY-3002 : Step(55): len = 20487.4, overlap = 20.375
PHY-3002 : Step(56): len = 20454.6, overlap = 20.2188
PHY-3001 : :::3::: Try harder cell spreading with beta_ = 8.42189e-05
PHY-3002 : Step(57): len = 20188.1, overlap = 18.4375
PHY-3002 : Step(58): len = 20205.2, overlap = 18.1875
PHY-3002 : Step(59): len = 20309.9, overlap = 17.75
PHY-3001 : :::4::: Try harder cell spreading with beta_ = 0.000168438
PHY-3002 : Step(60): len = 19871.9, overlap = 17.7188
PHY-3002 : Step(61): len = 19868.6, overlap = 17.4062
OPT-1001 : Start physical optimization ...
OPT-1001 : Total overflow 49.16 peak overflow 4.34
OPT-1001 : Start high-fanout net optimization ...
OPT-1001 : Update timing in global mode
PHY-1001 : Start incremental global routing, caller is place ...
RUN-1001 : Generating global routing grids ...
RUN-1001 : Building simple global routing graph ...
PHY-1001 : Generate routing nets ...
PHY-1001 : Reuse net number 0/1104.
PHY-1001 : Global iterations in 16 thread ...
PHY-1002 : len = 22640, over cnt = 90(0%), over = 291, worst = 12
PHY-1001 : End global iterations;  0.049368s wall, 0.031250s user + 0.031250s system = 0.062500s CPU (126.6%)

PHY-1001 : Congestion index: top1 = 25.60, top5 = 12.79, top10 = 7.65, top15 = 5.36.
PHY-1001 : End incremental global routing;  0.102325s wall, 0.078125s user + 0.046875s system = 0.125000s CPU (122.2%)

RUN-1002 : start command "start_timer -report"
TMR-5001 WARNING: No sdc constraints found while initiating timer.
TMR-2505 : Start building timing graph for model rx_top.
TMR-2506 : Build timing graph completely. Port num: 8, tpin num: 4380, tnet num: 1102, tinst num: 911, tnode num: 5790, tedge num: 7207.
TMR-2509 : Cut connection from TX_Pin_Out_syn_17.a to TX_Pin_Out_syn_17.o.
TMR-2509 : Cut connection from U8/rTX_reg_syn_17.b to U8/rTX_reg_syn_17.o.
TMR-2509 : Cut connection from U8/reg0_syn_20.c to U8/reg0_syn_20.o.
TMR-2509 : Cut connection from U7/Count_BPS_b[12]_syn_8.a to U7/Count_BPS_b[12]_syn_8.o.
TMR-2509 : Cut connection from U7/Count_BPS_b[11]_syn_1.a to U7/Count_BPS_b[11]_syn_1.o.
TMR-2509 : Cut connection from U7/Count_BPS_b[10]_syn_1.a to U7/Count_BPS_b[10]_syn_1.o.
TMR-2509 : Cut connection from U7/Count_BPS_b[9]_syn_1.a to U7/Count_BPS_b[9]_syn_1.o.
TMR-2509 : Cut connection from U7/Count_BPS_b[7]_syn_1.a to U7/Count_BPS_b[7]_syn_1.o.
TMR-2509 : Cut connection from U7/Count_BPS_b[3]_syn_1.a to U7/Count_BPS_b[3]_syn_1.o.
TMR-2509 : Cut connection from U7/Count_BPS_b[4]_syn_1.a to U7/Count_BPS_b[4]_syn_1.o.
TMR-2509 : Cut connection from U7/Count_BPS_b[5]_syn_1.a to U7/Count_BPS_b[5]_syn_1.o.
TMR-2509 : Cut connection from U7/Count_BPS_b[6]_syn_1.a to U7/Count_BPS_b[6]_syn_1.o.
TMR-2509 : Cut connection from U7/Count_BPS_b[1]_syn_1.a to U7/Count_BPS_b[1]_syn_1.o.
TMR-2509 : Cut connection from U7/Count_BPS_b[2]_syn_1.a to U7/Count_BPS_b[2]_syn_1.o.
TMR-2509 : Cut connection from U7/Count_BPS_b[0]_syn_1.a to U7/Count_BPS_b[0]_syn_1.o.
TMR-2509 : Cut connection from U7/Count_BPS_b[8]_syn_1.a to U7/Count_BPS_b[8]_syn_1.o.
TMR-2509 : Cut connection from U3/rData[0]_syn_95.fci to U3/rData[0]_syn_95.fx[0].
TMR-2509 : Cut connection from U3/rData[0]_syn_95.e[0] to U3/rData[0]_syn_95.fx[0].
TMR-2509 : Cut connection from U3/rData[0]_syn_95.d[0] to U3/rData[0]_syn_95.fx[0].
TMR-2509 : Cut connection from U6/sum[4]_syn_3.a to U6/sum[4]_syn_3.o.
TMR-2509 : Cut connection from auto_chipwatcher_0_logicbram_syn_11.dia[7] to auto_chipwatcher_0_logicbram_syn_11.Q_dia_D.
TMR-2509 : Cut connection from auto_chipwatcher_0_logicbram_syn_11.dia[6] to auto_chipwatcher_0_logicbram_syn_11.Q_dia_D.
TMR-2509 : Cut connection from auto_chipwatcher_0_logicbram_syn_11.dia[4] to auto_chipwatcher_0_logicbram_syn_11.Q_dia_D.
TMR-2509 : Cut connection from auto_chipwatcher_0_logicbram_syn_11.dia[3] to auto_chipwatcher_0_logicbram_syn_11.Q_dia_D.
TMR-2509 : Cut connection from auto_chipwatcher_0_logicbram_syn_11.dia[2] to auto_chipwatcher_0_logicbram_syn_11.Q_dia_D.
TMR-2509 : Cut connection from auto_chipwatcher_0_logicbram_syn_11.dia[1] to auto_chipwatcher_0_logicbram_syn_11.Q_dia_D.
TMR-2509 : Cut connection from U6/rTX_Data_b[3]_syn_1.a to U6/rTX_Data_b[3]_syn_1.o.
TMR-2509 : Cut connection from U6/rTX_Data_b[3]_syn_1.b to U6/rTX_Data_b[3]_syn_1.o.
TMR-2509 : Cut connection from U6/rTX_Data_b[3]_syn_1.d to U6/rTX_Data_b[3]_syn_1.o.
TMR-2509 : Cut connection from U6/rTX_Data_b[4]_syn_1.a to U6/rTX_Data_b[4]_syn_1.o.
TMR-2509 : Cut connection from U6/rTX_Data_b[4]_syn_1.b to U6/rTX_Data_b[4]_syn_1.o.
TMR-2509 : Cut connection from U6/rTX_Data_b[0]_syn_14.a to U6/rTX_Data_b[0]_syn_14.o.
TMR-2509 : Cut connection from U6/rTX_Data_b[0]_syn_14.b to U6/rTX_Data_b[0]_syn_14.o.
TMR-2509 : Cut connection from U6/rTX_Data_b[0]_syn_14.d to U6/rTX_Data_b[0]_syn_14.o.
TMR-2509 : Cut connection from U6/rTX_Data_b[0]_syn_14.e to U6/rTX_Data_b[0]_syn_14.o.
TMR-2509 : Cut connection from U6/rTX_Data_b[0]_syn_17.b to U6/rTX_Data_b[0]_syn_17.o.
TMR-2509 : Cut connection from U6/rTX_Data_b[0]_syn_17.c to U6/rTX_Data_b[0]_syn_17.o.
TMR-2509 : Cut connection from U6/rTX_Data_b[0]_syn_17.d to U6/rTX_Data_b[0]_syn_17.o.
TMR-2509 : Cut connection from U6/rTX_Data_b[0]_syn_17.e to U6/rTX_Data_b[0]_syn_17.o.
TMR-2509 : Cut connection from U6/rTX_Data_b[1]_syn_1.b to U6/rTX_Data_b[1]_syn_1.o.
TMR-2509 : Cut connection from U6/rTX_Data_b[1]_syn_1.c to U6/rTX_Data_b[1]_syn_1.o.
TMR-2509 : Cut connection from U6/rTX_Data_b[1]_syn_1.d to U6/rTX_Data_b[1]_syn_1.o.
TMR-2509 : Cut connection from U6/rTX_Data_b[0]_syn_15.a to U6/rTX_Data_b[0]_syn_15.o.
TMR-2509 : Cut connection from U6/rTX_Data_b[0]_syn_15.e to U6/rTX_Data_b[0]_syn_15.o.
TMR-2509 : Cut connection from U6/rTX_Data_b[0]_syn_15.b to U6/rTX_Data_b[0]_syn_15.o.
TMR-2509 : Cut connection from U6/rTX_Data_b[0]_syn_15.d to U6/rTX_Data_b[0]_syn_15.o.
TMR-2509 : Cut connection from U3/rData[0]_syn_95.fci to U3/rData[0]_syn_95.fx[1].
TMR-2509 : Cut connection from U3/rData[0]_syn_95.e[1] to U3/rData[0]_syn_95.fx[1].
TMR-2509 : Cut connection from U3/rData[0]_syn_95.d[1] to U3/rData[0]_syn_95.fx[1].
TMR-2509 : Cut connection from U3/rData[0]_syn_95.d[0] to U3/rData[0]_syn_95.fx[1].
TMR-2509 : Cut connection from U6/sum[6]_syn_3.a to U6/sum[6]_syn_3.o.
TMR-2509 : Cut connection from U6/rTX_Data_b[0]_syn_9.a to U6/rTX_Data_b[0]_syn_9.o.
TMR-2509 : Cut connection from U6/rTX_Data_b[0]_syn_9.b to U6/rTX_Data_b[0]_syn_9.o.
TMR-2509 : Cut connection from U6/rTX_Data_b[0]_syn_9.c to U6/rTX_Data_b[0]_syn_9.o.
TMR-2509 : Cut connection from U6/rTX_Data_b[0]_syn_9.e to U6/rTX_Data_b[0]_syn_9.o.
TMR-2509 : Cut connection from U6/rTX_Data_b[6]_syn_1.a to U6/rTX_Data_b[6]_syn_1.o.
TMR-2509 : Cut connection from U6/rTX_Data_b[6]_syn_1.b to U6/rTX_Data_b[6]_syn_1.o.
TMR-2509 : Cut connection from U6/rTX_Data_b[6]_syn_1.c to U6/rTX_Data_b[6]_syn_1.o.
TMR-2509 : Cut connection from U3/rData[0]_syn_95.fci to U3/rData[0]_syn_95.fco.
TMR-2509 : Cut connection from U3/rData[0]_syn_95.d[1] to U3/rData[0]_syn_95.fco.
TMR-2509 : Cut connection from U3/rData[0]_syn_95.d[0] to U3/rData[0]_syn_95.fco.
TMR-2509 : Cut connection from U3/rData[0]_syn_96.d[0] to U3/rData[0]_syn_96.f[0].
TMR-2509 : Cut connection from U6/sum[7]_syn_3.a to U6/sum[7]_syn_3.o.
TMR-2509 : Cut connection from U6/rTX_Data_b[7]_syn_1.a to U6/rTX_Data_b[7]_syn_1.o.
TMR-2509 : Cut connection from U6/rTX_Data_b[7]_syn_1.b to U6/rTX_Data_b[7]_syn_1.o.
TMR-2509 : Cut connection from U6/rTX_Data_b[0]_syn_12.a to U6/rTX_Data_b[0]_syn_12.o.
TMR-2509 : Cut connection from U6/rTX_Data_b[0]_syn_12.b to U6/rTX_Data_b[0]_syn_12.o.
TMR-2509 : Cut connection from U6/rTX_Data_b[0]_syn_12.e to U6/rTX_Data_b[0]_syn_12.o.
TMR-2509 : Cut connection from U6/rTX_Data_b[0]_syn_10.a to U6/rTX_Data_b[0]_syn_10.o.
TMR-2509 : Cut connection from U6/rTX_Data_b[0]_syn_10.b to U6/rTX_Data_b[0]_syn_10.o.
TMR-2509 : Cut connection from U6/rTX_Data_b[0]_syn_10.e to U6/rTX_Data_b[0]_syn_10.o.
TMR-2509 : Cut connection from U3/rData[0]_syn_96.e[0] to U3/rData[0]_syn_96.fx[0].
TMR-2509 : Cut connection from U6/sum[8]_syn_3.a to U6/sum[8]_syn_3.o.
TMR-2509 : Cut connection from U6/rTX_Data_b[0]_syn_7.a to U6/rTX_Data_b[0]_syn_7.o.
TMR-2509 : Cut connection from U6/rTX_Data_b[0]_syn_7.b to U6/rTX_Data_b[0]_syn_7.o.
TMR-2509 : Cut connection from U6/rTX_Data_b[0]_syn_7.c to U6/rTX_Data_b[0]_syn_7.o.
TMR-2509 : Cut connection from U6/rTX_Data_b[0]_syn_7.d to U6/rTX_Data_b[0]_syn_7.o.
TMR-2509 : Cut connection from U3/rData[0]_syn_96.e[1] to U3/rData[0]_syn_96.fx[1].
TMR-2509 : Cut connection from U3/rData[0]_syn_96.d[1] to U3/rData[0]_syn_96.fx[1].
TMR-2509 : Cut connection from U6/sum[10]_syn_3.a to U6/sum[10]_syn_3.o.
TMR-2509 : Cut connection from U3/rData[0]_syn_96.d[1] to U3/rData[0]_syn_96.fco.
TMR-2509 : Cut connection from U3/rData[0]_syn_97.d[0] to U3/rData[0]_syn_97.f[0].
TMR-2509 : Cut connection from U6/sum[11]_syn_3.a to U6/sum[11]_syn_3.o.
TMR-2509 : Cut connection from U6/rTX_Data_b[0]_syn_1.a to U6/rTX_Data_b[0]_syn_1.o.
TMR-2509 : Cut connection from U6/rTX_Data_b[0]_syn_1.b to U6/rTX_Data_b[0]_syn_1.o.
TMR-2509 : Cut connection from U6/rTX_Data_b[0]_syn_1.c to U6/rTX_Data_b[0]_syn_1.o.
TMR-2509 : Cut connection from U6/rTX_Data_b[0]_syn_1.d to U6/rTX_Data_b[0]_syn_1.o.
TMR-2509 : Cut connection from U6/rTX_Data_b[0]_syn_5.b to U6/rTX_Data_b[0]_syn_5.o.
TMR-2509 : Cut connection from U6/rTX_Data_b[0]_syn_5.d to U6/rTX_Data_b[0]_syn_5.o.
TMR-2509 : Cut connection from U3/rData[0]_syn_97.e[0] to U3/rData[0]_syn_97.fx[0].
TMR-2509 : Cut connection from U6/sum[12]_syn_3.a to U6/sum[12]_syn_3.o.
TMR-2509 : Cut connection from U3/rData[0]_syn_97.e[1] to U3/rData[0]_syn_97.fx[1].
TMR-2509 : Cut connection from U3/rData[0]_syn_97.d[1] to U3/rData[0]_syn_97.fx[1].
TMR-2509 : Cut connection from U6/sum[14]_syn_4.a to U6/sum[14]_syn_4.o.
TMR-2509 : Cut connection from U6/rTX_Data_b[0]_syn_3.a to U6/rTX_Data_b[0]_syn_3.o.
TMR-2509 : Cut connection from U6/rTX_Data_b[0]_syn_3.c to U6/rTX_Data_b[0]_syn_3.o.
TMR-2509 : Cut connection from U3/rData[0]_syn_97.d[1] to U3/rData[0]_syn_97.fco.
TMR-2509 : Cut connection from U3/rData[0]_syn_98.d[0] to U3/rData[0]_syn_98.f[0].
TMR-2509 : Cut connection from U6/sum[15]_syn_3.a to U6/sum[15]_syn_3.o.
TMR-2509 : Cut connection from U3/rData[0]_syn_97.d[1] to U3/rData[0]_syn_97.f[1].
TMR-2509 : Cut connection from U6/sum[13]_syn_3.a to U6/sum[13]_syn_3.o.
TMR-2509 : Cut connection from U3/rData[0]_syn_96.d[1] to U3/rData[0]_syn_96.f[1].
TMR-2509 : Cut connection from U6/sum[9]_syn_3.a to U6/sum[9]_syn_3.o.
TMR-2509 : Cut connection from U8/reg0_syn_21.c to U8/reg0_syn_21.o.
TMR-2509 : Cut connection from U8/reg0_syn_14.a to U8/reg0_syn_14.o.
TMR-2509 : Cut connection from auto_chipwatcher_0_logicbram_syn_1.dia[0] to auto_chipwatcher_0_logicbram_syn_1.Q_dia_D.
TMR-2509 : Cut connection from U3/rData[0]_syn_95.fci to U3/rData[0]_syn_95.f[1].
TMR-2509 : Cut connection from U3/rData[0]_syn_95.d[1] to U3/rData[0]_syn_95.f[1].
TMR-2509 : Cut connection from U3/rData[0]_syn_95.d[0] to U3/rData[0]_syn_95.f[1].
TMR-2509 : Cut connection from U6/sum[5]_syn_3.a to U6/sum[5]_syn_3.o.
TMR-2509 : Cut connection from U7/Count_BPS_b[12]_syn_7.b to U7/Count_BPS_b[12]_syn_7.o.
TMR-2509 : Cut connection from U3/rData[0]_syn_95.fci to U3/rData[0]_syn_95.f[0].
TMR-2509 : Cut connection from U3/rData[0]_syn_95.d[0] to U3/rData[0]_syn_95.f[0].
TMR-2509 : Cut connection from U6/sum[3]_syn_3.a to U6/sum[3]_syn_3.o.
TMR-2509 : Cut connection from U3/rData[0]_syn_94.e[1] to U3/rData[0]_syn_94.fco.
TMR-2509 : Cut connection from U3/rData[0]_syn_94.d[1] to U3/rData[0]_syn_94.fco.
TMR-2509 : Cut connection from U3/rData[0]_syn_94.e[0] to U3/rData[0]_syn_94.fco.
TMR-2509 : Cut connection from U3/rData[0]_syn_94.d[1] to U3/rData[0]_syn_94.f[1].
TMR-2509 : Cut connection from U6/sum[1]_syn_3.a to U6/sum[1]_syn_3.o.
TMR-2509 : Cut connection from U3/rData[0]_syn_94.e[1] to U3/rData[0]_syn_94.fx[1].
TMR-2509 : Cut connection from U3/rData[0]_syn_94.e[0] to U3/rData[0]_syn_94.fx[1].
TMR-2509 : Cut connection from U6/sum[2]_syn_3.a to U6/sum[2]_syn_3.o.
TMR-2509 : Cut connection from U3/rData[0]_syn_94.e[0] to U3/rData[0]_syn_94.fx[0].
TMR-2509 : Cut connection from U6/sum[0]_syn_3.a to U6/sum[0]_syn_3.o.
TMR-2509 : Cut connection from U6/sum[14]_syn_3.a to U6/sum[14]_syn_3.o.
TMR-2509 : Cut connection from U6/sum[14]_syn_3.b to U6/sum[14]_syn_3.o.
TMR-2509 : Cut connection from U6/sample_count_b[0]_syn_1.a to U6/sample_count_b[0]_syn_1.o.
TMR-2509 : Cut connection from U6/sample_count_b[1]_syn_1.a to U6/sample_count_b[1]_syn_1.o.
TMR-2507 : Eliminate loop in the timing graph, delete 128 tedges.
TMR-2508 : Levelizing timing graph completed, there are 44 levels in total.
TMR-2501 : Timing graph initialized successfully.
OPT-1001 : End timing update;  0.150952s wall, 0.140625s user + 0.000000s system = 0.140625s CPU (93.2%)

OPT-1001 : 0 high-fanout net processed.
OPT-1001 : End high-fanout net optimization;  0.267917s wall, 0.234375s user + 0.046875s system = 0.281250s CPU (105.0%)

OPT-1001 : Current memory(MB): used = 168, reserve = 131, peak = 168.
OPT-1001 : End physical optimization;  0.278922s wall, 0.250000s user + 0.046875s system = 0.296875s CPU (106.4%)

PHY-3001 : Start packing ...
SYN-4007 : Packing 0 MUX to BLE ...
SYN-4008 : Packed 0 MUX and 0 SEQ to BLE.
SYN-4007 : Packing 370 LUT to BLE ...
SYN-4008 : Packed 370 LUT and 136 SEQ to BLE.
SYN-4003 : Packing 257 remaining SEQ's ...
SYN-4005 : Packed 131 SEQ with LUT/SLICE
SYN-4006 : 120 single LUT's are left
SYN-4006 : 126 single SEQ's are left
SYN-4011 : Packing model "rx_top" (AL_USER_NORMAL) with 496/696 primitive instances ...
PHY-3001 : End packing;  0.034905s wall, 0.031250s user + 0.000000s system = 0.031250s CPU (89.5%)

PHY-1001 : Populate physical database on model rx_top.
RUN-1001 : There are total 433 instances
RUN-1001 : 199 mslices, 200 lslices, 25 pads, 2 brams, 0 dsps
RUN-1001 : There are total 973 nets
RUN-1001 : 448 nets have 2 pins
RUN-1001 : 420 nets have [3 - 5] pins
RUN-1001 : 69 nets have [6 - 10] pins
RUN-1001 : 19 nets have [11 - 20] pins
RUN-1001 : 13 nets have [21 - 99] pins
RUN-1001 : 4 nets have 100+ pins
PHY-3001 : design contains 431 instances, 399 slices, 21 macros(116 instances: 68 mslices 48 lslices)
PHY-3001 : Cell area utilization is 5%
PHY-3001 : After packing: Len = 20451.2, Over = 28.5
PHY-3001 : Run with size of 2
PHY-3001 : Cell area utilization is 5%
PHY-3001 : :::0::: Try harder cell spreading with beta_ = 1.78675e-05
PHY-3002 : Step(62): len = 20029.8, overlap = 27.25
PHY-3002 : Step(63): len = 20121.1, overlap = 26.25
PHY-3002 : Step(64): len = 19964.6, overlap = 25.75
PHY-3002 : Step(65): len = 19678.1, overlap = 26.25
PHY-3002 : Step(66): len = 19668.3, overlap = 26
PHY-3002 : Step(67): len = 19616.2, overlap = 25.5
PHY-3001 : :::1::: Try harder cell spreading with beta_ = 3.5735e-05
PHY-3002 : Step(68): len = 19662, overlap = 25.75
PHY-3002 : Step(69): len = 19813.3, overlap = 26
PHY-3002 : Step(70): len = 19878.8, overlap = 26.5
PHY-3001 : :::2::: Try harder cell spreading with beta_ = 7.14701e-05
PHY-3002 : Step(71): len = 20118.8, overlap = 24
PHY-3002 : Step(72): len = 20118.8, overlap = 24
PHY-3002 : Step(73): len = 20136.4, overlap = 23.5
PHY-3001 : Legalization ...
PHY-3001 : End legalization;  0.156575s wall, 0.156250s user + 0.281250s system = 0.437500s CPU (279.4%)

PHY-3001 : Trial Legalized: Len = 29275.8
PHY-3001 : Run with size of 2
PHY-3001 : Cell area utilization is 5%
PHY-3001 : :::0::: Try harder cell spreading with beta_ = 0.00025748
PHY-3002 : Step(74): len = 25055.4, overlap = 5.5
PHY-3002 : Step(75): len = 23801, overlap = 8
PHY-3002 : Step(76): len = 22225.4, overlap = 9
PHY-3002 : Step(77): len = 21940.7, overlap = 10.25
PHY-3002 : Step(78): len = 21706.7, overlap = 11
PHY-3001 : :::1::: Try harder cell spreading with beta_ = 0.000514961
PHY-3002 : Step(79): len = 21740.8, overlap = 10.75
PHY-3002 : Step(80): len = 21748, overlap = 10.75
PHY-3001 : :::2::: Try harder cell spreading with beta_ = 0.000997083
PHY-3002 : Step(81): len = 21802.6, overlap = 10.5
PHY-3002 : Step(82): len = 21833.1, overlap = 10.5
PHY-3001 : Legalization ...
PHY-3001 : End legalization;  0.004621s wall, 0.015625s user + 0.000000s system = 0.015625s CPU (338.2%)

PHY-3001 : Legalized: Len = 25779.7, Over = 0
PHY-3001 : Spreading special nets. 4 overflows in 2952 tiles.
PHY-3001 : End spreading;  0.005549s wall, 0.000000s user + 0.000000s system = 0.000000s CPU (n/a%)

PHY-3001 : 7 instances has been re-located, deltaX = 1, deltaY = 6, maxDist = 1.
PHY-3001 : Final: Len = 25905.7, Over = 0
OPT-1001 : Start physical optimization ...
OPT-1001 : Total overflow 0.00 peak overflow 0.00
OPT-1001 : Start high-fanout net optimization ...
OPT-1001 : Update timing in global mode
PHY-1001 : Start incremental global routing, caller is place ...
RUN-1001 : Generating global routing grids ...
PHY-1001 : Generate routing nets ...
PHY-1001 : Reuse net number 57/973.
PHY-1001 : Global iterations in 16 thread ...
PHY-1002 : len = 30536, over cnt = 96(0%), over = 148, worst = 6
PHY-1002 : len = 31384, over cnt = 37(0%), over = 48, worst = 3
PHY-1002 : len = 31968, over cnt = 4(0%), over = 5, worst = 2
PHY-1002 : len = 32064, over cnt = 0(0%), over = 0, worst = 0
PHY-1001 : End global iterations;  0.101409s wall, 0.125000s user + 0.078125s system = 0.203125s CPU (200.3%)

PHY-1001 : Congestion index: top1 = 26.27, top5 = 16.30, top10 = 10.54, top15 = 7.45.
PHY-1001 : End incremental global routing;  0.168877s wall, 0.187500s user + 0.078125s system = 0.265625s CPU (157.3%)

RUN-1002 : start command "start_timer -report"
TMR-5001 WARNING: No sdc constraints found while initiating timer.
TMR-2505 : Start building timing graph for model rx_top.
TMR-2506 : Build timing graph completely. Port num: 8, tpin num: 3847, tnet num: 971, tinst num: 431, tnode num: 4859, tedge num: 6587.
TMR-2509 : Cut connection from U8/reg0_syn_53.d[0] to U8/reg0_syn_53.Q_q[0]_D.
TMR-2509 : Cut connection from U7/Count_BPS_b[12]_syn_25.d[0] to U7/Count_BPS_b[12]_syn_25.Q_q[0]_D.
TMR-2509 : Cut connection from U8/reg0_syn_51.a[1] to U8/reg0_syn_51.f[1].
TMR-2509 : Cut connection from U7/reg0_syn_83.d[0] to U7/reg0_syn_83.Q_q[0]_D.
TMR-2509 : Cut connection from U7/reg0_syn_80.d[0] to U7/reg0_syn_80.Q_q[0]_D.
TMR-2509 : Cut connection from U7/reg0_syn_72.d[0] to U7/reg0_syn_72.Q_q[0]_D.
TMR-2509 : Cut connection from U7/reg0_syn_69.d[1] to U7/reg0_syn_69.Q_q[1]_D.
TMR-2509 : Cut connection from U7/reg0_syn_76.d[1] to U7/reg0_syn_76.Q_q[1]_D.
TMR-2509 : Cut connection from U7/reg0_syn_83.d[1] to U7/reg0_syn_83.Q_q[1]_D.
TMR-2509 : Cut connection from U7/reg0_syn_76.d[0] to U7/reg0_syn_76.Q_q[0]_D.
TMR-2509 : Cut connection from U7/Count_BPS_b[12]_syn_23.d[0] to U7/Count_BPS_b[12]_syn_23.Q_q[0]_D.
TMR-2509 : Cut connection from U8/reg0_syn_47.c[1] to U8/reg0_syn_47.Q_q[0]_D.
TMR-2509 : Cut connection from U8/reg0_syn_47.c[0] to U8/reg0_syn_47.Q_q[0]_D.
TMR-2509 : Cut connection from U8/reg0_syn_49.c[0] to U8/reg0_syn_49.Q_q[0]_D.
TMR-2509 : Cut connection from U8/reg0_syn_49.c[1] to U8/reg0_syn_49.Q_q[0]_D.
TMR-2509 : Cut connection from U8/rTX_reg_syn_42.b[0] to U8/rTX_reg_syn_42.Q_q[0]_D.
TMR-2509 : Cut connection from auto_chipwatcher_0_logicbram_syn_11.dia[7] to auto_chipwatcher_0_logicbram_syn_11.Q_dia_D.
TMR-2509 : Cut connection from auto_chipwatcher_0_logicbram_syn_11.dia[6] to auto_chipwatcher_0_logicbram_syn_11.Q_dia_D.
TMR-2509 : Cut connection from auto_chipwatcher_0_logicbram_syn_11.dia[5] to auto_chipwatcher_0_logicbram_syn_11.Q_dia_D.
TMR-2509 : Cut connection from auto_chipwatcher_0_logicbram_syn_11.dia[4] to auto_chipwatcher_0_logicbram_syn_11.Q_dia_D.
TMR-2509 : Cut connection from auto_chipwatcher_0_logicbram_syn_11.dia[3] to auto_chipwatcher_0_logicbram_syn_11.Q_dia_D.
TMR-2509 : Cut connection from auto_chipwatcher_0_logicbram_syn_11.dia[2] to auto_chipwatcher_0_logicbram_syn_11.Q_dia_D.
TMR-2509 : Cut connection from auto_chipwatcher_0_logicbram_syn_11.dia[1] to auto_chipwatcher_0_logicbram_syn_11.Q_dia_D.
TMR-2509 : Cut connection from U7/Count_BPS_b[12]_syn_19.b[0] to U7/Count_BPS_b[12]_syn_19.fx[0].
TMR-2509 : Cut connection from U7/Count_BPS_b[12]_syn_19.b[1] to U7/Count_BPS_b[12]_syn_19.fx[0].
TMR-2509 : Cut connection from auto_chipwatcher_0_logicbram_syn_1.dia[0] to auto_chipwatcher_0_logicbram_syn_1.Q_dia_D.
TMR-2509 : Cut connection from U3/rData[0]_syn_94.d[1] to U3/rData[0]_syn_94.f[1].
TMR-2509 : Cut connection from U6/sum[1]_syn_13.d[1] to U6/sum[1]_syn_13.f[1].
TMR-2509 : Cut connection from U6/reg0_syn_50.a[1] to U6/reg0_syn_50.Q_q[0]_D.
TMR-2509 : Cut connection from U6/reg0_syn_50.a[0] to U6/reg0_syn_50.Q_q[0]_D.
TMR-2509 : Cut connection from U6/reg0_syn_50.b[1] to U6/reg0_syn_50.Q_q[0]_D.
TMR-2509 : Cut connection from U6/reg0_syn_50.b[0] to U6/reg0_syn_50.Q_q[0]_D.
TMR-2509 : Cut connection from U6/reg0_syn_50.c[0] to U6/reg0_syn_50.Q_q[0]_D.
TMR-2509 : Cut connection from U6/reg0_syn_50.c[1] to U6/reg0_syn_50.Q_q[0]_D.
TMR-2509 : Cut connection from U6/reg0_syn_50.mi[0] to U6/reg0_syn_50.Q_q[0]_D.
TMR-2509 : Cut connection from U3/rData[0]_syn_94.e[1] to U3/rData[0]_syn_94.fx[1].
TMR-2509 : Cut connection from U3/rData[0]_syn_94.e[0] to U3/rData[0]_syn_94.fx[1].
TMR-2509 : Cut connection from U6/sum[1]_syn_13.d[0] to U6/sum[1]_syn_13.f[0].
TMR-2509 : Cut connection from U6/reg0_syn_46.a[0] to U6/reg0_syn_46.Q_q[0]_D.
TMR-2509 : Cut connection from U6/reg0_syn_46.b[0] to U6/reg0_syn_46.Q_q[0]_D.
TMR-2509 : Cut connection from U6/reg0_syn_46.c[0] to U6/reg0_syn_46.Q_q[0]_D.
TMR-2509 : Cut connection from U6/reg0_syn_46.d[0] to U6/reg0_syn_46.Q_q[0]_D.
TMR-2509 : Cut connection from U6/reg0_syn_46.a[0] to U6/reg0_syn_46.f[0].
TMR-2509 : Cut connection from U6/reg0_syn_46.b[0] to U6/reg0_syn_46.f[0].
TMR-2509 : Cut connection from U6/reg0_syn_46.c[0] to U6/reg0_syn_46.f[0].
TMR-2509 : Cut connection from U6/reg0_syn_46.d[0] to U6/reg0_syn_46.f[0].
TMR-2509 : Cut connection from U6/reg0_syn_54.b[1] to U6/reg0_syn_54.Q_q[1]_D.
TMR-2509 : Cut connection from U3/rData[0]_syn_94.e[0] to U3/rData[0]_syn_94.fco.
TMR-2509 : Cut connection from U3/rData[0]_syn_95.d[0] to U3/rData[0]_syn_95.f[0].
TMR-2509 : Cut connection from U6/sum[3]_syn_13.d[1] to U6/sum[3]_syn_13.f[1].
TMR-2509 : Cut connection from U6/reg0_syn_46.a[1] to U6/reg0_syn_46.Q_q[1]_D.
TMR-2509 : Cut connection from U6/reg0_syn_46.b[1] to U6/reg0_syn_46.Q_q[1]_D.
TMR-2509 : Cut connection from U6/reg0_syn_46.c[1] to U6/reg0_syn_46.Q_q[1]_D.
TMR-2509 : Cut connection from U6/reg0_syn_52.a[0] to U6/reg0_syn_52.f[0].
TMR-2509 : Cut connection from U6/reg0_syn_52.e[0] to U6/reg0_syn_52.f[0].
TMR-2509 : Cut connection from U6/reg0_syn_52.b[0] to U6/reg0_syn_52.f[0].
TMR-2509 : Cut connection from U6/reg0_syn_52.c[0] to U6/reg0_syn_52.f[0].
TMR-2509 : Cut connection from U3/rData[0]_syn_95.e[0] to U3/rData[0]_syn_95.fx[0].
TMR-2509 : Cut connection from U6/sum[3]_syn_13.d[0] to U6/sum[3]_syn_13.f[0].
TMR-2509 : Cut connection from U6/reg0_syn_52.d[1] to U6/reg0_syn_52.Q_q[1]_D.
TMR-2509 : Cut connection from U6/reg0_syn_52.b[1] to U6/reg0_syn_52.Q_q[1]_D.
TMR-2509 : Cut connection from U3/rData[0]_syn_95.e[1] to U3/rData[0]_syn_95.fx[1].
TMR-2509 : Cut connection from U3/rData[0]_syn_95.d[1] to U3/rData[0]_syn_95.fx[1].
TMR-2509 : Cut connection from U6/sum[5]_syn_13.d[0] to U6/sum[5]_syn_13.f[0].
TMR-2509 : Cut connection from U6/reg0_syn_43.a[1] to U6/reg0_syn_43.Q_q[0]_D.
TMR-2509 : Cut connection from U6/reg0_syn_43.a[0] to U6/reg0_syn_43.Q_q[0]_D.
TMR-2509 : Cut connection from U6/reg0_syn_43.b[1] to U6/reg0_syn_43.Q_q[0]_D.
TMR-2509 : Cut connection from U6/reg0_syn_43.b[0] to U6/reg0_syn_43.Q_q[0]_D.
TMR-2509 : Cut connection from U6/reg0_syn_43.c[0] to U6/reg0_syn_43.Q_q[0]_D.
TMR-2509 : Cut connection from U6/reg0_syn_43.c[1] to U6/reg0_syn_43.Q_q[0]_D.
TMR-2509 : Cut connection from U6/reg0_syn_43.mi[0] to U6/reg0_syn_43.Q_q[0]_D.
TMR-2509 : Cut connection from U6/reg0_syn_43.a[1] to U6/reg0_syn_43.fx[0].
TMR-2509 : Cut connection from U6/reg0_syn_43.a[0] to U6/reg0_syn_43.fx[0].
TMR-2509 : Cut connection from U6/reg0_syn_43.b[1] to U6/reg0_syn_43.fx[0].
TMR-2509 : Cut connection from U6/reg0_syn_43.b[0] to U6/reg0_syn_43.fx[0].
TMR-2509 : Cut connection from U6/reg0_syn_43.c[0] to U6/reg0_syn_43.fx[0].
TMR-2509 : Cut connection from U6/reg0_syn_43.c[1] to U6/reg0_syn_43.fx[0].
TMR-2509 : Cut connection from U6/reg0_syn_43.mi[0] to U6/reg0_syn_43.fx[0].
TMR-2509 : Cut connection from U6/reg0_syn_56.a[0] to U6/reg0_syn_56.Q_q[0]_D.
TMR-2509 : Cut connection from U6/reg0_syn_56.b[0] to U6/reg0_syn_56.Q_q[0]_D.
TMR-2509 : Cut connection from U6/reg0_syn_56.c[0] to U6/reg0_syn_56.Q_q[0]_D.
TMR-2509 : Cut connection from U3/rData[0]_syn_95.d[1] to U3/rData[0]_syn_95.fco.
TMR-2509 : Cut connection from U3/rData[0]_syn_96.d[0] to U3/rData[0]_syn_96.f[0].
TMR-2509 : Cut connection from U6/sum[15]_syn_11.d[0] to U6/sum[15]_syn_11.f[0].
TMR-2509 : Cut connection from U6/reg0_syn_48.a[0] to U6/reg0_syn_48.f[0].
TMR-2509 : Cut connection from U6/reg0_syn_48.b[0] to U6/reg0_syn_48.f[0].
TMR-2509 : Cut connection from U6/reg0_syn_48.e[0] to U6/reg0_syn_48.f[0].
TMR-2509 : Cut connection from U6/reg0_syn_48.d[1] to U6/reg0_syn_48.Q_q[1]_D.
TMR-2509 : Cut connection from U6/reg0_syn_48.b[1] to U6/reg0_syn_48.Q_q[1]_D.
TMR-2509 : Cut connection from U6/rTX_Data_b[0]_syn_36.a[1] to U6/rTX_Data_b[0]_syn_36.fx[0].
TMR-2509 : Cut connection from U6/rTX_Data_b[0]_syn_36.a[0] to U6/rTX_Data_b[0]_syn_36.fx[0].
TMR-2509 : Cut connection from U6/rTX_Data_b[0]_syn_36.b[1] to U6/rTX_Data_b[0]_syn_36.fx[0].
TMR-2509 : Cut connection from U6/rTX_Data_b[0]_syn_36.b[0] to U6/rTX_Data_b[0]_syn_36.fx[0].
TMR-2509 : Cut connection from U6/rTX_Data_b[0]_syn_36.mi[0] to U6/rTX_Data_b[0]_syn_36.fx[0].
TMR-2509 : Cut connection from U3/rData[0]_syn_96.e[0] to U3/rData[0]_syn_96.fx[0].
TMR-2509 : Cut connection from U6/sum[14]_syn_14.d[0] to U6/sum[14]_syn_14.f[0].
TMR-2509 : Cut connection from U6/rTX_Data_b[0]_syn_42.a[1] to U6/rTX_Data_b[0]_syn_42.fx[0].
TMR-2509 : Cut connection from U6/rTX_Data_b[0]_syn_42.a[0] to U6/rTX_Data_b[0]_syn_42.fx[0].
TMR-2509 : Cut connection from U6/rTX_Data_b[0]_syn_42.b[1] to U6/rTX_Data_b[0]_syn_42.fx[0].
TMR-2509 : Cut connection from U6/rTX_Data_b[0]_syn_42.b[0] to U6/rTX_Data_b[0]_syn_42.fx[0].
TMR-2509 : Cut connection from U6/rTX_Data_b[0]_syn_42.c[0] to U6/rTX_Data_b[0]_syn_42.fx[0].
TMR-2509 : Cut connection from U6/rTX_Data_b[0]_syn_42.c[1] to U6/rTX_Data_b[0]_syn_42.fx[0].
TMR-2509 : Cut connection from U6/rTX_Data_b[0]_syn_42.d[0] to U6/rTX_Data_b[0]_syn_42.fx[0].
TMR-2509 : Cut connection from U6/rTX_Data_b[0]_syn_42.d[1] to U6/rTX_Data_b[0]_syn_42.fx[0].
TMR-2509 : Cut connection from U3/rData[0]_syn_96.e[1] to U3/rData[0]_syn_96.fx[1].
TMR-2509 : Cut connection from U3/rData[0]_syn_96.d[1] to U3/rData[0]_syn_96.fx[1].
TMR-2509 : Cut connection from U6/sum[10]_syn_11.d[1] to U6/sum[10]_syn_11.f[1].
TMR-2509 : Cut connection from U3/rData[0]_syn_96.d[1] to U3/rData[0]_syn_96.fco.
TMR-2509 : Cut connection from U3/rData[0]_syn_97.d[0] to U3/rData[0]_syn_97.f[0].
TMR-2509 : Cut connection from U6/sum[0]_syn_13.d[0] to U6/sum[0]_syn_13.f[0].
TMR-2509 : Cut connection from U6/rTX_Data_b[0]_syn_45.a[1] to U6/rTX_Data_b[0]_syn_45.f[1].
TMR-2509 : Cut connection from U6/rTX_Data_b[0]_syn_45.b[1] to U6/rTX_Data_b[0]_syn_45.f[1].
TMR-2509 : Cut connection from U6/rTX_Data_b[0]_syn_45.c[1] to U6/rTX_Data_b[0]_syn_45.f[1].
TMR-2509 : Cut connection from U6/rTX_Data_b[0]_syn_45.d[1] to U6/rTX_Data_b[0]_syn_45.f[1].
TMR-2509 : Cut connection from U6/rTX_Data_b[0]_syn_40.b[1] to U6/rTX_Data_b[0]_syn_40.fx[0].
TMR-2509 : Cut connection from U6/rTX_Data_b[0]_syn_40.b[0] to U6/rTX_Data_b[0]_syn_40.fx[0].
TMR-2509 : Cut connection from U6/rTX_Data_b[0]_syn_40.d[0] to U6/rTX_Data_b[0]_syn_40.fx[0].
TMR-2509 : Cut connection from U6/rTX_Data_b[0]_syn_40.d[1] to U6/rTX_Data_b[0]_syn_40.fx[0].
TMR-2509 : Cut connection from U3/rData[0]_syn_97.e[0] to U3/rData[0]_syn_97.fx[0].
TMR-2509 : Cut connection from U6/sum[12]_syn_11.d[1] to U6/sum[12]_syn_11.f[1].
TMR-2509 : Cut connection from U6/rTX_Data_b[0]_syn_45.a[0] to U6/rTX_Data_b[0]_syn_45.f[0].
TMR-2509 : Cut connection from U6/rTX_Data_b[0]_syn_45.b[0] to U6/rTX_Data_b[0]_syn_45.f[0].
TMR-2509 : Cut connection from U6/rTX_Data_b[0]_syn_45.c[0] to U6/rTX_Data_b[0]_syn_45.f[0].
TMR-2509 : Cut connection from U3/rData[0]_syn_97.e[1] to U3/rData[0]_syn_97.fx[1].
TMR-2509 : Cut connection from U3/rData[0]_syn_97.d[1] to U3/rData[0]_syn_97.fx[1].
TMR-2509 : Cut connection from U6/sum[14]_syn_14.d[1] to U6/sum[14]_syn_14.f[1].
TMR-2509 : Cut connection from U3/rData[0]_syn_97.d[1] to U3/rData[0]_syn_97.fco.
TMR-2509 : Cut connection from U3/rData[0]_syn_98.d[0] to U3/rData[0]_syn_98.f[0].
TMR-2509 : Cut connection from U6/sum[15]_syn_11.d[1] to U6/sum[15]_syn_11.f[1].
TMR-2509 : Cut connection from U3/rData[0]_syn_97.d[1] to U3/rData[0]_syn_97.f[1].
TMR-2509 : Cut connection from U6/sum[12]_syn_11.d[0] to U6/sum[12]_syn_11.f[0].
TMR-2509 : Cut connection from U3/rData[0]_syn_96.d[1] to U3/rData[0]_syn_96.f[1].
TMR-2509 : Cut connection from U6/sum[10]_syn_11.d[0] to U6/sum[10]_syn_11.f[0].
TMR-2509 : Cut connection from U3/rData[0]_syn_95.d[1] to U3/rData[0]_syn_95.f[1].
TMR-2509 : Cut connection from U6/sum[5]_syn_13.d[1] to U6/sum[5]_syn_13.f[1].
TMR-2509 : Cut connection from U3/rData[0]_syn_94.e[0] to U3/rData[0]_syn_94.fx[0].
TMR-2509 : Cut connection from U6/sum[0]_syn_13.d[1] to U6/sum[0]_syn_13.f[1].
TMR-2509 : Cut connection from U6/sample_count_b[0]_syn_9.d[0] to U6/sample_count_b[0]_syn_9.f[0].
TMR-2509 : Cut connection from U6/sample_count_b[1]_syn_9.d[0] to U6/sample_count_b[1]_syn_9.f[0].
TMR-2509 : Cut connection from U6/sample_count_b[1]_syn_9.d[1] to U6/sample_count_b[1]_syn_9.f[1].
TMR-2507 : Eliminate loop in the timing graph, delete 140 tedges.
TMR-2508 : Levelizing timing graph completed, there are 58 levels in total.
TMR-2501 : Timing graph initialized successfully.
OPT-1001 : End timing update;  0.231644s wall, 0.234375s user + 0.000000s system = 0.234375s CPU (101.2%)

OPT-1001 : 0 high-fanout net processed.
OPT-1001 : End high-fanout net optimization;  0.416138s wall, 0.437500s user + 0.078125s system = 0.515625s CPU (123.9%)

OPT-1001 : Current memory(MB): used = 171, reserve = 134, peak = 171.
OPT-1001 : Update timing in Manhattan mode
OPT-1001 : End timing update;  0.002052s wall, 0.000000s user + 0.000000s system = 0.000000s CPU (n/a%)

OPT-1001 : Start pin optimization...
OPT-1001 : skip pin optimization...
RUN-1001 : Generating global routing grids ...
PHY-1001 : Generate routing nets ...
PHY-1001 : Reuse net number 812/973.
PHY-1001 : Global iterations in 16 thread ...
PHY-1002 : len = 32064, over cnt = 0(0%), over = 0, worst = 0
PHY-1001 : End global iterations;  0.006140s wall, 0.000000s user + 0.000000s system = 0.000000s CPU (n/a%)

PHY-1001 : Congestion index: top1 = 26.27, top5 = 16.30, top10 = 10.54, top15 = 7.45.
OPT-1001 : Update timing in Manhattan mode
OPT-1001 : End timing update;  0.001636s wall, 0.000000s user + 0.000000s system = 0.000000s CPU (n/a%)

RUN-1001 : QoR Analysis:
OPT-0007 :   WNS 2147483647 TNS 0 NUM_FEPS 0
RUN-1001 :   No local congestion issue, and most congested 1% tile average routing util is 25.862069
RUN-1001 :   Top critical paths
OPT-1001 : End physical optimization;  0.507873s wall, 0.531250s user + 0.078125s system = 0.609375s CPU (120.0%)

RUN-1003 : finish command "place" in  3.654174s wall, 4.546875s user + 5.531250s system = 10.078125s CPU (275.8%)

RUN-1004 : used memory is 156 MB, reserved memory is 118 MB, peak memory is 172 MB
RUN-1002 : start command "export_db rx_top_place.db"
RUN-1001 : Exported /
RUN-1001 : Exported flow parameters
RUN-1001 : Exported libs
RUN-1001 : Exported entities
RUN-1001 : Exported ports
RUN-1001 : Exported pins
RUN-1001 : Exported instances
RUN-1001 : Exported nets
RUN-1001 : Exported buses
RUN-1001 : Exported models
RUN-1001 : Exported congestions
RUN-1001 : Exported violations
RUN-1001 : Exported IO constraints
RUN-1001 : Exported Inst constraints
RUN-1001 : Exported ChipWatcher
RUN-1002 : start command "route"
RUN-1001 : Open license file C:/Anlogic/TD5.6.2/license/Anlogic.lic
RUN-1001 : Print Global Property
RUN-1001 : ---------------------------------------------------------------
RUN-1001 :        Parameters        |  Settings  |  Default Values  |  Note  
RUN-1001 : ---------------------------------------------------------------
RUN-1001 :          message         |  standard  |     standard     |        
RUN-1001 :   mixed_pack_place_flow  |     on     |        on        |        
RUN-1001 :        qor_monitor       |    off     |       off        |        
RUN-1001 :        syn_ip_flow       |    off     |       off        |        
RUN-1001 :          thread          |    auto    |       auto       |        
RUN-1001 : ---------------------------------------------------------------
RUN-1001 : Print Route Property
RUN-1001 : -------------------------------------------------------
RUN-1001 :    Parameters    |  Settings  |  Default Values  |  Note  
RUN-1001 : -------------------------------------------------------
RUN-1001 :      effort      |   medium   |      medium      |        
RUN-1001 :     fix_hold     |    off     |       off        |        
RUN-1001 :    opt_timing    |   medium   |      medium      |        
RUN-1001 :   phy_sim_model  |    off     |       off        |        
RUN-1001 :     priority     |   timing   |      timing      |        
RUN-1001 :     swap_pin     |     on     |        on        |        
RUN-1001 : -------------------------------------------------------
PHY-1001 : Route runs in 16 thread(s)
RUN-1001 : There are total 433 instances
RUN-1001 : 199 mslices, 200 lslices, 25 pads, 2 brams, 0 dsps
RUN-1001 : There are total 973 nets
RUN-1001 : 448 nets have 2 pins
RUN-1001 : 420 nets have [3 - 5] pins
RUN-1001 : 69 nets have [6 - 10] pins
RUN-1001 : 19 nets have [11 - 20] pins
RUN-1001 : 13 nets have [21 - 99] pins
RUN-1001 : 4 nets have 100+ pins
RUN-1002 : start command "start_timer -report"
TMR-5001 WARNING: No sdc constraints found while initiating timer.
TMR-2505 : Start building timing graph for model rx_top.
TMR-2506 : Build timing graph completely. Port num: 8, tpin num: 3847, tnet num: 971, tinst num: 431, tnode num: 4859, tedge num: 6587.
TMR-2509 : Cut connection from U8/reg0_syn_53.d[0] to U8/reg0_syn_53.Q_q[0]_D.
TMR-2509 : Cut connection from U7/Count_BPS_b[12]_syn_25.d[0] to U7/Count_BPS_b[12]_syn_25.Q_q[0]_D.
TMR-2509 : Cut connection from U8/reg0_syn_51.a[1] to U8/reg0_syn_51.f[1].
TMR-2509 : Cut connection from U7/reg0_syn_83.d[0] to U7/reg0_syn_83.Q_q[0]_D.
TMR-2509 : Cut connection from U7/reg0_syn_80.d[0] to U7/reg0_syn_80.Q_q[0]_D.
TMR-2509 : Cut connection from U7/reg0_syn_72.d[0] to U7/reg0_syn_72.Q_q[0]_D.
TMR-2509 : Cut connection from U7/reg0_syn_69.d[1] to U7/reg0_syn_69.Q_q[1]_D.
TMR-2509 : Cut connection from U7/reg0_syn_76.d[1] to U7/reg0_syn_76.Q_q[1]_D.
TMR-2509 : Cut connection from U7/reg0_syn_83.d[1] to U7/reg0_syn_83.Q_q[1]_D.
TMR-2509 : Cut connection from U7/reg0_syn_76.d[0] to U7/reg0_syn_76.Q_q[0]_D.
TMR-2509 : Cut connection from U7/Count_BPS_b[12]_syn_23.d[0] to U7/Count_BPS_b[12]_syn_23.Q_q[0]_D.
TMR-2509 : Cut connection from U8/reg0_syn_47.c[1] to U8/reg0_syn_47.Q_q[0]_D.
TMR-2509 : Cut connection from U8/reg0_syn_47.c[0] to U8/reg0_syn_47.Q_q[0]_D.
TMR-2509 : Cut connection from U8/reg0_syn_49.c[0] to U8/reg0_syn_49.Q_q[0]_D.
TMR-2509 : Cut connection from U8/reg0_syn_49.c[1] to U8/reg0_syn_49.Q_q[0]_D.
TMR-2509 : Cut connection from U8/rTX_reg_syn_42.b[0] to U8/rTX_reg_syn_42.Q_q[0]_D.
TMR-2509 : Cut connection from auto_chipwatcher_0_logicbram_syn_11.dia[7] to auto_chipwatcher_0_logicbram_syn_11.Q_dia_D.
TMR-2509 : Cut connection from auto_chipwatcher_0_logicbram_syn_11.dia[6] to auto_chipwatcher_0_logicbram_syn_11.Q_dia_D.
TMR-2509 : Cut connection from auto_chipwatcher_0_logicbram_syn_11.dia[5] to auto_chipwatcher_0_logicbram_syn_11.Q_dia_D.
TMR-2509 : Cut connection from auto_chipwatcher_0_logicbram_syn_11.dia[4] to auto_chipwatcher_0_logicbram_syn_11.Q_dia_D.
TMR-2509 : Cut connection from auto_chipwatcher_0_logicbram_syn_11.dia[3] to auto_chipwatcher_0_logicbram_syn_11.Q_dia_D.
TMR-2509 : Cut connection from auto_chipwatcher_0_logicbram_syn_11.dia[2] to auto_chipwatcher_0_logicbram_syn_11.Q_dia_D.
TMR-2509 : Cut connection from auto_chipwatcher_0_logicbram_syn_11.dia[1] to auto_chipwatcher_0_logicbram_syn_11.Q_dia_D.
TMR-2509 : Cut connection from U7/Count_BPS_b[12]_syn_19.b[0] to U7/Count_BPS_b[12]_syn_19.fx[0].
TMR-2509 : Cut connection from U7/Count_BPS_b[12]_syn_19.b[1] to U7/Count_BPS_b[12]_syn_19.fx[0].
TMR-2509 : Cut connection from auto_chipwatcher_0_logicbram_syn_1.dia[0] to auto_chipwatcher_0_logicbram_syn_1.Q_dia_D.
TMR-2509 : Cut connection from U3/rData[0]_syn_94.d[1] to U3/rData[0]_syn_94.f[1].
TMR-2509 : Cut connection from U6/sum[1]_syn_13.d[1] to U6/sum[1]_syn_13.f[1].
TMR-2509 : Cut connection from U6/reg0_syn_50.a[1] to U6/reg0_syn_50.Q_q[0]_D.
TMR-2509 : Cut connection from U6/reg0_syn_50.a[0] to U6/reg0_syn_50.Q_q[0]_D.
TMR-2509 : Cut connection from U6/reg0_syn_50.b[1] to U6/reg0_syn_50.Q_q[0]_D.
TMR-2509 : Cut connection from U6/reg0_syn_50.b[0] to U6/reg0_syn_50.Q_q[0]_D.
TMR-2509 : Cut connection from U6/reg0_syn_50.c[0] to U6/reg0_syn_50.Q_q[0]_D.
TMR-2509 : Cut connection from U6/reg0_syn_50.c[1] to U6/reg0_syn_50.Q_q[0]_D.
TMR-2509 : Cut connection from U6/reg0_syn_50.mi[0] to U6/reg0_syn_50.Q_q[0]_D.
TMR-2509 : Cut connection from U3/rData[0]_syn_94.e[1] to U3/rData[0]_syn_94.fx[1].
TMR-2509 : Cut connection from U3/rData[0]_syn_94.e[0] to U3/rData[0]_syn_94.fx[1].
TMR-2509 : Cut connection from U6/sum[1]_syn_13.d[0] to U6/sum[1]_syn_13.f[0].
TMR-2509 : Cut connection from U6/reg0_syn_46.a[0] to U6/reg0_syn_46.Q_q[0]_D.
TMR-2509 : Cut connection from U6/reg0_syn_46.b[0] to U6/reg0_syn_46.Q_q[0]_D.
TMR-2509 : Cut connection from U6/reg0_syn_46.c[0] to U6/reg0_syn_46.Q_q[0]_D.
TMR-2509 : Cut connection from U6/reg0_syn_46.d[0] to U6/reg0_syn_46.Q_q[0]_D.
TMR-2509 : Cut connection from U6/reg0_syn_46.a[0] to U6/reg0_syn_46.f[0].
TMR-2509 : Cut connection from U6/reg0_syn_46.b[0] to U6/reg0_syn_46.f[0].
TMR-2509 : Cut connection from U6/reg0_syn_46.c[0] to U6/reg0_syn_46.f[0].
TMR-2509 : Cut connection from U6/reg0_syn_46.d[0] to U6/reg0_syn_46.f[0].
TMR-2509 : Cut connection from U6/reg0_syn_54.b[1] to U6/reg0_syn_54.Q_q[1]_D.
TMR-2509 : Cut connection from U3/rData[0]_syn_94.e[0] to U3/rData[0]_syn_94.fco.
TMR-2509 : Cut connection from U3/rData[0]_syn_95.d[0] to U3/rData[0]_syn_95.f[0].
TMR-2509 : Cut connection from U6/sum[3]_syn_13.d[1] to U6/sum[3]_syn_13.f[1].
TMR-2509 : Cut connection from U6/reg0_syn_46.a[1] to U6/reg0_syn_46.Q_q[1]_D.
TMR-2509 : Cut connection from U6/reg0_syn_46.b[1] to U6/reg0_syn_46.Q_q[1]_D.
TMR-2509 : Cut connection from U6/reg0_syn_46.c[1] to U6/reg0_syn_46.Q_q[1]_D.
TMR-2509 : Cut connection from U6/reg0_syn_52.a[0] to U6/reg0_syn_52.f[0].
TMR-2509 : Cut connection from U6/reg0_syn_52.e[0] to U6/reg0_syn_52.f[0].
TMR-2509 : Cut connection from U6/reg0_syn_52.b[0] to U6/reg0_syn_52.f[0].
TMR-2509 : Cut connection from U6/reg0_syn_52.c[0] to U6/reg0_syn_52.f[0].
TMR-2509 : Cut connection from U3/rData[0]_syn_95.e[0] to U3/rData[0]_syn_95.fx[0].
TMR-2509 : Cut connection from U6/sum[3]_syn_13.d[0] to U6/sum[3]_syn_13.f[0].
TMR-2509 : Cut connection from U6/reg0_syn_52.d[1] to U6/reg0_syn_52.Q_q[1]_D.
TMR-2509 : Cut connection from U6/reg0_syn_52.b[1] to U6/reg0_syn_52.Q_q[1]_D.
TMR-2509 : Cut connection from U3/rData[0]_syn_95.e[1] to U3/rData[0]_syn_95.fx[1].
TMR-2509 : Cut connection from U3/rData[0]_syn_95.d[1] to U3/rData[0]_syn_95.fx[1].
TMR-2509 : Cut connection from U6/sum[5]_syn_13.d[0] to U6/sum[5]_syn_13.f[0].
TMR-2509 : Cut connection from U6/reg0_syn_43.a[1] to U6/reg0_syn_43.Q_q[0]_D.
TMR-2509 : Cut connection from U6/reg0_syn_43.a[0] to U6/reg0_syn_43.Q_q[0]_D.
TMR-2509 : Cut connection from U6/reg0_syn_43.b[1] to U6/reg0_syn_43.Q_q[0]_D.
TMR-2509 : Cut connection from U6/reg0_syn_43.b[0] to U6/reg0_syn_43.Q_q[0]_D.
TMR-2509 : Cut connection from U6/reg0_syn_43.c[0] to U6/reg0_syn_43.Q_q[0]_D.
TMR-2509 : Cut connection from U6/reg0_syn_43.c[1] to U6/reg0_syn_43.Q_q[0]_D.
TMR-2509 : Cut connection from U6/reg0_syn_43.mi[0] to U6/reg0_syn_43.Q_q[0]_D.
TMR-2509 : Cut connection from U6/reg0_syn_43.a[1] to U6/reg0_syn_43.fx[0].
TMR-2509 : Cut connection from U6/reg0_syn_43.a[0] to U6/reg0_syn_43.fx[0].
TMR-2509 : Cut connection from U6/reg0_syn_43.b[1] to U6/reg0_syn_43.fx[0].
TMR-2509 : Cut connection from U6/reg0_syn_43.b[0] to U6/reg0_syn_43.fx[0].
TMR-2509 : Cut connection from U6/reg0_syn_43.c[0] to U6/reg0_syn_43.fx[0].
TMR-2509 : Cut connection from U6/reg0_syn_43.c[1] to U6/reg0_syn_43.fx[0].
TMR-2509 : Cut connection from U6/reg0_syn_43.mi[0] to U6/reg0_syn_43.fx[0].
TMR-2509 : Cut connection from U6/reg0_syn_56.a[0] to U6/reg0_syn_56.Q_q[0]_D.
TMR-2509 : Cut connection from U6/reg0_syn_56.b[0] to U6/reg0_syn_56.Q_q[0]_D.
TMR-2509 : Cut connection from U6/reg0_syn_56.c[0] to U6/reg0_syn_56.Q_q[0]_D.
TMR-2509 : Cut connection from U3/rData[0]_syn_95.d[1] to U3/rData[0]_syn_95.fco.
TMR-2509 : Cut connection from U3/rData[0]_syn_96.d[0] to U3/rData[0]_syn_96.f[0].
TMR-2509 : Cut connection from U6/sum[15]_syn_11.d[0] to U6/sum[15]_syn_11.f[0].
TMR-2509 : Cut connection from U6/reg0_syn_48.a[0] to U6/reg0_syn_48.f[0].
TMR-2509 : Cut connection from U6/reg0_syn_48.b[0] to U6/reg0_syn_48.f[0].
TMR-2509 : Cut connection from U6/reg0_syn_48.e[0] to U6/reg0_syn_48.f[0].
TMR-2509 : Cut connection from U6/reg0_syn_48.d[1] to U6/reg0_syn_48.Q_q[1]_D.
TMR-2509 : Cut connection from U6/reg0_syn_48.b[1] to U6/reg0_syn_48.Q_q[1]_D.
TMR-2509 : Cut connection from U6/rTX_Data_b[0]_syn_36.a[1] to U6/rTX_Data_b[0]_syn_36.fx[0].
TMR-2509 : Cut connection from U6/rTX_Data_b[0]_syn_36.a[0] to U6/rTX_Data_b[0]_syn_36.fx[0].
TMR-2509 : Cut connection from U6/rTX_Data_b[0]_syn_36.b[1] to U6/rTX_Data_b[0]_syn_36.fx[0].
TMR-2509 : Cut connection from U6/rTX_Data_b[0]_syn_36.b[0] to U6/rTX_Data_b[0]_syn_36.fx[0].
TMR-2509 : Cut connection from U6/rTX_Data_b[0]_syn_36.mi[0] to U6/rTX_Data_b[0]_syn_36.fx[0].
TMR-2509 : Cut connection from U3/rData[0]_syn_96.e[0] to U3/rData[0]_syn_96.fx[0].
TMR-2509 : Cut connection from U6/sum[14]_syn_14.d[0] to U6/sum[14]_syn_14.f[0].
TMR-2509 : Cut connection from U6/rTX_Data_b[0]_syn_42.a[1] to U6/rTX_Data_b[0]_syn_42.fx[0].
TMR-2509 : Cut connection from U6/rTX_Data_b[0]_syn_42.a[0] to U6/rTX_Data_b[0]_syn_42.fx[0].
TMR-2509 : Cut connection from U6/rTX_Data_b[0]_syn_42.b[1] to U6/rTX_Data_b[0]_syn_42.fx[0].
TMR-2509 : Cut connection from U6/rTX_Data_b[0]_syn_42.b[0] to U6/rTX_Data_b[0]_syn_42.fx[0].
TMR-2509 : Cut connection from U6/rTX_Data_b[0]_syn_42.c[0] to U6/rTX_Data_b[0]_syn_42.fx[0].
TMR-2509 : Cut connection from U6/rTX_Data_b[0]_syn_42.c[1] to U6/rTX_Data_b[0]_syn_42.fx[0].
TMR-2509 : Cut connection from U6/rTX_Data_b[0]_syn_42.d[0] to U6/rTX_Data_b[0]_syn_42.fx[0].
TMR-2509 : Cut connection from U6/rTX_Data_b[0]_syn_42.d[1] to U6/rTX_Data_b[0]_syn_42.fx[0].
TMR-2509 : Cut connection from U3/rData[0]_syn_96.e[1] to U3/rData[0]_syn_96.fx[1].
TMR-2509 : Cut connection from U3/rData[0]_syn_96.d[1] to U3/rData[0]_syn_96.fx[1].
TMR-2509 : Cut connection from U6/sum[10]_syn_11.d[1] to U6/sum[10]_syn_11.f[1].
TMR-2509 : Cut connection from U3/rData[0]_syn_96.d[1] to U3/rData[0]_syn_96.fco.
TMR-2509 : Cut connection from U3/rData[0]_syn_97.d[0] to U3/rData[0]_syn_97.f[0].
TMR-2509 : Cut connection from U6/sum[0]_syn_13.d[0] to U6/sum[0]_syn_13.f[0].
TMR-2509 : Cut connection from U6/rTX_Data_b[0]_syn_45.a[1] to U6/rTX_Data_b[0]_syn_45.f[1].
TMR-2509 : Cut connection from U6/rTX_Data_b[0]_syn_45.b[1] to U6/rTX_Data_b[0]_syn_45.f[1].
TMR-2509 : Cut connection from U6/rTX_Data_b[0]_syn_45.c[1] to U6/rTX_Data_b[0]_syn_45.f[1].
TMR-2509 : Cut connection from U6/rTX_Data_b[0]_syn_45.d[1] to U6/rTX_Data_b[0]_syn_45.f[1].
TMR-2509 : Cut connection from U6/rTX_Data_b[0]_syn_40.b[1] to U6/rTX_Data_b[0]_syn_40.fx[0].
TMR-2509 : Cut connection from U6/rTX_Data_b[0]_syn_40.b[0] to U6/rTX_Data_b[0]_syn_40.fx[0].
TMR-2509 : Cut connection from U6/rTX_Data_b[0]_syn_40.d[0] to U6/rTX_Data_b[0]_syn_40.fx[0].
TMR-2509 : Cut connection from U6/rTX_Data_b[0]_syn_40.d[1] to U6/rTX_Data_b[0]_syn_40.fx[0].
TMR-2509 : Cut connection from U3/rData[0]_syn_97.e[0] to U3/rData[0]_syn_97.fx[0].
TMR-2509 : Cut connection from U6/sum[12]_syn_11.d[1] to U6/sum[12]_syn_11.f[1].
TMR-2509 : Cut connection from U6/rTX_Data_b[0]_syn_45.a[0] to U6/rTX_Data_b[0]_syn_45.f[0].
TMR-2509 : Cut connection from U6/rTX_Data_b[0]_syn_45.b[0] to U6/rTX_Data_b[0]_syn_45.f[0].
TMR-2509 : Cut connection from U6/rTX_Data_b[0]_syn_45.c[0] to U6/rTX_Data_b[0]_syn_45.f[0].
TMR-2509 : Cut connection from U3/rData[0]_syn_97.e[1] to U3/rData[0]_syn_97.fx[1].
TMR-2509 : Cut connection from U3/rData[0]_syn_97.d[1] to U3/rData[0]_syn_97.fx[1].
TMR-2509 : Cut connection from U6/sum[14]_syn_14.d[1] to U6/sum[14]_syn_14.f[1].
TMR-2509 : Cut connection from U3/rData[0]_syn_97.d[1] to U3/rData[0]_syn_97.fco.
TMR-2509 : Cut connection from U3/rData[0]_syn_98.d[0] to U3/rData[0]_syn_98.f[0].
TMR-2509 : Cut connection from U6/sum[15]_syn_11.d[1] to U6/sum[15]_syn_11.f[1].
TMR-2509 : Cut connection from U3/rData[0]_syn_97.d[1] to U3/rData[0]_syn_97.f[1].
TMR-2509 : Cut connection from U6/sum[12]_syn_11.d[0] to U6/sum[12]_syn_11.f[0].
TMR-2509 : Cut connection from U3/rData[0]_syn_96.d[1] to U3/rData[0]_syn_96.f[1].
TMR-2509 : Cut connection from U6/sum[10]_syn_11.d[0] to U6/sum[10]_syn_11.f[0].
TMR-2509 : Cut connection from U3/rData[0]_syn_95.d[1] to U3/rData[0]_syn_95.f[1].
TMR-2509 : Cut connection from U6/sum[5]_syn_13.d[1] to U6/sum[5]_syn_13.f[1].
TMR-2509 : Cut connection from U3/rData[0]_syn_94.e[0] to U3/rData[0]_syn_94.fx[0].
TMR-2509 : Cut connection from U6/sum[0]_syn_13.d[1] to U6/sum[0]_syn_13.f[1].
TMR-2509 : Cut connection from TX_Data_Valid_syn_7.clki to TX_Data_Valid_syn_7.clko.
TMR-2509 : Cut connection from U6/sample_count_b[1]_syn_9.d[0] to U6/sample_count_b[1]_syn_9.f[0].
TMR-2509 : Cut connection from U6/sample_count_b[1]_syn_9.c[0] to U6/sample_count_b[1]_syn_9.f[0].
TMR-2509 : Cut connection from U6/sample_count_b[1]_syn_9.d[1] to U6/sample_count_b[1]_syn_9.f[1].
TMR-2509 : Cut connection from U6/sample_count_b[1]_syn_9.c[1] to U6/sample_count_b[1]_syn_9.f[1].
TMR-2509 : Cut connection from U6/sample_count_b[0]_syn_9.d[0] to U6/sample_count_b[0]_syn_9.f[0].
TMR-2507 : Eliminate loop in the timing graph, delete 143 tedges.
TMR-2508 : Levelizing timing graph completed, there are 58 levels in total.
TMR-2501 : Timing graph initialized successfully.
PHY-1001 : 199 mslices, 200 lslices, 25 pads, 2 brams, 0 dsps
TMR-2503 : Start to update net delay, extr mode = 3.
TMR-2504 : Update delay of 971 nets completely.
TMR-2502 : Annotate delay completely, extr mode = 3.
TMR-3002 : No user constraint, initiate default constraint.
TMR-1501 : Assign derive clock DeriveClock to 502 clock pins, and constraint 1012 relative nodes.
TMR-3003 : Constraints initiated successfully.
TMR-3501 : Forward propagation: start to calculate arrival time...
TMR-3502 : Backward propagation: start to calculate required time...
TMR-3503 : Timing propagation completes.
PHY-1001 : Start global routing, caller is route ...
RUN-1001 : Generating global routing grids ...
PHY-1001 : Generate routing nets ...
PHY-1001 : Global iterations in 16 thread ...
PHY-1002 : len = 30328, over cnt = 98(0%), over = 140, worst = 4
PHY-1002 : len = 30960, over cnt = 44(0%), over = 56, worst = 3
PHY-1002 : len = 31656, over cnt = 1(0%), over = 1, worst = 1
PHY-1002 : len = 31688, over cnt = 0(0%), over = 0, worst = 0
PHY-1001 : End global iterations;  0.108328s wall, 0.093750s user + 0.015625s system = 0.109375s CPU (101.0%)

PHY-1001 : Congestion index: top1 = 26.40, top5 = 16.15, top10 = 10.40, top15 = 7.28.
PHY-1001 : End global routing;  0.170799s wall, 0.156250s user + 0.015625s system = 0.171875s CPU (100.6%)

PHY-1001 : Start detail routing ...
PHY-1001 : Current memory(MB): used = 200, reserve = 163, peak = 212.
PHY-1001 : Detailed router is running in normal mode.
PHY-1001 : Generate detailed routing grids ...
PHY-1001 : Processed IO instance DigitronCS_Out[3]_syn_2 with INV attribute.
PHY-1001 : Processed IO instance DigitronCS_Out[2]_syn_2 with INV attribute.
PHY-1001 : Processed IO instance DigitronCS_Out[1]_syn_2 with INV attribute.
PHY-1001 : Processed IO instance DigitronCS_Out[0]_syn_2 with INV attribute.
PHY-1001 : Generate nets ...
PHY-1001 : net CLK_dup_1 will be routed on clock mesh
PHY-1001 : clock net CLK_500K_syn_8 will be merged with clock CLK_500K
PHY-1001 : clock net TX_Data_Valid_syn_8 will be merged with clock TX_Data_Valid
PHY-1001 : clock net U5/SingleNum_n_syn_3 will be merged with clock U5/SingleNum_n
PHY-1001 : clock net config_inst_syn_10 will be merged with clock config_inst_syn_9
PHY-1001 : Current memory(MB): used = 464, reserve = 433, peak = 464.
PHY-1001 : End build detailed router design. 3.522468s wall, 3.437500s user + 0.046875s system = 3.484375s CPU (98.9%)

PHY-1001 : Detail Route ...
PHY-1001 : ===== Detail Route Phase 1 =====
PHY-1001 : Clock net routing.....
PHY-1001 : Routed 0% nets.
PHY-1022 : len = 26288, over cnt = 0(0%), over = 0, worst = 0, crit = 0
PHY-1001 : End initial clock net routed; 1.949299s wall, 1.937500s user + 0.015625s system = 1.953125s CPU (100.2%)

PHY-1001 : Current memory(MB): used = 496, reserve = 467, peak = 496.
PHY-1001 : End phase 1; 1.954428s wall, 1.937500s user + 0.015625s system = 1.953125s CPU (99.9%)

PHY-1001 : ===== Detail Route Phase 2 =====
PHY-1001 : Initial routing.....
PHY-1001 : Routed 30% nets.
PHY-1001 : Routed 37% nets.
PHY-1001 : Routed 47% nets.
PHY-1001 : Routed 62% nets.
PHY-1001 : Routed 87% nets.
PHY-1022 : len = 121104, over cnt = 14(0%), over = 14, worst = 1, crit = 0
PHY-1001 : Current memory(MB): used = 496, reserve = 467, peak = 496.
PHY-1001 : End initial routed; 1.041058s wall, 1.359375s user + 0.109375s system = 1.468750s CPU (141.1%)

PHY-1001 : Current memory(MB): used = 496, reserve = 467, peak = 496.
PHY-1001 : End phase 2; 1.041161s wall, 1.359375s user + 0.109375s system = 1.468750s CPU (141.1%)

PHY-1001 : ===== Detail Route Phase 3 =====
PHY-1001 : Ripup-reroute.....
PHY-1001 : ===== DR Iter 1 =====
PHY-1022 : len = 121088, over cnt = 5(0%), over = 5, worst = 1, crit = 0
PHY-1001 : End DR Iter 1; 0.017902s wall, 0.015625s user + 0.000000s system = 0.015625s CPU (87.3%)

PHY-1001 : ===== DR Iter 2 =====
PHY-1022 : len = 120912, over cnt = 0(0%), over = 0, worst = 0, crit = 0
PHY-1001 : End DR Iter 2; 0.039953s wall, 0.046875s user + 0.031250s system = 0.078125s CPU (195.5%)

PHY-1001 : Commit to database.....
PHY-1001 : 4 feed throughs used by 4 nets
PHY-1001 : End commit to database; 0.172024s wall, 0.171875s user + 0.000000s system = 0.171875s CPU (99.9%)

PHY-1001 : Current memory(MB): used = 507, reserve = 476, peak = 507.
PHY-1001 : End phase 3; 0.340282s wall, 0.343750s user + 0.031250s system = 0.375000s CPU (110.2%)

PHY-1003 : Routed, final wirelength = 120912
PHY-1001 : Current memory(MB): used = 508, reserve = 476, peak = 508.
PHY-1001 : End export database. 0.011625s wall, 0.015625s user + 0.000000s system = 0.015625s CPU (134.4%)

PHY-1001 : End detail routing;  7.078616s wall, 7.281250s user + 0.218750s system = 7.500000s CPU (106.0%)

RUN-1003 : finish command "route" in  7.512913s wall, 7.703125s user + 0.234375s system = 7.937500s CPU (105.7%)

RUN-1004 : used memory is 445 MB, reserved memory is 413 MB, peak memory is 508 MB
RUN-1002 : start command "report_area -io_info -file rx_top_phy.area"
RUN-1001 : standard
***Report Model: rx_top Device: EG4S20BG256***

IO Statistics
#IO                        25
  #input                    4
  #output                  21
  #inout                    0

Utilization Statistics
#lut                      635   out of  19600    3.24%
#reg                      399   out of  19600    2.04%
#le                       760
  #lut only               361   out of    760   47.50%
  #reg only               125   out of    760   16.45%
  #lut&reg                274   out of    760   36.05%
#dsp                        0   out of     29    0.00%
#bram                       2   out of     64    3.12%
  #bram9k                   2
  #fifo9k                   0
#bram32k                    0   out of     16    0.00%
#pad                       25   out of    188   13.30%
  #ireg                     1
  #oreg                    13
  #treg                     0
#pll                        0   out of      4    0.00%
#gclk                       4   out of     16   25.00%

Clock Resource Statistics
Index     ClockNet             Type               DriverType         Driver                           Fanout
#1        config_inst_syn_9    GCLK               config             config_inst.jtck                 113
#2        CLK_500K             GCLK               mslice             cnt2_b[4]_syn_19.q0              110
#3        CLK_dup_1            GCLK               io                 CLK_syn_2.di                     18
#4        TX_Data_Valid        GCLK               mslice             U6/sample_count_b[1]_syn_9.f0    7
#5        U5/SingleNum_n       GCLK               lslice             U5/SingleNum_n_syn_7.f0          7


Detailed IO Report

        Name           Direction    Location    IOStandard    DriveStrength    PullType    PackReg  
         CLK             INPUT         R7        LVCMOS33          N/A          PULLUP      NONE    
        RSTn             INPUT         A9        LVCMOS33          N/A          PULLUP      NONE    
      RX_En_Sig          INPUT        A10        LVCMOS33          N/A          PULLUP      NONE    
      RX_Pin_In          INPUT        F12        LVCMOS33          N/A          PULLUP      IREG    
  DigitronCS_Out[3]     OUTPUT         A3        LVCMOS33           8            NONE       OREG    
  DigitronCS_Out[2]     OUTPUT         A5        LVCMOS33           8            NONE       OREG    
  DigitronCS_Out[1]     OUTPUT         B6        LVCMOS33           8            NONE       OREG    
  DigitronCS_Out[0]     OUTPUT         C9        LVCMOS33           8            NONE       OREG    
   Digitron_Out[7]      OUTPUT         C8        LVCMOS33           8            NONE       NONE    
   Digitron_Out[6]      OUTPUT         A8        LVCMOS33           8            NONE       NONE    
   Digitron_Out[5]      OUTPUT         B5        LVCMOS33           8            NONE       NONE    
   Digitron_Out[4]      OUTPUT         A7        LVCMOS33           8            NONE       NONE    
   Digitron_Out[3]      OUTPUT         E8        LVCMOS33           8            NONE       NONE    
   Digitron_Out[2]      OUTPUT         B8        LVCMOS33           8            NONE       NONE    
   Digitron_Out[1]      OUTPUT         A6        LVCMOS33           8            NONE       NONE    
   Digitron_Out[0]      OUTPUT         A4        LVCMOS33           8            NONE       NONE    
     LED_Out[7]         OUTPUT        F16        LVCMOS33           8            NONE       OREG    
     LED_Out[6]         OUTPUT        E16        LVCMOS33           8            NONE       OREG    
     LED_Out[5]         OUTPUT        E13        LVCMOS33           8            NONE       OREG    
     LED_Out[4]         OUTPUT        C16        LVCMOS33           8            NONE       OREG    
     LED_Out[3]         OUTPUT        C15        LVCMOS33           8            NONE       OREG    
     LED_Out[2]         OUTPUT        B16        LVCMOS33           8            NONE       OREG    
     LED_Out[1]         OUTPUT        B15        LVCMOS33           8            NONE       OREG    
     LED_Out[0]         OUTPUT        B14        LVCMOS33           8            NONE       OREG    
     TX_Pin_Out         OUTPUT        D12        LVCMOS33           8            NONE       OREG    

Report Hierarchy Area:
+--------------------------------------------------------------------------------------------------------------+
|Instance                            |Module              |le     |lut     |ripple  |seq     |bram    |dsp     |
+--------------------------------------------------------------------------------------------------------------+
|top                                 |rx_top              |760    |519     |116     |413     |2       |0       |
|  U1                                |detect_module       |1      |1       |0       |1       |0       |0       |
|  U2                                |rx_bps_module       |27     |23      |4       |13      |0       |0       |
|  U3                                |rx_control_module   |42     |37      |5       |14      |0       |0       |
|  U5                                |Digitron_NumDisplay |110    |90      |18      |22      |0       |0       |
|  U6                                |calculate_rx        |40     |40      |0       |8       |0       |0       |
|  U7                                |tx_bitrate          |27     |23      |4       |13      |0       |0       |
|  U8                                |uart_tx             |18     |18      |0       |6       |0       |0       |
|  cw_top                            |CW_TOP_WRAPPER      |465    |267     |75      |310     |0       |0       |
|    wrapper_cwc_top                 |cwc_top             |465    |267     |75      |310     |0       |0       |
|      cfg_int_inst                  |cwc_cfg_int         |198    |89      |0       |195     |0       |0       |
|        reg_inst                    |register            |197    |88      |0       |194     |0       |0       |
|        tap_inst                    |tap                 |1      |1       |0       |1       |0       |0       |
|      trigger_inst                  |trigger             |267    |178     |75      |115     |0       |0       |
|        bus_inst                    |bus_top             |43     |32      |10      |27      |0       |0       |
|          BUS_DETECTOR[0]$bus_nodes |bus_det             |1      |1       |0       |1       |0       |0       |
|          BUS_DETECTOR[1]$bus_nodes |bus_det             |4      |4       |0       |4       |0       |0       |
|          BUS_DETECTOR[2]$bus_nodes |bus_det             |2      |2       |0       |2       |0       |0       |
|          BUS_DETECTOR[3]$bus_nodes |bus_det             |2      |2       |0       |2       |0       |0       |
|          BUS_DETECTOR[4]$bus_nodes |bus_det             |2      |2       |0       |2       |0       |0       |
|          BUS_DETECTOR[6]$bus_nodes |bus_det             |2      |2       |0       |2       |0       |0       |
|          BUS_DETECTOR[7]$bus_nodes |bus_det             |25     |15      |10      |9       |0       |0       |
|          BUS_DETECTOR[8]$bus_nodes |bus_det             |2      |2       |0       |2       |0       |0       |
|          BUS_DETECTOR[9]$bus_nodes |bus_det             |3      |2       |0       |3       |0       |0       |
|        emb_ctrl_inst               |emb_ctrl            |130    |97      |33      |55      |0       |0       |
+--------------------------------------------------------------------------------------------------------------+


DataNet Average Fanout:

   Index     Fanout     Nets  
    #1          1       423   
    #2          2       323   
    #3          3        66   
    #4          4        31   
    #5        5-10       68   
    #6        11-50      26   
    #7       51-100      3    
    #8       101-500     1    
  Average     2.76            

RUN-1002 : start command "export_db rx_top_pr.db"
RUN-1001 : Exported /
RUN-1001 : Exported flow parameters
RUN-1001 : Exported libs
RUN-1001 : Exported entities
RUN-1001 : Exported ports
RUN-1001 : Exported pins
RUN-1001 : Exported instances
RUN-1001 : Exported nets
RUN-1001 : Exported buses
RUN-1001 : Exported models
RUN-1001 : Exported congestions
RUN-1001 : Exported violations
RUN-1001 : Exported IO constraints
RUN-1001 : Exported Inst constraints
RUN-1001 : Exported ChipWatcher
RUN-1002 : start command "export_bid rx_top_inst.bid"
PRG-1000 : <!-- HMAC is: d8d3caeb4b29dd27e8fbd25bc60fdb4be0d9739829ea5a73e4c0e25e604f1385 -->
RUN-1002 : start command "bitgen -bit rx_top.bit -unused_io_status pulldown"
BIT-1003 : Start to generate bitstream. 
BIT-1002 : Bitgen processed 163 unused pads, reserve input tri_state with pulldown
BIT-1002 : Init instances with 16 threads.
BIT-1002 : Init instances completely, inst num: 594
BIT-1002 : Init pips with 16 threads.
BIT-1002 : Init pips completely, net num: 973, pip num: 8640
BIT-1002 : Init feedthrough completely, num: 4
BIT-1003 : Multithreading accelaration with 16 threads.
BIT-1003 : Generate bitstream completely, there are 1205 valid insts, and 24649 bits set as '1'.
BIT-1004 : the usercode register value: 00000000100010100001011111011100
BIT-1004 : PLL setting string = 0000
BIT-1004 : Generate bits file rx_top.bit.
RUN-1003 : finish command "bitgen -bit rx_top.bit -unused_io_status pulldown" in  1.789707s wall, 12.546875s user + 0.250000s system = 12.796875s CPU (715.0%)

RUN-1004 : used memory is 451 MB, reserved memory is 426 MB, peak memory is 643 MB
RUN-1002 : start command "backup_run_log run.log ../.logs/phy_1/td_20240827_215326.log"
