============================================================
   Tang Dynasty, V5.6.71036
      Copyright (c) 2012-2023 Anlogic Inc.
   Executable = C:/Anlogic/TD5.6.2/bin/td.exe
   Built at =   20:34:38 Mar 21 2023
   Run by =     Lenovo
   Run Date =   Tue Aug 27 22:53:55 2024

   Run on =     LAPTOP-QRG7LJL6
============================================================
RUN-1002 : start command "open_project rx_top.prj"
RUN-1001 : Print Global Property
RUN-1001 : ---------------------------------------------------------------
RUN-1001 :        Parameters        |  Settings  |  Default Values  |  Note  
RUN-1001 : ---------------------------------------------------------------
RUN-1001 :          message         |  standard  |     standard     |        
RUN-1001 :   mixed_pack_place_flow  |     on     |        on        |        
RUN-1001 :        qor_monitor       |    off     |       off        |        
RUN-1001 :        syn_ip_flow       |    off     |       off        |        
RUN-1001 :          thread          |    auto    |       auto       |        
RUN-1001 : ---------------------------------------------------------------
RUN-1001 : Print Design Property
RUN-1001 : --------------------------------------------------------------
RUN-1001 :        Parameters       |  Settings  |  Default Values  |  Note  
RUN-1001 : --------------------------------------------------------------
RUN-1001 :   default_reg_initial   |    auto    |       auto       |        
RUN-1001 :        infer_add        |     on     |        on        |        
RUN-1001 :        infer_fsm        |    off     |       off        |        
RUN-1001 :        infer_mult       |     on     |        on        |        
RUN-1001 :        infer_ram        |     on     |        on        |        
RUN-1001 :        infer_reg        |     on     |        on        |        
RUN-1001 :   infer_reg_init_value  |     on     |        on        |        
RUN-1001 :        infer_rom        |     on     |        on        |        
RUN-1001 :      infer_shifter      |     on     |        on        |        
RUN-1001 : --------------------------------------------------------------
RUN-1001 : Print Rtl Property
RUN-1001 : --------------------------------------------------------------
RUN-1001 :        Parameters       |  Settings  |  Default Values  |  Note  
RUN-1001 : --------------------------------------------------------------
RUN-1001 :       compress_add      |   ripple   |      ripple      |        
RUN-1001 :        elf_sload        |    off     |       off        |        
RUN-1001 :       fix_undriven      |     0      |        0         |        
RUN-1001 :         flatten         |    off     |       off        |        
RUN-1001 :       gate_sharing      |     on     |        on        |        
RUN-1001 :    hdl_warning_level    |   normal   |      normal      |        
RUN-1001 :   impl_internal_tribuf  |     on     |        on        |        
RUN-1001 :      impl_set_reset     |     on     |        on        |        
RUN-1001 :        infer_gsr        |    off     |       off        |        
RUN-1001 :      keep_hierarchy     |    auto    |       auto       |        
RUN-1001 :        max_fanout       |    9999    |       9999       |        
RUN-1001 :      max_oh2bin_len     |     10     |        10        |        
RUN-1001 :       merge_equal       |     on     |        on        |        
RUN-1001 :       merge_equiv       |     on     |        on        |        
RUN-1001 :        merge_mux        |    off     |       off        |        
RUN-1001 :     min_control_set     |     8      |        8         |        
RUN-1001 :      min_ripple_len     |    auto    |       auto       |        
RUN-1001 :       oh2bin_ratio      |    0.08    |       0.08       |        
RUN-1001 :     opt_adder_fanout    |     on     |        on        |        
RUN-1001 :        opt_arith        |     on     |        on        |        
RUN-1001 :       opt_big_gate      |    off     |       off        |        
RUN-1001 :        opt_const        |     on     |        on        |        
RUN-1001 :      opt_const_mult     |     on     |        on        |        
RUN-1001 :       opt_lessthan      |     on     |        on        |        
RUN-1001 :         opt_mux         |    off     |       off        |        
RUN-1001 :         opt_ram         |    high    |       high       |        
RUN-1001 :      rtl_sim_model      |    off     |       off        |        
RUN-1001 :         seq_syn         |     on     |        on        |        
RUN-1001 : --------------------------------------------------------------
HDL-1007 : analyze verilog file ../../Digitron_NumDisplay.v
HDL-1007 : analyze verilog file ../../LED_display_module.v
HDL-5007 WARNING: empty port in module declaration in ../../LED_display_module.v(3)
HDL-1007 : analyze verilog file ../../detect_module.v
HDL-1007 : analyze verilog file ../../rx_bps_module.v
HDL-1007 : analyze verilog file ../../rx_control_module.v
HDL-1007 : analyze verilog file ../../rx_top.v
HDL-1007 : analyze verilog file ../../tx_control.v
HDL-1007 : analyze verilog file ../../calculate_rx.v
HDL-1007 : analyze verilog file ../../tx_bitrate.v
RUN-1001 : Project manager successfully analyzed 9 source files.
RUN-1002 : start command "import_device eagle_s20.db -package EG4S20BG256"
ARC-1001 : Device Initialization.
ARC-1001 : ------------------------------------------------------------------
ARC-1001 :            OPTION            |          IO          |   SETTING   
ARC-1001 : ------------------------------------------------------------------
ARC-1001 :   cso_b/cclk/mosi/miso/dout  |  T3/R11/T10/P10/S11  |    gpio    
ARC-1001 :             done             |         P13          |    gpio    
ARC-1001 :           program_b          |          T2          |  dedicate  
ARC-1001 :        tdi/tms/tck/tdo       |   C12/A15/C14/E14    |  dedicate  
ARC-1001 : ------------------------------------------------------------------
ARC-1004 : Device setting, marked 5 dedicate IOs in total.
RUN-1002 : start command "import_db ../syn_1/rx_top_gate.db"
RUN-1001 : Importing database generated by Tang Dynasty, V5.6.71036.
RUN-1001 : Database version number 46146.
RUN-1001 : Import flow parameters
RUN-1001 : Import IO constraints
RUN-1001 : Import Inst constraints
RUN-1001 : Import design success TD_VERSION=5.6.71036 , DB_VERSION=46146
RUN-1002 : start command "config_chipwatcher ../../tx.cwc -dir "
RUN-1002 : start command "legalize_phy_inst"
SYN-1011 : Flatten model rx_top
KIT-1004 : ChipWatcher: import watcher inst auto_chipwatcher_0 completed, there are 15 view nodes, 25 trigger nets, 25 data nets.
KIT-1004 : Chipwatcher code = 1100100000100010
RUN-1002 : start command "compile_watcher"
RUN-1002 : start command "read_verilog -no_sch -dir C:/Anlogic/TD5.6.2/cw/ -file rx_top_watcherInst.sv -lib cw -top CW_TOP_WRAPPER"
HDL-1007 : analyze verilog file C:/Anlogic/TD5.6.2/cw\bus_det.v
HDL-1007 : analyze verilog file C:/Anlogic/TD5.6.2/cw\bus_top.sv
HDL-1007 : analyze verilog file C:/Anlogic/TD5.6.2/cw\cfg_int.v
HDL-1007 : analyze verilog file C:/Anlogic/TD5.6.2/cw\cwc_cfg_int.v
HDL-1007 : analyze verilog file C:/Anlogic/TD5.6.2/cw\cwc_top.sv
HDL-1007 : analyze verilog file C:/Anlogic/TD5.6.2/cw\detect_bus.v
HDL-1007 : analyze verilog file C:/Anlogic/TD5.6.2/cw\detect_non_bus.v
HDL-1007 : analyze verilog file C:/Anlogic/TD5.6.2/cw\emb_ctrl.v
HDL-1007 : analyze verilog file C:/Anlogic/TD5.6.2/cw\register.v
HDL-1007 : analyze verilog file C:/Anlogic/TD5.6.2/cw\tap.v
HDL-1007 : analyze verilog file C:/Anlogic/TD5.6.2/cw\trigger.sv
HDL-1007 : analyze verilog file rx_top_watcherInst.sv
HDL-1007 : elaborate module CW_TOP_WRAPPER in rx_top_watcherInst.sv(1)
HDL-1007 : elaborate module cwc_top(BUS_NUM=15,BUS_DIN_NUM=25,BUS_CTRL_NUM=110,BUS_WIDTH='{32'sb0100,32'sb01,32'sb01,32'sb01,32'sb01,32'sb01,32'sb01,32'sb01,32'sb01,32'sb01000,32'sb01,32'sb01,32'sb01,32'sb01,32'sb01},BUS_DIN_POS='{32'sb0,32'sb0100,32'sb0101,32'sb0110,32'sb0111,32'sb01000,32'sb01001,32'sb01010,32'sb01011,32'sb01100,32'sb010100,32'sb010101,32'sb010110,32'sb010111,32'sb011000},BUS_CTRL_POS='{32'sb0,32'sb01100,32'sb010010,32'sb011000,32'sb011110,32'sb0100100,32'sb0101010,32'sb0110000,32'sb0110110,32'sb0111100,32'sb01010000,32'sb01010110,32'sb01011100,32'sb01100010,32'sb01101000}) in C:/Anlogic/TD5.6.2/cw\cwc_top.sv(21)
HDL-1007 : elaborate module cwc_cfg_int(CTRL_REG_LEN=132) in C:/Anlogic/TD5.6.2/cw\cwc_cfg_int.v(21)
HDL-1007 : elaborate module register(CTRL_REG_LEN=132) in C:/Anlogic/TD5.6.2/cw\register.v(21)
HDL-1007 : elaborate module tap in C:/Anlogic/TD5.6.2/cw\tap.v(21)
HDL-1007 : elaborate module trigger(BUS_NUM=15,BUS_DIN_NUM=25,BUS_CTRL_NUM=110,BUS_WIDTH='{32'sb0100,32'sb01,32'sb01,32'sb01,32'sb01,32'sb01,32'sb01,32'sb01,32'sb01,32'sb01000,32'sb01,32'sb01,32'sb01,32'sb01,32'sb01},BUS_DIN_POS='{32'sb0,32'sb0100,32'sb0101,32'sb0110,32'sb0111,32'sb01000,32'sb01001,32'sb01010,32'sb01011,32'sb01100,32'sb010100,32'sb010101,32'sb010110,32'sb010111,32'sb011000},BUS_CTRL_POS='{32'sb0,32'sb01100,32'sb010010,32'sb011000,32'sb011110,32'sb0100100,32'sb0101010,32'sb0110000,32'sb0110110,32'sb0111100,32'sb01010000,32'sb01010110,32'sb01011100,32'sb01100010,32'sb01101000}) in C:/Anlogic/TD5.6.2/cw\trigger.sv(21)
HDL-1007 : elaborate module bus_top(BUS_NODE_NUM=15,BUS_DIN_NUM=25,BUS_CTRL_NUM=110,BUS_WIDTH='{32'sb0100,32'sb01,32'sb01,32'sb01,32'sb01,32'sb01,32'sb01,32'sb01,32'sb01,32'sb01000,32'sb01,32'sb01,32'sb01,32'sb01,32'sb01},BUS_DIN_POS='{32'sb0,32'sb0100,32'sb0101,32'sb0110,32'sb0111,32'sb01000,32'sb01001,32'sb01010,32'sb01011,32'sb01100,32'sb010100,32'sb010101,32'sb010110,32'sb010111,32'sb011000},BUS_CTRL_POS='{32'sb0,32'sb01100,32'sb010010,32'sb011000,32'sb011110,32'sb0100100,32'sb0101010,32'sb0110000,32'sb0110110,32'sb0111100,32'sb01010000,32'sb01010110,32'sb01011100,32'sb01100010,32'sb01101000}) in C:/Anlogic/TD5.6.2/cw\bus_top.sv(22)
HDL-1007 : elaborate module bus_det(BUS_WIDTH=32'sb0100) in C:/Anlogic/TD5.6.2/cw\bus_det.v(21)
HDL-1007 : elaborate module bus_det(BUS_WIDTH=32'sb01) in C:/Anlogic/TD5.6.2/cw\bus_det.v(21)
HDL-1007 : elaborate module bus_det(BUS_WIDTH=32'sb01000) in C:/Anlogic/TD5.6.2/cw\bus_det.v(21)
HDL-1007 : elaborate module emb_ctrl in C:/Anlogic/TD5.6.2/cw\emb_ctrl.v(21)
HDL-1200 : Current top model is CW_TOP_WRAPPER
HDL-1100 : Inferred 0 RAMs.
RUN-1002 : start command "force_keep -a auto_chipwatcher_0_logicbram"
RUN-1002 : start command "optimize_rtl -no_sch"
RUN-1001 : Open license file C:/Anlogic/TD5.6.2/license/Anlogic.lic
RUN-1001 : Print Global Property
RUN-1001 : ---------------------------------------------------------------
RUN-1001 :        Parameters        |  Settings  |  Default Values  |  Note  
RUN-1001 : ---------------------------------------------------------------
RUN-1001 :          message         |  standard  |     standard     |        
RUN-1001 :   mixed_pack_place_flow  |     on     |        on        |        
RUN-1001 :        qor_monitor       |    off     |       off        |        
RUN-1001 :        syn_ip_flow       |    off     |       off        |        
RUN-1001 :          thread          |    auto    |       auto       |        
RUN-1001 : ---------------------------------------------------------------
RUN-1001 : Print Rtl Property
RUN-1001 : --------------------------------------------------------------
RUN-1001 :        Parameters       |  Settings  |  Default Values  |  Note  
RUN-1001 : --------------------------------------------------------------
RUN-1001 :       compress_add      |   ripple   |      ripple      |        
RUN-1001 :        elf_sload        |    off     |       off        |        
RUN-1001 :       fix_undriven      |     0      |        0         |        
RUN-1001 :         flatten         |    off     |       off        |        
RUN-1001 :       gate_sharing      |     on     |        on        |        
RUN-1001 :    hdl_warning_level    |   normal   |      normal      |        
RUN-1001 :   impl_internal_tribuf  |     on     |        on        |        
RUN-1001 :      impl_set_reset     |     on     |        on        |        
RUN-1001 :        infer_gsr        |    off     |       off        |        
RUN-1001 :      keep_hierarchy     |    auto    |       auto       |        
RUN-1001 :        max_fanout       |    9999    |       9999       |        
RUN-1001 :      max_oh2bin_len     |     10     |        10        |        
RUN-1001 :       merge_equal       |     on     |        on        |        
RUN-1001 :       merge_equiv       |     on     |        on        |        
RUN-1001 :        merge_mux        |    off     |       off        |        
RUN-1001 :     min_control_set     |     8      |        8         |        
RUN-1001 :      min_ripple_len     |    auto    |       auto       |        
RUN-1001 :       oh2bin_ratio      |    0.08    |       0.08       |        
RUN-1001 :     opt_adder_fanout    |     on     |        on        |        
RUN-1001 :        opt_arith        |     on     |        on        |        
RUN-1001 :       opt_big_gate      |    off     |       off        |        
RUN-1001 :        opt_const        |     on     |        on        |        
RUN-1001 :      opt_const_mult     |     on     |        on        |        
RUN-1001 :       opt_lessthan      |     on     |        on        |        
RUN-1001 :         opt_mux         |    off     |       off        |        
RUN-1001 :         opt_ram         |    high    |       high       |        
RUN-1001 :      rtl_sim_model      |    off     |       off        |        
RUN-1001 :         seq_syn         |     on     |        on        |        
RUN-1001 : --------------------------------------------------------------
SYN-1012 : SanityCheck: Model "rx_top"
SYN-1012 : SanityCheck: Model "CW_TOP_WRAPPER"
SYN-1012 : SanityCheck: Model "cwc_top(BUS_NUM=15,BUS_DIN_NUM=25,BUS_CTRL_NUM=110,BUS_WIDTH='{32'sb0100,32'sb01,32'sb01,32'sb01,32'sb01,32'sb01,32'sb01,32'sb01,32'sb01,32'sb01000,32'sb01,32'sb01,32'sb01,32'sb01,32'sb01},BUS_DIN_POS='{32'sb0,32'sb0100,32'sb0101,32'sb0110,32'sb0111,32'sb01000,32'sb01001,32'sb01010,32'sb01011,32'sb01100,32'sb010100,32'sb010101,32'sb010110,32'sb010111,32'sb011000},BUS_CTRL_POS='{32'sb0,32'sb01100,32'sb010010,32'sb011000,32'sb011110,32'sb0100100,32'sb0101010,32'sb0110000,32'sb0110110,32'sb0111100,32'sb01010000,32'sb01010110,32'sb01011100,32'sb01100010,32'sb01101000})"
SYN-1012 : SanityCheck: Model "cwc_cfg_int(CTRL_REG_LEN=132)"
SYN-1012 : SanityCheck: Model "register(CTRL_REG_LEN=132)"
SYN-1012 : SanityCheck: Model "tap"
SYN-1012 : SanityCheck: Model "trigger(BUS_NUM=15,BUS_DIN_NUM=25,BUS_CTRL_NUM=110,BUS_WIDTH='{32'sb0100,32'sb01,32'sb01,32'sb01,32'sb01,32'sb01,32'sb01,32'sb01,32'sb01,32'sb01000,32'sb01,32'sb01,32'sb01,32'sb01,32'sb01},BUS_DIN_POS='{32'sb0,32'sb0100,32'sb0101,32'sb0110,32'sb0111,32'sb01000,32'sb01001,32'sb01010,32'sb01011,32'sb01100,32'sb010100,32'sb010101,32'sb010110,32'sb010111,32'sb011000},BUS_CTRL_POS='{32'sb0,32'sb01100,32'sb010010,32'sb011000,32'sb011110,32'sb0100100,32'sb0101010,32'sb0110000,32'sb0110110,32'sb0111100,32'sb01010000,32'sb01010110,32'sb01011100,32'sb01100010,32'sb01101000})"
SYN-1012 : SanityCheck: Model "bus_top(BUS_NODE_NUM=15,BUS_DIN_NUM=25,BUS_CTRL_NUM=110,BUS_WIDTH='{32'sb0100,32'sb01,32'sb01,32'sb01,32'sb01,32'sb01,32'sb01,32'sb01,32'sb01,32'sb01000,32'sb01,32'sb01,32'sb01,32'sb01,32'sb01},BUS_DIN_POS='{32'sb0,32'sb0100,32'sb0101,32'sb0110,32'sb0111,32'sb01000,32'sb01001,32'sb01010,32'sb01011,32'sb01100,32'sb010100,32'sb010101,32'sb010110,32'sb010111,32'sb011000},BUS_CTRL_POS='{32'sb0,32'sb01100,32'sb010010,32'sb011000,32'sb011110,32'sb0100100,32'sb0101010,32'sb0110000,32'sb0110110,32'sb0111100,32'sb01010000,32'sb01010110,32'sb01011100,32'sb01100010,32'sb01101000})"
SYN-1012 : SanityCheck: Model "bus_det(BUS_WIDTH=32'sb0100)"
SYN-1012 : SanityCheck: Model "bus_det(BUS_WIDTH=32'sb01)"
SYN-1012 : SanityCheck: Model "bus_det(BUS_WIDTH=32'sb01000)"
SYN-1012 : SanityCheck: Model "emb_ctrl"
SYN-1011 : Flatten model rx_top
SYN-1032 : 2106/51 useful/useless nets, 1149/43 useful/useless insts
SYN-1016 : Merged 68 instances.
SYN-1032 : 1739/26 useful/useless nets, 1543/26 useful/useless insts
SYN-1014 : Optimize round 1
SYN-1032 : 1723/16 useful/useless nets, 1531/12 useful/useless insts
SYN-1021 : Optimized 2 onehot mux instances.
SYN-1020 : Optimized 1 distributor mux.
SYN-1019 : Optimized 2 mux instances.
SYN-1015 : Optimize round 1, 429 better
SYN-1014 : Optimize round 2
SYN-1032 : 1419/30 useful/useless nets, 1227/32 useful/useless insts
SYN-1015 : Optimize round 2, 64 better
SYN-1014 : Optimize round 1
SYN-1015 : Optimize round 1, 0 better
RUN-1002 : start command "optimize_gate -no_sch"
RUN-1001 : Open license file C:/Anlogic/TD5.6.2/license/Anlogic.lic
RUN-1001 : Print Global Property
RUN-1001 : ---------------------------------------------------------------
RUN-1001 :        Parameters        |  Settings  |  Default Values  |  Note  
RUN-1001 : ---------------------------------------------------------------
RUN-1001 :          message         |  standard  |     standard     |        
RUN-1001 :   mixed_pack_place_flow  |     on     |        on        |        
RUN-1001 :        qor_monitor       |    off     |       off        |        
RUN-1001 :        syn_ip_flow       |    off     |       off        |        
RUN-1001 :          thread          |    auto    |       auto       |        
RUN-1001 : ---------------------------------------------------------------
RUN-1001 : Print Gate Property
RUN-1001 : ------------------------------------------------------------------
RUN-1001 :          Parameters         |  Settings  |  Default Values  |  Note  
RUN-1001 : ------------------------------------------------------------------
RUN-1001 :         cascade_dsp         |    off     |       off        |        
RUN-1001 :         cascade_eram        |    off     |       off        |        
RUN-1001 :        gate_sim_model       |    off     |       off        |        
RUN-1001 :        map_sim_model        |    off     |       off        |        
RUN-1001 :         map_strategy        |     1      |        1         |        
RUN-1001 :           opt_area          |   medium   |      medium      |        
RUN-1001 :          opt_timing         |    auto    |       auto       |        
RUN-1001 :         pack_effort         |   medium   |      medium      |        
RUN-1001 :      pack_lslice_ripple     |     on     |        on        |        
RUN-1001 :   pack_lslice_ripple_ratio  |    0.5     |       0.5        |        
RUN-1001 :        pack_seq_in_io       |    auto    |       auto       |        
RUN-1001 :        ph1_mux_ratio        |    1.0     |       1.0        |        
RUN-1001 :            report           |  standard  |     standard     |        
RUN-1001 :           retiming          |    off     |       off        |        
RUN-1001 : ------------------------------------------------------------------
SYN-2001 : Map 25 IOs to PADs
RUN-1002 : start command "update_pll_param -module rx_top"
SYN-2501 : Processed 0 LOGIC_BUF instances.
SYN-2512 : LOGIC BRAM "auto_chipwatcher_0_logicbram"
SYN-2571 : Optimize after map_dsp, round 1
SYN-2571 : Optimize after map_dsp, round 1, 0 better
SYN-1001 : Throwback 3 control mux instances
SYN-2501 : Optimize round 1
SYN-1016 : Merged 12 instances.
SYN-2501 : Optimize round 1, 26 better
SYN-2501 : Optimize round 2
SYN-2501 : Optimize round 2, 0 better
SYN-2501 : Map 14 macro adder
SYN-1019 : Optimized 9 mux instances.
SYN-1016 : Merged 10 instances.
SYN-1032 : 1832/2 useful/useless nets, 1642/1 useful/useless insts
SYN-3001 : Running gate level optimization.
SYN-2581 : Mapping with K=5, #lut = 200 (3.89), #lev = 5 (2.24)
SYN-2551 : Post LUT mapping optimization.
SYN-2581 : Mapping with K=5, #lut = 216 (3.90), #lev = 4 (1.96)
SYN-3001 : Logic optimization runtime opt =   0.04 sec, map =   0.00 sec
SYN-3001 : Mapper mapped 652 instances into 216 LUTs, name keeping = 77%.
SYN-1001 : Packing model "rx_top" ...
SYN-4010 : Pack lib has 58 rtl pack models with 25 top pack blocks
SYN-1014 : Optimize round 1
SYN-1015 : Optimize round 1, 0 better
SYN-4002 : Packing 396 DFF/LATCH to SEQ ...
SYN-4009 : Pack 6 carry chain into lslice
SYN-4007 : Packing 101 adder to BLE ...
SYN-4008 : Packed 101 adder and 0 SEQ to BLE.
SYN-4007 : Packing 0 gate4 to BLE ...
SYN-4008 : Packed 0 gate4 and 0 SEQ to BLE.
SYN-4012 : Packed 0 FxMUX
RUN-1002 : start command "legalize_phy_inst"
SYN-1011 : Flatten model rx_top
KIT-1004 : Compile Chipwatcher: Clear obsolete physical data.
RUN-1003 : finish command "compile_watcher" in  1.113892s wall, 0.984375s user + 0.125000s system = 1.109375s CPU (99.6%)

RUN-1004 : used memory is 118 MB, reserved memory is 81 MB, peak memory is 122 MB
RUN-1002 : start command "place"
RUN-1001 : Open license file C:/Anlogic/TD5.6.2/license/Anlogic.lic
RUN-1001 : Print Global Property
RUN-1001 : ---------------------------------------------------------------
RUN-1001 :        Parameters        |  Settings  |  Default Values  |  Note  
RUN-1001 : ---------------------------------------------------------------
RUN-1001 :          message         |  standard  |     standard     |        
RUN-1001 :   mixed_pack_place_flow  |     on     |        on        |        
RUN-1001 :        qor_monitor       |    off     |       off        |        
RUN-1001 :        syn_ip_flow       |    off     |       off        |        
RUN-1001 :          thread          |    auto    |       auto       |        
RUN-1001 : ---------------------------------------------------------------
RUN-1001 : Print Place Property
RUN-1001 : --------------------------------------------------------------
RUN-1001 :        Parameters       |  Settings  |  Default Values  |  Note  
RUN-1001 : --------------------------------------------------------------
RUN-1001 :      detailed_place     |     on     |        on        |        
RUN-1001 :          effort         |   medium   |      medium      |        
RUN-1001 :         fix_hold        |    off     |       off        |        
RUN-1001 :       legalization      |    ori     |       ori        |        
RUN-1001 :      new_spreading      |     on     |        on        |        
RUN-1001 :        opt_timing       |   medium   |      medium      |        
RUN-1001 :   post_clock_route_opt  |    off     |       off        |        
RUN-1001 :       pr_strategy       |     1      |        1         |        
RUN-1001 :        relaxation       |    1.00    |       1.00       |        
RUN-1001 :         retiming        |    off     |       off        |        
RUN-1001 : --------------------------------------------------------------
PHY-3001 : Placer runs in 16 thread(s).
RUN-1002 : start command "legalize_phy_inst"
SYN-1011 : Flatten model rx_top
SYN-5055 WARNING: The kept net U2/BPS_CLK_n will be merged to another kept net BPS_CLK
SYN-5055 WARNING: The kept net U3/BPS_CLK will be merged to another kept net BPS_CLK
SYN-5055 WARNING: The kept net U1/CLK will be merged to another kept net CLK_500K
SYN-5055 WARNING: The kept net U3/isCount will be merged to another kept net Count_Sig
SYN-5055 WARNING: The kept net U2/Count_Sig will be merged to another kept net Count_Sig
SYN-5055 WARNING: The kept net U3/isDone will be merged to another kept net RX_Done_Sig
SYN-5055 WARNING: The kept net U6/RX_Done_Sig will be merged to another kept net RX_Done_Sig
SYN-5055 WARNING: The kept net U6/rTX_Data_n will be merged to another kept net TX_Data_Valid
SYN-5055 WARNING: The kept net U8/TX_Data_Valid will be merged to another kept net TX_Data_Valid
SYN-5055 WARNING: The kept net U1/neg_sig_n will be merged to another kept net neg_sig
SYN-5055 Similar messages will be suppressed.
RUN-1002 : start command "phys_opt -simplify_lut"
SYN-4016 : Net config_inst_syn_10 driven by BUFG (272 clock/control pins, 0 other pins).
SYN-4024 : Net "CLK_500K" drives clk pins.
SYN-4024 : Net "CLK_dup_1" drives clk pins.
SYN-4024 : Net "RX_Done_Sig" drives clk pins.
SYN-4024 : Net "U5/SingleNum_n" drives clk pins.
SYN-4024 : Net "TX_Data_Valid" drives clk pins.
SYN-4025 : Tag rtl::Net CLK_500K as clock net
SYN-4025 : Tag rtl::Net CLK_dup_1 as clock net
SYN-4025 : Tag rtl::Net RX_Done_Sig as clock net
SYN-4025 : Tag rtl::Net TX_Data_Valid as clock net
SYN-4025 : Tag rtl::Net U5/SingleNum_n as clock net
SYN-4025 : Tag rtl::Net config_inst_syn_10 as clock net
SYN-4026 : Tagged 6 rtl::Net as clock net
SYN-4015 : Create BUFG instance for clk Net CLK_500K to drive 187 clock pins.
SYN-4015 : Create BUFG instance for clk Net RX_Done_Sig to drive 18 clock pins.
SYN-4015 : Create BUFG instance for clk Net TX_Data_Valid to drive 8 clock pins.
SYN-4015 : Create BUFG instance for clk Net U5/SingleNum_n to drive 8 clock pins.
PHY-1001 : Populate physical database on model rx_top.
RUN-1001 : There are total 1074 instances
RUN-0007 : 411 luts, 505 seqs, 74 mslices, 48 lslices, 25 pads, 3 brams, 0 dsps
RUN-1001 : There are total 1264 nets
RUN-1001 : 680 nets have 2 pins
RUN-1001 : 475 nets have [3 - 5] pins
RUN-1001 : 65 nets have [6 - 10] pins
RUN-1001 : 33 nets have [11 - 20] pins
RUN-1001 : 4 nets have [21 - 99] pins
RUN-1001 : 7 nets have 100+ pins
RUN-1001 : Report Control nets information:
RUN-1001 : DFF Distribution
RUN-1001 : ----------------------------------
RUN-1001 :   CE   |  SSR  |  ASR  |  DFF Count  
RUN-1001 : ----------------------------------
RUN-1001 :   No   |  No   |  No   |     34      
RUN-1001 :   No   |  No   |  Yes  |     187     
RUN-1001 :   No   |  Yes  |  No   |     16      
RUN-1001 :   Yes  |  No   |  No   |      0      
RUN-1001 :   Yes  |  No   |  Yes  |     268     
RUN-1001 :   Yes  |  Yes  |  No   |      0      
RUN-1001 : ----------------------------------
RUN-0007 : Control Group Statistic
RUN-0007 : ---------------------------
RUN-0007 :   #CLK  |  #CE  |  #SSR/ASR  
RUN-0007 : ---------------------------
RUN-0007 :    11   |   4   |     16     
RUN-0007 : ---------------------------
RUN-0007 : Control Set = 29
PHY-3001 : Initial placement ...
PHY-3001 : design contains 1072 instances, 411 luts, 505 seqs, 122 slices, 23 macros(122 instances: 74 mslices 48 lslices)
PHY-0007 : Cell area utilization is 3%
PHY-3001 : Global placement ...
PHY-3001 : Initial: Len = 310471
PHY-3001 : Clustering ...
PHY-3001 : Level 0 #clusters 1072.
PHY-3001 : End clustering;  0.000067s wall, 0.000000s user + 0.000000s system = 0.000000s CPU (n/a%)

PHY-3001 : Run with size of 4
PHY-3001 : Cell area utilization is 3%
PHY-3001 : :::0::: Try harder cell spreading with beta_ = 0
PHY-3002 : Step(1): len = 186275, overlap = 6.75
PHY-3002 : Step(2): len = 132383, overlap = 4.5
PHY-3002 : Step(3): len = 93883.9, overlap = 6.75
PHY-3002 : Step(4): len = 73506.1, overlap = 6.75
PHY-3002 : Step(5): len = 64484.4, overlap = 4.5
PHY-3002 : Step(6): len = 56046.5, overlap = 6.75
PHY-3002 : Step(7): len = 46832.2, overlap = 6.75
PHY-3002 : Step(8): len = 44567, overlap = 6.75
PHY-3002 : Step(9): len = 36580, overlap = 6.75
PHY-3002 : Step(10): len = 35397.7, overlap = 6.75
PHY-3002 : Step(11): len = 30655.4, overlap = 6.75
PHY-3002 : Step(12): len = 30495.8, overlap = 6.75
PHY-3002 : Step(13): len = 26679.1, overlap = 6.75
PHY-3002 : Step(14): len = 26881.9, overlap = 6.96875
PHY-3002 : Step(15): len = 27430.4, overlap = 7.28125
PHY-3001 : :::1::: Try harder cell spreading with beta_ = 9.76551e-05
PHY-3002 : Step(16): len = 27461.7, overlap = 5.03125
PHY-3002 : Step(17): len = 26235.4, overlap = 0.6875
PHY-3002 : Step(18): len = 25618, overlap = 1.125
PHY-3002 : Step(19): len = 24254.6, overlap = 5.4375
PHY-3002 : Step(20): len = 24149.4, overlap = 5.4375
PHY-3002 : Step(21): len = 24019.4, overlap = 5.4375
PHY-3001 : :::2::: Try harder cell spreading with beta_ = 0.00019531
PHY-3002 : Step(22): len = 24121.5, overlap = 5.4375
PHY-3002 : Step(23): len = 23951.3, overlap = 3.1875
PHY-3002 : Step(24): len = 23929.1, overlap = 3.1875
PHY-3001 : Legalization ...
PHY-3001 : End legalization;  0.005005s wall, 0.000000s user + 0.000000s system = 0.000000s CPU (n/a%)

PHY-3001 : Run with size of 4
PHY-3001 : Cell area utilization is 4%
PHY-3001 : :::0::: Try harder cell spreading with beta_ = 0
PHY-3002 : Step(25): len = 24273.8, overlap = 11.3438
PHY-3002 : Step(26): len = 24575.9, overlap = 11.7812
PHY-3002 : Step(27): len = 22988.6, overlap = 12.7812
PHY-3002 : Step(28): len = 23177.3, overlap = 15.4688
PHY-3002 : Step(29): len = 23049.2, overlap = 17.9062
PHY-3002 : Step(30): len = 22411.8, overlap = 19.9062
PHY-3002 : Step(31): len = 21447.5, overlap = 17.5625
PHY-3002 : Step(32): len = 20554.3, overlap = 16.8438
PHY-3002 : Step(33): len = 20800.6, overlap = 16.6562
PHY-3002 : Step(34): len = 20971.8, overlap = 14.1875
PHY-3001 : :::1::: Try harder cell spreading with beta_ = 0.0351888
PHY-3002 : Step(35): len = 20197.8, overlap = 20.9375
PHY-3002 : Step(36): len = 20281.6, overlap = 21.4375
PHY-3002 : Step(37): len = 20297.1, overlap = 21.9062
PHY-3001 : :::2::: Try harder cell spreading with beta_ = 0.0569355
PHY-3002 : Step(38): len = 20147.6, overlap = 22.0312
PHY-3002 : Step(39): len = 19936.7, overlap = 19.5625
PHY-3001 : Run with size of 2
PHY-3001 : Cell area utilization is 4%
PHY-3001 : :::0::: Try harder cell spreading with beta_ = 1.38904e-05
PHY-3002 : Step(40): len = 20912.8, overlap = 45.9062
PHY-3002 : Step(41): len = 21047.4, overlap = 45.9062
PHY-3002 : Step(42): len = 21373.6, overlap = 42.5938
PHY-3002 : Step(43): len = 21567, overlap = 42.2812
PHY-3002 : Step(44): len = 21619.1, overlap = 35.0312
PHY-3001 : :::1::: Try harder cell spreading with beta_ = 2.77807e-05
PHY-3002 : Step(45): len = 21677.9, overlap = 31.625
PHY-3002 : Step(46): len = 21808.9, overlap = 31.625
PHY-3002 : Step(47): len = 22093.7, overlap = 29.4375
PHY-3001 : :::2::: Try harder cell spreading with beta_ = 5.55615e-05
PHY-3002 : Step(48): len = 21994.2, overlap = 27.9375
PHY-3002 : Step(49): len = 22182.7, overlap = 26.375
PHY-3002 : Step(50): len = 22578.7, overlap = 26.0312
PHY-3001 : :::3::: Try harder cell spreading with beta_ = 0.000111123
PHY-3002 : Step(51): len = 22503.5, overlap = 24.9062
PHY-3002 : Step(52): len = 22661.7, overlap = 25.0312
PHY-3002 : Step(53): len = 22639.2, overlap = 24.4062
OPT-1001 : Start physical optimization ...
OPT-1001 : Total overflow 59.47 peak overflow 3.28
OPT-1001 : Start high-fanout net optimization ...
OPT-1001 : Update timing in global mode
PHY-1001 : Start incremental global routing, caller is place ...
RUN-1001 : Generating global routing grids ...
RUN-1001 : Building simple global routing graph ...
PHY-1001 : Generate routing nets ...
PHY-1001 : Reuse net number 0/1264.
PHY-1001 : Global iterations in 16 thread ...
PHY-1002 : len = 26392, over cnt = 124(0%), over = 358, worst = 12
PHY-1001 : End global iterations;  0.061605s wall, 0.109375s user + 0.031250s system = 0.140625s CPU (228.3%)

PHY-1001 : Congestion index: top1 = 26.29, top5 = 14.71, top10 = 9.03, top15 = 6.33.
PHY-1001 : End incremental global routing;  0.117913s wall, 0.156250s user + 0.031250s system = 0.187500s CPU (159.0%)

RUN-1002 : start command "start_timer -report"
TMR-5001 WARNING: No sdc constraints found while initiating timer.
TMR-2505 : Start building timing graph for model rx_top.
TMR-2506 : Build timing graph completely. Port num: 8, tpin num: 5134, tnet num: 1262, tinst num: 1072, tnode num: 6942, tedge num: 8392.
TMR-2508 : Levelizing timing graph completed, there are 29 levels in total.
TMR-2501 : Timing graph initialized successfully.
OPT-1001 : End timing update;  0.164366s wall, 0.171875s user + 0.000000s system = 0.171875s CPU (104.6%)

OPT-1001 : 0 high-fanout net processed.
OPT-1001 : End high-fanout net optimization;  0.298115s wall, 0.343750s user + 0.031250s system = 0.375000s CPU (125.8%)

OPT-1001 : Current memory(MB): used = 172, reserve = 134, peak = 172.
OPT-1001 : End physical optimization;  0.309754s wall, 0.343750s user + 0.031250s system = 0.375000s CPU (121.1%)

PHY-3001 : Start packing ...
SYN-4007 : Packing 0 MUX to BLE ...
SYN-4008 : Packed 0 MUX and 0 SEQ to BLE.
SYN-4007 : Packing 411 LUT to BLE ...
SYN-4008 : Packed 411 LUT and 147 SEQ to BLE.
SYN-4003 : Packing 358 remaining SEQ's ...
SYN-4005 : Packed 184 SEQ with LUT/SLICE
SYN-4006 : 103 single LUT's are left
SYN-4006 : 174 single SEQ's are left
SYN-4011 : Packing model "rx_top" (AL_USER_NORMAL) with 585/757 primitive instances ...
PHY-3001 : End packing;  0.037109s wall, 0.046875s user + 0.000000s system = 0.046875s CPU (126.3%)

PHY-1001 : Populate physical database on model rx_top.
RUN-1001 : There are total 486 instances
RUN-1001 : 225 mslices, 225 lslices, 25 pads, 3 brams, 0 dsps
RUN-1001 : There are total 1126 nets
RUN-1001 : 501 nets have 2 pins
RUN-1001 : 513 nets have [3 - 5] pins
RUN-1001 : 69 nets have [6 - 10] pins
RUN-1001 : 29 nets have [11 - 20] pins
RUN-1001 : 10 nets have [21 - 99] pins
RUN-1001 : 4 nets have 100+ pins
PHY-3001 : design contains 484 instances, 450 slices, 23 macros(122 instances: 74 mslices 48 lslices)
PHY-3001 : Cell area utilization is 6%
PHY-3001 : After packing: Len = 23712.8, Over = 33.5
PHY-3001 : Run with size of 2
PHY-3001 : Cell area utilization is 6%
PHY-3001 : :::0::: Try harder cell spreading with beta_ = 2.071e-05
PHY-3002 : Step(54): len = 22981.6, overlap = 37.25
PHY-3002 : Step(55): len = 23037.2, overlap = 37.75
PHY-3002 : Step(56): len = 22917.3, overlap = 37.5
PHY-3001 : :::1::: Try harder cell spreading with beta_ = 4.142e-05
PHY-3002 : Step(57): len = 23149.5, overlap = 35.75
PHY-3002 : Step(58): len = 23149.5, overlap = 35.75
PHY-3002 : Step(59): len = 23085.8, overlap = 35
PHY-3001 : :::2::: Try harder cell spreading with beta_ = 8.284e-05
PHY-3002 : Step(60): len = 23883.7, overlap = 30.25
PHY-3002 : Step(61): len = 23997.4, overlap = 29
PHY-3002 : Step(62): len = 24082.8, overlap = 27.5
PHY-3001 : Legalization ...
PHY-3001 : End legalization;  0.144546s wall, 0.046875s user + 0.406250s system = 0.453125s CPU (313.5%)

PHY-3001 : Trial Legalized: Len = 33804.4
PHY-3001 : Run with size of 2
PHY-3001 : Cell area utilization is 5%
PHY-3001 : :::0::: Try harder cell spreading with beta_ = 0.000211209
PHY-3002 : Step(63): len = 28308.4, overlap = 9.75
PHY-3002 : Step(64): len = 26304.5, overlap = 13.25
PHY-3002 : Step(65): len = 25613.6, overlap = 13.25
PHY-3002 : Step(66): len = 25094.4, overlap = 13.5
PHY-3002 : Step(67): len = 25086.6, overlap = 14
PHY-3002 : Step(68): len = 24897.7, overlap = 14
PHY-3001 : :::1::: Try harder cell spreading with beta_ = 0.000422418
PHY-3002 : Step(69): len = 24932.3, overlap = 13.25
PHY-3002 : Step(70): len = 24932.3, overlap = 13.25
PHY-3001 : :::2::: Try harder cell spreading with beta_ = 0.000724692
PHY-3002 : Step(71): len = 25067.7, overlap = 13.5
PHY-3002 : Step(72): len = 25103.5, overlap = 13.25
PHY-3001 : Legalization ...
PHY-3001 : End legalization;  0.004423s wall, 0.000000s user + 0.000000s system = 0.000000s CPU (n/a%)

PHY-3001 : Legalized: Len = 30502, Over = 0
PHY-3001 : Spreading special nets. 15 overflows in 2952 tiles.
PHY-3001 : End spreading;  0.004199s wall, 0.000000s user + 0.000000s system = 0.000000s CPU (n/a%)

PHY-3001 : 24 instances has been re-located, deltaX = 3, deltaY = 23, maxDist = 2.
PHY-3001 : Final: Len = 31308, Over = 0
OPT-1001 : Start physical optimization ...
OPT-1001 : Total overflow 0.00 peak overflow 0.00
OPT-1001 : Start high-fanout net optimization ...
OPT-1001 : Update timing in global mode
PHY-1001 : Start incremental global routing, caller is place ...
RUN-1001 : Generating global routing grids ...
PHY-1001 : Generate routing nets ...
PHY-1001 : Reuse net number 37/1126.
PHY-1001 : Global iterations in 16 thread ...
PHY-1002 : len = 36224, over cnt = 128(0%), over = 198, worst = 4
PHY-1002 : len = 37320, over cnt = 54(0%), over = 66, worst = 4
PHY-1002 : len = 38096, over cnt = 8(0%), over = 10, worst = 2
PHY-1002 : len = 38200, over cnt = 0(0%), over = 0, worst = 0
PHY-1001 : End global iterations;  0.116212s wall, 0.125000s user + 0.046875s system = 0.171875s CPU (147.9%)

PHY-1001 : Congestion index: top1 = 26.77, top5 = 18.67, top10 = 12.38, top15 = 8.81.
PHY-1001 : End incremental global routing;  0.183278s wall, 0.171875s user + 0.046875s system = 0.218750s CPU (119.4%)

RUN-1002 : start command "start_timer -report"
TMR-5001 WARNING: No sdc constraints found while initiating timer.
TMR-2505 : Start building timing graph for model rx_top.
TMR-2506 : Build timing graph completely. Port num: 8, tpin num: 4439, tnet num: 1124, tinst num: 484, tnode num: 5721, tedge num: 7521.
TMR-2508 : Levelizing timing graph completed, there are 29 levels in total.
TMR-2501 : Timing graph initialized successfully.
OPT-1001 : End timing update;  0.171989s wall, 0.187500s user + 0.000000s system = 0.187500s CPU (109.0%)

OPT-1001 : 0 high-fanout net processed.
OPT-1001 : End high-fanout net optimization;  0.370922s wall, 0.375000s user + 0.046875s system = 0.421875s CPU (113.7%)

OPT-1001 : Current memory(MB): used = 175, reserve = 137, peak = 175.
OPT-1001 : Update timing in Manhattan mode
OPT-1001 : End timing update;  0.001384s wall, 0.000000s user + 0.000000s system = 0.000000s CPU (n/a%)

OPT-1001 : Start pin optimization...
OPT-1001 : skip pin optimization...
RUN-1001 : Generating global routing grids ...
PHY-1001 : Generate routing nets ...
PHY-1001 : Reuse net number 968/1126.
PHY-1001 : Global iterations in 16 thread ...
PHY-1002 : len = 38200, over cnt = 0(0%), over = 0, worst = 0
PHY-1001 : End global iterations;  0.003233s wall, 0.015625s user + 0.000000s system = 0.015625s CPU (483.3%)

PHY-1001 : Congestion index: top1 = 26.77, top5 = 18.67, top10 = 12.38, top15 = 8.81.
OPT-1001 : Update timing in Manhattan mode
OPT-1001 : End timing update;  0.001856s wall, 0.000000s user + 0.000000s system = 0.000000s CPU (n/a%)

RUN-1001 : QoR Analysis:
OPT-0007 :   WNS 2147483647 TNS 0 NUM_FEPS 0
RUN-1001 :   No local congestion issue, and most congested 1% tile average routing util is 26.379310
RUN-1001 :   Top critical paths
OPT-1001 : End physical optimization;  0.442297s wall, 0.437500s user + 0.046875s system = 0.484375s CPU (109.5%)

RUN-1003 : finish command "place" in  2.932674s wall, 3.640625s user + 4.093750s system = 7.734375s CPU (263.7%)

RUN-1004 : used memory is 158 MB, reserved memory is 120 MB, peak memory is 176 MB
RUN-1002 : start command "export_db rx_top_place.db"
RUN-1001 : Exported /
RUN-1001 : Exported flow parameters
RUN-1001 : Exported libs
RUN-1001 : Exported entities
RUN-1001 : Exported ports
RUN-1001 : Exported pins
RUN-1001 : Exported instances
RUN-1001 : Exported nets
RUN-1001 : Exported buses
RUN-1001 : Exported models
RUN-1001 : Exported congestions
RUN-1001 : Exported violations
RUN-1001 : Exported IO constraints
RUN-1001 : Exported Inst constraints
RUN-1001 : Exported ChipWatcher
RUN-1002 : start command "route"
RUN-1001 : Open license file C:/Anlogic/TD5.6.2/license/Anlogic.lic
RUN-1001 : Print Global Property
RUN-1001 : ---------------------------------------------------------------
RUN-1001 :        Parameters        |  Settings  |  Default Values  |  Note  
RUN-1001 : ---------------------------------------------------------------
RUN-1001 :          message         |  standard  |     standard     |        
RUN-1001 :   mixed_pack_place_flow  |     on     |        on        |        
RUN-1001 :        qor_monitor       |    off     |       off        |        
RUN-1001 :        syn_ip_flow       |    off     |       off        |        
RUN-1001 :          thread          |    auto    |       auto       |        
RUN-1001 : ---------------------------------------------------------------
RUN-1001 : Print Route Property
RUN-1001 : -------------------------------------------------------
RUN-1001 :    Parameters    |  Settings  |  Default Values  |  Note  
RUN-1001 : -------------------------------------------------------
RUN-1001 :      effort      |   medium   |      medium      |        
RUN-1001 :     fix_hold     |    off     |       off        |        
RUN-1001 :    opt_timing    |   medium   |      medium      |        
RUN-1001 :   phy_sim_model  |    off     |       off        |        
RUN-1001 :     priority     |   timing   |      timing      |        
RUN-1001 :     swap_pin     |     on     |        on        |        
RUN-1001 : -------------------------------------------------------
PHY-1001 : Route runs in 16 thread(s)
RUN-1001 : There are total 486 instances
RUN-1001 : 225 mslices, 225 lslices, 25 pads, 3 brams, 0 dsps
RUN-1001 : There are total 1126 nets
RUN-1001 : 501 nets have 2 pins
RUN-1001 : 513 nets have [3 - 5] pins
RUN-1001 : 69 nets have [6 - 10] pins
RUN-1001 : 29 nets have [11 - 20] pins
RUN-1001 : 10 nets have [21 - 99] pins
RUN-1001 : 4 nets have 100+ pins
RUN-1002 : start command "start_timer -report"
TMR-5001 WARNING: No sdc constraints found while initiating timer.
TMR-2505 : Start building timing graph for model rx_top.
TMR-2506 : Build timing graph completely. Port num: 8, tpin num: 4439, tnet num: 1124, tinst num: 484, tnode num: 5721, tedge num: 7521.
TMR-2508 : Levelizing timing graph completed, there are 29 levels in total.
TMR-2501 : Timing graph initialized successfully.
PHY-1001 : 225 mslices, 225 lslices, 25 pads, 3 brams, 0 dsps
TMR-2503 : Start to update net delay, extr mode = 3.
TMR-2504 : Update delay of 1124 nets completely.
TMR-2502 : Annotate delay completely, extr mode = 3.
TMR-3002 : No user constraint, initiate default constraint.
TMR-1501 : Assign derive clock DeriveClock to 628 clock pins, and constraint 1282 relative nodes.
TMR-3003 : Constraints initiated successfully.
TMR-3501 : Forward propagation: start to calculate arrival time...
TMR-3502 : Backward propagation: start to calculate required time...
TMR-3503 : Timing propagation completes.
PHY-1001 : Start global routing, caller is route ...
RUN-1001 : Generating global routing grids ...
PHY-1001 : Generate routing nets ...
PHY-1001 : Global iterations in 16 thread ...
PHY-1002 : len = 36176, over cnt = 125(0%), over = 189, worst = 4
PHY-1002 : len = 37184, over cnt = 52(0%), over = 61, worst = 3
PHY-1002 : len = 37992, over cnt = 3(0%), over = 3, worst = 1
PHY-1002 : len = 38040, over cnt = 0(0%), over = 0, worst = 0
PHY-1001 : End global iterations;  0.116565s wall, 0.156250s user + 0.000000s system = 0.156250s CPU (134.0%)

PHY-1001 : Congestion index: top1 = 26.79, top5 = 18.56, top10 = 12.28, top15 = 8.73.
PHY-1001 : End global routing;  0.170473s wall, 0.203125s user + 0.000000s system = 0.203125s CPU (119.2%)

PHY-1001 : Start detail routing ...
PHY-1001 : Current memory(MB): used = 204, reserve = 167, peak = 216.
PHY-1001 : Detailed router is running in normal mode.
PHY-1001 : Generate detailed routing grids ...
PHY-1001 : Processed IO instance DigitronCS_Out[3]_syn_2 with INV attribute.
PHY-1001 : Processed IO instance DigitronCS_Out[2]_syn_2 with INV attribute.
PHY-1001 : Processed IO instance DigitronCS_Out[1]_syn_2 with INV attribute.
PHY-1001 : Processed IO instance DigitronCS_Out[0]_syn_2 with INV attribute.
PHY-1001 : Generate nets ...
PHY-1001 : net CLK_dup_1 will be routed on clock mesh
PHY-1001 : clock net CLK_500K_syn_8 will be merged with clock CLK_500K
PHY-1001 : clock net RX_Done_Sig_syn_8 will be merged with clock RX_Done_Sig
PHY-1001 : clock net TX_Data_Valid_syn_8 will be merged with clock TX_Data_Valid
PHY-1001 : clock net U5/SingleNum_n_syn_3 will be merged with clock U5/SingleNum_n
PHY-1001 : clock net config_inst_syn_10 will be merged with clock config_inst_syn_9
PHY-1001 : Current memory(MB): used = 469, reserve = 437, peak = 469.
PHY-1001 : End build detailed router design. 3.255696s wall, 3.234375s user + 0.015625s system = 3.250000s CPU (99.8%)

PHY-1001 : Detail Route ...
PHY-1001 : ===== Detail Route Phase 1 =====
PHY-1001 : Clock net routing.....
PHY-1001 : Routed 0% nets.
PHY-1022 : len = 30608, over cnt = 0(0%), over = 0, worst = 0, crit = 0
PHY-1001 : End initial clock net routed; 2.743182s wall, 2.718750s user + 0.015625s system = 2.734375s CPU (99.7%)

PHY-1001 : Current memory(MB): used = 501, reserve = 470, peak = 501.
PHY-1001 : End phase 1; 2.748724s wall, 2.718750s user + 0.015625s system = 2.734375s CPU (99.5%)

PHY-1001 : ===== Detail Route Phase 2 =====
PHY-1001 : Initial routing.....
PHY-1001 : Routed 30% nets.
PHY-1001 : Routed 41% nets.
PHY-1001 : Routed 49% nets.
PHY-1001 : Routed 63% nets.
PHY-1001 : Routed 88% nets.
PHY-1022 : len = 148992, over cnt = 23(0%), over = 23, worst = 1, crit = 0
PHY-1001 : Current memory(MB): used = 501, reserve = 470, peak = 501.
PHY-1001 : End initial routed; 1.173858s wall, 1.484375s user + 0.187500s system = 1.671875s CPU (142.4%)

PHY-1001 : Current memory(MB): used = 501, reserve = 470, peak = 501.
PHY-1001 : End phase 2; 1.173947s wall, 1.484375s user + 0.187500s system = 1.671875s CPU (142.4%)

PHY-1001 : ===== Detail Route Phase 3 =====
PHY-1001 : Ripup-reroute.....
PHY-1001 : ===== DR Iter 1 =====
PHY-1022 : len = 148880, over cnt = 3(0%), over = 3, worst = 1, crit = 0
PHY-1001 : End DR Iter 1; 0.021402s wall, 0.015625s user + 0.031250s system = 0.046875s CPU (219.0%)

PHY-1001 : ===== DR Iter 2 =====
PHY-1022 : len = 148872, over cnt = 0(0%), over = 0, worst = 0, crit = 0
PHY-1001 : End DR Iter 2; 0.016238s wall, 0.015625s user + 0.000000s system = 0.015625s CPU (96.2%)

PHY-1001 : Commit to database.....
PHY-1001 : 7 feed throughs used by 7 nets
PHY-1001 : End commit to database; 0.119666s wall, 0.093750s user + 0.015625s system = 0.109375s CPU (91.4%)

PHY-1001 : Current memory(MB): used = 513, reserve = 482, peak = 513.
PHY-1001 : End phase 3; 0.284568s wall, 0.265625s user + 0.046875s system = 0.312500s CPU (109.8%)

PHY-1003 : Routed, final wirelength = 148872
PHY-1001 : Current memory(MB): used = 513, reserve = 482, peak = 513.
PHY-1001 : End export database. 0.009019s wall, 0.015625s user + 0.000000s system = 0.015625s CPU (173.3%)

PHY-1001 : End detail routing;  7.687918s wall, 7.921875s user + 0.281250s system = 8.203125s CPU (106.7%)

RUN-1003 : finish command "route" in  8.130922s wall, 8.390625s user + 0.281250s system = 8.671875s CPU (106.7%)

RUN-1004 : used memory is 451 MB, reserved memory is 418 MB, peak memory is 513 MB
RUN-1002 : start command "report_area -io_info -file rx_top_phy.area"
RUN-1001 : standard
***Report Model: rx_top Device: EG4S20BG256***

IO Statistics
#IO                        25
  #input                    4
  #output                  21
  #inout                    0

Utilization Statistics
#lut                      684   out of  19600    3.49%
#reg                      511   out of  19600    2.61%
#le                       857
  #lut only               346   out of    857   40.37%
  #reg only               173   out of    857   20.19%
  #lut&reg                338   out of    857   39.44%
#dsp                        0   out of     29    0.00%
#bram                       3   out of     64    4.69%
  #bram9k                   3
  #fifo9k                   0
#bram32k                    0   out of     16    0.00%
#pad                       25   out of    188   13.30%
  #ireg                     1
  #oreg                    12
  #treg                     0
#pll                        0   out of      4    0.00%
#gclk                       5   out of     16   31.25%

Clock Resource Statistics
Index     ClockNet             Type               DriverType         Driver                        Fanout
#1        config_inst_syn_9    GCLK               config             config_inst.jtck              149
#2        CLK_500K             GCLK               mslice             cnt2_b[4]_syn_19.q0           124
#3        CLK_dup_1            GCLK               io                 CLK_syn_2.di                  18
#4        RX_Done_Sig          GCLK               mslice             U3/reg1_syn_117.q0            10
#5        U5/SingleNum_n       GCLK               lslice             U5/SingleNum_n_syn_7.f0       7
#6        TX_Data_Valid        GCLK               lslice             U6/rTX_Data_Valid_syn_8.f1    5


Detailed IO Report

        Name           Direction    Location    IOStandard    DriveStrength    PullType    PackReg  
         CLK             INPUT         R7        LVCMOS33          N/A          PULLUP      NONE    
        RSTn             INPUT         A9        LVCMOS33          N/A          PULLUP      NONE    
      RX_En_Sig          INPUT        A10        LVCMOS33          N/A          PULLUP      NONE    
      RX_Pin_In          INPUT        F12        LVCMOS33          N/A          PULLUP      IREG    
  DigitronCS_Out[3]     OUTPUT         A3        LVCMOS33           8            NONE       OREG    
  DigitronCS_Out[2]     OUTPUT         A5        LVCMOS33           8            NONE       OREG    
  DigitronCS_Out[1]     OUTPUT         B6        LVCMOS33           8            NONE       OREG    
  DigitronCS_Out[0]     OUTPUT         C9        LVCMOS33           8            NONE       OREG    
   Digitron_Out[7]      OUTPUT         C8        LVCMOS33           8            NONE       NONE    
   Digitron_Out[6]      OUTPUT         A8        LVCMOS33           8            NONE       NONE    
   Digitron_Out[5]      OUTPUT         B5        LVCMOS33           8            NONE       NONE    
   Digitron_Out[4]      OUTPUT         A7        LVCMOS33           8            NONE       NONE    
   Digitron_Out[3]      OUTPUT         E8        LVCMOS33           8            NONE       NONE    
   Digitron_Out[2]      OUTPUT         B8        LVCMOS33           8            NONE       NONE    
   Digitron_Out[1]      OUTPUT         A6        LVCMOS33           8            NONE       NONE    
   Digitron_Out[0]      OUTPUT         A4        LVCMOS33           8            NONE       NONE    
     LED_Out[7]         OUTPUT        F16        LVCMOS33           8            NONE       OREG    
     LED_Out[6]         OUTPUT        E16        LVCMOS33           8            NONE       OREG    
     LED_Out[5]         OUTPUT        E13        LVCMOS33           8            NONE       OREG    
     LED_Out[4]         OUTPUT        C16        LVCMOS33           8            NONE       OREG    
     LED_Out[3]         OUTPUT        C15        LVCMOS33           8            NONE       OREG    
     LED_Out[2]         OUTPUT        B16        LVCMOS33           8            NONE       OREG    
     LED_Out[1]         OUTPUT        B15        LVCMOS33           8            NONE       OREG    
     LED_Out[0]         OUTPUT        B14        LVCMOS33           8            NONE       OREG    
     TX_Pin_Out         OUTPUT        D12        LVCMOS33           8            NONE       NONE    

Report Hierarchy Area:
+---------------------------------------------------------------------------------------------------------------+
|Instance                             |Module              |le     |lut     |ripple  |seq     |bram    |dsp     |
+---------------------------------------------------------------------------------------------------------------+
|top                                  |rx_top              |857    |562     |122     |524     |3       |0       |
|  U1                                 |detect_module       |1      |1       |0       |1       |0       |0       |
|  U2                                 |rx_bps_module       |27     |23      |4       |13      |0       |0       |
|  U3                                 |rx_control_module   |44     |39      |5       |14      |0       |0       |
|  U5                                 |Digitron_NumDisplay |108    |88      |18      |22      |0       |0       |
|  U6                                 |calculate_rx        |33     |29      |0       |25      |0       |0       |
|  U7                                 |tx_bitrate          |22     |18      |4       |13      |0       |0       |
|  U8                                 |uart_tx             |35     |35      |0       |16      |0       |0       |
|  cw_top                             |CW_TOP_WRAPPER      |556    |308     |81      |395     |0       |0       |
|    wrapper_cwc_top                  |cwc_top             |556    |308     |81      |395     |0       |0       |
|      cfg_int_inst                   |cwc_cfg_int         |263    |113     |0       |261     |0       |0       |
|        reg_inst                     |register            |261    |111     |0       |259     |0       |0       |
|        tap_inst                     |tap                 |2      |2       |0       |2       |0       |0       |
|      trigger_inst                   |trigger             |293    |195     |81      |134     |0       |0       |
|        bus_inst                     |bus_top             |64     |42      |16      |40      |0       |0       |
|          BUS_DETECTOR[0]$bus_nodes  |bus_det             |13     |6       |6       |5       |0       |0       |
|          BUS_DETECTOR[10]$bus_nodes |bus_det             |3      |3       |0       |3       |0       |0       |
|          BUS_DETECTOR[11]$bus_nodes |bus_det             |1      |1       |0       |1       |0       |0       |
|          BUS_DETECTOR[12]$bus_nodes |bus_det             |2      |2       |0       |2       |0       |0       |
|          BUS_DETECTOR[13]$bus_nodes |bus_det             |2      |2       |0       |2       |0       |0       |
|          BUS_DETECTOR[14]$bus_nodes |bus_det             |2      |1       |0       |2       |0       |0       |
|          BUS_DETECTOR[1]$bus_nodes  |bus_det             |3      |3       |0       |3       |0       |0       |
|          BUS_DETECTOR[2]$bus_nodes  |bus_det             |2      |0       |0       |2       |0       |0       |
|          BUS_DETECTOR[3]$bus_nodes  |bus_det             |4      |2       |0       |4       |0       |0       |
|          BUS_DETECTOR[4]$bus_nodes  |bus_det             |2      |2       |0       |2       |0       |0       |
|          BUS_DETECTOR[6]$bus_nodes  |bus_det             |2      |2       |0       |2       |0       |0       |
|          BUS_DETECTOR[7]$bus_nodes  |bus_det             |1      |1       |0       |1       |0       |0       |
|          BUS_DETECTOR[9]$bus_nodes  |bus_det             |27     |17      |10      |11      |0       |0       |
|        emb_ctrl_inst                |emb_ctrl            |130    |97      |33      |60      |0       |0       |
+---------------------------------------------------------------------------------------------------------------+


DataNet Average Fanout:

   Index     Fanout     Nets  
    #1          1       476   
    #2          2       399   
    #3          3        83   
    #4          4        26   
    #5        5-10       74   
    #6        11-50      25   
    #7       51-100      4    
    #8       101-500     1    
  Average     2.72            

RUN-1002 : start command "export_db rx_top_pr.db"
RUN-1001 : Exported /
RUN-1001 : Exported flow parameters
RUN-1001 : Exported libs
RUN-1001 : Exported entities
RUN-1001 : Exported ports
RUN-1001 : Exported pins
RUN-1001 : Exported instances
RUN-1001 : Exported nets
RUN-1001 : Exported buses
RUN-1001 : Exported models
RUN-1001 : Exported congestions
RUN-1001 : Exported violations
RUN-1001 : Exported IO constraints
RUN-1001 : Exported Inst constraints
RUN-1001 : Exported ChipWatcher
RUN-1002 : start command "export_bid rx_top_inst.bid"
PRG-1000 : <!-- HMAC is: fcff752b04e89b1686f001635a015142458698f0313e9ec6487ef04f0cab346d -->
RUN-1002 : start command "bitgen -bit rx_top.bit -unused_io_status pulldown"
BIT-1003 : Start to generate bitstream. 
BIT-1002 : Bitgen processed 163 unused pads, reserve input tri_state with pulldown
BIT-1002 : Init instances with 16 threads.
BIT-1002 : Init instances completely, inst num: 647
BIT-1002 : Init pips with 16 threads.
BIT-1002 : Init pips completely, net num: 1126, pip num: 10319
BIT-1002 : Init feedthrough completely, num: 7
BIT-1003 : Multithreading accelaration with 16 threads.
BIT-1003 : Generate bitstream completely, there are 1292 valid insts, and 28659 bits set as '1'.
BIT-1004 : the usercode register value: 00000000101000111100100000100010
BIT-1004 : PLL setting string = 0000
BIT-1004 : Generate bits file rx_top.bit.
RUN-1003 : finish command "bitgen -bit rx_top.bit -unused_io_status pulldown" in  1.829681s wall, 13.625000s user + 0.359375s system = 13.984375s CPU (764.3%)

RUN-1004 : used memory is 457 MB, reserved memory is 431 MB, peak memory is 649 MB
RUN-1002 : start command "backup_run_log run.log ../.logs/phy_1/td_20240827_225355.log"
