============================================================
   Tang Dynasty, V5.6.71036
      Copyright (c) 2012-2023 Anlogic Inc.
   Executable = C:/Anlogic/TD5.6.2/bin/td.exe
   Built at =   20:34:38 Mar 21 2023
   Run by =     Lenovo
   Run Date =   Wed Aug 28 10:12:23 2024

   Run on =     LAPTOP-QRG7LJL6
============================================================
RUN-1002 : start command "open_project rx_top.prj"
RUN-1001 : Print Global Property
RUN-1001 : ---------------------------------------------------------------
RUN-1001 :        Parameters        |  Settings  |  Default Values  |  Note  
RUN-1001 : ---------------------------------------------------------------
RUN-1001 :          message         |  standard  |     standard     |        
RUN-1001 :   mixed_pack_place_flow  |     on     |        on        |        
RUN-1001 :        qor_monitor       |    off     |       off        |        
RUN-1001 :        syn_ip_flow       |    off     |       off        |        
RUN-1001 :          thread          |    auto    |       auto       |        
RUN-1001 : ---------------------------------------------------------------
RUN-1001 : Print Design Property
RUN-1001 : --------------------------------------------------------------
RUN-1001 :        Parameters       |  Settings  |  Default Values  |  Note  
RUN-1001 : --------------------------------------------------------------
RUN-1001 :   default_reg_initial   |    auto    |       auto       |        
RUN-1001 :        infer_add        |     on     |        on        |        
RUN-1001 :        infer_fsm        |    off     |       off        |        
RUN-1001 :        infer_mult       |     on     |        on        |        
RUN-1001 :        infer_ram        |     on     |        on        |        
RUN-1001 :        infer_reg        |     on     |        on        |        
RUN-1001 :   infer_reg_init_value  |     on     |        on        |        
RUN-1001 :        infer_rom        |     on     |        on        |        
RUN-1001 :      infer_shifter      |     on     |        on        |        
RUN-1001 : --------------------------------------------------------------
RUN-1001 : Print Rtl Property
RUN-1001 : --------------------------------------------------------------
RUN-1001 :        Parameters       |  Settings  |  Default Values  |  Note  
RUN-1001 : --------------------------------------------------------------
RUN-1001 :       compress_add      |   ripple   |      ripple      |        
RUN-1001 :        elf_sload        |    off     |       off        |        
RUN-1001 :       fix_undriven      |     0      |        0         |        
RUN-1001 :         flatten         |    off     |       off        |        
RUN-1001 :       gate_sharing      |     on     |        on        |        
RUN-1001 :    hdl_warning_level    |   normal   |      normal      |        
RUN-1001 :   impl_internal_tribuf  |     on     |        on        |        
RUN-1001 :      impl_set_reset     |     on     |        on        |        
RUN-1001 :        infer_gsr        |    off     |       off        |        
RUN-1001 :      keep_hierarchy     |    auto    |       auto       |        
RUN-1001 :        max_fanout       |    9999    |       9999       |        
RUN-1001 :      max_oh2bin_len     |     10     |        10        |        
RUN-1001 :       merge_equal       |     on     |        on        |        
RUN-1001 :       merge_equiv       |     on     |        on        |        
RUN-1001 :        merge_mux        |    off     |       off        |        
RUN-1001 :     min_control_set     |     8      |        8         |        
RUN-1001 :      min_ripple_len     |    auto    |       auto       |        
RUN-1001 :       oh2bin_ratio      |    0.08    |       0.08       |        
RUN-1001 :     opt_adder_fanout    |     on     |        on        |        
RUN-1001 :        opt_arith        |     on     |        on        |        
RUN-1001 :       opt_big_gate      |    off     |       off        |        
RUN-1001 :        opt_const        |     on     |        on        |        
RUN-1001 :      opt_const_mult     |     on     |        on        |        
RUN-1001 :       opt_lessthan      |     on     |        on        |        
RUN-1001 :         opt_mux         |    off     |       off        |        
RUN-1001 :         opt_ram         |    high    |       high       |        
RUN-1001 :      rtl_sim_model      |    off     |       off        |        
RUN-1001 :         seq_syn         |     on     |        on        |        
RUN-1001 : --------------------------------------------------------------
HDL-1007 : analyze verilog file ../../Digitron_NumDisplay.v
HDL-1007 : analyze verilog file ../../LED_display_module.v
HDL-5007 WARNING: empty port in module declaration in ../../LED_display_module.v(3)
HDL-1007 : analyze verilog file ../../detect_module.v
HDL-1007 : analyze verilog file ../../rx_bps_module.v
HDL-1007 : analyze verilog file ../../rx_control_module.v
HDL-1007 : analyze verilog file ../../rx_top.v
HDL-1007 : analyze verilog file ../../tx_control.v
HDL-1007 : analyze verilog file ../../calculate_rx.v
HDL-1007 : analyze verilog file ../../tx_bitrate.v
RUN-1001 : Project manager successfully analyzed 9 source files.
RUN-1002 : start command "import_device eagle_s20.db -package EG4S20BG256"
ARC-1001 : Device Initialization.
ARC-1001 : ------------------------------------------------------------------
ARC-1001 :            OPTION            |          IO          |   SETTING   
ARC-1001 : ------------------------------------------------------------------
ARC-1001 :   cso_b/cclk/mosi/miso/dout  |  T3/R11/T10/P10/S11  |    gpio    
ARC-1001 :             done             |         P13          |    gpio    
ARC-1001 :           program_b          |          T2          |  dedicate  
ARC-1001 :        tdi/tms/tck/tdo       |   C12/A15/C14/E14    |  dedicate  
ARC-1001 : ------------------------------------------------------------------
ARC-1004 : Device setting, marked 5 dedicate IOs in total.
RUN-1002 : start command "import_db ../syn_1/rx_top_gate.db"
RUN-1001 : Importing database generated by Tang Dynasty, V5.6.71036.
RUN-1001 : Database version number 46146.
RUN-1001 : Import flow parameters
RUN-1001 : Import IO constraints
RUN-1001 : Import Inst constraints
RUN-1001 : Import design success TD_VERSION=5.6.71036 , DB_VERSION=46146
RUN-1002 : start command "config_chipwatcher ../../tx.cwc -dir "
RUN-1002 : start command "legalize_phy_inst"
SYN-1011 : Flatten model rx_top
KIT-1004 : ChipWatcher: import watcher inst auto_chipwatcher_0 completed, there are 11 view nodes, 22 trigger nets, 22 data nets.
KIT-1004 : Chipwatcher code = 0111110000001011
RUN-1002 : start command "compile_watcher"
RUN-1002 : start command "read_verilog -no_sch -dir C:/Anlogic/TD5.6.2/cw/ -file rx_top_watcherInst.sv -lib cw -top CW_TOP_WRAPPER"
HDL-1007 : analyze verilog file C:/Anlogic/TD5.6.2/cw\bus_det.v
HDL-1007 : analyze verilog file C:/Anlogic/TD5.6.2/cw\bus_top.sv
HDL-1007 : analyze verilog file C:/Anlogic/TD5.6.2/cw\cfg_int.v
HDL-1007 : analyze verilog file C:/Anlogic/TD5.6.2/cw\cwc_cfg_int.v
HDL-1007 : analyze verilog file C:/Anlogic/TD5.6.2/cw\cwc_top.sv
HDL-1007 : analyze verilog file C:/Anlogic/TD5.6.2/cw\detect_bus.v
HDL-1007 : analyze verilog file C:/Anlogic/TD5.6.2/cw\detect_non_bus.v
HDL-1007 : analyze verilog file C:/Anlogic/TD5.6.2/cw\emb_ctrl.v
HDL-1007 : analyze verilog file C:/Anlogic/TD5.6.2/cw\register.v
HDL-1007 : analyze verilog file C:/Anlogic/TD5.6.2/cw\tap.v
HDL-1007 : analyze verilog file C:/Anlogic/TD5.6.2/cw\trigger.sv
HDL-1007 : analyze verilog file rx_top_watcherInst.sv
HDL-1007 : elaborate module CW_TOP_WRAPPER in rx_top_watcherInst.sv(1)
HDL-1007 : elaborate module cwc_top(BUS_NUM=11,BUS_DIN_NUM=22,BUS_CTRL_NUM=88,BUS_WIDTH='{32'sb01,32'sb0100,32'sb01,32'sb010,32'sb01000,32'sb01,32'sb01,32'sb01,32'sb01,32'sb01,32'sb01},BUS_DIN_POS='{32'sb0,32'sb01,32'sb0101,32'sb0110,32'sb01000,32'sb010000,32'sb010001,32'sb010010,32'sb010011,32'sb010100,32'sb010101},BUS_CTRL_POS='{32'sb0,32'sb0110,32'sb010010,32'sb011000,32'sb0100000,32'sb0110100,32'sb0111010,32'sb01000000,32'sb01000110,32'sb01001100,32'sb01010010}) in C:/Anlogic/TD5.6.2/cw\cwc_top.sv(21)
HDL-1007 : elaborate module cwc_cfg_int(CTRL_REG_LEN=110) in C:/Anlogic/TD5.6.2/cw\cwc_cfg_int.v(21)
HDL-1007 : elaborate module register(CTRL_REG_LEN=110) in C:/Anlogic/TD5.6.2/cw\register.v(21)
HDL-1007 : elaborate module tap in C:/Anlogic/TD5.6.2/cw\tap.v(21)
HDL-1007 : elaborate module trigger(BUS_NUM=11,BUS_DIN_NUM=22,BUS_CTRL_NUM=88,BUS_WIDTH='{32'sb01,32'sb0100,32'sb01,32'sb010,32'sb01000,32'sb01,32'sb01,32'sb01,32'sb01,32'sb01,32'sb01},BUS_DIN_POS='{32'sb0,32'sb01,32'sb0101,32'sb0110,32'sb01000,32'sb010000,32'sb010001,32'sb010010,32'sb010011,32'sb010100,32'sb010101},BUS_CTRL_POS='{32'sb0,32'sb0110,32'sb010010,32'sb011000,32'sb0100000,32'sb0110100,32'sb0111010,32'sb01000000,32'sb01000110,32'sb01001100,32'sb01010010}) in C:/Anlogic/TD5.6.2/cw\trigger.sv(21)
HDL-1007 : elaborate module bus_top(BUS_NODE_NUM=11,BUS_DIN_NUM=22,BUS_CTRL_NUM=88,BUS_WIDTH='{32'sb01,32'sb0100,32'sb01,32'sb010,32'sb01000,32'sb01,32'sb01,32'sb01,32'sb01,32'sb01,32'sb01},BUS_DIN_POS='{32'sb0,32'sb01,32'sb0101,32'sb0110,32'sb01000,32'sb010000,32'sb010001,32'sb010010,32'sb010011,32'sb010100,32'sb010101},BUS_CTRL_POS='{32'sb0,32'sb0110,32'sb010010,32'sb011000,32'sb0100000,32'sb0110100,32'sb0111010,32'sb01000000,32'sb01000110,32'sb01001100,32'sb01010010}) in C:/Anlogic/TD5.6.2/cw\bus_top.sv(22)
HDL-1007 : elaborate module bus_det(BUS_WIDTH=32'sb01) in C:/Anlogic/TD5.6.2/cw\bus_det.v(21)
HDL-1007 : elaborate module bus_det(BUS_WIDTH=32'sb0100) in C:/Anlogic/TD5.6.2/cw\bus_det.v(21)
HDL-1007 : elaborate module bus_det(BUS_WIDTH=32'sb010) in C:/Anlogic/TD5.6.2/cw\bus_det.v(21)
HDL-1007 : elaborate module bus_det(BUS_WIDTH=32'sb01000) in C:/Anlogic/TD5.6.2/cw\bus_det.v(21)
HDL-1007 : elaborate module emb_ctrl in C:/Anlogic/TD5.6.2/cw\emb_ctrl.v(21)
HDL-1200 : Current top model is CW_TOP_WRAPPER
HDL-1100 : Inferred 0 RAMs.
RUN-1002 : start command "force_keep -a auto_chipwatcher_0_logicbram"
RUN-1002 : start command "optimize_rtl -no_sch"
RUN-1001 : Open license file C:/Anlogic/TD5.6.2/license/Anlogic.lic
RUN-1001 : Print Global Property
RUN-1001 : ---------------------------------------------------------------
RUN-1001 :        Parameters        |  Settings  |  Default Values  |  Note  
RUN-1001 : ---------------------------------------------------------------
RUN-1001 :          message         |  standard  |     standard     |        
RUN-1001 :   mixed_pack_place_flow  |     on     |        on        |        
RUN-1001 :        qor_monitor       |    off     |       off        |        
RUN-1001 :        syn_ip_flow       |    off     |       off        |        
RUN-1001 :          thread          |    auto    |       auto       |        
RUN-1001 : ---------------------------------------------------------------
RUN-1001 : Print Rtl Property
RUN-1001 : --------------------------------------------------------------
RUN-1001 :        Parameters       |  Settings  |  Default Values  |  Note  
RUN-1001 : --------------------------------------------------------------
RUN-1001 :       compress_add      |   ripple   |      ripple      |        
RUN-1001 :        elf_sload        |    off     |       off        |        
RUN-1001 :       fix_undriven      |     0      |        0         |        
RUN-1001 :         flatten         |    off     |       off        |        
RUN-1001 :       gate_sharing      |     on     |        on        |        
RUN-1001 :    hdl_warning_level    |   normal   |      normal      |        
RUN-1001 :   impl_internal_tribuf  |     on     |        on        |        
RUN-1001 :      impl_set_reset     |     on     |        on        |        
RUN-1001 :        infer_gsr        |    off     |       off        |        
RUN-1001 :      keep_hierarchy     |    auto    |       auto       |        
RUN-1001 :        max_fanout       |    9999    |       9999       |        
RUN-1001 :      max_oh2bin_len     |     10     |        10        |        
RUN-1001 :       merge_equal       |     on     |        on        |        
RUN-1001 :       merge_equiv       |     on     |        on        |        
RUN-1001 :        merge_mux        |    off     |       off        |        
RUN-1001 :     min_control_set     |     8      |        8         |        
RUN-1001 :      min_ripple_len     |    auto    |       auto       |        
RUN-1001 :       oh2bin_ratio      |    0.08    |       0.08       |        
RUN-1001 :     opt_adder_fanout    |     on     |        on        |        
RUN-1001 :        opt_arith        |     on     |        on        |        
RUN-1001 :       opt_big_gate      |    off     |       off        |        
RUN-1001 :        opt_const        |     on     |        on        |        
RUN-1001 :      opt_const_mult     |     on     |        on        |        
RUN-1001 :       opt_lessthan      |     on     |        on        |        
RUN-1001 :         opt_mux         |    off     |       off        |        
RUN-1001 :         opt_ram         |    high    |       high       |        
RUN-1001 :      rtl_sim_model      |    off     |       off        |        
RUN-1001 :         seq_syn         |     on     |        on        |        
RUN-1001 : --------------------------------------------------------------
SYN-1012 : SanityCheck: Model "rx_top"
SYN-1012 : SanityCheck: Model "CW_TOP_WRAPPER"
SYN-1012 : SanityCheck: Model "cwc_top(BUS_NUM=11,BUS_DIN_NUM=22,BUS_CTRL_NUM=88,BUS_WIDTH='{32'sb01,32'sb0100,32'sb01,32'sb010,32'sb01000,32'sb01,32'sb01,32'sb01,32'sb01,32'sb01,32'sb01},BUS_DIN_POS='{32'sb0,32'sb01,32'sb0101,32'sb0110,32'sb01000,32'sb010000,32'sb010001,32'sb010010,32'sb010011,32'sb010100,32'sb010101},BUS_CTRL_POS='{32'sb0,32'sb0110,32'sb010010,32'sb011000,32'sb0100000,32'sb0110100,32'sb0111010,32'sb01000000,32'sb01000110,32'sb01001100,32'sb01010010})"
SYN-1012 : SanityCheck: Model "cwc_cfg_int(CTRL_REG_LEN=110)"
SYN-1012 : SanityCheck: Model "register(CTRL_REG_LEN=110)"
SYN-1012 : SanityCheck: Model "tap"
SYN-1012 : SanityCheck: Model "trigger(BUS_NUM=11,BUS_DIN_NUM=22,BUS_CTRL_NUM=88,BUS_WIDTH='{32'sb01,32'sb0100,32'sb01,32'sb010,32'sb01000,32'sb01,32'sb01,32'sb01,32'sb01,32'sb01,32'sb01},BUS_DIN_POS='{32'sb0,32'sb01,32'sb0101,32'sb0110,32'sb01000,32'sb010000,32'sb010001,32'sb010010,32'sb010011,32'sb010100,32'sb010101},BUS_CTRL_POS='{32'sb0,32'sb0110,32'sb010010,32'sb011000,32'sb0100000,32'sb0110100,32'sb0111010,32'sb01000000,32'sb01000110,32'sb01001100,32'sb01010010})"
SYN-1012 : SanityCheck: Model "bus_top(BUS_NODE_NUM=11,BUS_DIN_NUM=22,BUS_CTRL_NUM=88,BUS_WIDTH='{32'sb01,32'sb0100,32'sb01,32'sb010,32'sb01000,32'sb01,32'sb01,32'sb01,32'sb01,32'sb01,32'sb01},BUS_DIN_POS='{32'sb0,32'sb01,32'sb0101,32'sb0110,32'sb01000,32'sb010000,32'sb010001,32'sb010010,32'sb010011,32'sb010100,32'sb010101},BUS_CTRL_POS='{32'sb0,32'sb0110,32'sb010010,32'sb011000,32'sb0100000,32'sb0110100,32'sb0111010,32'sb01000000,32'sb01000110,32'sb01001100,32'sb01010010})"
SYN-1012 : SanityCheck: Model "bus_det(BUS_WIDTH=32'sb01)"
SYN-1012 : SanityCheck: Model "bus_det(BUS_WIDTH=32'sb0100)"
SYN-1012 : SanityCheck: Model "bus_det(BUS_WIDTH=32'sb010)"
SYN-1012 : SanityCheck: Model "bus_det(BUS_WIDTH=32'sb01000)"
SYN-1012 : SanityCheck: Model "emb_ctrl"
SYN-1011 : Flatten model rx_top
SYN-1032 : 1865/41 useful/useless nets, 999/30 useful/useless insts
SYN-1016 : Merged 52 instances.
SYN-1032 : 1558/16 useful/useless nets, 1362/16 useful/useless insts
SYN-1014 : Optimize round 1
SYN-1032 : 1542/16 useful/useless nets, 1350/12 useful/useless insts
SYN-1021 : Optimized 3 onehot mux instances.
SYN-1020 : Optimized 1 distributor mux.
SYN-1019 : Optimized 3 mux instances.
SYN-1015 : Optimize round 1, 380 better
SYN-1014 : Optimize round 2
SYN-1032 : 1260/45 useful/useless nets, 1068/48 useful/useless insts
SYN-1015 : Optimize round 2, 96 better
SYN-1014 : Optimize round 1
SYN-1015 : Optimize round 1, 0 better
RUN-1002 : start command "optimize_gate -no_sch"
RUN-1001 : Open license file C:/Anlogic/TD5.6.2/license/Anlogic.lic
RUN-1001 : Print Global Property
RUN-1001 : ---------------------------------------------------------------
RUN-1001 :        Parameters        |  Settings  |  Default Values  |  Note  
RUN-1001 : ---------------------------------------------------------------
RUN-1001 :          message         |  standard  |     standard     |        
RUN-1001 :   mixed_pack_place_flow  |     on     |        on        |        
RUN-1001 :        qor_monitor       |    off     |       off        |        
RUN-1001 :        syn_ip_flow       |    off     |       off        |        
RUN-1001 :          thread          |    auto    |       auto       |        
RUN-1001 : ---------------------------------------------------------------
RUN-1001 : Print Gate Property
RUN-1001 : ------------------------------------------------------------------
RUN-1001 :          Parameters         |  Settings  |  Default Values  |  Note  
RUN-1001 : ------------------------------------------------------------------
RUN-1001 :         cascade_dsp         |    off     |       off        |        
RUN-1001 :         cascade_eram        |    off     |       off        |        
RUN-1001 :        gate_sim_model       |    off     |       off        |        
RUN-1001 :        map_sim_model        |    off     |       off        |        
RUN-1001 :         map_strategy        |     1      |        1         |        
RUN-1001 :           opt_area          |   medium   |      medium      |        
RUN-1001 :          opt_timing         |    auto    |       auto       |        
RUN-1001 :         pack_effort         |   medium   |      medium      |        
RUN-1001 :      pack_lslice_ripple     |     on     |        on        |        
RUN-1001 :   pack_lslice_ripple_ratio  |    0.5     |       0.5        |        
RUN-1001 :        pack_seq_in_io       |    auto    |       auto       |        
RUN-1001 :        ph1_mux_ratio        |    1.0     |       1.0        |        
RUN-1001 :            report           |  standard  |     standard     |        
RUN-1001 :           retiming          |    off     |       off        |        
RUN-1001 : ------------------------------------------------------------------
SYN-2001 : Map 25 IOs to PADs
RUN-1002 : start command "update_pll_param -module rx_top"
SYN-2501 : Processed 0 LOGIC_BUF instances.
SYN-2512 : LOGIC BRAM "auto_chipwatcher_0_logicbram"
SYN-2571 : Optimize after map_dsp, round 1
SYN-1032 : 1284/153 useful/useless nets, 1111/27 useful/useless insts
SYN-1016 : Merged 21 instances.
SYN-2571 : Optimize after map_dsp, round 1, 201 better
SYN-2571 : Optimize after map_dsp, round 2
SYN-2571 : Optimize after map_dsp, round 2, 0 better
SYN-1001 : Throwback 4 control mux instances
SYN-2501 : Optimize round 1
SYN-1016 : Merged 15 instances.
SYN-2501 : Optimize round 1, 31 better
SYN-2501 : Optimize round 2
SYN-2501 : Optimize round 2, 0 better
SYN-2501 : Map 16 macro adder
SYN-1019 : Optimized 13 mux instances.
SYN-1016 : Merged 15 instances.
SYN-1032 : 1658/5 useful/useless nets, 1485/4 useful/useless insts
SYN-3001 : Running gate level optimization.
SYN-2581 : Mapping with K=5, #lut = 188 (3.85), #lev = 6 (2.23)
SYN-2551 : Post LUT mapping optimization.
SYN-2581 : Mapping with K=5, #lut = 187 (3.98), #lev = 4 (1.96)
SYN-3001 : Logic optimization runtime opt =   0.03 sec, map =   0.00 sec
SYN-3001 : Mapper mapped 558 instances into 187 LUTs, name keeping = 70%.
SYN-1001 : Packing model "rx_top" ...
SYN-4010 : Pack lib has 58 rtl pack models with 25 top pack blocks
SYN-1014 : Optimize round 1
SYN-1015 : Optimize round 1, 0 better
SYN-4002 : Packing 346 DFF/LATCH to SEQ ...
SYN-4009 : Pack 6 carry chain into lslice
SYN-4007 : Packing 101 adder to BLE ...
SYN-4008 : Packed 101 adder and 0 SEQ to BLE.
SYN-4007 : Packing 0 gate4 to BLE ...
SYN-4008 : Packed 0 gate4 and 0 SEQ to BLE.
SYN-4012 : Packed 0 FxMUX
RUN-1002 : start command "legalize_phy_inst"
SYN-1011 : Flatten model rx_top
KIT-1004 : Compile Chipwatcher: Clear obsolete physical data.
RUN-1002 : start command "place"
RUN-1001 : Open license file C:/Anlogic/TD5.6.2/license/Anlogic.lic
RUN-1001 : Print Global Property
RUN-1001 : ---------------------------------------------------------------
RUN-1001 :        Parameters        |  Settings  |  Default Values  |  Note  
RUN-1001 : ---------------------------------------------------------------
RUN-1001 :          message         |  standard  |     standard     |        
RUN-1001 :   mixed_pack_place_flow  |     on     |        on        |        
RUN-1001 :        qor_monitor       |    off     |       off        |        
RUN-1001 :        syn_ip_flow       |    off     |       off        |        
RUN-1001 :          thread          |    auto    |       auto       |        
RUN-1001 : ---------------------------------------------------------------
RUN-1001 : Print Place Property
RUN-1001 : --------------------------------------------------------------
RUN-1001 :        Parameters       |  Settings  |  Default Values  |  Note  
RUN-1001 : --------------------------------------------------------------
RUN-1001 :      detailed_place     |     on     |        on        |        
RUN-1001 :          effort         |   medium   |      medium      |        
RUN-1001 :         fix_hold        |    off     |       off        |        
RUN-1001 :       legalization      |    ori     |       ori        |        
RUN-1001 :      new_spreading      |     on     |        on        |        
RUN-1001 :        opt_timing       |   medium   |      medium      |        
RUN-1001 :   post_clock_route_opt  |    off     |       off        |        
RUN-1001 :       pr_strategy       |     1      |        1         |        
RUN-1001 :        relaxation       |    1.00    |       1.00       |        
RUN-1001 :         retiming        |    off     |       off        |        
RUN-1001 : --------------------------------------------------------------
PHY-3001 : Placer runs in 16 thread(s).
RUN-1002 : start command "legalize_phy_inst"
SYN-1011 : Flatten model rx_top
SYN-5055 WARNING: The kept net U2/BPS_CLK_n will be merged to another kept net BPS_CLK
SYN-5055 WARNING: The kept net U3/BPS_CLK will be merged to another kept net BPS_CLK
SYN-5055 WARNING: The kept net U1/CLK will be merged to another kept net CLK_500K
SYN-5055 WARNING: The kept net U3/isCount will be merged to another kept net Count_Sig
SYN-5055 WARNING: The kept net U2/Count_Sig will be merged to another kept net Count_Sig
SYN-5055 WARNING: The kept net U3/isDone will be merged to another kept net RX_Done_Sig
SYN-5055 WARNING: The kept net U6/RX_Done_Sig will be merged to another kept net RX_Done_Sig
SYN-5055 WARNING: The kept net U6/rTX_Data_n will be merged to another kept net TX_Data_Valid
SYN-5055 WARNING: The kept net U8/TX_Data_Valid will be merged to another kept net TX_Data_Valid
SYN-5055 WARNING: The kept net U1/neg_sig_n will be merged to another kept net neg_sig
SYN-5055 Similar messages will be suppressed.
RUN-1002 : start command "phys_opt -simplify_lut"
SYN-4016 : Net config_inst_syn_10 driven by BUFG (233 clock/control pins, 0 other pins).
SYN-4024 : Net "CLK_500K" drives clk pins.
SYN-4024 : Net "CLK_dup_1" drives clk pins.
SYN-4024 : Net "RX_Done_Sig" drives clk pins.
SYN-4024 : Net "U5/SingleNum_n" drives clk pins.
SYN-4024 : Net "TX_Data_Valid" drives clk pins.
SYN-4025 : Tag rtl::Net CLK_500K as clock net
SYN-4025 : Tag rtl::Net CLK_dup_1 as clock net
SYN-4025 : Tag rtl::Net RX_Done_Sig as clock net
SYN-4025 : Tag rtl::Net TX_Data_Valid as clock net
SYN-4025 : Tag rtl::Net U5/SingleNum_n as clock net
SYN-4025 : Tag rtl::Net config_inst_syn_10 as clock net
SYN-4026 : Tagged 6 rtl::Net as clock net
SYN-4015 : Create BUFG instance for clk Net CLK_500K to drive 189 clock pins.
SYN-4015 : Create BUFG instance for clk Net RX_Done_Sig to drive 18 clock pins.
SYN-4015 : Create BUFG instance for clk Net TX_Data_Valid to drive 8 clock pins.
SYN-4015 : Create BUFG instance for clk Net U5/SingleNum_n to drive 8 clock pins.
PHY-1001 : Populate physical database on model rx_top.
RUN-1001 : There are total 982 instances
RUN-0007 : 362 luts, 445 seqs, 74 mslices, 48 lslices, 25 pads, 20 brams, 0 dsps
RUN-1001 : There are total 1155 nets
RUN-1001 : 619 nets have 2 pins
RUN-1001 : 429 nets have [3 - 5] pins
RUN-1001 : 39 nets have [6 - 10] pins
RUN-1001 : 42 nets have [11 - 20] pins
RUN-1001 : 18 nets have [21 - 99] pins
RUN-1001 : 8 nets have 100+ pins
RUN-1001 : Report Control nets information:
RUN-1001 : DFF Distribution
RUN-1001 : ----------------------------------
RUN-1001 :   CE   |  SSR  |  ASR  |  DFF Count  
RUN-1001 : ----------------------------------
RUN-1001 :   No   |  No   |  No   |     34      
RUN-1001 :   No   |  No   |  Yes  |     166     
RUN-1001 :   No   |  Yes  |  No   |     16      
RUN-1001 :   Yes  |  No   |  No   |      0      
RUN-1001 :   Yes  |  No   |  Yes  |     229     
RUN-1001 :   Yes  |  Yes  |  No   |      0      
RUN-1001 : ----------------------------------
RUN-0007 : Control Group Statistic
RUN-0007 : ---------------------------
RUN-0007 :   #CLK  |  #CE  |  #SSR/ASR  
RUN-0007 : ---------------------------
RUN-0007 :    6    |   4   |     6      
RUN-0007 : ---------------------------
RUN-0007 : Control Set = 14
PHY-3001 : Initial placement ...
PHY-3001 : design contains 980 instances, 362 luts, 445 seqs, 122 slices, 23 macros(122 instances: 74 mslices 48 lslices)
PHY-0007 : Cell area utilization is 3%
PHY-3001 : Global placement ...
PHY-3001 : Initial: Len = 291614
PHY-3001 : Clustering ...
PHY-3001 : Level 0 #clusters 980.
PHY-3001 : End clustering;  0.000035s wall, 0.000000s user + 0.000000s system = 0.000000s CPU (n/a%)

PHY-3001 : Run with size of 4
PHY-3001 : Cell area utilization is 3%
PHY-3001 : :::0::: Try harder cell spreading with beta_ = 0
PHY-3002 : Step(1): len = 184124, overlap = 45
PHY-3002 : Step(2): len = 117211, overlap = 45
PHY-3002 : Step(3): len = 86316.5, overlap = 45
PHY-3002 : Step(4): len = 64835.7, overlap = 45
PHY-3002 : Step(5): len = 54543.2, overlap = 45
PHY-3002 : Step(6): len = 45673.8, overlap = 45
PHY-3002 : Step(7): len = 38892.9, overlap = 45
PHY-3002 : Step(8): len = 34053.3, overlap = 45
PHY-3002 : Step(9): len = 33932, overlap = 45
PHY-3002 : Step(10): len = 31353.7, overlap = 45
PHY-3002 : Step(11): len = 27480.2, overlap = 45.0625
PHY-3002 : Step(12): len = 26240.6, overlap = 45
PHY-3002 : Step(13): len = 25757.7, overlap = 45
PHY-3001 : :::1::: Try harder cell spreading with beta_ = 3.95782e-06
PHY-3002 : Step(14): len = 25785.4, overlap = 38.25
PHY-3002 : Step(15): len = 26005.4, overlap = 38.25
PHY-3002 : Step(16): len = 25251.9, overlap = 38.25
PHY-3002 : Step(17): len = 25149.7, overlap = 40.5
PHY-3002 : Step(18): len = 23957.4, overlap = 38.25
PHY-3002 : Step(19): len = 23765.9, overlap = 33.75
PHY-3002 : Step(20): len = 24419, overlap = 42.75
PHY-3002 : Step(21): len = 24309.8, overlap = 36
PHY-3002 : Step(22): len = 24371.7, overlap = 36
PHY-3002 : Step(23): len = 23829.2, overlap = 36
PHY-3002 : Step(24): len = 23726.2, overlap = 38.25
PHY-3002 : Step(25): len = 23479.4, overlap = 40.5
PHY-3001 : :::2::: Try harder cell spreading with beta_ = 7.91565e-06
PHY-3002 : Step(26): len = 23618.9, overlap = 40.5
PHY-3002 : Step(27): len = 23633.6, overlap = 38.25
PHY-3002 : Step(28): len = 23630.3, overlap = 38.25
PHY-3001 : :::3::: Try harder cell spreading with beta_ = 1.58313e-05
PHY-3002 : Step(29): len = 23717.7, overlap = 38.25
PHY-3002 : Step(30): len = 23724.2, overlap = 38.25
PHY-3002 : Step(31): len = 23804.1, overlap = 38.25
PHY-3001 : :::4::: Try harder cell spreading with beta_ = 3.16626e-05
PHY-3002 : Step(32): len = 23842.3, overlap = 38.25
PHY-3002 : Step(33): len = 23840.4, overlap = 38.25
PHY-3002 : Step(34): len = 23840.4, overlap = 38.25
PHY-3001 : :::5::: Try harder cell spreading with beta_ = 6.33252e-05
PHY-3002 : Step(35): len = 23883.7, overlap = 38.25
PHY-3002 : Step(36): len = 23888.1, overlap = 38.25
PHY-3001 : :::6::: Try harder cell spreading with beta_ = 0.000116869
PHY-3002 : Step(37): len = 23933.1, overlap = 38.25
PHY-3002 : Step(38): len = 23963.6, overlap = 38.25
PHY-3002 : Step(39): len = 24017.6, overlap = 38.25
PHY-3001 : Legalization ...
PHY-3001 : End legalization;  0.009011s wall, 0.000000s user + 0.000000s system = 0.000000s CPU (n/a%)

PHY-3001 : Run with size of 4
PHY-3001 : Cell area utilization is 4%
PHY-3001 : :::0::: Try harder cell spreading with beta_ = 0
PHY-3002 : Step(40): len = 26331.6, overlap = 7.40625
PHY-3002 : Step(41): len = 26390.5, overlap = 7.75
PHY-3002 : Step(42): len = 25727.1, overlap = 9.5625
PHY-3002 : Step(43): len = 25975, overlap = 9.6875
PHY-3002 : Step(44): len = 25701, overlap = 15.8438
PHY-3002 : Step(45): len = 25682.7, overlap = 20.8438
PHY-3002 : Step(46): len = 25260, overlap = 20.3125
PHY-3002 : Step(47): len = 24516.1, overlap = 19.5
PHY-3002 : Step(48): len = 24472.5, overlap = 18.1562
PHY-3002 : Step(49): len = 24491.5, overlap = 17.4375
PHY-3002 : Step(50): len = 24390.9, overlap = 16.6562
PHY-3002 : Step(51): len = 24180.2, overlap = 14.875
PHY-3002 : Step(52): len = 23795.7, overlap = 13.7188
PHY-3001 : :::1::: Try harder cell spreading with beta_ = 0.000170719
PHY-3002 : Step(53): len = 23755.5, overlap = 15.4062
PHY-3002 : Step(54): len = 23755.5, overlap = 15.4062
PHY-3001 : :::2::: Try harder cell spreading with beta_ = 0.000341439
PHY-3002 : Step(55): len = 23579.5, overlap = 15.2188
PHY-3002 : Step(56): len = 23579.5, overlap = 15.2188
PHY-3001 : Run with size of 2
PHY-3001 : Cell area utilization is 4%
PHY-3001 : :::0::: Try harder cell spreading with beta_ = 6.90062e-06
PHY-3002 : Step(57): len = 23856.3, overlap = 44.5625
PHY-3002 : Step(58): len = 23856.3, overlap = 44.5625
PHY-3001 : :::1::: Try harder cell spreading with beta_ = 1.38012e-05
PHY-3002 : Step(59): len = 24412.1, overlap = 40.2188
PHY-3002 : Step(60): len = 24412.1, overlap = 40.2188
PHY-3002 : Step(61): len = 24124.2, overlap = 36.9688
PHY-3001 : :::2::: Try harder cell spreading with beta_ = 2.4954e-05
PHY-3002 : Step(62): len = 25373.1, overlap = 36.6875
PHY-3002 : Step(63): len = 25699.4, overlap = 35.7812
PHY-3002 : Step(64): len = 25873.8, overlap = 27.8125
PHY-3002 : Step(65): len = 25911.4, overlap = 26.8438
PHY-3002 : Step(66): len = 25367, overlap = 24.4688
PHY-3002 : Step(67): len = 25367, overlap = 24.4688
PHY-3002 : Step(68): len = 25159.6, overlap = 25.4375
PHY-3001 : :::3::: Try harder cell spreading with beta_ = 4.99079e-05
PHY-3002 : Step(69): len = 25467.3, overlap = 24.3438
PHY-3002 : Step(70): len = 25467.3, overlap = 24.3438
PHY-3001 : :::4::: Try harder cell spreading with beta_ = 9.98158e-05
PHY-3002 : Step(71): len = 25674.6, overlap = 23.2812
PHY-3002 : Step(72): len = 25739.8, overlap = 22.8438
OPT-1001 : Start physical optimization ...
OPT-1001 : Total overflow 66.59 peak overflow 4.12
OPT-1001 : Start high-fanout net optimization ...
OPT-1001 : Update timing in global mode
PHY-1001 : Start incremental global routing, caller is place ...
RUN-1001 : Generating global routing grids ...
RUN-1001 : Building simple global routing graph ...
PHY-1001 : Generate routing nets ...
PHY-1001 : Reuse net number 0/1155.
PHY-1001 : Global iterations in 16 thread ...
PHY-1002 : len = 31872, over cnt = 120(0%), over = 422, worst = 14
PHY-1001 : End global iterations;  0.068696s wall, 0.078125s user + 0.031250s system = 0.109375s CPU (159.2%)

PHY-1001 : Congestion index: top1 = 30.00, top5 = 15.51, top10 = 9.43, top15 = 6.74.
PHY-1001 : End incremental global routing;  0.129222s wall, 0.125000s user + 0.046875s system = 0.171875s CPU (133.0%)

RUN-1002 : start command "start_timer -report"
TMR-5001 WARNING: No sdc constraints found while initiating timer.
TMR-2505 : Start building timing graph for model rx_top.
TMR-2506 : Build timing graph completely. Port num: 8, tpin num: 5088, tnet num: 1153, tinst num: 980, tnode num: 6787, tedge num: 8467.
TMR-2508 : Levelizing timing graph completed, there are 29 levels in total.
TMR-2501 : Timing graph initialized successfully.
OPT-1001 : End timing update;  0.145514s wall, 0.156250s user + 0.000000s system = 0.156250s CPU (107.4%)

OPT-1001 : 0 high-fanout net processed.
OPT-1001 : End high-fanout net optimization;  0.289876s wall, 0.296875s user + 0.046875s system = 0.343750s CPU (118.6%)

OPT-1001 : Current memory(MB): used = 170, reserve = 134, peak = 170.
OPT-1001 : End physical optimization;  0.300330s wall, 0.296875s user + 0.046875s system = 0.343750s CPU (114.5%)

PHY-3001 : Start packing ...
SYN-4007 : Packing 0 MUX to BLE ...
SYN-4008 : Packed 0 MUX and 0 SEQ to BLE.
SYN-4007 : Packing 362 LUT to BLE ...
SYN-4008 : Packed 362 LUT and 139 SEQ to BLE.
SYN-4003 : Packing 306 remaining SEQ's ...
SYN-4005 : Packed 147 SEQ with LUT/SLICE
SYN-4006 : 97 single LUT's are left
SYN-4006 : 159 single SEQ's are left
SYN-4011 : Packing model "rx_top" (AL_USER_NORMAL) with 521/710 primitive instances ...
PHY-3001 : End packing;  0.028300s wall, 0.031250s user + 0.000000s system = 0.031250s CPU (110.4%)

PHY-1001 : Populate physical database on model rx_top.
RUN-1001 : There are total 472 instances
RUN-1001 : 209 mslices, 210 lslices, 25 pads, 20 brams, 0 dsps
RUN-1001 : There are total 1021 nets
RUN-1001 : 452 nets have 2 pins
RUN-1001 : 453 nets have [3 - 5] pins
RUN-1001 : 44 nets have [6 - 10] pins
RUN-1001 : 42 nets have [11 - 20] pins
RUN-1001 : 25 nets have [21 - 99] pins
RUN-1001 : 5 nets have 100+ pins
PHY-3001 : design contains 470 instances, 419 slices, 23 macros(122 instances: 74 mslices 48 lslices)
PHY-3001 : Cell area utilization is 5%
PHY-3001 : After packing: Len = 26649.8, Over = 37.5
PHY-3001 : Run with size of 2
PHY-3001 : Cell area utilization is 5%
PHY-3001 : :::0::: Try harder cell spreading with beta_ = 1.21485e-05
PHY-3002 : Step(73): len = 25889.6, overlap = 37
PHY-3002 : Step(74): len = 25922.7, overlap = 36.5
PHY-3002 : Step(75): len = 25643.8, overlap = 36.5
PHY-3002 : Step(76): len = 25647.5, overlap = 35.75
PHY-3002 : Step(77): len = 25365.8, overlap = 35.25
PHY-3001 : :::1::: Try harder cell spreading with beta_ = 2.4297e-05
PHY-3002 : Step(78): len = 25683, overlap = 35.75
PHY-3002 : Step(79): len = 25683, overlap = 35.75
PHY-3002 : Step(80): len = 25627.6, overlap = 33.75
PHY-3001 : :::2::: Try harder cell spreading with beta_ = 4.85939e-05
PHY-3002 : Step(81): len = 26495.9, overlap = 32
PHY-3002 : Step(82): len = 26495.9, overlap = 32
PHY-3002 : Step(83): len = 26347.8, overlap = 32
PHY-3001 : Legalization ...
PHY-3001 : End legalization;  0.118451s wall, 0.046875s user + 0.281250s system = 0.328125s CPU (277.0%)

PHY-3001 : Trial Legalized: Len = 37430.1
PHY-3001 : Run with size of 2
PHY-3001 : Cell area utilization is 5%
PHY-3001 : :::0::: Try harder cell spreading with beta_ = 0.00126132
PHY-3002 : Step(84): len = 34131.6, overlap = 2.75
PHY-3002 : Step(85): len = 32707.9, overlap = 6
PHY-3002 : Step(86): len = 31043, overlap = 7.25
PHY-3002 : Step(87): len = 30226.3, overlap = 8
PHY-3002 : Step(88): len = 29883.8, overlap = 8.75
PHY-3002 : Step(89): len = 29606.3, overlap = 8.75
PHY-3002 : Step(90): len = 29386.9, overlap = 8.75
PHY-3002 : Step(91): len = 29197.3, overlap = 9
PHY-3001 : :::1::: Try harder cell spreading with beta_ = 0.00252264
PHY-3002 : Step(92): len = 29238.1, overlap = 9.5
PHY-3002 : Step(93): len = 29220.6, overlap = 9.25
PHY-3001 : :::2::: Try harder cell spreading with beta_ = 0.00504528
PHY-3002 : Step(94): len = 29191, overlap = 9.25
PHY-3002 : Step(95): len = 29159.3, overlap = 9.25
PHY-3001 : Legalization ...
PHY-3001 : End legalization;  0.004221s wall, 0.000000s user + 0.000000s system = 0.000000s CPU (n/a%)

PHY-3001 : Legalized: Len = 33029.5, Over = 0
PHY-3001 : Spreading special nets. 5 overflows in 2952 tiles.
PHY-3001 : End spreading;  0.003524s wall, 0.015625s user + 0.000000s system = 0.015625s CPU (443.4%)

PHY-3001 : 9 instances has been re-located, deltaX = 1, deltaY = 8, maxDist = 1.
PHY-3001 : Final: Len = 33223.5, Over = 0
OPT-1001 : Start physical optimization ...
OPT-1001 : Total overflow 0.00 peak overflow 0.00
OPT-1001 : Start high-fanout net optimization ...
OPT-1001 : Update timing in global mode
PHY-1001 : Start incremental global routing, caller is place ...
RUN-1001 : Generating global routing grids ...
PHY-1001 : Generate routing nets ...
PHY-1001 : Reuse net number 32/1021.
PHY-1001 : Global iterations in 16 thread ...
PHY-1002 : len = 42264, over cnt = 138(0%), over = 215, worst = 5
PHY-1002 : len = 43120, over cnt = 74(0%), over = 95, worst = 3
PHY-1002 : len = 44192, over cnt = 2(0%), over = 3, worst = 2
PHY-1002 : len = 44224, over cnt = 1(0%), over = 1, worst = 1
PHY-1002 : len = 44256, over cnt = 0(0%), over = 0, worst = 0
PHY-1001 : End global iterations;  0.144612s wall, 0.171875s user + 0.078125s system = 0.250000s CPU (172.9%)

PHY-1001 : Congestion index: top1 = 27.72, top5 = 18.61, top10 = 12.68, top15 = 9.19.
PHY-1001 : End incremental global routing;  0.199643s wall, 0.234375s user + 0.078125s system = 0.312500s CPU (156.5%)

RUN-1002 : start command "start_timer -report"
TMR-5001 WARNING: No sdc constraints found while initiating timer.
TMR-2505 : Start building timing graph for model rx_top.
TMR-2506 : Build timing graph completely. Port num: 8, tpin num: 4478, tnet num: 1019, tinst num: 470, tnode num: 5716, tedge num: 7719.
TMR-2508 : Levelizing timing graph completed, there are 29 levels in total.
TMR-2501 : Timing graph initialized successfully.
OPT-1001 : End timing update;  0.143584s wall, 0.140625s user + 0.000000s system = 0.140625s CPU (97.9%)

OPT-1001 : 0 high-fanout net processed.
OPT-1001 : End high-fanout net optimization;  0.358268s wall, 0.390625s user + 0.078125s system = 0.468750s CPU (130.8%)

OPT-1001 : Current memory(MB): used = 172, reserve = 136, peak = 172.
OPT-1001 : Update timing in Manhattan mode
OPT-1001 : End timing update;  0.001213s wall, 0.000000s user + 0.000000s system = 0.000000s CPU (n/a%)

OPT-1001 : Start pin optimization...
OPT-1001 : skip pin optimization...
RUN-1001 : Generating global routing grids ...
PHY-1001 : Generate routing nets ...
PHY-1001 : Reuse net number 852/1021.
PHY-1001 : Global iterations in 16 thread ...
PHY-1002 : len = 44256, over cnt = 0(0%), over = 0, worst = 0
PHY-1001 : End global iterations;  0.003071s wall, 0.000000s user + 0.000000s system = 0.000000s CPU (n/a%)

PHY-1001 : Congestion index: top1 = 27.72, top5 = 18.61, top10 = 12.68, top15 = 9.19.
OPT-1001 : Update timing in Manhattan mode
OPT-1001 : End timing update;  0.001815s wall, 0.000000s user + 0.000000s system = 0.000000s CPU (n/a%)

RUN-1001 : QoR Analysis:
OPT-0007 :   WNS 2147483647 TNS 0 NUM_FEPS 0
RUN-1001 :   No local congestion issue, and most congested 1% tile average routing util is 27.344828
RUN-1001 :   Top critical paths
OPT-1001 : End physical optimization;  0.427615s wall, 0.453125s user + 0.078125s system = 0.531250s CPU (124.2%)

RUN-1003 : finish command "place" in  3.439227s wall, 4.796875s user + 4.437500s system = 9.234375s CPU (268.5%)

RUN-1004 : used memory is 153 MB, reserved memory is 117 MB, peak memory is 172 MB
RUN-1002 : start command "export_db rx_top_place.db"
RUN-1001 : Exported /
RUN-1001 : Exported flow parameters
RUN-1001 : Exported libs
RUN-1001 : Exported entities
RUN-1001 : Exported ports
RUN-1001 : Exported pins
RUN-1001 : Exported instances
RUN-1001 : Exported nets
RUN-1001 : Exported buses
RUN-1001 : Exported models
RUN-1001 : Exported congestions
RUN-1001 : Exported violations
RUN-1001 : Exported IO constraints
RUN-1001 : Exported Inst constraints
RUN-1001 : Exported ChipWatcher
RUN-1002 : start command "route"
RUN-1001 : Open license file C:/Anlogic/TD5.6.2/license/Anlogic.lic
RUN-1001 : Print Global Property
RUN-1001 : ---------------------------------------------------------------
RUN-1001 :        Parameters        |  Settings  |  Default Values  |  Note  
RUN-1001 : ---------------------------------------------------------------
RUN-1001 :          message         |  standard  |     standard     |        
RUN-1001 :   mixed_pack_place_flow  |     on     |        on        |        
RUN-1001 :        qor_monitor       |    off     |       off        |        
RUN-1001 :        syn_ip_flow       |    off     |       off        |        
RUN-1001 :          thread          |    auto    |       auto       |        
RUN-1001 : ---------------------------------------------------------------
RUN-1001 : Print Route Property
RUN-1001 : -------------------------------------------------------
RUN-1001 :    Parameters    |  Settings  |  Default Values  |  Note  
RUN-1001 : -------------------------------------------------------
RUN-1001 :      effort      |   medium   |      medium      |        
RUN-1001 :     fix_hold     |    off     |       off        |        
RUN-1001 :    opt_timing    |   medium   |      medium      |        
RUN-1001 :   phy_sim_model  |    off     |       off        |        
RUN-1001 :     priority     |   timing   |      timing      |        
RUN-1001 :     swap_pin     |     on     |        on        |        
RUN-1001 : -------------------------------------------------------
PHY-1001 : Route runs in 16 thread(s)
RUN-1001 : There are total 472 instances
RUN-1001 : 209 mslices, 210 lslices, 25 pads, 20 brams, 0 dsps
RUN-1001 : There are total 1021 nets
RUN-1001 : 452 nets have 2 pins
RUN-1001 : 453 nets have [3 - 5] pins
RUN-1001 : 44 nets have [6 - 10] pins
RUN-1001 : 42 nets have [11 - 20] pins
RUN-1001 : 25 nets have [21 - 99] pins
RUN-1001 : 5 nets have 100+ pins
RUN-1002 : start command "start_timer -report"
TMR-5001 WARNING: No sdc constraints found while initiating timer.
TMR-2505 : Start building timing graph for model rx_top.
TMR-2506 : Build timing graph completely. Port num: 8, tpin num: 4478, tnet num: 1019, tinst num: 470, tnode num: 5716, tedge num: 7719.
TMR-2508 : Levelizing timing graph completed, there are 29 levels in total.
TMR-2501 : Timing graph initialized successfully.
PHY-1001 : 209 mslices, 210 lslices, 25 pads, 20 brams, 0 dsps
TMR-2503 : Start to update net delay, extr mode = 3.
TMR-2504 : Update delay of 1019 nets completely.
TMR-2502 : Annotate delay completely, extr mode = 3.
TMR-3002 : No user constraint, initiate default constraint.
TMR-1501 : Assign derive clock DeriveClock to 590 clock pins, and constraint 1238 relative nodes.
TMR-3003 : Constraints initiated successfully.
TMR-3501 : Forward propagation: start to calculate arrival time...
TMR-3502 : Backward propagation: start to calculate required time...
TMR-3503 : Timing propagation completes.
PHY-1001 : Start global routing, caller is route ...
RUN-1001 : Generating global routing grids ...
PHY-1001 : Generate routing nets ...
PHY-1001 : Global iterations in 16 thread ...
PHY-1002 : len = 41840, over cnt = 130(0%), over = 208, worst = 5
PHY-1002 : len = 42624, over cnt = 74(0%), over = 97, worst = 3
PHY-1002 : len = 43688, over cnt = 7(0%), over = 9, worst = 2
PHY-1002 : len = 43808, over cnt = 0(0%), over = 0, worst = 0
PHY-1001 : End global iterations;  0.138460s wall, 0.140625s user + 0.000000s system = 0.140625s CPU (101.6%)

PHY-1001 : Congestion index: top1 = 27.44, top5 = 18.52, top10 = 12.66, top15 = 9.13.
PHY-1001 : End global routing;  0.193398s wall, 0.203125s user + 0.000000s system = 0.203125s CPU (105.0%)

PHY-1001 : Start detail routing ...
PHY-1001 : Current memory(MB): used = 202, reserve = 166, peak = 213.
PHY-1001 : Detailed router is running in normal mode.
PHY-1001 : Generate detailed routing grids ...
PHY-1001 : Processed IO instance DigitronCS_Out[3]_syn_2 with INV attribute.
PHY-1001 : Processed IO instance DigitronCS_Out[2]_syn_2 with INV attribute.
PHY-1001 : Processed IO instance DigitronCS_Out[1]_syn_2 with INV attribute.
PHY-1001 : Processed IO instance DigitronCS_Out[0]_syn_2 with INV attribute.
PHY-1001 : Generate nets ...
PHY-1001 : net CLK_dup_1 will be routed on clock mesh
PHY-1001 : clock net CLK_500K_syn_8 will be merged with clock CLK_500K
PHY-1001 : clock net RX_Done_Sig_syn_8 will be merged with clock RX_Done_Sig
PHY-1001 : clock net TX_Data_Valid_syn_8 will be merged with clock TX_Data_Valid
PHY-1001 : clock net U5/SingleNum_n_syn_3 will be merged with clock U5/SingleNum_n
PHY-1001 : clock net config_inst_syn_10 will be merged with clock config_inst_syn_9
PHY-1001 : Current memory(MB): used = 467, reserve = 436, peak = 467.
PHY-1001 : End build detailed router design. 2.982715s wall, 2.906250s user + 0.062500s system = 2.968750s CPU (99.5%)

PHY-1001 : Detail Route ...
PHY-1001 : ===== Detail Route Phase 1 =====
PHY-1001 : Clock net routing.....
PHY-1001 : Routed 0% nets.
PHY-1022 : len = 30872, over cnt = 0(0%), over = 0, worst = 0, crit = 0
PHY-1001 : End initial clock net routed; 2.442808s wall, 2.421875s user + 0.015625s system = 2.437500s CPU (99.8%)

PHY-1001 : Current memory(MB): used = 499, reserve = 469, peak = 499.
PHY-1001 : End phase 1; 2.447657s wall, 2.421875s user + 0.015625s system = 2.437500s CPU (99.6%)

PHY-1001 : ===== Detail Route Phase 2 =====
PHY-1001 : Initial routing.....
PHY-1001 : Routed 32% nets.
PHY-1001 : Routed 39% nets.
PHY-1001 : Routed 48% nets.
PHY-1001 : Routed 64% nets.
PHY-1001 : Routed 87% nets.
PHY-1022 : len = 180704, over cnt = 14(0%), over = 14, worst = 1, crit = 0
PHY-1001 : Current memory(MB): used = 499, reserve = 469, peak = 499.
PHY-1001 : End initial routed; 1.666400s wall, 1.968750s user + 0.218750s system = 2.187500s CPU (131.3%)

PHY-1001 : Current memory(MB): used = 499, reserve = 469, peak = 499.
PHY-1001 : End phase 2; 1.666496s wall, 1.968750s user + 0.218750s system = 2.187500s CPU (131.3%)

PHY-1001 : ===== Detail Route Phase 3 =====
PHY-1001 : Ripup-reroute.....
PHY-1001 : ===== DR Iter 1 =====
PHY-1022 : len = 180656, over cnt = 4(0%), over = 4, worst = 1, crit = 0
PHY-1001 : End DR Iter 1; 0.017340s wall, 0.015625s user + 0.000000s system = 0.015625s CPU (90.1%)

PHY-1001 : ===== DR Iter 2 =====
PHY-1022 : len = 180688, over cnt = 0(0%), over = 0, worst = 0, crit = 0
PHY-1001 : End DR Iter 2; 0.015216s wall, 0.015625s user + 0.000000s system = 0.015625s CPU (102.7%)

PHY-1001 : Commit to database.....
PHY-1001 : 2 feed throughs used by 2 nets
PHY-1001 : End commit to database; 0.180963s wall, 0.171875s user + 0.000000s system = 0.171875s CPU (95.0%)

PHY-1001 : Current memory(MB): used = 512, reserve = 481, peak = 512.
PHY-1001 : End phase 3; 0.316896s wall, 0.312500s user + 0.000000s system = 0.312500s CPU (98.6%)

PHY-1003 : Routed, final wirelength = 180688
PHY-1001 : Current memory(MB): used = 512, reserve = 482, peak = 512.
PHY-1001 : End export database. 0.009253s wall, 0.000000s user + 0.000000s system = 0.000000s CPU (n/a%)

PHY-1001 : End detail routing;  7.619763s wall, 7.812500s user + 0.296875s system = 8.109375s CPU (106.4%)

RUN-1003 : finish command "route" in  8.077024s wall, 8.281250s user + 0.296875s system = 8.578125s CPU (106.2%)

RUN-1004 : used memory is 447 MB, reserved memory is 417 MB, peak memory is 512 MB
RUN-1002 : start command "report_area -io_info -file rx_top_phy.area"
RUN-1001 : standard
***Report Model: rx_top Device: EG4S20BG256***

IO Statistics
#IO                        25
  #input                    4
  #output                  21
  #inout                    0

Utilization Statistics
#lut                      637   out of  19600    3.25%
#reg                      451   out of  19600    2.30%
#le                       796
  #lut only               345   out of    796   43.34%
  #reg only               159   out of    796   19.97%
  #lut&reg                292   out of    796   36.68%
#dsp                        0   out of     29    0.00%
#bram                      20   out of     64   31.25%
  #bram9k                  20
  #fifo9k                   0
#bram32k                    0   out of     16    0.00%
#pad                       25   out of    188   13.30%
  #ireg                     1
  #oreg                    13
  #treg                     0
#pll                        0   out of      4    0.00%
#gclk                       5   out of     16   31.25%

Clock Resource Statistics
Index     ClockNet             Type               DriverType         Driver                     Fanout
#1        CLK_500K             GCLK               lslice             cnt2_b[4]_syn_19.q0        132
#2        config_inst_syn_9    GCLK               config             config_inst.jtck           127
#3        CLK_dup_1            GCLK               io                 CLK_syn_2.di               18
#4        RX_Done_Sig          GCLK               mslice             U3/isDone_reg_syn_14.q0    10
#5        U5/SingleNum_n       GCLK               lslice             U5/SingleNum_n_syn_7.f0    7
#6        TX_Data_Valid        GCLK               mslice             U6/reg0_syn_53.f0          5


Detailed IO Report

        Name           Direction    Location    IOStandard    DriveStrength    PullType    PackReg  
         CLK             INPUT         R7        LVCMOS33          N/A          PULLUP      NONE    
        RSTn             INPUT         A9        LVCMOS33          N/A          PULLUP      NONE    
      RX_En_Sig          INPUT        A10        LVCMOS33          N/A          PULLUP      NONE    
      RX_Pin_In          INPUT        F12        LVCMOS33          N/A          PULLUP      IREG    
  DigitronCS_Out[3]     OUTPUT         A3        LVCMOS33           8            NONE       OREG    
  DigitronCS_Out[2]     OUTPUT         A5        LVCMOS33           8            NONE       OREG    
  DigitronCS_Out[1]     OUTPUT         B6        LVCMOS33           8            NONE       OREG    
  DigitronCS_Out[0]     OUTPUT         C9        LVCMOS33           8            NONE       OREG    
   Digitron_Out[7]      OUTPUT         C8        LVCMOS33           8            NONE       NONE    
   Digitron_Out[6]      OUTPUT         A8        LVCMOS33           8            NONE       NONE    
   Digitron_Out[5]      OUTPUT         B5        LVCMOS33           8            NONE       NONE    
   Digitron_Out[4]      OUTPUT         A7        LVCMOS33           8            NONE       NONE    
   Digitron_Out[3]      OUTPUT         E8        LVCMOS33           8            NONE       NONE    
   Digitron_Out[2]      OUTPUT         B8        LVCMOS33           8            NONE       NONE    
   Digitron_Out[1]      OUTPUT         A6        LVCMOS33           8            NONE       NONE    
   Digitron_Out[0]      OUTPUT         A4        LVCMOS33           8            NONE       NONE    
     LED_Out[7]         OUTPUT        F16        LVCMOS33           8            NONE       OREG    
     LED_Out[6]         OUTPUT        E16        LVCMOS33           8            NONE       OREG    
     LED_Out[5]         OUTPUT        E13        LVCMOS33           8            NONE       OREG    
     LED_Out[4]         OUTPUT        C16        LVCMOS33           8            NONE       OREG    
     LED_Out[3]         OUTPUT        C15        LVCMOS33           8            NONE       OREG    
     LED_Out[2]         OUTPUT        B16        LVCMOS33           8            NONE       OREG    
     LED_Out[1]         OUTPUT        B15        LVCMOS33           8            NONE       OREG    
     LED_Out[0]         OUTPUT        B14        LVCMOS33           8            NONE       OREG    
     TX_Pin_Out         OUTPUT        D12        LVCMOS33           8            NONE       OREG    

Report Hierarchy Area:
+---------------------------------------------------------------------------------------------------------------+
|Instance                             |Module              |le     |lut     |ripple  |seq     |bram    |dsp     |
+---------------------------------------------------------------------------------------------------------------+
|top                                  |rx_top              |796    |515     |122     |465     |20      |0       |
|  U1                                 |detect_module       |1      |1       |0       |1       |0       |0       |
|  U2                                 |rx_bps_module       |27     |23      |4       |13      |0       |0       |
|  U3                                 |rx_control_module   |43     |38      |5       |15      |0       |0       |
|  U5                                 |Digitron_NumDisplay |116    |96      |18      |22      |0       |0       |
|  U6                                 |calculate_rx        |29     |19      |0       |25      |0       |0       |
|  U7                                 |tx_bitrate          |27     |23      |4       |13      |0       |0       |
|  U8                                 |uart_tx             |18     |18      |0       |7       |0       |0       |
|  cw_top                             |CW_TOP_WRAPPER      |503    |275     |81      |342     |0       |0       |
|    wrapper_cwc_top                  |cwc_top             |503    |275     |81      |342     |0       |0       |
|      cfg_int_inst                   |cwc_cfg_int         |223    |82      |0       |223     |0       |0       |
|        reg_inst                     |register            |221    |80      |0       |221     |0       |0       |
|        tap_inst                     |tap                 |2      |2       |0       |2       |0       |0       |
|      trigger_inst                   |trigger             |280    |193     |81      |119     |0       |0       |
|        bus_inst                     |bus_top             |59     |38      |16      |32      |0       |0       |
|          BUS_DETECTOR[0]$bus_nodes  |bus_det             |1      |0       |0       |1       |0       |0       |
|          BUS_DETECTOR[10]$bus_nodes |bus_det             |2      |2       |0       |2       |0       |0       |
|          BUS_DETECTOR[1]$bus_nodes  |bus_det             |16     |10      |6       |7       |0       |0       |
|          BUS_DETECTOR[2]$bus_nodes  |bus_det             |2      |2       |0       |2       |0       |0       |
|          BUS_DETECTOR[3]$bus_nodes  |bus_det             |2      |0       |0       |2       |0       |0       |
|          BUS_DETECTOR[4]$bus_nodes  |bus_det             |26     |16      |10      |8       |0       |0       |
|          BUS_DETECTOR[5]$bus_nodes  |bus_det             |1      |1       |0       |1       |0       |0       |
|          BUS_DETECTOR[6]$bus_nodes  |bus_det             |3      |3       |0       |3       |0       |0       |
|          BUS_DETECTOR[7]$bus_nodes  |bus_det             |2      |2       |0       |2       |0       |0       |
|          BUS_DETECTOR[9]$bus_nodes  |bus_det             |4      |2       |0       |4       |0       |0       |
|        emb_ctrl_inst                |emb_ctrl            |128    |95      |33      |56      |0       |0       |
+---------------------------------------------------------------------------------------------------------------+


DataNet Average Fanout:

   Index     Fanout     Nets  
    #1          1       427   
    #2          2       375   
    #3          3        51   
    #4          4        27   
    #5        5-10       55   
    #6        11-50      47   
    #7       51-100      5    
    #8       101-500     1    
  Average     3.17            

RUN-1002 : start command "export_db rx_top_pr.db"
RUN-1001 : Exported /
RUN-1001 : Exported flow parameters
RUN-1001 : Exported libs
RUN-1001 : Exported entities
RUN-1001 : Exported ports
RUN-1001 : Exported pins
RUN-1001 : Exported instances
RUN-1001 : Exported nets
RUN-1001 : Exported buses
RUN-1001 : Exported models
RUN-1001 : Exported congestions
RUN-1001 : Exported violations
RUN-1001 : Exported IO constraints
RUN-1001 : Exported Inst constraints
RUN-1001 : Exported ChipWatcher
RUN-1002 : start command "export_bid rx_top_inst.bid"
PRG-1000 : <!-- HMAC is: 61fc03a0f73f4d96d9b66c8c49bd3aa39932bf568b0efa7dd5ecb38da4546588 -->
RUN-1002 : start command "bitgen -bit rx_top.bit -unused_io_status pulldown"
BIT-1003 : Start to generate bitstream. 
BIT-1002 : Bitgen processed 163 unused pads, reserve input tri_state with pulldown
BIT-1002 : Init instances with 16 threads.
BIT-1002 : Init instances completely, inst num: 633
BIT-1002 : Init pips with 16 threads.
BIT-1002 : Init pips completely, net num: 1021, pip num: 11185
BIT-1002 : Init feedthrough completely, num: 2
BIT-1003 : Multithreading accelaration with 16 threads.
BIT-1003 : Generate bitstream completely, there are 1435 valid insts, and 30085 bits set as '1'.
BIT-1004 : the usercode register value: 00000000110101100111110000001011
BIT-1004 : PLL setting string = 0000
BIT-1004 : Generate bits file rx_top.bit.
RUN-1003 : finish command "bitgen -bit rx_top.bit -unused_io_status pulldown" in  1.792135s wall, 14.906250s user + 0.203125s system = 15.109375s CPU (843.1%)

RUN-1004 : used memory is 450 MB, reserved memory is 429 MB, peak memory is 647 MB
RUN-1002 : start command "backup_run_log run.log ../.logs/phy_1/td_20240828_101223.log"
