============================================================
   Tang Dynasty, V5.6.71036
      Copyright (c) 2012-2023 Anlogic Inc.
   Executable = C:/Anlogic/TD5.6.2/bin/td.exe
   Built at =   20:34:38 Mar 21 2023
   Run by =     Lenovo
   Run Date =   Wed Aug 28 09:34:37 2024

   Run on =     LAPTOP-QRG7LJL6
============================================================
RUN-1002 : start command "open_project rx_top.prj"
RUN-1001 : Print Global Property
RUN-1001 : ---------------------------------------------------------------
RUN-1001 :        Parameters        |  Settings  |  Default Values  |  Note  
RUN-1001 : ---------------------------------------------------------------
RUN-1001 :          message         |  standard  |     standard     |        
RUN-1001 :   mixed_pack_place_flow  |     on     |        on        |        
RUN-1001 :        qor_monitor       |    off     |       off        |        
RUN-1001 :        syn_ip_flow       |    off     |       off        |        
RUN-1001 :          thread          |    auto    |       auto       |        
RUN-1001 : ---------------------------------------------------------------
RUN-1001 : Print Design Property
RUN-1001 : --------------------------------------------------------------
RUN-1001 :        Parameters       |  Settings  |  Default Values  |  Note  
RUN-1001 : --------------------------------------------------------------
RUN-1001 :   default_reg_initial   |    auto    |       auto       |        
RUN-1001 :        infer_add        |     on     |        on        |        
RUN-1001 :        infer_fsm        |    off     |       off        |        
RUN-1001 :        infer_mult       |     on     |        on        |        
RUN-1001 :        infer_ram        |     on     |        on        |        
RUN-1001 :        infer_reg        |     on     |        on        |        
RUN-1001 :   infer_reg_init_value  |     on     |        on        |        
RUN-1001 :        infer_rom        |     on     |        on        |        
RUN-1001 :      infer_shifter      |     on     |        on        |        
RUN-1001 : --------------------------------------------------------------
RUN-1001 : Print Rtl Property
RUN-1001 : --------------------------------------------------------------
RUN-1001 :        Parameters       |  Settings  |  Default Values  |  Note  
RUN-1001 : --------------------------------------------------------------
RUN-1001 :       compress_add      |   ripple   |      ripple      |        
RUN-1001 :        elf_sload        |    off     |       off        |        
RUN-1001 :       fix_undriven      |     0      |        0         |        
RUN-1001 :         flatten         |    off     |       off        |        
RUN-1001 :       gate_sharing      |     on     |        on        |        
RUN-1001 :    hdl_warning_level    |   normal   |      normal      |        
RUN-1001 :   impl_internal_tribuf  |     on     |        on        |        
RUN-1001 :      impl_set_reset     |     on     |        on        |        
RUN-1001 :        infer_gsr        |    off     |       off        |        
RUN-1001 :      keep_hierarchy     |    auto    |       auto       |        
RUN-1001 :        max_fanout       |    9999    |       9999       |        
RUN-1001 :      max_oh2bin_len     |     10     |        10        |        
RUN-1001 :       merge_equal       |     on     |        on        |        
RUN-1001 :       merge_equiv       |     on     |        on        |        
RUN-1001 :        merge_mux        |    off     |       off        |        
RUN-1001 :     min_control_set     |     8      |        8         |        
RUN-1001 :      min_ripple_len     |    auto    |       auto       |        
RUN-1001 :       oh2bin_ratio      |    0.08    |       0.08       |        
RUN-1001 :     opt_adder_fanout    |     on     |        on        |        
RUN-1001 :        opt_arith        |     on     |        on        |        
RUN-1001 :       opt_big_gate      |    off     |       off        |        
RUN-1001 :        opt_const        |     on     |        on        |        
RUN-1001 :      opt_const_mult     |     on     |        on        |        
RUN-1001 :       opt_lessthan      |     on     |        on        |        
RUN-1001 :         opt_mux         |    off     |       off        |        
RUN-1001 :         opt_ram         |    high    |       high       |        
RUN-1001 :      rtl_sim_model      |    off     |       off        |        
RUN-1001 :         seq_syn         |     on     |        on        |        
RUN-1001 : --------------------------------------------------------------
HDL-1007 : analyze verilog file ../../Digitron_NumDisplay.v
HDL-1007 : analyze verilog file ../../LED_display_module.v
HDL-5007 WARNING: empty port in module declaration in ../../LED_display_module.v(3)
HDL-1007 : analyze verilog file ../../detect_module.v
HDL-1007 : analyze verilog file ../../rx_bps_module.v
HDL-1007 : analyze verilog file ../../rx_control_module.v
HDL-1007 : analyze verilog file ../../rx_top.v
HDL-1007 : analyze verilog file ../../tx_control.v
HDL-1007 : analyze verilog file ../../calculate_rx.v
HDL-1007 : analyze verilog file ../../tx_bitrate.v
RUN-1001 : Project manager successfully analyzed 9 source files.
RUN-1002 : start command "import_device eagle_s20.db -package EG4S20BG256"
ARC-1001 : Device Initialization.
ARC-1001 : ------------------------------------------------------------------
ARC-1001 :            OPTION            |          IO          |   SETTING   
ARC-1001 : ------------------------------------------------------------------
ARC-1001 :   cso_b/cclk/mosi/miso/dout  |  T3/R11/T10/P10/S11  |    gpio    
ARC-1001 :             done             |         P13          |    gpio    
ARC-1001 :           program_b          |          T2          |  dedicate  
ARC-1001 :        tdi/tms/tck/tdo       |   C12/A15/C14/E14    |  dedicate  
ARC-1001 : ------------------------------------------------------------------
ARC-1004 : Device setting, marked 5 dedicate IOs in total.
RUN-1002 : start command "import_db ../syn_1/rx_top_gate.db"
RUN-1001 : Importing database generated by Tang Dynasty, V5.6.71036.
RUN-1001 : Database version number 46146.
RUN-1001 : Import flow parameters
RUN-1001 : Import IO constraints
RUN-1001 : Import Inst constraints
RUN-1001 : Import design success TD_VERSION=5.6.71036 , DB_VERSION=46146
RUN-1002 : start command "config_chipwatcher ../../tx.cwc -dir "
RUN-1002 : start command "legalize_phy_inst"
SYN-1011 : Flatten model rx_top
KIT-1004 : ChipWatcher: import watcher inst auto_chipwatcher_0 completed, there are 16 view nodes, 29 trigger nets, 29 data nets.
KIT-1004 : Chipwatcher code = 0100111010001111
RUN-1002 : start command "compile_watcher"
RUN-1002 : start command "read_verilog -no_sch -dir C:/Anlogic/TD5.6.2/cw/ -file rx_top_watcherInst.sv -lib cw -top CW_TOP_WRAPPER"
HDL-1007 : analyze verilog file C:/Anlogic/TD5.6.2/cw\bus_det.v
HDL-1007 : analyze verilog file C:/Anlogic/TD5.6.2/cw\bus_top.sv
HDL-1007 : analyze verilog file C:/Anlogic/TD5.6.2/cw\cfg_int.v
HDL-1007 : analyze verilog file C:/Anlogic/TD5.6.2/cw\cwc_cfg_int.v
HDL-1007 : analyze verilog file C:/Anlogic/TD5.6.2/cw\cwc_top.sv
HDL-1007 : analyze verilog file C:/Anlogic/TD5.6.2/cw\detect_bus.v
HDL-1007 : analyze verilog file C:/Anlogic/TD5.6.2/cw\detect_non_bus.v
HDL-1007 : analyze verilog file C:/Anlogic/TD5.6.2/cw\emb_ctrl.v
HDL-1007 : analyze verilog file C:/Anlogic/TD5.6.2/cw\register.v
HDL-1007 : analyze verilog file C:/Anlogic/TD5.6.2/cw\tap.v
HDL-1007 : analyze verilog file C:/Anlogic/TD5.6.2/cw\trigger.sv
HDL-1007 : analyze verilog file rx_top_watcherInst.sv
HDL-1007 : elaborate module CW_TOP_WRAPPER in rx_top_watcherInst.sv(1)
HDL-1007 : elaborate module cwc_top(BUS_NUM=16,BUS_DIN_NUM=29,BUS_CTRL_NUM=122,BUS_WIDTH='{32'sb0100,32'sb01,32'sb01,32'sb01,32'sb01,32'sb01,32'sb01,32'sb01,32'sb01,32'sb01000,32'sb0100,32'sb01,32'sb01,32'sb01,32'sb01,32'sb01},BUS_DIN_POS='{32'sb0,32'sb0100,32'sb0101,32'sb0110,32'sb0111,32'sb01000,32'sb01001,32'sb01010,32'sb01011,32'sb01100,32'sb010100,32'sb011000,32'sb011001,32'sb011010,32'sb011011,32'sb011100},BUS_CTRL_POS='{32'sb0,32'sb01100,32'sb010010,32'sb011000,32'sb011110,32'sb0100100,32'sb0101010,32'sb0110000,32'sb0110110,32'sb0111100,32'sb01010000,32'sb01011100,32'sb01100010,32'sb01101000,32'sb01101110,32'sb01110100}) in C:/Anlogic/TD5.6.2/cw\cwc_top.sv(21)
HDL-1007 : elaborate module cwc_cfg_int(CTRL_REG_LEN=144) in C:/Anlogic/TD5.6.2/cw\cwc_cfg_int.v(21)
HDL-1007 : elaborate module register(CTRL_REG_LEN=144) in C:/Anlogic/TD5.6.2/cw\register.v(21)
HDL-1007 : elaborate module tap in C:/Anlogic/TD5.6.2/cw\tap.v(21)
HDL-1007 : elaborate module trigger(BUS_NUM=16,BUS_DIN_NUM=29,BUS_CTRL_NUM=122,BUS_WIDTH='{32'sb0100,32'sb01,32'sb01,32'sb01,32'sb01,32'sb01,32'sb01,32'sb01,32'sb01,32'sb01000,32'sb0100,32'sb01,32'sb01,32'sb01,32'sb01,32'sb01},BUS_DIN_POS='{32'sb0,32'sb0100,32'sb0101,32'sb0110,32'sb0111,32'sb01000,32'sb01001,32'sb01010,32'sb01011,32'sb01100,32'sb010100,32'sb011000,32'sb011001,32'sb011010,32'sb011011,32'sb011100},BUS_CTRL_POS='{32'sb0,32'sb01100,32'sb010010,32'sb011000,32'sb011110,32'sb0100100,32'sb0101010,32'sb0110000,32'sb0110110,32'sb0111100,32'sb01010000,32'sb01011100,32'sb01100010,32'sb01101000,32'sb01101110,32'sb01110100}) in C:/Anlogic/TD5.6.2/cw\trigger.sv(21)
HDL-1007 : elaborate module bus_top(BUS_NODE_NUM=16,BUS_DIN_NUM=29,BUS_CTRL_NUM=122,BUS_WIDTH='{32'sb0100,32'sb01,32'sb01,32'sb01,32'sb01,32'sb01,32'sb01,32'sb01,32'sb01,32'sb01000,32'sb0100,32'sb01,32'sb01,32'sb01,32'sb01,32'sb01},BUS_DIN_POS='{32'sb0,32'sb0100,32'sb0101,32'sb0110,32'sb0111,32'sb01000,32'sb01001,32'sb01010,32'sb01011,32'sb01100,32'sb010100,32'sb011000,32'sb011001,32'sb011010,32'sb011011,32'sb011100},BUS_CTRL_POS='{32'sb0,32'sb01100,32'sb010010,32'sb011000,32'sb011110,32'sb0100100,32'sb0101010,32'sb0110000,32'sb0110110,32'sb0111100,32'sb01010000,32'sb01011100,32'sb01100010,32'sb01101000,32'sb01101110,32'sb01110100}) in C:/Anlogic/TD5.6.2/cw\bus_top.sv(22)
HDL-1007 : elaborate module bus_det(BUS_WIDTH=32'sb0100) in C:/Anlogic/TD5.6.2/cw\bus_det.v(21)
HDL-1007 : elaborate module bus_det(BUS_WIDTH=32'sb01) in C:/Anlogic/TD5.6.2/cw\bus_det.v(21)
HDL-1007 : elaborate module bus_det(BUS_WIDTH=32'sb01000) in C:/Anlogic/TD5.6.2/cw\bus_det.v(21)
HDL-1007 : elaborate module emb_ctrl in C:/Anlogic/TD5.6.2/cw\emb_ctrl.v(21)
HDL-1200 : Current top model is CW_TOP_WRAPPER
HDL-1100 : Inferred 0 RAMs.
RUN-1002 : start command "force_keep -a auto_chipwatcher_0_logicbram"
RUN-1002 : start command "optimize_rtl -no_sch"
RUN-1001 : Open license file C:/Anlogic/TD5.6.2/license/Anlogic.lic
RUN-1001 : Print Global Property
RUN-1001 : ---------------------------------------------------------------
RUN-1001 :        Parameters        |  Settings  |  Default Values  |  Note  
RUN-1001 : ---------------------------------------------------------------
RUN-1001 :          message         |  standard  |     standard     |        
RUN-1001 :   mixed_pack_place_flow  |     on     |        on        |        
RUN-1001 :        qor_monitor       |    off     |       off        |        
RUN-1001 :        syn_ip_flow       |    off     |       off        |        
RUN-1001 :          thread          |    auto    |       auto       |        
RUN-1001 : ---------------------------------------------------------------
RUN-1001 : Print Rtl Property
RUN-1001 : --------------------------------------------------------------
RUN-1001 :        Parameters       |  Settings  |  Default Values  |  Note  
RUN-1001 : --------------------------------------------------------------
RUN-1001 :       compress_add      |   ripple   |      ripple      |        
RUN-1001 :        elf_sload        |    off     |       off        |        
RUN-1001 :       fix_undriven      |     0      |        0         |        
RUN-1001 :         flatten         |    off     |       off        |        
RUN-1001 :       gate_sharing      |     on     |        on        |        
RUN-1001 :    hdl_warning_level    |   normal   |      normal      |        
RUN-1001 :   impl_internal_tribuf  |     on     |        on        |        
RUN-1001 :      impl_set_reset     |     on     |        on        |        
RUN-1001 :        infer_gsr        |    off     |       off        |        
RUN-1001 :      keep_hierarchy     |    auto    |       auto       |        
RUN-1001 :        max_fanout       |    9999    |       9999       |        
RUN-1001 :      max_oh2bin_len     |     10     |        10        |        
RUN-1001 :       merge_equal       |     on     |        on        |        
RUN-1001 :       merge_equiv       |     on     |        on        |        
RUN-1001 :        merge_mux        |    off     |       off        |        
RUN-1001 :     min_control_set     |     8      |        8         |        
RUN-1001 :      min_ripple_len     |    auto    |       auto       |        
RUN-1001 :       oh2bin_ratio      |    0.08    |       0.08       |        
RUN-1001 :     opt_adder_fanout    |     on     |        on        |        
RUN-1001 :        opt_arith        |     on     |        on        |        
RUN-1001 :       opt_big_gate      |    off     |       off        |        
RUN-1001 :        opt_const        |     on     |        on        |        
RUN-1001 :      opt_const_mult     |     on     |        on        |        
RUN-1001 :       opt_lessthan      |     on     |        on        |        
RUN-1001 :         opt_mux         |    off     |       off        |        
RUN-1001 :         opt_ram         |    high    |       high       |        
RUN-1001 :      rtl_sim_model      |    off     |       off        |        
RUN-1001 :         seq_syn         |     on     |        on        |        
RUN-1001 : --------------------------------------------------------------
SYN-1012 : SanityCheck: Model "rx_top"
SYN-1012 : SanityCheck: Model "CW_TOP_WRAPPER"
SYN-1012 : SanityCheck: Model "cwc_top(BUS_NUM=16,BUS_DIN_NUM=29,BUS_CTRL_NUM=122,BUS_WIDTH='{32'sb0100,32'sb01,32'sb01,32'sb01,32'sb01,32'sb01,32'sb01,32'sb01,32'sb01,32'sb01000,32'sb0100,32'sb01,32'sb01,32'sb01,32'sb01,32'sb01},BUS_DIN_POS='{32'sb0,32'sb0100,32'sb0101,32'sb0110,32'sb0111,32'sb01000,32'sb01001,32'sb01010,32'sb01011,32'sb01100,32'sb010100,32'sb011000,32'sb011001,32'sb011010,32'sb011011,32'sb011100},BUS_CTRL_POS='{32'sb0,32'sb01100,32'sb010010,32'sb011000,32'sb011110,32'sb0100100,32'sb0101010,32'sb0110000,32'sb0110110,32'sb0111100,32'sb01010000,32'sb01011100,32'sb01100010,32'sb01101000,32'sb01101110,32'sb01110100})"
SYN-1012 : SanityCheck: Model "cwc_cfg_int(CTRL_REG_LEN=144)"
SYN-1012 : SanityCheck: Model "register(CTRL_REG_LEN=144)"
SYN-1012 : SanityCheck: Model "tap"
SYN-1012 : SanityCheck: Model "trigger(BUS_NUM=16,BUS_DIN_NUM=29,BUS_CTRL_NUM=122,BUS_WIDTH='{32'sb0100,32'sb01,32'sb01,32'sb01,32'sb01,32'sb01,32'sb01,32'sb01,32'sb01,32'sb01000,32'sb0100,32'sb01,32'sb01,32'sb01,32'sb01,32'sb01},BUS_DIN_POS='{32'sb0,32'sb0100,32'sb0101,32'sb0110,32'sb0111,32'sb01000,32'sb01001,32'sb01010,32'sb01011,32'sb01100,32'sb010100,32'sb011000,32'sb011001,32'sb011010,32'sb011011,32'sb011100},BUS_CTRL_POS='{32'sb0,32'sb01100,32'sb010010,32'sb011000,32'sb011110,32'sb0100100,32'sb0101010,32'sb0110000,32'sb0110110,32'sb0111100,32'sb01010000,32'sb01011100,32'sb01100010,32'sb01101000,32'sb01101110,32'sb01110100})"
SYN-1012 : SanityCheck: Model "bus_top(BUS_NODE_NUM=16,BUS_DIN_NUM=29,BUS_CTRL_NUM=122,BUS_WIDTH='{32'sb0100,32'sb01,32'sb01,32'sb01,32'sb01,32'sb01,32'sb01,32'sb01,32'sb01,32'sb01000,32'sb0100,32'sb01,32'sb01,32'sb01,32'sb01,32'sb01},BUS_DIN_POS='{32'sb0,32'sb0100,32'sb0101,32'sb0110,32'sb0111,32'sb01000,32'sb01001,32'sb01010,32'sb01011,32'sb01100,32'sb010100,32'sb011000,32'sb011001,32'sb011010,32'sb011011,32'sb011100},BUS_CTRL_POS='{32'sb0,32'sb01100,32'sb010010,32'sb011000,32'sb011110,32'sb0100100,32'sb0101010,32'sb0110000,32'sb0110110,32'sb0111100,32'sb01010000,32'sb01011100,32'sb01100010,32'sb01101000,32'sb01101110,32'sb01110100})"
SYN-1012 : SanityCheck: Model "bus_det(BUS_WIDTH=32'sb0100)"
SYN-1012 : SanityCheck: Model "bus_det(BUS_WIDTH=32'sb01)"
SYN-1012 : SanityCheck: Model "bus_det(BUS_WIDTH=32'sb01000)"
SYN-1012 : SanityCheck: Model "emb_ctrl"
SYN-1011 : Flatten model rx_top
SYN-1032 : 2224/56 useful/useless nets, 1215/45 useful/useless insts
SYN-1016 : Merged 72 instances.
SYN-1032 : 1829/26 useful/useless nets, 1633/26 useful/useless insts
SYN-1014 : Optimize round 1
SYN-1032 : 1813/16 useful/useless nets, 1621/12 useful/useless insts
SYN-1021 : Optimized 3 onehot mux instances.
SYN-1020 : Optimized 1 distributor mux.
SYN-1019 : Optimized 3 mux instances.
SYN-1015 : Optimize round 1, 460 better
SYN-1014 : Optimize round 2
SYN-1032 : 1468/45 useful/useless nets, 1276/48 useful/useless insts
SYN-1015 : Optimize round 2, 96 better
SYN-1014 : Optimize round 1
SYN-1015 : Optimize round 1, 0 better
RUN-1002 : start command "optimize_gate -no_sch"
RUN-1001 : Open license file C:/Anlogic/TD5.6.2/license/Anlogic.lic
RUN-1001 : Print Global Property
RUN-1001 : ---------------------------------------------------------------
RUN-1001 :        Parameters        |  Settings  |  Default Values  |  Note  
RUN-1001 : ---------------------------------------------------------------
RUN-1001 :          message         |  standard  |     standard     |        
RUN-1001 :   mixed_pack_place_flow  |     on     |        on        |        
RUN-1001 :        qor_monitor       |    off     |       off        |        
RUN-1001 :        syn_ip_flow       |    off     |       off        |        
RUN-1001 :          thread          |    auto    |       auto       |        
RUN-1001 : ---------------------------------------------------------------
RUN-1001 : Print Gate Property
RUN-1001 : ------------------------------------------------------------------
RUN-1001 :          Parameters         |  Settings  |  Default Values  |  Note  
RUN-1001 : ------------------------------------------------------------------
RUN-1001 :         cascade_dsp         |    off     |       off        |        
RUN-1001 :         cascade_eram        |    off     |       off        |        
RUN-1001 :        gate_sim_model       |    off     |       off        |        
RUN-1001 :        map_sim_model        |    off     |       off        |        
RUN-1001 :         map_strategy        |     1      |        1         |        
RUN-1001 :           opt_area          |   medium   |      medium      |        
RUN-1001 :          opt_timing         |    auto    |       auto       |        
RUN-1001 :         pack_effort         |   medium   |      medium      |        
RUN-1001 :      pack_lslice_ripple     |     on     |        on        |        
RUN-1001 :   pack_lslice_ripple_ratio  |    0.5     |       0.5        |        
RUN-1001 :        pack_seq_in_io       |    auto    |       auto       |        
RUN-1001 :        ph1_mux_ratio        |    1.0     |       1.0        |        
RUN-1001 :            report           |  standard  |     standard     |        
RUN-1001 :           retiming          |    off     |       off        |        
RUN-1001 : ------------------------------------------------------------------
SYN-2001 : Map 25 IOs to PADs
RUN-1002 : start command "update_pll_param -module rx_top"
SYN-2501 : Processed 0 LOGIC_BUF instances.
SYN-2512 : LOGIC BRAM "auto_chipwatcher_0_logicbram"
SYN-2571 : Optimize after map_dsp, round 1
SYN-1032 : 1504/223 useful/useless nets, 1337/34 useful/useless insts
SYN-1016 : Merged 33 instances.
SYN-2571 : Optimize after map_dsp, round 1, 290 better
SYN-2571 : Optimize after map_dsp, round 2
SYN-2571 : Optimize after map_dsp, round 2, 0 better
SYN-1001 : Throwback 4 control mux instances
SYN-2501 : Optimize round 1
SYN-1016 : Merged 16 instances.
SYN-2501 : Optimize round 1, 34 better
SYN-2501 : Optimize round 2
SYN-2501 : Optimize round 2, 0 better
SYN-2501 : Map 16 macro adder
SYN-1019 : Optimized 13 mux instances.
SYN-1016 : Merged 11 instances.
SYN-1032 : 1911/5 useful/useless nets, 1744/4 useful/useless insts
SYN-3001 : Running gate level optimization.
SYN-2581 : Mapping with K=5, #lut = 215 (3.87), #lev = 5 (2.17)
SYN-2551 : Post LUT mapping optimization.
SYN-2581 : Mapping with K=5, #lut = 234 (3.84), #lev = 4 (1.91)
SYN-3001 : Logic optimization runtime opt =   0.04 sec, map =   0.00 sec
SYN-3001 : Mapper mapped 690 instances into 234 LUTs, name keeping = 78%.
SYN-1001 : Packing model "rx_top" ...
SYN-4010 : Pack lib has 58 rtl pack models with 25 top pack blocks
SYN-1014 : Optimize round 1
SYN-1015 : Optimize round 1, 0 better
SYN-4002 : Packing 426 DFF/LATCH to SEQ ...
SYN-4009 : Pack 7 carry chain into lslice
SYN-4007 : Packing 96 adder to BLE ...
SYN-4008 : Packed 96 adder and 0 SEQ to BLE.
SYN-4007 : Packing 0 gate4 to BLE ...
SYN-4008 : Packed 0 gate4 and 0 SEQ to BLE.
SYN-4012 : Packed 0 FxMUX
RUN-1002 : start command "legalize_phy_inst"
SYN-1011 : Flatten model rx_top
KIT-1004 : Compile Chipwatcher: Clear obsolete physical data.
RUN-1003 : finish command "compile_watcher" in  1.205363s wall, 1.078125s user + 0.125000s system = 1.203125s CPU (99.8%)

RUN-1004 : used memory is 117 MB, reserved memory is 82 MB, peak memory is 122 MB
RUN-1002 : start command "place"
RUN-1001 : Open license file C:/Anlogic/TD5.6.2/license/Anlogic.lic
RUN-1001 : Print Global Property
RUN-1001 : ---------------------------------------------------------------
RUN-1001 :        Parameters        |  Settings  |  Default Values  |  Note  
RUN-1001 : ---------------------------------------------------------------
RUN-1001 :          message         |  standard  |     standard     |        
RUN-1001 :   mixed_pack_place_flow  |     on     |        on        |        
RUN-1001 :        qor_monitor       |    off     |       off        |        
RUN-1001 :        syn_ip_flow       |    off     |       off        |        
RUN-1001 :          thread          |    auto    |       auto       |        
RUN-1001 : ---------------------------------------------------------------
RUN-1001 : Print Place Property
RUN-1001 : --------------------------------------------------------------
RUN-1001 :        Parameters       |  Settings  |  Default Values  |  Note  
RUN-1001 : --------------------------------------------------------------
RUN-1001 :      detailed_place     |     on     |        on        |        
RUN-1001 :          effort         |   medium   |      medium      |        
RUN-1001 :         fix_hold        |    off     |       off        |        
RUN-1001 :       legalization      |    ori     |       ori        |        
RUN-1001 :      new_spreading      |     on     |        on        |        
RUN-1001 :        opt_timing       |   medium   |      medium      |        
RUN-1001 :   post_clock_route_opt  |    off     |       off        |        
RUN-1001 :       pr_strategy       |     1      |        1         |        
RUN-1001 :        relaxation       |    1.00    |       1.00       |        
RUN-1001 :         retiming        |    off     |       off        |        
RUN-1001 : --------------------------------------------------------------
PHY-3001 : Placer runs in 16 thread(s).
RUN-1002 : start command "legalize_phy_inst"
SYN-1011 : Flatten model rx_top
SYN-5055 WARNING: The kept net U2/BPS_CLK_n will be merged to another kept net BPS_CLK
SYN-5055 WARNING: The kept net U3/BPS_CLK will be merged to another kept net BPS_CLK
SYN-5055 WARNING: The kept net U1/CLK will be merged to another kept net CLK_500K
SYN-5055 WARNING: The kept net U3/isCount will be merged to another kept net Count_Sig
SYN-5055 WARNING: The kept net U2/Count_Sig will be merged to another kept net Count_Sig
SYN-5055 WARNING: The kept net U3/isDone will be merged to another kept net RX_Done_Sig
SYN-5055 WARNING: The kept net U6/RX_Done_Sig will be merged to another kept net RX_Done_Sig
SYN-5055 WARNING: The kept net U6/rTX_Data_Valid will be merged to another kept net TX_Data_Valid
SYN-5055 WARNING: The kept net U8/TX_Data_Valid will be merged to another kept net TX_Data_Valid
SYN-5055 WARNING: The kept net U1/neg_sig_n will be merged to another kept net neg_sig
SYN-5055 Similar messages will be suppressed.
RUN-1002 : start command "phys_opt -simplify_lut"
SYN-4016 : Net config_inst_syn_10 driven by BUFG (296 clock/control pins, 0 other pins).
SYN-4024 : Net "CLK_500K" drives clk pins.
SYN-4024 : Net "CLK_dup_1" drives clk pins.
SYN-4024 : Net "U5/SingleNum_n" drives clk pins.
SYN-4025 : Tag rtl::Net CLK_500K as clock net
SYN-4025 : Tag rtl::Net CLK_dup_1 as clock net
SYN-4025 : Tag rtl::Net U5/SingleNum_n as clock net
SYN-4025 : Tag rtl::Net config_inst_syn_10 as clock net
SYN-4026 : Tagged 4 rtl::Net as clock net
SYN-4015 : Create BUFG instance for clk Net CLK_500K to drive 213 clock pins.
SYN-4015 : Create BUFG instance for clk Net U5/SingleNum_n to drive 8 clock pins.
PHY-1001 : Populate physical database on model rx_top.
RUN-1001 : There are total 1144 instances
RUN-0007 : 436 luts, 527 seqs, 71 mslices, 53 lslices, 25 pads, 26 brams, 0 dsps
RUN-1001 : There are total 1311 nets
RUN-1001 : 702 nets have 2 pins
RUN-1001 : 492 nets have [3 - 5] pins
RUN-1001 : 43 nets have [6 - 10] pins
RUN-1001 : 43 nets have [11 - 20] pins
RUN-1001 : 22 nets have [21 - 99] pins
RUN-1001 : 9 nets have 100+ pins
RUN-1001 : Report Control nets information:
RUN-1001 : DFF Distribution
RUN-1001 : ----------------------------------
RUN-1001 :   CE   |  SSR  |  ASR  |  DFF Count  
RUN-1001 : ----------------------------------
RUN-1001 :   No   |  No   |  No   |     24      
RUN-1001 :   No   |  No   |  Yes  |     185     
RUN-1001 :   No   |  Yes  |  No   |      0      
RUN-1001 :   Yes  |  No   |  No   |      8      
RUN-1001 :   Yes  |  No   |  Yes  |     310     
RUN-1001 :   Yes  |  Yes  |  No   |      0      
RUN-1001 : ----------------------------------
RUN-0007 : Control Group Statistic
RUN-0007 : ---------------------------
RUN-0007 :   #CLK  |  #CE  |  #SSR/ASR  
RUN-0007 : ---------------------------
RUN-0007 :    4    |   6   |     5      
RUN-0007 : ---------------------------
RUN-0007 : Control Set = 13
PHY-3001 : Initial placement ...
PHY-3001 : design contains 1142 instances, 436 luts, 527 seqs, 124 slices, 25 macros(124 instances: 71 mslices 53 lslices)
PHY-0007 : Cell area utilization is 3%
PHY-3001 : Global placement ...
PHY-3001 : Initial: Len = 339996
PHY-3001 : Clustering ...
PHY-3001 : Level 0 #clusters 1142.
PHY-3001 : End clustering;  0.000034s wall, 0.000000s user + 0.000000s system = 0.000000s CPU (n/a%)

PHY-3001 : Run with size of 4
PHY-3001 : Cell area utilization is 3%
PHY-3001 : :::0::: Try harder cell spreading with beta_ = 0
PHY-3002 : Step(1): len = 215685, overlap = 58.5
PHY-3002 : Step(2): len = 140823, overlap = 58.5
PHY-3002 : Step(3): len = 100570, overlap = 58.5
PHY-3002 : Step(4): len = 79498.1, overlap = 58.5
PHY-3002 : Step(5): len = 65455.2, overlap = 58.5
PHY-3002 : Step(6): len = 53575.8, overlap = 58.5
PHY-3002 : Step(7): len = 48509.8, overlap = 58.5
PHY-3002 : Step(8): len = 42123.2, overlap = 58.5
PHY-3002 : Step(9): len = 36851.1, overlap = 58.5
PHY-3002 : Step(10): len = 34219.9, overlap = 58.5
PHY-3002 : Step(11): len = 31833.1, overlap = 58.5
PHY-3002 : Step(12): len = 29699.1, overlap = 58.5
PHY-3002 : Step(13): len = 30039.9, overlap = 58.5
PHY-3002 : Step(14): len = 27240.5, overlap = 58.5
PHY-3001 : :::1::: Try harder cell spreading with beta_ = 1.38259e-06
PHY-3002 : Step(15): len = 27010.1, overlap = 58.5
PHY-3002 : Step(16): len = 26804.3, overlap = 58.5
PHY-3002 : Step(17): len = 26519.4, overlap = 56.25
PHY-3002 : Step(18): len = 25949.6, overlap = 56.25
PHY-3002 : Step(19): len = 25812, overlap = 49.5
PHY-3002 : Step(20): len = 23879.5, overlap = 51.875
PHY-3002 : Step(21): len = 23353.1, overlap = 56.375
PHY-3002 : Step(22): len = 23306.8, overlap = 56.375
PHY-3002 : Step(23): len = 23257.6, overlap = 56.4375
PHY-3001 : :::2::: Try harder cell spreading with beta_ = 2.76518e-06
PHY-3002 : Step(24): len = 23876.4, overlap = 45.3125
PHY-3002 : Step(25): len = 24376.2, overlap = 45.375
PHY-3002 : Step(26): len = 24408.2, overlap = 45.375
PHY-3002 : Step(27): len = 24161.8, overlap = 45.3125
PHY-3002 : Step(28): len = 24135.2, overlap = 45.3125
PHY-3002 : Step(29): len = 23799.9, overlap = 45.375
PHY-3001 : :::3::: Try harder cell spreading with beta_ = 5.53037e-06
PHY-3002 : Step(30): len = 24144.6, overlap = 45.4375
PHY-3002 : Step(31): len = 24193.5, overlap = 45.4375
PHY-3002 : Step(32): len = 24203.6, overlap = 47.6875
PHY-3001 : :::4::: Try harder cell spreading with beta_ = 1.10607e-05
PHY-3002 : Step(33): len = 24687.9, overlap = 45.375
PHY-3002 : Step(34): len = 24687.9, overlap = 45.375
PHY-3002 : Step(35): len = 24754.5, overlap = 41
PHY-3002 : Step(36): len = 24764.9, overlap = 41
PHY-3002 : Step(37): len = 24798.1, overlap = 41
PHY-3001 : Legalization ...
PHY-3001 : End legalization;  0.008762s wall, 0.000000s user + 0.000000s system = 0.000000s CPU (n/a%)

PHY-3001 : Run with size of 4
PHY-3001 : Cell area utilization is 4%
PHY-3001 : :::0::: Try harder cell spreading with beta_ = 1.10381e-05
PHY-3002 : Step(38): len = 28298.8, overlap = 13.625
PHY-3002 : Step(39): len = 28298.8, overlap = 13.625
PHY-3002 : Step(40): len = 27843.1, overlap = 13.5
PHY-3001 : :::1::: Try harder cell spreading with beta_ = 2.20763e-05
PHY-3002 : Step(41): len = 27988.3, overlap = 11.3125
PHY-3002 : Step(42): len = 27988.3, overlap = 11.3125
PHY-3001 : :::2::: Try harder cell spreading with beta_ = 4.41526e-05
PHY-3002 : Step(43): len = 27761.2, overlap = 10.6562
PHY-3002 : Step(44): len = 27761.2, overlap = 10.6562
PHY-3001 : Run with size of 2
PHY-3001 : Cell area utilization is 4%
PHY-3001 : :::0::: Try harder cell spreading with beta_ = 8.71424e-06
PHY-3002 : Step(45): len = 28312, overlap = 40.875
PHY-3002 : Step(46): len = 28312, overlap = 40.875
PHY-3001 : :::1::: Try harder cell spreading with beta_ = 1.74285e-05
PHY-3002 : Step(47): len = 29000.7, overlap = 39.3438
PHY-3002 : Step(48): len = 29309.8, overlap = 38.3438
PHY-3002 : Step(49): len = 29405, overlap = 32.2188
PHY-3002 : Step(50): len = 29501.1, overlap = 31.1875
PHY-3002 : Step(51): len = 29266.7, overlap = 33.4062
PHY-3002 : Step(52): len = 29356.9, overlap = 33.5625
PHY-3002 : Step(53): len = 29386.4, overlap = 35.25
PHY-3001 : :::2::: Try harder cell spreading with beta_ = 3.4857e-05
PHY-3002 : Step(54): len = 28924.3, overlap = 37.5625
PHY-3002 : Step(55): len = 28924.3, overlap = 37.5625
PHY-3001 : :::3::: Try harder cell spreading with beta_ = 6.9714e-05
PHY-3002 : Step(56): len = 29382.7, overlap = 35.6562
PHY-3002 : Step(57): len = 29513.9, overlap = 34.4062
PHY-3001 : :::4::: Try harder cell spreading with beta_ = 0.000139428
PHY-3002 : Step(58): len = 29414.7, overlap = 35.2188
PHY-3002 : Step(59): len = 29483.3, overlap = 34.9375
PHY-3001 : :::5::: Try harder cell spreading with beta_ = 0.000278856
PHY-3002 : Step(60): len = 29661.3, overlap = 33.3125
PHY-3002 : Step(61): len = 29779.5, overlap = 32.4688
PHY-3001 : :::6::: Try harder cell spreading with beta_ = 0.000557712
PHY-3002 : Step(62): len = 29921.9, overlap = 32.4062
PHY-3002 : Step(63): len = 29921.9, overlap = 32.4062
PHY-3001 : :::7::: Try harder cell spreading with beta_ = 0.0009299
PHY-3002 : Step(64): len = 30021, overlap = 31.6875
PHY-3002 : Step(65): len = 30054.8, overlap = 31.8438
PHY-3001 : :::8::: Try harder cell spreading with beta_ = 0.0018598
PHY-3002 : Step(66): len = 30150.2, overlap = 31.8125
PHY-3002 : Step(67): len = 30150.2, overlap = 31.8125
PHY-3001 : :::9::: Try harder cell spreading with beta_ = 0.00324594
PHY-3002 : Step(68): len = 30256.2, overlap = 28.4375
PHY-3002 : Step(69): len = 30345.6, overlap = 27.25
PHY-3001 : :::10::: Try harder cell spreading with beta_ = 0.00649188
PHY-3002 : Step(70): len = 30327.8, overlap = 26.3125
PHY-3002 : Step(71): len = 30327.8, overlap = 26.3125
PHY-3001 : :::11::: Try harder cell spreading with beta_ = 0.0129838
PHY-3002 : Step(72): len = 30295.1, overlap = 27.0938
PHY-3002 : Step(73): len = 30295.1, overlap = 27.0938
OPT-1001 : Start physical optimization ...
OPT-1001 : Total overflow 60.06 peak overflow 3.41
OPT-1001 : Start high-fanout net optimization ...
OPT-1001 : Update timing in global mode
PHY-1001 : Start incremental global routing, caller is place ...
RUN-1001 : Generating global routing grids ...
RUN-1001 : Building simple global routing graph ...
PHY-1001 : Generate routing nets ...
PHY-1001 : Reuse net number 0/1311.
PHY-1001 : Global iterations in 16 thread ...
PHY-1002 : len = 40808, over cnt = 163(0%), over = 509, worst = 12
PHY-1001 : End global iterations;  0.084439s wall, 0.093750s user + 0.031250s system = 0.125000s CPU (148.0%)

PHY-1001 : Congestion index: top1 = 29.50, top5 = 17.48, top10 = 11.61, top15 = 8.42.
PHY-1001 : End incremental global routing;  0.144775s wall, 0.140625s user + 0.046875s system = 0.187500s CPU (129.5%)

RUN-1002 : start command "start_timer -report"
TMR-5001 WARNING: No sdc constraints found while initiating timer.
TMR-2505 : Start building timing graph for model rx_top.
TMR-2506 : Build timing graph completely. Port num: 8, tpin num: 6009, tnet num: 1309, tinst num: 1142, tnode num: 8083, tedge num: 9998.
TMR-2508 : Levelizing timing graph completed, there are 29 levels in total.
TMR-2501 : Timing graph initialized successfully.
OPT-1001 : End timing update;  0.179756s wall, 0.187500s user + 0.000000s system = 0.187500s CPU (104.3%)

OPT-1001 : 0 high-fanout net processed.
OPT-1001 : End high-fanout net optimization;  0.349717s wall, 0.343750s user + 0.046875s system = 0.390625s CPU (111.7%)

OPT-1001 : Current memory(MB): used = 173, reserve = 137, peak = 173.
OPT-1001 : End physical optimization;  0.364122s wall, 0.359375s user + 0.046875s system = 0.406250s CPU (111.6%)

PHY-3001 : Start packing ...
SYN-4007 : Packing 0 MUX to BLE ...
SYN-4008 : Packed 0 MUX and 0 SEQ to BLE.
SYN-4007 : Packing 436 LUT to BLE ...
SYN-4008 : Packed 436 LUT and 162 SEQ to BLE.
SYN-4003 : Packing 365 remaining SEQ's ...
SYN-4005 : Packed 188 SEQ with LUT/SLICE
SYN-4006 : 108 single LUT's are left
SYN-4006 : 177 single SEQ's are left
SYN-4011 : Packing model "rx_top" (AL_USER_NORMAL) with 613/808 primitive instances ...
PHY-3001 : End packing;  0.038655s wall, 0.031250s user + 0.000000s system = 0.031250s CPU (80.8%)

PHY-1001 : Populate physical database on model rx_top.
RUN-1001 : There are total 531 instances
RUN-1001 : 237 mslices, 237 lslices, 25 pads, 26 brams, 0 dsps
RUN-1001 : There are total 1154 nets
RUN-1001 : 498 nets have 2 pins
RUN-1001 : 535 nets have [3 - 5] pins
RUN-1001 : 47 nets have [6 - 10] pins
RUN-1001 : 40 nets have [11 - 20] pins
RUN-1001 : 28 nets have [21 - 99] pins
RUN-1001 : 6 nets have 100+ pins
PHY-3001 : design contains 529 instances, 474 slices, 25 macros(124 instances: 71 mslices 53 lslices)
PHY-3001 : Cell area utilization is 6%
PHY-3001 : After packing: Len = 31297.8, Over = 38.25
PHY-3001 : Run with size of 2
PHY-3001 : Cell area utilization is 6%
PHY-3001 : :::0::: Try harder cell spreading with beta_ = 2.11887e-05
PHY-3002 : Step(74): len = 30689.5, overlap = 40.75
PHY-3002 : Step(75): len = 30789.4, overlap = 41
PHY-3002 : Step(76): len = 30729.7, overlap = 38.75
PHY-3002 : Step(77): len = 30401.7, overlap = 39.5
PHY-3002 : Step(78): len = 30409.1, overlap = 39.5
PHY-3001 : :::1::: Try harder cell spreading with beta_ = 4.23775e-05
PHY-3002 : Step(79): len = 30417.2, overlap = 37.5
PHY-3002 : Step(80): len = 30525.8, overlap = 36
PHY-3001 : :::2::: Try harder cell spreading with beta_ = 8.47549e-05
PHY-3002 : Step(81): len = 31258.3, overlap = 33
PHY-3002 : Step(82): len = 31417.6, overlap = 33
PHY-3002 : Step(83): len = 31644.8, overlap = 30
PHY-3001 : Legalization ...
PHY-3001 : End legalization;  0.156828s wall, 0.140625s user + 0.375000s system = 0.515625s CPU (328.8%)

PHY-3001 : Trial Legalized: Len = 41826.9
PHY-3001 : Run with size of 2
PHY-3001 : Cell area utilization is 6%
PHY-3001 : :::0::: Try harder cell spreading with beta_ = 0.000483388
PHY-3002 : Step(84): len = 37843, overlap = 6
PHY-3002 : Step(85): len = 36370.2, overlap = 6.5
PHY-3002 : Step(86): len = 34309.6, overlap = 7.5
PHY-3002 : Step(87): len = 33654.7, overlap = 8.75
PHY-3002 : Step(88): len = 33508.6, overlap = 9.5
PHY-3002 : Step(89): len = 33270, overlap = 9
PHY-3001 : :::1::: Try harder cell spreading with beta_ = 0.000966775
PHY-3002 : Step(90): len = 33218.2, overlap = 9.25
PHY-3002 : Step(91): len = 33165.9, overlap = 9.25
PHY-3001 : :::2::: Try harder cell spreading with beta_ = 0.00193355
PHY-3002 : Step(92): len = 33208.5, overlap = 9
PHY-3002 : Step(93): len = 33214.9, overlap = 8.75
PHY-3001 : Legalization ...
PHY-3001 : End legalization;  0.004254s wall, 0.015625s user + 0.000000s system = 0.015625s CPU (367.3%)

PHY-3001 : Legalized: Len = 38088.9, Over = 0
PHY-3001 : Spreading special nets. 6 overflows in 2952 tiles.
PHY-3001 : End spreading;  0.005112s wall, 0.000000s user + 0.000000s system = 0.000000s CPU (n/a%)

PHY-3001 : 8 instances has been re-located, deltaX = 1, deltaY = 7, maxDist = 1.
PHY-3001 : Final: Len = 38376.9, Over = 0
OPT-1001 : Start physical optimization ...
OPT-1001 : Total overflow 0.00 peak overflow 0.00
OPT-1001 : Start high-fanout net optimization ...
OPT-1001 : Update timing in global mode
PHY-1001 : Start incremental global routing, caller is place ...
RUN-1001 : Generating global routing grids ...
PHY-1001 : Generate routing nets ...
PHY-1001 : Reuse net number 31/1154.
PHY-1001 : Global iterations in 16 thread ...
PHY-1002 : len = 50872, over cnt = 157(0%), over = 249, worst = 4
PHY-1002 : len = 51992, over cnt = 74(0%), over = 97, worst = 3
PHY-1002 : len = 52688, over cnt = 18(0%), over = 20, worst = 2
PHY-1002 : len = 53008, over cnt = 0(0%), over = 0, worst = 0
PHY-1001 : End global iterations;  0.165948s wall, 0.234375s user + 0.046875s system = 0.281250s CPU (169.5%)

PHY-1001 : Congestion index: top1 = 26.66, top5 = 19.46, top10 = 14.64, top15 = 11.02.
PHY-1001 : End incremental global routing;  0.230895s wall, 0.281250s user + 0.062500s system = 0.343750s CPU (148.9%)

RUN-1002 : start command "start_timer -report"
TMR-5001 WARNING: No sdc constraints found while initiating timer.
TMR-2505 : Start building timing graph for model rx_top.
TMR-2506 : Build timing graph completely. Port num: 8, tpin num: 5265, tnet num: 1152, tinst num: 529, tnode num: 6758, tedge num: 9076.
TMR-2508 : Levelizing timing graph completed, there are 29 levels in total.
TMR-2501 : Timing graph initialized successfully.
OPT-1001 : End timing update;  0.168765s wall, 0.171875s user + 0.000000s system = 0.171875s CPU (101.8%)

OPT-1001 : 0 high-fanout net processed.
OPT-1001 : End high-fanout net optimization;  0.419239s wall, 0.468750s user + 0.062500s system = 0.531250s CPU (126.7%)

OPT-1001 : Current memory(MB): used = 177, reserve = 141, peak = 177.
OPT-1001 : Update timing in Manhattan mode
OPT-1001 : End timing update;  0.001529s wall, 0.000000s user + 0.000000s system = 0.000000s CPU (n/a%)

OPT-1001 : Start pin optimization...
OPT-1001 : skip pin optimization...
RUN-1001 : Generating global routing grids ...
PHY-1001 : Generate routing nets ...
PHY-1001 : Reuse net number 985/1154.
PHY-1001 : Global iterations in 16 thread ...
PHY-1002 : len = 53008, over cnt = 0(0%), over = 0, worst = 0
PHY-1001 : End global iterations;  0.008070s wall, 0.015625s user + 0.000000s system = 0.015625s CPU (193.6%)

PHY-1001 : Congestion index: top1 = 26.66, top5 = 19.46, top10 = 14.64, top15 = 11.02.
OPT-1001 : Update timing in Manhattan mode
OPT-1001 : End timing update;  0.001971s wall, 0.000000s user + 0.000000s system = 0.000000s CPU (n/a%)

RUN-1001 : QoR Analysis:
OPT-0007 :   WNS 2147483647 TNS 0 NUM_FEPS 0
RUN-1001 :   No local congestion issue, and most congested 1% tile average routing util is 26.172414
RUN-1001 :   Top critical paths
OPT-1001 : End physical optimization;  0.507943s wall, 0.546875s user + 0.078125s system = 0.625000s CPU (123.0%)

RUN-1003 : finish command "place" in  3.675855s wall, 4.796875s user + 4.765625s system = 9.562500s CPU (260.1%)

RUN-1004 : used memory is 156 MB, reserved memory is 120 MB, peak memory is 179 MB
RUN-1002 : start command "export_db rx_top_place.db"
RUN-1001 : Exported /
RUN-1001 : Exported flow parameters
RUN-1001 : Exported libs
RUN-1001 : Exported entities
RUN-1001 : Exported ports
RUN-1001 : Exported pins
RUN-1001 : Exported instances
RUN-1001 : Exported nets
RUN-1001 : Exported buses
RUN-1001 : Exported models
RUN-1001 : Exported congestions
RUN-1001 : Exported violations
RUN-1001 : Exported IO constraints
RUN-1001 : Exported Inst constraints
RUN-1001 : Exported ChipWatcher
RUN-1002 : start command "route"
RUN-1001 : Open license file C:/Anlogic/TD5.6.2/license/Anlogic.lic
RUN-1001 : Print Global Property
RUN-1001 : ---------------------------------------------------------------
RUN-1001 :        Parameters        |  Settings  |  Default Values  |  Note  
RUN-1001 : ---------------------------------------------------------------
RUN-1001 :          message         |  standard  |     standard     |        
RUN-1001 :   mixed_pack_place_flow  |     on     |        on        |        
RUN-1001 :        qor_monitor       |    off     |       off        |        
RUN-1001 :        syn_ip_flow       |    off     |       off        |        
RUN-1001 :          thread          |    auto    |       auto       |        
RUN-1001 : ---------------------------------------------------------------
RUN-1001 : Print Route Property
RUN-1001 : -------------------------------------------------------
RUN-1001 :    Parameters    |  Settings  |  Default Values  |  Note  
RUN-1001 : -------------------------------------------------------
RUN-1001 :      effort      |   medium   |      medium      |        
RUN-1001 :     fix_hold     |    off     |       off        |        
RUN-1001 :    opt_timing    |   medium   |      medium      |        
RUN-1001 :   phy_sim_model  |    off     |       off        |        
RUN-1001 :     priority     |   timing   |      timing      |        
RUN-1001 :     swap_pin     |     on     |        on        |        
RUN-1001 : -------------------------------------------------------
PHY-1001 : Route runs in 16 thread(s)
RUN-1001 : There are total 531 instances
RUN-1001 : 237 mslices, 237 lslices, 25 pads, 26 brams, 0 dsps
RUN-1001 : There are total 1154 nets
RUN-1001 : 498 nets have 2 pins
RUN-1001 : 535 nets have [3 - 5] pins
RUN-1001 : 47 nets have [6 - 10] pins
RUN-1001 : 40 nets have [11 - 20] pins
RUN-1001 : 28 nets have [21 - 99] pins
RUN-1001 : 6 nets have 100+ pins
RUN-1002 : start command "start_timer -report"
TMR-5001 WARNING: No sdc constraints found while initiating timer.
TMR-2505 : Start building timing graph for model rx_top.
TMR-2506 : Build timing graph completely. Port num: 8, tpin num: 5265, tnet num: 1152, tinst num: 529, tnode num: 6758, tedge num: 9076.
TMR-2508 : Levelizing timing graph completed, there are 29 levels in total.
TMR-2501 : Timing graph initialized successfully.
PHY-1001 : 237 mslices, 237 lslices, 25 pads, 26 brams, 0 dsps
TMR-2503 : Start to update net delay, extr mode = 3.
TMR-2504 : Update delay of 1152 nets completely.
TMR-2502 : Annotate delay completely, extr mode = 3.
TMR-3002 : No user constraint, initiate default constraint.
TMR-1501 : Assign derive clock DeriveClock to 688 clock pins, and constraint 1493 relative nodes.
TMR-3003 : Constraints initiated successfully.
TMR-3501 : Forward propagation: start to calculate arrival time...
TMR-3502 : Backward propagation: start to calculate required time...
TMR-3503 : Timing propagation completes.
PHY-1001 : Start global routing, caller is route ...
RUN-1001 : Generating global routing grids ...
PHY-1001 : Generate routing nets ...
PHY-1001 : Global iterations in 16 thread ...
PHY-1002 : len = 50472, over cnt = 158(0%), over = 254, worst = 5
PHY-1002 : len = 51592, over cnt = 77(0%), over = 103, worst = 5
PHY-1002 : len = 52264, over cnt = 30(0%), over = 41, worst = 2
PHY-1002 : len = 52704, over cnt = 0(0%), over = 0, worst = 0
PHY-1001 : End global iterations;  0.168049s wall, 0.218750s user + 0.046875s system = 0.265625s CPU (158.1%)

PHY-1001 : Congestion index: top1 = 26.79, top5 = 19.42, top10 = 14.59, top15 = 10.94.
PHY-1001 : End global routing;  0.227318s wall, 0.265625s user + 0.046875s system = 0.312500s CPU (137.5%)

PHY-1001 : Start detail routing ...
PHY-1001 : Current memory(MB): used = 206, reserve = 171, peak = 219.
PHY-1001 : Detailed router is running in normal mode.
PHY-1001 : Generate detailed routing grids ...
PHY-1001 : Processed IO instance DigitronCS_Out[3]_syn_2 with INV attribute.
PHY-1001 : Processed IO instance DigitronCS_Out[2]_syn_2 with INV attribute.
PHY-1001 : Processed IO instance DigitronCS_Out[1]_syn_2 with INV attribute.
PHY-1001 : Processed IO instance DigitronCS_Out[0]_syn_2 with INV attribute.
PHY-1001 : Generate nets ...
PHY-1001 : net CLK_dup_1 will be routed on clock mesh
PHY-1001 : clock net CLK_500K_syn_8 will be merged with clock CLK_500K
PHY-1001 : clock net U5/SingleNum_n_syn_3 will be merged with clock U5/SingleNum_n
PHY-1001 : clock net config_inst_syn_10 will be merged with clock config_inst_syn_9
PHY-1001 : Current memory(MB): used = 472, reserve = 441, peak = 472.
PHY-1001 : End build detailed router design. 3.345916s wall, 3.203125s user + 0.109375s system = 3.312500s CPU (99.0%)

PHY-1001 : Detail Route ...
PHY-1001 : ===== Detail Route Phase 1 =====
PHY-1001 : Clock net routing.....
PHY-1001 : Routed 0% nets.
PHY-1022 : len = 32704, over cnt = 0(0%), over = 0, worst = 0, crit = 0
PHY-1001 : End initial clock net routed; 1.130206s wall, 1.109375s user + 0.000000s system = 1.109375s CPU (98.2%)

PHY-1001 : Current memory(MB): used = 504, reserve = 474, peak = 504.
PHY-1001 : End phase 1; 1.135912s wall, 1.125000s user + 0.000000s system = 1.125000s CPU (99.0%)

PHY-1001 : ===== Detail Route Phase 2 =====
PHY-1001 : Initial routing.....
PHY-1001 : Routed 32% nets.
PHY-1001 : Routed 39% nets.
PHY-1001 : Routed 47% nets.
PHY-1001 : Routed 63% nets.
PHY-1001 : Routed 88% nets.
PHY-1022 : len = 243008, over cnt = 34(0%), over = 34, worst = 1, crit = 0
PHY-1001 : Current memory(MB): used = 505, reserve = 476, peak = 506.
PHY-1001 : End initial routed; 2.943070s wall, 3.500000s user + 0.093750s system = 3.593750s CPU (122.1%)

PHY-1001 : Current memory(MB): used = 505, reserve = 476, peak = 506.
PHY-1001 : End phase 2; 2.943155s wall, 3.500000s user + 0.093750s system = 3.593750s CPU (122.1%)

PHY-1001 : ===== Detail Route Phase 3 =====
PHY-1001 : Ripup-reroute.....
PHY-1001 : ===== DR Iter 1 =====
PHY-1022 : len = 242528, over cnt = 6(0%), over = 6, worst = 1, crit = 0
PHY-1001 : End DR Iter 1; 0.064776s wall, 0.062500s user + 0.000000s system = 0.062500s CPU (96.5%)

PHY-1001 : ===== DR Iter 2 =====
PHY-1022 : len = 242568, over cnt = 1(0%), over = 1, worst = 1, crit = 0
PHY-1001 : End DR Iter 2; 0.017674s wall, 0.015625s user + 0.000000s system = 0.015625s CPU (88.4%)

PHY-1001 : ===== DR Iter 3 =====
PHY-1022 : len = 242600, over cnt = 0(0%), over = 0, worst = 0, crit = 0
PHY-1001 : End DR Iter 3; 0.017504s wall, 0.015625s user + 0.000000s system = 0.015625s CPU (89.3%)

PHY-1001 : Commit to database.....
PHY-1001 : 5 feed throughs used by 5 nets
PHY-1001 : End commit to database; 0.154427s wall, 0.156250s user + 0.000000s system = 0.156250s CPU (101.2%)

PHY-1001 : Current memory(MB): used = 519, reserve = 489, peak = 519.
PHY-1001 : End phase 3; 0.365649s wall, 0.375000s user + 0.000000s system = 0.375000s CPU (102.6%)

PHY-1003 : Routed, final wirelength = 242600
PHY-1001 : Current memory(MB): used = 519, reserve = 489, peak = 519.
PHY-1001 : End export database. 0.009647s wall, 0.000000s user + 0.000000s system = 0.000000s CPU (n/a%)

PHY-1001 : End detail routing;  8.012545s wall, 8.421875s user + 0.203125s system = 8.625000s CPU (107.6%)

RUN-1003 : finish command "route" in  8.507097s wall, 8.906250s user + 0.265625s system = 9.171875s CPU (107.8%)

RUN-1004 : used memory is 455 MB, reserved memory is 427 MB, peak memory is 519 MB
RUN-1002 : start command "report_area -io_info -file rx_top_phy.area"
RUN-1001 : standard
***Report Model: rx_top Device: EG4S20BG256***

IO Statistics
#IO                        25
  #input                    4
  #output                  21
  #inout                    0

Utilization Statistics
#lut                      723   out of  19600    3.69%
#reg                      533   out of  19600    2.72%
#le                       900
  #lut only               367   out of    900   40.78%
  #reg only               177   out of    900   19.67%
  #lut&reg                356   out of    900   39.56%
#dsp                        0   out of     29    0.00%
#bram                      26   out of     64   40.62%
  #bram9k                  26
  #fifo9k                   0
#bram32k                    0   out of     16    0.00%
#pad                       25   out of    188   13.30%
  #ireg                     1
  #oreg                    13
  #treg                     0
#pll                        0   out of      4    0.00%
#gclk                       3   out of     16   18.75%

Clock Resource Statistics
Index     ClockNet             Type               DriverType         Driver                     Fanout
#1        config_inst_syn_9    GCLK               config             config_inst.jtck           166
#2        CLK_500K             GCLK               mslice             cnt2_b[4]_syn_15.q0        143
#3        CLK_dup_1            GCLK               io                 CLK_syn_2.di               32
#4        U5/SingleNum_n       GCLK               lslice             U5/SingleNum_n_syn_7.f1    7


Detailed IO Report

        Name           Direction    Location    IOStandard    DriveStrength    PullType    PackReg  
         CLK             INPUT         R7        LVCMOS33          N/A          PULLUP      NONE    
        RSTn             INPUT         A9        LVCMOS33          N/A          PULLUP      NONE    
      RX_En_Sig          INPUT        A10        LVCMOS33          N/A          PULLUP      NONE    
      RX_Pin_In          INPUT        F12        LVCMOS33          N/A          PULLUP      IREG    
  DigitronCS_Out[3]     OUTPUT         A3        LVCMOS33           8            NONE       OREG    
  DigitronCS_Out[2]     OUTPUT         A5        LVCMOS33           8            NONE       OREG    
  DigitronCS_Out[1]     OUTPUT         B6        LVCMOS33           8            NONE       OREG    
  DigitronCS_Out[0]     OUTPUT         C9        LVCMOS33           8            NONE       OREG    
   Digitron_Out[7]      OUTPUT         C8        LVCMOS33           8            NONE       NONE    
   Digitron_Out[6]      OUTPUT         A8        LVCMOS33           8            NONE       NONE    
   Digitron_Out[5]      OUTPUT         B5        LVCMOS33           8            NONE       NONE    
   Digitron_Out[4]      OUTPUT         A7        LVCMOS33           8            NONE       NONE    
   Digitron_Out[3]      OUTPUT         E8        LVCMOS33           8            NONE       NONE    
   Digitron_Out[2]      OUTPUT         B8        LVCMOS33           8            NONE       NONE    
   Digitron_Out[1]      OUTPUT         A6        LVCMOS33           8            NONE       NONE    
   Digitron_Out[0]      OUTPUT         A4        LVCMOS33           8            NONE       NONE    
     LED_Out[7]         OUTPUT        F16        LVCMOS33           8            NONE       OREG    
     LED_Out[6]         OUTPUT        E16        LVCMOS33           8            NONE       OREG    
     LED_Out[5]         OUTPUT        E13        LVCMOS33           8            NONE       OREG    
     LED_Out[4]         OUTPUT        C16        LVCMOS33           8            NONE       OREG    
     LED_Out[3]         OUTPUT        C15        LVCMOS33           8            NONE       OREG    
     LED_Out[2]         OUTPUT        B16        LVCMOS33           8            NONE       OREG    
     LED_Out[1]         OUTPUT        B15        LVCMOS33           8            NONE       OREG    
     LED_Out[0]         OUTPUT        B14        LVCMOS33           8            NONE       OREG    
     TX_Pin_Out         OUTPUT        D12        LVCMOS33           8            NONE       OREG    

Report Hierarchy Area:
+---------------------------------------------------------------------------------------------------------------+
|Instance                             |Module              |le     |lut     |ripple  |seq     |bram    |dsp     |
+---------------------------------------------------------------------------------------------------------------+
|top                                  |rx_top              |900    |599     |124     |547     |26      |0       |
|  U1                                 |detect_module       |1      |1       |0       |1       |0       |0       |
|  U2                                 |rx_bps_module       |28     |24      |4       |13      |0       |0       |
|  U3                                 |rx_control_module   |47     |42      |5       |14      |0       |0       |
|  U5                                 |Digitron_NumDisplay |104    |84      |18      |22      |0       |0       |
|  U6                                 |calculate_rx        |46     |46      |0       |27      |0       |0       |
|  U7                                 |tx_bitrate          |28     |24      |4       |13      |0       |0       |
|  U8                                 |uart_tx             |24     |24      |0       |6       |0       |0       |
|  cw_top                             |CW_TOP_WRAPPER      |591    |333     |83      |424     |0       |0       |
|    wrapper_cwc_top                  |cwc_top             |591    |333     |83      |424     |0       |0       |
|      cfg_int_inst                   |cwc_cfg_int         |293    |138     |0       |284     |0       |0       |
|        reg_inst                     |register            |291    |136     |0       |282     |0       |0       |
|        tap_inst                     |tap                 |2      |2       |0       |2       |0       |0       |
|      trigger_inst                   |trigger             |298    |195     |83      |140     |0       |0       |
|        bus_inst                     |bus_top             |88     |59      |22      |55      |0       |0       |
|          BUS_DETECTOR[0]$bus_nodes  |bus_det             |16     |10      |6       |7       |0       |0       |
|          BUS_DETECTOR[10]$bus_nodes |bus_det             |16     |6       |6       |8       |0       |0       |
|          BUS_DETECTOR[11]$bus_nodes |bus_det             |3      |2       |0       |3       |0       |0       |
|          BUS_DETECTOR[12]$bus_nodes |bus_det             |4      |2       |0       |4       |0       |0       |
|          BUS_DETECTOR[13]$bus_nodes |bus_det             |2      |2       |0       |2       |0       |0       |
|          BUS_DETECTOR[14]$bus_nodes |bus_det             |2      |2       |0       |2       |0       |0       |
|          BUS_DETECTOR[15]$bus_nodes |bus_det             |2      |2       |0       |2       |0       |0       |
|          BUS_DETECTOR[2]$bus_nodes  |bus_det             |2      |2       |0       |2       |0       |0       |
|          BUS_DETECTOR[3]$bus_nodes  |bus_det             |2      |2       |0       |2       |0       |0       |
|          BUS_DETECTOR[4]$bus_nodes  |bus_det             |2      |2       |0       |2       |0       |0       |
|          BUS_DETECTOR[5]$bus_nodes  |bus_det             |2      |2       |0       |2       |0       |0       |
|          BUS_DETECTOR[6]$bus_nodes  |bus_det             |3      |3       |0       |3       |0       |0       |
|          BUS_DETECTOR[7]$bus_nodes  |bus_det             |2      |2       |0       |2       |0       |0       |
|          BUS_DETECTOR[8]$bus_nodes  |bus_det             |2      |2       |0       |2       |0       |0       |
|          BUS_DETECTOR[9]$bus_nodes  |bus_det             |28     |18      |10      |12      |0       |0       |
|        emb_ctrl_inst                |emb_ctrl            |112    |83      |29      |55      |0       |0       |
+---------------------------------------------------------------------------------------------------------------+


DataNet Average Fanout:

   Index     Fanout     Nets  
    #1          1       473   
    #2          2       416   
    #3          3        88   
    #4          4        31   
    #5        5-10       54   
    #6        11-50      55   
    #7       51-100      4    
    #8       101-500     2    
  Average     3.32            

RUN-1002 : start command "export_db rx_top_pr.db"
RUN-1001 : Exported /
RUN-1001 : Exported flow parameters
RUN-1001 : Exported libs
RUN-1001 : Exported entities
RUN-1001 : Exported ports
RUN-1001 : Exported pins
RUN-1001 : Exported instances
RUN-1001 : Exported nets
RUN-1001 : Exported buses
RUN-1001 : Exported models
RUN-1001 : Exported congestions
RUN-1001 : Exported violations
RUN-1001 : Exported IO constraints
RUN-1001 : Exported Inst constraints
RUN-1001 : Exported ChipWatcher
RUN-1002 : start command "export_bid rx_top_inst.bid"
PRG-1000 : <!-- HMAC is: 53f4d903f6942f8f4af9271b0318adb476dcf09f4e4ad1575bdb6c4a2f381664 -->
RUN-1002 : start command "bitgen -bit rx_top.bit -unused_io_status pulldown"
BIT-1003 : Start to generate bitstream. 
BIT-1002 : Bitgen processed 163 unused pads, reserve input tri_state with pulldown
BIT-1002 : Init instances with 16 threads.
BIT-1002 : Init instances completely, inst num: 692
BIT-1002 : Init pips with 16 threads.
BIT-1002 : Init pips completely, net num: 1154, pip num: 13784
BIT-1002 : Init feedthrough completely, num: 5
BIT-1003 : Multithreading accelaration with 16 threads.
BIT-1003 : Generate bitstream completely, there are 1581 valid insts, and 36189 bits set as '1'.
BIT-1004 : the usercode register value: 00000000001110000100111010001111
BIT-1004 : PLL setting string = 0000
BIT-1004 : Generate bits file rx_top.bit.
RUN-1003 : finish command "bitgen -bit rx_top.bit -unused_io_status pulldown" in  2.239488s wall, 17.812500s user + 0.234375s system = 18.046875s CPU (805.8%)

RUN-1004 : used memory is 459 MB, reserved memory is 435 MB, peak memory is 650 MB
RUN-1002 : start command "backup_run_log run.log ../.logs/phy_1/td_20240828_093437.log"
