============================================================
   Tang Dynasty, V5.6.71036
      Copyright (c) 2012-2023 Anlogic Inc.
   Executable = C:/Anlogic/TD5.6.2/bin/td.exe
   Built at =   20:34:38 Mar 21 2023
   Run by =     Lenovo
   Run Date =   Tue Aug 27 20:59:55 2024

   Run on =     LAPTOP-QRG7LJL6
============================================================
RUN-1002 : start command "open_project rx_top.prj"
RUN-1001 : Print Global Property
RUN-1001 : ---------------------------------------------------------------
RUN-1001 :        Parameters        |  Settings  |  Default Values  |  Note  
RUN-1001 : ---------------------------------------------------------------
RUN-1001 :          message         |  standard  |     standard     |        
RUN-1001 :   mixed_pack_place_flow  |     on     |        on        |        
RUN-1001 :        qor_monitor       |    off     |       off        |        
RUN-1001 :        syn_ip_flow       |    off     |       off        |        
RUN-1001 :          thread          |    auto    |       auto       |        
RUN-1001 : ---------------------------------------------------------------
RUN-1001 : Print Design Property
RUN-1001 : --------------------------------------------------------------
RUN-1001 :        Parameters       |  Settings  |  Default Values  |  Note  
RUN-1001 : --------------------------------------------------------------
RUN-1001 :   default_reg_initial   |    auto    |       auto       |        
RUN-1001 :        infer_add        |     on     |        on        |        
RUN-1001 :        infer_fsm        |    off     |       off        |        
RUN-1001 :        infer_mult       |     on     |        on        |        
RUN-1001 :        infer_ram        |     on     |        on        |        
RUN-1001 :        infer_reg        |     on     |        on        |        
RUN-1001 :   infer_reg_init_value  |     on     |        on        |        
RUN-1001 :        infer_rom        |     on     |        on        |        
RUN-1001 :      infer_shifter      |     on     |        on        |        
RUN-1001 : --------------------------------------------------------------
RUN-1001 : Print Rtl Property
RUN-1001 : --------------------------------------------------------------
RUN-1001 :        Parameters       |  Settings  |  Default Values  |  Note  
RUN-1001 : --------------------------------------------------------------
RUN-1001 :       compress_add      |   ripple   |      ripple      |        
RUN-1001 :        elf_sload        |    off     |       off        |        
RUN-1001 :       fix_undriven      |     0      |        0         |        
RUN-1001 :         flatten         |    off     |       off        |        
RUN-1001 :       gate_sharing      |     on     |        on        |        
RUN-1001 :    hdl_warning_level    |   normal   |      normal      |        
RUN-1001 :   impl_internal_tribuf  |     on     |        on        |        
RUN-1001 :      impl_set_reset     |     on     |        on        |        
RUN-1001 :        infer_gsr        |    off     |       off        |        
RUN-1001 :      keep_hierarchy     |    auto    |       auto       |        
RUN-1001 :        max_fanout       |    9999    |       9999       |        
RUN-1001 :      max_oh2bin_len     |     10     |        10        |        
RUN-1001 :       merge_equal       |     on     |        on        |        
RUN-1001 :       merge_equiv       |     on     |        on        |        
RUN-1001 :        merge_mux        |    off     |       off        |        
RUN-1001 :     min_control_set     |     8      |        8         |        
RUN-1001 :      min_ripple_len     |    auto    |       auto       |        
RUN-1001 :       oh2bin_ratio      |    0.08    |       0.08       |        
RUN-1001 :     opt_adder_fanout    |     on     |        on        |        
RUN-1001 :        opt_arith        |     on     |        on        |        
RUN-1001 :       opt_big_gate      |    off     |       off        |        
RUN-1001 :        opt_const        |     on     |        on        |        
RUN-1001 :      opt_const_mult     |     on     |        on        |        
RUN-1001 :       opt_lessthan      |     on     |        on        |        
RUN-1001 :         opt_mux         |    off     |       off        |        
RUN-1001 :         opt_ram         |    high    |       high       |        
RUN-1001 :      rtl_sim_model      |    off     |       off        |        
RUN-1001 :         seq_syn         |     on     |        on        |        
RUN-1001 : --------------------------------------------------------------
HDL-1007 : analyze verilog file ../../Digitron_NumDisplay.v
HDL-1007 : analyze verilog file ../../LED_display_module.v
HDL-5007 WARNING: empty port in module declaration in ../../LED_display_module.v(3)
HDL-1007 : analyze verilog file ../../detect_module.v
HDL-1007 : analyze verilog file ../../rx_bps_module.v
HDL-1007 : analyze verilog file ../../rx_control_module.v
HDL-1007 : analyze verilog file ../../rx_top.v
HDL-1007 : analyze verilog file ../../tx_control.v
HDL-1007 : analyze verilog file ../../calculate_rx.v
RUN-1001 : Project manager successfully analyzed 8 source files.
RUN-1002 : start command "import_device eagle_s20.db -package EG4S20BG256"
ARC-1001 : Device Initialization.
ARC-1001 : ------------------------------------------------------------------
ARC-1001 :            OPTION            |          IO          |   SETTING   
ARC-1001 : ------------------------------------------------------------------
ARC-1001 :   cso_b/cclk/mosi/miso/dout  |  T3/R11/T10/P10/S11  |    gpio    
ARC-1001 :             done             |         P13          |    gpio    
ARC-1001 :           program_b          |          T2          |  dedicate  
ARC-1001 :        tdi/tms/tck/tdo       |   C12/A15/C14/E14    |  dedicate  
ARC-1001 : ------------------------------------------------------------------
ARC-1004 : Device setting, marked 5 dedicate IOs in total.
RUN-1002 : start command "import_db ../syn_1/rx_top_gate.db"
RUN-1001 : Importing database generated by Tang Dynasty, V5.6.71036.
RUN-1001 : Database version number 46146.
RUN-1001 : Import flow parameters
RUN-1001 : Import IO constraints
RUN-1001 : Import Inst constraints
RUN-1001 : Import design success TD_VERSION=5.6.71036 , DB_VERSION=46146
RUN-1002 : start command "place"
RUN-1001 : Open license file C:/Anlogic/TD5.6.2/license/Anlogic.lic
RUN-1001 : Print Global Property
RUN-1001 : ---------------------------------------------------------------
RUN-1001 :        Parameters        |  Settings  |  Default Values  |  Note  
RUN-1001 : ---------------------------------------------------------------
RUN-1001 :          message         |  standard  |     standard     |        
RUN-1001 :   mixed_pack_place_flow  |     on     |        on        |        
RUN-1001 :        qor_monitor       |    off     |       off        |        
RUN-1001 :        syn_ip_flow       |    off     |       off        |        
RUN-1001 :          thread          |    auto    |       auto       |        
RUN-1001 : ---------------------------------------------------------------
RUN-1001 : Print Place Property
RUN-1001 : --------------------------------------------------------------
RUN-1001 :        Parameters       |  Settings  |  Default Values  |  Note  
RUN-1001 : --------------------------------------------------------------
RUN-1001 :      detailed_place     |     on     |        on        |        
RUN-1001 :          effort         |   medium   |      medium      |        
RUN-1001 :         fix_hold        |    off     |       off        |        
RUN-1001 :       legalization      |    ori     |       ori        |        
RUN-1001 :      new_spreading      |     on     |        on        |        
RUN-1001 :        opt_timing       |   medium   |      medium      |        
RUN-1001 :   post_clock_route_opt  |    off     |       off        |        
RUN-1001 :       pr_strategy       |     1      |        1         |        
RUN-1001 :        relaxation       |    1.00    |       1.00       |        
RUN-1001 :         retiming        |    off     |       off        |        
RUN-1001 : --------------------------------------------------------------
PHY-3001 : Placer runs in 16 thread(s).
RUN-1002 : start command "legalize_phy_inst"
SYN-1011 : Flatten model rx_top
SYN-5055 WARNING: The kept net U2/BPS_CLK_n will be merged to another kept net BPS_CLK
SYN-5055 WARNING: The kept net U3/BPS_CLK will be merged to another kept net BPS_CLK
SYN-5055 WARNING: The kept net U1/CLK will be merged to another kept net CLK_500K
SYN-5055 WARNING: The kept net U3/isCount will be merged to another kept net Count_Sig
SYN-5055 WARNING: The kept net U2/Count_Sig will be merged to another kept net Count_Sig
SYN-5055 WARNING: The kept net U3/isDone will be merged to another kept net RX_Done_Sig
SYN-5055 WARNING: The kept net U4/RX_Done_Sig will be merged to another kept net RX_Done_Sig
SYN-5055 WARNING: The kept net U6/TX_Data_n will be merged to another kept net TX_Data_Valid
SYN-5055 WARNING: The kept net U7/uart_tx_en will be merged to another kept net TX_Data_Valid
SYN-5055 WARNING: The kept net U1/neg_sig_n will be merged to another kept net neg_sig
SYN-5055 Similar messages will be suppressed.
RUN-1002 : start command "phys_opt -simplify_lut"
SYN-4024 : Net "CLK_dup_1" drives clk pins.
SYN-4024 : Net "CLK_500K" drives clk pins.
SYN-4024 : Net "U5/SingleNum_n" drives clk pins.
SYN-4024 : Net "TX_Data_Valid" drives clk pins.
SYN-4025 : Tag rtl::Net CLK_500K as clock net
SYN-4025 : Tag rtl::Net CLK_dup_1 as clock net
SYN-4025 : Tag rtl::Net TX_Data_Valid as clock net
SYN-4025 : Tag rtl::Net U5/SingleNum_n as clock net
SYN-4026 : Tagged 4 rtl::Net as clock net
SYN-4015 : Create BUFG instance for clk Net CLK_500K to drive 37 clock pins.
SYN-4015 : Create BUFG instance for clk Net TX_Data_Valid to drive 8 clock pins.
SYN-4015 : Create BUFG instance for clk Net U5/SingleNum_n to drive 8 clock pins.
PHY-1001 : Populate physical database on model rx_top.
RUN-1001 : There are total 372 instances
RUN-0007 : 200 luts, 92 seqs, 31 mslices, 18 lslices, 25 pads, 0 brams, 0 dsps
RUN-1001 : There are total 439 nets
RUN-1001 : 265 nets have 2 pins
RUN-1001 : 122 nets have [3 - 5] pins
RUN-1001 : 32 nets have [6 - 10] pins
RUN-1001 : 15 nets have [11 - 20] pins
RUN-1001 : 4 nets have [21 - 99] pins
RUN-1001 : 1 nets have 100+ pins
RUN-1001 : Report Control nets information:
RUN-1001 : DFF Distribution
RUN-1001 : ----------------------------------
RUN-1001 :   CE   |  SSR  |  ASR  |  DFF Count  
RUN-1001 : ----------------------------------
RUN-1001 :   No   |  No   |  No   |     30      
RUN-1001 :   No   |  No   |  Yes  |     62      
RUN-1001 :   No   |  Yes  |  No   |      0      
RUN-1001 :   Yes  |  No   |  No   |      0      
RUN-1001 :   Yes  |  No   |  Yes  |      0      
RUN-1001 :   Yes  |  Yes  |  No   |      0      
RUN-1001 : ----------------------------------
RUN-0007 : Control Group Statistic
RUN-0007 : ---------------------------
RUN-0007 :   #CLK  |  #CE  |  #SSR/ASR  
RUN-0007 : ---------------------------
RUN-0007 :    4    |   1   |     2      
RUN-0007 : ---------------------------
RUN-0007 : Control Set = 5
PHY-3001 : Initial placement ...
PHY-3001 : design contains 370 instances, 200 luts, 92 seqs, 49 slices, 10 macros(49 instances: 31 mslices 18 lslices)
PHY-0007 : Cell area utilization is 1%
PHY-3001 : Global placement ...
PHY-3001 : Initial: Len = 97046.8
PHY-3001 : Clustering ...
PHY-3001 : Level 0 #clusters 370.
PHY-3001 : End clustering;  0.000034s wall, 0.000000s user + 0.000000s system = 0.000000s CPU (n/a%)

PHY-3001 : Run with size of 4
PHY-3001 : Cell area utilization is 1%
PHY-3001 : :::0::: Try harder cell spreading with beta_ = 0
PHY-3002 : Step(1): len = 61974.8, overlap = 0
PHY-3002 : Step(2): len = 46220.1, overlap = 0
PHY-3002 : Step(3): len = 34232.9, overlap = 0
PHY-3002 : Step(4): len = 26563.6, overlap = 0
PHY-3002 : Step(5): len = 22991, overlap = 0
PHY-3002 : Step(6): len = 19791.7, overlap = 0
PHY-3002 : Step(7): len = 17499.5, overlap = 0
PHY-3002 : Step(8): len = 16146.6, overlap = 0
PHY-3002 : Step(9): len = 15290.4, overlap = 0
PHY-3002 : Step(10): len = 13873.1, overlap = 0
PHY-3002 : Step(11): len = 13523.8, overlap = 0
PHY-3002 : Step(12): len = 13191.6, overlap = 0
PHY-3002 : Step(13): len = 11919.6, overlap = 0
PHY-3002 : Step(14): len = 11978.9, overlap = 0
PHY-3002 : Step(15): len = 11525, overlap = 0
PHY-3002 : Step(16): len = 11274.2, overlap = 0
PHY-3002 : Step(17): len = 11229, overlap = 0
PHY-3002 : Step(18): len = 11291.9, overlap = 0
PHY-3002 : Step(19): len = 10581.1, overlap = 0
PHY-3002 : Step(20): len = 10707.7, overlap = 0
PHY-3002 : Step(21): len = 10909.9, overlap = 0
PHY-3002 : Step(22): len = 10987.6, overlap = 0
PHY-3002 : Step(23): len = 10834.6, overlap = 0
PHY-3002 : Step(24): len = 11035.5, overlap = 0
PHY-3002 : Step(25): len = 10683.4, overlap = 0
PHY-3002 : Step(26): len = 10825.2, overlap = 0
PHY-3002 : Step(27): len = 10798.3, overlap = 0
PHY-3002 : Step(28): len = 9687.6, overlap = 0
PHY-3002 : Step(29): len = 9664.1, overlap = 0
PHY-3002 : Step(30): len = 9974, overlap = 0
PHY-3002 : Step(31): len = 10300, overlap = 0
PHY-3002 : Step(32): len = 9547, overlap = 0
PHY-3002 : Step(33): len = 9622.3, overlap = 0
PHY-3002 : Step(34): len = 9601.7, overlap = 0
PHY-3002 : Step(35): len = 8838, overlap = 0
PHY-3002 : Step(36): len = 8632.7, overlap = 0
PHY-3002 : Step(37): len = 8078.7, overlap = 0
PHY-3002 : Step(38): len = 7966, overlap = 0
PHY-3002 : Step(39): len = 7966, overlap = 0
PHY-3002 : Step(40): len = 7378.6, overlap = 0
PHY-3002 : Step(41): len = 7378.6, overlap = 0
PHY-3002 : Step(42): len = 7179, overlap = 0
PHY-3001 : Legalization ...
PHY-3001 : End legalization;  0.004752s wall, 0.000000s user + 0.000000s system = 0.000000s CPU (n/a%)

PHY-3001 : Run with size of 4
PHY-3001 : Cell area utilization is 2%
PHY-3001 : :::0::: Try harder cell spreading with beta_ = 0
PHY-3002 : Step(43): len = 7348.4, overlap = 0
PHY-3002 : Step(44): len = 7395, overlap = 0
PHY-3002 : Step(45): len = 7431.7, overlap = 0
PHY-3002 : Step(46): len = 7520, overlap = 0
PHY-3002 : Step(47): len = 7257.8, overlap = 0
PHY-3002 : Step(48): len = 7321.5, overlap = 0
PHY-3002 : Step(49): len = 7444.4, overlap = 0
PHY-3002 : Step(50): len = 7460.5, overlap = 0
PHY-3002 : Step(51): len = 7166.3, overlap = 0
PHY-3002 : Step(52): len = 7185, overlap = 0
PHY-3002 : Step(53): len = 6800.4, overlap = 0
PHY-3002 : Step(54): len = 6987.9, overlap = 0
PHY-3002 : Step(55): len = 7142.5, overlap = 0
PHY-3002 : Step(56): len = 7091, overlap = 0
PHY-3002 : Step(57): len = 6895.7, overlap = 0
PHY-3002 : Step(58): len = 6547.1, overlap = 0
PHY-3002 : Step(59): len = 6610.1, overlap = 0
PHY-3002 : Step(60): len = 6084.4, overlap = 0
PHY-3002 : Step(61): len = 5969.7, overlap = 0
PHY-3002 : Step(62): len = 5999.1, overlap = 0
PHY-3002 : Step(63): len = 5907.5, overlap = 0
PHY-3002 : Step(64): len = 5720.8, overlap = 0
PHY-3002 : Step(65): len = 5763, overlap = 0
PHY-3002 : Step(66): len = 5660.7, overlap = 0
PHY-3002 : Step(67): len = 5305.1, overlap = 0
PHY-3002 : Step(68): len = 4976.6, overlap = 0
PHY-3002 : Step(69): len = 5006, overlap = 0
PHY-3002 : Step(70): len = 4678.2, overlap = 0
PHY-3002 : Step(71): len = 4707.3, overlap = 0
PHY-3002 : Step(72): len = 4748.5, overlap = 0
PHY-3002 : Step(73): len = 4767.3, overlap = 0
PHY-3002 : Step(74): len = 4449, overlap = 0
PHY-3002 : Step(75): len = 4449, overlap = 0
PHY-3002 : Step(76): len = 4348.8, overlap = 0
PHY-3002 : Step(77): len = 4348.8, overlap = 0
PHY-3002 : Step(78): len = 4297.6, overlap = 0
PHY-3002 : Step(79): len = 4297.6, overlap = 0
PHY-3002 : Step(80): len = 4264.4, overlap = 0
PHY-3001 : Run with size of 2
PHY-3001 : Cell area utilization is 2%
PHY-3001 : :::0::: Try harder cell spreading with beta_ = 7.50855e-06
PHY-3002 : Step(81): len = 4449.4, overlap = 9.28125
PHY-3002 : Step(82): len = 4483.7, overlap = 9.1875
PHY-3001 : :::1::: Try harder cell spreading with beta_ = 1.50171e-05
PHY-3002 : Step(83): len = 4341.5, overlap = 9.21875
PHY-3002 : Step(84): len = 4382, overlap = 8.78125
PHY-3001 : :::2::: Try harder cell spreading with beta_ = 3.00342e-05
PHY-3002 : Step(85): len = 4506.3, overlap = 6.625
PHY-3002 : Step(86): len = 4562, overlap = 6.40625
OPT-1001 : Start physical optimization ...
OPT-1001 : Total overflow 16.34 peak overflow 2.28
OPT-1001 : Start high-fanout net optimization ...
OPT-1001 : Update timing in global mode
PHY-1001 : Start incremental global routing, caller is place ...
RUN-1001 : Generating global routing grids ...
RUN-1001 : Building simple global routing graph ...
PHY-1001 : Generate routing nets ...
PHY-1001 : Reuse net number 0/439.
PHY-1001 : Global iterations in 16 thread ...
PHY-1002 : len = 5064, over cnt = 29(0%), over = 108, worst = 13
PHY-1001 : End global iterations;  0.022644s wall, 0.031250s user + 0.046875s system = 0.078125s CPU (345.0%)

PHY-1001 : Congestion index: top1 = 14.51, top5 = 4.03, top10 = 2.01, top15 = 1.34.
PHY-1001 : End incremental global routing;  0.073423s wall, 0.078125s user + 0.046875s system = 0.125000s CPU (170.2%)

RUN-1002 : start command "start_timer -report"
TMR-5001 WARNING: No sdc constraints found while initiating timer.
TMR-2505 : Start building timing graph for model rx_top.
TMR-2506 : Build timing graph completely. Port num: 8, tpin num: 1598, tnet num: 437, tinst num: 370, tnode num: 1898, tedge num: 2519.
TMR-2509 : Cut connection from U3/rData[0]_syn_95.fci to U3/rData[0]_syn_95.fx[0].
TMR-2509 : Cut connection from U3/rData[0]_syn_95.e[0] to U3/rData[0]_syn_95.fx[0].
TMR-2509 : Cut connection from U3/rData[0]_syn_95.d[0] to U3/rData[0]_syn_95.fx[0].
TMR-2509 : Cut connection from U6/sum[4]_syn_3.a to U6/sum[4]_syn_3.o.
TMR-2509 : Cut connection from U6/TX_Data_b[3]_syn_1.a to U6/TX_Data_b[3]_syn_1.o.
TMR-2509 : Cut connection from U6/TX_Data_b[3]_syn_1.b to U6/TX_Data_b[3]_syn_1.o.
TMR-2509 : Cut connection from U6/TX_Data_b[3]_syn_1.d to U6/TX_Data_b[3]_syn_1.o.
TMR-2509 : Cut connection from U6/TX_Data_b[4]_syn_1.a to U6/TX_Data_b[4]_syn_1.o.
TMR-2509 : Cut connection from U6/TX_Data_b[4]_syn_1.b to U6/TX_Data_b[4]_syn_1.o.
TMR-2509 : Cut connection from U3/rData[0]_syn_95.fci to U3/rData[0]_syn_95.fx[1].
TMR-2509 : Cut connection from U3/rData[0]_syn_95.e[1] to U3/rData[0]_syn_95.fx[1].
TMR-2509 : Cut connection from U3/rData[0]_syn_95.d[1] to U3/rData[0]_syn_95.fx[1].
TMR-2509 : Cut connection from U3/rData[0]_syn_95.d[0] to U3/rData[0]_syn_95.fx[1].
TMR-2509 : Cut connection from U6/sum[6]_syn_3.a to U6/sum[6]_syn_3.o.
TMR-2509 : Cut connection from U6/TX_Data_b[0]_syn_9.a to U6/TX_Data_b[0]_syn_9.o.
TMR-2509 : Cut connection from U6/TX_Data_b[0]_syn_9.b to U6/TX_Data_b[0]_syn_9.o.
TMR-2509 : Cut connection from U6/TX_Data_b[0]_syn_9.c to U6/TX_Data_b[0]_syn_9.o.
TMR-2509 : Cut connection from U6/TX_Data_b[0]_syn_9.e to U6/TX_Data_b[0]_syn_9.o.
TMR-2509 : Cut connection from U6/TX_Data_b[0]_syn_15.e to U6/TX_Data_b[0]_syn_15.o.
TMR-2509 : Cut connection from U6/TX_Data_b[0]_syn_15.b to U6/TX_Data_b[0]_syn_15.o.
TMR-2509 : Cut connection from U6/TX_Data_b[0]_syn_15.d to U6/TX_Data_b[0]_syn_15.o.
TMR-2509 : Cut connection from U6/TX_Data_b[0]_syn_17.a to U6/TX_Data_b[0]_syn_17.o.
TMR-2509 : Cut connection from U6/TX_Data_b[0]_syn_17.c to U6/TX_Data_b[0]_syn_17.o.
TMR-2509 : Cut connection from U6/TX_Data_b[0]_syn_17.d to U6/TX_Data_b[0]_syn_17.o.
TMR-2509 : Cut connection from U6/TX_Data_b[0]_syn_17.e to U6/TX_Data_b[0]_syn_17.o.
TMR-2509 : Cut connection from U6/TX_Data_b[1]_syn_1.a to U6/TX_Data_b[1]_syn_1.o.
TMR-2509 : Cut connection from U6/TX_Data_b[1]_syn_1.c to U6/TX_Data_b[1]_syn_1.o.
TMR-2509 : Cut connection from U6/TX_Data_b[1]_syn_1.d to U6/TX_Data_b[1]_syn_1.o.
TMR-2509 : Cut connection from U6/TX_Data_b[6]_syn_1.a to U6/TX_Data_b[6]_syn_1.o.
TMR-2509 : Cut connection from U6/TX_Data_b[6]_syn_1.b to U6/TX_Data_b[6]_syn_1.o.
TMR-2509 : Cut connection from U6/TX_Data_b[6]_syn_1.c to U6/TX_Data_b[6]_syn_1.o.
TMR-2509 : Cut connection from U3/rData[0]_syn_95.fci to U3/rData[0]_syn_95.fco.
TMR-2509 : Cut connection from U3/rData[0]_syn_95.d[1] to U3/rData[0]_syn_95.fco.
TMR-2509 : Cut connection from U3/rData[0]_syn_95.d[0] to U3/rData[0]_syn_95.fco.
TMR-2509 : Cut connection from U3/rData[0]_syn_96.d[0] to U3/rData[0]_syn_96.f[0].
TMR-2509 : Cut connection from U6/sum[7]_syn_3.a to U6/sum[7]_syn_3.o.
TMR-2509 : Cut connection from U6/TX_Data_b[7]_syn_1.a to U6/TX_Data_b[7]_syn_1.o.
TMR-2509 : Cut connection from U6/TX_Data_b[7]_syn_1.b to U6/TX_Data_b[7]_syn_1.o.
TMR-2509 : Cut connection from U6/TX_Data_b[0]_syn_12.a to U6/TX_Data_b[0]_syn_12.o.
TMR-2509 : Cut connection from U6/TX_Data_b[0]_syn_12.b to U6/TX_Data_b[0]_syn_12.o.
TMR-2509 : Cut connection from U6/TX_Data_b[0]_syn_12.e to U6/TX_Data_b[0]_syn_12.o.
TMR-2509 : Cut connection from U6/TX_Data_b[0]_syn_14.a to U6/TX_Data_b[0]_syn_14.o.
TMR-2509 : Cut connection from U6/TX_Data_b[0]_syn_14.d to U6/TX_Data_b[0]_syn_14.o.
TMR-2509 : Cut connection from U6/TX_Data_b[0]_syn_14.e to U6/TX_Data_b[0]_syn_14.o.
TMR-2509 : Cut connection from U6/TX_Data_b[0]_syn_10.a to U6/TX_Data_b[0]_syn_10.o.
TMR-2509 : Cut connection from U6/TX_Data_b[0]_syn_10.b to U6/TX_Data_b[0]_syn_10.o.
TMR-2509 : Cut connection from U6/TX_Data_b[0]_syn_10.e to U6/TX_Data_b[0]_syn_10.o.
TMR-2509 : Cut connection from U3/rData[0]_syn_96.e[0] to U3/rData[0]_syn_96.fx[0].
TMR-2509 : Cut connection from U6/sum[8]_syn_3.a to U6/sum[8]_syn_3.o.
TMR-2509 : Cut connection from U6/TX_Data_b[0]_syn_7.a to U6/TX_Data_b[0]_syn_7.o.
TMR-2509 : Cut connection from U6/TX_Data_b[0]_syn_7.b to U6/TX_Data_b[0]_syn_7.o.
TMR-2509 : Cut connection from U6/TX_Data_b[0]_syn_7.c to U6/TX_Data_b[0]_syn_7.o.
TMR-2509 : Cut connection from U6/TX_Data_b[0]_syn_7.d to U6/TX_Data_b[0]_syn_7.o.
TMR-2509 : Cut connection from U6/TX_Data_b[0]_syn_5.a to U6/TX_Data_b[0]_syn_5.o.
TMR-2509 : Cut connection from U6/TX_Data_b[0]_syn_5.b to U6/TX_Data_b[0]_syn_5.o.
TMR-2509 : Cut connection from U6/TX_Data_b[0]_syn_5.c to U6/TX_Data_b[0]_syn_5.o.
TMR-2509 : Cut connection from U6/TX_Data_b[0]_syn_5.d to U6/TX_Data_b[0]_syn_5.o.
TMR-2509 : Cut connection from U3/rData[0]_syn_96.e[1] to U3/rData[0]_syn_96.fx[1].
TMR-2509 : Cut connection from U3/rData[0]_syn_96.d[1] to U3/rData[0]_syn_96.fx[1].
TMR-2509 : Cut connection from U6/sum[10]_syn_3.a to U6/sum[10]_syn_3.o.
TMR-2509 : Cut connection from U3/rData[0]_syn_96.d[1] to U3/rData[0]_syn_96.fco.
TMR-2509 : Cut connection from U3/rData[0]_syn_97.d[0] to U3/rData[0]_syn_97.f[0].
TMR-2509 : Cut connection from U6/sum[11]_syn_3.a to U6/sum[11]_syn_3.o.
TMR-2509 : Cut connection from U3/rData[0]_syn_97.e[0] to U3/rData[0]_syn_97.fx[0].
TMR-2509 : Cut connection from U6/sum[12]_syn_3.a to U6/sum[12]_syn_3.o.
TMR-2509 : Cut connection from U3/rData[0]_syn_97.e[1] to U3/rData[0]_syn_97.fx[1].
TMR-2509 : Cut connection from U3/rData[0]_syn_97.d[1] to U3/rData[0]_syn_97.fx[1].
TMR-2509 : Cut connection from U6/sum[14]_syn_4.a to U6/sum[14]_syn_4.o.
TMR-2509 : Cut connection from U6/TX_Data_b[0]_syn_1.a to U6/TX_Data_b[0]_syn_1.o.
TMR-2509 : Cut connection from U6/TX_Data_b[0]_syn_1.c to U6/TX_Data_b[0]_syn_1.o.
TMR-2509 : Cut connection from U6/TX_Data_b[0]_syn_3.a to U6/TX_Data_b[0]_syn_3.o.
TMR-2509 : Cut connection from U6/TX_Data_b[0]_syn_3.c to U6/TX_Data_b[0]_syn_3.o.
TMR-2509 : Cut connection from U3/rData[0]_syn_97.d[1] to U3/rData[0]_syn_97.fco.
TMR-2509 : Cut connection from U3/rData[0]_syn_98.d[0] to U3/rData[0]_syn_98.f[0].
TMR-2509 : Cut connection from U6/sum[15]_syn_3.a to U6/sum[15]_syn_3.o.
TMR-2509 : Cut connection from U3/rData[0]_syn_97.d[1] to U3/rData[0]_syn_97.f[1].
TMR-2509 : Cut connection from U6/sum[13]_syn_3.a to U6/sum[13]_syn_3.o.
TMR-2509 : Cut connection from U3/rData[0]_syn_96.d[1] to U3/rData[0]_syn_96.f[1].
TMR-2509 : Cut connection from U6/sum[9]_syn_3.a to U6/sum[9]_syn_3.o.
TMR-2509 : Cut connection from U3/rData[0]_syn_94.e[0] to U3/rData[0]_syn_94.fx[0].
TMR-2509 : Cut connection from U6/sum[0]_syn_3.a to U6/sum[0]_syn_3.o.
TMR-2509 : Cut connection from U3/rData[0]_syn_94.e[1] to U3/rData[0]_syn_94.fx[1].
TMR-2509 : Cut connection from U3/rData[0]_syn_94.d[1] to U3/rData[0]_syn_94.fx[1].
TMR-2509 : Cut connection from U6/sum[2]_syn_3.a to U6/sum[2]_syn_3.o.
TMR-2509 : Cut connection from U3/rData[0]_syn_94.d[1] to U3/rData[0]_syn_94.fco.
TMR-2509 : Cut connection from U3/rData[0]_syn_95.d[0] to U3/rData[0]_syn_95.f[0].
TMR-2509 : Cut connection from U6/sum[3]_syn_3.a to U6/sum[3]_syn_3.o.
TMR-2509 : Cut connection from U3/rData[0]_syn_95.d[1] to U3/rData[0]_syn_95.f[1].
TMR-2509 : Cut connection from U6/sum[5]_syn_3.a to U6/sum[5]_syn_3.o.
TMR-2509 : Cut connection from U3/rData[0]_syn_94.d[1] to U3/rData[0]_syn_94.f[1].
TMR-2509 : Cut connection from U6/sum[1]_syn_3.a to U6/sum[1]_syn_3.o.
TMR-2509 : Cut connection from U6/sum[14]_syn_3.a to U6/sum[14]_syn_3.o.
TMR-2509 : Cut connection from U6/sum[14]_syn_3.b to U6/sum[14]_syn_3.o.
TMR-2509 : Cut connection from U6/sample_count_b[0]_syn_1.a to U6/sample_count_b[0]_syn_1.o.
TMR-2509 : Cut connection from U6/sample_count_b[1]_syn_1.a to U6/sample_count_b[1]_syn_1.o.
TMR-2507 : Eliminate loop in the timing graph, delete 95 tedges.
TMR-2508 : Levelizing timing graph completed, there are 44 levels in total.
TMR-2501 : Timing graph initialized successfully.
OPT-1001 : End timing update;  0.144094s wall, 0.140625s user + 0.000000s system = 0.140625s CPU (97.6%)

OPT-1001 : 0 high-fanout net processed.
OPT-1001 : End high-fanout net optimization;  0.224667s wall, 0.218750s user + 0.046875s system = 0.265625s CPU (118.2%)

OPT-1001 : Current memory(MB): used = 147, reserve = 116, peak = 147.
OPT-1001 : End physical optimization;  0.229364s wall, 0.234375s user + 0.046875s system = 0.281250s CPU (122.6%)

PHY-3001 : Start packing ...
SYN-4007 : Packing 0 MUX to BLE ...
SYN-4008 : Packed 0 MUX and 0 SEQ to BLE.
SYN-4007 : Packing 200 LUT to BLE ...
SYN-4008 : Packed 200 LUT and 80 SEQ to BLE.
SYN-4003 : Packing 12 remaining SEQ's ...
SYN-4005 : Packed 10 SEQ with LUT/SLICE
SYN-4006 : 112 single LUT's are left
SYN-4006 : 2 single SEQ's are left
SYN-4011 : Packing model "rx_top" (AL_USER_NORMAL) with 202/330 primitive instances ...
PHY-3001 : End packing;  0.010939s wall, 0.000000s user + 0.000000s system = 0.000000s CPU (n/a%)

PHY-1001 : Populate physical database on model rx_top.
RUN-1001 : There are total 190 instances
RUN-1001 : 79 mslices, 80 lslices, 25 pads, 0 brams, 0 dsps
RUN-1001 : There are total 362 nets
RUN-1001 : 183 nets have 2 pins
RUN-1001 : 123 nets have [3 - 5] pins
RUN-1001 : 35 nets have [6 - 10] pins
RUN-1001 : 16 nets have [11 - 20] pins
RUN-1001 : 4 nets have [21 - 99] pins
RUN-1001 : 1 nets have 100+ pins
PHY-3001 : design contains 188 instances, 159 slices, 10 macros(49 instances: 31 mslices 18 lslices)
PHY-3001 : Cell area utilization is 2%
PHY-3001 : After packing: Len = 4452.4, Over = 10
PHY-3001 : Run with size of 2
PHY-3001 : Cell area utilization is 2%
PHY-3001 : :::0::: Try harder cell spreading with beta_ = 1.0959e-05
PHY-3002 : Step(87): len = 4291.1, overlap = 10.75
PHY-3002 : Step(88): len = 4335.1, overlap = 10.5
PHY-3002 : Step(89): len = 4381.6, overlap = 9
PHY-3001 : :::1::: Try harder cell spreading with beta_ = 2.1918e-05
PHY-3002 : Step(90): len = 4353.1, overlap = 9.5
PHY-3002 : Step(91): len = 4353.1, overlap = 9.5
PHY-3001 : :::2::: Try harder cell spreading with beta_ = 4.3836e-05
PHY-3002 : Step(92): len = 4394, overlap = 9
PHY-3002 : Step(93): len = 4432.6, overlap = 8.25
PHY-3001 : Legalization ...
PHY-3001 : End legalization;  0.053679s wall, 0.015625s user + 0.078125s system = 0.093750s CPU (174.7%)

PHY-3001 : Trial Legalized: Len = 8065.8
PHY-3001 : Run with size of 2
PHY-3001 : Cell area utilization is 2%
PHY-3001 : :::0::: Try harder cell spreading with beta_ = 0.000544739
PHY-3002 : Step(94): len = 5812.5, overlap = 3
PHY-3002 : Step(95): len = 5132.7, overlap = 4.75
PHY-3002 : Step(96): len = 4919.7, overlap = 4.5
PHY-3002 : Step(97): len = 4859.2, overlap = 5
PHY-3002 : Step(98): len = 4909.5, overlap = 4.75
PHY-3001 : :::1::: Try harder cell spreading with beta_ = 0.00108948
PHY-3002 : Step(99): len = 4914.6, overlap = 4.5
PHY-3002 : Step(100): len = 4906.2, overlap = 4.5
PHY-3001 : :::2::: Try harder cell spreading with beta_ = 0.00217896
PHY-3002 : Step(101): len = 4856.7, overlap = 4.5
PHY-3002 : Step(102): len = 4842.9, overlap = 4.5
PHY-3001 : Legalization ...
PHY-3001 : End legalization;  0.003819s wall, 0.000000s user + 0.000000s system = 0.000000s CPU (n/a%)

PHY-3001 : Legalized: Len = 6525.3, Over = 0
PHY-3001 : Spreading special nets. 1 overflows in 2952 tiles.
PHY-3001 : End spreading;  0.002060s wall, 0.000000s user + 0.000000s system = 0.000000s CPU (n/a%)

PHY-3001 : 1 instances has been re-located, deltaX = 1, deltaY = 0, maxDist = 1.
PHY-3001 : Final: Len = 6565.3, Over = 0
OPT-1001 : Start physical optimization ...
OPT-1001 : Total overflow 0.00 peak overflow 0.00
OPT-1001 : Start high-fanout net optimization ...
OPT-1001 : Update timing in global mode
PHY-1001 : Start incremental global routing, caller is place ...
RUN-1001 : Generating global routing grids ...
PHY-1001 : Generate routing nets ...
PHY-1001 : Reuse net number 19/362.
PHY-1001 : Global iterations in 16 thread ...
PHY-1002 : len = 7208, over cnt = 30(0%), over = 51, worst = 5
PHY-1002 : len = 7472, over cnt = 20(0%), over = 24, worst = 2
PHY-1002 : len = 7856, over cnt = 0(0%), over = 0, worst = 0
PHY-1001 : End global iterations;  0.042579s wall, 0.031250s user + 0.015625s system = 0.046875s CPU (110.1%)

PHY-1001 : Congestion index: top1 = 16.70, top5 = 6.22, top10 = 3.10, top15 = 2.07.
PHY-1001 : End incremental global routing;  0.095776s wall, 0.078125s user + 0.015625s system = 0.093750s CPU (97.9%)

RUN-1002 : start command "start_timer -report"
TMR-5001 WARNING: No sdc constraints found while initiating timer.
TMR-2505 : Start building timing graph for model rx_top.
TMR-2506 : Build timing graph completely. Port num: 8, tpin num: 1426, tnet num: 360, tinst num: 188, tnode num: 1671, tedge num: 2381.
TMR-2509 : Cut connection from U3/rData[0]_syn_94.d[1] to U3/rData[0]_syn_94.f[1].
TMR-2509 : Cut connection from U6/sum[1]_syn_11.d[1] to U6/sum[1]_syn_11.f[1].
TMR-2509 : Cut connection from U3/rData[0]_syn_94.e[1] to U3/rData[0]_syn_94.fx[1].
TMR-2509 : Cut connection from U3/rData[0]_syn_94.e[0] to U3/rData[0]_syn_94.fx[1].
TMR-2509 : Cut connection from U6/sum[1]_syn_11.d[0] to U6/sum[1]_syn_11.f[0].
TMR-2509 : Cut connection from U6/reg0_syn_54.a[0] to U6/reg0_syn_54.Q_q[0]_D.
TMR-2509 : Cut connection from U6/reg0_syn_54.b[0] to U6/reg0_syn_54.Q_q[0]_D.
TMR-2509 : Cut connection from U3/rData[0]_syn_94.e[0] to U3/rData[0]_syn_94.fco.
TMR-2509 : Cut connection from U3/rData[0]_syn_95.d[0] to U3/rData[0]_syn_95.f[0].
TMR-2509 : Cut connection from U6/sum[3]_syn_11.d[1] to U6/sum[3]_syn_11.f[1].
TMR-2509 : Cut connection from U6/reg0_syn_48.a[1] to U6/reg0_syn_48.Q_q[1]_D.
TMR-2509 : Cut connection from U6/reg0_syn_48.b[1] to U6/reg0_syn_48.Q_q[1]_D.
TMR-2509 : Cut connection from U6/reg0_syn_48.c[1] to U6/reg0_syn_48.Q_q[1]_D.
TMR-2509 : Cut connection from U3/rData[0]_syn_95.e[0] to U3/rData[0]_syn_95.fx[0].
TMR-2509 : Cut connection from U6/sum[3]_syn_11.d[0] to U6/sum[3]_syn_11.f[0].
TMR-2509 : Cut connection from U6/reg0_syn_54.d[1] to U6/reg0_syn_54.Q_q[1]_D.
TMR-2509 : Cut connection from U6/reg0_syn_54.b[1] to U6/reg0_syn_54.Q_q[1]_D.
TMR-2509 : Cut connection from U3/rData[0]_syn_95.e[1] to U3/rData[0]_syn_95.fx[1].
TMR-2509 : Cut connection from U3/rData[0]_syn_95.d[1] to U3/rData[0]_syn_95.fx[1].
TMR-2509 : Cut connection from U6/sum[5]_syn_11.d[0] to U6/sum[5]_syn_11.f[0].
TMR-2509 : Cut connection from U6/reg0_syn_51.a[0] to U6/reg0_syn_51.Q_q[0]_D.
TMR-2509 : Cut connection from U6/reg0_syn_51.b[0] to U6/reg0_syn_51.Q_q[0]_D.
TMR-2509 : Cut connection from U6/reg0_syn_51.c[0] to U6/reg0_syn_51.Q_q[0]_D.
TMR-2509 : Cut connection from U6/TX_Data_b[0]_syn_36.a[0] to U6/TX_Data_b[0]_syn_36.Q_q[0]_D.
TMR-2509 : Cut connection from U6/TX_Data_b[0]_syn_36.b[0] to U6/TX_Data_b[0]_syn_36.Q_q[0]_D.
TMR-2509 : Cut connection from U6/TX_Data_b[0]_syn_36.c[0] to U6/TX_Data_b[0]_syn_36.Q_q[0]_D.
TMR-2509 : Cut connection from U6/TX_Data_b[0]_syn_36.e[0] to U6/TX_Data_b[0]_syn_36.Q_q[0]_D.
TMR-2509 : Cut connection from U6/TX_Data_b[0]_syn_36.a[0] to U6/TX_Data_b[0]_syn_36.f[0].
TMR-2509 : Cut connection from U6/TX_Data_b[0]_syn_36.b[0] to U6/TX_Data_b[0]_syn_36.f[0].
TMR-2509 : Cut connection from U6/TX_Data_b[0]_syn_36.c[0] to U6/TX_Data_b[0]_syn_36.f[0].
TMR-2509 : Cut connection from U6/TX_Data_b[0]_syn_36.e[0] to U6/TX_Data_b[0]_syn_36.f[0].
TMR-2509 : Cut connection from U6/reg0_syn_48.e[0] to U6/reg0_syn_48.f[0].
TMR-2509 : Cut connection from U6/reg0_syn_48.b[0] to U6/reg0_syn_48.f[0].
TMR-2509 : Cut connection from U6/reg0_syn_46.a[1] to U6/reg0_syn_46.Q_q[0]_D.
TMR-2509 : Cut connection from U6/reg0_syn_46.a[0] to U6/reg0_syn_46.Q_q[0]_D.
TMR-2509 : Cut connection from U6/reg0_syn_46.mi[0] to U6/reg0_syn_46.Q_q[0]_D.
TMR-2509 : Cut connection from U6/TX_Data_b[0]_syn_38.a[1] to U6/TX_Data_b[0]_syn_38.fx[0].
TMR-2509 : Cut connection from U6/TX_Data_b[0]_syn_38.a[0] to U6/TX_Data_b[0]_syn_38.fx[0].
TMR-2509 : Cut connection from U6/TX_Data_b[0]_syn_38.b[1] to U6/TX_Data_b[0]_syn_38.fx[0].
TMR-2509 : Cut connection from U6/TX_Data_b[0]_syn_38.b[0] to U6/TX_Data_b[0]_syn_38.fx[0].
TMR-2509 : Cut connection from U6/TX_Data_b[0]_syn_38.c[0] to U6/TX_Data_b[0]_syn_38.fx[0].
TMR-2509 : Cut connection from U6/TX_Data_b[0]_syn_38.c[1] to U6/TX_Data_b[0]_syn_38.fx[0].
TMR-2509 : Cut connection from U6/TX_Data_b[0]_syn_38.mi[0] to U6/TX_Data_b[0]_syn_38.fx[0].
TMR-2509 : Cut connection from U6/reg0_syn_44.a[1] to U6/reg0_syn_44.Q_q[0]_D.
TMR-2509 : Cut connection from U6/reg0_syn_44.a[0] to U6/reg0_syn_44.Q_q[0]_D.
TMR-2509 : Cut connection from U6/TX_Data_b[0]_syn_36.a[1] to U6/TX_Data_b[0]_syn_36.f[1].
TMR-2509 : Cut connection from U6/TX_Data_b[0]_syn_36.b[1] to U6/TX_Data_b[0]_syn_36.f[1].
TMR-2509 : Cut connection from U6/TX_Data_b[0]_syn_36.c[1] to U6/TX_Data_b[0]_syn_36.f[1].
TMR-2509 : Cut connection from U6/TX_Data_b[0]_syn_36.e[1] to U6/TX_Data_b[0]_syn_36.f[1].
TMR-2509 : Cut connection from U3/rData[0]_syn_95.d[1] to U3/rData[0]_syn_95.f[1].
TMR-2509 : Cut connection from U6/sum[5]_syn_11.d[1] to U6/sum[5]_syn_11.f[1].
TMR-2509 : Cut connection from U3/rData[0]_syn_96.d[0] to U3/rData[0]_syn_96.f[0].
TMR-2509 : Cut connection from U6/sample_count_b[0]_syn_9.d[0] to U6/sample_count_b[0]_syn_9.f[0].
TMR-2509 : Cut connection from U6/reg0_syn_51.d[1] to U6/reg0_syn_51.Q_q[1]_D.
TMR-2509 : Cut connection from U6/reg0_syn_51.b[1] to U6/reg0_syn_51.Q_q[1]_D.
TMR-2509 : Cut connection from U3/rData[0]_syn_96.e[0] to U3/rData[0]_syn_96.fx[0].
TMR-2509 : Cut connection from U6/sample_count_b[1]_syn_9.d[0] to U6/sample_count_b[1]_syn_9.f[0].
TMR-2509 : Cut connection from U3/rData[0]_syn_96.e[1] to U3/rData[0]_syn_96.fx[1].
TMR-2509 : Cut connection from U3/rData[0]_syn_96.d[1] to U3/rData[0]_syn_96.fx[1].
TMR-2509 : Cut connection from U6/sum[10]_syn_11.d[1] to U6/sum[10]_syn_11.f[1].
TMR-2509 : Cut connection from U3/rData[0]_syn_96.d[1] to U3/rData[0]_syn_96.fco.
TMR-2509 : Cut connection from U3/rData[0]_syn_97.d[0] to U3/rData[0]_syn_97.f[0].
TMR-2509 : Cut connection from U6/sum[11]_syn_11.d[0] to U6/sum[11]_syn_11.f[0].
TMR-2509 : Cut connection from U6/TX_Data_b[0]_syn_45.a[0] to U6/TX_Data_b[0]_syn_45.f[0].
TMR-2509 : Cut connection from U6/TX_Data_b[0]_syn_45.b[0] to U6/TX_Data_b[0]_syn_45.f[0].
TMR-2509 : Cut connection from U6/TX_Data_b[0]_syn_45.c[0] to U6/TX_Data_b[0]_syn_45.f[0].
TMR-2509 : Cut connection from U6/TX_Data_b[0]_syn_45.d[0] to U6/TX_Data_b[0]_syn_45.f[0].
TMR-2509 : Cut connection from U6/TX_Data_b[0]_syn_42.a[1] to U6/TX_Data_b[0]_syn_42.f[1].
TMR-2509 : Cut connection from U6/TX_Data_b[0]_syn_42.d[1] to U6/TX_Data_b[0]_syn_42.f[1].
TMR-2509 : Cut connection from U6/TX_Data_b[0]_syn_42.a[0] to U6/TX_Data_b[0]_syn_42.f[0].
TMR-2509 : Cut connection from U6/TX_Data_b[0]_syn_42.d[0] to U6/TX_Data_b[0]_syn_42.f[0].
TMR-2509 : Cut connection from U3/rData[0]_syn_97.e[0] to U3/rData[0]_syn_97.fx[0].
TMR-2509 : Cut connection from U6/sum[12]_syn_11.d[1] to U6/sum[12]_syn_11.f[1].
TMR-2509 : Cut connection from U3/rData[0]_syn_97.e[1] to U3/rData[0]_syn_97.fx[1].
TMR-2509 : Cut connection from U3/rData[0]_syn_97.d[1] to U3/rData[0]_syn_97.fx[1].
TMR-2509 : Cut connection from U6/sum[14]_syn_14.d[1] to U6/sum[14]_syn_14.f[1].
TMR-2509 : Cut connection from U3/rData[0]_syn_97.d[1] to U3/rData[0]_syn_97.f[1].
TMR-2509 : Cut connection from U6/sum[12]_syn_11.d[0] to U6/sum[12]_syn_11.f[0].
TMR-2509 : Cut connection from U3/rData[0]_syn_98.d[0] to U3/rData[0]_syn_98.f[0].
TMR-2509 : Cut connection from U6/sum[14]_syn_14.d[0] to U6/sum[14]_syn_14.f[0].
TMR-2509 : Cut connection from U3/rData[0]_syn_96.d[1] to U3/rData[0]_syn_96.f[1].
TMR-2509 : Cut connection from U6/sum[10]_syn_11.d[0] to U6/sum[10]_syn_11.f[0].
TMR-2509 : Cut connection from U3/rData[0]_syn_94.e[0] to U3/rData[0]_syn_94.fx[0].
TMR-2509 : Cut connection from U6/sum[0]_syn_11.d[0] to U6/sum[0]_syn_11.f[0].
TMR-2509 : Cut connection from U6/sum[14]_syn_16.d[0] to U6/sum[14]_syn_16.f[0].
TMR-2509 : Cut connection from U6/sum[14]_syn_16.c[0] to U6/sum[14]_syn_16.f[0].
TMR-2509 : Cut connection from U6/sample_count_b[1]_syn_9.d[1] to U6/sample_count_b[1]_syn_9.f[1].
TMR-2509 : Cut connection from U6/sample_count_b[1]_syn_9.c[1] to U6/sample_count_b[1]_syn_9.f[1].
TMR-2509 : Cut connection from U6/sample_count_b[0]_syn_9.d[1] to U6/sample_count_b[0]_syn_9.f[1].
TMR-2507 : Eliminate loop in the timing graph, delete 89 tedges.
TMR-2508 : Levelizing timing graph completed, there are 52 levels in total.
TMR-2501 : Timing graph initialized successfully.
OPT-1001 : End timing update;  0.159794s wall, 0.156250s user + 0.000000s system = 0.156250s CPU (97.8%)

OPT-1001 : 0 high-fanout net processed.
OPT-1001 : End high-fanout net optimization;  0.262661s wall, 0.250000s user + 0.015625s system = 0.265625s CPU (101.1%)

OPT-1001 : Current memory(MB): used = 149, reserve = 117, peak = 149.
OPT-1001 : Update timing in Manhattan mode
OPT-1001 : End timing update;  0.000802s wall, 0.000000s user + 0.000000s system = 0.000000s CPU (n/a%)

OPT-1001 : Start pin optimization...
OPT-1001 : skip pin optimization...
RUN-1001 : Generating global routing grids ...
PHY-1001 : Generate routing nets ...
PHY-1001 : Reuse net number 279/362.
PHY-1001 : Global iterations in 16 thread ...
PHY-1002 : len = 7856, over cnt = 0(0%), over = 0, worst = 0
PHY-1001 : End global iterations;  0.002423s wall, 0.000000s user + 0.000000s system = 0.000000s CPU (n/a%)

PHY-1001 : Congestion index: top1 = 16.70, top5 = 6.22, top10 = 3.10, top15 = 2.07.
OPT-1001 : Update timing in Manhattan mode
OPT-1001 : End timing update;  0.000542s wall, 0.000000s user + 0.000000s system = 0.000000s CPU (n/a%)

RUN-1001 : QoR Analysis:
OPT-0007 :   WNS 2147483647 TNS 0 NUM_FEPS 0
RUN-1001 :   No local congestion issue, and most congested 1% tile average routing util is 16.241379
RUN-1001 :   Top critical paths
OPT-1001 : End physical optimization;  0.320895s wall, 0.296875s user + 0.015625s system = 0.312500s CPU (97.4%)

RUN-1003 : finish command "place" in  3.361812s wall, 3.593750s user + 5.343750s system = 8.937500s CPU (265.9%)

RUN-1004 : used memory is 133 MB, reserved memory is 103 MB, peak memory is 149 MB
RUN-1002 : start command "export_db rx_top_place.db"
RUN-1001 : Exported /
RUN-1001 : Exported flow parameters
RUN-1001 : Exported libs
RUN-1001 : Exported entities
RUN-1001 : Exported ports
RUN-1001 : Exported pins
RUN-1001 : Exported instances
RUN-1001 : Exported nets
RUN-1001 : Exported buses
RUN-1001 : Exported models
RUN-1001 : Exported congestions
RUN-1001 : Exported violations
RUN-1001 : Exported IO constraints
RUN-1001 : Exported Inst constraints
RUN-1002 : start command "route"
RUN-1001 : Open license file C:/Anlogic/TD5.6.2/license/Anlogic.lic
RUN-1001 : Print Global Property
RUN-1001 : ---------------------------------------------------------------
RUN-1001 :        Parameters        |  Settings  |  Default Values  |  Note  
RUN-1001 : ---------------------------------------------------------------
RUN-1001 :          message         |  standard  |     standard     |        
RUN-1001 :   mixed_pack_place_flow  |     on     |        on        |        
RUN-1001 :        qor_monitor       |    off     |       off        |        
RUN-1001 :        syn_ip_flow       |    off     |       off        |        
RUN-1001 :          thread          |    auto    |       auto       |        
RUN-1001 : ---------------------------------------------------------------
RUN-1001 : Print Route Property
RUN-1001 : -------------------------------------------------------
RUN-1001 :    Parameters    |  Settings  |  Default Values  |  Note  
RUN-1001 : -------------------------------------------------------
RUN-1001 :      effort      |   medium   |      medium      |        
RUN-1001 :     fix_hold     |    off     |       off        |        
RUN-1001 :    opt_timing    |   medium   |      medium      |        
RUN-1001 :   phy_sim_model  |    off     |       off        |        
RUN-1001 :     priority     |   timing   |      timing      |        
RUN-1001 :     swap_pin     |     on     |        on        |        
RUN-1001 : -------------------------------------------------------
PHY-1001 : Route runs in 16 thread(s)
RUN-1001 : There are total 190 instances
RUN-1001 : 79 mslices, 80 lslices, 25 pads, 0 brams, 0 dsps
RUN-1001 : There are total 362 nets
RUN-1001 : 183 nets have 2 pins
RUN-1001 : 123 nets have [3 - 5] pins
RUN-1001 : 35 nets have [6 - 10] pins
RUN-1001 : 16 nets have [11 - 20] pins
RUN-1001 : 4 nets have [21 - 99] pins
RUN-1001 : 1 nets have 100+ pins
RUN-1002 : start command "start_timer -report"
TMR-5001 WARNING: No sdc constraints found while initiating timer.
TMR-2505 : Start building timing graph for model rx_top.
TMR-2506 : Build timing graph completely. Port num: 8, tpin num: 1426, tnet num: 360, tinst num: 188, tnode num: 1671, tedge num: 2381.
TMR-2509 : Cut connection from U3/rData[0]_syn_94.d[1] to U3/rData[0]_syn_94.f[1].
TMR-2509 : Cut connection from U6/sum[1]_syn_11.d[1] to U6/sum[1]_syn_11.f[1].
TMR-2509 : Cut connection from U3/rData[0]_syn_94.e[1] to U3/rData[0]_syn_94.fx[1].
TMR-2509 : Cut connection from U3/rData[0]_syn_94.e[0] to U3/rData[0]_syn_94.fx[1].
TMR-2509 : Cut connection from U6/sum[1]_syn_11.d[0] to U6/sum[1]_syn_11.f[0].
TMR-2509 : Cut connection from U6/reg0_syn_54.a[0] to U6/reg0_syn_54.Q_q[0]_D.
TMR-2509 : Cut connection from U6/reg0_syn_54.b[0] to U6/reg0_syn_54.Q_q[0]_D.
TMR-2509 : Cut connection from U3/rData[0]_syn_94.e[0] to U3/rData[0]_syn_94.fco.
TMR-2509 : Cut connection from U3/rData[0]_syn_95.d[0] to U3/rData[0]_syn_95.f[0].
TMR-2509 : Cut connection from U6/sum[3]_syn_11.d[1] to U6/sum[3]_syn_11.f[1].
TMR-2509 : Cut connection from U6/reg0_syn_48.a[1] to U6/reg0_syn_48.Q_q[1]_D.
TMR-2509 : Cut connection from U6/reg0_syn_48.b[1] to U6/reg0_syn_48.Q_q[1]_D.
TMR-2509 : Cut connection from U6/reg0_syn_48.c[1] to U6/reg0_syn_48.Q_q[1]_D.
TMR-2509 : Cut connection from U3/rData[0]_syn_95.e[0] to U3/rData[0]_syn_95.fx[0].
TMR-2509 : Cut connection from U6/sum[3]_syn_11.d[0] to U6/sum[3]_syn_11.f[0].
TMR-2509 : Cut connection from U6/reg0_syn_54.d[1] to U6/reg0_syn_54.Q_q[1]_D.
TMR-2509 : Cut connection from U6/reg0_syn_54.b[1] to U6/reg0_syn_54.Q_q[1]_D.
TMR-2509 : Cut connection from U3/rData[0]_syn_95.e[1] to U3/rData[0]_syn_95.fx[1].
TMR-2509 : Cut connection from U3/rData[0]_syn_95.d[1] to U3/rData[0]_syn_95.fx[1].
TMR-2509 : Cut connection from U6/sum[5]_syn_11.d[0] to U6/sum[5]_syn_11.f[0].
TMR-2509 : Cut connection from U6/reg0_syn_51.a[0] to U6/reg0_syn_51.Q_q[0]_D.
TMR-2509 : Cut connection from U6/reg0_syn_51.b[0] to U6/reg0_syn_51.Q_q[0]_D.
TMR-2509 : Cut connection from U6/reg0_syn_51.c[0] to U6/reg0_syn_51.Q_q[0]_D.
TMR-2509 : Cut connection from U6/TX_Data_b[0]_syn_36.a[0] to U6/TX_Data_b[0]_syn_36.Q_q[0]_D.
TMR-2509 : Cut connection from U6/TX_Data_b[0]_syn_36.b[0] to U6/TX_Data_b[0]_syn_36.Q_q[0]_D.
TMR-2509 : Cut connection from U6/TX_Data_b[0]_syn_36.c[0] to U6/TX_Data_b[0]_syn_36.Q_q[0]_D.
TMR-2509 : Cut connection from U6/TX_Data_b[0]_syn_36.e[0] to U6/TX_Data_b[0]_syn_36.Q_q[0]_D.
TMR-2509 : Cut connection from U6/TX_Data_b[0]_syn_36.a[0] to U6/TX_Data_b[0]_syn_36.f[0].
TMR-2509 : Cut connection from U6/TX_Data_b[0]_syn_36.b[0] to U6/TX_Data_b[0]_syn_36.f[0].
TMR-2509 : Cut connection from U6/TX_Data_b[0]_syn_36.c[0] to U6/TX_Data_b[0]_syn_36.f[0].
TMR-2509 : Cut connection from U6/TX_Data_b[0]_syn_36.e[0] to U6/TX_Data_b[0]_syn_36.f[0].
TMR-2509 : Cut connection from U6/reg0_syn_48.e[0] to U6/reg0_syn_48.f[0].
TMR-2509 : Cut connection from U6/reg0_syn_48.b[0] to U6/reg0_syn_48.f[0].
TMR-2509 : Cut connection from U6/reg0_syn_46.a[1] to U6/reg0_syn_46.Q_q[0]_D.
TMR-2509 : Cut connection from U6/reg0_syn_46.a[0] to U6/reg0_syn_46.Q_q[0]_D.
TMR-2509 : Cut connection from U6/reg0_syn_46.mi[0] to U6/reg0_syn_46.Q_q[0]_D.
TMR-2509 : Cut connection from U6/TX_Data_b[0]_syn_38.a[1] to U6/TX_Data_b[0]_syn_38.fx[0].
TMR-2509 : Cut connection from U6/TX_Data_b[0]_syn_38.a[0] to U6/TX_Data_b[0]_syn_38.fx[0].
TMR-2509 : Cut connection from U6/TX_Data_b[0]_syn_38.b[1] to U6/TX_Data_b[0]_syn_38.fx[0].
TMR-2509 : Cut connection from U6/TX_Data_b[0]_syn_38.b[0] to U6/TX_Data_b[0]_syn_38.fx[0].
TMR-2509 : Cut connection from U6/TX_Data_b[0]_syn_38.c[0] to U6/TX_Data_b[0]_syn_38.fx[0].
TMR-2509 : Cut connection from U6/TX_Data_b[0]_syn_38.c[1] to U6/TX_Data_b[0]_syn_38.fx[0].
TMR-2509 : Cut connection from U6/TX_Data_b[0]_syn_38.mi[0] to U6/TX_Data_b[0]_syn_38.fx[0].
TMR-2509 : Cut connection from U6/reg0_syn_44.a[1] to U6/reg0_syn_44.Q_q[0]_D.
TMR-2509 : Cut connection from U6/reg0_syn_44.a[0] to U6/reg0_syn_44.Q_q[0]_D.
TMR-2509 : Cut connection from U6/TX_Data_b[0]_syn_36.a[1] to U6/TX_Data_b[0]_syn_36.f[1].
TMR-2509 : Cut connection from U6/TX_Data_b[0]_syn_36.b[1] to U6/TX_Data_b[0]_syn_36.f[1].
TMR-2509 : Cut connection from U6/TX_Data_b[0]_syn_36.c[1] to U6/TX_Data_b[0]_syn_36.f[1].
TMR-2509 : Cut connection from U6/TX_Data_b[0]_syn_36.e[1] to U6/TX_Data_b[0]_syn_36.f[1].
TMR-2509 : Cut connection from U3/rData[0]_syn_95.d[1] to U3/rData[0]_syn_95.f[1].
TMR-2509 : Cut connection from U6/sum[5]_syn_11.d[1] to U6/sum[5]_syn_11.f[1].
TMR-2509 : Cut connection from U3/rData[0]_syn_96.d[0] to U3/rData[0]_syn_96.f[0].
TMR-2509 : Cut connection from U6/sample_count_b[0]_syn_9.d[0] to U6/sample_count_b[0]_syn_9.f[0].
TMR-2509 : Cut connection from U6/reg0_syn_51.d[1] to U6/reg0_syn_51.Q_q[1]_D.
TMR-2509 : Cut connection from U6/reg0_syn_51.b[1] to U6/reg0_syn_51.Q_q[1]_D.
TMR-2509 : Cut connection from U3/rData[0]_syn_96.e[0] to U3/rData[0]_syn_96.fx[0].
TMR-2509 : Cut connection from U6/sample_count_b[1]_syn_9.d[0] to U6/sample_count_b[1]_syn_9.f[0].
TMR-2509 : Cut connection from U3/rData[0]_syn_96.e[1] to U3/rData[0]_syn_96.fx[1].
TMR-2509 : Cut connection from U3/rData[0]_syn_96.d[1] to U3/rData[0]_syn_96.fx[1].
TMR-2509 : Cut connection from U6/sum[10]_syn_11.d[1] to U6/sum[10]_syn_11.f[1].
TMR-2509 : Cut connection from U3/rData[0]_syn_96.d[1] to U3/rData[0]_syn_96.fco.
TMR-2509 : Cut connection from U3/rData[0]_syn_97.d[0] to U3/rData[0]_syn_97.f[0].
TMR-2509 : Cut connection from U6/sum[11]_syn_11.d[0] to U6/sum[11]_syn_11.f[0].
TMR-2509 : Cut connection from U6/TX_Data_b[0]_syn_45.a[0] to U6/TX_Data_b[0]_syn_45.f[0].
TMR-2509 : Cut connection from U6/TX_Data_b[0]_syn_45.b[0] to U6/TX_Data_b[0]_syn_45.f[0].
TMR-2509 : Cut connection from U6/TX_Data_b[0]_syn_45.c[0] to U6/TX_Data_b[0]_syn_45.f[0].
TMR-2509 : Cut connection from U6/TX_Data_b[0]_syn_45.d[0] to U6/TX_Data_b[0]_syn_45.f[0].
TMR-2509 : Cut connection from U6/TX_Data_b[0]_syn_42.a[1] to U6/TX_Data_b[0]_syn_42.f[1].
TMR-2509 : Cut connection from U6/TX_Data_b[0]_syn_42.d[1] to U6/TX_Data_b[0]_syn_42.f[1].
TMR-2509 : Cut connection from U6/TX_Data_b[0]_syn_42.a[0] to U6/TX_Data_b[0]_syn_42.f[0].
TMR-2509 : Cut connection from U6/TX_Data_b[0]_syn_42.d[0] to U6/TX_Data_b[0]_syn_42.f[0].
TMR-2509 : Cut connection from U3/rData[0]_syn_97.e[0] to U3/rData[0]_syn_97.fx[0].
TMR-2509 : Cut connection from U6/sum[12]_syn_11.d[1] to U6/sum[12]_syn_11.f[1].
TMR-2509 : Cut connection from U3/rData[0]_syn_97.e[1] to U3/rData[0]_syn_97.fx[1].
TMR-2509 : Cut connection from U3/rData[0]_syn_97.d[1] to U3/rData[0]_syn_97.fx[1].
TMR-2509 : Cut connection from U6/sum[14]_syn_14.d[1] to U6/sum[14]_syn_14.f[1].
TMR-2509 : Cut connection from U3/rData[0]_syn_97.d[1] to U3/rData[0]_syn_97.f[1].
TMR-2509 : Cut connection from U6/sum[12]_syn_11.d[0] to U6/sum[12]_syn_11.f[0].
TMR-2509 : Cut connection from U3/rData[0]_syn_98.d[0] to U3/rData[0]_syn_98.f[0].
TMR-2509 : Cut connection from U6/sum[14]_syn_14.d[0] to U6/sum[14]_syn_14.f[0].
TMR-2509 : Cut connection from U3/rData[0]_syn_96.d[1] to U3/rData[0]_syn_96.f[1].
TMR-2509 : Cut connection from U6/sum[10]_syn_11.d[0] to U6/sum[10]_syn_11.f[0].
TMR-2509 : Cut connection from U3/rData[0]_syn_94.e[0] to U3/rData[0]_syn_94.fx[0].
TMR-2509 : Cut connection from U6/sum[0]_syn_11.d[0] to U6/sum[0]_syn_11.f[0].
TMR-2509 : Cut connection from U6/sample_count_b[1]_syn_9.d[1] to U6/sample_count_b[1]_syn_9.f[1].
TMR-2509 : Cut connection from U6/sample_count_b[1]_syn_9.c[1] to U6/sample_count_b[1]_syn_9.f[1].
TMR-2509 : Cut connection from U6/sum[14]_syn_16.c[0] to U6/sum[14]_syn_16.f[0].
TMR-2509 : Cut connection from U6/sample_count_b[0]_syn_9.d[1] to U6/sample_count_b[0]_syn_9.f[1].
TMR-2507 : Eliminate loop in the timing graph, delete 88 tedges.
TMR-2508 : Levelizing timing graph completed, there are 52 levels in total.
TMR-2501 : Timing graph initialized successfully.
PHY-1001 : 79 mslices, 80 lslices, 25 pads, 0 brams, 0 dsps
TMR-2503 : Start to update net delay, extr mode = 3.
TMR-2504 : Update delay of 360 nets completely.
TMR-2502 : Annotate delay completely, extr mode = 3.
TMR-3002 : No user constraint, initiate default constraint.
TMR-1501 : Assign derive clock DeriveClock to 148 clock pins, and constraint 245 relative nodes.
TMR-3003 : Constraints initiated successfully.
TMR-3501 : Forward propagation: start to calculate arrival time...
TMR-3502 : Backward propagation: start to calculate required time...
TMR-3503 : Timing propagation completes.
PHY-1001 : Start global routing, caller is route ...
RUN-1001 : Generating global routing grids ...
PHY-1001 : Generate routing nets ...
PHY-1001 : Global iterations in 16 thread ...
PHY-1002 : len = 7128, over cnt = 29(0%), over = 49, worst = 5
PHY-1002 : len = 7392, over cnt = 21(0%), over = 25, worst = 2
PHY-1002 : len = 7792, over cnt = 0(0%), over = 0, worst = 0
PHY-1001 : End global iterations;  0.042547s wall, 0.062500s user + 0.031250s system = 0.093750s CPU (220.3%)

PHY-1001 : Congestion index: top1 = 16.64, top5 = 6.16, top10 = 3.07, top15 = 2.05.
PHY-1001 : End global routing;  0.093143s wall, 0.109375s user + 0.031250s system = 0.140625s CPU (151.0%)

PHY-1001 : Start detail routing ...
PHY-1001 : Current memory(MB): used = 171, reserve = 140, peak = 186.
PHY-1001 : Detailed router is running in normal mode.
PHY-1001 : Generate detailed routing grids ...
PHY-1001 : Processed IO instance DigitronCS_Out[3]_syn_2 with INV attribute.
PHY-1001 : Processed IO instance DigitronCS_Out[2]_syn_2 with INV attribute.
PHY-1001 : Processed IO instance DigitronCS_Out[1]_syn_2 with INV attribute.
PHY-1001 : Processed IO instance DigitronCS_Out[0]_syn_2 with INV attribute.
PHY-1001 : Generate nets ...
PHY-1001 : net CLK_dup_1 will be routed on clock mesh
PHY-1001 : clock net CLK_500K_syn_8 will be merged with clock CLK_500K
PHY-1001 : clock net TX_Data_Valid_syn_6 will be merged with clock TX_Data_Valid
PHY-1001 : clock net U5/SingleNum_n_syn_3 will be merged with clock U5/SingleNum_n
PHY-1001 : Current memory(MB): used = 439, reserve = 412, peak = 439.
PHY-1001 : End build detailed router design. 3.224511s wall, 3.125000s user + 0.093750s system = 3.218750s CPU (99.8%)

PHY-1001 : Detail Route ...
PHY-1001 : ===== Detail Route Phase 1 =====
PHY-1001 : Clock net routing.....
PHY-1001 : Routed 1% nets.
PHY-1022 : len = 9368, over cnt = 0(0%), over = 0, worst = 0, crit = 0
PHY-1001 : End initial clock net routed; 1.035775s wall, 1.015625s user + 0.015625s system = 1.031250s CPU (99.6%)

PHY-1001 : Current memory(MB): used = 469, reserve = 443, peak = 469.
PHY-1001 : End phase 1; 1.041908s wall, 1.031250s user + 0.015625s system = 1.046875s CPU (100.5%)

PHY-1001 : ===== Detail Route Phase 2 =====
PHY-1001 : Initial routing.....
PHY-1001 : Routed 26% nets.
PHY-1001 : Routed 30% nets.
PHY-1001 : Routed 37% nets.
PHY-1001 : Routed 55% nets.
PHY-1001 : Routed 80% nets.
PHY-1022 : len = 27448, over cnt = 13(0%), over = 13, worst = 1, crit = 0
PHY-1001 : Current memory(MB): used = 469, reserve = 443, peak = 469.
PHY-1001 : End initial routed; 0.123801s wall, 0.156250s user + 0.046875s system = 0.203125s CPU (164.1%)

PHY-1001 : Current memory(MB): used = 469, reserve = 443, peak = 469.
PHY-1001 : End phase 2; 0.123942s wall, 0.156250s user + 0.046875s system = 0.203125s CPU (163.9%)

PHY-1001 : ===== Detail Route Phase 3 =====
PHY-1001 : Ripup-reroute.....
PHY-1001 : ===== DR Iter 1 =====
PHY-1022 : len = 27400, over cnt = 5(0%), over = 5, worst = 1, crit = 0
PHY-1001 : End DR Iter 1; 0.017242s wall, 0.015625s user + 0.000000s system = 0.015625s CPU (90.6%)

PHY-1001 : ===== DR Iter 2 =====
PHY-1022 : len = 27376, over cnt = 0(0%), over = 0, worst = 0, crit = 0
PHY-1001 : End DR Iter 2; 0.011060s wall, 0.015625s user + 0.000000s system = 0.015625s CPU (141.3%)

PHY-1001 : Commit to database.....
PHY-1001 : 1 feed throughs used by 1 nets
PHY-1001 : End commit to database; 0.029582s wall, 0.031250s user + 0.000000s system = 0.031250s CPU (105.6%)

PHY-1001 : Current memory(MB): used = 479, reserve = 452, peak = 479.
PHY-1001 : End phase 3; 0.188173s wall, 0.171875s user + 0.015625s system = 0.187500s CPU (99.6%)

PHY-1003 : Routed, final wirelength = 27376
PHY-1001 : Current memory(MB): used = 479, reserve = 452, peak = 479.
PHY-1001 : End export database. 0.006345s wall, 0.000000s user + 0.000000s system = 0.000000s CPU (n/a%)

PHY-1001 : End detail routing;  4.777238s wall, 4.671875s user + 0.187500s system = 4.859375s CPU (101.7%)

RUN-1003 : finish command "route" in  5.045505s wall, 4.953125s user + 0.218750s system = 5.171875s CPU (102.5%)

RUN-1004 : used memory is 422 MB, reserved memory is 396 MB, peak memory is 479 MB
RUN-1002 : start command "report_area -io_info -file rx_top_phy.area"
RUN-1001 : standard
***Report Model: rx_top Device: EG4S20BG256***

IO Statistics
#IO                        25
  #input                    4
  #output                  21
  #inout                    0

Utilization Statistics
#lut                      308   out of  19600    1.57%
#reg                       98   out of  19600    0.50%
#le                       310
  #lut only               212   out of    310   68.39%
  #reg only                 2   out of    310    0.65%
  #lut&reg                 96   out of    310   30.97%
#dsp                        0   out of     29    0.00%
#bram                       0   out of     64    0.00%
  #bram9k                   0
  #fifo9k                   0
#bram32k                    0   out of     16    0.00%
#pad                       25   out of    188   13.30%
  #ireg                     1
  #oreg                    13
  #treg                     0
#pll                        0   out of      4    0.00%
#gclk                       3   out of     16   18.75%

Clock Resource Statistics
Index     ClockNet          Type               DriverType         Driver                     Fanout
#1        CLK_dup_1         GCLK               io                 CLK_syn_2.di               36
#2        CLK_500K          GCLK               mslice             CLK_500K_reg_syn_5.q1      28
#3        U5/SingleNum_n    GCLK               lslice             U5/SingleNum_n_syn_7.f0    8
#4        TX_Data_Valid     GCLK               lslice             U6/sum[14]_syn_16.f0       6


Detailed IO Report

        Name           Direction    Location    IOStandard    DriveStrength    PullType    PackReg  
         CLK             INPUT         R7        LVCMOS33          N/A          PULLUP      NONE    
        RSTn             INPUT         A9        LVCMOS33          N/A          PULLUP      NONE    
      RX_En_Sig          INPUT        A10        LVCMOS33          N/A          PULLUP      NONE    
      RX_Pin_In          INPUT        F12        LVCMOS33          N/A          PULLUP      IREG    
  DigitronCS_Out[3]     OUTPUT         A3        LVCMOS33           8            NONE       OREG    
  DigitronCS_Out[2]     OUTPUT         A5        LVCMOS33           8            NONE       OREG    
  DigitronCS_Out[1]     OUTPUT         B6        LVCMOS33           8            NONE       OREG    
  DigitronCS_Out[0]     OUTPUT         C9        LVCMOS33           8            NONE       OREG    
   Digitron_Out[7]      OUTPUT         C8        LVCMOS33           8            NONE       NONE    
   Digitron_Out[6]      OUTPUT         A8        LVCMOS33           8            NONE       NONE    
   Digitron_Out[5]      OUTPUT         B5        LVCMOS33           8            NONE       NONE    
   Digitron_Out[4]      OUTPUT         A7        LVCMOS33           8            NONE       NONE    
   Digitron_Out[3]      OUTPUT         E8        LVCMOS33           8            NONE       NONE    
   Digitron_Out[2]      OUTPUT         B8        LVCMOS33           8            NONE       NONE    
   Digitron_Out[1]      OUTPUT         A6        LVCMOS33           8            NONE       NONE    
   Digitron_Out[0]      OUTPUT         A4        LVCMOS33           8            NONE       NONE    
     LED_Out[7]         OUTPUT        F16        LVCMOS33           8            NONE       OREG    
     LED_Out[6]         OUTPUT        E16        LVCMOS33           8            NONE       OREG    
     LED_Out[5]         OUTPUT        E13        LVCMOS33           8            NONE       OREG    
     LED_Out[4]         OUTPUT        C16        LVCMOS33           8            NONE       OREG    
     LED_Out[3]         OUTPUT        C15        LVCMOS33           8            NONE       OREG    
     LED_Out[2]         OUTPUT        B16        LVCMOS33           8            NONE       OREG    
     LED_Out[1]         OUTPUT        B15        LVCMOS33           8            NONE       OREG    
     LED_Out[0]         OUTPUT        B14        LVCMOS33           8            NONE       OREG    
     TX_Pin_Out         OUTPUT        D12        LVCMOS33           8            NONE       OREG    

Report Hierarchy Area:
+-----------------------------------------------------------------------------------+
|Instance |Module              |le     |lut     |ripple  |seq     |bram    |dsp     |
+-----------------------------------------------------------------------------------+
|top      |rx_top              |310    |259     |49      |112     |0       |0       |
|  U1     |detect_module       |1      |1       |0       |1       |0       |0       |
|  U2     |rx_bps_module       |26     |22      |4       |13      |0       |0       |
|  U3     |rx_control_module   |39     |34      |5       |14      |0       |0       |
|  U5     |Digitron_NumDisplay |113    |93      |18      |22      |0       |0       |
|  U6     |calculate_rx        |37     |37      |0       |8       |0       |0       |
|  U7     |uart_tx             |66     |54      |12      |29      |0       |0       |
+-----------------------------------------------------------------------------------+


DataNet Average Fanout:

   Index     Fanout    Nets  
    #1         1       158   
    #2         2        72   
    #3         3        39   
    #4         4        12   
    #5        5-10      35   
    #6       11-50      14   
    #7       51-100     1    
  Average     2.91           

RUN-1002 : start command "export_db rx_top_pr.db"
RUN-1001 : Exported /
RUN-1001 : Exported flow parameters
RUN-1001 : Exported libs
RUN-1001 : Exported entities
RUN-1001 : Exported ports
RUN-1001 : Exported pins
RUN-1001 : Exported instances
RUN-1001 : Exported nets
RUN-1001 : Exported buses
RUN-1001 : Exported models
RUN-1001 : Exported congestions
RUN-1001 : Exported violations
RUN-1001 : Exported IO constraints
RUN-1001 : Exported Inst constraints
RUN-1002 : start command "export_bid rx_top_inst.bid"
RUN-1002 : start command "bitgen -bit rx_top.bit -unused_io_status pulldown"
BIT-1003 : Start to generate bitstream. 
BIT-1002 : Bitgen processed 163 unused pads, reserve input tri_state with pulldown
BIT-1002 : Init instances with 16 threads.
BIT-1002 : Init instances completely, inst num: 351
BIT-1002 : Init pips with 16 threads.
BIT-1002 : Init pips completely, net num: 362, pip num: 2715
BIT-1002 : Init feedthrough completely, num: 1
BIT-1003 : Multithreading accelaration with 16 threads.
BIT-1003 : Generate bitstream completely, there are 500 valid insts, and 9205 bits set as '1'.
BIT-1004 : PLL setting string = 0000
BIT-1004 : Generate bits file rx_top.bit.
RUN-1003 : finish command "bitgen -bit rx_top.bit -unused_io_status pulldown" in  1.168246s wall, 3.828125s user + 0.125000s system = 3.953125s CPU (338.4%)

RUN-1004 : used memory is 426 MB, reserved memory is 400 MB, peak memory is 622 MB
RUN-1002 : start command "backup_run_log run.log ../.logs/phy_1/td_20240827_205955.log"
