============================================================
   Tang Dynasty, V5.6.71036
      Copyright (c) 2012-2023 Anlogic Inc.
   Executable = C:/Anlogic/TD5.6.2/bin/td.exe
   Built at =   20:34:38 Mar 21 2023
   Run by =     Lenovo
   Run Date =   Tue Aug 27 10:24:31 2024

   Run on =     LAPTOP-QRG7LJL6
============================================================
RUN-1002 : start command "open_project rx_top.prj"
RUN-1001 : Print Global Property
RUN-1001 : ---------------------------------------------------------------
RUN-1001 :        Parameters        |  Settings  |  Default Values  |  Note  
RUN-1001 : ---------------------------------------------------------------
RUN-1001 :          message         |  standard  |     standard     |        
RUN-1001 :   mixed_pack_place_flow  |     on     |        on        |        
RUN-1001 :        qor_monitor       |    off     |       off        |        
RUN-1001 :        syn_ip_flow       |    off     |       off        |        
RUN-1001 :          thread          |    auto    |       auto       |        
RUN-1001 : ---------------------------------------------------------------
RUN-1001 : Print Design Property
RUN-1001 : --------------------------------------------------------------
RUN-1001 :        Parameters       |  Settings  |  Default Values  |  Note  
RUN-1001 : --------------------------------------------------------------
RUN-1001 :   default_reg_initial   |    auto    |       auto       |        
RUN-1001 :        infer_add        |     on     |        on        |        
RUN-1001 :        infer_fsm        |    off     |       off        |        
RUN-1001 :        infer_mult       |     on     |        on        |        
RUN-1001 :        infer_ram        |     on     |        on        |        
RUN-1001 :        infer_reg        |     on     |        on        |        
RUN-1001 :   infer_reg_init_value  |     on     |        on        |        
RUN-1001 :        infer_rom        |     on     |        on        |        
RUN-1001 :      infer_shifter      |     on     |        on        |        
RUN-1001 : --------------------------------------------------------------
RUN-1001 : Print Rtl Property
RUN-1001 : --------------------------------------------------------------
RUN-1001 :        Parameters       |  Settings  |  Default Values  |  Note  
RUN-1001 : --------------------------------------------------------------
RUN-1001 :       compress_add      |   ripple   |      ripple      |        
RUN-1001 :        elf_sload        |    off     |       off        |        
RUN-1001 :       fix_undriven      |     0      |        0         |        
RUN-1001 :         flatten         |    off     |       off        |        
RUN-1001 :       gate_sharing      |     on     |        on        |        
RUN-1001 :    hdl_warning_level    |   normal   |      normal      |        
RUN-1001 :   impl_internal_tribuf  |     on     |        on        |        
RUN-1001 :      impl_set_reset     |     on     |        on        |        
RUN-1001 :        infer_gsr        |    off     |       off        |        
RUN-1001 :      keep_hierarchy     |    auto    |       auto       |        
RUN-1001 :        max_fanout       |    9999    |       9999       |        
RUN-1001 :      max_oh2bin_len     |     10     |        10        |        
RUN-1001 :       merge_equal       |     on     |        on        |        
RUN-1001 :       merge_equiv       |     on     |        on        |        
RUN-1001 :        merge_mux        |    off     |       off        |        
RUN-1001 :     min_control_set     |     8      |        8         |        
RUN-1001 :      min_ripple_len     |    auto    |       auto       |        
RUN-1001 :       oh2bin_ratio      |    0.08    |       0.08       |        
RUN-1001 :     opt_adder_fanout    |     on     |        on        |        
RUN-1001 :        opt_arith        |     on     |        on        |        
RUN-1001 :       opt_big_gate      |    off     |       off        |        
RUN-1001 :        opt_const        |     on     |        on        |        
RUN-1001 :      opt_const_mult     |     on     |        on        |        
RUN-1001 :       opt_lessthan      |     on     |        on        |        
RUN-1001 :         opt_mux         |    off     |       off        |        
RUN-1001 :         opt_ram         |    high    |       high       |        
RUN-1001 :      rtl_sim_model      |    off     |       off        |        
RUN-1001 :         seq_syn         |     on     |        on        |        
RUN-1001 : --------------------------------------------------------------
HDL-1007 : analyze verilog file ../../rx_top.v
HDL-1007 : analyze verilog file ../../detect_module.v
HDL-1007 : analyze verilog file ../../rx_bps_module.v
HDL-1007 : analyze verilog file ../../rx_control_module.v
HDL-1007 : analyze verilog file ../../LED_display_module.v
HDL-5007 WARNING: empty port in module declaration in ../../LED_display_module.v(3)
RUN-1001 : Project manager successfully analyzed 5 source files.
RUN-1002 : start command "import_device eagle_s20.db -package EG4S20BG256"
ARC-1001 : Device Initialization.
ARC-1001 : ------------------------------------------------------------------
ARC-1001 :            OPTION            |          IO          |   SETTING   
ARC-1001 : ------------------------------------------------------------------
ARC-1001 :   cso_b/cclk/mosi/miso/dout  |  T3/R11/T10/P10/S11  |    gpio    
ARC-1001 :             done             |         P13          |    gpio    
ARC-1001 :           program_b          |          T2          |  dedicate  
ARC-1001 :        tdi/tms/tck/tdo       |   C12/A15/C14/E14    |  dedicate  
ARC-1001 : ------------------------------------------------------------------
ARC-1004 : Device setting, marked 5 dedicate IOs in total.
RUN-1002 : start command "import_db ../syn_1/rx_top_gate.db"
RUN-1001 : Importing database generated by Tang Dynasty, V5.6.71036.
RUN-1001 : Database version number 46146.
RUN-1001 : Import flow parameters
RUN-1001 : Import IO constraints
RUN-1001 : Import Inst constraints
RUN-1001 : Import design success TD_VERSION=5.6.71036 , DB_VERSION=46146
RUN-1002 : start command "config_chipwatcher ../../rx_top.cwc -dir "
RUN-1002 : start command "legalize_phy_inst"
SYN-1011 : Flatten model rx_top
KIT-1004 : ChipWatcher: import watcher inst auto_chipwatcher_0 completed, there are 10 view nodes, 32 trigger nets, 32 data nets.
KIT-1004 : Chipwatcher code = 1001100110111010
RUN-1002 : start command "compile_watcher"
RUN-1002 : start command "read_verilog -no_sch -dir C:/Anlogic/TD5.6.2/cw/ -file rx_top_watcherInst.sv -lib cw -top CW_TOP_WRAPPER"
HDL-1007 : analyze verilog file C:/Anlogic/TD5.6.2/cw\bus_det.v
HDL-1007 : analyze verilog file C:/Anlogic/TD5.6.2/cw\bus_top.sv
HDL-1007 : analyze verilog file C:/Anlogic/TD5.6.2/cw\cfg_int.v
HDL-1007 : analyze verilog file C:/Anlogic/TD5.6.2/cw\cwc_cfg_int.v
HDL-1007 : analyze verilog file C:/Anlogic/TD5.6.2/cw\cwc_top.sv
HDL-1007 : analyze verilog file C:/Anlogic/TD5.6.2/cw\detect_bus.v
HDL-1007 : analyze verilog file C:/Anlogic/TD5.6.2/cw\detect_non_bus.v
HDL-1007 : analyze verilog file C:/Anlogic/TD5.6.2/cw\emb_ctrl.v
HDL-1007 : analyze verilog file C:/Anlogic/TD5.6.2/cw\register.v
HDL-1007 : analyze verilog file C:/Anlogic/TD5.6.2/cw\tap.v
HDL-1007 : analyze verilog file C:/Anlogic/TD5.6.2/cw\trigger.sv
HDL-1007 : analyze verilog file rx_top_watcherInst.sv
HDL-1007 : elaborate module CW_TOP_WRAPPER in rx_top_watcherInst.sv(1)
HDL-1007 : elaborate module cwc_top(BUS_NUM=10,BUS_DIN_NUM=32,BUS_CTRL_NUM=104,BUS_WIDTH='{32'sb01,32'sb0100,32'sb01101,32'sb01,32'sb01,32'sb01,32'sb01,32'sb01000,32'sb01,32'sb01},BUS_DIN_POS='{32'sb0,32'sb01,32'sb0101,32'sb010010,32'sb010011,32'sb010100,32'sb010101,32'sb010110,32'sb011110,32'sb011111},BUS_CTRL_POS='{32'sb0,32'sb0110,32'sb010010,32'sb0110000,32'sb0110110,32'sb0111100,32'sb01000010,32'sb01001000,32'sb01011100,32'sb01100010}) in C:/Anlogic/TD5.6.2/cw\cwc_top.sv(21)
HDL-1007 : elaborate module cwc_cfg_int(CTRL_REG_LEN=126) in C:/Anlogic/TD5.6.2/cw\cwc_cfg_int.v(21)
HDL-1007 : elaborate module register(CTRL_REG_LEN=126) in C:/Anlogic/TD5.6.2/cw\register.v(21)
HDL-1007 : elaborate module tap in C:/Anlogic/TD5.6.2/cw\tap.v(21)
HDL-1007 : elaborate module trigger(BUS_NUM=10,BUS_DIN_NUM=32,BUS_CTRL_NUM=104,BUS_WIDTH='{32'sb01,32'sb0100,32'sb01101,32'sb01,32'sb01,32'sb01,32'sb01,32'sb01000,32'sb01,32'sb01},BUS_DIN_POS='{32'sb0,32'sb01,32'sb0101,32'sb010010,32'sb010011,32'sb010100,32'sb010101,32'sb010110,32'sb011110,32'sb011111},BUS_CTRL_POS='{32'sb0,32'sb0110,32'sb010010,32'sb0110000,32'sb0110110,32'sb0111100,32'sb01000010,32'sb01001000,32'sb01011100,32'sb01100010}) in C:/Anlogic/TD5.6.2/cw\trigger.sv(21)
HDL-1007 : elaborate module bus_top(BUS_NODE_NUM=10,BUS_DIN_NUM=32,BUS_CTRL_NUM=104,BUS_WIDTH='{32'sb01,32'sb0100,32'sb01101,32'sb01,32'sb01,32'sb01,32'sb01,32'sb01000,32'sb01,32'sb01},BUS_DIN_POS='{32'sb0,32'sb01,32'sb0101,32'sb010010,32'sb010011,32'sb010100,32'sb010101,32'sb010110,32'sb011110,32'sb011111},BUS_CTRL_POS='{32'sb0,32'sb0110,32'sb010010,32'sb0110000,32'sb0110110,32'sb0111100,32'sb01000010,32'sb01001000,32'sb01011100,32'sb01100010}) in C:/Anlogic/TD5.6.2/cw\bus_top.sv(22)
HDL-1007 : elaborate module bus_det(BUS_WIDTH=32'sb01) in C:/Anlogic/TD5.6.2/cw\bus_det.v(21)
HDL-1007 : elaborate module bus_det(BUS_WIDTH=32'sb0100) in C:/Anlogic/TD5.6.2/cw\bus_det.v(21)
HDL-1007 : elaborate module bus_det(BUS_WIDTH=32'sb01101) in C:/Anlogic/TD5.6.2/cw\bus_det.v(21)
HDL-1007 : elaborate module bus_det(BUS_WIDTH=32'sb01000) in C:/Anlogic/TD5.6.2/cw\bus_det.v(21)
HDL-1007 : elaborate module emb_ctrl in C:/Anlogic/TD5.6.2/cw\emb_ctrl.v(21)
HDL-1200 : Current top model is CW_TOP_WRAPPER
HDL-1100 : Inferred 0 RAMs.
RUN-1002 : start command "force_keep -a auto_chipwatcher_0_logicbram"
RUN-1002 : start command "optimize_rtl -no_sch"
RUN-1001 : Open license file C:/Anlogic/TD5.6.2/license/Anlogic.lic
RUN-1001 : Print Global Property
RUN-1001 : ---------------------------------------------------------------
RUN-1001 :        Parameters        |  Settings  |  Default Values  |  Note  
RUN-1001 : ---------------------------------------------------------------
RUN-1001 :          message         |  standard  |     standard     |        
RUN-1001 :   mixed_pack_place_flow  |     on     |        on        |        
RUN-1001 :        qor_monitor       |    off     |       off        |        
RUN-1001 :        syn_ip_flow       |    off     |       off        |        
RUN-1001 :          thread          |    auto    |       auto       |        
RUN-1001 : ---------------------------------------------------------------
RUN-1001 : Print Rtl Property
RUN-1001 : --------------------------------------------------------------
RUN-1001 :        Parameters       |  Settings  |  Default Values  |  Note  
RUN-1001 : --------------------------------------------------------------
RUN-1001 :       compress_add      |   ripple   |      ripple      |        
RUN-1001 :        elf_sload        |    off     |       off        |        
RUN-1001 :       fix_undriven      |     0      |        0         |        
RUN-1001 :         flatten         |    off     |       off        |        
RUN-1001 :       gate_sharing      |     on     |        on        |        
RUN-1001 :    hdl_warning_level    |   normal   |      normal      |        
RUN-1001 :   impl_internal_tribuf  |     on     |        on        |        
RUN-1001 :      impl_set_reset     |     on     |        on        |        
RUN-1001 :        infer_gsr        |    off     |       off        |        
RUN-1001 :      keep_hierarchy     |    auto    |       auto       |        
RUN-1001 :        max_fanout       |    9999    |       9999       |        
RUN-1001 :      max_oh2bin_len     |     10     |        10        |        
RUN-1001 :       merge_equal       |     on     |        on        |        
RUN-1001 :       merge_equiv       |     on     |        on        |        
RUN-1001 :        merge_mux        |    off     |       off        |        
RUN-1001 :     min_control_set     |     8      |        8         |        
RUN-1001 :      min_ripple_len     |    auto    |       auto       |        
RUN-1001 :       oh2bin_ratio      |    0.08    |       0.08       |        
RUN-1001 :     opt_adder_fanout    |     on     |        on        |        
RUN-1001 :        opt_arith        |     on     |        on        |        
RUN-1001 :       opt_big_gate      |    off     |       off        |        
RUN-1001 :        opt_const        |     on     |        on        |        
RUN-1001 :      opt_const_mult     |     on     |        on        |        
RUN-1001 :       opt_lessthan      |     on     |        on        |        
RUN-1001 :         opt_mux         |    off     |       off        |        
RUN-1001 :         opt_ram         |    high    |       high       |        
RUN-1001 :      rtl_sim_model      |    off     |       off        |        
RUN-1001 :         seq_syn         |     on     |        on        |        
RUN-1001 : --------------------------------------------------------------
SYN-1012 : SanityCheck: Model "rx_top"
SYN-1012 : SanityCheck: Model "CW_TOP_WRAPPER"
SYN-1012 : SanityCheck: Model "cwc_top(BUS_NUM=10,BUS_DIN_NUM=32,BUS_CTRL_NUM=104,BUS_WIDTH='{32'sb01,32'sb0100,32'sb01101,32'sb01,32'sb01,32'sb01,32'sb01,32'sb01000,32'sb01,32'sb01},BUS_DIN_POS='{32'sb0,32'sb01,32'sb0101,32'sb010010,32'sb010011,32'sb010100,32'sb010101,32'sb010110,32'sb011110,32'sb011111},BUS_CTRL_POS='{32'sb0,32'sb0110,32'sb010010,32'sb0110000,32'sb0110110,32'sb0111100,32'sb01000010,32'sb01001000,32'sb01011100,32'sb01100010})"
SYN-1012 : SanityCheck: Model "cwc_cfg_int(CTRL_REG_LEN=126)"
SYN-1012 : SanityCheck: Model "register(CTRL_REG_LEN=126)"
SYN-1012 : SanityCheck: Model "tap"
SYN-1012 : SanityCheck: Model "trigger(BUS_NUM=10,BUS_DIN_NUM=32,BUS_CTRL_NUM=104,BUS_WIDTH='{32'sb01,32'sb0100,32'sb01101,32'sb01,32'sb01,32'sb01,32'sb01,32'sb01000,32'sb01,32'sb01},BUS_DIN_POS='{32'sb0,32'sb01,32'sb0101,32'sb010010,32'sb010011,32'sb010100,32'sb010101,32'sb010110,32'sb011110,32'sb011111},BUS_CTRL_POS='{32'sb0,32'sb0110,32'sb010010,32'sb0110000,32'sb0110110,32'sb0111100,32'sb01000010,32'sb01001000,32'sb01011100,32'sb01100010})"
SYN-1012 : SanityCheck: Model "bus_top(BUS_NODE_NUM=10,BUS_DIN_NUM=32,BUS_CTRL_NUM=104,BUS_WIDTH='{32'sb01,32'sb0100,32'sb01101,32'sb01,32'sb01,32'sb01,32'sb01,32'sb01000,32'sb01,32'sb01},BUS_DIN_POS='{32'sb0,32'sb01,32'sb0101,32'sb010010,32'sb010011,32'sb010100,32'sb010101,32'sb010110,32'sb011110,32'sb011111},BUS_CTRL_POS='{32'sb0,32'sb0110,32'sb010010,32'sb0110000,32'sb0110110,32'sb0111100,32'sb01000010,32'sb01001000,32'sb01011100,32'sb01100010})"
SYN-1012 : SanityCheck: Model "bus_det(BUS_WIDTH=32'sb01)"
SYN-1012 : SanityCheck: Model "bus_det(BUS_WIDTH=32'sb0100)"
SYN-1012 : SanityCheck: Model "bus_det(BUS_WIDTH=32'sb01101)"
SYN-1012 : SanityCheck: Model "bus_det(BUS_WIDTH=32'sb01000)"
SYN-1012 : SanityCheck: Model "emb_ctrl"
SYN-1011 : Flatten model rx_top
SYN-1032 : 1704/38 useful/useless nets, 806/27 useful/useless insts
SYN-1016 : Merged 48 instances.
SYN-1032 : 1369/14 useful/useless nets, 1215/14 useful/useless insts
SYN-1014 : Optimize round 1
SYN-1032 : 1353/16 useful/useless nets, 1203/12 useful/useless insts
SYN-1021 : Optimized 3 onehot mux instances.
SYN-1020 : Optimized 1 distributor mux.
SYN-1019 : Optimized 3 mux instances.
SYN-1015 : Optimize round 1, 421 better
SYN-1014 : Optimize round 2
SYN-1032 : 1038/45 useful/useless nets, 888/48 useful/useless insts
SYN-1015 : Optimize round 2, 96 better
SYN-1014 : Optimize round 1
SYN-1015 : Optimize round 1, 0 better
RUN-1002 : start command "optimize_gate -no_sch"
RUN-1001 : Open license file C:/Anlogic/TD5.6.2/license/Anlogic.lic
RUN-1001 : Print Global Property
RUN-1001 : ---------------------------------------------------------------
RUN-1001 :        Parameters        |  Settings  |  Default Values  |  Note  
RUN-1001 : ---------------------------------------------------------------
RUN-1001 :          message         |  standard  |     standard     |        
RUN-1001 :   mixed_pack_place_flow  |     on     |        on        |        
RUN-1001 :        qor_monitor       |    off     |       off        |        
RUN-1001 :        syn_ip_flow       |    off     |       off        |        
RUN-1001 :          thread          |    auto    |       auto       |        
RUN-1001 : ---------------------------------------------------------------
RUN-1001 : Print Gate Property
RUN-1001 : ------------------------------------------------------------------
RUN-1001 :          Parameters         |  Settings  |  Default Values  |  Note  
RUN-1001 : ------------------------------------------------------------------
RUN-1001 :         cascade_dsp         |    off     |       off        |        
RUN-1001 :         cascade_eram        |    off     |       off        |        
RUN-1001 :        gate_sim_model       |    off     |       off        |        
RUN-1001 :        map_sim_model        |    off     |       off        |        
RUN-1001 :         map_strategy        |     1      |        1         |        
RUN-1001 :           opt_area          |   medium   |      medium      |        
RUN-1001 :          opt_timing         |    auto    |       auto       |        
RUN-1001 :         pack_effort         |   medium   |      medium      |        
RUN-1001 :      pack_lslice_ripple     |     on     |        on        |        
RUN-1001 :   pack_lslice_ripple_ratio  |    0.5     |       0.5        |        
RUN-1001 :        pack_seq_in_io       |    auto    |       auto       |        
RUN-1001 :        ph1_mux_ratio        |    1.0     |       1.0        |        
RUN-1001 :            report           |  standard  |     standard     |        
RUN-1001 :           retiming          |    off     |       off        |        
RUN-1001 : ------------------------------------------------------------------
SYN-2001 : Map 12 IOs to PADs
RUN-1002 : start command "update_pll_param -module rx_top"
SYN-2501 : Processed 0 LOGIC_BUF instances.
SYN-2512 : LOGIC BRAM "auto_chipwatcher_0_logicbram"
SYN-2571 : Optimize after map_dsp, round 1
SYN-2571 : Optimize after map_dsp, round 1, 0 better
SYN-1001 : Throwback 3 control mux instances
SYN-2501 : Optimize round 1
SYN-1016 : Merged 25 instances.
SYN-2501 : Optimize round 1, 52 better
SYN-2501 : Optimize round 2
SYN-2501 : Optimize round 2, 0 better
SYN-2501 : Map 16 macro adder
SYN-1019 : Optimized 13 mux instances.
SYN-1016 : Merged 11 instances.
SYN-1032 : 1489/2 useful/useless nets, 1342/1 useful/useless insts
SYN-3001 : Running gate level optimization.
SYN-2581 : Mapping with K=5, #lut = 218 (3.66), #lev = 5 (1.98)
SYN-2551 : Post LUT mapping optimization.
SYN-2581 : Mapping with K=5, #lut = 218 (3.66), #lev = 5 (1.98)
SYN-3001 : Logic optimization runtime opt =   0.03 sec, map =   0.00 sec
SYN-3001 : Mapper mapped 584 instances into 218 LUTs, name keeping = 72%.
SYN-1001 : Packing model "rx_top" ...
SYN-4010 : Pack lib has 58 rtl pack models with 25 top pack blocks
SYN-1014 : Optimize round 1
SYN-1015 : Optimize round 1, 0 better
SYN-4002 : Packing 386 DFF/LATCH to SEQ ...
SYN-4009 : Pack 7 carry chain into lslice
SYN-4007 : Packing 114 adder to BLE ...
SYN-4008 : Packed 114 adder and 0 SEQ to BLE.
SYN-4007 : Packing 0 gate4 to BLE ...
SYN-4008 : Packed 0 gate4 and 0 SEQ to BLE.
SYN-4012 : Packed 0 FxMUX
RUN-1002 : start command "legalize_phy_inst"
SYN-1011 : Flatten model rx_top
KIT-1004 : Compile Chipwatcher: Clear obsolete physical data.
RUN-1002 : start command "place"
RUN-1001 : Open license file C:/Anlogic/TD5.6.2/license/Anlogic.lic
RUN-1001 : Print Global Property
RUN-1001 : ---------------------------------------------------------------
RUN-1001 :        Parameters        |  Settings  |  Default Values  |  Note  
RUN-1001 : ---------------------------------------------------------------
RUN-1001 :          message         |  standard  |     standard     |        
RUN-1001 :   mixed_pack_place_flow  |     on     |        on        |        
RUN-1001 :        qor_monitor       |    off     |       off        |        
RUN-1001 :        syn_ip_flow       |    off     |       off        |        
RUN-1001 :          thread          |    auto    |       auto       |        
RUN-1001 : ---------------------------------------------------------------
RUN-1001 : Print Place Property
RUN-1001 : --------------------------------------------------------------
RUN-1001 :        Parameters       |  Settings  |  Default Values  |  Note  
RUN-1001 : --------------------------------------------------------------
RUN-1001 :      detailed_place     |     on     |        on        |        
RUN-1001 :          effort         |   medium   |      medium      |        
RUN-1001 :         fix_hold        |    off     |       off        |        
RUN-1001 :       legalization      |    ori     |       ori        |        
RUN-1001 :      new_spreading      |     on     |        on        |        
RUN-1001 :        opt_timing       |   medium   |      medium      |        
RUN-1001 :   post_clock_route_opt  |    off     |       off        |        
RUN-1001 :       pr_strategy       |     1      |        1         |        
RUN-1001 :        relaxation       |    1.00    |       1.00       |        
RUN-1001 :         retiming        |    off     |       off        |        
RUN-1001 : --------------------------------------------------------------
PHY-3001 : Placer runs in 16 thread(s).
RUN-1002 : start command "legalize_phy_inst"
SYN-1011 : Flatten model rx_top
SYN-5055 WARNING: The kept net U2/BPS_CLK_n will be merged to another kept net BPS_CLK
SYN-5055 WARNING: The kept net U3/BPS_CLK will be merged to another kept net BPS_CLK
SYN-5055 WARNING: The kept net U1/CLK will be merged to another kept net CLK_500K
SYN-5055 WARNING: The kept net U3/isCount will be merged to another kept net Count_Sig
SYN-5055 WARNING: The kept net U2/Count_Sig will be merged to another kept net Count_Sig
SYN-5055 WARNING: The kept net U3/isDone will be merged to another kept net RX_Done_Sig
SYN-5055 WARNING: The kept net U4/RX_Done_Sig will be merged to another kept net RX_Done_Sig
SYN-5055 WARNING: The kept net U1/neg_sig_n will be merged to another kept net neg_sig
SYN-5055 WARNING: The kept net U3/neg_sig will be merged to another kept net neg_sig
RUN-1002 : start command "phys_opt -simplify_lut"
SYN-4016 : Net config_inst_syn_10 driven by BUFG (266 clock/control pins, 0 other pins).
SYN-4024 : Net "CLK_500K" drives clk pins.
SYN-4024 : Net "CLK_dup_1" drives clk pins.
SYN-4025 : Tag rtl::Net CLK_500K as clock net
SYN-4025 : Tag rtl::Net CLK_dup_1 as clock net
SYN-4025 : Tag rtl::Net config_inst_syn_10 as clock net
SYN-4026 : Tagged 3 rtl::Net as clock net
SYN-4015 : Create BUFG instance for clk Net CLK_500K to drive 161 clock pins.
PHY-1001 : Populate physical database on model rx_top.
RUN-1001 : There are total 827 instances
RUN-0007 : 284 luts, 419 seqs, 64 mslices, 39 lslices, 12 pads, 4 brams, 0 dsps
RUN-1001 : There are total 974 nets
RUN-1001 : 510 nets have 2 pins
RUN-1001 : 393 nets have [3 - 5] pins
RUN-1001 : 39 nets have [6 - 10] pins
RUN-1001 : 22 nets have [11 - 20] pins
RUN-1001 : 3 nets have [21 - 99] pins
RUN-1001 : 7 nets have 100+ pins
RUN-1001 : Report Control nets information:
RUN-1001 : DFF Distribution
RUN-1001 : ----------------------------------
RUN-1001 :   CE   |  SSR  |  ASR  |  DFF Count  
RUN-1001 : ----------------------------------
RUN-1001 :   No   |  No   |  No   |      2      
RUN-1001 :   No   |  No   |  Yes  |     155     
RUN-1001 :   No   |  Yes  |  No   |      0      
RUN-1001 :   Yes  |  No   |  No   |      0      
RUN-1001 :   Yes  |  No   |  Yes  |     262     
RUN-1001 :   Yes  |  Yes  |  No   |      0      
RUN-1001 : ----------------------------------
RUN-0007 : Control Group Statistic
RUN-0007 : ---------------------------
RUN-0007 :   #CLK  |  #CE  |  #SSR/ASR  
RUN-0007 : ---------------------------
RUN-0007 :    3    |   4   |     5      
RUN-0007 : ---------------------------
RUN-0007 : Control Set = 9
PHY-3001 : Initial placement ...
PHY-3001 : design contains 825 instances, 284 luts, 419 seqs, 103 slices, 18 macros(103 instances: 64 mslices 39 lslices)
PHY-0007 : Cell area utilization is 2%
PHY-3001 : Global placement ...
PHY-3001 : Initial: Len = 247329
PHY-3001 : Clustering ...
PHY-3001 : Level 0 #clusters 825.
PHY-3001 : End clustering;  0.000033s wall, 0.000000s user + 0.000000s system = 0.000000s CPU (n/a%)

PHY-3001 : Run with size of 4
PHY-3001 : Cell area utilization is 2%
PHY-3001 : :::0::: Try harder cell spreading with beta_ = 0
PHY-3002 : Step(1): len = 159615, overlap = 2.25
PHY-3002 : Step(2): len = 115789, overlap = 4.5
PHY-3002 : Step(3): len = 85996.9, overlap = 6.75
PHY-3002 : Step(4): len = 71058.3, overlap = 6.75
PHY-3002 : Step(5): len = 62851.9, overlap = 4.5
PHY-3002 : Step(6): len = 52897.7, overlap = 4.5
PHY-3002 : Step(7): len = 45535, overlap = 6.75
PHY-3002 : Step(8): len = 41426.1, overlap = 9
PHY-3002 : Step(9): len = 36626.3, overlap = 9
PHY-3002 : Step(10): len = 31943.3, overlap = 9
PHY-3002 : Step(11): len = 28237.5, overlap = 9
PHY-3002 : Step(12): len = 26125.9, overlap = 9.5
PHY-3002 : Step(13): len = 23904, overlap = 11.125
PHY-3002 : Step(14): len = 23674, overlap = 12.75
PHY-3002 : Step(15): len = 21467.8, overlap = 13.1562
PHY-3001 : :::1::: Try harder cell spreading with beta_ = 2.55111e-05
PHY-3002 : Step(16): len = 22195.9, overlap = 11.5312
PHY-3002 : Step(17): len = 22322, overlap = 9.28125
PHY-3002 : Step(18): len = 22315.7, overlap = 9.34375
PHY-3002 : Step(19): len = 21314.3, overlap = 9.90625
PHY-3002 : Step(20): len = 21097.6, overlap = 12.0938
PHY-3002 : Step(21): len = 20415, overlap = 12.4062
PHY-3002 : Step(22): len = 20286.4, overlap = 12.9062
PHY-3002 : Step(23): len = 20252.9, overlap = 12.0938
PHY-3001 : :::2::: Try harder cell spreading with beta_ = 5.10222e-05
PHY-3002 : Step(24): len = 20314.5, overlap = 12.25
PHY-3002 : Step(25): len = 20308.8, overlap = 12.3125
PHY-3001 : :::3::: Try harder cell spreading with beta_ = 0.000102044
PHY-3002 : Step(26): len = 20195.9, overlap = 12.4062
PHY-3002 : Step(27): len = 20179.4, overlap = 12.5
PHY-3002 : Step(28): len = 19973.4, overlap = 14.9062
PHY-3002 : Step(29): len = 19930, overlap = 14.9688
PHY-3002 : Step(30): len = 19878.4, overlap = 14.9062
PHY-3001 : Legalization ...
PHY-3001 : End legalization;  0.007430s wall, 0.015625s user + 0.000000s system = 0.015625s CPU (210.3%)

PHY-3001 : Run with size of 4
PHY-3001 : Cell area utilization is 3%
PHY-3001 : :::0::: Try harder cell spreading with beta_ = 0
PHY-3002 : Step(31): len = 18973, overlap = 29.4062
PHY-3002 : Step(32): len = 19059.9, overlap = 28.9688
PHY-3002 : Step(33): len = 18246.5, overlap = 30.7812
PHY-3002 : Step(34): len = 18468.2, overlap = 31.5938
PHY-3002 : Step(35): len = 18512, overlap = 33.4375
PHY-3002 : Step(36): len = 18047.2, overlap = 34
PHY-3002 : Step(37): len = 17880, overlap = 34.8125
PHY-3002 : Step(38): len = 17874.9, overlap = 31.8438
PHY-3002 : Step(39): len = 17373.3, overlap = 30.8438
PHY-3002 : Step(40): len = 17320.1, overlap = 29.0312
PHY-3002 : Step(41): len = 17069.7, overlap = 27.75
PHY-3002 : Step(42): len = 16987.5, overlap = 27.2188
PHY-3002 : Step(43): len = 16873, overlap = 25.375
PHY-3002 : Step(44): len = 16481.6, overlap = 23.4375
PHY-3002 : Step(45): len = 16594.8, overlap = 21.4375
PHY-3002 : Step(46): len = 16557.4, overlap = 21.375
PHY-3001 : :::1::: Try harder cell spreading with beta_ = 0.000133471
PHY-3002 : Step(47): len = 16053.2, overlap = 19.4062
PHY-3002 : Step(48): len = 16126.8, overlap = 18.875
PHY-3002 : Step(49): len = 16126.8, overlap = 18.875
PHY-3001 : :::2::: Try harder cell spreading with beta_ = 0.000266943
PHY-3002 : Step(50): len = 16038.5, overlap = 19.0938
PHY-3002 : Step(51): len = 16145.7, overlap = 18.8125
PHY-3001 : Run with size of 2
PHY-3001 : Cell area utilization is 3%
PHY-3001 : :::0::: Try harder cell spreading with beta_ = 7.85709e-06
PHY-3002 : Step(52): len = 16437.2, overlap = 41.0625
PHY-3002 : Step(53): len = 16437.2, overlap = 41.0625
PHY-3001 : :::1::: Try harder cell spreading with beta_ = 1.57142e-05
PHY-3002 : Step(54): len = 16845.5, overlap = 33.9688
PHY-3002 : Step(55): len = 17157.5, overlap = 33.7812
PHY-3002 : Step(56): len = 17527.1, overlap = 30.1562
PHY-3002 : Step(57): len = 17076, overlap = 33.0312
PHY-3002 : Step(58): len = 17113.3, overlap = 33.0625
PHY-3002 : Step(59): len = 17111.3, overlap = 33.2188
PHY-3001 : :::2::: Try harder cell spreading with beta_ = 3.14284e-05
PHY-3002 : Step(60): len = 16887.4, overlap = 33.5938
PHY-3002 : Step(61): len = 16940.8, overlap = 33.0625
PHY-3001 : :::3::: Try harder cell spreading with beta_ = 6.28568e-05
PHY-3002 : Step(62): len = 17443.5, overlap = 32.7188
PHY-3002 : Step(63): len = 17705.2, overlap = 33.0312
PHY-3002 : Step(64): len = 17913.4, overlap = 27.5312
PHY-3001 : :::4::: Try harder cell spreading with beta_ = 0.000125714
PHY-3002 : Step(65): len = 18005.5, overlap = 23.25
PHY-3002 : Step(66): len = 18112.6, overlap = 24.8125
PHY-3002 : Step(67): len = 18267, overlap = 24.75
OPT-1001 : Start physical optimization ...
OPT-1001 : Total overflow 48.03 peak overflow 2.88
OPT-1001 : Start high-fanout net optimization ...
OPT-1001 : Update timing in global mode
PHY-1001 : Start incremental global routing, caller is place ...
RUN-1001 : Generating global routing grids ...
RUN-1001 : Building simple global routing graph ...
PHY-1001 : Generate routing nets ...
PHY-1001 : Reuse net number 0/974.
PHY-1001 : Global iterations in 16 thread ...
PHY-1002 : len = 20512, over cnt = 91(0%), over = 395, worst = 15
PHY-1001 : End global iterations;  0.050746s wall, 0.046875s user + 0.000000s system = 0.046875s CPU (92.4%)

PHY-1001 : Congestion index: top1 = 28.53, top5 = 12.92, top10 = 7.26, top15 = 4.85.
PHY-1001 : End incremental global routing;  0.106595s wall, 0.109375s user + 0.000000s system = 0.109375s CPU (102.6%)

RUN-1002 : start command "start_timer -report"
TMR-5001 WARNING: No sdc constraints found while initiating timer.
TMR-2505 : Start building timing graph for model rx_top.
TMR-2506 : Build timing graph completely. Port num: 5, tpin num: 4117, tnet num: 972, tinst num: 825, tnode num: 5703, tedge num: 6811.
TMR-2508 : Levelizing timing graph completed, there are 29 levels in total.
TMR-2501 : Timing graph initialized successfully.
OPT-1001 : End timing update;  0.085494s wall, 0.078125s user + 0.000000s system = 0.078125s CPU (91.4%)

OPT-1001 : 0 high-fanout net processed.
OPT-1001 : End high-fanout net optimization;  0.205981s wall, 0.203125s user + 0.000000s system = 0.203125s CPU (98.6%)

OPT-1001 : Current memory(MB): used = 162, reserve = 127, peak = 162.
OPT-1001 : End physical optimization;  0.215330s wall, 0.203125s user + 0.000000s system = 0.203125s CPU (94.3%)

PHY-3001 : Start packing ...
SYN-4007 : Packing 0 MUX to BLE ...
SYN-4008 : Packed 0 MUX and 0 SEQ to BLE.
SYN-4007 : Packing 284 LUT to BLE ...
SYN-4008 : Packed 284 LUT and 96 SEQ to BLE.
SYN-4003 : Packing 323 remaining SEQ's ...
SYN-4005 : Packed 178 SEQ with LUT/SLICE
SYN-4006 : 34 single LUT's are left
SYN-4006 : 145 single SEQ's are left
SYN-4011 : Packing model "rx_top" (AL_USER_NORMAL) with 429/563 primitive instances ...
PHY-3001 : End packing;  0.026799s wall, 0.031250s user + 0.000000s system = 0.031250s CPU (116.6%)

PHY-1001 : Populate physical database on model rx_top.
RUN-1001 : There are total 368 instances
RUN-1001 : 173 mslices, 174 lslices, 12 pads, 4 brams, 0 dsps
RUN-1001 : There are total 879 nets
RUN-1001 : 396 nets have 2 pins
RUN-1001 : 412 nets have [3 - 5] pins
RUN-1001 : 41 nets have [6 - 10] pins
RUN-1001 : 14 nets have [11 - 20] pins
RUN-1001 : 12 nets have [21 - 99] pins
RUN-1001 : 4 nets have 100+ pins
PHY-3001 : design contains 366 instances, 347 slices, 18 macros(103 instances: 64 mslices 39 lslices)
PHY-3001 : Cell area utilization is 4%
PHY-3001 : After packing: Len = 19118.4, Over = 34
PHY-3001 : Run with size of 2
PHY-3001 : Cell area utilization is 4%
PHY-3001 : :::0::: Try harder cell spreading with beta_ = 1.03568e-05
PHY-3002 : Step(68): len = 18291.6, overlap = 34.75
PHY-3002 : Step(69): len = 18273.7, overlap = 34.5
PHY-3002 : Step(70): len = 18232.6, overlap = 36.5
PHY-3001 : :::1::: Try harder cell spreading with beta_ = 2.07137e-05
PHY-3002 : Step(71): len = 18238, overlap = 36
PHY-3002 : Step(72): len = 18434.6, overlap = 34.75
PHY-3002 : Step(73): len = 18589.5, overlap = 34.25
PHY-3001 : :::2::: Try harder cell spreading with beta_ = 4.14274e-05
PHY-3002 : Step(74): len = 19029.8, overlap = 31.25
PHY-3002 : Step(75): len = 19437, overlap = 26.5
PHY-3002 : Step(76): len = 19806.5, overlap = 23.25
PHY-3001 : Legalization ...
PHY-3001 : End legalization;  0.069607s wall, 0.046875s user + 0.125000s system = 0.171875s CPU (246.9%)

PHY-3001 : Trial Legalized: Len = 28991.7
PHY-3001 : Run with size of 2
PHY-3001 : Cell area utilization is 4%
PHY-3001 : :::0::: Try harder cell spreading with beta_ = 0.000205593
PHY-3002 : Step(77): len = 24255.4, overlap = 7.25
PHY-3002 : Step(78): len = 22957.6, overlap = 12
PHY-3002 : Step(79): len = 21839.8, overlap = 13.75
PHY-3002 : Step(80): len = 21477.5, overlap = 13.25
PHY-3002 : Step(81): len = 21301.8, overlap = 12
PHY-3002 : Step(82): len = 21112.9, overlap = 12.75
PHY-3002 : Step(83): len = 21108.7, overlap = 13.25
PHY-3002 : Step(84): len = 21115.1, overlap = 14
PHY-3001 : :::1::: Try harder cell spreading with beta_ = 0.000411186
PHY-3002 : Step(85): len = 21269.1, overlap = 13.75
PHY-3002 : Step(86): len = 21297.5, overlap = 14.25
PHY-3001 : :::2::: Try harder cell spreading with beta_ = 0.000822373
PHY-3002 : Step(87): len = 21483.3, overlap = 14.75
PHY-3002 : Step(88): len = 21483.3, overlap = 14.75
PHY-3001 : Legalization ...
PHY-3001 : End legalization;  0.004043s wall, 0.000000s user + 0.000000s system = 0.000000s CPU (n/a%)

PHY-3001 : Legalized: Len = 24843, Over = 0
PHY-3001 : Spreading special nets. 5 overflows in 2952 tiles.
PHY-3001 : End spreading;  0.004044s wall, 0.000000s user + 0.000000s system = 0.000000s CPU (n/a%)

PHY-3001 : 6 instances has been re-located, deltaX = 4, deltaY = 2, maxDist = 1.
PHY-3001 : Final: Len = 24923, Over = 0
OPT-1001 : Start physical optimization ...
OPT-1001 : Total overflow 0.00 peak overflow 0.00
OPT-1001 : Start high-fanout net optimization ...
OPT-1001 : Update timing in global mode
PHY-1001 : Start incremental global routing, caller is place ...
RUN-1001 : Generating global routing grids ...
PHY-1001 : Generate routing nets ...
PHY-1001 : Reuse net number 30/879.
PHY-1001 : Global iterations in 16 thread ...
PHY-1002 : len = 29216, over cnt = 99(0%), over = 167, worst = 6
PHY-1002 : len = 30336, over cnt = 50(0%), over = 56, worst = 3
PHY-1002 : len = 31056, over cnt = 2(0%), over = 2, worst = 1
PHY-1002 : len = 31072, over cnt = 0(0%), over = 0, worst = 0
PHY-1001 : End global iterations;  0.109018s wall, 0.109375s user + 0.000000s system = 0.109375s CPU (100.3%)

PHY-1001 : Congestion index: top1 = 26.49, top5 = 17.03, top10 = 10.25, top15 = 6.97.
PHY-1001 : End incremental global routing;  0.168766s wall, 0.171875s user + 0.000000s system = 0.171875s CPU (101.8%)

RUN-1002 : start command "start_timer -report"
TMR-5001 WARNING: No sdc constraints found while initiating timer.
TMR-2505 : Start building timing graph for model rx_top.
TMR-2506 : Build timing graph completely. Port num: 5, tpin num: 3551, tnet num: 877, tinst num: 366, tnode num: 4670, tedge num: 6045.
TMR-2508 : Levelizing timing graph completed, there are 29 levels in total.
TMR-2501 : Timing graph initialized successfully.
OPT-1001 : End timing update;  0.099356s wall, 0.093750s user + 0.000000s system = 0.093750s CPU (94.4%)

OPT-1001 : 0 high-fanout net processed.
OPT-1001 : End high-fanout net optimization;  0.283360s wall, 0.281250s user + 0.000000s system = 0.281250s CPU (99.3%)

OPT-1001 : Current memory(MB): used = 165, reserve = 130, peak = 165.
OPT-1001 : Update timing in Manhattan mode
OPT-1001 : End timing update;  0.001376s wall, 0.000000s user + 0.000000s system = 0.000000s CPU (n/a%)

OPT-1001 : Start pin optimization...
OPT-1001 : skip pin optimization...
RUN-1001 : Generating global routing grids ...
PHY-1001 : Generate routing nets ...
PHY-1001 : Reuse net number 755/879.
PHY-1001 : Global iterations in 16 thread ...
PHY-1002 : len = 31072, over cnt = 0(0%), over = 0, worst = 0
PHY-1001 : End global iterations;  0.004891s wall, 0.015625s user + 0.000000s system = 0.015625s CPU (319.4%)

PHY-1001 : Congestion index: top1 = 26.49, top5 = 17.03, top10 = 10.25, top15 = 6.97.
OPT-1001 : Update timing in Manhattan mode
OPT-1001 : End timing update;  0.001454s wall, 0.000000s user + 0.000000s system = 0.000000s CPU (n/a%)

RUN-1001 : QoR Analysis:
OPT-0007 :   WNS 2147483647 TNS 0 NUM_FEPS 0
RUN-1001 :   No local congestion issue, and most congested 1% tile average routing util is 26.034483
RUN-1001 :   Top critical paths
OPT-1001 : End physical optimization;  0.358453s wall, 0.343750s user + 0.015625s system = 0.359375s CPU (100.3%)

RUN-1003 : finish command "place" in  2.984008s wall, 4.375000s user + 4.062500s system = 8.437500s CPU (282.8%)

RUN-1004 : used memory is 147 MB, reserved memory is 113 MB, peak memory is 166 MB
RUN-1002 : start command "export_db rx_top_place.db"
RUN-1001 : Exported /
RUN-1001 : Exported flow parameters
RUN-1001 : Exported libs
RUN-1001 : Exported entities
RUN-1001 : Exported ports
RUN-1001 : Exported pins
RUN-1001 : Exported instances
RUN-1001 : Exported nets
RUN-1001 : Exported buses
RUN-1001 : Exported models
RUN-1001 : Exported congestions
RUN-1001 : Exported violations
RUN-1001 : Exported IO constraints
RUN-1001 : Exported Inst constraints
RUN-1001 : Exported ChipWatcher
RUN-1002 : start command "route"
RUN-1001 : Open license file C:/Anlogic/TD5.6.2/license/Anlogic.lic
RUN-1001 : Print Global Property
RUN-1001 : ---------------------------------------------------------------
RUN-1001 :        Parameters        |  Settings  |  Default Values  |  Note  
RUN-1001 : ---------------------------------------------------------------
RUN-1001 :          message         |  standard  |     standard     |        
RUN-1001 :   mixed_pack_place_flow  |     on     |        on        |        
RUN-1001 :        qor_monitor       |    off     |       off        |        
RUN-1001 :        syn_ip_flow       |    off     |       off        |        
RUN-1001 :          thread          |    auto    |       auto       |        
RUN-1001 : ---------------------------------------------------------------
RUN-1001 : Print Route Property
RUN-1001 : -------------------------------------------------------
RUN-1001 :    Parameters    |  Settings  |  Default Values  |  Note  
RUN-1001 : -------------------------------------------------------
RUN-1001 :      effort      |   medium   |      medium      |        
RUN-1001 :     fix_hold     |    off     |       off        |        
RUN-1001 :    opt_timing    |   medium   |      medium      |        
RUN-1001 :   phy_sim_model  |    off     |       off        |        
RUN-1001 :     priority     |   timing   |      timing      |        
RUN-1001 :     swap_pin     |     on     |        on        |        
RUN-1001 : -------------------------------------------------------
PHY-1001 : Route runs in 16 thread(s)
RUN-1001 : There are total 368 instances
RUN-1001 : 173 mslices, 174 lslices, 12 pads, 4 brams, 0 dsps
RUN-1001 : There are total 879 nets
RUN-1001 : 396 nets have 2 pins
RUN-1001 : 412 nets have [3 - 5] pins
RUN-1001 : 41 nets have [6 - 10] pins
RUN-1001 : 14 nets have [11 - 20] pins
RUN-1001 : 12 nets have [21 - 99] pins
RUN-1001 : 4 nets have 100+ pins
RUN-1002 : start command "start_timer -report"
TMR-5001 WARNING: No sdc constraints found while initiating timer.
TMR-2505 : Start building timing graph for model rx_top.
TMR-2506 : Build timing graph completely. Port num: 5, tpin num: 3551, tnet num: 877, tinst num: 366, tnode num: 4670, tedge num: 6045.
TMR-2508 : Levelizing timing graph completed, there are 29 levels in total.
TMR-2501 : Timing graph initialized successfully.
PHY-1001 : 173 mslices, 174 lslices, 12 pads, 4 brams, 0 dsps
TMR-2503 : Start to update net delay, extr mode = 3.
TMR-2504 : Update delay of 877 nets completely.
TMR-2502 : Annotate delay completely, extr mode = 3.
TMR-3002 : No user constraint, initiate default constraint.
TMR-1501 : Assign derive clock DeriveClock to 526 clock pins, and constraint 1119 relative nodes.
TMR-3003 : Constraints initiated successfully.
TMR-3501 : Forward propagation: start to calculate arrival time...
TMR-3502 : Backward propagation: start to calculate required time...
TMR-3503 : Timing propagation completes.
PHY-1001 : Start global routing, caller is route ...
RUN-1001 : Generating global routing grids ...
PHY-1001 : Generate routing nets ...
PHY-1001 : Global iterations in 16 thread ...
PHY-1002 : len = 29072, over cnt = 98(0%), over = 160, worst = 6
PHY-1002 : len = 30304, over cnt = 36(0%), over = 41, worst = 4
PHY-1002 : len = 30856, over cnt = 2(0%), over = 2, worst = 1
PHY-1002 : len = 30888, over cnt = 0(0%), over = 0, worst = 0
PHY-1001 : End global iterations;  0.108153s wall, 0.093750s user + 0.015625s system = 0.109375s CPU (101.1%)

PHY-1001 : Congestion index: top1 = 26.14, top5 = 16.88, top10 = 10.14, top15 = 6.88.
PHY-1001 : End global routing;  0.164456s wall, 0.156250s user + 0.015625s system = 0.171875s CPU (104.5%)

PHY-1001 : Start detail routing ...
PHY-1001 : Current memory(MB): used = 191, reserve = 157, peak = 205.
PHY-1001 : Detailed router is running in normal mode.
PHY-1001 : Generate detailed routing grids ...
PHY-1001 : Generate nets ...
PHY-1001 : net CLK_dup_1 will be routed on clock mesh
PHY-1001 : clock net CLK_500K_syn_8 will be merged with clock CLK_500K
PHY-1001 : clock net config_inst_syn_10 will be merged with clock config_inst_syn_9
PHY-1001 : Current memory(MB): used = 458, reserve = 428, peak = 458.
PHY-1001 : End build detailed router design. 3.038594s wall, 3.000000s user + 0.046875s system = 3.046875s CPU (100.3%)

PHY-1001 : Detail Route ...
PHY-1001 : ===== Detail Route Phase 1 =====
PHY-1001 : Clock net routing.....
PHY-1001 : Routed 0% nets.
PHY-1022 : len = 23032, over cnt = 0(0%), over = 0, worst = 0, crit = 0
PHY-1001 : End initial clock net routed; 0.746234s wall, 0.718750s user + 0.015625s system = 0.734375s CPU (98.4%)

PHY-1001 : Current memory(MB): used = 489, reserve = 461, peak = 489.
PHY-1001 : End phase 1; 0.751845s wall, 0.718750s user + 0.015625s system = 0.734375s CPU (97.7%)

PHY-1001 : ===== Detail Route Phase 2 =====
PHY-1001 : Initial routing.....
PHY-1001 : Routed 29% nets.
PHY-1001 : Routed 36% nets.
PHY-1001 : Routed 48% nets.
PHY-1001 : Routed 66% nets.
PHY-1001 : Routed 88% nets.
PHY-1022 : len = 132432, over cnt = 40(0%), over = 40, worst = 1, crit = 0
PHY-1001 : Current memory(MB): used = 490, reserve = 461, peak = 490.
PHY-1001 : End initial routed; 1.165657s wall, 1.375000s user + 0.109375s system = 1.484375s CPU (127.3%)

PHY-1001 : Current memory(MB): used = 490, reserve = 461, peak = 490.
PHY-1001 : End phase 2; 1.165755s wall, 1.375000s user + 0.109375s system = 1.484375s CPU (127.3%)

PHY-1001 : ===== Detail Route Phase 3 =====
PHY-1001 : Ripup-reroute.....
PHY-1001 : ===== DR Iter 1 =====
PHY-1022 : len = 129832, over cnt = 7(0%), over = 7, worst = 1, crit = 0
PHY-1001 : End DR Iter 1; 0.203858s wall, 0.187500s user + 0.000000s system = 0.187500s CPU (92.0%)

PHY-1001 : ===== DR Iter 2 =====
PHY-1022 : len = 129888, over cnt = 1(0%), over = 1, worst = 1, crit = 0
PHY-1001 : End DR Iter 2; 0.016266s wall, 0.015625s user + 0.000000s system = 0.015625s CPU (96.1%)

PHY-1001 : ===== DR Iter 3 =====
PHY-1022 : len = 129888, over cnt = 1(0%), over = 1, worst = 1, crit = 0
PHY-1001 : End DR Iter 3; 0.021304s wall, 0.031250s user + 0.000000s system = 0.031250s CPU (146.7%)

PHY-1001 : ===== DR Iter 4 =====
PHY-1022 : len = 129920, over cnt = 0(0%), over = 0, worst = 0, crit = 0
PHY-1001 : End DR Iter 4; 0.023330s wall, 0.015625s user + 0.000000s system = 0.015625s CPU (67.0%)

PHY-1001 : Commit to database.....
PHY-1001 : 12 feed throughs used by 4 nets
PHY-1001 : End commit to database; 0.093795s wall, 0.093750s user + 0.000000s system = 0.093750s CPU (100.0%)

PHY-1001 : Current memory(MB): used = 502, reserve = 472, peak = 502.
PHY-1001 : End phase 3; 0.478318s wall, 0.453125s user + 0.000000s system = 0.453125s CPU (94.7%)

PHY-1003 : Routed, final wirelength = 129920
PHY-1001 : Current memory(MB): used = 502, reserve = 472, peak = 502.
PHY-1001 : End export database. 0.008262s wall, 0.015625s user + 0.000000s system = 0.015625s CPU (189.1%)

PHY-1001 : End detail routing;  5.650361s wall, 5.750000s user + 0.171875s system = 5.921875s CPU (104.8%)

RUN-1003 : finish command "route" in  5.986520s wall, 6.078125s user + 0.187500s system = 6.265625s CPU (104.7%)

RUN-1004 : used memory is 440 MB, reserved memory is 410 MB, peak memory is 502 MB
RUN-1002 : start command "report_area -io_info -file rx_top_phy.area"
RUN-1001 : standard
***Report Model: rx_top Device: EG4S20BG256***

IO Statistics
#IO                        12
  #input                    4
  #output                   8
  #inout                    0

Utilization Statistics
#lut                      513   out of  19600    2.62%
#reg                      425   out of  19600    2.17%
#le                       658
  #lut only               233   out of    658   35.41%
  #reg only               145   out of    658   22.04%
  #lut&reg                280   out of    658   42.55%
#dsp                        0   out of     29    0.00%
#bram                       4   out of     64    6.25%
  #bram9k                   4
  #fifo9k                   0
#bram32k                    0   out of     16    0.00%
#pad                       12   out of    188    6.38%
  #ireg                     1
  #oreg                     8
  #treg                     0
#pll                        0   out of      4    0.00%
#gclk                       2   out of     16   12.50%

Clock Resource Statistics
Index     ClockNet             Type               DriverType         Driver                   Fanout
#1        config_inst_syn_9    GCLK               config             config_inst.jtck         148
#2        CLK_500K             GCLK               lslice             CLK_500K_reg_syn_5.q1    106
#3        CLK_dup_1            GCLK               io                 CLK_syn_2.di             9


Detailed IO Report

     Name       Direction    Location    IOStandard    DriveStrength    PullType    PackReg  
     CLK          INPUT         R7        LVCMOS33          N/A          PULLUP      NONE    
     RSTn         INPUT         A9        LVCMOS33          N/A          PULLUP      NONE    
  RX_En_Sig       INPUT        A10        LVCMOS33          N/A          PULLUP      NONE    
  RX_Pin_In       INPUT        F12        LVCMOS33          N/A          PULLUP      IREG    
  LED_Out[7]     OUTPUT        F16        LVCMOS33           8            NONE       OREG    
  LED_Out[6]     OUTPUT        E16        LVCMOS33           8            NONE       OREG    
  LED_Out[5]     OUTPUT        E13        LVCMOS33           8            NONE       OREG    
  LED_Out[4]     OUTPUT        C16        LVCMOS33           8            NONE       OREG    
  LED_Out[3]     OUTPUT        C15        LVCMOS33           8            NONE       OREG    
  LED_Out[2]     OUTPUT        B16        LVCMOS33           8            NONE       OREG    
  LED_Out[1]     OUTPUT        B15        LVCMOS33           8            NONE       OREG    
  LED_Out[0]     OUTPUT        B14        LVCMOS33           8            NONE       OREG    

Report Hierarchy Area:
+------------------------------------------------------------------------------------------------------------+
|Instance                            |Module            |le     |lut     |ripple  |seq     |bram    |dsp     |
+------------------------------------------------------------------------------------------------------------+
|top                                 |rx_top            |658    |410     |103     |434     |4       |0       |
|  U2                                |rx_bps_module     |51     |47      |4       |17      |0       |0       |
|  U3                                |rx_control_module |29     |29      |0       |18      |0       |0       |
|  cw_top                            |CW_TOP_WRAPPER    |556    |318     |93      |379     |0       |0       |
|    wrapper_cwc_top                 |cwc_top           |556    |318     |93      |379     |0       |0       |
|      cfg_int_inst                  |cwc_cfg_int       |257    |119     |0       |253     |0       |0       |
|        reg_inst                    |register          |254    |116     |0       |250     |0       |0       |
|        tap_inst                    |tap               |3      |3       |0       |3       |0       |0       |
|      trigger_inst                  |trigger           |299    |199     |93      |126     |0       |0       |
|        bus_inst                    |bus_top           |92     |60      |32      |38      |0       |0       |
|          BUS_DETECTOR[0]$bus_nodes |bus_det           |2      |2       |0       |2       |0       |0       |
|          BUS_DETECTOR[1]$bus_nodes |bus_det           |14     |8       |6       |6       |0       |0       |
|          BUS_DETECTOR[2]$bus_nodes |bus_det           |44     |28      |16      |16      |0       |0       |
|          BUS_DETECTOR[3]$bus_nodes |bus_det           |1      |1       |0       |1       |0       |0       |
|          BUS_DETECTOR[4]$bus_nodes |bus_det           |2      |2       |0       |2       |0       |0       |
|          BUS_DETECTOR[5]$bus_nodes |bus_det           |2      |2       |0       |2       |0       |0       |
|          BUS_DETECTOR[6]$bus_nodes |bus_det           |2      |2       |0       |2       |0       |0       |
|          BUS_DETECTOR[7]$bus_nodes |bus_det           |24     |14      |10      |6       |0       |0       |
|          BUS_DETECTOR[9]$bus_nodes |bus_det           |1      |1       |0       |1       |0       |0       |
|        emb_ctrl_inst               |emb_ctrl          |114    |85      |29      |54      |0       |0       |
+------------------------------------------------------------------------------------------------------------+


DataNet Average Fanout:

   Index     Fanout     Nets  
    #1          1       384   
    #2          2       286   
    #3          3        93   
    #4          4        33   
    #5        5-10       41   
    #6        11-50      21   
    #7       51-100      3    
    #8       101-500     1    
  Average     2.78            

RUN-1002 : start command "export_db rx_top_pr.db"
RUN-1001 : Exported /
RUN-1001 : Exported flow parameters
RUN-1001 : Exported libs
RUN-1001 : Exported entities
RUN-1001 : Exported ports
RUN-1001 : Exported pins
RUN-1001 : Exported instances
RUN-1001 : Exported nets
RUN-1001 : Exported buses
RUN-1001 : Exported models
RUN-1001 : Exported congestions
RUN-1001 : Exported violations
RUN-1001 : Exported IO constraints
RUN-1001 : Exported Inst constraints
RUN-1001 : Exported ChipWatcher
RUN-1002 : start command "export_bid rx_top_inst.bid"
PRG-1000 : <!-- HMAC is: 42f9dab644d2eedb6347a7b1d70cf585240a36935c0dc00390dfb9cddc72defc -->
RUN-1002 : start command "bitgen -bit rx_top.bit -unused_io_status pulldown"
BIT-1003 : Start to generate bitstream. 
BIT-1002 : Bitgen processed 176 unused pads, reserve input tri_state with pulldown
BIT-1002 : Init instances with 16 threads.
BIT-1002 : Init instances completely, inst num: 542
BIT-1002 : Init pips with 16 threads.
BIT-1002 : Init pips completely, net num: 879, pip num: 8482
BIT-1002 : Init feedthrough with 16 threads.
BIT-1002 : Init feedthrough completely, num: 12
BIT-1003 : Multithreading accelaration with 16 threads.
BIT-1003 : Generate bitstream completely, there are 1156 valid insts, and 22650 bits set as '1'.
BIT-1004 : the usercode register value: 00000000100010111001100110111010
BIT-1004 : PLL setting string = 0000
BIT-1004 : Generate bits file rx_top.bit.
RUN-1003 : finish command "bitgen -bit rx_top.bit -unused_io_status pulldown" in  1.465606s wall, 10.640625s user + 0.218750s system = 10.859375s CPU (740.9%)

RUN-1004 : used memory is 444 MB, reserved memory is 421 MB, peak memory is 638 MB
RUN-1002 : start command "backup_run_log run.log ../.logs/phy_1/td_20240827_102431.log"
