============================================================
   Tang Dynasty, V5.6.71036
      Copyright (c) 2012-2023 Anlogic Inc.
   Executable = C:/Anlogic/TD5.6.2/bin/td.exe
   Built at =   20:34:38 Mar 21 2023
   Run by =     Lenovo
   Run Date =   Tue Aug 27 21:33:59 2024

   Run on =     LAPTOP-QRG7LJL6
============================================================
RUN-1002 : start command "open_project rx_top.prj"
RUN-1001 : Print Global Property
RUN-1001 : ---------------------------------------------------------------
RUN-1001 :        Parameters        |  Settings  |  Default Values  |  Note  
RUN-1001 : ---------------------------------------------------------------
RUN-1001 :          message         |  standard  |     standard     |        
RUN-1001 :   mixed_pack_place_flow  |     on     |        on        |        
RUN-1001 :        qor_monitor       |    off     |       off        |        
RUN-1001 :        syn_ip_flow       |    off     |       off        |        
RUN-1001 :          thread          |    auto    |       auto       |        
RUN-1001 : ---------------------------------------------------------------
RUN-1001 : Print Design Property
RUN-1001 : --------------------------------------------------------------
RUN-1001 :        Parameters       |  Settings  |  Default Values  |  Note  
RUN-1001 : --------------------------------------------------------------
RUN-1001 :   default_reg_initial   |    auto    |       auto       |        
RUN-1001 :        infer_add        |     on     |        on        |        
RUN-1001 :        infer_fsm        |    off     |       off        |        
RUN-1001 :        infer_mult       |     on     |        on        |        
RUN-1001 :        infer_ram        |     on     |        on        |        
RUN-1001 :        infer_reg        |     on     |        on        |        
RUN-1001 :   infer_reg_init_value  |     on     |        on        |        
RUN-1001 :        infer_rom        |     on     |        on        |        
RUN-1001 :      infer_shifter      |     on     |        on        |        
RUN-1001 : --------------------------------------------------------------
RUN-1001 : Print Rtl Property
RUN-1001 : --------------------------------------------------------------
RUN-1001 :        Parameters       |  Settings  |  Default Values  |  Note  
RUN-1001 : --------------------------------------------------------------
RUN-1001 :       compress_add      |   ripple   |      ripple      |        
RUN-1001 :        elf_sload        |    off     |       off        |        
RUN-1001 :       fix_undriven      |     0      |        0         |        
RUN-1001 :         flatten         |    off     |       off        |        
RUN-1001 :       gate_sharing      |     on     |        on        |        
RUN-1001 :    hdl_warning_level    |   normal   |      normal      |        
RUN-1001 :   impl_internal_tribuf  |     on     |        on        |        
RUN-1001 :      impl_set_reset     |     on     |        on        |        
RUN-1001 :        infer_gsr        |    off     |       off        |        
RUN-1001 :      keep_hierarchy     |    auto    |       auto       |        
RUN-1001 :        max_fanout       |    9999    |       9999       |        
RUN-1001 :      max_oh2bin_len     |     10     |        10        |        
RUN-1001 :       merge_equal       |     on     |        on        |        
RUN-1001 :       merge_equiv       |     on     |        on        |        
RUN-1001 :        merge_mux        |    off     |       off        |        
RUN-1001 :     min_control_set     |     8      |        8         |        
RUN-1001 :      min_ripple_len     |    auto    |       auto       |        
RUN-1001 :       oh2bin_ratio      |    0.08    |       0.08       |        
RUN-1001 :     opt_adder_fanout    |     on     |        on        |        
RUN-1001 :        opt_arith        |     on     |        on        |        
RUN-1001 :       opt_big_gate      |    off     |       off        |        
RUN-1001 :        opt_const        |     on     |        on        |        
RUN-1001 :      opt_const_mult     |     on     |        on        |        
RUN-1001 :       opt_lessthan      |     on     |        on        |        
RUN-1001 :         opt_mux         |    off     |       off        |        
RUN-1001 :         opt_ram         |    high    |       high       |        
RUN-1001 :      rtl_sim_model      |    off     |       off        |        
RUN-1001 :         seq_syn         |     on     |        on        |        
RUN-1001 : --------------------------------------------------------------
HDL-1007 : analyze verilog file ../../Digitron_NumDisplay.v
HDL-1007 : analyze verilog file ../../LED_display_module.v
HDL-5007 WARNING: empty port in module declaration in ../../LED_display_module.v(3)
HDL-1007 : analyze verilog file ../../detect_module.v
HDL-1007 : analyze verilog file ../../rx_bps_module.v
HDL-1007 : analyze verilog file ../../rx_control_module.v
HDL-1007 : analyze verilog file ../../rx_top.v
HDL-1007 : analyze verilog file ../../tx_control.v
HDL-1007 : analyze verilog file ../../calculate_rx.v
HDL-1007 : analyze verilog file ../../tx_bitrate.v
RUN-1001 : Project manager successfully analyzed 9 source files.
RUN-1002 : start command "import_device eagle_s20.db -package EG4S20BG256"
ARC-1001 : Device Initialization.
ARC-1001 : ------------------------------------------------------------------
ARC-1001 :            OPTION            |          IO          |   SETTING   
ARC-1001 : ------------------------------------------------------------------
ARC-1001 :   cso_b/cclk/mosi/miso/dout  |  T3/R11/T10/P10/S11  |    gpio    
ARC-1001 :             done             |         P13          |    gpio    
ARC-1001 :           program_b          |          T2          |  dedicate  
ARC-1001 :        tdi/tms/tck/tdo       |   C12/A15/C14/E14    |  dedicate  
ARC-1001 : ------------------------------------------------------------------
ARC-1004 : Device setting, marked 5 dedicate IOs in total.
RUN-1002 : start command "import_db ../syn_1/rx_top_gate.db"
RUN-1001 : Importing database generated by Tang Dynasty, V5.6.71036.
RUN-1001 : Database version number 46146.
RUN-1001 : Import flow parameters
RUN-1001 : Import IO constraints
RUN-1001 : Import Inst constraints
RUN-1001 : Import design success TD_VERSION=5.6.71036 , DB_VERSION=46146
RUN-1002 : start command "place"
RUN-1001 : Open license file C:/Anlogic/TD5.6.2/license/Anlogic.lic
RUN-1001 : Print Global Property
RUN-1001 : ---------------------------------------------------------------
RUN-1001 :        Parameters        |  Settings  |  Default Values  |  Note  
RUN-1001 : ---------------------------------------------------------------
RUN-1001 :          message         |  standard  |     standard     |        
RUN-1001 :   mixed_pack_place_flow  |     on     |        on        |        
RUN-1001 :        qor_monitor       |    off     |       off        |        
RUN-1001 :        syn_ip_flow       |    off     |       off        |        
RUN-1001 :          thread          |    auto    |       auto       |        
RUN-1001 : ---------------------------------------------------------------
RUN-1001 : Print Place Property
RUN-1001 : --------------------------------------------------------------
RUN-1001 :        Parameters       |  Settings  |  Default Values  |  Note  
RUN-1001 : --------------------------------------------------------------
RUN-1001 :      detailed_place     |     on     |        on        |        
RUN-1001 :          effort         |   medium   |      medium      |        
RUN-1001 :         fix_hold        |    off     |       off        |        
RUN-1001 :       legalization      |    ori     |       ori        |        
RUN-1001 :      new_spreading      |     on     |        on        |        
RUN-1001 :        opt_timing       |   medium   |      medium      |        
RUN-1001 :   post_clock_route_opt  |    off     |       off        |        
RUN-1001 :       pr_strategy       |     1      |        1         |        
RUN-1001 :        relaxation       |    1.00    |       1.00       |        
RUN-1001 :         retiming        |    off     |       off        |        
RUN-1001 : --------------------------------------------------------------
PHY-3001 : Placer runs in 16 thread(s).
RUN-1002 : start command "legalize_phy_inst"
SYN-1011 : Flatten model rx_top
SYN-5055 WARNING: The kept net U2/BPS_CLK_n will be merged to another kept net BPS_CLK
SYN-5055 WARNING: The kept net U3/BPS_CLK will be merged to another kept net BPS_CLK
SYN-5055 WARNING: The kept net U1/CLK will be merged to another kept net CLK_500K
SYN-5055 WARNING: The kept net U3/isCount will be merged to another kept net Count_Sig
SYN-5055 WARNING: The kept net U2/Count_Sig will be merged to another kept net Count_Sig
SYN-5055 WARNING: The kept net U3/isDone will be merged to another kept net RX_Done_Sig
SYN-5055 WARNING: The kept net U4/RX_Done_Sig will be merged to another kept net RX_Done_Sig
SYN-5055 WARNING: The kept net U6/TX_Data_n will be merged to another kept net TX_Data_Valid
SYN-5055 WARNING: The kept net U8/TX_Data_Valid will be merged to another kept net TX_Data_Valid
SYN-5055 WARNING: The kept net U1/neg_sig_n will be merged to another kept net neg_sig
SYN-5055 Similar messages will be suppressed.
RUN-1002 : start command "phys_opt -simplify_lut"
SYN-4024 : Net "CLK_500K" drives clk pins.
SYN-4024 : Net "CLK_dup_1" drives clk pins.
SYN-4024 : Net "U5/SingleNum_n" drives clk pins.
SYN-4024 : Net "TX_Data_Valid" drives clk pins.
SYN-4025 : Tag rtl::Net CLK_500K as clock net
SYN-4025 : Tag rtl::Net CLK_dup_1 as clock net
SYN-4025 : Tag rtl::Net TX_Data_Valid as clock net
SYN-4025 : Tag rtl::Net U5/SingleNum_n as clock net
SYN-4026 : Tagged 4 rtl::Net as clock net
SYN-4015 : Create BUFG instance for clk Net CLK_500K to drive 56 clock pins.
SYN-4015 : Create BUFG instance for clk Net TX_Data_Valid to drive 8 clock pins.
SYN-4015 : Create BUFG instance for clk Net U5/SingleNum_n to drive 8 clock pins.
PHY-1001 : Populate physical database on model rx_top.
RUN-1001 : There are total 343 instances
RUN-0007 : 190 luts, 81 seqs, 23 mslices, 18 lslices, 25 pads, 0 brams, 0 dsps
RUN-1001 : There are total 410 nets
RUN-1001 : 245 nets have 2 pins
RUN-1001 : 115 nets have [3 - 5] pins
RUN-1001 : 31 nets have [6 - 10] pins
RUN-1001 : 13 nets have [11 - 20] pins
RUN-1001 : 5 nets have [21 - 99] pins
RUN-1001 : 1 nets have 100+ pins
RUN-1001 : Report Control nets information:
RUN-1001 : DFF Distribution
RUN-1001 : ----------------------------------
RUN-1001 :   CE   |  SSR  |  ASR  |  DFF Count  
RUN-1001 : ----------------------------------
RUN-1001 :   No   |  No   |  No   |     30      
RUN-1001 :   No   |  No   |  Yes  |     51      
RUN-1001 :   No   |  Yes  |  No   |      0      
RUN-1001 :   Yes  |  No   |  No   |      0      
RUN-1001 :   Yes  |  No   |  Yes  |      0      
RUN-1001 :   Yes  |  Yes  |  No   |      0      
RUN-1001 : ----------------------------------
RUN-0007 : Control Group Statistic
RUN-0007 : ---------------------------
RUN-0007 :   #CLK  |  #CE  |  #SSR/ASR  
RUN-0007 : ---------------------------
RUN-0007 :    4    |   1   |     2      
RUN-0007 : ---------------------------
RUN-0007 : Control Set = 5
PHY-3001 : Initial placement ...
PHY-3001 : design contains 341 instances, 190 luts, 81 seqs, 41 slices, 9 macros(41 instances: 23 mslices 18 lslices)
PHY-0007 : Cell area utilization is 1%
PHY-3001 : Global placement ...
PHY-3001 : Initial: Len = 86006.4
PHY-3001 : Clustering ...
PHY-3001 : Level 0 #clusters 341.
PHY-3001 : End clustering;  0.000035s wall, 0.000000s user + 0.000000s system = 0.000000s CPU (n/a%)

PHY-3001 : Run with size of 4
PHY-3001 : Cell area utilization is 1%
PHY-3001 : :::0::: Try harder cell spreading with beta_ = 0
PHY-3002 : Step(1): len = 51572.3, overlap = 0
PHY-3002 : Step(2): len = 39070.9, overlap = 0
PHY-3002 : Step(3): len = 27801.1, overlap = 0
PHY-3002 : Step(4): len = 23251.7, overlap = 0
PHY-3002 : Step(5): len = 20125.4, overlap = 0
PHY-3002 : Step(6): len = 18567.7, overlap = 0
PHY-3002 : Step(7): len = 17289, overlap = 0
PHY-3002 : Step(8): len = 16984.3, overlap = 0
PHY-3002 : Step(9): len = 15403.4, overlap = 0
PHY-3002 : Step(10): len = 13842, overlap = 0
PHY-3002 : Step(11): len = 13582.7, overlap = 0
PHY-3002 : Step(12): len = 13302.5, overlap = 0
PHY-3002 : Step(13): len = 12446.9, overlap = 0
PHY-3002 : Step(14): len = 12332.1, overlap = 0
PHY-3002 : Step(15): len = 12199.6, overlap = 0
PHY-3002 : Step(16): len = 11406.7, overlap = 0
PHY-3002 : Step(17): len = 10948.3, overlap = 0
PHY-3002 : Step(18): len = 10914, overlap = 0
PHY-3002 : Step(19): len = 11110.8, overlap = 0
PHY-3002 : Step(20): len = 10955.3, overlap = 0
PHY-3002 : Step(21): len = 11042.6, overlap = 0
PHY-3002 : Step(22): len = 10928.8, overlap = 0
PHY-3002 : Step(23): len = 10179.2, overlap = 0
PHY-3002 : Step(24): len = 10154.9, overlap = 0
PHY-3002 : Step(25): len = 10589.2, overlap = 0
PHY-3002 : Step(26): len = 9590.1, overlap = 0
PHY-3002 : Step(27): len = 8924.1, overlap = 0
PHY-3002 : Step(28): len = 8627, overlap = 0
PHY-3002 : Step(29): len = 8461.3, overlap = 0
PHY-3002 : Step(30): len = 8250.1, overlap = 0
PHY-3002 : Step(31): len = 7504.8, overlap = 0
PHY-3002 : Step(32): len = 7464.5, overlap = 0
PHY-3002 : Step(33): len = 7317.5, overlap = 0
PHY-3002 : Step(34): len = 7279.3, overlap = 0
PHY-3002 : Step(35): len = 6927.7, overlap = 0
PHY-3002 : Step(36): len = 6588.5, overlap = 0
PHY-3002 : Step(37): len = 6526.6, overlap = 0
PHY-3002 : Step(38): len = 6594.2, overlap = 0.125
PHY-3002 : Step(39): len = 6027.1, overlap = 0.1875
PHY-3001 : Legalization ...
PHY-3001 : End legalization;  0.002869s wall, 0.000000s user + 0.000000s system = 0.000000s CPU (n/a%)

PHY-3001 : Run with size of 4
PHY-3001 : Cell area utilization is 1%
PHY-3001 : :::0::: Try harder cell spreading with beta_ = 0.0944908
PHY-3002 : Step(40): len = 5480.8, overlap = 0.3125
PHY-3002 : Step(41): len = 5468.8, overlap = 0.625
PHY-3002 : Step(42): len = 5483.5, overlap = 0.5
PHY-3001 : Run with size of 2
PHY-3001 : Cell area utilization is 1%
PHY-3001 : :::0::: Try harder cell spreading with beta_ = 0.000140194
PHY-3002 : Step(43): len = 5452.4, overlap = 3.625
PHY-3002 : Step(44): len = 5543.6, overlap = 2.09375
PHY-3002 : Step(45): len = 5496.8, overlap = 1.78125
PHY-3001 : :::1::: Try harder cell spreading with beta_ = 0.000280389
PHY-3002 : Step(46): len = 5243.6, overlap = 1.4375
PHY-3002 : Step(47): len = 5262.7, overlap = 2.40625
PHY-3002 : Step(48): len = 5285.4, overlap = 2
PHY-3001 : :::2::: Try harder cell spreading with beta_ = 0.000560777
PHY-3002 : Step(49): len = 5081.4, overlap = 2.3125
PHY-3002 : Step(50): len = 5137.6, overlap = 2.3125
OPT-1001 : Start physical optimization ...
OPT-1001 : Total overflow 15.75 peak overflow 2.19
OPT-1001 : Start high-fanout net optimization ...
OPT-1001 : Update timing in global mode
PHY-1001 : Start incremental global routing, caller is place ...
RUN-1001 : Generating global routing grids ...
RUN-1001 : Building simple global routing graph ...
PHY-1001 : Generate routing nets ...
PHY-1001 : Reuse net number 0/410.
PHY-1001 : Global iterations in 16 thread ...
PHY-1002 : len = 5376, over cnt = 26(0%), over = 77, worst = 9
PHY-1001 : End global iterations;  0.024845s wall, 0.015625s user + 0.031250s system = 0.046875s CPU (188.7%)

PHY-1001 : Congestion index: top1 = 12.44, top5 = 3.99, top10 = 1.99, top15 = 1.33.
PHY-1001 : End incremental global routing;  0.086602s wall, 0.093750s user + 0.031250s system = 0.125000s CPU (144.3%)

RUN-1002 : start command "start_timer -report"
TMR-5001 WARNING: No sdc constraints found while initiating timer.
TMR-2505 : Start building timing graph for model rx_top.
TMR-2506 : Build timing graph completely. Port num: 8, tpin num: 1462, tnet num: 408, tinst num: 341, tnode num: 1730, tedge num: 2305.
TMR-2509 : Cut connection from U8/rTX_reg_syn_17.b to U8/rTX_reg_syn_17.o.
TMR-2509 : Cut connection from U8/reg0_syn_21.c to U8/reg0_syn_21.o.
TMR-2509 : Cut connection from U8/reg0_syn_20.c to U8/reg0_syn_20.o.
TMR-2509 : Cut connection from U7/Count_BPS_b[12]_syn_8.a to U7/Count_BPS_b[12]_syn_8.o.
TMR-2509 : Cut connection from U8/reg0_syn_14.a to U8/reg0_syn_14.o.
TMR-2509 : Cut connection from U7/Count_BPS_b[7]_syn_1.a to U7/Count_BPS_b[7]_syn_1.o.
TMR-2509 : Cut connection from U7/Count_BPS_b[8]_syn_1.a to U7/Count_BPS_b[8]_syn_1.o.
TMR-2509 : Cut connection from U7/Count_BPS_b[3]_syn_1.a to U7/Count_BPS_b[3]_syn_1.o.
TMR-2509 : Cut connection from U7/Count_BPS_b[4]_syn_1.a to U7/Count_BPS_b[4]_syn_1.o.
TMR-2509 : Cut connection from U7/Count_BPS_b[6]_syn_1.a to U7/Count_BPS_b[6]_syn_1.o.
TMR-2509 : Cut connection from U7/Count_BPS_b[9]_syn_1.a to U7/Count_BPS_b[9]_syn_1.o.
TMR-2509 : Cut connection from U7/Count_BPS_b[5]_syn_1.a to U7/Count_BPS_b[5]_syn_1.o.
TMR-2509 : Cut connection from U7/Count_BPS_b[1]_syn_1.a to U7/Count_BPS_b[1]_syn_1.o.
TMR-2509 : Cut connection from U7/Count_BPS_b[2]_syn_1.a to U7/Count_BPS_b[2]_syn_1.o.
TMR-2509 : Cut connection from U7/Count_BPS_b[0]_syn_1.a to U7/Count_BPS_b[0]_syn_1.o.
TMR-2509 : Cut connection from U7/Count_BPS_b[11]_syn_1.a to U7/Count_BPS_b[11]_syn_1.o.
TMR-2509 : Cut connection from U7/Count_BPS_b[12]_syn_7.b to U7/Count_BPS_b[12]_syn_7.o.
TMR-2509 : Cut connection from U3/rData[0]_syn_96.fci to U3/rData[0]_syn_96.f[1].
TMR-2509 : Cut connection from U3/rData[0]_syn_96.d[1] to U3/rData[0]_syn_96.f[1].
TMR-2509 : Cut connection from U3/rData[0]_syn_96.d[0] to U3/rData[0]_syn_96.f[1].
TMR-2509 : Cut connection from U6/sum[9]_syn_3.a to U6/sum[9]_syn_3.o.
TMR-2509 : Cut connection from U6/TX_Data_b[0]_syn_5.a to U6/TX_Data_b[0]_syn_5.o.
TMR-2509 : Cut connection from U6/TX_Data_b[0]_syn_5.b to U6/TX_Data_b[0]_syn_5.o.
TMR-2509 : Cut connection from U6/TX_Data_b[0]_syn_5.c to U6/TX_Data_b[0]_syn_5.o.
TMR-2509 : Cut connection from U6/TX_Data_b[0]_syn_5.e to U6/TX_Data_b[0]_syn_5.o.
TMR-2509 : Cut connection from U6/TX_Data_b[0]_syn_12.b to U6/TX_Data_b[0]_syn_12.o.
TMR-2509 : Cut connection from U6/TX_Data_b[0]_syn_12.c to U6/TX_Data_b[0]_syn_12.o.
TMR-2509 : Cut connection from U6/TX_Data_b[0]_syn_12.d to U6/TX_Data_b[0]_syn_12.o.
TMR-2509 : Cut connection from U6/TX_Data_b[0]_syn_12.e to U6/TX_Data_b[0]_syn_12.o.
TMR-2509 : Cut connection from U6/TX_Data_b[4]_syn_1.a to U6/TX_Data_b[4]_syn_1.o.
TMR-2509 : Cut connection from U6/TX_Data_b[4]_syn_1.c to U6/TX_Data_b[4]_syn_1.o.
TMR-2509 : Cut connection from U6/TX_Data_b[0]_syn_10.b to U6/TX_Data_b[0]_syn_10.o.
TMR-2509 : Cut connection from U6/TX_Data_b[0]_syn_10.c to U6/TX_Data_b[0]_syn_10.o.
TMR-2509 : Cut connection from U6/TX_Data_b[0]_syn_10.d to U6/TX_Data_b[0]_syn_10.o.
TMR-2509 : Cut connection from U6/TX_Data_b[0]_syn_10.e to U6/TX_Data_b[0]_syn_10.o.
TMR-2509 : Cut connection from U6/TX_Data_b[0]_syn_15.a to U6/TX_Data_b[0]_syn_15.o.
TMR-2509 : Cut connection from U6/TX_Data_b[0]_syn_15.b to U6/TX_Data_b[0]_syn_15.o.
TMR-2509 : Cut connection from U6/TX_Data_b[0]_syn_15.c to U6/TX_Data_b[0]_syn_15.o.
TMR-2509 : Cut connection from U6/TX_Data_b[0]_syn_15.d to U6/TX_Data_b[0]_syn_15.o.
TMR-2509 : Cut connection from U6/TX_Data_b[0]_syn_17.a to U6/TX_Data_b[0]_syn_17.o.
TMR-2509 : Cut connection from U6/TX_Data_b[0]_syn_17.c to U6/TX_Data_b[0]_syn_17.o.
TMR-2509 : Cut connection from U6/TX_Data_b[0]_syn_17.d to U6/TX_Data_b[0]_syn_17.o.
TMR-2509 : Cut connection from U6/TX_Data_b[0]_syn_17.e to U6/TX_Data_b[0]_syn_17.o.
TMR-2509 : Cut connection from U6/TX_Data_b[1]_syn_1.a to U6/TX_Data_b[1]_syn_1.o.
TMR-2509 : Cut connection from U6/TX_Data_b[1]_syn_1.c to U6/TX_Data_b[1]_syn_1.o.
TMR-2509 : Cut connection from U6/TX_Data_b[1]_syn_1.d to U6/TX_Data_b[1]_syn_1.o.
TMR-2509 : Cut connection from U6/TX_Data_b[0]_syn_9.b to U6/TX_Data_b[0]_syn_9.o.
TMR-2509 : Cut connection from U6/TX_Data_b[0]_syn_9.c to U6/TX_Data_b[0]_syn_9.o.
TMR-2509 : Cut connection from U6/TX_Data_b[0]_syn_9.d to U6/TX_Data_b[0]_syn_9.o.
TMR-2509 : Cut connection from U6/TX_Data_b[0]_syn_9.e to U6/TX_Data_b[0]_syn_9.o.
TMR-2509 : Cut connection from U6/TX_Data_b[6]_syn_1.b to U6/TX_Data_b[6]_syn_1.o.
TMR-2509 : Cut connection from U6/TX_Data_b[6]_syn_1.c to U6/TX_Data_b[6]_syn_1.o.
TMR-2509 : Cut connection from U6/TX_Data_b[6]_syn_1.d to U6/TX_Data_b[6]_syn_1.o.
TMR-2509 : Cut connection from U6/TX_Data_b[7]_syn_1.b to U6/TX_Data_b[7]_syn_1.o.
TMR-2509 : Cut connection from U6/TX_Data_b[7]_syn_1.c to U6/TX_Data_b[7]_syn_1.o.
TMR-2509 : Cut connection from U3/rData[0]_syn_96.fci to U3/rData[0]_syn_96.fx[1].
TMR-2509 : Cut connection from U3/rData[0]_syn_96.e[1] to U3/rData[0]_syn_96.fx[1].
TMR-2509 : Cut connection from U3/rData[0]_syn_96.e[0] to U3/rData[0]_syn_96.fx[1].
TMR-2509 : Cut connection from U3/rData[0]_syn_96.d[0] to U3/rData[0]_syn_96.fx[1].
TMR-2509 : Cut connection from U6/sum[10]_syn_3.a to U6/sum[10]_syn_3.o.
TMR-2509 : Cut connection from U6/TX_Data_b[0]_syn_7.a to U6/TX_Data_b[0]_syn_7.o.
TMR-2509 : Cut connection from U6/TX_Data_b[0]_syn_7.b to U6/TX_Data_b[0]_syn_7.o.
TMR-2509 : Cut connection from U6/TX_Data_b[0]_syn_7.e to U6/TX_Data_b[0]_syn_7.o.
TMR-2509 : Cut connection from U3/rData[0]_syn_96.fci to U3/rData[0]_syn_96.fco.
TMR-2509 : Cut connection from U3/rData[0]_syn_96.e[0] to U3/rData[0]_syn_96.fco.
TMR-2509 : Cut connection from U3/rData[0]_syn_96.d[0] to U3/rData[0]_syn_96.fco.
TMR-2509 : Cut connection from U3/rData[0]_syn_97.d[0] to U3/rData[0]_syn_97.f[0].
TMR-2509 : Cut connection from U6/sum[11]_syn_3.a to U6/sum[11]_syn_3.o.
TMR-2509 : Cut connection from U3/rData[0]_syn_97.e[0] to U3/rData[0]_syn_97.fx[0].
TMR-2509 : Cut connection from U6/sum[12]_syn_3.a to U6/sum[12]_syn_3.o.
TMR-2509 : Cut connection from U3/rData[0]_syn_97.e[1] to U3/rData[0]_syn_97.fx[1].
TMR-2509 : Cut connection from U3/rData[0]_syn_97.d[1] to U3/rData[0]_syn_97.fx[1].
TMR-2509 : Cut connection from U6/sum[14]_syn_4.a to U6/sum[14]_syn_4.o.
TMR-2509 : Cut connection from U6/TX_Data_b[0]_syn_1.a to U6/TX_Data_b[0]_syn_1.o.
TMR-2509 : Cut connection from U6/TX_Data_b[0]_syn_1.c to U6/TX_Data_b[0]_syn_1.o.
TMR-2509 : Cut connection from U6/TX_Data_b[0]_syn_3.a to U6/TX_Data_b[0]_syn_3.o.
TMR-2509 : Cut connection from U6/TX_Data_b[0]_syn_3.c to U6/TX_Data_b[0]_syn_3.o.
TMR-2509 : Cut connection from U3/rData[0]_syn_97.d[1] to U3/rData[0]_syn_97.fco.
TMR-2509 : Cut connection from U3/rData[0]_syn_98.d[0] to U3/rData[0]_syn_98.f[0].
TMR-2509 : Cut connection from U6/sum[15]_syn_3.a to U6/sum[15]_syn_3.o.
TMR-2509 : Cut connection from U3/rData[0]_syn_97.d[1] to U3/rData[0]_syn_97.f[1].
TMR-2509 : Cut connection from U6/sum[13]_syn_3.a to U6/sum[13]_syn_3.o.
TMR-2509 : Cut connection from U3/rData[0]_syn_95.fci to U3/rData[0]_syn_95.f[1].
TMR-2509 : Cut connection from U3/rData[0]_syn_95.d[1] to U3/rData[0]_syn_95.f[1].
TMR-2509 : Cut connection from U3/rData[0]_syn_95.d[0] to U3/rData[0]_syn_95.f[1].
TMR-2509 : Cut connection from U6/sum[5]_syn_3.a to U6/sum[5]_syn_3.o.
TMR-2509 : Cut connection from U3/rData[0]_syn_95.fci to U3/rData[0]_syn_95.fx[1].
TMR-2509 : Cut connection from U3/rData[0]_syn_95.e[1] to U3/rData[0]_syn_95.fx[1].
TMR-2509 : Cut connection from U3/rData[0]_syn_95.e[0] to U3/rData[0]_syn_95.fx[1].
TMR-2509 : Cut connection from U3/rData[0]_syn_95.d[0] to U3/rData[0]_syn_95.fx[1].
TMR-2509 : Cut connection from U6/sum[6]_syn_3.a to U6/sum[6]_syn_3.o.
TMR-2509 : Cut connection from U3/rData[0]_syn_95.fci to U3/rData[0]_syn_95.f[0].
TMR-2509 : Cut connection from U3/rData[0]_syn_95.d[0] to U3/rData[0]_syn_95.f[0].
TMR-2509 : Cut connection from U6/sum[3]_syn_3.a to U6/sum[3]_syn_3.o.
TMR-2509 : Cut connection from U3/rData[0]_syn_95.fci to U3/rData[0]_syn_95.fx[0].
TMR-2509 : Cut connection from U3/rData[0]_syn_95.e[0] to U3/rData[0]_syn_95.fx[0].
TMR-2509 : Cut connection from U6/sum[4]_syn_3.a to U6/sum[4]_syn_3.o.
TMR-2509 : Cut connection from U3/rData[0]_syn_94.d[1] to U3/rData[0]_syn_94.f[1].
TMR-2509 : Cut connection from U6/sum[1]_syn_3.a to U6/sum[1]_syn_3.o.
TMR-2509 : Cut connection from U3/rData[0]_syn_94.e[1] to U3/rData[0]_syn_94.fx[1].
TMR-2509 : Cut connection from U3/rData[0]_syn_94.e[0] to U3/rData[0]_syn_94.fx[1].
TMR-2509 : Cut connection from U6/sum[2]_syn_3.a to U6/sum[2]_syn_3.o.
TMR-2509 : Cut connection from U3/rData[0]_syn_94.e[0] to U3/rData[0]_syn_94.fco.
TMR-2509 : Cut connection from U3/rData[0]_syn_96.d[0] to U3/rData[0]_syn_96.f[0].
TMR-2509 : Cut connection from U6/sum[7]_syn_3.a to U6/sum[7]_syn_3.o.
TMR-2509 : Cut connection from U3/rData[0]_syn_96.e[0] to U3/rData[0]_syn_96.fx[0].
TMR-2509 : Cut connection from U6/sum[8]_syn_3.a to U6/sum[8]_syn_3.o.
TMR-2509 : Cut connection from U3/rData[0]_syn_94.e[0] to U3/rData[0]_syn_94.fx[0].
TMR-2509 : Cut connection from U6/sum[0]_syn_3.a to U6/sum[0]_syn_3.o.
TMR-2509 : Cut connection from U6/sum[14]_syn_3.a to U6/sum[14]_syn_3.o.
TMR-2509 : Cut connection from U6/sum[14]_syn_3.b to U6/sum[14]_syn_3.o.
TMR-2509 : Cut connection from U6/sample_count_b[0]_syn_1.a to U6/sample_count_b[0]_syn_1.o.
TMR-2509 : Cut connection from U6/sample_count_b[1]_syn_1.a to U6/sample_count_b[1]_syn_1.o.
TMR-2507 : Eliminate loop in the timing graph, delete 113 tedges.
TMR-2508 : Levelizing timing graph completed, there are 30 levels in total.
TMR-2501 : Timing graph initialized successfully.
OPT-1001 : End timing update;  0.192331s wall, 0.187500s user + 0.000000s system = 0.187500s CPU (97.5%)

OPT-1001 : 0 high-fanout net processed.
OPT-1001 : End high-fanout net optimization;  0.284609s wall, 0.281250s user + 0.031250s system = 0.312500s CPU (109.8%)

OPT-1001 : Current memory(MB): used = 146, reserve = 115, peak = 146.
OPT-1001 : End physical optimization;  0.289801s wall, 0.296875s user + 0.031250s system = 0.328125s CPU (113.2%)

PHY-3001 : Start packing ...
SYN-4007 : Packing 0 MUX to BLE ...
SYN-4008 : Packed 0 MUX and 0 SEQ to BLE.
SYN-4007 : Packing 190 LUT to BLE ...
SYN-4008 : Packed 190 LUT and 71 SEQ to BLE.
SYN-4003 : Packing 10 remaining SEQ's ...
SYN-4005 : Packed 8 SEQ with LUT/SLICE
SYN-4006 : 113 single LUT's are left
SYN-4006 : 2 single SEQ's are left
SYN-4011 : Packing model "rx_top" (AL_USER_NORMAL) with 192/314 primitive instances ...
PHY-3001 : End packing;  0.010428s wall, 0.000000s user + 0.000000s system = 0.000000s CPU (n/a%)

PHY-1001 : Populate physical database on model rx_top.
RUN-1001 : There are total 179 instances
RUN-1001 : 74 mslices, 74 lslices, 25 pads, 0 brams, 0 dsps
RUN-1001 : There are total 343 nets
RUN-1001 : 179 nets have 2 pins
RUN-1001 : 109 nets have [3 - 5] pins
RUN-1001 : 36 nets have [6 - 10] pins
RUN-1001 : 14 nets have [11 - 20] pins
RUN-1001 : 4 nets have [21 - 99] pins
RUN-1001 : 1 nets have 100+ pins
PHY-3001 : design contains 177 instances, 148 slices, 9 macros(41 instances: 23 mslices 18 lslices)
PHY-3001 : Cell area utilization is 2%
PHY-3001 : After packing: Len = 5116, Over = 5.75
PHY-3001 : Run with size of 2
PHY-3001 : Cell area utilization is 2%
PHY-3001 : :::0::: Try harder cell spreading with beta_ = 9.30389e-05
PHY-3002 : Step(51): len = 5032.4, overlap = 4.5
PHY-3002 : Step(52): len = 5049.1, overlap = 4.5
PHY-3002 : Step(53): len = 5041.7, overlap = 3.75
PHY-3001 : :::1::: Try harder cell spreading with beta_ = 0.000186078
PHY-3002 : Step(54): len = 4888.4, overlap = 4.75
PHY-3002 : Step(55): len = 4898.5, overlap = 5.25
PHY-3002 : Step(56): len = 4898.5, overlap = 5.25
PHY-3001 : :::2::: Try harder cell spreading with beta_ = 0.000372156
PHY-3002 : Step(57): len = 4879.4, overlap = 5
PHY-3002 : Step(58): len = 4896.1, overlap = 5.25
PHY-3001 : Legalization ...
PHY-3001 : End legalization;  0.062733s wall, 0.046875s user + 0.125000s system = 0.171875s CPU (274.0%)

PHY-3001 : Trial Legalized: Len = 7988.5
PHY-3001 : Run with size of 2
PHY-3001 : Cell area utilization is 2%
PHY-3001 : :::0::: Try harder cell spreading with beta_ = 0
PHY-3002 : Step(59): len = 5952.1, overlap = 2
PHY-3002 : Step(60): len = 5402, overlap = 4.25
PHY-3002 : Step(61): len = 5089.4, overlap = 3.5
PHY-3002 : Step(62): len = 5071.4, overlap = 3.5
PHY-3002 : Step(63): len = 5049.4, overlap = 4
PHY-3001 : :::1::: Try harder cell spreading with beta_ = 0.000799094
PHY-3002 : Step(64): len = 4948.4, overlap = 4
PHY-3002 : Step(65): len = 4948.4, overlap = 4
PHY-3001 : :::2::: Try harder cell spreading with beta_ = 0.00159819
PHY-3002 : Step(66): len = 4862.8, overlap = 4
PHY-3002 : Step(67): len = 4862.8, overlap = 4
PHY-3001 : Legalization ...
PHY-3001 : End legalization;  0.003863s wall, 0.000000s user + 0.000000s system = 0.000000s CPU (n/a%)

PHY-3001 : Legalized: Len = 6958.7, Over = 0
PHY-3001 : End spreading;  0.003310s wall, 0.015625s user + 0.000000s system = 0.015625s CPU (472.0%)

PHY-3001 : Final: Len = 6958.7, Over = 0
OPT-1001 : Start physical optimization ...
OPT-1001 : Total overflow 0.00 peak overflow 0.00
OPT-1001 : Start high-fanout net optimization ...
OPT-1001 : Update timing in global mode
PHY-1001 : Start incremental global routing, caller is place ...
RUN-1001 : Generating global routing grids ...
PHY-1001 : Generate routing nets ...
PHY-1001 : Reuse net number 26/343.
PHY-1001 : Global iterations in 16 thread ...
PHY-1002 : len = 7520, over cnt = 25(0%), over = 37, worst = 4
PHY-1002 : len = 7712, over cnt = 6(0%), over = 8, worst = 2
PHY-1002 : len = 7800, over cnt = 1(0%), over = 1, worst = 1
PHY-1002 : len = 7816, over cnt = 0(0%), over = 0, worst = 0
PHY-1001 : End global iterations;  0.045030s wall, 0.031250s user + 0.031250s system = 0.062500s CPU (138.8%)

PHY-1001 : Congestion index: top1 = 16.85, top5 = 5.97, top10 = 2.98, top15 = 1.99.
PHY-1001 : End incremental global routing;  0.097241s wall, 0.093750s user + 0.031250s system = 0.125000s CPU (128.5%)

RUN-1002 : start command "start_timer -report"
TMR-5001 WARNING: No sdc constraints found while initiating timer.
TMR-2505 : Start building timing graph for model rx_top.
TMR-2506 : Build timing graph completely. Port num: 8, tpin num: 1320, tnet num: 341, tinst num: 177, tnode num: 1540, tedge num: 2211.
TMR-2509 : Cut connection from U8/reg0_syn_48.c[0] to U8/reg0_syn_48.Q_q[0]_D.
TMR-2509 : Cut connection from U8/reg0_syn_48.c[1] to U8/reg0_syn_48.Q_q[1]_D.
TMR-2509 : Cut connection from cnt2_b[4]_syn_15.b[0] to cnt2_b[4]_syn_15.Q_q[0]_D.
TMR-2509 : Cut connection from U7/reg0_syn_85.d[0] to U7/reg0_syn_85.Q_q[0]_D.
TMR-2509 : Cut connection from U8/reg0_syn_54.a[0] to U8/reg0_syn_54.f[0].
TMR-2509 : Cut connection from U7/reg0_syn_79.d[0] to U7/reg0_syn_79.Q_q[0]_D.
TMR-2509 : Cut connection from U7/reg0_syn_82.d[0] to U7/reg0_syn_82.Q_q[0]_D.
TMR-2509 : Cut connection from U7/Count_BPS_b[12]_syn_19.b[0] to U7/Count_BPS_b[12]_syn_19.fx[0].
TMR-2509 : Cut connection from U7/Count_BPS_b[12]_syn_19.b[1] to U7/Count_BPS_b[12]_syn_19.fx[0].
TMR-2509 : Cut connection from U3/rData[0]_syn_94.d[1] to U3/rData[0]_syn_94.f[1].
TMR-2509 : Cut connection from U6/sum[1]_syn_11.d[1] to U6/sum[1]_syn_11.f[1].
TMR-2509 : Cut connection from U6/reg0_syn_53.a[1] to U6/reg0_syn_53.Q_q[1]_D.
TMR-2509 : Cut connection from U6/reg0_syn_53.b[1] to U6/reg0_syn_53.Q_q[1]_D.
TMR-2509 : Cut connection from U6/reg0_syn_53.c[1] to U6/reg0_syn_53.Q_q[1]_D.
TMR-2509 : Cut connection from U3/rData[0]_syn_94.e[1] to U3/rData[0]_syn_94.fx[1].
TMR-2509 : Cut connection from U3/rData[0]_syn_94.e[0] to U3/rData[0]_syn_94.fx[1].
TMR-2509 : Cut connection from U6/sum[1]_syn_11.d[0] to U6/sum[1]_syn_11.f[0].
TMR-2509 : Cut connection from U3/rData[0]_syn_94.e[0] to U3/rData[0]_syn_94.fco.
TMR-2509 : Cut connection from U3/rData[0]_syn_95.d[0] to U3/rData[0]_syn_95.f[0].
TMR-2509 : Cut connection from U6/sum[3]_syn_11.d[1] to U6/sum[3]_syn_11.f[1].
TMR-2509 : Cut connection from U6/TX_Data_b[0]_syn_41.a[1] to U6/TX_Data_b[0]_syn_41.f[1].
TMR-2509 : Cut connection from U6/TX_Data_b[0]_syn_41.e[1] to U6/TX_Data_b[0]_syn_41.f[1].
TMR-2509 : Cut connection from U6/TX_Data_b[0]_syn_41.b[1] to U6/TX_Data_b[0]_syn_41.f[1].
TMR-2509 : Cut connection from U6/TX_Data_b[0]_syn_41.c[1] to U6/TX_Data_b[0]_syn_41.f[1].
TMR-2509 : Cut connection from U6/TX_Data_b[0]_syn_41.a[0] to U6/TX_Data_b[0]_syn_41.Q_q[0]_D.
TMR-2509 : Cut connection from U6/TX_Data_b[0]_syn_41.e[0] to U6/TX_Data_b[0]_syn_41.Q_q[0]_D.
TMR-2509 : Cut connection from U3/rData[0]_syn_95.e[0] to U3/rData[0]_syn_95.fx[0].
TMR-2509 : Cut connection from U6/sum[4]_syn_11.d[1] to U6/sum[4]_syn_11.f[1].
TMR-2509 : Cut connection from U6/reg0_syn_49.d[1] to U6/reg0_syn_49.Q_q[1]_D.
TMR-2509 : Cut connection from U6/reg0_syn_49.b[1] to U6/reg0_syn_49.Q_q[1]_D.
TMR-2509 : Cut connection from U3/rData[0]_syn_95.e[1] to U3/rData[0]_syn_95.fx[1].
TMR-2509 : Cut connection from U3/rData[0]_syn_95.d[1] to U3/rData[0]_syn_95.fx[1].
TMR-2509 : Cut connection from U6/sum[4]_syn_11.d[0] to U6/sum[4]_syn_11.f[0].
TMR-2509 : Cut connection from U6/reg0_syn_43.a[1] to U6/reg0_syn_43.Q_q[0]_D.
TMR-2509 : Cut connection from U6/reg0_syn_43.a[0] to U6/reg0_syn_43.Q_q[0]_D.
TMR-2509 : Cut connection from U6/reg0_syn_43.b[1] to U6/reg0_syn_43.Q_q[0]_D.
TMR-2509 : Cut connection from U6/reg0_syn_43.b[0] to U6/reg0_syn_43.Q_q[0]_D.
TMR-2509 : Cut connection from U6/reg0_syn_43.c[0] to U6/reg0_syn_43.Q_q[0]_D.
TMR-2509 : Cut connection from U6/reg0_syn_43.c[1] to U6/reg0_syn_43.Q_q[0]_D.
TMR-2509 : Cut connection from U6/reg0_syn_43.mi[0] to U6/reg0_syn_43.Q_q[0]_D.
TMR-2509 : Cut connection from U6/reg0_syn_43.a[1] to U6/reg0_syn_43.fx[0].
TMR-2509 : Cut connection from U6/reg0_syn_43.a[0] to U6/reg0_syn_43.fx[0].
TMR-2509 : Cut connection from U6/reg0_syn_43.b[1] to U6/reg0_syn_43.fx[0].
TMR-2509 : Cut connection from U6/reg0_syn_43.b[0] to U6/reg0_syn_43.fx[0].
TMR-2509 : Cut connection from U6/reg0_syn_43.c[0] to U6/reg0_syn_43.fx[0].
TMR-2509 : Cut connection from U6/reg0_syn_43.c[1] to U6/reg0_syn_43.fx[0].
TMR-2509 : Cut connection from U6/reg0_syn_43.mi[0] to U6/reg0_syn_43.fx[0].
TMR-2509 : Cut connection from U6/reg0_syn_49.a[0] to U6/reg0_syn_49.Q_q[0]_D.
TMR-2509 : Cut connection from U6/reg0_syn_49.b[0] to U6/reg0_syn_49.Q_q[0]_D.
TMR-2509 : Cut connection from U6/reg0_syn_49.c[0] to U6/reg0_syn_49.Q_q[0]_D.
TMR-2509 : Cut connection from U3/rData[0]_syn_95.d[1] to U3/rData[0]_syn_95.fco.
TMR-2509 : Cut connection from U3/rData[0]_syn_96.d[0] to U3/rData[0]_syn_96.f[0].
TMR-2509 : Cut connection from U6/sum[12]_syn_11.d[0] to U6/sum[12]_syn_11.f[0].
TMR-2509 : Cut connection from U6/sum[13]_syn_11.d[0] to U6/sum[13]_syn_11.Q_q[0]_D.
TMR-2509 : Cut connection from U6/sum[13]_syn_11.b[0] to U6/sum[13]_syn_11.Q_q[0]_D.
TMR-2509 : Cut connection from U6/TX_Data_b[0]_syn_39.a[1] to U6/TX_Data_b[0]_syn_39.fx[0].
TMR-2509 : Cut connection from U6/TX_Data_b[0]_syn_39.a[0] to U6/TX_Data_b[0]_syn_39.fx[0].
TMR-2509 : Cut connection from U6/TX_Data_b[0]_syn_39.b[1] to U6/TX_Data_b[0]_syn_39.fx[0].
TMR-2509 : Cut connection from U6/TX_Data_b[0]_syn_39.b[0] to U6/TX_Data_b[0]_syn_39.fx[0].
TMR-2509 : Cut connection from U6/TX_Data_b[0]_syn_39.mi[0] to U6/TX_Data_b[0]_syn_39.fx[0].
TMR-2509 : Cut connection from U6/reg0_syn_45.a[1] to U6/reg0_syn_45.Q_q[0]_D.
TMR-2509 : Cut connection from U6/reg0_syn_45.a[0] to U6/reg0_syn_45.Q_q[0]_D.
TMR-2509 : Cut connection from U6/reg0_syn_45.a[1] to U6/reg0_syn_45.fx[0].
TMR-2509 : Cut connection from U6/reg0_syn_45.a[0] to U6/reg0_syn_45.fx[0].
TMR-2509 : Cut connection from U6/sum[15]_syn_11.a[0] to U6/sum[15]_syn_11.Q_q[0]_D.
TMR-2509 : Cut connection from U6/TX_Data_b[0]_syn_37.a[0] to U6/TX_Data_b[0]_syn_37.f[0].
TMR-2509 : Cut connection from U6/TX_Data_b[0]_syn_37.b[0] to U6/TX_Data_b[0]_syn_37.f[0].
TMR-2509 : Cut connection from U6/TX_Data_b[0]_syn_37.e[0] to U6/TX_Data_b[0]_syn_37.f[0].
TMR-2509 : Cut connection from U3/rData[0]_syn_96.e[0] to U3/rData[0]_syn_96.fx[0].
TMR-2509 : Cut connection from U6/reg0_syn_53.d[0] to U6/reg0_syn_53.f[0].
TMR-2509 : Cut connection from U3/rData[0]_syn_96.e[1] to U3/rData[0]_syn_96.fx[1].
TMR-2509 : Cut connection from U3/rData[0]_syn_96.d[1] to U3/rData[0]_syn_96.fx[1].
TMR-2509 : Cut connection from U6/sum[10]_syn_11.d[1] to U6/sum[10]_syn_11.f[1].
TMR-2509 : Cut connection from U6/TX_Data_b[0]_syn_45.a[1] to U6/TX_Data_b[0]_syn_45.fx[0].
TMR-2509 : Cut connection from U6/TX_Data_b[0]_syn_45.a[0] to U6/TX_Data_b[0]_syn_45.fx[0].
TMR-2509 : Cut connection from U6/TX_Data_b[0]_syn_45.b[1] to U6/TX_Data_b[0]_syn_45.fx[0].
TMR-2509 : Cut connection from U6/TX_Data_b[0]_syn_45.b[0] to U6/TX_Data_b[0]_syn_45.fx[0].
TMR-2509 : Cut connection from U6/TX_Data_b[0]_syn_45.d[0] to U6/TX_Data_b[0]_syn_45.fx[0].
TMR-2509 : Cut connection from U6/TX_Data_b[0]_syn_45.d[1] to U6/TX_Data_b[0]_syn_45.fx[0].
TMR-2509 : Cut connection from U6/TX_Data_b[0]_syn_43.a[1] to U6/TX_Data_b[0]_syn_43.fx[0].
TMR-2509 : Cut connection from U6/TX_Data_b[0]_syn_43.a[0] to U6/TX_Data_b[0]_syn_43.fx[0].
TMR-2509 : Cut connection from U6/TX_Data_b[0]_syn_43.b[1] to U6/TX_Data_b[0]_syn_43.fx[0].
TMR-2509 : Cut connection from U6/TX_Data_b[0]_syn_43.b[0] to U6/TX_Data_b[0]_syn_43.fx[0].
TMR-2509 : Cut connection from U6/TX_Data_b[0]_syn_43.d[0] to U6/TX_Data_b[0]_syn_43.fx[0].
TMR-2509 : Cut connection from U6/TX_Data_b[0]_syn_43.d[1] to U6/TX_Data_b[0]_syn_43.fx[0].
TMR-2509 : Cut connection from U3/rData[0]_syn_96.d[1] to U3/rData[0]_syn_96.fco.
TMR-2509 : Cut connection from U3/rData[0]_syn_97.d[0] to U3/rData[0]_syn_97.f[0].
TMR-2509 : Cut connection from U6/sum[11]_syn_11.d[0] to U6/sum[11]_syn_11.f[0].
TMR-2509 : Cut connection from U6/TX_Data_b[0]_syn_37.a[1] to U6/TX_Data_b[0]_syn_37.f[1].
TMR-2509 : Cut connection from U6/TX_Data_b[0]_syn_37.b[1] to U6/TX_Data_b[0]_syn_37.f[1].
TMR-2509 : Cut connection from U6/TX_Data_b[0]_syn_37.c[1] to U6/TX_Data_b[0]_syn_37.f[1].
TMR-2509 : Cut connection from U6/TX_Data_b[0]_syn_37.d[1] to U6/TX_Data_b[0]_syn_37.f[1].
TMR-2509 : Cut connection from U6/sum[14]_syn_14.a[0] to U6/sum[14]_syn_14.f[0].
TMR-2509 : Cut connection from U6/sum[14]_syn_14.b[0] to U6/sum[14]_syn_14.f[0].
TMR-2509 : Cut connection from U6/sum[14]_syn_14.c[0] to U6/sum[14]_syn_14.f[0].
TMR-2509 : Cut connection from U6/sum[14]_syn_14.d[0] to U6/sum[14]_syn_14.f[0].
TMR-2509 : Cut connection from U3/rData[0]_syn_97.e[0] to U3/rData[0]_syn_97.fx[0].
TMR-2509 : Cut connection from U6/sum[12]_syn_11.d[1] to U6/sum[12]_syn_11.f[1].
TMR-2509 : Cut connection from U3/rData[0]_syn_97.e[1] to U3/rData[0]_syn_97.fx[1].
TMR-2509 : Cut connection from U3/rData[0]_syn_97.d[1] to U3/rData[0]_syn_97.fx[1].
TMR-2509 : Cut connection from U6/sum[14]_syn_14.d[1] to U6/sum[14]_syn_14.f[1].
TMR-2509 : Cut connection from U3/rData[0]_syn_97.d[1] to U3/rData[0]_syn_97.fco.
TMR-2509 : Cut connection from U3/rData[0]_syn_98.d[0] to U3/rData[0]_syn_98.f[0].
TMR-2509 : Cut connection from U6/sum[15]_syn_11.d[1] to U6/sum[15]_syn_11.f[1].
TMR-2509 : Cut connection from U3/rData[0]_syn_97.d[1] to U3/rData[0]_syn_97.f[1].
TMR-2509 : Cut connection from U6/sum[13]_syn_11.d[1] to U6/sum[13]_syn_11.f[1].
TMR-2509 : Cut connection from U3/rData[0]_syn_96.d[1] to U3/rData[0]_syn_96.f[1].
TMR-2509 : Cut connection from U6/sum[10]_syn_11.d[0] to U6/sum[10]_syn_11.f[0].
TMR-2509 : Cut connection from U3/rData[0]_syn_95.d[1] to U3/rData[0]_syn_95.f[1].
TMR-2509 : Cut connection from U6/sum[3]_syn_11.d[0] to U6/sum[3]_syn_11.f[0].
TMR-2509 : Cut connection from U3/rData[0]_syn_94.e[0] to U3/rData[0]_syn_94.fx[0].
TMR-2509 : Cut connection from U6/sum[0]_syn_11.d[0] to U6/sum[0]_syn_11.f[0].
TMR-2509 : Cut connection from U6/sample_count_b[1]_syn_9.d[0] to U6/sample_count_b[1]_syn_9.f[0].
TMR-2509 : Cut connection from U6/sample_count_b[1]_syn_9.c[0] to U6/sample_count_b[1]_syn_9.f[0].
TMR-2509 : Cut connection from U6/sample_count_b[1]_syn_9.d[1] to U6/sample_count_b[1]_syn_9.f[1].
TMR-2509 : Cut connection from U6/sample_count_b[1]_syn_9.c[1] to U6/sample_count_b[1]_syn_9.f[1].
TMR-2509 : Cut connection from U6/sample_count_b[0]_syn_9.d[0] to U6/sample_count_b[0]_syn_9.f[0].
TMR-2507 : Eliminate loop in the timing graph, delete 117 tedges.
TMR-2508 : Levelizing timing graph completed, there are 58 levels in total.
TMR-2501 : Timing graph initialized successfully.
OPT-1001 : End timing update;  0.137550s wall, 0.140625s user + 0.000000s system = 0.140625s CPU (102.2%)

OPT-1001 : 0 high-fanout net processed.
OPT-1001 : End high-fanout net optimization;  0.238985s wall, 0.234375s user + 0.031250s system = 0.265625s CPU (111.1%)

OPT-1001 : Current memory(MB): used = 148, reserve = 116, peak = 148.
OPT-1001 : Update timing in Manhattan mode
OPT-1001 : End timing update;  0.000296s wall, 0.000000s user + 0.000000s system = 0.000000s CPU (n/a%)

OPT-1001 : Start pin optimization...
OPT-1001 : skip pin optimization...
RUN-1001 : Generating global routing grids ...
PHY-1001 : Generate routing nets ...
PHY-1001 : Reuse net number 260/343.
PHY-1001 : Global iterations in 16 thread ...
PHY-1002 : len = 7816, over cnt = 0(0%), over = 0, worst = 0
PHY-1001 : End global iterations;  0.001289s wall, 0.000000s user + 0.000000s system = 0.000000s CPU (n/a%)

PHY-1001 : Congestion index: top1 = 16.85, top5 = 5.97, top10 = 2.98, top15 = 1.99.
OPT-1001 : Update timing in Manhattan mode
OPT-1001 : End timing update;  0.000524s wall, 0.000000s user + 0.000000s system = 0.000000s CPU (n/a%)

RUN-1001 : QoR Analysis:
OPT-0007 :   WNS 2147483647 TNS 0 NUM_FEPS 0
RUN-1001 :   No local congestion issue, and most congested 1% tile average routing util is 16.379310
RUN-1001 :   Top critical paths
OPT-1001 : End physical optimization;  0.295084s wall, 0.296875s user + 0.031250s system = 0.328125s CPU (111.2%)

RUN-1003 : finish command "place" in  2.249719s wall, 2.312500s user + 3.078125s system = 5.390625s CPU (239.6%)

RUN-1004 : used memory is 132 MB, reserved memory is 101 MB, peak memory is 148 MB
RUN-1002 : start command "export_db rx_top_place.db"
RUN-1001 : Exported /
RUN-1001 : Exported flow parameters
RUN-1001 : Exported libs
RUN-1001 : Exported entities
RUN-1001 : Exported ports
RUN-1001 : Exported pins
RUN-1001 : Exported instances
RUN-1001 : Exported nets
RUN-1001 : Exported buses
RUN-1001 : Exported models
RUN-1001 : Exported congestions
RUN-1001 : Exported violations
RUN-1001 : Exported IO constraints
RUN-1001 : Exported Inst constraints
RUN-1002 : start command "route"
RUN-1001 : Open license file C:/Anlogic/TD5.6.2/license/Anlogic.lic
RUN-1001 : Print Global Property
RUN-1001 : ---------------------------------------------------------------
RUN-1001 :        Parameters        |  Settings  |  Default Values  |  Note  
RUN-1001 : ---------------------------------------------------------------
RUN-1001 :          message         |  standard  |     standard     |        
RUN-1001 :   mixed_pack_place_flow  |     on     |        on        |        
RUN-1001 :        qor_monitor       |    off     |       off        |        
RUN-1001 :        syn_ip_flow       |    off     |       off        |        
RUN-1001 :          thread          |    auto    |       auto       |        
RUN-1001 : ---------------------------------------------------------------
RUN-1001 : Print Route Property
RUN-1001 : -------------------------------------------------------
RUN-1001 :    Parameters    |  Settings  |  Default Values  |  Note  
RUN-1001 : -------------------------------------------------------
RUN-1001 :      effort      |   medium   |      medium      |        
RUN-1001 :     fix_hold     |    off     |       off        |        
RUN-1001 :    opt_timing    |   medium   |      medium      |        
RUN-1001 :   phy_sim_model  |    off     |       off        |        
RUN-1001 :     priority     |   timing   |      timing      |        
RUN-1001 :     swap_pin     |     on     |        on        |        
RUN-1001 : -------------------------------------------------------
PHY-1001 : Route runs in 16 thread(s)
RUN-1001 : There are total 179 instances
RUN-1001 : 74 mslices, 74 lslices, 25 pads, 0 brams, 0 dsps
RUN-1001 : There are total 343 nets
RUN-1001 : 179 nets have 2 pins
RUN-1001 : 109 nets have [3 - 5] pins
RUN-1001 : 36 nets have [6 - 10] pins
RUN-1001 : 14 nets have [11 - 20] pins
RUN-1001 : 4 nets have [21 - 99] pins
RUN-1001 : 1 nets have 100+ pins
RUN-1002 : start command "start_timer -report"
TMR-5001 WARNING: No sdc constraints found while initiating timer.
TMR-2505 : Start building timing graph for model rx_top.
TMR-2506 : Build timing graph completely. Port num: 8, tpin num: 1320, tnet num: 341, tinst num: 177, tnode num: 1540, tedge num: 2211.
TMR-2509 : Cut connection from U8/reg0_syn_48.c[0] to U8/reg0_syn_48.Q_q[0]_D.
TMR-2509 : Cut connection from U8/reg0_syn_48.c[1] to U8/reg0_syn_48.Q_q[1]_D.
TMR-2509 : Cut connection from cnt2_b[4]_syn_15.b[0] to cnt2_b[4]_syn_15.Q_q[0]_D.
TMR-2509 : Cut connection from U7/reg0_syn_85.d[0] to U7/reg0_syn_85.Q_q[0]_D.
TMR-2509 : Cut connection from U8/reg0_syn_54.a[0] to U8/reg0_syn_54.f[0].
TMR-2509 : Cut connection from U7/reg0_syn_79.d[0] to U7/reg0_syn_79.Q_q[0]_D.
TMR-2509 : Cut connection from U7/reg0_syn_82.d[0] to U7/reg0_syn_82.Q_q[0]_D.
TMR-2509 : Cut connection from U7/Count_BPS_b[12]_syn_19.b[0] to U7/Count_BPS_b[12]_syn_19.fx[0].
TMR-2509 : Cut connection from U7/Count_BPS_b[12]_syn_19.b[1] to U7/Count_BPS_b[12]_syn_19.fx[0].
TMR-2509 : Cut connection from U3/rData[0]_syn_94.d[1] to U3/rData[0]_syn_94.f[1].
TMR-2509 : Cut connection from U6/sum[1]_syn_11.d[1] to U6/sum[1]_syn_11.f[1].
TMR-2509 : Cut connection from U6/reg0_syn_53.a[1] to U6/reg0_syn_53.Q_q[1]_D.
TMR-2509 : Cut connection from U6/reg0_syn_53.b[1] to U6/reg0_syn_53.Q_q[1]_D.
TMR-2509 : Cut connection from U6/reg0_syn_53.c[1] to U6/reg0_syn_53.Q_q[1]_D.
TMR-2509 : Cut connection from U3/rData[0]_syn_94.e[1] to U3/rData[0]_syn_94.fx[1].
TMR-2509 : Cut connection from U3/rData[0]_syn_94.e[0] to U3/rData[0]_syn_94.fx[1].
TMR-2509 : Cut connection from U6/sum[1]_syn_11.d[0] to U6/sum[1]_syn_11.f[0].
TMR-2509 : Cut connection from U3/rData[0]_syn_94.e[0] to U3/rData[0]_syn_94.fco.
TMR-2509 : Cut connection from U3/rData[0]_syn_95.d[0] to U3/rData[0]_syn_95.f[0].
TMR-2509 : Cut connection from U6/sum[3]_syn_11.d[1] to U6/sum[3]_syn_11.f[1].
TMR-2509 : Cut connection from U6/TX_Data_b[0]_syn_41.a[1] to U6/TX_Data_b[0]_syn_41.f[1].
TMR-2509 : Cut connection from U6/TX_Data_b[0]_syn_41.e[1] to U6/TX_Data_b[0]_syn_41.f[1].
TMR-2509 : Cut connection from U6/TX_Data_b[0]_syn_41.b[1] to U6/TX_Data_b[0]_syn_41.f[1].
TMR-2509 : Cut connection from U6/TX_Data_b[0]_syn_41.c[1] to U6/TX_Data_b[0]_syn_41.f[1].
TMR-2509 : Cut connection from U6/TX_Data_b[0]_syn_41.a[0] to U6/TX_Data_b[0]_syn_41.Q_q[0]_D.
TMR-2509 : Cut connection from U6/TX_Data_b[0]_syn_41.e[0] to U6/TX_Data_b[0]_syn_41.Q_q[0]_D.
TMR-2509 : Cut connection from U3/rData[0]_syn_95.e[0] to U3/rData[0]_syn_95.fx[0].
TMR-2509 : Cut connection from U6/sum[4]_syn_11.d[1] to U6/sum[4]_syn_11.f[1].
TMR-2509 : Cut connection from U6/reg0_syn_49.d[1] to U6/reg0_syn_49.Q_q[1]_D.
TMR-2509 : Cut connection from U6/reg0_syn_49.b[1] to U6/reg0_syn_49.Q_q[1]_D.
TMR-2509 : Cut connection from U3/rData[0]_syn_95.e[1] to U3/rData[0]_syn_95.fx[1].
TMR-2509 : Cut connection from U3/rData[0]_syn_95.d[1] to U3/rData[0]_syn_95.fx[1].
TMR-2509 : Cut connection from U6/sum[4]_syn_11.d[0] to U6/sum[4]_syn_11.f[0].
TMR-2509 : Cut connection from U6/reg0_syn_43.a[1] to U6/reg0_syn_43.Q_q[0]_D.
TMR-2509 : Cut connection from U6/reg0_syn_43.a[0] to U6/reg0_syn_43.Q_q[0]_D.
TMR-2509 : Cut connection from U6/reg0_syn_43.b[1] to U6/reg0_syn_43.Q_q[0]_D.
TMR-2509 : Cut connection from U6/reg0_syn_43.b[0] to U6/reg0_syn_43.Q_q[0]_D.
TMR-2509 : Cut connection from U6/reg0_syn_43.c[0] to U6/reg0_syn_43.Q_q[0]_D.
TMR-2509 : Cut connection from U6/reg0_syn_43.c[1] to U6/reg0_syn_43.Q_q[0]_D.
TMR-2509 : Cut connection from U6/reg0_syn_43.mi[0] to U6/reg0_syn_43.Q_q[0]_D.
TMR-2509 : Cut connection from U6/reg0_syn_43.a[1] to U6/reg0_syn_43.fx[0].
TMR-2509 : Cut connection from U6/reg0_syn_43.a[0] to U6/reg0_syn_43.fx[0].
TMR-2509 : Cut connection from U6/reg0_syn_43.b[1] to U6/reg0_syn_43.fx[0].
TMR-2509 : Cut connection from U6/reg0_syn_43.b[0] to U6/reg0_syn_43.fx[0].
TMR-2509 : Cut connection from U6/reg0_syn_43.c[0] to U6/reg0_syn_43.fx[0].
TMR-2509 : Cut connection from U6/reg0_syn_43.c[1] to U6/reg0_syn_43.fx[0].
TMR-2509 : Cut connection from U6/reg0_syn_43.mi[0] to U6/reg0_syn_43.fx[0].
TMR-2509 : Cut connection from U6/reg0_syn_49.a[0] to U6/reg0_syn_49.Q_q[0]_D.
TMR-2509 : Cut connection from U6/reg0_syn_49.b[0] to U6/reg0_syn_49.Q_q[0]_D.
TMR-2509 : Cut connection from U6/reg0_syn_49.c[0] to U6/reg0_syn_49.Q_q[0]_D.
TMR-2509 : Cut connection from U3/rData[0]_syn_95.d[1] to U3/rData[0]_syn_95.fco.
TMR-2509 : Cut connection from U3/rData[0]_syn_96.d[0] to U3/rData[0]_syn_96.f[0].
TMR-2509 : Cut connection from U6/sum[12]_syn_11.d[0] to U6/sum[12]_syn_11.f[0].
TMR-2509 : Cut connection from U6/sum[13]_syn_11.d[0] to U6/sum[13]_syn_11.Q_q[0]_D.
TMR-2509 : Cut connection from U6/sum[13]_syn_11.b[0] to U6/sum[13]_syn_11.Q_q[0]_D.
TMR-2509 : Cut connection from U6/TX_Data_b[0]_syn_39.a[1] to U6/TX_Data_b[0]_syn_39.fx[0].
TMR-2509 : Cut connection from U6/TX_Data_b[0]_syn_39.a[0] to U6/TX_Data_b[0]_syn_39.fx[0].
TMR-2509 : Cut connection from U6/TX_Data_b[0]_syn_39.b[1] to U6/TX_Data_b[0]_syn_39.fx[0].
TMR-2509 : Cut connection from U6/TX_Data_b[0]_syn_39.b[0] to U6/TX_Data_b[0]_syn_39.fx[0].
TMR-2509 : Cut connection from U6/TX_Data_b[0]_syn_39.mi[0] to U6/TX_Data_b[0]_syn_39.fx[0].
TMR-2509 : Cut connection from U6/reg0_syn_45.a[1] to U6/reg0_syn_45.Q_q[0]_D.
TMR-2509 : Cut connection from U6/reg0_syn_45.a[0] to U6/reg0_syn_45.Q_q[0]_D.
TMR-2509 : Cut connection from U6/reg0_syn_45.a[1] to U6/reg0_syn_45.fx[0].
TMR-2509 : Cut connection from U6/reg0_syn_45.a[0] to U6/reg0_syn_45.fx[0].
TMR-2509 : Cut connection from U6/sum[15]_syn_11.a[0] to U6/sum[15]_syn_11.Q_q[0]_D.
TMR-2509 : Cut connection from U6/TX_Data_b[0]_syn_37.a[0] to U6/TX_Data_b[0]_syn_37.f[0].
TMR-2509 : Cut connection from U6/TX_Data_b[0]_syn_37.b[0] to U6/TX_Data_b[0]_syn_37.f[0].
TMR-2509 : Cut connection from U6/TX_Data_b[0]_syn_37.e[0] to U6/TX_Data_b[0]_syn_37.f[0].
TMR-2509 : Cut connection from U3/rData[0]_syn_96.e[0] to U3/rData[0]_syn_96.fx[0].
TMR-2509 : Cut connection from U6/reg0_syn_53.d[0] to U6/reg0_syn_53.f[0].
TMR-2509 : Cut connection from U3/rData[0]_syn_96.e[1] to U3/rData[0]_syn_96.fx[1].
TMR-2509 : Cut connection from U3/rData[0]_syn_96.d[1] to U3/rData[0]_syn_96.fx[1].
TMR-2509 : Cut connection from U6/sum[10]_syn_11.d[1] to U6/sum[10]_syn_11.f[1].
TMR-2509 : Cut connection from U6/TX_Data_b[0]_syn_45.a[1] to U6/TX_Data_b[0]_syn_45.fx[0].
TMR-2509 : Cut connection from U6/TX_Data_b[0]_syn_45.a[0] to U6/TX_Data_b[0]_syn_45.fx[0].
TMR-2509 : Cut connection from U6/TX_Data_b[0]_syn_45.b[1] to U6/TX_Data_b[0]_syn_45.fx[0].
TMR-2509 : Cut connection from U6/TX_Data_b[0]_syn_45.b[0] to U6/TX_Data_b[0]_syn_45.fx[0].
TMR-2509 : Cut connection from U6/TX_Data_b[0]_syn_45.d[0] to U6/TX_Data_b[0]_syn_45.fx[0].
TMR-2509 : Cut connection from U6/TX_Data_b[0]_syn_45.d[1] to U6/TX_Data_b[0]_syn_45.fx[0].
TMR-2509 : Cut connection from U6/TX_Data_b[0]_syn_43.a[1] to U6/TX_Data_b[0]_syn_43.fx[0].
TMR-2509 : Cut connection from U6/TX_Data_b[0]_syn_43.a[0] to U6/TX_Data_b[0]_syn_43.fx[0].
TMR-2509 : Cut connection from U6/TX_Data_b[0]_syn_43.b[1] to U6/TX_Data_b[0]_syn_43.fx[0].
TMR-2509 : Cut connection from U6/TX_Data_b[0]_syn_43.b[0] to U6/TX_Data_b[0]_syn_43.fx[0].
TMR-2509 : Cut connection from U6/TX_Data_b[0]_syn_43.d[0] to U6/TX_Data_b[0]_syn_43.fx[0].
TMR-2509 : Cut connection from U6/TX_Data_b[0]_syn_43.d[1] to U6/TX_Data_b[0]_syn_43.fx[0].
TMR-2509 : Cut connection from U3/rData[0]_syn_96.d[1] to U3/rData[0]_syn_96.fco.
TMR-2509 : Cut connection from U3/rData[0]_syn_97.d[0] to U3/rData[0]_syn_97.f[0].
TMR-2509 : Cut connection from U6/sum[11]_syn_11.d[0] to U6/sum[11]_syn_11.f[0].
TMR-2509 : Cut connection from U6/TX_Data_b[0]_syn_37.a[1] to U6/TX_Data_b[0]_syn_37.f[1].
TMR-2509 : Cut connection from U6/TX_Data_b[0]_syn_37.b[1] to U6/TX_Data_b[0]_syn_37.f[1].
TMR-2509 : Cut connection from U6/TX_Data_b[0]_syn_37.c[1] to U6/TX_Data_b[0]_syn_37.f[1].
TMR-2509 : Cut connection from U6/TX_Data_b[0]_syn_37.d[1] to U6/TX_Data_b[0]_syn_37.f[1].
TMR-2509 : Cut connection from U6/sum[14]_syn_14.a[0] to U6/sum[14]_syn_14.f[0].
TMR-2509 : Cut connection from U6/sum[14]_syn_14.b[0] to U6/sum[14]_syn_14.f[0].
TMR-2509 : Cut connection from U6/sum[14]_syn_14.c[0] to U6/sum[14]_syn_14.f[0].
TMR-2509 : Cut connection from U6/sum[14]_syn_14.d[0] to U6/sum[14]_syn_14.f[0].
TMR-2509 : Cut connection from U3/rData[0]_syn_97.e[0] to U3/rData[0]_syn_97.fx[0].
TMR-2509 : Cut connection from U6/sum[12]_syn_11.d[1] to U6/sum[12]_syn_11.f[1].
TMR-2509 : Cut connection from U3/rData[0]_syn_97.e[1] to U3/rData[0]_syn_97.fx[1].
TMR-2509 : Cut connection from U3/rData[0]_syn_97.d[1] to U3/rData[0]_syn_97.fx[1].
TMR-2509 : Cut connection from U6/sum[14]_syn_14.d[1] to U6/sum[14]_syn_14.f[1].
TMR-2509 : Cut connection from U3/rData[0]_syn_97.d[1] to U3/rData[0]_syn_97.fco.
TMR-2509 : Cut connection from U3/rData[0]_syn_98.d[0] to U3/rData[0]_syn_98.f[0].
TMR-2509 : Cut connection from U6/sum[15]_syn_11.d[1] to U6/sum[15]_syn_11.f[1].
TMR-2509 : Cut connection from U3/rData[0]_syn_97.d[1] to U3/rData[0]_syn_97.f[1].
TMR-2509 : Cut connection from U6/sum[13]_syn_11.d[1] to U6/sum[13]_syn_11.f[1].
TMR-2509 : Cut connection from U3/rData[0]_syn_96.d[1] to U3/rData[0]_syn_96.f[1].
TMR-2509 : Cut connection from U6/sum[10]_syn_11.d[0] to U6/sum[10]_syn_11.f[0].
TMR-2509 : Cut connection from U3/rData[0]_syn_95.d[1] to U3/rData[0]_syn_95.f[1].
TMR-2509 : Cut connection from U6/sum[3]_syn_11.d[0] to U6/sum[3]_syn_11.f[0].
TMR-2509 : Cut connection from U3/rData[0]_syn_94.e[0] to U3/rData[0]_syn_94.fx[0].
TMR-2509 : Cut connection from U6/sum[0]_syn_11.d[0] to U6/sum[0]_syn_11.f[0].
TMR-2509 : Cut connection from TX_Pin_Out_syn_4.ce to TX_Pin_Out_syn_4.Q_ce_D.
TMR-2509 : Cut connection from TX_Data_Valid_syn_5.clki to TX_Data_Valid_syn_5.clko.
TMR-2509 : Cut connection from U6/sample_count_b[1]_syn_9.d[0] to U6/sample_count_b[1]_syn_9.f[0].
TMR-2509 : Cut connection from U6/sample_count_b[1]_syn_9.c[0] to U6/sample_count_b[1]_syn_9.f[0].
TMR-2509 : Cut connection from U6/sample_count_b[0]_syn_9.d[0] to U6/sample_count_b[0]_syn_9.f[0].
TMR-2509 : Cut connection from U6/sample_count_b[1]_syn_9.d[1] to U6/sample_count_b[1]_syn_9.f[1].
TMR-2507 : Eliminate loop in the timing graph, delete 118 tedges.
TMR-2508 : Levelizing timing graph completed, there are 58 levels in total.
TMR-2501 : Timing graph initialized successfully.
PHY-1001 : 74 mslices, 74 lslices, 25 pads, 0 brams, 0 dsps
TMR-2503 : Start to update net delay, extr mode = 3.
TMR-2504 : Update delay of 341 nets completely.
TMR-2502 : Annotate delay completely, extr mode = 3.
TMR-3002 : No user constraint, initiate default constraint.
TMR-1501 : Assign derive clock DeriveClock to 134 clock pins, and constraint 220 relative nodes.
TMR-3003 : Constraints initiated successfully.
TMR-3501 : Forward propagation: start to calculate arrival time...
TMR-3502 : Backward propagation: start to calculate required time...
TMR-3503 : Timing propagation completes.
PHY-1001 : Start global routing, caller is route ...
RUN-1001 : Generating global routing grids ...
PHY-1001 : Generate routing nets ...
PHY-1001 : Global iterations in 16 thread ...
PHY-1002 : len = 7504, over cnt = 25(0%), over = 37, worst = 4
PHY-1002 : len = 7728, over cnt = 7(0%), over = 9, worst = 2
PHY-1002 : len = 7776, over cnt = 3(0%), over = 4, worst = 2
PHY-1002 : len = 7840, over cnt = 0(0%), over = 0, worst = 0
PHY-1001 : End global iterations;  0.044269s wall, 0.078125s user + 0.046875s system = 0.125000s CPU (282.4%)

PHY-1001 : Congestion index: top1 = 16.92, top5 = 5.95, top10 = 2.97, top15 = 1.98.
PHY-1001 : End global routing;  0.094422s wall, 0.125000s user + 0.046875s system = 0.171875s CPU (182.0%)

PHY-1001 : Start detail routing ...
PHY-1001 : Current memory(MB): used = 171, reserve = 139, peak = 185.
PHY-1001 : Detailed router is running in normal mode.
PHY-1001 : Generate detailed routing grids ...
PHY-1001 : Processed IO instance DigitronCS_Out[3]_syn_2 with INV attribute.
PHY-1001 : Processed IO instance DigitronCS_Out[2]_syn_2 with INV attribute.
PHY-1001 : Processed IO instance DigitronCS_Out[1]_syn_2 with INV attribute.
PHY-1001 : Processed IO instance DigitronCS_Out[0]_syn_2 with INV attribute.
PHY-1001 : Generate nets ...
PHY-1001 : net CLK_dup_1 will be routed on clock mesh
PHY-1001 : clock net CLK_500K_syn_8 will be merged with clock CLK_500K
PHY-1001 : clock net TX_Data_Valid_syn_6 will be merged with clock TX_Data_Valid
PHY-1001 : clock net U5/SingleNum_n_syn_3 will be merged with clock U5/SingleNum_n
PHY-1001 : Current memory(MB): used = 438, reserve = 411, peak = 438.
PHY-1001 : End build detailed router design. 3.024879s wall, 2.921875s user + 0.093750s system = 3.015625s CPU (99.7%)

PHY-1001 : Detail Route ...
PHY-1001 : ===== Detail Route Phase 1 =====
PHY-1001 : Clock net routing.....
PHY-1001 : Routed 1% nets.
PHY-1022 : len = 10160, over cnt = 0(0%), over = 0, worst = 0, crit = 0
PHY-1001 : End initial clock net routed; 1.052395s wall, 1.062500s user + 0.000000s system = 1.062500s CPU (101.0%)

PHY-1001 : Current memory(MB): used = 468, reserve = 443, peak = 468.
PHY-1001 : End phase 1; 1.058147s wall, 1.062500s user + 0.000000s system = 1.062500s CPU (100.4%)

PHY-1001 : ===== Detail Route Phase 2 =====
PHY-1001 : Initial routing.....
PHY-1001 : Routed 28% nets.
PHY-1001 : Routed 33% nets.
PHY-1001 : Routed 38% nets.
PHY-1001 : Routed 51% nets.
PHY-1001 : Routed 81% nets.
PHY-1022 : len = 27456, over cnt = 15(0%), over = 15, worst = 1, crit = 0
PHY-1001 : Current memory(MB): used = 468, reserve = 443, peak = 469.
PHY-1001 : End initial routed; 0.166642s wall, 0.234375s user + 0.078125s system = 0.312500s CPU (187.5%)

PHY-1001 : Current memory(MB): used = 468, reserve = 443, peak = 469.
PHY-1001 : End phase 2; 0.166740s wall, 0.234375s user + 0.078125s system = 0.312500s CPU (187.4%)

PHY-1001 : ===== Detail Route Phase 3 =====
PHY-1001 : Ripup-reroute.....
PHY-1001 : ===== DR Iter 1 =====
PHY-1022 : len = 27456, over cnt = 3(0%), over = 3, worst = 1, crit = 0
PHY-1001 : End DR Iter 1; 0.012161s wall, 0.015625s user + 0.000000s system = 0.015625s CPU (128.5%)

PHY-1001 : ===== DR Iter 2 =====
PHY-1022 : len = 27480, over cnt = 0(0%), over = 0, worst = 0, crit = 0
PHY-1001 : End DR Iter 2; 0.009018s wall, 0.000000s user + 0.000000s system = 0.000000s CPU (n/a%)

PHY-1001 : Commit to database.....
PHY-1001 : 1 feed throughs used by 1 nets
PHY-1001 : End commit to database; 0.038153s wall, 0.046875s user + 0.000000s system = 0.046875s CPU (122.9%)

PHY-1001 : Current memory(MB): used = 478, reserve = 452, peak = 478.
PHY-1001 : End phase 3; 0.154914s wall, 0.156250s user + 0.000000s system = 0.156250s CPU (100.9%)

PHY-1003 : Routed, final wirelength = 27480
PHY-1001 : Current memory(MB): used = 478, reserve = 452, peak = 478.
PHY-1001 : End export database. 0.007682s wall, 0.000000s user + 0.000000s system = 0.000000s CPU (n/a%)

PHY-1001 : End detail routing;  4.603984s wall, 4.562500s user + 0.187500s system = 4.750000s CPU (103.2%)

RUN-1003 : finish command "route" in  4.867521s wall, 4.843750s user + 0.250000s system = 5.093750s CPU (104.6%)

RUN-1004 : used memory is 421 MB, reserved memory is 394 MB, peak memory is 478 MB
RUN-1002 : start command "report_area -io_info -file rx_top_phy.area"
RUN-1001 : standard
***Report Model: rx_top Device: EG4S20BG256***

IO Statistics
#IO                        25
  #input                    4
  #output                  21
  #inout                    0

Utilization Statistics
#lut                      283   out of  19600    1.44%
#reg                       87   out of  19600    0.44%
#le                       285
  #lut only               198   out of    285   69.47%
  #reg only                 2   out of    285    0.70%
  #lut&reg                 85   out of    285   29.82%
#dsp                        0   out of     29    0.00%
#bram                       0   out of     64    0.00%
  #bram9k                   0
  #fifo9k                   0
#bram32k                    0   out of     16    0.00%
#pad                       25   out of    188   13.30%
  #ireg                     1
  #oreg                    13
  #treg                     0
#pll                        0   out of      4    0.00%
#gclk                       3   out of     16   18.75%

Clock Resource Statistics
Index     ClockNet          Type               DriverType         Driver                           Fanout
#1        CLK_500K          GCLK               lslice             CLK_500K_reg_syn_5.q1            39
#2        CLK_dup_1         GCLK               io                 CLK_syn_2.di                     17
#3        U5/SingleNum_n    GCLK               mslice             U5/SingleNum_n_syn_7.f0          8
#4        TX_Data_Valid     GCLK               mslice             U6/sample_count_b[1]_syn_9.f0    7


Detailed IO Report

        Name           Direction    Location    IOStandard    DriveStrength    PullType    PackReg  
         CLK             INPUT         R7        LVCMOS33          N/A          PULLUP      NONE    
        RSTn             INPUT         A9        LVCMOS33          N/A          PULLUP      NONE    
      RX_En_Sig          INPUT        A10        LVCMOS33          N/A          PULLUP      NONE    
      RX_Pin_In          INPUT        F12        LVCMOS33          N/A          PULLUP      IREG    
  DigitronCS_Out[3]     OUTPUT         A3        LVCMOS33           8            NONE       OREG    
  DigitronCS_Out[2]     OUTPUT         A5        LVCMOS33           8            NONE       OREG    
  DigitronCS_Out[1]     OUTPUT         B6        LVCMOS33           8            NONE       OREG    
  DigitronCS_Out[0]     OUTPUT         C9        LVCMOS33           8            NONE       OREG    
   Digitron_Out[7]      OUTPUT         C8        LVCMOS33           8            NONE       NONE    
   Digitron_Out[6]      OUTPUT         A8        LVCMOS33           8            NONE       NONE    
   Digitron_Out[5]      OUTPUT         B5        LVCMOS33           8            NONE       NONE    
   Digitron_Out[4]      OUTPUT         A7        LVCMOS33           8            NONE       NONE    
   Digitron_Out[3]      OUTPUT         E8        LVCMOS33           8            NONE       NONE    
   Digitron_Out[2]      OUTPUT         B8        LVCMOS33           8            NONE       NONE    
   Digitron_Out[1]      OUTPUT         A6        LVCMOS33           8            NONE       NONE    
   Digitron_Out[0]      OUTPUT         A4        LVCMOS33           8            NONE       NONE    
     LED_Out[7]         OUTPUT        F16        LVCMOS33           8            NONE       OREG    
     LED_Out[6]         OUTPUT        E16        LVCMOS33           8            NONE       OREG    
     LED_Out[5]         OUTPUT        E13        LVCMOS33           8            NONE       OREG    
     LED_Out[4]         OUTPUT        C16        LVCMOS33           8            NONE       OREG    
     LED_Out[3]         OUTPUT        C15        LVCMOS33           8            NONE       OREG    
     LED_Out[2]         OUTPUT        B16        LVCMOS33           8            NONE       OREG    
     LED_Out[1]         OUTPUT        B15        LVCMOS33           8            NONE       OREG    
     LED_Out[0]         OUTPUT        B14        LVCMOS33           8            NONE       OREG    
     TX_Pin_Out         OUTPUT        D12        LVCMOS33           8            NONE       OREG    

Report Hierarchy Area:
+-----------------------------------------------------------------------------------+
|Instance |Module              |le     |lut     |ripple  |seq     |bram    |dsp     |
+-----------------------------------------------------------------------------------+
|top      |rx_top              |285    |242     |41      |101     |0       |0       |
|  U1     |detect_module       |1      |1       |0       |1       |0       |0       |
|  U2     |rx_bps_module       |27     |23      |4       |13      |0       |0       |
|  U3     |rx_control_module   |40     |35      |5       |13      |0       |0       |
|  U5     |Digitron_NumDisplay |109    |89      |18      |23      |0       |0       |
|  U6     |calculate_rx        |39     |39      |0       |8       |0       |0       |
|  U7     |tx_bitrate          |27     |23      |4       |13      |0       |0       |
|  U8     |uart_tx             |13     |13      |0       |4       |0       |0       |
+-----------------------------------------------------------------------------------+


DataNet Average Fanout:

   Index     Fanout    Nets  
    #1         1       154   
    #2         2        72   
    #3         3        20   
    #4         4        17   
    #5        5-10      35   
    #6       11-50      14   
  Average     2.83           

RUN-1002 : start command "export_db rx_top_pr.db"
RUN-1001 : Exported /
RUN-1001 : Exported flow parameters
RUN-1001 : Exported libs
RUN-1001 : Exported entities
RUN-1001 : Exported ports
RUN-1001 : Exported pins
RUN-1001 : Exported instances
RUN-1001 : Exported nets
RUN-1001 : Exported buses
RUN-1001 : Exported models
RUN-1001 : Exported congestions
RUN-1001 : Exported violations
RUN-1001 : Exported IO constraints
RUN-1001 : Exported Inst constraints
RUN-1002 : start command "export_bid rx_top_inst.bid"
RUN-1002 : start command "bitgen -bit rx_top.bit -unused_io_status pulldown"
BIT-1003 : Start to generate bitstream. 
BIT-1002 : Bitgen processed 163 unused pads, reserve input tri_state with pulldown
BIT-1002 : Init instances with 16 threads.
BIT-1002 : Init instances completely, inst num: 340
BIT-1002 : Init pips with 16 threads.
BIT-1002 : Init pips completely, net num: 343, pip num: 2598
BIT-1002 : Init feedthrough completely, num: 1
BIT-1003 : Multithreading accelaration with 16 threads.
BIT-1003 : Generate bitstream completely, there are 524 valid insts, and 8780 bits set as '1'.
BIT-1004 : PLL setting string = 0000
BIT-1004 : Generate bits file rx_top.bit.
RUN-1003 : finish command "bitgen -bit rx_top.bit -unused_io_status pulldown" in  1.324477s wall, 4.906250s user + 0.171875s system = 5.078125s CPU (383.4%)

RUN-1004 : used memory is 426 MB, reserved memory is 402 MB, peak memory is 621 MB
RUN-1002 : start command "backup_run_log run.log ../.logs/phy_1/td_20240827_213359.log"
