============================================================
   Tang Dynasty, V5.6.71036
      Copyright (c) 2012-2023 Anlogic Inc.
   Executable = C:/Anlogic/TD5.6.2/bin/td.exe
   Built at =   20:34:38 Mar 21 2023
   Run by =     Lenovo
   Run Date =   Tue Aug 27 21:49:55 2024

   Run on =     LAPTOP-QRG7LJL6
============================================================
RUN-1002 : start command "open_project rx_top.prj"
RUN-1001 : Print Global Property
RUN-1001 : ---------------------------------------------------------------
RUN-1001 :        Parameters        |  Settings  |  Default Values  |  Note  
RUN-1001 : ---------------------------------------------------------------
RUN-1001 :          message         |  standard  |     standard     |        
RUN-1001 :   mixed_pack_place_flow  |     on     |        on        |        
RUN-1001 :        qor_monitor       |    off     |       off        |        
RUN-1001 :        syn_ip_flow       |    off     |       off        |        
RUN-1001 :          thread          |    auto    |       auto       |        
RUN-1001 : ---------------------------------------------------------------
RUN-1001 : Print Design Property
RUN-1001 : --------------------------------------------------------------
RUN-1001 :        Parameters       |  Settings  |  Default Values  |  Note  
RUN-1001 : --------------------------------------------------------------
RUN-1001 :   default_reg_initial   |    auto    |       auto       |        
RUN-1001 :        infer_add        |     on     |        on        |        
RUN-1001 :        infer_fsm        |    off     |       off        |        
RUN-1001 :        infer_mult       |     on     |        on        |        
RUN-1001 :        infer_ram        |     on     |        on        |        
RUN-1001 :        infer_reg        |     on     |        on        |        
RUN-1001 :   infer_reg_init_value  |     on     |        on        |        
RUN-1001 :        infer_rom        |     on     |        on        |        
RUN-1001 :      infer_shifter      |     on     |        on        |        
RUN-1001 : --------------------------------------------------------------
RUN-1001 : Print Rtl Property
RUN-1001 : --------------------------------------------------------------
RUN-1001 :        Parameters       |  Settings  |  Default Values  |  Note  
RUN-1001 : --------------------------------------------------------------
RUN-1001 :       compress_add      |   ripple   |      ripple      |        
RUN-1001 :        elf_sload        |    off     |       off        |        
RUN-1001 :       fix_undriven      |     0      |        0         |        
RUN-1001 :         flatten         |    off     |       off        |        
RUN-1001 :       gate_sharing      |     on     |        on        |        
RUN-1001 :    hdl_warning_level    |   normal   |      normal      |        
RUN-1001 :   impl_internal_tribuf  |     on     |        on        |        
RUN-1001 :      impl_set_reset     |     on     |        on        |        
RUN-1001 :        infer_gsr        |    off     |       off        |        
RUN-1001 :      keep_hierarchy     |    auto    |       auto       |        
RUN-1001 :        max_fanout       |    9999    |       9999       |        
RUN-1001 :      max_oh2bin_len     |     10     |        10        |        
RUN-1001 :       merge_equal       |     on     |        on        |        
RUN-1001 :       merge_equiv       |     on     |        on        |        
RUN-1001 :        merge_mux        |    off     |       off        |        
RUN-1001 :     min_control_set     |     8      |        8         |        
RUN-1001 :      min_ripple_len     |    auto    |       auto       |        
RUN-1001 :       oh2bin_ratio      |    0.08    |       0.08       |        
RUN-1001 :     opt_adder_fanout    |     on     |        on        |        
RUN-1001 :        opt_arith        |     on     |        on        |        
RUN-1001 :       opt_big_gate      |    off     |       off        |        
RUN-1001 :        opt_const        |     on     |        on        |        
RUN-1001 :      opt_const_mult     |     on     |        on        |        
RUN-1001 :       opt_lessthan      |     on     |        on        |        
RUN-1001 :         opt_mux         |    off     |       off        |        
RUN-1001 :         opt_ram         |    high    |       high       |        
RUN-1001 :      rtl_sim_model      |    off     |       off        |        
RUN-1001 :         seq_syn         |     on     |        on        |        
RUN-1001 : --------------------------------------------------------------
HDL-1007 : analyze verilog file ../../Digitron_NumDisplay.v
HDL-1007 : analyze verilog file ../../LED_display_module.v
HDL-5007 WARNING: empty port in module declaration in ../../LED_display_module.v(3)
HDL-1007 : analyze verilog file ../../detect_module.v
HDL-1007 : analyze verilog file ../../rx_bps_module.v
HDL-1007 : analyze verilog file ../../rx_control_module.v
HDL-1007 : analyze verilog file ../../rx_top.v
HDL-1007 : analyze verilog file ../../tx_control.v
HDL-1007 : analyze verilog file ../../calculate_rx.v
HDL-1007 : analyze verilog file ../../tx_bitrate.v
RUN-1001 : Project manager successfully analyzed 9 source files.
RUN-1002 : start command "import_device eagle_s20.db -package EG4S20BG256"
ARC-1001 : Device Initialization.
ARC-1001 : ------------------------------------------------------------------
ARC-1001 :            OPTION            |          IO          |   SETTING   
ARC-1001 : ------------------------------------------------------------------
ARC-1001 :   cso_b/cclk/mosi/miso/dout  |  T3/R11/T10/P10/S11  |    gpio    
ARC-1001 :             done             |         P13          |    gpio    
ARC-1001 :           program_b          |          T2          |  dedicate  
ARC-1001 :        tdi/tms/tck/tdo       |   C12/A15/C14/E14    |  dedicate  
ARC-1001 : ------------------------------------------------------------------
ARC-1004 : Device setting, marked 5 dedicate IOs in total.
RUN-1002 : start command "import_db ../syn_1/rx_top_gate.db"
RUN-1001 : Importing database generated by Tang Dynasty, V5.6.71036.
RUN-1001 : Database version number 46146.
RUN-1001 : Import flow parameters
RUN-1001 : Import IO constraints
RUN-1001 : Import Inst constraints
RUN-1001 : Import design success TD_VERSION=5.6.71036 , DB_VERSION=46146
RUN-1002 : start command "config_chipwatcher ../../tx.cwc -dir "
RUN-1002 : start command "legalize_phy_inst"
SYN-1011 : Flatten model rx_top
KIT-1004 : ChipWatcher: import watcher inst auto_chipwatcher_0 completed, there are 2 view nodes, 9 trigger nets, 9 data nets.
KIT-1004 : Chipwatcher code = 1011011000100100
RUN-1002 : start command "compile_watcher"
RUN-1002 : start command "read_verilog -no_sch -dir C:/Anlogic/TD5.6.2/cw/ -file rx_top_watcherInst.sv -lib cw -top CW_TOP_WRAPPER"
HDL-1007 : analyze verilog file C:/Anlogic/TD5.6.2/cw\bus_det.v
HDL-1007 : analyze verilog file C:/Anlogic/TD5.6.2/cw\bus_top.sv
HDL-1007 : analyze verilog file C:/Anlogic/TD5.6.2/cw\cfg_int.v
HDL-1007 : analyze verilog file C:/Anlogic/TD5.6.2/cw\cwc_cfg_int.v
HDL-1007 : analyze verilog file C:/Anlogic/TD5.6.2/cw\cwc_top.sv
HDL-1007 : analyze verilog file C:/Anlogic/TD5.6.2/cw\detect_bus.v
HDL-1007 : analyze verilog file C:/Anlogic/TD5.6.2/cw\detect_non_bus.v
HDL-1007 : analyze verilog file C:/Anlogic/TD5.6.2/cw\emb_ctrl.v
HDL-1007 : analyze verilog file C:/Anlogic/TD5.6.2/cw\register.v
HDL-1007 : analyze verilog file C:/Anlogic/TD5.6.2/cw\tap.v
HDL-1007 : analyze verilog file C:/Anlogic/TD5.6.2/cw\trigger.sv
HDL-1007 : analyze verilog file rx_top_watcherInst.sv
HDL-1007 : elaborate module CW_TOP_WRAPPER in rx_top_watcherInst.sv(1)
HDL-1007 : elaborate module cwc_top(BUS_NUM=2,BUS_DIN_NUM=9,BUS_CTRL_NUM=26,BUS_WIDTH='{32'sb01000,32'sb01},BUS_DIN_POS='{32'sb0,32'sb01000},BUS_CTRL_POS='{32'sb0,32'sb010100}) in C:/Anlogic/TD5.6.2/cw\cwc_top.sv(21)
HDL-1007 : elaborate module cwc_cfg_int(CTRL_REG_LEN=48) in C:/Anlogic/TD5.6.2/cw\cwc_cfg_int.v(21)
HDL-1007 : elaborate module register(CTRL_REG_LEN=48) in C:/Anlogic/TD5.6.2/cw\register.v(21)
HDL-1007 : elaborate module tap in C:/Anlogic/TD5.6.2/cw\tap.v(21)
HDL-1007 : elaborate module trigger(BUS_NUM=2,BUS_DIN_NUM=9,BUS_CTRL_NUM=26,BUS_WIDTH='{32'sb01000,32'sb01},BUS_DIN_POS='{32'sb0,32'sb01000},BUS_CTRL_POS='{32'sb0,32'sb010100}) in C:/Anlogic/TD5.6.2/cw\trigger.sv(21)
HDL-1007 : elaborate module bus_top(BUS_NODE_NUM=2,BUS_DIN_NUM=9,BUS_CTRL_NUM=26,BUS_WIDTH='{32'sb01000,32'sb01},BUS_DIN_POS='{32'sb0,32'sb01000},BUS_CTRL_POS='{32'sb0,32'sb010100}) in C:/Anlogic/TD5.6.2/cw\bus_top.sv(22)
HDL-1007 : elaborate module bus_det(BUS_WIDTH=32'sb01000) in C:/Anlogic/TD5.6.2/cw\bus_det.v(21)
HDL-1007 : elaborate module bus_det(BUS_WIDTH=32'sb01) in C:/Anlogic/TD5.6.2/cw\bus_det.v(21)
HDL-1007 : elaborate module emb_ctrl in C:/Anlogic/TD5.6.2/cw\emb_ctrl.v(21)
HDL-1200 : Current top model is CW_TOP_WRAPPER
HDL-1100 : Inferred 0 RAMs.
RUN-1002 : start command "force_keep -a auto_chipwatcher_0_logicbram"
RUN-1002 : start command "optimize_rtl -no_sch"
RUN-1001 : Open license file C:/Anlogic/TD5.6.2/license/Anlogic.lic
RUN-1001 : Print Global Property
RUN-1001 : ---------------------------------------------------------------
RUN-1001 :        Parameters        |  Settings  |  Default Values  |  Note  
RUN-1001 : ---------------------------------------------------------------
RUN-1001 :          message         |  standard  |     standard     |        
RUN-1001 :   mixed_pack_place_flow  |     on     |        on        |        
RUN-1001 :        qor_monitor       |    off     |       off        |        
RUN-1001 :        syn_ip_flow       |    off     |       off        |        
RUN-1001 :          thread          |    auto    |       auto       |        
RUN-1001 : ---------------------------------------------------------------
RUN-1001 : Print Rtl Property
RUN-1001 : --------------------------------------------------------------
RUN-1001 :        Parameters       |  Settings  |  Default Values  |  Note  
RUN-1001 : --------------------------------------------------------------
RUN-1001 :       compress_add      |   ripple   |      ripple      |        
RUN-1001 :        elf_sload        |    off     |       off        |        
RUN-1001 :       fix_undriven      |     0      |        0         |        
RUN-1001 :         flatten         |    off     |       off        |        
RUN-1001 :       gate_sharing      |     on     |        on        |        
RUN-1001 :    hdl_warning_level    |   normal   |      normal      |        
RUN-1001 :   impl_internal_tribuf  |     on     |        on        |        
RUN-1001 :      impl_set_reset     |     on     |        on        |        
RUN-1001 :        infer_gsr        |    off     |       off        |        
RUN-1001 :      keep_hierarchy     |    auto    |       auto       |        
RUN-1001 :        max_fanout       |    9999    |       9999       |        
RUN-1001 :      max_oh2bin_len     |     10     |        10        |        
RUN-1001 :       merge_equal       |     on     |        on        |        
RUN-1001 :       merge_equiv       |     on     |        on        |        
RUN-1001 :        merge_mux        |    off     |       off        |        
RUN-1001 :     min_control_set     |     8      |        8         |        
RUN-1001 :      min_ripple_len     |    auto    |       auto       |        
RUN-1001 :       oh2bin_ratio      |    0.08    |       0.08       |        
RUN-1001 :     opt_adder_fanout    |     on     |        on        |        
RUN-1001 :        opt_arith        |     on     |        on        |        
RUN-1001 :       opt_big_gate      |    off     |       off        |        
RUN-1001 :        opt_const        |     on     |        on        |        
RUN-1001 :      opt_const_mult     |     on     |        on        |        
RUN-1001 :       opt_lessthan      |     on     |        on        |        
RUN-1001 :         opt_mux         |    off     |       off        |        
RUN-1001 :         opt_ram         |    high    |       high       |        
RUN-1001 :      rtl_sim_model      |    off     |       off        |        
RUN-1001 :         seq_syn         |     on     |        on        |        
RUN-1001 : --------------------------------------------------------------
SYN-1012 : SanityCheck: Model "rx_top"
SYN-1012 : SanityCheck: Model "CW_TOP_WRAPPER"
SYN-1012 : SanityCheck: Model "cwc_top(BUS_NUM=2,BUS_DIN_NUM=9,BUS_CTRL_NUM=26,BUS_WIDTH='{32'sb01000,32'sb01},BUS_DIN_POS='{32'sb0,32'sb01000},BUS_CTRL_POS='{32'sb0,32'sb010100})"
SYN-1012 : SanityCheck: Model "cwc_cfg_int(CTRL_REG_LEN=48)"
SYN-1012 : SanityCheck: Model "register(CTRL_REG_LEN=48)"
SYN-1012 : SanityCheck: Model "tap"
SYN-1012 : SanityCheck: Model "trigger(BUS_NUM=2,BUS_DIN_NUM=9,BUS_CTRL_NUM=26,BUS_WIDTH='{32'sb01000,32'sb01},BUS_DIN_POS='{32'sb0,32'sb01000},BUS_CTRL_POS='{32'sb0,32'sb010100})"
SYN-1012 : SanityCheck: Model "bus_top(BUS_NODE_NUM=2,BUS_DIN_NUM=9,BUS_CTRL_NUM=26,BUS_WIDTH='{32'sb01000,32'sb01},BUS_DIN_POS='{32'sb0,32'sb01000},BUS_CTRL_POS='{32'sb0,32'sb010100})"
SYN-1012 : SanityCheck: Model "bus_det(BUS_WIDTH=32'sb01000)"
SYN-1012 : SanityCheck: Model "bus_det(BUS_WIDTH=32'sb01)"
SYN-1012 : SanityCheck: Model "emb_ctrl"
SYN-1011 : Flatten model rx_top
SYN-1032 : 1254/10 useful/useless nets, 649/5 useful/useless insts
SYN-1016 : Merged 16 instances.
SYN-1032 : 1107/2 useful/useless nets, 911/2 useful/useless insts
SYN-1014 : Optimize round 1
SYN-1032 : 1091/16 useful/useless nets, 899/12 useful/useless insts
SYN-1021 : Optimized 1 onehot mux instances.
SYN-1020 : Optimized 1 distributor mux.
SYN-1019 : Optimized 1 mux instances.
SYN-1015 : Optimize round 1, 230 better
SYN-1014 : Optimize round 2
SYN-1032 : 960/15 useful/useless nets, 768/16 useful/useless insts
SYN-1015 : Optimize round 2, 32 better
SYN-1014 : Optimize round 1
SYN-1015 : Optimize round 1, 0 better
RUN-1002 : start command "optimize_gate -no_sch"
RUN-1001 : Open license file C:/Anlogic/TD5.6.2/license/Anlogic.lic
RUN-1001 : Print Global Property
RUN-1001 : ---------------------------------------------------------------
RUN-1001 :        Parameters        |  Settings  |  Default Values  |  Note  
RUN-1001 : ---------------------------------------------------------------
RUN-1001 :          message         |  standard  |     standard     |        
RUN-1001 :   mixed_pack_place_flow  |     on     |        on        |        
RUN-1001 :        qor_monitor       |    off     |       off        |        
RUN-1001 :        syn_ip_flow       |    off     |       off        |        
RUN-1001 :          thread          |    auto    |       auto       |        
RUN-1001 : ---------------------------------------------------------------
RUN-1001 : Print Gate Property
RUN-1001 : ------------------------------------------------------------------
RUN-1001 :          Parameters         |  Settings  |  Default Values  |  Note  
RUN-1001 : ------------------------------------------------------------------
RUN-1001 :         cascade_dsp         |    off     |       off        |        
RUN-1001 :         cascade_eram        |    off     |       off        |        
RUN-1001 :        gate_sim_model       |    off     |       off        |        
RUN-1001 :        map_sim_model        |    off     |       off        |        
RUN-1001 :         map_strategy        |     1      |        1         |        
RUN-1001 :           opt_area          |   medium   |      medium      |        
RUN-1001 :          opt_timing         |    auto    |       auto       |        
RUN-1001 :         pack_effort         |   medium   |      medium      |        
RUN-1001 :      pack_lslice_ripple     |     on     |        on        |        
RUN-1001 :   pack_lslice_ripple_ratio  |    0.5     |       0.5        |        
RUN-1001 :        pack_seq_in_io       |    auto    |       auto       |        
RUN-1001 :        ph1_mux_ratio        |    1.0     |       1.0        |        
RUN-1001 :            report           |  standard  |     standard     |        
RUN-1001 :           retiming          |    off     |       off        |        
RUN-1001 : ------------------------------------------------------------------
SYN-2001 : Map 25 IOs to PADs
RUN-1002 : start command "update_pll_param -module rx_top"
SYN-2501 : Processed 0 LOGIC_BUF instances.
SYN-2512 : LOGIC BRAM "auto_chipwatcher_0_logicbram"
SYN-2571 : Optimize after map_dsp, round 1
SYN-2571 : Optimize after map_dsp, round 1, 0 better
SYN-1001 : Throwback 4 control mux instances
SYN-2501 : Optimize round 1
SYN-1016 : Merged 8 instances.
SYN-2501 : Optimize round 1, 18 better
SYN-2501 : Optimize round 2
SYN-2501 : Optimize round 2, 0 better
SYN-2501 : Map 12 macro adder
SYN-1019 : Optimized 5 mux instances.
SYN-1016 : Merged 9 instances.
SYN-1032 : 1273/2 useful/useless nets, 1081/1 useful/useless insts
SYN-3001 : Running gate level optimization.
SYN-2581 : Mapping with K=5, #lut = 127 (3.95), #lev = 5 (1.99)
SYN-2551 : Post LUT mapping optimization.
SYN-2581 : Mapping with K=5, #lut = 132 (3.98), #lev = 4 (1.98)
SYN-3001 : Logic optimization runtime opt =   0.02 sec, map =   0.00 sec
SYN-3001 : Mapper mapped 316 instances into 132 LUTs, name keeping = 77%.
SYN-1001 : Packing model "rx_top" ...
SYN-4010 : Pack lib has 58 rtl pack models with 25 top pack blocks
SYN-1014 : Optimize round 1
SYN-1015 : Optimize round 1, 0 better
SYN-4002 : Packing 200 DFF/LATCH to SEQ ...
SYN-4009 : Pack 6 carry chain into lslice
SYN-4007 : Packing 89 adder to BLE ...
SYN-4008 : Packed 89 adder and 0 SEQ to BLE.
SYN-4007 : Packing 0 gate4 to BLE ...
SYN-4008 : Packed 0 gate4 and 0 SEQ to BLE.
SYN-4012 : Packed 0 FxMUX
RUN-1002 : start command "legalize_phy_inst"
SYN-1011 : Flatten model rx_top
KIT-1004 : Compile Chipwatcher: Clear obsolete physical data.
RUN-1002 : start command "place"
RUN-1001 : Open license file C:/Anlogic/TD5.6.2/license/Anlogic.lic
RUN-1001 : Print Global Property
RUN-1001 : ---------------------------------------------------------------
RUN-1001 :        Parameters        |  Settings  |  Default Values  |  Note  
RUN-1001 : ---------------------------------------------------------------
RUN-1001 :          message         |  standard  |     standard     |        
RUN-1001 :   mixed_pack_place_flow  |     on     |        on        |        
RUN-1001 :        qor_monitor       |    off     |       off        |        
RUN-1001 :        syn_ip_flow       |    off     |       off        |        
RUN-1001 :          thread          |    auto    |       auto       |        
RUN-1001 : ---------------------------------------------------------------
RUN-1001 : Print Place Property
RUN-1001 : --------------------------------------------------------------
RUN-1001 :        Parameters       |  Settings  |  Default Values  |  Note  
RUN-1001 : --------------------------------------------------------------
RUN-1001 :      detailed_place     |     on     |        on        |        
RUN-1001 :          effort         |   medium   |      medium      |        
RUN-1001 :         fix_hold        |    off     |       off        |        
RUN-1001 :       legalization      |    ori     |       ori        |        
RUN-1001 :      new_spreading      |     on     |        on        |        
RUN-1001 :        opt_timing       |   medium   |      medium      |        
RUN-1001 :   post_clock_route_opt  |    off     |       off        |        
RUN-1001 :       pr_strategy       |     1      |        1         |        
RUN-1001 :        relaxation       |    1.00    |       1.00       |        
RUN-1001 :         retiming        |    off     |       off        |        
RUN-1001 : --------------------------------------------------------------
PHY-3001 : Placer runs in 16 thread(s).
RUN-1002 : start command "legalize_phy_inst"
SYN-1011 : Flatten model rx_top
SYN-5055 WARNING: The kept net U2/BPS_CLK_n will be merged to another kept net BPS_CLK
SYN-5055 WARNING: The kept net U3/BPS_CLK will be merged to another kept net BPS_CLK
SYN-5055 WARNING: The kept net U1/CLK will be merged to another kept net CLK_500K
SYN-5055 WARNING: The kept net U3/isCount will be merged to another kept net Count_Sig
SYN-5055 WARNING: The kept net U2/Count_Sig will be merged to another kept net Count_Sig
SYN-5055 WARNING: The kept net U3/isDone will be merged to another kept net RX_Done_Sig
SYN-5055 WARNING: The kept net U4/RX_Done_Sig will be merged to another kept net RX_Done_Sig
SYN-5055 WARNING: The kept net U6/rTX_Data_n will be merged to another kept net TX_Data_Valid
SYN-5055 WARNING: The kept net U8/TX_Data_Valid will be merged to another kept net TX_Data_Valid
SYN-5055 WARNING: The kept net U1/neg_sig_n will be merged to another kept net neg_sig
SYN-5055 Similar messages will be suppressed.
RUN-1002 : start command "phys_opt -simplify_lut"
SYN-4016 : Net config_inst_syn_10 driven by BUFG (116 clock/control pins, 0 other pins).
SYN-4024 : Net "CLK_500K" drives clk pins.
SYN-4024 : Net "CLK_dup_1" drives clk pins.
SYN-4024 : Net "U5/SingleNum_n" drives clk pins.
SYN-4024 : Net "TX_Data_Valid" drives clk pins.
SYN-4025 : Tag rtl::Net CLK_500K as clock net
SYN-4025 : Tag rtl::Net CLK_dup_1 as clock net
SYN-4025 : Tag rtl::Net TX_Data_Valid as clock net
SYN-4025 : Tag rtl::Net U5/SingleNum_n as clock net
SYN-4025 : Tag rtl::Net config_inst_syn_10 as clock net
SYN-4026 : Tagged 5 rtl::Net as clock net
SYN-4015 : Create BUFG instance for clk Net CLK_500K to drive 141 clock pins.
SYN-4015 : Create BUFG instance for clk Net TX_Data_Valid to drive 8 clock pins.
SYN-4015 : Create BUFG instance for clk Net U5/SingleNum_n to drive 8 clock pins.
PHY-1001 : Populate physical database on model rx_top.
RUN-1001 : There are total 752 instances
RUN-0007 : 322 luts, 281 seqs, 68 mslices, 48 lslices, 25 pads, 1 brams, 0 dsps
RUN-1001 : There are total 944 nets
RUN-1001 : 540 nets have 2 pins
RUN-1001 : 309 nets have [3 - 5] pins
RUN-1001 : 61 nets have [6 - 10] pins
RUN-1001 : 22 nets have [11 - 20] pins
RUN-1001 : 8 nets have [21 - 99] pins
RUN-1001 : 4 nets have 100+ pins
RUN-1001 : Report Control nets information:
RUN-1001 : DFF Distribution
RUN-1001 : ----------------------------------
RUN-1001 :   CE   |  SSR  |  ASR  |  DFF Count  
RUN-1001 : ----------------------------------
RUN-1001 :   No   |  No   |  No   |     32      
RUN-1001 :   No   |  No   |  Yes  |     137     
RUN-1001 :   No   |  Yes  |  No   |      0      
RUN-1001 :   Yes  |  No   |  No   |      0      
RUN-1001 :   Yes  |  No   |  Yes  |     112     
RUN-1001 :   Yes  |  Yes  |  No   |      0      
RUN-1001 : ----------------------------------
RUN-0007 : Control Group Statistic
RUN-0007 : ---------------------------
RUN-0007 :   #CLK  |  #CE  |  #SSR/ASR  
RUN-0007 : ---------------------------
RUN-0007 :    5    |   4   |     5      
RUN-0007 : ---------------------------
RUN-0007 : Control Set = 12
PHY-3001 : Initial placement ...
PHY-3001 : design contains 750 instances, 322 luts, 281 seqs, 116 slices, 21 macros(116 instances: 68 mslices 48 lslices)
PHY-0007 : Cell area utilization is 2%
PHY-3001 : Global placement ...
PHY-3001 : Initial: Len = 218220
PHY-3001 : Clustering ...
PHY-3001 : Level 0 #clusters 750.
PHY-3001 : End clustering;  0.000060s wall, 0.000000s user + 0.000000s system = 0.000000s CPU (n/a%)

PHY-3001 : Run with size of 4
PHY-3001 : Cell area utilization is 2%
PHY-3001 : :::0::: Try harder cell spreading with beta_ = 0
PHY-3002 : Step(1): len = 134624, overlap = 2.25
PHY-3002 : Step(2): len = 95331.1, overlap = 2.25
PHY-3002 : Step(3): len = 64736.1, overlap = 2.25
PHY-3002 : Step(4): len = 48177.2, overlap = 0
PHY-3002 : Step(5): len = 40863.4, overlap = 2.25
PHY-3002 : Step(6): len = 35988, overlap = 2.25
PHY-3002 : Step(7): len = 30052.7, overlap = 0
PHY-3002 : Step(8): len = 28347.2, overlap = 2.25
PHY-3002 : Step(9): len = 27757.5, overlap = 2.25
PHY-3002 : Step(10): len = 25248.6, overlap = 2.25
PHY-3002 : Step(11): len = 24590.7, overlap = 2.25
PHY-3002 : Step(12): len = 22213.9, overlap = 2.25
PHY-3002 : Step(13): len = 21966.7, overlap = 2.25
PHY-3002 : Step(14): len = 20404.6, overlap = 2.25
PHY-3001 : :::1::: Try harder cell spreading with beta_ = 0.00142709
PHY-3002 : Step(15): len = 20449.4, overlap = 2.25
PHY-3002 : Step(16): len = 20371.2, overlap = 2.25
PHY-3002 : Step(17): len = 20305.4, overlap = 2.25
PHY-3001 : :::2::: Try harder cell spreading with beta_ = 0.00285419
PHY-3002 : Step(18): len = 20290, overlap = 2.25
PHY-3002 : Step(19): len = 20253.1, overlap = 2.25
PHY-3001 : Legalization ...
PHY-3001 : End legalization;  0.005309s wall, 0.015625s user + 0.000000s system = 0.015625s CPU (294.3%)

PHY-3001 : Run with size of 4
PHY-3001 : Cell area utilization is 3%
PHY-3001 : :::0::: Try harder cell spreading with beta_ = 0
PHY-3002 : Step(20): len = 19655.2, overlap = 4.5625
PHY-3002 : Step(21): len = 19816.8, overlap = 4.75
PHY-3002 : Step(22): len = 19648.1, overlap = 7.59375
PHY-3002 : Step(23): len = 19904.1, overlap = 8.03125
PHY-3002 : Step(24): len = 18553.3, overlap = 7.71875
PHY-3002 : Step(25): len = 18349.2, overlap = 10.4062
PHY-3002 : Step(26): len = 18428.2, overlap = 16.9688
PHY-3002 : Step(27): len = 17602.3, overlap = 18.7812
PHY-3002 : Step(28): len = 16644, overlap = 16.5
PHY-3002 : Step(29): len = 16473.7, overlap = 16.125
PHY-3002 : Step(30): len = 16532.9, overlap = 15.3438
PHY-3002 : Step(31): len = 16199.5, overlap = 15.8125
PHY-3002 : Step(32): len = 15791.2, overlap = 19.2812
PHY-3002 : Step(33): len = 15854.9, overlap = 18.875
PHY-3002 : Step(34): len = 15880.7, overlap = 17.8125
PHY-3001 : :::1::: Try harder cell spreading with beta_ = 0.000271233
PHY-3002 : Step(35): len = 15947.3, overlap = 12.75
PHY-3002 : Step(36): len = 16189.1, overlap = 12.1562
PHY-3002 : Step(37): len = 16356.3, overlap = 11.2812
PHY-3001 : :::2::: Try harder cell spreading with beta_ = 0.000542466
PHY-3002 : Step(38): len = 15449.9, overlap = 11.5938
PHY-3002 : Step(39): len = 15434, overlap = 10.8438
PHY-3002 : Step(40): len = 15468.7, overlap = 10.9688
PHY-3001 : Run with size of 2
PHY-3001 : Cell area utilization is 3%
PHY-3001 : :::0::: Try harder cell spreading with beta_ = 1.2901e-05
PHY-3002 : Step(41): len = 15996, overlap = 34.0625
PHY-3002 : Step(42): len = 16095.2, overlap = 33.8438
PHY-3002 : Step(43): len = 16180.4, overlap = 34.125
PHY-3002 : Step(44): len = 16334.7, overlap = 31.6562
PHY-3002 : Step(45): len = 16633.6, overlap = 29.2812
PHY-3001 : :::1::: Try harder cell spreading with beta_ = 2.58019e-05
PHY-3002 : Step(46): len = 16391.1, overlap = 27.9688
PHY-3002 : Step(47): len = 16453.3, overlap = 27.6562
PHY-3002 : Step(48): len = 16590.4, overlap = 26.25
PHY-3001 : :::2::: Try harder cell spreading with beta_ = 5.16039e-05
PHY-3002 : Step(49): len = 16736.7, overlap = 24.25
PHY-3002 : Step(50): len = 16881.1, overlap = 24.0312
PHY-3002 : Step(51): len = 17050.8, overlap = 24.0625
PHY-3001 : :::3::: Try harder cell spreading with beta_ = 0.000103208
PHY-3002 : Step(52): len = 16923.9, overlap = 23.5312
PHY-3002 : Step(53): len = 17018.2, overlap = 23.0938
PHY-3002 : Step(54): len = 17161.7, overlap = 23.3438
OPT-1001 : Start physical optimization ...
OPT-1001 : Total overflow 46.03 peak overflow 3.16
OPT-1001 : Start high-fanout net optimization ...
OPT-1001 : Update timing in global mode
PHY-1001 : Start incremental global routing, caller is place ...
RUN-1001 : Generating global routing grids ...
RUN-1001 : Building simple global routing graph ...
PHY-1001 : Generate routing nets ...
PHY-1001 : Reuse net number 0/944.
PHY-1001 : Global iterations in 16 thread ...
PHY-1002 : len = 19336, over cnt = 79(0%), over = 372, worst = 21
PHY-1001 : End global iterations;  0.039100s wall, 0.062500s user + 0.046875s system = 0.109375s CPU (279.7%)

PHY-1001 : Congestion index: top1 = 29.59, top5 = 11.82, top10 = 6.83, top15 = 4.60.
PHY-1001 : End incremental global routing;  0.089552s wall, 0.109375s user + 0.046875s system = 0.156250s CPU (174.5%)

RUN-1002 : start command "start_timer -report"
TMR-5001 WARNING: No sdc constraints found while initiating timer.
TMR-2505 : Start building timing graph for model rx_top.
TMR-2506 : Build timing graph completely. Port num: 8, tpin num: 3573, tnet num: 942, tinst num: 750, tnode num: 4554, tedge num: 5916.
TMR-2509 : Cut connection from TX_Pin_Out_syn_17.a to TX_Pin_Out_syn_17.o.
TMR-2509 : Cut connection from U8/reg0_syn_21.c to U8/reg0_syn_21.o.
TMR-2509 : Cut connection from U8/reg0_syn_20.c to U8/reg0_syn_20.o.
TMR-2509 : Cut connection from U7/Count_BPS_b[11]_syn_1.a to U7/Count_BPS_b[11]_syn_1.o.
TMR-2509 : Cut connection from U7/Count_BPS_b[12]_syn_8.a to U7/Count_BPS_b[12]_syn_8.o.
TMR-2509 : Cut connection from U8/reg0_syn_14.a to U8/reg0_syn_14.o.
TMR-2509 : Cut connection from U7/Count_BPS_b[7]_syn_1.a to U7/Count_BPS_b[7]_syn_1.o.
TMR-2509 : Cut connection from U7/Count_BPS_b[8]_syn_1.a to U7/Count_BPS_b[8]_syn_1.o.
TMR-2509 : Cut connection from U7/Count_BPS_b[9]_syn_1.a to U7/Count_BPS_b[9]_syn_1.o.
TMR-2509 : Cut connection from U7/Count_BPS_b[12]_syn_7.b to U7/Count_BPS_b[12]_syn_7.o.
TMR-2509 : Cut connection from U8/rTX_reg_syn_17.b to U8/rTX_reg_syn_17.o.
TMR-2509 : Cut connection from U3/rData[0]_syn_96.fci to U3/rData[0]_syn_96.f[0].
TMR-2509 : Cut connection from U3/rData[0]_syn_96.d[0] to U3/rData[0]_syn_96.f[0].
TMR-2509 : Cut connection from U6/sum[7]_syn_3.a to U6/sum[7]_syn_3.o.
TMR-2509 : Cut connection from U6/rTX_Data_b[0]_syn_9.a to U6/rTX_Data_b[0]_syn_9.o.
TMR-2509 : Cut connection from U6/rTX_Data_b[0]_syn_9.b to U6/rTX_Data_b[0]_syn_9.o.
TMR-2509 : Cut connection from U6/rTX_Data_b[0]_syn_9.d to U6/rTX_Data_b[0]_syn_9.o.
TMR-2509 : Cut connection from U6/rTX_Data_b[0]_syn_9.e to U6/rTX_Data_b[0]_syn_9.o.
TMR-2509 : Cut connection from U6/rTX_Data_b[0]_syn_15.e to U6/rTX_Data_b[0]_syn_15.o.
TMR-2509 : Cut connection from U6/rTX_Data_b[0]_syn_15.b to U6/rTX_Data_b[0]_syn_15.o.
TMR-2509 : Cut connection from U6/rTX_Data_b[0]_syn_15.c to U6/rTX_Data_b[0]_syn_15.o.
TMR-2509 : Cut connection from U6/rTX_Data_b[0]_syn_15.d to U6/rTX_Data_b[0]_syn_15.o.
TMR-2509 : Cut connection from U6/rTX_Data_b[0]_syn_17.a to U6/rTX_Data_b[0]_syn_17.o.
TMR-2509 : Cut connection from U6/rTX_Data_b[0]_syn_17.c to U6/rTX_Data_b[0]_syn_17.o.
TMR-2509 : Cut connection from U6/rTX_Data_b[0]_syn_17.d to U6/rTX_Data_b[0]_syn_17.o.
TMR-2509 : Cut connection from U6/rTX_Data_b[0]_syn_17.e to U6/rTX_Data_b[0]_syn_17.o.
TMR-2509 : Cut connection from U6/rTX_Data_b[1]_syn_1.a to U6/rTX_Data_b[1]_syn_1.o.
TMR-2509 : Cut connection from U6/rTX_Data_b[1]_syn_1.c to U6/rTX_Data_b[1]_syn_1.o.
TMR-2509 : Cut connection from U6/rTX_Data_b[1]_syn_1.d to U6/rTX_Data_b[1]_syn_1.o.
TMR-2509 : Cut connection from U6/rTX_Data_b[6]_syn_1.a to U6/rTX_Data_b[6]_syn_1.o.
TMR-2509 : Cut connection from U6/rTX_Data_b[6]_syn_1.b to U6/rTX_Data_b[6]_syn_1.o.
TMR-2509 : Cut connection from U6/rTX_Data_b[6]_syn_1.d to U6/rTX_Data_b[6]_syn_1.o.
TMR-2509 : Cut connection from U6/rTX_Data_b[7]_syn_1.a to U6/rTX_Data_b[7]_syn_1.o.
TMR-2509 : Cut connection from U6/rTX_Data_b[7]_syn_1.b to U6/rTX_Data_b[7]_syn_1.o.
TMR-2509 : Cut connection from U6/rTX_Data_b[0]_syn_12.a to U6/rTX_Data_b[0]_syn_12.o.
TMR-2509 : Cut connection from U6/rTX_Data_b[0]_syn_12.b to U6/rTX_Data_b[0]_syn_12.o.
TMR-2509 : Cut connection from U6/rTX_Data_b[0]_syn_12.d to U6/rTX_Data_b[0]_syn_12.o.
TMR-2509 : Cut connection from U6/rTX_Data_b[0]_syn_12.e to U6/rTX_Data_b[0]_syn_12.o.
TMR-2509 : Cut connection from U6/rTX_Data_b[0]_syn_14.a to U6/rTX_Data_b[0]_syn_14.o.
TMR-2509 : Cut connection from U6/rTX_Data_b[0]_syn_14.c to U6/rTX_Data_b[0]_syn_14.o.
TMR-2509 : Cut connection from U6/rTX_Data_b[0]_syn_14.d to U6/rTX_Data_b[0]_syn_14.o.
TMR-2509 : Cut connection from U6/rTX_Data_b[0]_syn_14.e to U6/rTX_Data_b[0]_syn_14.o.
TMR-2509 : Cut connection from U6/rTX_Data_b[3]_syn_1.a to U6/rTX_Data_b[3]_syn_1.o.
TMR-2509 : Cut connection from U6/rTX_Data_b[3]_syn_1.c to U6/rTX_Data_b[3]_syn_1.o.
TMR-2509 : Cut connection from U6/rTX_Data_b[3]_syn_1.d to U6/rTX_Data_b[3]_syn_1.o.
TMR-2509 : Cut connection from U6/rTX_Data_b[4]_syn_1.a to U6/rTX_Data_b[4]_syn_1.o.
TMR-2509 : Cut connection from U6/rTX_Data_b[4]_syn_1.c to U6/rTX_Data_b[4]_syn_1.o.
TMR-2509 : Cut connection from U6/rTX_Data_b[0]_syn_10.a to U6/rTX_Data_b[0]_syn_10.o.
TMR-2509 : Cut connection from U6/rTX_Data_b[0]_syn_10.b to U6/rTX_Data_b[0]_syn_10.o.
TMR-2509 : Cut connection from U6/rTX_Data_b[0]_syn_10.d to U6/rTX_Data_b[0]_syn_10.o.
TMR-2509 : Cut connection from U6/rTX_Data_b[0]_syn_10.e to U6/rTX_Data_b[0]_syn_10.o.
TMR-2509 : Cut connection from U3/rData[0]_syn_96.fci to U3/rData[0]_syn_96.fx[0].
TMR-2509 : Cut connection from U3/rData[0]_syn_96.e[0] to U3/rData[0]_syn_96.fx[0].
TMR-2509 : Cut connection from U6/sum[8]_syn_3.a to U6/sum[8]_syn_3.o.
TMR-2509 : Cut connection from U6/rTX_Data_b[0]_syn_7.a to U6/rTX_Data_b[0]_syn_7.o.
TMR-2509 : Cut connection from U6/rTX_Data_b[0]_syn_7.b to U6/rTX_Data_b[0]_syn_7.o.
TMR-2509 : Cut connection from U6/rTX_Data_b[0]_syn_7.c to U6/rTX_Data_b[0]_syn_7.o.
TMR-2509 : Cut connection from U6/rTX_Data_b[0]_syn_7.d to U6/rTX_Data_b[0]_syn_7.o.
TMR-2509 : Cut connection from U3/rData[0]_syn_96.fci to U3/rData[0]_syn_96.fx[1].
TMR-2509 : Cut connection from U3/rData[0]_syn_96.e[1] to U3/rData[0]_syn_96.fx[1].
TMR-2509 : Cut connection from U3/rData[0]_syn_96.d[1] to U3/rData[0]_syn_96.fx[1].
TMR-2509 : Cut connection from U6/sum[10]_syn_3.a to U6/sum[10]_syn_3.o.
TMR-2509 : Cut connection from U3/rData[0]_syn_96.fci to U3/rData[0]_syn_96.fco.
TMR-2509 : Cut connection from U3/rData[0]_syn_96.d[1] to U3/rData[0]_syn_96.fco.
TMR-2509 : Cut connection from U3/rData[0]_syn_97.d[0] to U3/rData[0]_syn_97.f[0].
TMR-2509 : Cut connection from U6/sum[11]_syn_3.a to U6/sum[11]_syn_3.o.
TMR-2509 : Cut connection from U6/rTX_Data_b[0]_syn_1.a to U6/rTX_Data_b[0]_syn_1.o.
TMR-2509 : Cut connection from U6/rTX_Data_b[0]_syn_1.b to U6/rTX_Data_b[0]_syn_1.o.
TMR-2509 : Cut connection from U6/rTX_Data_b[0]_syn_1.c to U6/rTX_Data_b[0]_syn_1.o.
TMR-2509 : Cut connection from U6/rTX_Data_b[0]_syn_1.d to U6/rTX_Data_b[0]_syn_1.o.
TMR-2509 : Cut connection from U6/rTX_Data_b[0]_syn_5.b to U6/rTX_Data_b[0]_syn_5.o.
TMR-2509 : Cut connection from U6/rTX_Data_b[0]_syn_5.d to U6/rTX_Data_b[0]_syn_5.o.
TMR-2509 : Cut connection from U3/rData[0]_syn_97.e[0] to U3/rData[0]_syn_97.fx[0].
TMR-2509 : Cut connection from U6/sum[12]_syn_3.a to U6/sum[12]_syn_3.o.
TMR-2509 : Cut connection from U3/rData[0]_syn_97.e[1] to U3/rData[0]_syn_97.fx[1].
TMR-2509 : Cut connection from U3/rData[0]_syn_97.d[1] to U3/rData[0]_syn_97.fx[1].
TMR-2509 : Cut connection from U6/sum[14]_syn_4.a to U6/sum[14]_syn_4.o.
TMR-2509 : Cut connection from U6/rTX_Data_b[0]_syn_3.a to U6/rTX_Data_b[0]_syn_3.o.
TMR-2509 : Cut connection from U6/rTX_Data_b[0]_syn_3.c to U6/rTX_Data_b[0]_syn_3.o.
TMR-2509 : Cut connection from U3/rData[0]_syn_97.d[1] to U3/rData[0]_syn_97.fco.
TMR-2509 : Cut connection from U3/rData[0]_syn_98.d[0] to U3/rData[0]_syn_98.f[0].
TMR-2509 : Cut connection from U6/sum[15]_syn_3.a to U6/sum[15]_syn_3.o.
TMR-2509 : Cut connection from U3/rData[0]_syn_97.d[1] to U3/rData[0]_syn_97.f[1].
TMR-2509 : Cut connection from U6/sum[13]_syn_3.a to U6/sum[13]_syn_3.o.
TMR-2509 : Cut connection from U3/rData[0]_syn_96.fci to U3/rData[0]_syn_96.f[1].
TMR-2509 : Cut connection from U3/rData[0]_syn_96.d[1] to U3/rData[0]_syn_96.f[1].
TMR-2509 : Cut connection from U6/sum[9]_syn_3.a to U6/sum[9]_syn_3.o.
TMR-2509 : Cut connection from U3/rData[0]_syn_95.fci to U3/rData[0]_syn_95.f[1].
TMR-2509 : Cut connection from U3/rData[0]_syn_95.d[1] to U3/rData[0]_syn_95.f[1].
TMR-2509 : Cut connection from U3/rData[0]_syn_95.d[0] to U3/rData[0]_syn_95.f[1].
TMR-2509 : Cut connection from U6/sum[5]_syn_3.a to U6/sum[5]_syn_3.o.
TMR-2509 : Cut connection from U3/rData[0]_syn_95.fci to U3/rData[0]_syn_95.fx[1].
TMR-2509 : Cut connection from U3/rData[0]_syn_95.e[1] to U3/rData[0]_syn_95.fx[1].
TMR-2509 : Cut connection from U3/rData[0]_syn_95.e[0] to U3/rData[0]_syn_95.fx[1].
TMR-2509 : Cut connection from U3/rData[0]_syn_95.d[0] to U3/rData[0]_syn_95.fx[1].
TMR-2509 : Cut connection from U6/sum[6]_syn_3.a to U6/sum[6]_syn_3.o.
TMR-2509 : Cut connection from U3/rData[0]_syn_95.fci to U3/rData[0]_syn_95.fco.
TMR-2509 : Cut connection from U3/rData[0]_syn_95.e[0] to U3/rData[0]_syn_95.fco.
TMR-2509 : Cut connection from U3/rData[0]_syn_95.d[0] to U3/rData[0]_syn_95.fco.
TMR-2509 : Cut connection from U3/rData[0]_syn_95.fci to U3/rData[0]_syn_95.fx[0].
TMR-2509 : Cut connection from U3/rData[0]_syn_95.e[0] to U3/rData[0]_syn_95.fx[0].
TMR-2509 : Cut connection from U3/rData[0]_syn_95.d[0] to U3/rData[0]_syn_95.fx[0].
TMR-2509 : Cut connection from U6/sum[4]_syn_3.a to U6/sum[4]_syn_3.o.
TMR-2509 : Cut connection from U3/rData[0]_syn_95.fci to U3/rData[0]_syn_95.f[0].
TMR-2509 : Cut connection from U3/rData[0]_syn_95.d[0] to U3/rData[0]_syn_95.f[0].
TMR-2509 : Cut connection from U6/sum[3]_syn_3.a to U6/sum[3]_syn_3.o.
TMR-2509 : Cut connection from U3/rData[0]_syn_94.d[1] to U3/rData[0]_syn_94.f[1].
TMR-2509 : Cut connection from U6/sum[1]_syn_3.a to U6/sum[1]_syn_3.o.
TMR-2509 : Cut connection from U3/rData[0]_syn_94.e[1] to U3/rData[0]_syn_94.fx[1].
TMR-2509 : Cut connection from U3/rData[0]_syn_94.e[0] to U3/rData[0]_syn_94.fx[1].
TMR-2509 : Cut connection from U6/sum[2]_syn_3.a to U6/sum[2]_syn_3.o.
TMR-2509 : Cut connection from U3/rData[0]_syn_94.e[0] to U3/rData[0]_syn_94.fco.
TMR-2509 : Cut connection from U3/rData[0]_syn_94.e[0] to U3/rData[0]_syn_94.fx[0].
TMR-2509 : Cut connection from U6/sum[0]_syn_3.a to U6/sum[0]_syn_3.o.
TMR-2509 : Cut connection from U6/sum[14]_syn_3.a to U6/sum[14]_syn_3.o.
TMR-2509 : Cut connection from U6/sum[14]_syn_3.b to U6/sum[14]_syn_3.o.
TMR-2509 : Cut connection from U6/sample_count_b[0]_syn_1.a to U6/sample_count_b[0]_syn_1.o.
TMR-2509 : Cut connection from U6/sample_count_b[1]_syn_1.a to U6/sample_count_b[1]_syn_1.o.
TMR-2507 : Eliminate loop in the timing graph, delete 118 tedges.
TMR-2508 : Levelizing timing graph completed, there are 34 levels in total.
TMR-2501 : Timing graph initialized successfully.
OPT-1001 : End timing update;  0.132540s wall, 0.125000s user + 0.000000s system = 0.125000s CPU (94.3%)

OPT-1001 : 0 high-fanout net processed.
OPT-1001 : End high-fanout net optimization;  0.237005s wall, 0.250000s user + 0.046875s system = 0.296875s CPU (125.3%)

OPT-1001 : Current memory(MB): used = 164, reserve = 126, peak = 164.
OPT-1001 : End physical optimization;  0.246300s wall, 0.265625s user + 0.046875s system = 0.312500s CPU (126.9%)

PHY-3001 : Start packing ...
SYN-4007 : Packing 0 MUX to BLE ...
SYN-4008 : Packed 0 MUX and 0 SEQ to BLE.
SYN-4007 : Packing 322 LUT to BLE ...
SYN-4008 : Packed 322 LUT and 128 SEQ to BLE.
SYN-4003 : Packing 153 remaining SEQ's ...
SYN-4005 : Packed 83 SEQ with LUT/SLICE
SYN-4006 : 129 single LUT's are left
SYN-4006 : 70 single SEQ's are left
SYN-4011 : Packing model "rx_top" (AL_USER_NORMAL) with 392/591 primitive instances ...
PHY-3001 : End packing;  0.036127s wall, 0.031250s user + 0.000000s system = 0.031250s CPU (86.5%)

PHY-1001 : Populate physical database on model rx_top.
RUN-1001 : There are total 373 instances
RUN-1001 : 170 mslices, 170 lslices, 25 pads, 1 brams, 0 dsps
RUN-1001 : There are total 821 nets
RUN-1001 : 402 nets have 2 pins
RUN-1001 : 322 nets have [3 - 5] pins
RUN-1001 : 63 nets have [6 - 10] pins
RUN-1001 : 21 nets have [11 - 20] pins
RUN-1001 : 12 nets have [21 - 99] pins
RUN-1001 : 1 nets have 100+ pins
PHY-3001 : design contains 371 instances, 340 slices, 21 macros(116 instances: 68 mslices 48 lslices)
PHY-3001 : Cell area utilization is 4%
PHY-3001 : After packing: Len = 17561.8, Over = 27
PHY-3001 : Run with size of 2
PHY-3001 : Cell area utilization is 4%
PHY-3001 : :::0::: Try harder cell spreading with beta_ = 1.4922e-05
PHY-3002 : Step(55): len = 16787.7, overlap = 29.75
PHY-3002 : Step(56): len = 16817.9, overlap = 29.5
PHY-3002 : Step(57): len = 16629.5, overlap = 30.25
PHY-3002 : Step(58): len = 16610.2, overlap = 30
PHY-3002 : Step(59): len = 16495.4, overlap = 28.25
PHY-3001 : :::1::: Try harder cell spreading with beta_ = 2.98439e-05
PHY-3002 : Step(60): len = 16616, overlap = 27.25
PHY-3002 : Step(61): len = 16616, overlap = 27.25
PHY-3002 : Step(62): len = 16557, overlap = 25.75
PHY-3001 : :::2::: Try harder cell spreading with beta_ = 5.96879e-05
PHY-3002 : Step(63): len = 17305.5, overlap = 23.25
PHY-3002 : Step(64): len = 17305.5, overlap = 23.25
PHY-3002 : Step(65): len = 17126.4, overlap = 21.75
PHY-3001 : Legalization ...
PHY-3001 : End legalization;  0.127089s wall, 0.140625s user + 0.187500s system = 0.328125s CPU (258.2%)

PHY-3001 : Trial Legalized: Len = 25274
PHY-3001 : Run with size of 2
PHY-3001 : Cell area utilization is 4%
PHY-3001 : :::0::: Try harder cell spreading with beta_ = 0.000582864
PHY-3002 : Step(66): len = 22389.9, overlap = 4.75
PHY-3002 : Step(67): len = 21442.8, overlap = 5.5
PHY-3002 : Step(68): len = 20570.1, overlap = 9
PHY-3002 : Step(69): len = 19933.7, overlap = 9.75
PHY-3002 : Step(70): len = 19569.8, overlap = 11.5
PHY-3002 : Step(71): len = 19581.3, overlap = 11
PHY-3002 : Step(72): len = 19593.6, overlap = 10.5
PHY-3001 : :::1::: Try harder cell spreading with beta_ = 0.00116573
PHY-3002 : Step(73): len = 19524.6, overlap = 10.5
PHY-3002 : Step(74): len = 19471.3, overlap = 10.75
PHY-3001 : :::2::: Try harder cell spreading with beta_ = 0.00233146
PHY-3002 : Step(75): len = 19478.2, overlap = 11.25
PHY-3002 : Step(76): len = 19471.1, overlap = 11.5
PHY-3001 : Legalization ...
PHY-3001 : End legalization;  0.005436s wall, 0.015625s user + 0.000000s system = 0.015625s CPU (287.5%)

PHY-3001 : Legalized: Len = 22858.1, Over = 0
PHY-3001 : Spreading special nets. 5 overflows in 2952 tiles.
PHY-3001 : End spreading;  0.003108s wall, 0.000000s user + 0.000000s system = 0.000000s CPU (n/a%)

PHY-3001 : 8 instances has been re-located, deltaX = 1, deltaY = 7, maxDist = 1.
PHY-3001 : Final: Len = 23024.1, Over = 0
OPT-1001 : Start physical optimization ...
OPT-1001 : Total overflow 0.00 peak overflow 0.00
OPT-1001 : Start high-fanout net optimization ...
OPT-1001 : Update timing in global mode
PHY-1001 : Start incremental global routing, caller is place ...
RUN-1001 : Generating global routing grids ...
PHY-1001 : Generate routing nets ...
PHY-1001 : Reuse net number 21/821.
PHY-1001 : Global iterations in 16 thread ...
PHY-1002 : len = 26528, over cnt = 92(0%), over = 147, worst = 6
PHY-1002 : len = 27016, over cnt = 56(0%), over = 86, worst = 4
PHY-1002 : len = 28184, over cnt = 6(0%), over = 8, worst = 2
PHY-1002 : len = 28248, over cnt = 2(0%), over = 2, worst = 1
PHY-1002 : len = 28280, over cnt = 0(0%), over = 0, worst = 0
PHY-1001 : End global iterations;  0.093750s wall, 0.093750s user + 0.046875s system = 0.140625s CPU (150.0%)

PHY-1001 : Congestion index: top1 = 27.20, top5 = 14.76, top10 = 9.08, top15 = 6.39.
PHY-1001 : End incremental global routing;  0.150639s wall, 0.156250s user + 0.046875s system = 0.203125s CPU (134.8%)

RUN-1002 : start command "start_timer -report"
TMR-5001 WARNING: No sdc constraints found while initiating timer.
TMR-2505 : Start building timing graph for model rx_top.
TMR-2506 : Build timing graph completely. Port num: 8, tpin num: 3157, tnet num: 819, tinst num: 371, tnode num: 3877, tedge num: 5467.
TMR-2509 : Cut connection from U7/reg0_syn_85.d[0] to U7/reg0_syn_85.Q_q[0]_D.
TMR-2509 : Cut connection from U7/reg0_syn_85.d[1] to U7/reg0_syn_85.Q_q[1]_D.
TMR-2509 : Cut connection from U8/rTX_reg_syn_43.d[0] to U8/rTX_reg_syn_43.Q_q[0]_D.
TMR-2509 : Cut connection from U7/BPS_CLK_n_syn_5.b[0] to U7/BPS_CLK_n_syn_5.Q_q[0]_D.
TMR-2509 : Cut connection from U8/reg0_syn_50.c[0] to U8/reg0_syn_50.Q_q[0]_D.
TMR-2509 : Cut connection from U7/reg0_syn_79.d[0] to U7/reg0_syn_79.Q_q[0]_D.
TMR-2509 : Cut connection from U7/reg0_syn_79.d[1] to U7/reg0_syn_79.Q_q[1]_D.
TMR-2509 : Cut connection from U7/reg0_syn_82.d[0] to U7/reg0_syn_82.Q_q[0]_D.
TMR-2509 : Cut connection from U7/reg0_syn_82.d[1] to U7/reg0_syn_82.Q_q[1]_D.
TMR-2509 : Cut connection from U7/reg0_syn_70.d[0] to U7/reg0_syn_70.Q_q[0]_D.
TMR-2509 : Cut connection from U7/reg0_syn_76.d[0] to U7/reg0_syn_76.Q_q[0]_D.
TMR-2509 : Cut connection from U7/reg0_syn_76.d[1] to U7/reg0_syn_76.Q_q[1]_D.
TMR-2509 : Cut connection from U7/Count_BPS_b[12]_syn_21.d[0] to U7/Count_BPS_b[12]_syn_21.Q_q[0]_D.
TMR-2509 : Cut connection from U7/reg0_syn_73.d[1] to U7/reg0_syn_73.Q_q[1]_D.
TMR-2509 : Cut connection from U7/reg0_syn_73.d[0] to U7/reg0_syn_73.Q_q[0]_D.
TMR-2509 : Cut connection from U3/rData[0]_syn_96.fci to U3/rData[0]_syn_96.fx[0].
TMR-2509 : Cut connection from U3/rData[0]_syn_96.e[0] to U3/rData[0]_syn_96.fx[0].
TMR-2509 : Cut connection from U3/rData[0]_syn_96.d[0] to U3/rData[0]_syn_96.fx[0].
TMR-2509 : Cut connection from U6/sum[13]_syn_11.d[0] to U6/sum[13]_syn_11.f[0].
TMR-2509 : Cut connection from U6/sum[7]_syn_11.a[0] to U6/sum[7]_syn_11.f[0].
TMR-2509 : Cut connection from U6/sum[7]_syn_11.b[0] to U6/sum[7]_syn_11.f[0].
TMR-2509 : Cut connection from U6/sum[7]_syn_11.c[0] to U6/sum[7]_syn_11.f[0].
TMR-2509 : Cut connection from U6/sum[7]_syn_11.d[0] to U6/sum[7]_syn_11.f[0].
TMR-2509 : Cut connection from U6/reg0_syn_43.b[1] to U6/reg0_syn_43.Q_q[0]_D.
TMR-2509 : Cut connection from U6/reg0_syn_43.b[0] to U6/reg0_syn_43.Q_q[0]_D.
TMR-2509 : Cut connection from U6/reg0_syn_43.c[0] to U6/reg0_syn_43.Q_q[0]_D.
TMR-2509 : Cut connection from U6/reg0_syn_43.c[1] to U6/reg0_syn_43.Q_q[0]_D.
TMR-2509 : Cut connection from U6/reg0_syn_43.d[0] to U6/reg0_syn_43.Q_q[0]_D.
TMR-2509 : Cut connection from U6/reg0_syn_43.d[1] to U6/reg0_syn_43.Q_q[0]_D.
TMR-2509 : Cut connection from U6/reg0_syn_43.mi[0] to U6/reg0_syn_43.Q_q[0]_D.
TMR-2509 : Cut connection from U6/reg0_syn_43.b[1] to U6/reg0_syn_43.fx[0].
TMR-2509 : Cut connection from U6/reg0_syn_43.b[0] to U6/reg0_syn_43.fx[0].
TMR-2509 : Cut connection from U6/reg0_syn_43.c[0] to U6/reg0_syn_43.fx[0].
TMR-2509 : Cut connection from U6/reg0_syn_43.c[1] to U6/reg0_syn_43.fx[0].
TMR-2509 : Cut connection from U6/reg0_syn_43.d[0] to U6/reg0_syn_43.fx[0].
TMR-2509 : Cut connection from U6/reg0_syn_43.d[1] to U6/reg0_syn_43.fx[0].
TMR-2509 : Cut connection from U6/reg0_syn_43.mi[0] to U6/reg0_syn_43.fx[0].
TMR-2509 : Cut connection from U6/rTX_Data_b[0]_syn_36.e[1] to U6/rTX_Data_b[0]_syn_36.f[1].
TMR-2509 : Cut connection from U6/rTX_Data_b[0]_syn_36.b[1] to U6/rTX_Data_b[0]_syn_36.f[1].
TMR-2509 : Cut connection from U6/rTX_Data_b[0]_syn_36.c[1] to U6/rTX_Data_b[0]_syn_36.f[1].
TMR-2509 : Cut connection from U6/rTX_Data_b[0]_syn_36.d[1] to U6/rTX_Data_b[0]_syn_36.f[1].
TMR-2509 : Cut connection from U6/reg0_syn_47.a[0] to U6/reg0_syn_47.Q_q[0]_D.
TMR-2509 : Cut connection from U6/reg0_syn_47.c[0] to U6/reg0_syn_47.Q_q[0]_D.
TMR-2509 : Cut connection from U6/reg0_syn_47.d[0] to U6/reg0_syn_47.Q_q[0]_D.
TMR-2509 : Cut connection from U6/reg0_syn_47.e[0] to U6/reg0_syn_47.Q_q[0]_D.
TMR-2509 : Cut connection from U6/reg0_syn_50.a[1] to U6/reg0_syn_50.Q_q[1]_D.
TMR-2509 : Cut connection from U6/reg0_syn_50.c[1] to U6/reg0_syn_50.Q_q[1]_D.
TMR-2509 : Cut connection from U6/reg0_syn_50.d[1] to U6/reg0_syn_50.Q_q[1]_D.
TMR-2509 : Cut connection from U6/rTX_Data_b[0]_syn_39.b[0] to U6/rTX_Data_b[0]_syn_39.f[0].
TMR-2509 : Cut connection from U6/rTX_Data_b[0]_syn_39.c[0] to U6/rTX_Data_b[0]_syn_39.f[0].
TMR-2509 : Cut connection from U6/rTX_Data_b[0]_syn_39.d[0] to U6/rTX_Data_b[0]_syn_39.f[0].
TMR-2509 : Cut connection from U6/rTX_Data_b[0]_syn_39.e[0] to U6/rTX_Data_b[0]_syn_39.f[0].
TMR-2509 : Cut connection from U6/rTX_Data_b[0]_syn_36.b[0] to U6/rTX_Data_b[0]_syn_36.Q_q[0]_D.
TMR-2509 : Cut connection from U6/rTX_Data_b[0]_syn_36.c[0] to U6/rTX_Data_b[0]_syn_36.Q_q[0]_D.
TMR-2509 : Cut connection from U6/rTX_Data_b[0]_syn_36.d[0] to U6/rTX_Data_b[0]_syn_36.Q_q[0]_D.
TMR-2509 : Cut connection from U6/rTX_Data_b[0]_syn_36.e[0] to U6/rTX_Data_b[0]_syn_36.Q_q[0]_D.
TMR-2509 : Cut connection from U6/rTX_Data_b[0]_syn_36.b[0] to U6/rTX_Data_b[0]_syn_36.f[0].
TMR-2509 : Cut connection from U6/rTX_Data_b[0]_syn_36.c[0] to U6/rTX_Data_b[0]_syn_36.f[0].
TMR-2509 : Cut connection from U6/rTX_Data_b[0]_syn_36.d[0] to U6/rTX_Data_b[0]_syn_36.f[0].
TMR-2509 : Cut connection from U6/rTX_Data_b[0]_syn_36.e[0] to U6/rTX_Data_b[0]_syn_36.f[0].
TMR-2509 : Cut connection from U6/reg0_syn_50.b[0] to U6/reg0_syn_50.Q_q[0]_D.
TMR-2509 : Cut connection from U6/reg0_syn_50.c[0] to U6/reg0_syn_50.Q_q[0]_D.
TMR-2509 : Cut connection from U6/reg0_syn_50.d[0] to U6/reg0_syn_50.Q_q[0]_D.
TMR-2509 : Cut connection from U6/reg0_syn_53.b[1] to U6/reg0_syn_53.Q_q[1]_D.
TMR-2509 : Cut connection from U6/reg0_syn_53.c[1] to U6/reg0_syn_53.Q_q[1]_D.
TMR-2509 : Cut connection from U6/rTX_Data_b[0]_syn_39.b[1] to U6/rTX_Data_b[0]_syn_39.f[1].
TMR-2509 : Cut connection from U6/rTX_Data_b[0]_syn_39.c[1] to U6/rTX_Data_b[0]_syn_39.f[1].
TMR-2509 : Cut connection from U6/rTX_Data_b[0]_syn_39.d[1] to U6/rTX_Data_b[0]_syn_39.f[1].
TMR-2509 : Cut connection from U6/rTX_Data_b[0]_syn_39.e[1] to U6/rTX_Data_b[0]_syn_39.f[1].
TMR-2509 : Cut connection from U6/reg0_syn_47.b[1] to U6/reg0_syn_47.Q_q[1]_D.
TMR-2509 : Cut connection from U6/reg0_syn_47.c[1] to U6/reg0_syn_47.Q_q[1]_D.
TMR-2509 : Cut connection from U6/reg0_syn_47.d[1] to U6/reg0_syn_47.Q_q[1]_D.
TMR-2509 : Cut connection from U6/reg0_syn_53.b[0] to U6/reg0_syn_53.Q_q[0]_D.
TMR-2509 : Cut connection from U6/reg0_syn_53.c[0] to U6/reg0_syn_53.Q_q[0]_D.
TMR-2509 : Cut connection from U3/rData[0]_syn_96.fci to U3/rData[0]_syn_96.fx[1].
TMR-2509 : Cut connection from U3/rData[0]_syn_96.e[1] to U3/rData[0]_syn_96.fx[1].
TMR-2509 : Cut connection from U3/rData[0]_syn_96.d[1] to U3/rData[0]_syn_96.fx[1].
TMR-2509 : Cut connection from U3/rData[0]_syn_96.d[0] to U3/rData[0]_syn_96.fx[1].
TMR-2509 : Cut connection from U6/sum[10]_syn_11.d[1] to U6/sum[10]_syn_11.f[1].
TMR-2509 : Cut connection from U6/rTX_Data_b[0]_syn_41.a[1] to U6/rTX_Data_b[0]_syn_41.fx[0].
TMR-2509 : Cut connection from U6/rTX_Data_b[0]_syn_41.a[0] to U6/rTX_Data_b[0]_syn_41.fx[0].
TMR-2509 : Cut connection from U6/rTX_Data_b[0]_syn_41.b[1] to U6/rTX_Data_b[0]_syn_41.fx[0].
TMR-2509 : Cut connection from U6/rTX_Data_b[0]_syn_41.b[0] to U6/rTX_Data_b[0]_syn_41.fx[0].
TMR-2509 : Cut connection from U6/rTX_Data_b[0]_syn_41.d[0] to U6/rTX_Data_b[0]_syn_41.fx[0].
TMR-2509 : Cut connection from U6/rTX_Data_b[0]_syn_41.d[1] to U6/rTX_Data_b[0]_syn_41.fx[0].
TMR-2509 : Cut connection from U3/rData[0]_syn_96.fci to U3/rData[0]_syn_96.fco.
TMR-2509 : Cut connection from U3/rData[0]_syn_96.d[1] to U3/rData[0]_syn_96.fco.
TMR-2509 : Cut connection from U3/rData[0]_syn_96.d[0] to U3/rData[0]_syn_96.fco.
TMR-2509 : Cut connection from U3/rData[0]_syn_97.d[0] to U3/rData[0]_syn_97.f[0].
TMR-2509 : Cut connection from U6/sum[10]_syn_11.d[0] to U6/sum[10]_syn_11.f[0].
TMR-2509 : Cut connection from U6/rTX_Data_b[0]_syn_45.a[1] to U6/rTX_Data_b[0]_syn_45.f[1].
TMR-2509 : Cut connection from U6/rTX_Data_b[0]_syn_45.b[1] to U6/rTX_Data_b[0]_syn_45.f[1].
TMR-2509 : Cut connection from U6/rTX_Data_b[0]_syn_45.c[1] to U6/rTX_Data_b[0]_syn_45.f[1].
TMR-2509 : Cut connection from U6/rTX_Data_b[0]_syn_45.d[1] to U6/rTX_Data_b[0]_syn_45.f[1].
TMR-2509 : Cut connection from U3/rData[0]_syn_97.e[0] to U3/rData[0]_syn_97.fx[0].
TMR-2509 : Cut connection from U6/sum[12]_syn_11.d[1] to U6/sum[12]_syn_11.f[1].
TMR-2509 : Cut connection from U6/rTX_Data_b[0]_syn_45.a[0] to U6/rTX_Data_b[0]_syn_45.f[0].
TMR-2509 : Cut connection from U6/rTX_Data_b[0]_syn_45.b[0] to U6/rTX_Data_b[0]_syn_45.f[0].
TMR-2509 : Cut connection from U6/rTX_Data_b[0]_syn_45.c[0] to U6/rTX_Data_b[0]_syn_45.f[0].
TMR-2509 : Cut connection from U3/rData[0]_syn_97.e[1] to U3/rData[0]_syn_97.fx[1].
TMR-2509 : Cut connection from U3/rData[0]_syn_97.d[1] to U3/rData[0]_syn_97.fx[1].
TMR-2509 : Cut connection from U6/sum[14]_syn_14.d[1] to U6/sum[14]_syn_14.f[1].
TMR-2509 : Cut connection from U3/rData[0]_syn_97.d[1] to U3/rData[0]_syn_97.fco.
TMR-2509 : Cut connection from U3/rData[0]_syn_98.d[0] to U3/rData[0]_syn_98.f[0].
TMR-2509 : Cut connection from U6/sum[12]_syn_11.d[0] to U6/sum[12]_syn_11.f[0].
TMR-2509 : Cut connection from U3/rData[0]_syn_97.d[1] to U3/rData[0]_syn_97.f[1].
TMR-2509 : Cut connection from U6/sum[13]_syn_11.d[1] to U6/sum[13]_syn_11.f[1].
TMR-2509 : Cut connection from U8/rTX_reg_syn_46.d[0] to U8/rTX_reg_syn_46.Q_q[0]_D.
TMR-2509 : Cut connection from U8/reg0_syn_50.a[1] to U8/reg0_syn_50.f[1].
TMR-2509 : Cut connection from U8/reg0_syn_47.c[0] to U8/reg0_syn_47.Q_q[0]_D.
TMR-2509 : Cut connection from U8/reg0_syn_47.c[1] to U8/reg0_syn_47.Q_q[0]_D.
TMR-2509 : Cut connection from U3/rData[0]_syn_94.e[0] to U3/rData[0]_syn_94.fx[0].
TMR-2509 : Cut connection from U6/sum[0]_syn_11.d[0] to U6/sum[0]_syn_11.f[0].
TMR-2509 : Cut connection from U3/rData[0]_syn_94.e[1] to U3/rData[0]_syn_94.fx[1].
TMR-2509 : Cut connection from U3/rData[0]_syn_94.d[1] to U3/rData[0]_syn_94.fx[1].
TMR-2509 : Cut connection from U6/sum[1]_syn_11.d[0] to U6/sum[1]_syn_11.f[0].
TMR-2509 : Cut connection from U3/rData[0]_syn_94.d[1] to U3/rData[0]_syn_94.fco.
TMR-2509 : Cut connection from U3/rData[0]_syn_95.d[0] to U3/rData[0]_syn_95.f[0].
TMR-2509 : Cut connection from U6/sum[3]_syn_11.d[1] to U6/sum[3]_syn_11.f[1].
TMR-2509 : Cut connection from U3/rData[0]_syn_95.e[0] to U3/rData[0]_syn_95.fx[0].
TMR-2509 : Cut connection from U6/sum[3]_syn_11.d[0] to U6/sum[3]_syn_11.f[0].
TMR-2509 : Cut connection from U3/rData[0]_syn_95.e[1] to U3/rData[0]_syn_95.fx[1].
TMR-2509 : Cut connection from U3/rData[0]_syn_95.d[1] to U3/rData[0]_syn_95.fx[1].
TMR-2509 : Cut connection from U6/sum[5]_syn_11.d[0] to U6/sum[5]_syn_11.f[0].
TMR-2509 : Cut connection from U3/rData[0]_syn_95.d[1] to U3/rData[0]_syn_95.fco.
TMR-2509 : Cut connection from U3/rData[0]_syn_96.d[0] to U3/rData[0]_syn_96.f[0].
TMR-2509 : Cut connection from U6/sum[7]_syn_11.d[1] to U6/sum[7]_syn_11.f[1].
TMR-2509 : Cut connection from U3/rData[0]_syn_96.d[1] to U3/rData[0]_syn_96.f[1].
TMR-2509 : Cut connection from U6/sum[14]_syn_14.d[0] to U6/sum[14]_syn_14.f[0].
TMR-2509 : Cut connection from U3/rData[0]_syn_95.d[1] to U3/rData[0]_syn_95.f[1].
TMR-2509 : Cut connection from U6/sum[5]_syn_11.d[1] to U6/sum[5]_syn_11.f[1].
TMR-2509 : Cut connection from U7/reg0_syn_70.d[1] to U7/reg0_syn_70.Q_q[1]_D.
TMR-2509 : Cut connection from U7/Count_BPS_b[12]_syn_19.b[0] to U7/Count_BPS_b[12]_syn_19.fx[0].
TMR-2509 : Cut connection from U7/Count_BPS_b[12]_syn_19.b[1] to U7/Count_BPS_b[12]_syn_19.fx[0].
TMR-2509 : Cut connection from U3/rData[0]_syn_94.d[1] to U3/rData[0]_syn_94.f[1].
TMR-2509 : Cut connection from U6/sum[1]_syn_11.d[1] to U6/sum[1]_syn_11.f[1].
TMR-2509 : Cut connection from U6/sample_count_b[1]_syn_9.d[0] to U6/sample_count_b[1]_syn_9.f[0].
TMR-2509 : Cut connection from U6/sample_count_b[1]_syn_9.c[0] to U6/sample_count_b[1]_syn_9.f[0].
TMR-2509 : Cut connection from U6/sample_count_b[0]_syn_9.d[0] to U6/sample_count_b[0]_syn_9.f[0].
TMR-2509 : Cut connection from U6/sample_count_b[1]_syn_9.d[1] to U6/sample_count_b[1]_syn_9.f[1].
TMR-2507 : Eliminate loop in the timing graph, delete 140 tedges.
TMR-2508 : Levelizing timing graph completed, there are 34 levels in total.
TMR-2501 : Timing graph initialized successfully.
OPT-1001 : End timing update;  0.139121s wall, 0.125000s user + 0.015625s system = 0.140625s CPU (101.1%)

OPT-1001 : 0 high-fanout net processed.
OPT-1001 : End high-fanout net optimization;  0.300514s wall, 0.281250s user + 0.062500s system = 0.343750s CPU (114.4%)

OPT-1001 : Current memory(MB): used = 167, reserve = 129, peak = 167.
OPT-1001 : Update timing in Manhattan mode
OPT-1001 : End timing update;  0.000995s wall, 0.015625s user + 0.000000s system = 0.015625s CPU (n/a%)

OPT-1001 : Start pin optimization...
OPT-1001 : skip pin optimization...
RUN-1001 : Generating global routing grids ...
PHY-1001 : Generate routing nets ...
PHY-1001 : Reuse net number 689/821.
PHY-1001 : Global iterations in 16 thread ...
PHY-1002 : len = 28280, over cnt = 0(0%), over = 0, worst = 0
PHY-1001 : End global iterations;  0.002656s wall, 0.000000s user + 0.000000s system = 0.000000s CPU (n/a%)

PHY-1001 : Congestion index: top1 = 27.20, top5 = 14.76, top10 = 9.08, top15 = 6.39.
OPT-1001 : Update timing in Manhattan mode
OPT-1001 : End timing update;  0.001299s wall, 0.015625s user + 0.000000s system = 0.015625s CPU (1203.0%)

RUN-1001 : QoR Analysis:
OPT-0007 :   WNS 2147483647 TNS 0 NUM_FEPS 0
RUN-1001 :   No local congestion issue, and most congested 1% tile average routing util is 26.827586
RUN-1001 :   Top critical paths
OPT-1001 : End physical optimization;  0.370891s wall, 0.359375s user + 0.062500s system = 0.421875s CPU (113.7%)

RUN-1003 : finish command "place" in  2.991078s wall, 3.328125s user + 4.140625s system = 7.468750s CPU (249.7%)

RUN-1004 : used memory is 150 MB, reserved memory is 113 MB, peak memory is 168 MB
RUN-1002 : start command "export_db rx_top_place.db"
RUN-1001 : Exported /
RUN-1001 : Exported flow parameters
RUN-1001 : Exported libs
RUN-1001 : Exported entities
RUN-1001 : Exported ports
RUN-1001 : Exported pins
RUN-1001 : Exported instances
RUN-1001 : Exported nets
RUN-1001 : Exported buses
RUN-1001 : Exported models
RUN-1001 : Exported congestions
RUN-1001 : Exported violations
RUN-1001 : Exported IO constraints
RUN-1001 : Exported Inst constraints
RUN-1001 : Exported ChipWatcher
RUN-1002 : start command "route"
RUN-1001 : Open license file C:/Anlogic/TD5.6.2/license/Anlogic.lic
RUN-1001 : Print Global Property
RUN-1001 : ---------------------------------------------------------------
RUN-1001 :        Parameters        |  Settings  |  Default Values  |  Note  
RUN-1001 : ---------------------------------------------------------------
RUN-1001 :          message         |  standard  |     standard     |        
RUN-1001 :   mixed_pack_place_flow  |     on     |        on        |        
RUN-1001 :        qor_monitor       |    off     |       off        |        
RUN-1001 :        syn_ip_flow       |    off     |       off        |        
RUN-1001 :          thread          |    auto    |       auto       |        
RUN-1001 : ---------------------------------------------------------------
RUN-1001 : Print Route Property
RUN-1001 : -------------------------------------------------------
RUN-1001 :    Parameters    |  Settings  |  Default Values  |  Note  
RUN-1001 : -------------------------------------------------------
RUN-1001 :      effort      |   medium   |      medium      |        
RUN-1001 :     fix_hold     |    off     |       off        |        
RUN-1001 :    opt_timing    |   medium   |      medium      |        
RUN-1001 :   phy_sim_model  |    off     |       off        |        
RUN-1001 :     priority     |   timing   |      timing      |        
RUN-1001 :     swap_pin     |     on     |        on        |        
RUN-1001 : -------------------------------------------------------
PHY-1001 : Route runs in 16 thread(s)
RUN-1001 : There are total 373 instances
RUN-1001 : 170 mslices, 170 lslices, 25 pads, 1 brams, 0 dsps
RUN-1001 : There are total 821 nets
RUN-1001 : 402 nets have 2 pins
RUN-1001 : 322 nets have [3 - 5] pins
RUN-1001 : 63 nets have [6 - 10] pins
RUN-1001 : 21 nets have [11 - 20] pins
RUN-1001 : 12 nets have [21 - 99] pins
RUN-1001 : 1 nets have 100+ pins
RUN-1002 : start command "start_timer -report"
TMR-5001 WARNING: No sdc constraints found while initiating timer.
TMR-2505 : Start building timing graph for model rx_top.
TMR-2506 : Build timing graph completely. Port num: 8, tpin num: 3157, tnet num: 819, tinst num: 371, tnode num: 3877, tedge num: 5467.
TMR-2509 : Cut connection from U7/reg0_syn_85.d[0] to U7/reg0_syn_85.Q_q[0]_D.
TMR-2509 : Cut connection from U7/reg0_syn_85.d[1] to U7/reg0_syn_85.Q_q[1]_D.
TMR-2509 : Cut connection from U8/rTX_reg_syn_43.d[0] to U8/rTX_reg_syn_43.Q_q[0]_D.
TMR-2509 : Cut connection from U7/BPS_CLK_n_syn_5.b[0] to U7/BPS_CLK_n_syn_5.Q_q[0]_D.
TMR-2509 : Cut connection from U8/reg0_syn_50.c[0] to U8/reg0_syn_50.Q_q[0]_D.
TMR-2509 : Cut connection from U7/reg0_syn_79.d[0] to U7/reg0_syn_79.Q_q[0]_D.
TMR-2509 : Cut connection from U7/reg0_syn_79.d[1] to U7/reg0_syn_79.Q_q[1]_D.
TMR-2509 : Cut connection from U7/reg0_syn_82.d[0] to U7/reg0_syn_82.Q_q[0]_D.
TMR-2509 : Cut connection from U7/reg0_syn_82.d[1] to U7/reg0_syn_82.Q_q[1]_D.
TMR-2509 : Cut connection from U7/reg0_syn_70.d[0] to U7/reg0_syn_70.Q_q[0]_D.
TMR-2509 : Cut connection from U7/reg0_syn_76.d[0] to U7/reg0_syn_76.Q_q[0]_D.
TMR-2509 : Cut connection from U7/reg0_syn_76.d[1] to U7/reg0_syn_76.Q_q[1]_D.
TMR-2509 : Cut connection from U7/Count_BPS_b[12]_syn_21.d[0] to U7/Count_BPS_b[12]_syn_21.Q_q[0]_D.
TMR-2509 : Cut connection from U7/reg0_syn_73.d[1] to U7/reg0_syn_73.Q_q[1]_D.
TMR-2509 : Cut connection from U7/reg0_syn_73.d[0] to U7/reg0_syn_73.Q_q[0]_D.
TMR-2509 : Cut connection from U3/rData[0]_syn_96.fci to U3/rData[0]_syn_96.fx[0].
TMR-2509 : Cut connection from U3/rData[0]_syn_96.e[0] to U3/rData[0]_syn_96.fx[0].
TMR-2509 : Cut connection from U3/rData[0]_syn_96.d[0] to U3/rData[0]_syn_96.fx[0].
TMR-2509 : Cut connection from U6/sum[13]_syn_11.d[0] to U6/sum[13]_syn_11.f[0].
TMR-2509 : Cut connection from U6/sum[7]_syn_11.a[0] to U6/sum[7]_syn_11.f[0].
TMR-2509 : Cut connection from U6/sum[7]_syn_11.b[0] to U6/sum[7]_syn_11.f[0].
TMR-2509 : Cut connection from U6/sum[7]_syn_11.c[0] to U6/sum[7]_syn_11.f[0].
TMR-2509 : Cut connection from U6/sum[7]_syn_11.d[0] to U6/sum[7]_syn_11.f[0].
TMR-2509 : Cut connection from U6/reg0_syn_43.b[1] to U6/reg0_syn_43.Q_q[0]_D.
TMR-2509 : Cut connection from U6/reg0_syn_43.b[0] to U6/reg0_syn_43.Q_q[0]_D.
TMR-2509 : Cut connection from U6/reg0_syn_43.c[0] to U6/reg0_syn_43.Q_q[0]_D.
TMR-2509 : Cut connection from U6/reg0_syn_43.c[1] to U6/reg0_syn_43.Q_q[0]_D.
TMR-2509 : Cut connection from U6/reg0_syn_43.d[0] to U6/reg0_syn_43.Q_q[0]_D.
TMR-2509 : Cut connection from U6/reg0_syn_43.d[1] to U6/reg0_syn_43.Q_q[0]_D.
TMR-2509 : Cut connection from U6/reg0_syn_43.mi[0] to U6/reg0_syn_43.Q_q[0]_D.
TMR-2509 : Cut connection from U6/reg0_syn_43.b[1] to U6/reg0_syn_43.fx[0].
TMR-2509 : Cut connection from U6/reg0_syn_43.b[0] to U6/reg0_syn_43.fx[0].
TMR-2509 : Cut connection from U6/reg0_syn_43.c[0] to U6/reg0_syn_43.fx[0].
TMR-2509 : Cut connection from U6/reg0_syn_43.c[1] to U6/reg0_syn_43.fx[0].
TMR-2509 : Cut connection from U6/reg0_syn_43.d[0] to U6/reg0_syn_43.fx[0].
TMR-2509 : Cut connection from U6/reg0_syn_43.d[1] to U6/reg0_syn_43.fx[0].
TMR-2509 : Cut connection from U6/reg0_syn_43.mi[0] to U6/reg0_syn_43.fx[0].
TMR-2509 : Cut connection from U6/rTX_Data_b[0]_syn_36.e[1] to U6/rTX_Data_b[0]_syn_36.f[1].
TMR-2509 : Cut connection from U6/rTX_Data_b[0]_syn_36.b[1] to U6/rTX_Data_b[0]_syn_36.f[1].
TMR-2509 : Cut connection from U6/rTX_Data_b[0]_syn_36.c[1] to U6/rTX_Data_b[0]_syn_36.f[1].
TMR-2509 : Cut connection from U6/rTX_Data_b[0]_syn_36.d[1] to U6/rTX_Data_b[0]_syn_36.f[1].
TMR-2509 : Cut connection from U6/reg0_syn_47.a[0] to U6/reg0_syn_47.Q_q[0]_D.
TMR-2509 : Cut connection from U6/reg0_syn_47.c[0] to U6/reg0_syn_47.Q_q[0]_D.
TMR-2509 : Cut connection from U6/reg0_syn_47.d[0] to U6/reg0_syn_47.Q_q[0]_D.
TMR-2509 : Cut connection from U6/reg0_syn_47.e[0] to U6/reg0_syn_47.Q_q[0]_D.
TMR-2509 : Cut connection from U6/reg0_syn_50.a[1] to U6/reg0_syn_50.Q_q[1]_D.
TMR-2509 : Cut connection from U6/reg0_syn_50.c[1] to U6/reg0_syn_50.Q_q[1]_D.
TMR-2509 : Cut connection from U6/reg0_syn_50.d[1] to U6/reg0_syn_50.Q_q[1]_D.
TMR-2509 : Cut connection from U6/rTX_Data_b[0]_syn_39.b[0] to U6/rTX_Data_b[0]_syn_39.f[0].
TMR-2509 : Cut connection from U6/rTX_Data_b[0]_syn_39.c[0] to U6/rTX_Data_b[0]_syn_39.f[0].
TMR-2509 : Cut connection from U6/rTX_Data_b[0]_syn_39.d[0] to U6/rTX_Data_b[0]_syn_39.f[0].
TMR-2509 : Cut connection from U6/rTX_Data_b[0]_syn_39.e[0] to U6/rTX_Data_b[0]_syn_39.f[0].
TMR-2509 : Cut connection from U6/rTX_Data_b[0]_syn_36.b[0] to U6/rTX_Data_b[0]_syn_36.Q_q[0]_D.
TMR-2509 : Cut connection from U6/rTX_Data_b[0]_syn_36.c[0] to U6/rTX_Data_b[0]_syn_36.Q_q[0]_D.
TMR-2509 : Cut connection from U6/rTX_Data_b[0]_syn_36.d[0] to U6/rTX_Data_b[0]_syn_36.Q_q[0]_D.
TMR-2509 : Cut connection from U6/rTX_Data_b[0]_syn_36.e[0] to U6/rTX_Data_b[0]_syn_36.Q_q[0]_D.
TMR-2509 : Cut connection from U6/rTX_Data_b[0]_syn_36.b[0] to U6/rTX_Data_b[0]_syn_36.f[0].
TMR-2509 : Cut connection from U6/rTX_Data_b[0]_syn_36.c[0] to U6/rTX_Data_b[0]_syn_36.f[0].
TMR-2509 : Cut connection from U6/rTX_Data_b[0]_syn_36.d[0] to U6/rTX_Data_b[0]_syn_36.f[0].
TMR-2509 : Cut connection from U6/rTX_Data_b[0]_syn_36.e[0] to U6/rTX_Data_b[0]_syn_36.f[0].
TMR-2509 : Cut connection from U6/reg0_syn_50.b[0] to U6/reg0_syn_50.Q_q[0]_D.
TMR-2509 : Cut connection from U6/reg0_syn_50.c[0] to U6/reg0_syn_50.Q_q[0]_D.
TMR-2509 : Cut connection from U6/reg0_syn_50.d[0] to U6/reg0_syn_50.Q_q[0]_D.
TMR-2509 : Cut connection from U6/reg0_syn_53.b[1] to U6/reg0_syn_53.Q_q[1]_D.
TMR-2509 : Cut connection from U6/reg0_syn_53.c[1] to U6/reg0_syn_53.Q_q[1]_D.
TMR-2509 : Cut connection from U6/rTX_Data_b[0]_syn_39.b[1] to U6/rTX_Data_b[0]_syn_39.f[1].
TMR-2509 : Cut connection from U6/rTX_Data_b[0]_syn_39.c[1] to U6/rTX_Data_b[0]_syn_39.f[1].
TMR-2509 : Cut connection from U6/rTX_Data_b[0]_syn_39.d[1] to U6/rTX_Data_b[0]_syn_39.f[1].
TMR-2509 : Cut connection from U6/rTX_Data_b[0]_syn_39.e[1] to U6/rTX_Data_b[0]_syn_39.f[1].
TMR-2509 : Cut connection from U6/reg0_syn_47.b[1] to U6/reg0_syn_47.Q_q[1]_D.
TMR-2509 : Cut connection from U6/reg0_syn_47.c[1] to U6/reg0_syn_47.Q_q[1]_D.
TMR-2509 : Cut connection from U6/reg0_syn_47.d[1] to U6/reg0_syn_47.Q_q[1]_D.
TMR-2509 : Cut connection from U6/reg0_syn_53.b[0] to U6/reg0_syn_53.Q_q[0]_D.
TMR-2509 : Cut connection from U6/reg0_syn_53.c[0] to U6/reg0_syn_53.Q_q[0]_D.
TMR-2509 : Cut connection from U3/rData[0]_syn_96.fci to U3/rData[0]_syn_96.fx[1].
TMR-2509 : Cut connection from U3/rData[0]_syn_96.e[1] to U3/rData[0]_syn_96.fx[1].
TMR-2509 : Cut connection from U3/rData[0]_syn_96.d[1] to U3/rData[0]_syn_96.fx[1].
TMR-2509 : Cut connection from U3/rData[0]_syn_96.d[0] to U3/rData[0]_syn_96.fx[1].
TMR-2509 : Cut connection from U6/sum[10]_syn_11.d[1] to U6/sum[10]_syn_11.f[1].
TMR-2509 : Cut connection from U6/rTX_Data_b[0]_syn_41.a[1] to U6/rTX_Data_b[0]_syn_41.fx[0].
TMR-2509 : Cut connection from U6/rTX_Data_b[0]_syn_41.a[0] to U6/rTX_Data_b[0]_syn_41.fx[0].
TMR-2509 : Cut connection from U6/rTX_Data_b[0]_syn_41.b[1] to U6/rTX_Data_b[0]_syn_41.fx[0].
TMR-2509 : Cut connection from U6/rTX_Data_b[0]_syn_41.b[0] to U6/rTX_Data_b[0]_syn_41.fx[0].
TMR-2509 : Cut connection from U6/rTX_Data_b[0]_syn_41.d[0] to U6/rTX_Data_b[0]_syn_41.fx[0].
TMR-2509 : Cut connection from U6/rTX_Data_b[0]_syn_41.d[1] to U6/rTX_Data_b[0]_syn_41.fx[0].
TMR-2509 : Cut connection from U3/rData[0]_syn_96.fci to U3/rData[0]_syn_96.fco.
TMR-2509 : Cut connection from U3/rData[0]_syn_96.d[1] to U3/rData[0]_syn_96.fco.
TMR-2509 : Cut connection from U3/rData[0]_syn_96.d[0] to U3/rData[0]_syn_96.fco.
TMR-2509 : Cut connection from U3/rData[0]_syn_97.d[0] to U3/rData[0]_syn_97.f[0].
TMR-2509 : Cut connection from U6/sum[10]_syn_11.d[0] to U6/sum[10]_syn_11.f[0].
TMR-2509 : Cut connection from U6/rTX_Data_b[0]_syn_45.a[1] to U6/rTX_Data_b[0]_syn_45.f[1].
TMR-2509 : Cut connection from U6/rTX_Data_b[0]_syn_45.b[1] to U6/rTX_Data_b[0]_syn_45.f[1].
TMR-2509 : Cut connection from U6/rTX_Data_b[0]_syn_45.c[1] to U6/rTX_Data_b[0]_syn_45.f[1].
TMR-2509 : Cut connection from U6/rTX_Data_b[0]_syn_45.d[1] to U6/rTX_Data_b[0]_syn_45.f[1].
TMR-2509 : Cut connection from U3/rData[0]_syn_97.e[0] to U3/rData[0]_syn_97.fx[0].
TMR-2509 : Cut connection from U6/sum[12]_syn_11.d[1] to U6/sum[12]_syn_11.f[1].
TMR-2509 : Cut connection from U6/rTX_Data_b[0]_syn_45.a[0] to U6/rTX_Data_b[0]_syn_45.f[0].
TMR-2509 : Cut connection from U6/rTX_Data_b[0]_syn_45.b[0] to U6/rTX_Data_b[0]_syn_45.f[0].
TMR-2509 : Cut connection from U6/rTX_Data_b[0]_syn_45.c[0] to U6/rTX_Data_b[0]_syn_45.f[0].
TMR-2509 : Cut connection from U3/rData[0]_syn_97.e[1] to U3/rData[0]_syn_97.fx[1].
TMR-2509 : Cut connection from U3/rData[0]_syn_97.d[1] to U3/rData[0]_syn_97.fx[1].
TMR-2509 : Cut connection from U6/sum[14]_syn_14.d[1] to U6/sum[14]_syn_14.f[1].
TMR-2509 : Cut connection from U3/rData[0]_syn_97.d[1] to U3/rData[0]_syn_97.fco.
TMR-2509 : Cut connection from U3/rData[0]_syn_98.d[0] to U3/rData[0]_syn_98.f[0].
TMR-2509 : Cut connection from U6/sum[12]_syn_11.d[0] to U6/sum[12]_syn_11.f[0].
TMR-2509 : Cut connection from U3/rData[0]_syn_97.d[1] to U3/rData[0]_syn_97.f[1].
TMR-2509 : Cut connection from U6/sum[13]_syn_11.d[1] to U6/sum[13]_syn_11.f[1].
TMR-2509 : Cut connection from U8/rTX_reg_syn_46.d[0] to U8/rTX_reg_syn_46.Q_q[0]_D.
TMR-2509 : Cut connection from U8/reg0_syn_50.a[1] to U8/reg0_syn_50.f[1].
TMR-2509 : Cut connection from U8/reg0_syn_47.c[0] to U8/reg0_syn_47.Q_q[0]_D.
TMR-2509 : Cut connection from U8/reg0_syn_47.c[1] to U8/reg0_syn_47.Q_q[0]_D.
TMR-2509 : Cut connection from U3/rData[0]_syn_94.e[0] to U3/rData[0]_syn_94.fx[0].
TMR-2509 : Cut connection from U6/sum[0]_syn_11.d[0] to U6/sum[0]_syn_11.f[0].
TMR-2509 : Cut connection from U3/rData[0]_syn_94.e[1] to U3/rData[0]_syn_94.fx[1].
TMR-2509 : Cut connection from U3/rData[0]_syn_94.d[1] to U3/rData[0]_syn_94.fx[1].
TMR-2509 : Cut connection from U6/sum[1]_syn_11.d[0] to U6/sum[1]_syn_11.f[0].
TMR-2509 : Cut connection from U3/rData[0]_syn_94.d[1] to U3/rData[0]_syn_94.fco.
TMR-2509 : Cut connection from U3/rData[0]_syn_95.d[0] to U3/rData[0]_syn_95.f[0].
TMR-2509 : Cut connection from U6/sum[3]_syn_11.d[1] to U6/sum[3]_syn_11.f[1].
TMR-2509 : Cut connection from U3/rData[0]_syn_95.e[0] to U3/rData[0]_syn_95.fx[0].
TMR-2509 : Cut connection from U6/sum[3]_syn_11.d[0] to U6/sum[3]_syn_11.f[0].
TMR-2509 : Cut connection from U3/rData[0]_syn_95.e[1] to U3/rData[0]_syn_95.fx[1].
TMR-2509 : Cut connection from U3/rData[0]_syn_95.d[1] to U3/rData[0]_syn_95.fx[1].
TMR-2509 : Cut connection from U6/sum[5]_syn_11.d[0] to U6/sum[5]_syn_11.f[0].
TMR-2509 : Cut connection from U3/rData[0]_syn_95.d[1] to U3/rData[0]_syn_95.fco.
TMR-2509 : Cut connection from U3/rData[0]_syn_96.d[0] to U3/rData[0]_syn_96.f[0].
TMR-2509 : Cut connection from U6/sum[7]_syn_11.d[1] to U6/sum[7]_syn_11.f[1].
TMR-2509 : Cut connection from U3/rData[0]_syn_96.d[1] to U3/rData[0]_syn_96.f[1].
TMR-2509 : Cut connection from U6/sum[14]_syn_14.d[0] to U6/sum[14]_syn_14.f[0].
TMR-2509 : Cut connection from U3/rData[0]_syn_95.d[1] to U3/rData[0]_syn_95.f[1].
TMR-2509 : Cut connection from U6/sum[5]_syn_11.d[1] to U6/sum[5]_syn_11.f[1].
TMR-2509 : Cut connection from U7/reg0_syn_70.d[1] to U7/reg0_syn_70.Q_q[1]_D.
TMR-2509 : Cut connection from U7/Count_BPS_b[12]_syn_19.b[0] to U7/Count_BPS_b[12]_syn_19.fx[0].
TMR-2509 : Cut connection from U7/Count_BPS_b[12]_syn_19.b[1] to U7/Count_BPS_b[12]_syn_19.fx[0].
TMR-2509 : Cut connection from U3/rData[0]_syn_94.d[1] to U3/rData[0]_syn_94.f[1].
TMR-2509 : Cut connection from U6/sum[1]_syn_11.d[1] to U6/sum[1]_syn_11.f[1].
TMR-2509 : Cut connection from TX_Data_Valid_syn_5.clki to TX_Data_Valid_syn_5.clko.
TMR-2509 : Cut connection from TX_Pin_Out_syn_4.ce to TX_Pin_Out_syn_4.Q_ce_D.
TMR-2509 : Cut connection from U6/sample_count_b[1]_syn_9.d[1] to U6/sample_count_b[1]_syn_9.f[1].
TMR-2509 : Cut connection from U6/sample_count_b[1]_syn_9.c[1] to U6/sample_count_b[1]_syn_9.f[1].
TMR-2509 : Cut connection from U6/sample_count_b[1]_syn_9.c[0] to U6/sample_count_b[1]_syn_9.f[0].
TMR-2509 : Cut connection from U6/sample_count_b[0]_syn_9.d[0] to U6/sample_count_b[0]_syn_9.f[0].
TMR-2507 : Eliminate loop in the timing graph, delete 142 tedges.
TMR-2508 : Levelizing timing graph completed, there are 34 levels in total.
TMR-2501 : Timing graph initialized successfully.
PHY-1001 : 170 mslices, 170 lslices, 25 pads, 1 brams, 0 dsps
TMR-2503 : Start to update net delay, extr mode = 3.
TMR-2504 : Update delay of 819 nets completely.
TMR-2502 : Annotate delay completely, extr mode = 3.
TMR-3002 : No user constraint, initiate default constraint.
TMR-1501 : Assign derive clock DeriveClock to 370 clock pins, and constraint 720 relative nodes.
TMR-3003 : Constraints initiated successfully.
TMR-3501 : Forward propagation: start to calculate arrival time...
TMR-3502 : Backward propagation: start to calculate required time...
TMR-3503 : Timing propagation completes.
PHY-1001 : Start global routing, caller is route ...
RUN-1001 : Generating global routing grids ...
PHY-1001 : Generate routing nets ...
PHY-1001 : Global iterations in 16 thread ...
PHY-1002 : len = 26368, over cnt = 87(0%), over = 144, worst = 6
PHY-1002 : len = 27192, over cnt = 34(0%), over = 45, worst = 6
PHY-1002 : len = 27752, over cnt = 5(0%), over = 8, worst = 3
PHY-1002 : len = 27864, over cnt = 0(0%), over = 0, worst = 0
PHY-1001 : End global iterations;  0.094602s wall, 0.109375s user + 0.000000s system = 0.109375s CPU (115.6%)

PHY-1001 : Congestion index: top1 = 26.88, top5 = 14.63, top10 = 8.99, top15 = 6.28.
PHY-1001 : End global routing;  0.154651s wall, 0.171875s user + 0.000000s system = 0.171875s CPU (111.1%)

PHY-1001 : Start detail routing ...
PHY-1001 : Current memory(MB): used = 195, reserve = 158, peak = 207.
PHY-1001 : Detailed router is running in normal mode.
PHY-1001 : Generate detailed routing grids ...
PHY-1001 : Processed IO instance DigitronCS_Out[3]_syn_2 with INV attribute.
PHY-1001 : Processed IO instance DigitronCS_Out[2]_syn_2 with INV attribute.
PHY-1001 : Processed IO instance DigitronCS_Out[1]_syn_2 with INV attribute.
PHY-1001 : Processed IO instance DigitronCS_Out[0]_syn_2 with INV attribute.
PHY-1001 : Generate nets ...
PHY-1001 : net CLK_dup_1 will be routed on clock mesh
PHY-1001 : clock net CLK_500K_syn_8 will be merged with clock CLK_500K
PHY-1001 : clock net TX_Data_Valid_syn_6 will be merged with clock TX_Data_Valid
PHY-1001 : clock net U5/SingleNum_n_syn_3 will be merged with clock U5/SingleNum_n
PHY-1001 : clock net config_inst_syn_10 will be merged with clock config_inst_syn_9
PHY-1001 : Current memory(MB): used = 461, reserve = 429, peak = 461.
PHY-1001 : End build detailed router design. 3.570987s wall, 3.484375s user + 0.046875s system = 3.531250s CPU (98.9%)

PHY-1001 : Detail Route ...
PHY-1001 : ===== Detail Route Phase 1 =====
PHY-1001 : Clock net routing.....
PHY-1001 : Routed 0% nets.
PHY-1022 : len = 17840, over cnt = 0(0%), over = 0, worst = 0, crit = 0
PHY-1001 : End initial clock net routed; 2.092532s wall, 2.062500s user + 0.000000s system = 2.062500s CPU (98.6%)

PHY-1001 : Current memory(MB): used = 493, reserve = 462, peak = 493.
PHY-1001 : End phase 1; 2.097349s wall, 2.078125s user + 0.000000s system = 2.078125s CPU (99.1%)

PHY-1001 : ===== Detail Route Phase 2 =====
PHY-1001 : Initial routing.....
PHY-1001 : Routed 30% nets.
PHY-1001 : Routed 40% nets.
PHY-1001 : Routed 50% nets.
PHY-1001 : Routed 61% nets.
PHY-1001 : Routed 84% nets.
PHY-1022 : len = 89592, over cnt = 18(0%), over = 18, worst = 1, crit = 0
PHY-1001 : Current memory(MB): used = 493, reserve = 462, peak = 494.
PHY-1001 : End initial routed; 0.892874s wall, 1.218750s user + 0.187500s system = 1.406250s CPU (157.5%)

PHY-1001 : Current memory(MB): used = 493, reserve = 462, peak = 494.
PHY-1001 : End phase 2; 0.892964s wall, 1.218750s user + 0.187500s system = 1.406250s CPU (157.5%)

PHY-1001 : ===== Detail Route Phase 3 =====
PHY-1001 : Ripup-reroute.....
PHY-1001 : ===== DR Iter 1 =====
PHY-1022 : len = 89376, over cnt = 5(0%), over = 5, worst = 1, crit = 0
PHY-1001 : End DR Iter 1; 0.023389s wall, 0.031250s user + 0.000000s system = 0.031250s CPU (133.6%)

PHY-1001 : ===== DR Iter 2 =====
PHY-1022 : len = 89416, over cnt = 2(0%), over = 2, worst = 1, crit = 0
PHY-1001 : End DR Iter 2; 0.013854s wall, 0.015625s user + 0.000000s system = 0.015625s CPU (112.8%)

PHY-1001 : ===== DR Iter 3 =====
PHY-1022 : len = 89432, over cnt = 0(0%), over = 0, worst = 0, crit = 0
PHY-1001 : End DR Iter 3; 0.011781s wall, 0.015625s user + 0.000000s system = 0.015625s CPU (132.6%)

PHY-1001 : Commit to database.....
PHY-1001 : 5 feed throughs used by 5 nets
PHY-1001 : End commit to database; 0.083989s wall, 0.078125s user + 0.000000s system = 0.078125s CPU (93.0%)

PHY-1001 : Current memory(MB): used = 504, reserve = 472, peak = 504.
PHY-1001 : End phase 3; 0.241979s wall, 0.234375s user + 0.000000s system = 0.234375s CPU (96.9%)

PHY-1003 : Routed, final wirelength = 89432
PHY-1001 : Current memory(MB): used = 505, reserve = 473, peak = 505.
PHY-1001 : End export database. 0.007120s wall, 0.015625s user + 0.000000s system = 0.015625s CPU (219.5%)

PHY-1001 : End detail routing;  7.045708s wall, 7.250000s user + 0.234375s system = 7.484375s CPU (106.2%)

RUN-1003 : finish command "route" in  7.450681s wall, 7.656250s user + 0.234375s system = 7.890625s CPU (105.9%)

RUN-1004 : used memory is 443 MB, reserved memory is 410 MB, peak memory is 505 MB
RUN-1002 : start command "report_area -io_info -file rx_top_phy.area"
RUN-1001 : standard
***Report Model: rx_top Device: EG4S20BG256***

IO Statistics
#IO                        25
  #input                    4
  #output                  21
  #inout                    0

Utilization Statistics
#lut                      578   out of  19600    2.95%
#reg                      287   out of  19600    1.46%
#le                       648
  #lut only               361   out of    648   55.71%
  #reg only                70   out of    648   10.80%
  #lut&reg                217   out of    648   33.49%
#dsp                        0   out of     29    0.00%
#bram                       1   out of     64    1.56%
  #bram9k                   1
  #fifo9k                   0
#bram32k                    0   out of     16    0.00%
#pad                       25   out of    188   13.30%
  #ireg                     1
  #oreg                    13
  #treg                     0
#pll                        0   out of      4    0.00%
#gclk                       4   out of     16   25.00%

Clock Resource Statistics
Index     ClockNet             Type               DriverType         Driver                           Fanout
#1        CLK_500K             GCLK               lslice             CLK_500K_reg_syn_5.q1            93
#2        config_inst_syn_9    GCLK               config             config_inst.jtck                 67
#3        CLK_dup_1            GCLK               io                 CLK_syn_2.di                     17
#4        U5/SingleNum_n       GCLK               lslice             U5/SingleNum_n_syn_7.f0          7
#5        TX_Data_Valid        GCLK               lslice             U6/sample_count_b[1]_syn_9.f0    5


Detailed IO Report

        Name           Direction    Location    IOStandard    DriveStrength    PullType    PackReg  
         CLK             INPUT         R7        LVCMOS33          N/A          PULLUP      NONE    
        RSTn             INPUT         A9        LVCMOS33          N/A          PULLUP      NONE    
      RX_En_Sig          INPUT        A10        LVCMOS33          N/A          PULLUP      NONE    
      RX_Pin_In          INPUT        F12        LVCMOS33          N/A          PULLUP      IREG    
  DigitronCS_Out[3]     OUTPUT         A3        LVCMOS33           8            NONE       OREG    
  DigitronCS_Out[2]     OUTPUT         A5        LVCMOS33           8            NONE       OREG    
  DigitronCS_Out[1]     OUTPUT         B6        LVCMOS33           8            NONE       OREG    
  DigitronCS_Out[0]     OUTPUT         C9        LVCMOS33           8            NONE       OREG    
   Digitron_Out[7]      OUTPUT         C8        LVCMOS33           8            NONE       NONE    
   Digitron_Out[6]      OUTPUT         A8        LVCMOS33           8            NONE       NONE    
   Digitron_Out[5]      OUTPUT         B5        LVCMOS33           8            NONE       NONE    
   Digitron_Out[4]      OUTPUT         A7        LVCMOS33           8            NONE       NONE    
   Digitron_Out[3]      OUTPUT         E8        LVCMOS33           8            NONE       NONE    
   Digitron_Out[2]      OUTPUT         B8        LVCMOS33           8            NONE       NONE    
   Digitron_Out[1]      OUTPUT         A6        LVCMOS33           8            NONE       NONE    
   Digitron_Out[0]      OUTPUT         A4        LVCMOS33           8            NONE       NONE    
     LED_Out[7]         OUTPUT        F16        LVCMOS33           8            NONE       OREG    
     LED_Out[6]         OUTPUT        E16        LVCMOS33           8            NONE       OREG    
     LED_Out[5]         OUTPUT        E13        LVCMOS33           8            NONE       OREG    
     LED_Out[4]         OUTPUT        C16        LVCMOS33           8            NONE       OREG    
     LED_Out[3]         OUTPUT        C15        LVCMOS33           8            NONE       OREG    
     LED_Out[2]         OUTPUT        B16        LVCMOS33           8            NONE       OREG    
     LED_Out[1]         OUTPUT        B15        LVCMOS33           8            NONE       OREG    
     LED_Out[0]         OUTPUT        B14        LVCMOS33           8            NONE       OREG    
     TX_Pin_Out         OUTPUT        D12        LVCMOS33           8            NONE       OREG    

Report Hierarchy Area:
+--------------------------------------------------------------------------------------------------------------+
|Instance                            |Module              |le     |lut     |ripple  |seq     |bram    |dsp     |
+--------------------------------------------------------------------------------------------------------------+
|top                                 |rx_top              |648    |462     |116     |301     |1       |0       |
|  U1                                |detect_module       |1      |1       |0       |1       |0       |0       |
|  U2                                |rx_bps_module       |27     |23      |4       |13      |0       |0       |
|  U3                                |rx_control_module   |40     |35      |5       |13      |0       |0       |
|  U5                                |Digitron_NumDisplay |114    |94      |18      |23      |0       |0       |
|  U6                                |calculate_rx        |36     |36      |0       |8       |0       |0       |
|  U7                                |tx_bitrate          |28     |24      |4       |14      |0       |0       |
|  U8                                |uart_tx             |15     |15      |0       |5       |0       |0       |
|  cw_top                            |CW_TOP_WRAPPER      |358    |215     |75      |199     |0       |0       |
|    wrapper_cwc_top                 |cwc_top             |358    |215     |75      |199     |0       |0       |
|      cfg_int_inst                  |cwc_cfg_int         |112    |44      |0       |106     |0       |0       |
|        reg_inst                    |register            |109    |41      |0       |103     |0       |0       |
|        tap_inst                    |tap                 |3      |3       |0       |3       |0       |0       |
|      trigger_inst                  |trigger             |246    |171     |75      |93      |0       |0       |
|        bus_inst                    |bus_top             |33     |23      |10      |9       |0       |0       |
|          BUS_DETECTOR[0]$bus_nodes |bus_det             |33     |23      |10      |9       |0       |0       |
|        emb_ctrl_inst               |emb_ctrl            |125    |92      |33      |57      |0       |0       |
+--------------------------------------------------------------------------------------------------------------+


DataNet Average Fanout:

   Index     Fanout    Nets  
    #1         1       377   
    #2         2       228   
    #3         3        64   
    #4         4        30   
    #5        5-10      62   
    #6       11-50      26   
    #7       51-100     2    
  Average     2.69           

RUN-1002 : start command "export_db rx_top_pr.db"
RUN-1001 : Exported /
RUN-1001 : Exported flow parameters
RUN-1001 : Exported libs
RUN-1001 : Exported entities
RUN-1001 : Exported ports
RUN-1001 : Exported pins
RUN-1001 : Exported instances
RUN-1001 : Exported nets
RUN-1001 : Exported buses
RUN-1001 : Exported models
RUN-1001 : Exported congestions
RUN-1001 : Exported violations
RUN-1001 : Exported IO constraints
RUN-1001 : Exported Inst constraints
RUN-1001 : Exported ChipWatcher
RUN-1002 : start command "export_bid rx_top_inst.bid"
PRG-1000 : <!-- HMAC is: 755e5e155c52054cbfe1aa60f82e1749c479ae49873fc08bceff62041e64445b -->
RUN-1002 : start command "bitgen -bit rx_top.bit -unused_io_status pulldown"
BIT-1003 : Start to generate bitstream. 
BIT-1002 : Bitgen processed 163 unused pads, reserve input tri_state with pulldown
BIT-1002 : Init instances with 16 threads.
BIT-1002 : Init instances completely, inst num: 534
BIT-1002 : Init pips with 16 threads.
BIT-1002 : Init pips completely, net num: 821, pip num: 6996
BIT-1002 : Init feedthrough completely, num: 5
BIT-1003 : Multithreading accelaration with 16 threads.
BIT-1003 : Generate bitstream completely, there are 1051 valid insts, and 20733 bits set as '1'.
BIT-1004 : the usercode register value: 00000000110010101011011000100100
BIT-1004 : PLL setting string = 0000
BIT-1004 : Generate bits file rx_top.bit.
RUN-1003 : finish command "bitgen -bit rx_top.bit -unused_io_status pulldown" in  1.628329s wall, 11.234375s user + 0.171875s system = 11.406250s CPU (700.5%)

RUN-1004 : used memory is 450 MB, reserved memory is 422 MB, peak memory is 642 MB
RUN-1002 : start command "backup_run_log run.log ../.logs/phy_1/td_20240827_214955.log"
