============================================================
   Tang Dynasty, V5.6.71036
      Copyright (c) 2012-2023 Anlogic Inc.
   Executable = C:/Anlogic/TD5.6.2/bin/td.exe
   Built at =   20:34:38 Mar 21 2023
   Run by =     Lenovo
   Run Date =   Tue Aug 27 15:12:21 2024

   Run on =     LAPTOP-QRG7LJL6
============================================================
RUN-1002 : start command "open_project rx_top.prj"
RUN-1001 : Print Global Property
RUN-1001 : ---------------------------------------------------------------
RUN-1001 :        Parameters        |  Settings  |  Default Values  |  Note  
RUN-1001 : ---------------------------------------------------------------
RUN-1001 :          message         |  standard  |     standard     |        
RUN-1001 :   mixed_pack_place_flow  |     on     |        on        |        
RUN-1001 :        qor_monitor       |    off     |       off        |        
RUN-1001 :        syn_ip_flow       |    off     |       off        |        
RUN-1001 :          thread          |    auto    |       auto       |        
RUN-1001 : ---------------------------------------------------------------
RUN-1001 : Print Design Property
RUN-1001 : --------------------------------------------------------------
RUN-1001 :        Parameters       |  Settings  |  Default Values  |  Note  
RUN-1001 : --------------------------------------------------------------
RUN-1001 :   default_reg_initial   |    auto    |       auto       |        
RUN-1001 :        infer_add        |     on     |        on        |        
RUN-1001 :        infer_fsm        |    off     |       off        |        
RUN-1001 :        infer_mult       |     on     |        on        |        
RUN-1001 :        infer_ram        |     on     |        on        |        
RUN-1001 :        infer_reg        |     on     |        on        |        
RUN-1001 :   infer_reg_init_value  |     on     |        on        |        
RUN-1001 :        infer_rom        |     on     |        on        |        
RUN-1001 :      infer_shifter      |     on     |        on        |        
RUN-1001 : --------------------------------------------------------------
RUN-1001 : Print Rtl Property
RUN-1001 : --------------------------------------------------------------
RUN-1001 :        Parameters       |  Settings  |  Default Values  |  Note  
RUN-1001 : --------------------------------------------------------------
RUN-1001 :       compress_add      |   ripple   |      ripple      |        
RUN-1001 :        elf_sload        |    off     |       off        |        
RUN-1001 :       fix_undriven      |     0      |        0         |        
RUN-1001 :         flatten         |    off     |       off        |        
RUN-1001 :       gate_sharing      |     on     |        on        |        
RUN-1001 :    hdl_warning_level    |   normal   |      normal      |        
RUN-1001 :   impl_internal_tribuf  |     on     |        on        |        
RUN-1001 :      impl_set_reset     |     on     |        on        |        
RUN-1001 :        infer_gsr        |    off     |       off        |        
RUN-1001 :      keep_hierarchy     |    auto    |       auto       |        
RUN-1001 :        max_fanout       |    9999    |       9999       |        
RUN-1001 :      max_oh2bin_len     |     10     |        10        |        
RUN-1001 :       merge_equal       |     on     |        on        |        
RUN-1001 :       merge_equiv       |     on     |        on        |        
RUN-1001 :        merge_mux        |    off     |       off        |        
RUN-1001 :     min_control_set     |     8      |        8         |        
RUN-1001 :      min_ripple_len     |    auto    |       auto       |        
RUN-1001 :       oh2bin_ratio      |    0.08    |       0.08       |        
RUN-1001 :     opt_adder_fanout    |     on     |        on        |        
RUN-1001 :        opt_arith        |     on     |        on        |        
RUN-1001 :       opt_big_gate      |    off     |       off        |        
RUN-1001 :        opt_const        |     on     |        on        |        
RUN-1001 :      opt_const_mult     |     on     |        on        |        
RUN-1001 :       opt_lessthan      |     on     |        on        |        
RUN-1001 :         opt_mux         |    off     |       off        |        
RUN-1001 :         opt_ram         |    high    |       high       |        
RUN-1001 :      rtl_sim_model      |    off     |       off        |        
RUN-1001 :         seq_syn         |     on     |        on        |        
RUN-1001 : --------------------------------------------------------------
HDL-1007 : analyze verilog file ../../rx_top.v
HDL-1007 : analyze verilog file ../../detect_module.v
HDL-1007 : analyze verilog file ../../rx_bps_module.v
HDL-1007 : analyze verilog file ../../rx_control_module.v
HDL-1007 : analyze verilog file ../../LED_display_module.v
HDL-5007 WARNING: empty port in module declaration in ../../LED_display_module.v(3)
HDL-1007 : analyze verilog file ../../Digitron_NumDisplay.v
HDL-1007 : analyze verilog file ../../tx_control_module.v
RUN-1001 : Project manager successfully analyzed 7 source files.
RUN-1002 : start command "import_device eagle_s20.db -package EG4S20BG256"
ARC-1001 : Device Initialization.
ARC-1001 : ------------------------------------------------------------------
ARC-1001 :            OPTION            |          IO          |   SETTING   
ARC-1001 : ------------------------------------------------------------------
ARC-1001 :   cso_b/cclk/mosi/miso/dout  |  T3/R11/T10/P10/S11  |    gpio    
ARC-1001 :             done             |         P13          |    gpio    
ARC-1001 :           program_b          |          T2          |  dedicate  
ARC-1001 :        tdi/tms/tck/tdo       |   C12/A15/C14/E14    |  dedicate  
ARC-1001 : ------------------------------------------------------------------
ARC-1004 : Device setting, marked 5 dedicate IOs in total.
RUN-1002 : start command "import_db ../syn_1/rx_top_gate.db"
RUN-1001 : Importing database generated by Tang Dynasty, V5.6.71036.
RUN-1001 : Database version number 46146.
RUN-1001 : Import flow parameters
RUN-1001 : Import IO constraints
RUN-1001 : Import Inst constraints
RUN-1001 : Import design success TD_VERSION=5.6.71036 , DB_VERSION=46146
RUN-1002 : start command "config_chipwatcher ../../tx_test.cwc -dir "
RUN-1002 : start command "legalize_phy_inst"
SYN-1011 : Flatten model rx_top
KIT-1004 : ChipWatcher: import watcher inst auto_chipwatcher_0 completed, there are 12 view nodes, 34 trigger nets, 34 data nets.
KIT-1004 : Chipwatcher code = 1110101011110010
RUN-1002 : start command "compile_watcher"
RUN-1002 : start command "read_verilog -no_sch -dir C:/Anlogic/TD5.6.2/cw/ -file rx_top_watcherInst.sv -lib cw -top CW_TOP_WRAPPER"
HDL-1007 : analyze verilog file C:/Anlogic/TD5.6.2/cw\bus_det.v
HDL-1007 : analyze verilog file C:/Anlogic/TD5.6.2/cw\bus_top.sv
HDL-1007 : analyze verilog file C:/Anlogic/TD5.6.2/cw\cfg_int.v
HDL-1007 : analyze verilog file C:/Anlogic/TD5.6.2/cw\cwc_cfg_int.v
HDL-1007 : analyze verilog file C:/Anlogic/TD5.6.2/cw\cwc_top.sv
HDL-1007 : analyze verilog file C:/Anlogic/TD5.6.2/cw\detect_bus.v
HDL-1007 : analyze verilog file C:/Anlogic/TD5.6.2/cw\detect_non_bus.v
HDL-1007 : analyze verilog file C:/Anlogic/TD5.6.2/cw\emb_ctrl.v
HDL-1007 : analyze verilog file C:/Anlogic/TD5.6.2/cw\register.v
HDL-1007 : analyze verilog file C:/Anlogic/TD5.6.2/cw\tap.v
HDL-1007 : analyze verilog file C:/Anlogic/TD5.6.2/cw\trigger.sv
HDL-1007 : analyze verilog file rx_top_watcherInst.sv
HDL-1007 : elaborate module CW_TOP_WRAPPER in rx_top_watcherInst.sv(1)
HDL-1007 : elaborate module cwc_top(BUS_NUM=12,BUS_DIN_NUM=34,BUS_CTRL_NUM=116,BUS_WIDTH='{32'sb01,32'sb0100,32'sb01101,32'sb01,32'sb01,32'sb01,32'sb01,32'sb01,32'sb01,32'sb01000,32'sb01,32'sb01},BUS_DIN_POS='{32'sb0,32'sb01,32'sb0101,32'sb010010,32'sb010011,32'sb010100,32'sb010101,32'sb010110,32'sb010111,32'sb011000,32'sb0100000,32'sb0100001},BUS_CTRL_POS='{32'sb0,32'sb0110,32'sb010010,32'sb0110000,32'sb0110110,32'sb0111100,32'sb01000010,32'sb01001000,32'sb01001110,32'sb01010100,32'sb01101000,32'sb01101110}) in C:/Anlogic/TD5.6.2/cw\cwc_top.sv(21)
HDL-1007 : elaborate module cwc_cfg_int(CTRL_REG_LEN=138) in C:/Anlogic/TD5.6.2/cw\cwc_cfg_int.v(21)
HDL-1007 : elaborate module register(CTRL_REG_LEN=138) in C:/Anlogic/TD5.6.2/cw\register.v(21)
HDL-1007 : elaborate module tap in C:/Anlogic/TD5.6.2/cw\tap.v(21)
HDL-1007 : elaborate module trigger(BUS_NUM=12,BUS_DIN_NUM=34,BUS_CTRL_NUM=116,BUS_WIDTH='{32'sb01,32'sb0100,32'sb01101,32'sb01,32'sb01,32'sb01,32'sb01,32'sb01,32'sb01,32'sb01000,32'sb01,32'sb01},BUS_DIN_POS='{32'sb0,32'sb01,32'sb0101,32'sb010010,32'sb010011,32'sb010100,32'sb010101,32'sb010110,32'sb010111,32'sb011000,32'sb0100000,32'sb0100001},BUS_CTRL_POS='{32'sb0,32'sb0110,32'sb010010,32'sb0110000,32'sb0110110,32'sb0111100,32'sb01000010,32'sb01001000,32'sb01001110,32'sb01010100,32'sb01101000,32'sb01101110}) in C:/Anlogic/TD5.6.2/cw\trigger.sv(21)
HDL-1007 : elaborate module bus_top(BUS_NODE_NUM=12,BUS_DIN_NUM=34,BUS_CTRL_NUM=116,BUS_WIDTH='{32'sb01,32'sb0100,32'sb01101,32'sb01,32'sb01,32'sb01,32'sb01,32'sb01,32'sb01,32'sb01000,32'sb01,32'sb01},BUS_DIN_POS='{32'sb0,32'sb01,32'sb0101,32'sb010010,32'sb010011,32'sb010100,32'sb010101,32'sb010110,32'sb010111,32'sb011000,32'sb0100000,32'sb0100001},BUS_CTRL_POS='{32'sb0,32'sb0110,32'sb010010,32'sb0110000,32'sb0110110,32'sb0111100,32'sb01000010,32'sb01001000,32'sb01001110,32'sb01010100,32'sb01101000,32'sb01101110}) in C:/Anlogic/TD5.6.2/cw\bus_top.sv(22)
HDL-1007 : elaborate module bus_det(BUS_WIDTH=32'sb01) in C:/Anlogic/TD5.6.2/cw\bus_det.v(21)
HDL-1007 : elaborate module bus_det(BUS_WIDTH=32'sb0100) in C:/Anlogic/TD5.6.2/cw\bus_det.v(21)
HDL-1007 : elaborate module bus_det(BUS_WIDTH=32'sb01101) in C:/Anlogic/TD5.6.2/cw\bus_det.v(21)
HDL-1007 : elaborate module bus_det(BUS_WIDTH=32'sb01000) in C:/Anlogic/TD5.6.2/cw\bus_det.v(21)
HDL-1007 : elaborate module emb_ctrl in C:/Anlogic/TD5.6.2/cw\emb_ctrl.v(21)
HDL-1200 : Current top model is CW_TOP_WRAPPER
HDL-1100 : Inferred 0 RAMs.
RUN-1002 : start command "force_keep -a auto_chipwatcher_0_logicbram"
RUN-1002 : start command "optimize_rtl -no_sch"
RUN-1001 : Open license file C:/Anlogic/TD5.6.2/license/Anlogic.lic
RUN-1001 : Print Global Property
RUN-1001 : ---------------------------------------------------------------
RUN-1001 :        Parameters        |  Settings  |  Default Values  |  Note  
RUN-1001 : ---------------------------------------------------------------
RUN-1001 :          message         |  standard  |     standard     |        
RUN-1001 :   mixed_pack_place_flow  |     on     |        on        |        
RUN-1001 :        qor_monitor       |    off     |       off        |        
RUN-1001 :        syn_ip_flow       |    off     |       off        |        
RUN-1001 :          thread          |    auto    |       auto       |        
RUN-1001 : ---------------------------------------------------------------
RUN-1001 : Print Rtl Property
RUN-1001 : --------------------------------------------------------------
RUN-1001 :        Parameters       |  Settings  |  Default Values  |  Note  
RUN-1001 : --------------------------------------------------------------
RUN-1001 :       compress_add      |   ripple   |      ripple      |        
RUN-1001 :        elf_sload        |    off     |       off        |        
RUN-1001 :       fix_undriven      |     0      |        0         |        
RUN-1001 :         flatten         |    off     |       off        |        
RUN-1001 :       gate_sharing      |     on     |        on        |        
RUN-1001 :    hdl_warning_level    |   normal   |      normal      |        
RUN-1001 :   impl_internal_tribuf  |     on     |        on        |        
RUN-1001 :      impl_set_reset     |     on     |        on        |        
RUN-1001 :        infer_gsr        |    off     |       off        |        
RUN-1001 :      keep_hierarchy     |    auto    |       auto       |        
RUN-1001 :        max_fanout       |    9999    |       9999       |        
RUN-1001 :      max_oh2bin_len     |     10     |        10        |        
RUN-1001 :       merge_equal       |     on     |        on        |        
RUN-1001 :       merge_equiv       |     on     |        on        |        
RUN-1001 :        merge_mux        |    off     |       off        |        
RUN-1001 :     min_control_set     |     8      |        8         |        
RUN-1001 :      min_ripple_len     |    auto    |       auto       |        
RUN-1001 :       oh2bin_ratio      |    0.08    |       0.08       |        
RUN-1001 :     opt_adder_fanout    |     on     |        on        |        
RUN-1001 :        opt_arith        |     on     |        on        |        
RUN-1001 :       opt_big_gate      |    off     |       off        |        
RUN-1001 :        opt_const        |     on     |        on        |        
RUN-1001 :      opt_const_mult     |     on     |        on        |        
RUN-1001 :       opt_lessthan      |     on     |        on        |        
RUN-1001 :         opt_mux         |    off     |       off        |        
RUN-1001 :         opt_ram         |    high    |       high       |        
RUN-1001 :      rtl_sim_model      |    off     |       off        |        
RUN-1001 :         seq_syn         |     on     |        on        |        
RUN-1001 : --------------------------------------------------------------
SYN-1012 : SanityCheck: Model "rx_top"
SYN-1012 : SanityCheck: Model "CW_TOP_WRAPPER"
SYN-1012 : SanityCheck: Model "cwc_top(BUS_NUM=12,BUS_DIN_NUM=34,BUS_CTRL_NUM=116,BUS_WIDTH='{32'sb01,32'sb0100,32'sb01101,32'sb01,32'sb01,32'sb01,32'sb01,32'sb01,32'sb01,32'sb01000,32'sb01,32'sb01},BUS_DIN_POS='{32'sb0,32'sb01,32'sb0101,32'sb010010,32'sb010011,32'sb010100,32'sb010101,32'sb010110,32'sb010111,32'sb011000,32'sb0100000,32'sb0100001},BUS_CTRL_POS='{32'sb0,32'sb0110,32'sb010010,32'sb0110000,32'sb0110110,32'sb0111100,32'sb01000010,32'sb01001000,32'sb01001110,32'sb01010100,32'sb01101000,32'sb01101110})"
SYN-1012 : SanityCheck: Model "cwc_cfg_int(CTRL_REG_LEN=138)"
SYN-1012 : SanityCheck: Model "register(CTRL_REG_LEN=138)"
SYN-1012 : SanityCheck: Model "tap"
SYN-1012 : SanityCheck: Model "trigger(BUS_NUM=12,BUS_DIN_NUM=34,BUS_CTRL_NUM=116,BUS_WIDTH='{32'sb01,32'sb0100,32'sb01101,32'sb01,32'sb01,32'sb01,32'sb01,32'sb01,32'sb01,32'sb01000,32'sb01,32'sb01},BUS_DIN_POS='{32'sb0,32'sb01,32'sb0101,32'sb010010,32'sb010011,32'sb010100,32'sb010101,32'sb010110,32'sb010111,32'sb011000,32'sb0100000,32'sb0100001},BUS_CTRL_POS='{32'sb0,32'sb0110,32'sb010010,32'sb0110000,32'sb0110110,32'sb0111100,32'sb01000010,32'sb01001000,32'sb01001110,32'sb01010100,32'sb01101000,32'sb01101110})"
SYN-1012 : SanityCheck: Model "bus_top(BUS_NODE_NUM=12,BUS_DIN_NUM=34,BUS_CTRL_NUM=116,BUS_WIDTH='{32'sb01,32'sb0100,32'sb01101,32'sb01,32'sb01,32'sb01,32'sb01,32'sb01,32'sb01,32'sb01000,32'sb01,32'sb01},BUS_DIN_POS='{32'sb0,32'sb01,32'sb0101,32'sb010010,32'sb010011,32'sb010100,32'sb010101,32'sb010110,32'sb010111,32'sb011000,32'sb0100000,32'sb0100001},BUS_CTRL_POS='{32'sb0,32'sb0110,32'sb010010,32'sb0110000,32'sb0110110,32'sb0111100,32'sb01000010,32'sb01001000,32'sb01001110,32'sb01010100,32'sb01101000,32'sb01101110})"
SYN-1012 : SanityCheck: Model "bus_det(BUS_WIDTH=32'sb01)"
SYN-1012 : SanityCheck: Model "bus_det(BUS_WIDTH=32'sb0100)"
SYN-1012 : SanityCheck: Model "bus_det(BUS_WIDTH=32'sb01101)"
SYN-1012 : SanityCheck: Model "bus_det(BUS_WIDTH=32'sb01000)"
SYN-1012 : SanityCheck: Model "emb_ctrl"
SYN-1011 : Flatten model rx_top
SYN-1032 : 2020/44 useful/useless nets, 1050/33 useful/useless insts
SYN-1016 : Merged 56 instances.
SYN-1032 : 1653/18 useful/useless nets, 1477/18 useful/useless insts
SYN-1014 : Optimize round 1
SYN-1032 : 1637/16 useful/useless nets, 1465/12 useful/useless insts
SYN-1021 : Optimized 3 onehot mux instances.
SYN-1020 : Optimized 1 distributor mux.
SYN-1019 : Optimized 3 mux instances.
SYN-1015 : Optimize round 1, 449 better
SYN-1014 : Optimize round 2
SYN-1032 : 1300/45 useful/useless nets, 1128/48 useful/useless insts
SYN-1015 : Optimize round 2, 96 better
SYN-1014 : Optimize round 1
SYN-1015 : Optimize round 1, 0 better
RUN-1002 : start command "optimize_gate -no_sch"
RUN-1001 : Open license file C:/Anlogic/TD5.6.2/license/Anlogic.lic
RUN-1001 : Print Global Property
RUN-1001 : ---------------------------------------------------------------
RUN-1001 :        Parameters        |  Settings  |  Default Values  |  Note  
RUN-1001 : ---------------------------------------------------------------
RUN-1001 :          message         |  standard  |     standard     |        
RUN-1001 :   mixed_pack_place_flow  |     on     |        on        |        
RUN-1001 :        qor_monitor       |    off     |       off        |        
RUN-1001 :        syn_ip_flow       |    off     |       off        |        
RUN-1001 :          thread          |    auto    |       auto       |        
RUN-1001 : ---------------------------------------------------------------
RUN-1001 : Print Gate Property
RUN-1001 : ------------------------------------------------------------------
RUN-1001 :          Parameters         |  Settings  |  Default Values  |  Note  
RUN-1001 : ------------------------------------------------------------------
RUN-1001 :         cascade_dsp         |    off     |       off        |        
RUN-1001 :         cascade_eram        |    off     |       off        |        
RUN-1001 :        gate_sim_model       |    off     |       off        |        
RUN-1001 :        map_sim_model        |    off     |       off        |        
RUN-1001 :         map_strategy        |     1      |        1         |        
RUN-1001 :           opt_area          |   medium   |      medium      |        
RUN-1001 :          opt_timing         |    auto    |       auto       |        
RUN-1001 :         pack_effort         |   medium   |      medium      |        
RUN-1001 :      pack_lslice_ripple     |     on     |        on        |        
RUN-1001 :   pack_lslice_ripple_ratio  |    0.5     |       0.5        |        
RUN-1001 :        pack_seq_in_io       |    auto    |       auto       |        
RUN-1001 :        ph1_mux_ratio        |    1.0     |       1.0        |        
RUN-1001 :            report           |  standard  |     standard     |        
RUN-1001 :           retiming          |    off     |       off        |        
RUN-1001 : ------------------------------------------------------------------
SYN-2001 : Map 25 IOs to PADs
RUN-1002 : start command "update_pll_param -module rx_top"
SYN-2501 : Processed 0 LOGIC_BUF instances.
SYN-2512 : LOGIC BRAM "auto_chipwatcher_0_logicbram"
SYN-2571 : Optimize after map_dsp, round 1
SYN-2571 : Optimize after map_dsp, round 1, 0 better
SYN-1001 : Throwback 3 control mux instances
SYN-2501 : Optimize round 1
SYN-1016 : Merged 25 instances.
SYN-2501 : Optimize round 1, 52 better
SYN-2501 : Optimize round 2
SYN-2501 : Optimize round 2, 0 better
SYN-2501 : Map 16 macro adder
SYN-1019 : Optimized 13 mux instances.
SYN-1016 : Merged 11 instances.
SYN-1032 : 1763/2 useful/useless nets, 1594/1 useful/useless insts
SYN-3001 : Running gate level optimization.
SYN-2581 : Mapping with K=5, #lut = 227 (3.66), #lev = 6 (2.01)
SYN-2551 : Post LUT mapping optimization.
SYN-2581 : Mapping with K=5, #lut = 225 (3.79), #lev = 5 (1.94)
SYN-3001 : Logic optimization runtime opt =   0.02 sec, map =   0.00 sec
SYN-3001 : Mapper mapped 634 instances into 225 LUTs, name keeping = 72%.
SYN-1001 : Packing model "rx_top" ...
SYN-4010 : Pack lib has 58 rtl pack models with 25 top pack blocks
SYN-1014 : Optimize round 1
SYN-1015 : Optimize round 1, 0 better
SYN-4002 : Packing 415 DFF/LATCH to SEQ ...
SYN-4009 : Pack 7 carry chain into lslice
SYN-4007 : Packing 114 adder to BLE ...
SYN-4008 : Packed 114 adder and 0 SEQ to BLE.
SYN-4007 : Packing 0 gate4 to BLE ...
SYN-4008 : Packed 0 gate4 and 0 SEQ to BLE.
SYN-4012 : Packed 0 FxMUX
RUN-1002 : start command "legalize_phy_inst"
SYN-1011 : Flatten model rx_top
KIT-1004 : Compile Chipwatcher: Clear obsolete physical data.
RUN-1003 : finish command "compile_watcher" in  1.081855s wall, 0.984375s user + 0.078125s system = 1.062500s CPU (98.2%)

RUN-1004 : used memory is 116 MB, reserved memory is 79 MB, peak memory is 121 MB
RUN-1002 : start command "place"
RUN-1001 : Open license file C:/Anlogic/TD5.6.2/license/Anlogic.lic
RUN-1001 : Print Global Property
RUN-1001 : ---------------------------------------------------------------
RUN-1001 :        Parameters        |  Settings  |  Default Values  |  Note  
RUN-1001 : ---------------------------------------------------------------
RUN-1001 :          message         |  standard  |     standard     |        
RUN-1001 :   mixed_pack_place_flow  |     on     |        on        |        
RUN-1001 :        qor_monitor       |    off     |       off        |        
RUN-1001 :        syn_ip_flow       |    off     |       off        |        
RUN-1001 :          thread          |    auto    |       auto       |        
RUN-1001 : ---------------------------------------------------------------
RUN-1001 : Print Place Property
RUN-1001 : --------------------------------------------------------------
RUN-1001 :        Parameters       |  Settings  |  Default Values  |  Note  
RUN-1001 : --------------------------------------------------------------
RUN-1001 :      detailed_place     |     on     |        on        |        
RUN-1001 :          effort         |   medium   |      medium      |        
RUN-1001 :         fix_hold        |    off     |       off        |        
RUN-1001 :       legalization      |    ori     |       ori        |        
RUN-1001 :      new_spreading      |     on     |        on        |        
RUN-1001 :        opt_timing       |   medium   |      medium      |        
RUN-1001 :   post_clock_route_opt  |    off     |       off        |        
RUN-1001 :       pr_strategy       |     1      |        1         |        
RUN-1001 :        relaxation       |    1.00    |       1.00       |        
RUN-1001 :         retiming        |    off     |       off        |        
RUN-1001 : --------------------------------------------------------------
PHY-3001 : Placer runs in 16 thread(s).
RUN-1002 : start command "legalize_phy_inst"
SYN-1011 : Flatten model rx_top
SYN-5055 WARNING: The kept net U2/BPS_CLK_n will be merged to another kept net BPS_CLK
SYN-5055 WARNING: The kept net U6/BPS_CLK will be merged to another kept net BPS_CLK
SYN-5055 WARNING: The kept net U1/CLK will be merged to another kept net CLK_500K
SYN-5055 WARNING: The kept net U3/isCount will be merged to another kept net Count_Sig
SYN-5055 WARNING: The kept net U2/Count_Sig will be merged to another kept net Count_Sig
SYN-5055 WARNING: The kept net U3/isDone will be merged to another kept net RX_Done_Sig
SYN-5055 WARNING: The kept net U4/RX_Done_Sig will be merged to another kept net RX_Done_Sig
SYN-5055 WARNING: The kept net U5/TX_Data_Valid will be merged to another kept net TX_Data_Valid
SYN-5055 WARNING: The kept net U6/TX_Data_Valid will be merged to another kept net TX_Data_Valid
SYN-5055 WARNING: The kept net U1/neg_sig_n will be merged to another kept net neg_sig
SYN-5055 Similar messages will be suppressed.
RUN-1002 : start command "phys_opt -simplify_lut"
SYN-4016 : Net config_inst_syn_10 driven by BUFG (288 clock/control pins, 0 other pins).
SYN-4024 : Net "CLK_500K" drives clk pins.
SYN-4024 : Net "CLK_dup_1" drives clk pins.
SYN-4024 : Net "U5/SingleNum_n" drives clk pins.
SYN-4024 : Net "U6/State_n" drives clk pins.
SYN-4024 : Net "U6/rTX_n1" drives clk pins.
SYN-4025 : Tag rtl::Net CLK_500K as clock net
SYN-4025 : Tag rtl::Net CLK_dup_1 as clock net
SYN-4025 : Tag rtl::Net U5/SingleNum_n as clock net
SYN-4025 : Tag rtl::Net U6/State_n as clock net
SYN-4025 : Tag rtl::Net U6/rTX_n1 as clock net
SYN-4025 : Tag rtl::Net config_inst_syn_10 as clock net
SYN-4026 : Tagged 6 rtl::Net as clock net
SYN-4015 : Create BUFG instance for clk Net CLK_500K to drive 167 clock pins.
SYN-4015 : Create BUFG instance for clk Net U5/SingleNum_n to drive 8 clock pins.
SYN-4015 : Create BUFG instance for clk Net U6/State_n to drive 4 clock pins.
SYN-4015 : Create BUFG instance for clk Net U6/rTX_n1 to drive 2 clock pins.
PHY-1001 : Populate physical database on model rx_top.
RUN-1001 : There are total 1037 instances
RUN-0007 : 383 luts, 490 seqs, 80 mslices, 47 lslices, 25 pads, 4 brams, 0 dsps
RUN-1001 : There are total 1206 nets
RUN-1001 : 619 nets have 2 pins
RUN-1001 : 493 nets have [3 - 5] pins
RUN-1001 : 53 nets have [6 - 10] pins
RUN-1001 : 28 nets have [11 - 20] pins
RUN-1001 : 5 nets have [21 - 99] pins
RUN-1001 : 8 nets have 100+ pins
RUN-1001 : Report Control nets information:
RUN-1001 : DFF Distribution
RUN-1001 : ----------------------------------
RUN-1001 :   CE   |  SSR  |  ASR  |  DFF Count  
RUN-1001 : ----------------------------------
RUN-1001 :   No   |  No   |  No   |     39      
RUN-1001 :   No   |  No   |  Yes  |     167     
RUN-1001 :   No   |  Yes  |  No   |      0      
RUN-1001 :   Yes  |  No   |  No   |      0      
RUN-1001 :   Yes  |  No   |  Yes  |     284     
RUN-1001 :   Yes  |  Yes  |  No   |      0      
RUN-1001 : ----------------------------------
RUN-0007 : Control Group Statistic
RUN-0007 : ---------------------------
RUN-0007 :   #CLK  |  #CE  |  #SSR/ASR  
RUN-0007 : ---------------------------
RUN-0007 :    6    |   4   |     5      
RUN-0007 : ---------------------------
RUN-0007 : Control Set = 13
PHY-3001 : Initial placement ...
PHY-3001 : design contains 1035 instances, 383 luts, 490 seqs, 127 slices, 24 macros(127 instances: 80 mslices 47 lslices)
PHY-0007 : Cell area utilization is 3%
PHY-3001 : Global placement ...
PHY-3001 : Initial: Len = 310182
PHY-3001 : Clustering ...
PHY-3001 : Level 0 #clusters 1035.
PHY-3001 : End clustering;  0.000037s wall, 0.000000s user + 0.000000s system = 0.000000s CPU (n/a%)

PHY-3001 : Run with size of 4
PHY-3001 : Cell area utilization is 3%
PHY-3001 : :::0::: Try harder cell spreading with beta_ = 0
PHY-3002 : Step(1): len = 202110, overlap = 2.25
PHY-3002 : Step(2): len = 134899, overlap = 6.75
PHY-3002 : Step(3): len = 102855, overlap = 6.75
PHY-3002 : Step(4): len = 82697, overlap = 4.5
PHY-3002 : Step(5): len = 73212.7, overlap = 9
PHY-3002 : Step(6): len = 60514.1, overlap = 9
PHY-3002 : Step(7): len = 51706.6, overlap = 9
PHY-3002 : Step(8): len = 46103.5, overlap = 9
PHY-3002 : Step(9): len = 38909.6, overlap = 10.4375
PHY-3002 : Step(10): len = 38517.4, overlap = 9
PHY-3002 : Step(11): len = 33199.8, overlap = 9
PHY-3002 : Step(12): len = 32560.1, overlap = 6.75
PHY-3002 : Step(13): len = 31337.6, overlap = 10.125
PHY-3002 : Step(14): len = 27881.8, overlap = 10.8125
PHY-3002 : Step(15): len = 27511.8, overlap = 11.375
PHY-3002 : Step(16): len = 27806.3, overlap = 11
PHY-3001 : :::1::: Try harder cell spreading with beta_ = 3.90129e-05
PHY-3002 : Step(17): len = 28377.6, overlap = 6.5625
PHY-3002 : Step(18): len = 28341.9, overlap = 8.8125
PHY-3002 : Step(19): len = 26875.4, overlap = 8.875
PHY-3002 : Step(20): len = 26738.8, overlap = 11.25
PHY-3002 : Step(21): len = 26143.2, overlap = 6.625
PHY-3002 : Step(22): len = 26071.4, overlap = 6.625
PHY-3002 : Step(23): len = 25248.7, overlap = 8.5625
PHY-3002 : Step(24): len = 25180.4, overlap = 8.5
PHY-3002 : Step(25): len = 25078.2, overlap = 8.5
PHY-3001 : :::2::: Try harder cell spreading with beta_ = 7.80258e-05
PHY-3002 : Step(26): len = 25182.5, overlap = 6.25
PHY-3002 : Step(27): len = 25165.7, overlap = 6.25
PHY-3002 : Step(28): len = 25140.1, overlap = 3.9375
PHY-3001 : :::3::: Try harder cell spreading with beta_ = 0.000156052
PHY-3002 : Step(29): len = 24982.9, overlap = 6.125
PHY-3002 : Step(30): len = 24940.4, overlap = 6.0625
PHY-3001 : Legalization ...
PHY-3001 : End legalization;  0.006818s wall, 0.000000s user + 0.000000s system = 0.000000s CPU (n/a%)

PHY-3001 : Run with size of 4
PHY-3001 : Cell area utilization is 4%
PHY-3001 : :::0::: Try harder cell spreading with beta_ = 0.000118185
PHY-3002 : Step(31): len = 25671.5, overlap = 10.6875
PHY-3002 : Step(32): len = 25890.1, overlap = 10.9062
PHY-3002 : Step(33): len = 23646.4, overlap = 11.5625
PHY-3002 : Step(34): len = 23892.5, overlap = 11.125
PHY-3002 : Step(35): len = 24224.2, overlap = 10.75
PHY-3002 : Step(36): len = 24619, overlap = 10.5625
PHY-3002 : Step(37): len = 22565.3, overlap = 11.875
PHY-3002 : Step(38): len = 22009.7, overlap = 12.5
PHY-3002 : Step(39): len = 21774.5, overlap = 15.125
PHY-3002 : Step(40): len = 21046.2, overlap = 19.2188
PHY-3002 : Step(41): len = 20315.1, overlap = 22.5938
PHY-3002 : Step(42): len = 20289.6, overlap = 23.2188
PHY-3002 : Step(43): len = 20149.3, overlap = 22.3125
PHY-3001 : :::1::: Try harder cell spreading with beta_ = 0.00023637
PHY-3002 : Step(44): len = 19557, overlap = 24.3438
PHY-3002 : Step(45): len = 19457.4, overlap = 25.3438
PHY-3001 : :::2::: Try harder cell spreading with beta_ = 0.000472739
PHY-3002 : Step(46): len = 19369.2, overlap = 25.0312
PHY-3002 : Step(47): len = 19369.2, overlap = 25.0312
PHY-3001 : Run with size of 2
PHY-3001 : Cell area utilization is 4%
PHY-3001 : :::0::: Try harder cell spreading with beta_ = 6.21379e-06
PHY-3002 : Step(48): len = 19788.9, overlap = 38.1562
PHY-3002 : Step(49): len = 19788.9, overlap = 38.1562
PHY-3001 : :::1::: Try harder cell spreading with beta_ = 1.24276e-05
PHY-3002 : Step(50): len = 19979, overlap = 41.75
PHY-3002 : Step(51): len = 20225, overlap = 42.2812
PHY-3002 : Step(52): len = 20924.4, overlap = 39.9688
PHY-3002 : Step(53): len = 21105.7, overlap = 40.1875
PHY-3002 : Step(54): len = 20770.6, overlap = 40.7188
PHY-3002 : Step(55): len = 20554.5, overlap = 39.6562
PHY-3002 : Step(56): len = 20495.8, overlap = 37.0938
PHY-3001 : :::2::: Try harder cell spreading with beta_ = 2.48551e-05
PHY-3002 : Step(57): len = 20210.9, overlap = 33.9375
PHY-3002 : Step(58): len = 20284.4, overlap = 32.3125
PHY-3002 : Step(59): len = 20378.9, overlap = 30.0625
PHY-3001 : :::3::: Try harder cell spreading with beta_ = 4.97103e-05
PHY-3002 : Step(60): len = 20603.8, overlap = 27.0312
PHY-3002 : Step(61): len = 20716.1, overlap = 24.5938
PHY-3002 : Step(62): len = 21040.2, overlap = 22.4375
PHY-3001 : :::4::: Try harder cell spreading with beta_ = 9.94206e-05
PHY-3002 : Step(63): len = 20945.7, overlap = 21.0625
PHY-3002 : Step(64): len = 20949.8, overlap = 21
PHY-3001 : :::5::: Try harder cell spreading with beta_ = 0.000198841
PHY-3002 : Step(65): len = 21244, overlap = 20.1562
PHY-3002 : Step(66): len = 21280.4, overlap = 20.0625
PHY-3001 : :::6::: Try harder cell spreading with beta_ = 0.000397682
PHY-3002 : Step(67): len = 21502.4, overlap = 18.2812
PHY-3002 : Step(68): len = 21502.4, overlap = 18.2812
PHY-3001 : :::7::: Try harder cell spreading with beta_ = 0.000726165
PHY-3002 : Step(69): len = 21676.3, overlap = 18.75
PHY-3002 : Step(70): len = 21743.7, overlap = 18.5938
PHY-3001 : :::8::: Try harder cell spreading with beta_ = 0.00145233
PHY-3002 : Step(71): len = 21886, overlap = 18.7188
PHY-3002 : Step(72): len = 21912.8, overlap = 17.5938
PHY-3001 : :::9::: Try harder cell spreading with beta_ = 0.00261481
PHY-3002 : Step(73): len = 21939.5, overlap = 18.5625
PHY-3002 : Step(74): len = 21948.7, overlap = 17.0625
PHY-3001 : :::10::: Try harder cell spreading with beta_ = 0.00522962
PHY-3002 : Step(75): len = 22012, overlap = 15.7188
PHY-3002 : Step(76): len = 21939.6, overlap = 15.625
PHY-3001 : :::11::: Try harder cell spreading with beta_ = 0.0104592
PHY-3002 : Step(77): len = 21974.1, overlap = 16.25
PHY-3002 : Step(78): len = 21974.1, overlap = 16.25
PHY-3001 : :::12::: Try harder cell spreading with beta_ = 0.0209185
PHY-3002 : Step(79): len = 22009.6, overlap = 15.6562
PHY-3002 : Step(80): len = 22009.6, overlap = 15.6562
OPT-1001 : Start physical optimization ...
OPT-1001 : Total overflow 54.16 peak overflow 4.31
OPT-1001 : Start high-fanout net optimization ...
OPT-1001 : Update timing in global mode
PHY-1001 : Start incremental global routing, caller is place ...
RUN-1001 : Generating global routing grids ...
RUN-1001 : Building simple global routing graph ...
PHY-1001 : Generate routing nets ...
PHY-1001 : Reuse net number 0/1206.
PHY-1001 : Global iterations in 16 thread ...
PHY-1002 : len = 25672, over cnt = 122(0%), over = 398, worst = 15
PHY-1001 : End global iterations;  0.061294s wall, 0.062500s user + 0.031250s system = 0.093750s CPU (153.0%)

PHY-1001 : Congestion index: top1 = 27.18, top5 = 15.14, top10 = 9.10, top15 = 6.24.
PHY-1001 : End incremental global routing;  0.124012s wall, 0.125000s user + 0.031250s system = 0.156250s CPU (126.0%)

RUN-1002 : start command "start_timer -report"
TMR-5001 WARNING: No sdc constraints found while initiating timer.
TMR-2505 : Start building timing graph for model rx_top.
TMR-2506 : Build timing graph completely. Port num: 8, tpin num: 5005, tnet num: 1204, tinst num: 1035, tnode num: 6791, tedge num: 8188.
TMR-2508 : Levelizing timing graph completed, there are 29 levels in total.
TMR-2501 : Timing graph initialized successfully.
OPT-1001 : End timing update;  0.141863s wall, 0.140625s user + 0.000000s system = 0.140625s CPU (99.1%)

OPT-1001 : 0 high-fanout net processed.
OPT-1001 : End high-fanout net optimization;  0.280828s wall, 0.281250s user + 0.031250s system = 0.312500s CPU (111.3%)

OPT-1001 : Current memory(MB): used = 171, reserve = 134, peak = 171.
OPT-1001 : End physical optimization;  0.292190s wall, 0.296875s user + 0.031250s system = 0.328125s CPU (112.3%)

PHY-3001 : Start packing ...
SYN-4007 : Packing 0 MUX to BLE ...
SYN-4008 : Packed 0 MUX and 0 SEQ to BLE.
SYN-4007 : Packing 383 LUT to BLE ...
SYN-4008 : Packed 383 LUT and 126 SEQ to BLE.
SYN-4003 : Packing 364 remaining SEQ's ...
SYN-4005 : Packed 189 SEQ with LUT/SLICE
SYN-4006 : 95 single LUT's are left
SYN-4006 : 175 single SEQ's are left
SYN-4011 : Packing model "rx_top" (AL_USER_NORMAL) with 558/734 primitive instances ...
PHY-3001 : End packing;  0.030980s wall, 0.031250s user + 0.000000s system = 0.031250s CPU (100.9%)

PHY-1001 : Populate physical database on model rx_top.
RUN-1001 : There are total 480 instances
RUN-1001 : 222 mslices, 221 lslices, 25 pads, 4 brams, 0 dsps
RUN-1001 : There are total 1084 nets
RUN-1001 : 457 nets have 2 pins
RUN-1001 : 526 nets have [3 - 5] pins
RUN-1001 : 60 nets have [6 - 10] pins
RUN-1001 : 24 nets have [11 - 20] pins
RUN-1001 : 12 nets have [21 - 99] pins
RUN-1001 : 5 nets have 100+ pins
PHY-3001 : design contains 478 instances, 443 slices, 24 macros(127 instances: 80 mslices 47 lslices)
PHY-3001 : Cell area utilization is 5%
PHY-3001 : After packing: Len = 22790.6, Over = 29.5
PHY-3001 : Run with size of 2
PHY-3001 : Cell area utilization is 5%
PHY-3001 : :::0::: Try harder cell spreading with beta_ = 1.32505e-05
PHY-3002 : Step(81): len = 21992.3, overlap = 32
PHY-3002 : Step(82): len = 22026.7, overlap = 31.5
PHY-3002 : Step(83): len = 22001.5, overlap = 31.5
PHY-3001 : :::1::: Try harder cell spreading with beta_ = 2.6501e-05
PHY-3002 : Step(84): len = 21764.8, overlap = 33
PHY-3002 : Step(85): len = 21912.7, overlap = 33.5
PHY-3002 : Step(86): len = 22011.1, overlap = 32.75
PHY-3001 : :::2::: Try harder cell spreading with beta_ = 5.30021e-05
PHY-3002 : Step(87): len = 22779.7, overlap = 32
PHY-3002 : Step(88): len = 23232, overlap = 33.75
PHY-3002 : Step(89): len = 23633.3, overlap = 34.5
PHY-3001 : Legalization ...
PHY-3001 : End legalization;  0.140197s wall, 0.109375s user + 0.265625s system = 0.375000s CPU (267.5%)

PHY-3001 : Trial Legalized: Len = 34077.3
PHY-3001 : Run with size of 2
PHY-3001 : Cell area utilization is 5%
PHY-3001 : :::0::: Try harder cell spreading with beta_ = 0.000294193
PHY-3002 : Step(90): len = 29000.5, overlap = 9.5
PHY-3002 : Step(91): len = 27609.4, overlap = 11.75
PHY-3002 : Step(92): len = 26231.9, overlap = 14.25
PHY-3002 : Step(93): len = 26136.2, overlap = 14.25
PHY-3002 : Step(94): len = 25525.9, overlap = 17.5
PHY-3002 : Step(95): len = 25449.3, overlap = 17.5
PHY-3002 : Step(96): len = 25150.3, overlap = 17.25
PHY-3001 : :::1::: Try harder cell spreading with beta_ = 0.000588386
PHY-3002 : Step(97): len = 25311.5, overlap = 17.75
PHY-3002 : Step(98): len = 25393.3, overlap = 17
PHY-3002 : Step(99): len = 25427.6, overlap = 17
PHY-3001 : :::2::: Try harder cell spreading with beta_ = 0.00117677
PHY-3002 : Step(100): len = 25469.2, overlap = 16.75
PHY-3002 : Step(101): len = 25480.3, overlap = 16.75
PHY-3001 : Legalization ...
PHY-3001 : End legalization;  0.004730s wall, 0.015625s user + 0.000000s system = 0.015625s CPU (330.3%)

PHY-3001 : Legalized: Len = 30240.2, Over = 0
PHY-3001 : Spreading special nets. 5 overflows in 2952 tiles.
PHY-3001 : End spreading;  0.004670s wall, 0.000000s user + 0.000000s system = 0.000000s CPU (n/a%)

PHY-3001 : 8 instances has been re-located, deltaX = 0, deltaY = 8, maxDist = 1.
PHY-3001 : Final: Len = 30382.2, Over = 0
OPT-1001 : Start physical optimization ...
OPT-1001 : Total overflow 0.00 peak overflow 0.00
OPT-1001 : Start high-fanout net optimization ...
OPT-1001 : Update timing in global mode
PHY-1001 : Start incremental global routing, caller is place ...
RUN-1001 : Generating global routing grids ...
PHY-1001 : Generate routing nets ...
PHY-1001 : Reuse net number 51/1084.
PHY-1001 : Global iterations in 16 thread ...
PHY-1002 : len = 36000, over cnt = 136(0%), over = 209, worst = 5
PHY-1002 : len = 37208, over cnt = 54(0%), over = 60, worst = 4
PHY-1002 : len = 37904, over cnt = 5(0%), over = 6, worst = 2
PHY-1002 : len = 38000, over cnt = 0(0%), over = 0, worst = 0
PHY-1001 : End global iterations;  0.124000s wall, 0.156250s user + 0.062500s system = 0.218750s CPU (176.4%)

PHY-1001 : Congestion index: top1 = 27.59, top5 = 18.75, top10 = 12.38, top15 = 8.72.
PHY-1001 : End incremental global routing;  0.182689s wall, 0.218750s user + 0.062500s system = 0.281250s CPU (154.0%)

RUN-1002 : start command "start_timer -report"
TMR-5001 WARNING: No sdc constraints found while initiating timer.
TMR-2505 : Start building timing graph for model rx_top.
TMR-2506 : Build timing graph completely. Port num: 8, tpin num: 4346, tnet num: 1082, tinst num: 478, tnode num: 5605, tedge num: 7331.
TMR-2508 : Levelizing timing graph completed, there are 29 levels in total.
TMR-2501 : Timing graph initialized successfully.
OPT-1001 : End timing update;  0.156871s wall, 0.156250s user + 0.000000s system = 0.156250s CPU (99.6%)

OPT-1001 : 0 high-fanout net processed.
OPT-1001 : End high-fanout net optimization;  0.355374s wall, 0.390625s user + 0.062500s system = 0.453125s CPU (127.5%)

OPT-1001 : Current memory(MB): used = 173, reserve = 137, peak = 173.
OPT-1001 : Update timing in Manhattan mode
OPT-1001 : End timing update;  0.001335s wall, 0.000000s user + 0.000000s system = 0.000000s CPU (n/a%)

OPT-1001 : Start pin optimization...
OPT-1001 : skip pin optimization...
RUN-1001 : Generating global routing grids ...
PHY-1001 : Generate routing nets ...
PHY-1001 : Reuse net number 914/1084.
PHY-1001 : Global iterations in 16 thread ...
PHY-1002 : len = 38000, over cnt = 0(0%), over = 0, worst = 0
PHY-1001 : End global iterations;  0.003214s wall, 0.000000s user + 0.000000s system = 0.000000s CPU (n/a%)

PHY-1001 : Congestion index: top1 = 27.59, top5 = 18.75, top10 = 12.38, top15 = 8.72.
OPT-1001 : Update timing in Manhattan mode
OPT-1001 : End timing update;  0.001797s wall, 0.000000s user + 0.000000s system = 0.000000s CPU (n/a%)

RUN-1001 : QoR Analysis:
OPT-0007 :   WNS 2147483647 TNS 0 NUM_FEPS 0
RUN-1001 :   No local congestion issue, and most congested 1% tile average routing util is 27.137931
RUN-1001 :   Top critical paths
OPT-1001 : End physical optimization;  0.432323s wall, 0.468750s user + 0.062500s system = 0.531250s CPU (122.9%)

RUN-1003 : finish command "place" in  3.956777s wall, 5.484375s user + 5.187500s system = 10.671875s CPU (269.7%)

RUN-1004 : used memory is 156 MB, reserved memory is 120 MB, peak memory is 174 MB
RUN-1002 : start command "export_db rx_top_place.db"
RUN-1001 : Exported /
RUN-1001 : Exported flow parameters
RUN-1001 : Exported libs
RUN-1001 : Exported entities
RUN-1001 : Exported ports
RUN-1001 : Exported pins
RUN-1001 : Exported instances
RUN-1001 : Exported nets
RUN-1001 : Exported buses
RUN-1001 : Exported models
RUN-1001 : Exported congestions
RUN-1001 : Exported violations
RUN-1001 : Exported IO constraints
RUN-1001 : Exported Inst constraints
RUN-1001 : Exported ChipWatcher
RUN-1002 : start command "route"
RUN-1001 : Open license file C:/Anlogic/TD5.6.2/license/Anlogic.lic
RUN-1001 : Print Global Property
RUN-1001 : ---------------------------------------------------------------
RUN-1001 :        Parameters        |  Settings  |  Default Values  |  Note  
RUN-1001 : ---------------------------------------------------------------
RUN-1001 :          message         |  standard  |     standard     |        
RUN-1001 :   mixed_pack_place_flow  |     on     |        on        |        
RUN-1001 :        qor_monitor       |    off     |       off        |        
RUN-1001 :        syn_ip_flow       |    off     |       off        |        
RUN-1001 :          thread          |    auto    |       auto       |        
RUN-1001 : ---------------------------------------------------------------
RUN-1001 : Print Route Property
RUN-1001 : -------------------------------------------------------
RUN-1001 :    Parameters    |  Settings  |  Default Values  |  Note  
RUN-1001 : -------------------------------------------------------
RUN-1001 :      effort      |   medium   |      medium      |        
RUN-1001 :     fix_hold     |    off     |       off        |        
RUN-1001 :    opt_timing    |   medium   |      medium      |        
RUN-1001 :   phy_sim_model  |    off     |       off        |        
RUN-1001 :     priority     |   timing   |      timing      |        
RUN-1001 :     swap_pin     |     on     |        on        |        
RUN-1001 : -------------------------------------------------------
PHY-1001 : Route runs in 16 thread(s)
RUN-1001 : There are total 480 instances
RUN-1001 : 222 mslices, 221 lslices, 25 pads, 4 brams, 0 dsps
RUN-1001 : There are total 1084 nets
RUN-1001 : 457 nets have 2 pins
RUN-1001 : 526 nets have [3 - 5] pins
RUN-1001 : 60 nets have [6 - 10] pins
RUN-1001 : 24 nets have [11 - 20] pins
RUN-1001 : 12 nets have [21 - 99] pins
RUN-1001 : 5 nets have 100+ pins
RUN-1002 : start command "start_timer -report"
TMR-5001 WARNING: No sdc constraints found while initiating timer.
TMR-2505 : Start building timing graph for model rx_top.
TMR-2506 : Build timing graph completely. Port num: 8, tpin num: 4346, tnet num: 1082, tinst num: 478, tnode num: 5605, tedge num: 7331.
TMR-2508 : Levelizing timing graph completed, there are 29 levels in total.
TMR-2501 : Timing graph initialized successfully.
PHY-1001 : 222 mslices, 221 lslices, 25 pads, 4 brams, 0 dsps
TMR-2503 : Start to update net delay, extr mode = 3.
TMR-2504 : Update delay of 1082 nets completely.
TMR-2502 : Annotate delay completely, extr mode = 3.
TMR-3002 : No user constraint, initiate default constraint.
TMR-1501 : Assign derive clock DeriveClock to 604 clock pins, and constraint 1259 relative nodes.
TMR-3003 : Constraints initiated successfully.
TMR-3501 : Forward propagation: start to calculate arrival time...
TMR-3502 : Backward propagation: start to calculate required time...
TMR-3503 : Timing propagation completes.
PHY-1001 : Start global routing, caller is route ...
RUN-1001 : Generating global routing grids ...
PHY-1001 : Generate routing nets ...
PHY-1001 : Global iterations in 16 thread ...
PHY-1002 : len = 35736, over cnt = 130(0%), over = 207, worst = 5
PHY-1002 : len = 36984, over cnt = 45(0%), over = 53, worst = 4
PHY-1002 : len = 37680, over cnt = 3(0%), over = 4, worst = 2
PHY-1002 : len = 37736, over cnt = 0(0%), over = 0, worst = 0
PHY-1001 : End global iterations;  0.131868s wall, 0.125000s user + 0.015625s system = 0.140625s CPU (106.6%)

PHY-1001 : Congestion index: top1 = 27.52, top5 = 18.43, top10 = 12.16, top15 = 8.59.
PHY-1001 : End global routing;  0.189381s wall, 0.187500s user + 0.015625s system = 0.203125s CPU (107.3%)

PHY-1001 : Start detail routing ...
PHY-1001 : Current memory(MB): used = 203, reserve = 167, peak = 215.
PHY-1001 : Detailed router is running in normal mode.
PHY-1001 : Generate detailed routing grids ...
PHY-1001 : Processed IO instance DigitronCS_Out[3]_syn_2 with INV attribute.
PHY-1001 : Processed IO instance DigitronCS_Out[2]_syn_2 with INV attribute.
PHY-1001 : Processed IO instance DigitronCS_Out[1]_syn_2 with INV attribute.
PHY-1001 : Processed IO instance DigitronCS_Out[0]_syn_2 with INV attribute.
PHY-1001 : Processed IO instance TX_Pin_Out_syn_2 with INV attribute.
PHY-1001 : Generate nets ...
PHY-1001 : net CLK_dup_1 will be routed on clock mesh
PHY-1001 : clock net CLK_500K_syn_8 will be merged with clock CLK_500K
PHY-1001 : clock net U5/SingleNum_n_syn_3 will be merged with clock U5/SingleNum_n
PHY-1001 : clock net U6/State_n_syn_5 will be merged with clock U6/State_n
PHY-1001 : clock net U6/rTX_n1_syn_5 will be merged with clock U6/rTX_n1
PHY-1001 : clock net config_inst_syn_10 will be merged with clock config_inst_syn_9
PHY-1001 : Current memory(MB): used = 468, reserve = 436, peak = 468.
PHY-1001 : End build detailed router design. 3.321022s wall, 3.203125s user + 0.125000s system = 3.328125s CPU (100.2%)

PHY-1001 : Detail Route ...
PHY-1001 : ===== Detail Route Phase 1 =====
PHY-1001 : Clock net routing.....
PHY-1001 : Routed 0% nets.
PHY-1022 : len = 28576, over cnt = 0(0%), over = 0, worst = 0, crit = 0
PHY-1001 : End initial clock net routed; 2.637576s wall, 2.609375s user + 0.015625s system = 2.625000s CPU (99.5%)

PHY-1001 : Current memory(MB): used = 499, reserve = 469, peak = 499.
PHY-1001 : End phase 1; 2.643489s wall, 2.609375s user + 0.015625s system = 2.625000s CPU (99.3%)

PHY-1001 : ===== Detail Route Phase 2 =====
PHY-1001 : Initial routing.....
PHY-1001 : Routed 32% nets.
PHY-1001 : Routed 37% nets.
PHY-1001 : Routed 50% nets.
PHY-1001 : Routed 64% nets.
PHY-1001 : Routed 87% nets.
PHY-1022 : len = 158600, over cnt = 35(0%), over = 35, worst = 1, crit = 0
PHY-1001 : Current memory(MB): used = 500, reserve = 469, peak = 500.
PHY-1001 : End initial routed; 1.709138s wall, 2.265625s user + 0.218750s system = 2.484375s CPU (145.4%)

PHY-1001 : Current memory(MB): used = 500, reserve = 469, peak = 500.
PHY-1001 : End phase 2; 1.709236s wall, 2.265625s user + 0.218750s system = 2.484375s CPU (145.4%)

PHY-1001 : ===== Detail Route Phase 3 =====
PHY-1001 : Ripup-reroute.....
PHY-1001 : ===== DR Iter 1 =====
PHY-1022 : len = 158376, over cnt = 8(0%), over = 8, worst = 1, crit = 0
PHY-1001 : End DR Iter 1; 0.038847s wall, 0.031250s user + 0.000000s system = 0.031250s CPU (80.4%)

PHY-1001 : ===== DR Iter 2 =====
PHY-1022 : len = 158456, over cnt = 1(0%), over = 1, worst = 1, crit = 0
PHY-1001 : End DR Iter 2; 0.016119s wall, 0.015625s user + 0.000000s system = 0.015625s CPU (96.9%)

PHY-1001 : ===== DR Iter 3 =====
PHY-1022 : len = 158440, over cnt = 0(0%), over = 0, worst = 0, crit = 0
PHY-1001 : End DR Iter 3; 0.014795s wall, 0.015625s user + 0.000000s system = 0.015625s CPU (105.6%)

PHY-1001 : Commit to database.....
PHY-1001 : 7 feed throughs used by 6 nets
PHY-1001 : End commit to database; 0.103696s wall, 0.093750s user + 0.000000s system = 0.093750s CPU (90.4%)

PHY-1001 : Current memory(MB): used = 512, reserve = 481, peak = 512.
PHY-1001 : End phase 3; 0.279282s wall, 0.281250s user + 0.000000s system = 0.281250s CPU (100.7%)

PHY-1003 : Routed, final wirelength = 158440
PHY-1001 : Current memory(MB): used = 512, reserve = 481, peak = 512.
PHY-1001 : End export database. 0.009586s wall, 0.015625s user + 0.000000s system = 0.015625s CPU (163.0%)

PHY-1001 : End detail routing;  8.219895s wall, 8.625000s user + 0.359375s system = 8.984375s CPU (109.3%)

RUN-1003 : finish command "route" in  8.698031s wall, 9.109375s user + 0.375000s system = 9.484375s CPU (109.0%)

RUN-1004 : used memory is 447 MB, reserved memory is 416 MB, peak memory is 512 MB
RUN-1002 : start command "report_area -io_info -file rx_top_phy.area"
RUN-1001 : standard
***Report Model: rx_top Device: EG4S20BG256***

IO Statistics
#IO                        25
  #input                    4
  #output                  21
  #inout                    0

Utilization Statistics
#lut                      666   out of  19600    3.40%
#reg                      498   out of  19600    2.54%
#le                       841
  #lut only               343   out of    841   40.78%
  #reg only               175   out of    841   20.81%
  #lut&reg                323   out of    841   38.41%
#dsp                        0   out of     29    0.00%
#bram                       4   out of     64    6.25%
  #bram9k                   4
  #fifo9k                   0
#bram32k                    0   out of     16    0.00%
#pad                       25   out of    188   13.30%
  #ireg                     1
  #oreg                    13
  #treg                     0
#pll                        0   out of      4    0.00%
#gclk                       5   out of     16   31.25%

Clock Resource Statistics
Index     ClockNet             Type               DriverType         Driver                     Fanout
#1        config_inst_syn_9    GCLK               config             config_inst.jtck           158
#2        CLK_500K             GCLK               mslice             CLK_500K_reg_syn_5.q1      110
#3        CLK_dup_1            GCLK               io                 CLK_syn_2.di               27
#4        U5/SingleNum_n       GCLK               mslice             U5/SingleNum_n_syn_7.f0    7
#5        U6/State_n           GCLK               lslice             U6/State_n_syn_12.f0       3
#6        U6/rTX_n1            GCLK               mslice             U6/rTX_n1_syn_11.f1        2


Detailed IO Report

        Name           Direction    Location    IOStandard    DriveStrength    PullType    PackReg  
         CLK             INPUT         R7        LVCMOS33          N/A          PULLUP      NONE    
        RSTn             INPUT         A9        LVCMOS33          N/A          PULLUP      NONE    
      RX_En_Sig          INPUT        A10        LVCMOS33          N/A          PULLUP      NONE    
      RX_Pin_In          INPUT        F12        LVCMOS33          N/A          PULLUP      IREG    
  DigitronCS_Out[3]     OUTPUT         A3        LVCMOS33           8            NONE       OREG    
  DigitronCS_Out[2]     OUTPUT         A5        LVCMOS33           8            NONE       OREG    
  DigitronCS_Out[1]     OUTPUT         B6        LVCMOS33           8            NONE       OREG    
  DigitronCS_Out[0]     OUTPUT         C9        LVCMOS33           8            NONE       OREG    
   Digitron_Out[7]      OUTPUT         C8        LVCMOS33           8            NONE       NONE    
   Digitron_Out[6]      OUTPUT         A8        LVCMOS33           8            NONE       NONE    
   Digitron_Out[5]      OUTPUT         B5        LVCMOS33           8            NONE       NONE    
   Digitron_Out[4]      OUTPUT         A7        LVCMOS33           8            NONE       NONE    
   Digitron_Out[3]      OUTPUT         E8        LVCMOS33           8            NONE       NONE    
   Digitron_Out[2]      OUTPUT         B8        LVCMOS33           8            NONE       NONE    
   Digitron_Out[1]      OUTPUT         A6        LVCMOS33           8            NONE       NONE    
   Digitron_Out[0]      OUTPUT         A4        LVCMOS33           8            NONE       NONE    
     LED_Out[7]         OUTPUT        F16        LVCMOS33           8            NONE       OREG    
     LED_Out[6]         OUTPUT        E16        LVCMOS33           8            NONE       OREG    
     LED_Out[5]         OUTPUT        E13        LVCMOS33           8            NONE       OREG    
     LED_Out[4]         OUTPUT        C16        LVCMOS33           8            NONE       OREG    
     LED_Out[3]         OUTPUT        C15        LVCMOS33           8            NONE       OREG    
     LED_Out[2]         OUTPUT        B16        LVCMOS33           8            NONE       OREG    
     LED_Out[1]         OUTPUT        B15        LVCMOS33           8            NONE       OREG    
     LED_Out[0]         OUTPUT        B14        LVCMOS33           8            NONE       OREG    
     TX_Pin_Out         OUTPUT        D12        LVCMOS33           8            NONE       OREG    

Report Hierarchy Area:
+---------------------------------------------------------------------------------------------------------------+
|Instance                             |Module              |le     |lut     |ripple  |seq     |bram    |dsp     |
+---------------------------------------------------------------------------------------------------------------+
|top                                  |rx_top              |841    |539     |127     |512     |4       |0       |
|  U1                                 |detect_module       |1      |0       |0       |1       |0       |0       |
|  U2                                 |rx_bps_module       |27     |23      |4       |13      |0       |0       |
|  U3                                 |rx_control_module   |32     |32      |0       |13      |0       |0       |
|  U5                                 |Digitron_NumDisplay |144    |119     |23      |40      |0       |0       |
|  U6                                 |tx_control_module   |17     |17      |0       |5       |0       |0       |
|  cw_top                             |CW_TOP_WRAPPER      |595    |331     |93      |414     |0       |0       |
|    wrapper_cwc_top                  |cwc_top             |595    |331     |93      |414     |0       |0       |
|      cfg_int_inst                   |cwc_cfg_int         |278    |121     |0       |278     |0       |0       |
|        reg_inst                     |register            |275    |118     |0       |275     |0       |0       |
|        tap_inst                     |tap                 |3      |3       |0       |3       |0       |0       |
|      trigger_inst                   |trigger             |317    |210     |93      |136     |0       |0       |
|        bus_inst                     |bus_top             |101    |62      |32      |45      |0       |0       |
|          BUS_DETECTOR[10]$bus_nodes |bus_det             |2      |2       |0       |2       |0       |0       |
|          BUS_DETECTOR[11]$bus_nodes |bus_det             |3      |3       |0       |3       |0       |0       |
|          BUS_DETECTOR[1]$bus_nodes  |bus_det             |12     |6       |6       |4       |0       |0       |
|          BUS_DETECTOR[2]$bus_nodes  |bus_det             |44     |28      |16      |15      |0       |0       |
|          BUS_DETECTOR[3]$bus_nodes  |bus_det             |2      |2       |0       |2       |0       |0       |
|          BUS_DETECTOR[4]$bus_nodes  |bus_det             |2      |1       |0       |2       |0       |0       |
|          BUS_DETECTOR[5]$bus_nodes  |bus_det             |1      |1       |0       |1       |0       |0       |
|          BUS_DETECTOR[6]$bus_nodes  |bus_det             |2      |2       |0       |2       |0       |0       |
|          BUS_DETECTOR[8]$bus_nodes  |bus_det             |4      |4       |0       |4       |0       |0       |
|          BUS_DETECTOR[9]$bus_nodes  |bus_det             |29     |13      |10      |10      |0       |0       |
|        emb_ctrl_inst                |emb_ctrl            |122    |93      |29      |58      |0       |0       |
+---------------------------------------------------------------------------------------------------------------+


DataNet Average Fanout:

   Index     Fanout     Nets  
    #1          1       432   
    #2          2       403   
    #3          3        84   
    #4          4        37   
    #5        5-10       59   
    #6        11-50      32   
    #7       51-100      3    
    #8       101-500     1    
  Average     2.79            

RUN-1002 : start command "export_db rx_top_pr.db"
RUN-1001 : Exported /
RUN-1001 : Exported flow parameters
RUN-1001 : Exported libs
RUN-1001 : Exported entities
RUN-1001 : Exported ports
RUN-1001 : Exported pins
RUN-1001 : Exported instances
RUN-1001 : Exported nets
RUN-1001 : Exported buses
RUN-1001 : Exported models
RUN-1001 : Exported congestions
RUN-1001 : Exported violations
RUN-1001 : Exported IO constraints
RUN-1001 : Exported Inst constraints
RUN-1001 : Exported ChipWatcher
RUN-1002 : start command "export_bid rx_top_inst.bid"
PRG-1000 : <!-- HMAC is: 3c56c17fa2dbdec4d518bcc31c1106728edb01ca0e04805943eda58a69847286 -->
RUN-1002 : start command "bitgen -bit rx_top.bit -unused_io_status pulldown"
BIT-1003 : Start to generate bitstream. 
BIT-1002 : Bitgen processed 163 unused pads, reserve input tri_state with pulldown
BIT-1002 : Init instances with 16 threads.
BIT-1002 : Init instances completely, inst num: 641
BIT-1002 : Init pips with 16 threads.
BIT-1002 : Init pips completely, net num: 1084, pip num: 10281
BIT-1002 : Init feedthrough completely, num: 7
BIT-1003 : Multithreading accelaration with 16 threads.
BIT-1003 : Generate bitstream completely, there are 1299 valid insts, and 27977 bits set as '1'.
BIT-1004 : the usercode register value: 00000000010100111110101011110010
BIT-1004 : PLL setting string = 0000
BIT-1004 : Generate bits file rx_top.bit.
RUN-1003 : finish command "bitgen -bit rx_top.bit -unused_io_status pulldown" in  1.590611s wall, 13.687500s user + 0.125000s system = 13.812500s CPU (868.4%)

RUN-1004 : used memory is 449 MB, reserved memory is 426 MB, peak memory is 647 MB
RUN-1002 : start command "backup_run_log run.log ../.logs/phy_1/td_20240827_151221.log"
