============================================================
   Tang Dynasty, V5.6.71036
      Copyright (c) 2012-2023 Anlogic Inc.
   Executable = C:/Anlogic/TD5.6.2/bin/td.exe
   Built at =   20:34:38 Mar 21 2023
   Run by =     Lenovo
   Run Date =   Tue Aug 27 17:14:36 2024

   Run on =     LAPTOP-QRG7LJL6
============================================================
RUN-1002 : start command "open_project rx_top.prj"
RUN-1001 : Print Global Property
RUN-1001 : ---------------------------------------------------------------
RUN-1001 :        Parameters        |  Settings  |  Default Values  |  Note  
RUN-1001 : ---------------------------------------------------------------
RUN-1001 :          message         |  standard  |     standard     |        
RUN-1001 :   mixed_pack_place_flow  |     on     |        on        |        
RUN-1001 :        qor_monitor       |    off     |       off        |        
RUN-1001 :        syn_ip_flow       |    off     |       off        |        
RUN-1001 :          thread          |    auto    |       auto       |        
RUN-1001 : ---------------------------------------------------------------
RUN-1001 : Print Design Property
RUN-1001 : --------------------------------------------------------------
RUN-1001 :        Parameters       |  Settings  |  Default Values  |  Note  
RUN-1001 : --------------------------------------------------------------
RUN-1001 :   default_reg_initial   |    auto    |       auto       |        
RUN-1001 :        infer_add        |     on     |        on        |        
RUN-1001 :        infer_fsm        |    off     |       off        |        
RUN-1001 :        infer_mult       |     on     |        on        |        
RUN-1001 :        infer_ram        |     on     |        on        |        
RUN-1001 :        infer_reg        |     on     |        on        |        
RUN-1001 :   infer_reg_init_value  |     on     |        on        |        
RUN-1001 :        infer_rom        |     on     |        on        |        
RUN-1001 :      infer_shifter      |     on     |        on        |        
RUN-1001 : --------------------------------------------------------------
RUN-1001 : Print Rtl Property
RUN-1001 : --------------------------------------------------------------
RUN-1001 :        Parameters       |  Settings  |  Default Values  |  Note  
RUN-1001 : --------------------------------------------------------------
RUN-1001 :       compress_add      |   ripple   |      ripple      |        
RUN-1001 :        elf_sload        |    off     |       off        |        
RUN-1001 :       fix_undriven      |     0      |        0         |        
RUN-1001 :         flatten         |    off     |       off        |        
RUN-1001 :       gate_sharing      |     on     |        on        |        
RUN-1001 :    hdl_warning_level    |   normal   |      normal      |        
RUN-1001 :   impl_internal_tribuf  |     on     |        on        |        
RUN-1001 :      impl_set_reset     |     on     |        on        |        
RUN-1001 :        infer_gsr        |    off     |       off        |        
RUN-1001 :      keep_hierarchy     |    auto    |       auto       |        
RUN-1001 :        max_fanout       |    9999    |       9999       |        
RUN-1001 :      max_oh2bin_len     |     10     |        10        |        
RUN-1001 :       merge_equal       |     on     |        on        |        
RUN-1001 :       merge_equiv       |     on     |        on        |        
RUN-1001 :        merge_mux        |    off     |       off        |        
RUN-1001 :     min_control_set     |     8      |        8         |        
RUN-1001 :      min_ripple_len     |    auto    |       auto       |        
RUN-1001 :       oh2bin_ratio      |    0.08    |       0.08       |        
RUN-1001 :     opt_adder_fanout    |     on     |        on        |        
RUN-1001 :        opt_arith        |     on     |        on        |        
RUN-1001 :       opt_big_gate      |    off     |       off        |        
RUN-1001 :        opt_const        |     on     |        on        |        
RUN-1001 :      opt_const_mult     |     on     |        on        |        
RUN-1001 :       opt_lessthan      |     on     |        on        |        
RUN-1001 :         opt_mux         |    off     |       off        |        
RUN-1001 :         opt_ram         |    high    |       high       |        
RUN-1001 :      rtl_sim_model      |    off     |       off        |        
RUN-1001 :         seq_syn         |     on     |        on        |        
RUN-1001 : --------------------------------------------------------------
HDL-1007 : analyze verilog file ../../rx_top.v
HDL-1007 : analyze verilog file ../../detect_module.v
HDL-1007 : analyze verilog file ../../rx_bps_module.v
HDL-1007 : analyze verilog file ../../rx_control_module.v
HDL-1007 : analyze verilog file ../../LED_display_module.v
HDL-5007 WARNING: empty port in module declaration in ../../LED_display_module.v(3)
HDL-1007 : analyze verilog file ../../Digitron_NumDisplay.v
HDL-1007 : analyze verilog file ../../tx_control_module.v
RUN-1001 : Project manager successfully analyzed 7 source files.
RUN-1002 : start command "import_device eagle_s20.db -package EG4S20BG256"
ARC-1001 : Device Initialization.
ARC-1001 : ------------------------------------------------------------------
ARC-1001 :            OPTION            |          IO          |   SETTING   
ARC-1001 : ------------------------------------------------------------------
ARC-1001 :   cso_b/cclk/mosi/miso/dout  |  T3/R11/T10/P10/S11  |    gpio    
ARC-1001 :             done             |         P13          |    gpio    
ARC-1001 :           program_b          |          T2          |  dedicate  
ARC-1001 :        tdi/tms/tck/tdo       |   C12/A15/C14/E14    |  dedicate  
ARC-1001 : ------------------------------------------------------------------
ARC-1004 : Device setting, marked 5 dedicate IOs in total.
RUN-1002 : start command "import_db ../syn_1/rx_top_gate.db"
RUN-1001 : Importing database generated by Tang Dynasty, V5.6.71036.
RUN-1001 : Database version number 46146.
RUN-1001 : Import flow parameters
RUN-1001 : Import IO constraints
RUN-1001 : Import Inst constraints
RUN-1001 : Import design success TD_VERSION=5.6.71036 , DB_VERSION=46146
RUN-1002 : start command "place"
RUN-1001 : Open license file C:/Anlogic/TD5.6.2/license/Anlogic.lic
RUN-1001 : Print Global Property
RUN-1001 : ---------------------------------------------------------------
RUN-1001 :        Parameters        |  Settings  |  Default Values  |  Note  
RUN-1001 : ---------------------------------------------------------------
RUN-1001 :          message         |  standard  |     standard     |        
RUN-1001 :   mixed_pack_place_flow  |     on     |        on        |        
RUN-1001 :        qor_monitor       |    off     |       off        |        
RUN-1001 :        syn_ip_flow       |    off     |       off        |        
RUN-1001 :          thread          |    auto    |       auto       |        
RUN-1001 : ---------------------------------------------------------------
RUN-1001 : Print Place Property
RUN-1001 : --------------------------------------------------------------
RUN-1001 :        Parameters       |  Settings  |  Default Values  |  Note  
RUN-1001 : --------------------------------------------------------------
RUN-1001 :      detailed_place     |     on     |        on        |        
RUN-1001 :          effort         |   medium   |      medium      |        
RUN-1001 :         fix_hold        |    off     |       off        |        
RUN-1001 :       legalization      |    ori     |       ori        |        
RUN-1001 :      new_spreading      |     on     |        on        |        
RUN-1001 :        opt_timing       |   medium   |      medium      |        
RUN-1001 :   post_clock_route_opt  |    off     |       off        |        
RUN-1001 :       pr_strategy       |     1      |        1         |        
RUN-1001 :        relaxation       |    1.00    |       1.00       |        
RUN-1001 :         retiming        |    off     |       off        |        
RUN-1001 : --------------------------------------------------------------
PHY-3001 : Placer runs in 16 thread(s).
RUN-1002 : start command "legalize_phy_inst"
SYN-1011 : Flatten model rx_top
SYN-5055 WARNING: The kept net U2/BPS_CLK_n will be merged to another kept net BPS_CLK
SYN-5055 WARNING: The kept net U3/BPS_CLK will be merged to another kept net BPS_CLK
SYN-5055 WARNING: The kept net U1/CLK will be merged to another kept net CLK_500K
SYN-5055 WARNING: The kept net U3/isCount will be merged to another kept net Count_Sig
SYN-5055 WARNING: The kept net U2/Count_Sig will be merged to another kept net Count_Sig
SYN-5055 WARNING: The kept net U3/isDone will be merged to another kept net RX_Done_Sig
SYN-5055 WARNING: The kept net U4/RX_Done_Sig will be merged to another kept net RX_Done_Sig
SYN-5055 WARNING: The kept net _al_n1 will be merged to another kept net TX_Data_Valid
SYN-5055 WARNING: The kept net U6/TX_Data_Valid will be merged to another kept net TX_Data_Valid
SYN-5055 WARNING: The kept net U1/neg_sig_n will be merged to another kept net neg_sig
SYN-5055 Similar messages will be suppressed.
RUN-1002 : start command "phys_opt -simplify_lut"
SYN-4024 : Net "CLK_500K" drives clk pins.
SYN-4024 : Net "CLK_dup_1" drives clk pins.
SYN-4024 : Net "U5/SingleNum_n" drives clk pins.
SYN-4025 : Tag rtl::Net CLK_500K as clock net
SYN-4025 : Tag rtl::Net CLK_dup_1 as clock net
SYN-4025 : Tag rtl::Net U5/SingleNum_n as clock net
SYN-4026 : Tagged 3 rtl::Net as clock net
SYN-4015 : Create BUFG instance for clk Net CLK_500K to drive 38 clock pins.
SYN-4015 : Create BUFG instance for clk Net U5/SingleNum_n to drive 8 clock pins.
PHY-1001 : Populate physical database on model rx_top.
RUN-1001 : There are total 247 instances
RUN-0007 : 127 luts, 61 seqs, 17 mslices, 12 lslices, 25 pads, 0 brams, 0 dsps
RUN-1001 : There are total 287 nets
RUN-1001 : 178 nets have 2 pins
RUN-1001 : 74 nets have [3 - 5] pins
RUN-1001 : 18 nets have [6 - 10] pins
RUN-1001 : 12 nets have [11 - 20] pins
RUN-1001 : 5 nets have [21 - 99] pins
RUN-1001 : Report Control nets information:
RUN-1001 : DFF Distribution
RUN-1001 : ----------------------------------
RUN-1001 :   CE   |  SSR  |  ASR  |  DFF Count  
RUN-1001 : ----------------------------------
RUN-1001 :   No   |  No   |  No   |     22      
RUN-1001 :   No   |  No   |  Yes  |     39      
RUN-1001 :   No   |  Yes  |  No   |      0      
RUN-1001 :   Yes  |  No   |  No   |      0      
RUN-1001 :   Yes  |  No   |  Yes  |      0      
RUN-1001 :   Yes  |  Yes  |  No   |      0      
RUN-1001 : ----------------------------------
RUN-0007 : Control Group Statistic
RUN-0007 : ---------------------------
RUN-0007 :   #CLK  |  #CE  |  #SSR/ASR  
RUN-0007 : ---------------------------
RUN-0007 :    3    |   1   |     2      
RUN-0007 : ---------------------------
RUN-0007 : Control Set = 4
PHY-3001 : Initial placement ...
PHY-3001 : design contains 245 instances, 127 luts, 61 seqs, 29 slices, 7 macros(29 instances: 17 mslices 12 lslices)
PHY-0007 : Cell area utilization is 0%
PHY-3001 : Global placement ...
PHY-3001 : Initial: Len = 64443
PHY-3001 : Clustering ...
PHY-3001 : Level 0 #clusters 245.
PHY-3001 : End clustering;  0.000042s wall, 0.000000s user + 0.000000s system = 0.000000s CPU (n/a%)

PHY-3001 : Run with size of 4
PHY-3001 : Cell area utilization is 0%
PHY-3001 : :::0::: Try harder cell spreading with beta_ = 0
PHY-3002 : Step(1): len = 43305.3, overlap = 0
PHY-3002 : Step(2): len = 30945.8, overlap = 0
PHY-3002 : Step(3): len = 24367.2, overlap = 0
PHY-3002 : Step(4): len = 19654.5, overlap = 0
PHY-3002 : Step(5): len = 17508.9, overlap = 0
PHY-3002 : Step(6): len = 16893.3, overlap = 0
PHY-3002 : Step(7): len = 15251.3, overlap = 0
PHY-3002 : Step(8): len = 13953.3, overlap = 0
PHY-3002 : Step(9): len = 13248.2, overlap = 0
PHY-3002 : Step(10): len = 12074.7, overlap = 0
PHY-3002 : Step(11): len = 11522.7, overlap = 0
PHY-3002 : Step(12): len = 11298.6, overlap = 0
PHY-3002 : Step(13): len = 10800.7, overlap = 0
PHY-3002 : Step(14): len = 10330.7, overlap = 0
PHY-3002 : Step(15): len = 9853.8, overlap = 0
PHY-3002 : Step(16): len = 9933.4, overlap = 0
PHY-3002 : Step(17): len = 8970.5, overlap = 0
PHY-3002 : Step(18): len = 8223.5, overlap = 0
PHY-3002 : Step(19): len = 8485.4, overlap = 0
PHY-3002 : Step(20): len = 7752.1, overlap = 0
PHY-3002 : Step(21): len = 7849.2, overlap = 0
PHY-3002 : Step(22): len = 7832, overlap = 0
PHY-3002 : Step(23): len = 6794.9, overlap = 0
PHY-3002 : Step(24): len = 6390.2, overlap = 0
PHY-3002 : Step(25): len = 5902, overlap = 0
PHY-3002 : Step(26): len = 5790.1, overlap = 0
PHY-3002 : Step(27): len = 5298.8, overlap = 0
PHY-3002 : Step(28): len = 4702.6, overlap = 0
PHY-3002 : Step(29): len = 4717.2, overlap = 0
PHY-3002 : Step(30): len = 4632.7, overlap = 0
PHY-3002 : Step(31): len = 4292, overlap = 0
PHY-3002 : Step(32): len = 4211.8, overlap = 0
PHY-3002 : Step(33): len = 4211.8, overlap = 0
PHY-3001 : Legalization ...
PHY-3001 : End legalization;  0.002850s wall, 0.015625s user + 0.000000s system = 0.015625s CPU (548.3%)

PHY-3001 : Run with size of 4
PHY-3001 : Cell area utilization is 1%
PHY-3001 : :::0::: Try harder cell spreading with beta_ = 0
PHY-3002 : Step(34): len = 4099.4, overlap = 0
PHY-3002 : Step(35): len = 4142.6, overlap = 0
PHY-3002 : Step(36): len = 4142.6, overlap = 0
PHY-3001 : Run with size of 2
PHY-3001 : Cell area utilization is 1%
PHY-3001 : :::0::: Try harder cell spreading with beta_ = 0
PHY-3002 : Step(37): len = 4094.8, overlap = 5.46875
PHY-3002 : Step(38): len = 4136.6, overlap = 5.28125
PHY-3002 : Step(39): len = 4136.6, overlap = 5.28125
OPT-1001 : Start physical optimization ...
OPT-1001 : Total overflow 12.69 peak overflow 2.84
OPT-1001 : Start high-fanout net optimization ...
OPT-1001 : Update timing in global mode
PHY-1001 : Start incremental global routing, caller is place ...
RUN-1001 : Generating global routing grids ...
RUN-1001 : Building simple global routing graph ...
PHY-1001 : Generate routing nets ...
PHY-1001 : Reuse net number 0/287.
PHY-1001 : Global iterations in 16 thread ...
PHY-1002 : len = 4528, over cnt = 18(0%), over = 55, worst = 9
PHY-1001 : End global iterations;  0.019985s wall, 0.015625s user + 0.000000s system = 0.015625s CPU (78.2%)

PHY-1001 : Congestion index: top1 = 11.07, top5 = 3.27, top10 = 1.63, top15 = 1.09.
PHY-1001 : End incremental global routing;  0.087979s wall, 0.093750s user + 0.000000s system = 0.093750s CPU (106.6%)

RUN-1002 : start command "start_timer -report"
TMR-5001 WARNING: No sdc constraints found while initiating timer.
TMR-2505 : Start building timing graph for model rx_top.
TMR-2506 : Build timing graph completely. Port num: 8, tpin num: 1042, tnet num: 285, tinst num: 245, tnode num: 1241, tedge num: 1612.
TMR-2508 : Levelizing timing graph completed, there are 26 levels in total.
TMR-2501 : Timing graph initialized successfully.
OPT-1001 : End timing update;  0.177370s wall, 0.171875s user + 0.000000s system = 0.171875s CPU (96.9%)

OPT-1001 : 0 high-fanout net processed.
OPT-1001 : End high-fanout net optimization;  0.268521s wall, 0.281250s user + 0.000000s system = 0.281250s CPU (104.7%)

OPT-1001 : Current memory(MB): used = 142, reserve = 112, peak = 142.
OPT-1001 : End physical optimization;  0.273267s wall, 0.281250s user + 0.000000s system = 0.281250s CPU (102.9%)

PHY-3001 : Start packing ...
SYN-4007 : Packing 0 MUX to BLE ...
SYN-4008 : Packed 0 MUX and 0 SEQ to BLE.
SYN-4007 : Packing 127 LUT to BLE ...
SYN-4008 : Packed 127 LUT and 45 SEQ to BLE.
SYN-4003 : Packing 16 remaining SEQ's ...
SYN-4005 : Packed 13 SEQ with LUT/SLICE
SYN-4006 : 73 single LUT's are left
SYN-4006 : 3 single SEQ's are left
SYN-4011 : Packing model "rx_top" (AL_USER_NORMAL) with 130/199 primitive instances ...
PHY-3001 : End packing;  0.007161s wall, 0.000000s user + 0.000000s system = 0.000000s CPU (n/a%)

PHY-1001 : Populate physical database on model rx_top.
RUN-1001 : There are total 133 instances
RUN-1001 : 51 mslices, 52 lslices, 25 pads, 0 brams, 0 dsps
RUN-1001 : There are total 243 nets
RUN-1001 : 132 nets have 2 pins
RUN-1001 : 75 nets have [3 - 5] pins
RUN-1001 : 18 nets have [6 - 10] pins
RUN-1001 : 14 nets have [11 - 20] pins
RUN-1001 : 4 nets have [21 - 99] pins
PHY-3001 : design contains 131 instances, 103 slices, 7 macros(29 instances: 17 mslices 12 lslices)
PHY-3001 : Cell area utilization is 1%
PHY-3001 : After packing: Len = 4103.2, Over = 5.25
PHY-3001 : Run with size of 2
PHY-3001 : Cell area utilization is 1%
PHY-3001 : :::0::: Try harder cell spreading with beta_ = 8.66996e-05
PHY-3002 : Step(40): len = 4075.2, overlap = 4.25
PHY-3002 : Step(41): len = 4102.4, overlap = 4.5
PHY-3002 : Step(42): len = 4117.7, overlap = 4.5
PHY-3001 : :::1::: Try harder cell spreading with beta_ = 0.000173399
PHY-3002 : Step(43): len = 4031, overlap = 4.25
PHY-3002 : Step(44): len = 4050.3, overlap = 4.5
PHY-3002 : Step(45): len = 4050.3, overlap = 4.5
PHY-3001 : :::2::: Try harder cell spreading with beta_ = 0.000346798
PHY-3002 : Step(46): len = 4023.9, overlap = 3.75
PHY-3002 : Step(47): len = 4025, overlap = 3.75
PHY-3001 : Legalization ...
PHY-3001 : End legalization;  0.057210s wall, 0.031250s user + 0.125000s system = 0.156250s CPU (273.1%)

PHY-3001 : Trial Legalized: Len = 6146.4
PHY-3001 : Run with size of 2
PHY-3001 : Cell area utilization is 1%
PHY-3001 : :::0::: Try harder cell spreading with beta_ = 0
PHY-3002 : Step(48): len = 4631.1, overlap = 1.5
PHY-3002 : Step(49): len = 4429, overlap = 1.75
PHY-3002 : Step(50): len = 4161.4, overlap = 1.75
PHY-3002 : Step(51): len = 4169.8, overlap = 1.75
PHY-3002 : Step(52): len = 4118.4, overlap = 1.75
PHY-3001 : Legalization ...
PHY-3001 : End legalization;  0.003866s wall, 0.000000s user + 0.000000s system = 0.000000s CPU (n/a%)

PHY-3001 : Legalized: Len = 5133.8, Over = 0
PHY-3001 : End spreading;  0.002135s wall, 0.000000s user + 0.000000s system = 0.000000s CPU (n/a%)

PHY-3001 : Final: Len = 5133.8, Over = 0
OPT-1001 : Start physical optimization ...
OPT-1001 : Total overflow 0.00 peak overflow 0.00
OPT-1001 : Start high-fanout net optimization ...
OPT-1001 : Update timing in global mode
PHY-1001 : Start incremental global routing, caller is place ...
RUN-1001 : Generating global routing grids ...
PHY-1001 : Generate routing nets ...
PHY-1001 : Reuse net number 17/243.
PHY-1001 : Global iterations in 16 thread ...
PHY-1002 : len = 5424, over cnt = 14(0%), over = 32, worst = 5
PHY-1002 : len = 5552, over cnt = 6(0%), over = 11, worst = 4
PHY-1002 : len = 5688, over cnt = 2(0%), over = 2, worst = 1
PHY-1002 : len = 5712, over cnt = 0(0%), over = 0, worst = 0
PHY-1001 : End global iterations;  0.029947s wall, 0.031250s user + 0.031250s system = 0.062500s CPU (208.7%)

PHY-1001 : Congestion index: top1 = 12.87, top5 = 4.05, top10 = 2.02, top15 = 1.35.
PHY-1001 : End incremental global routing;  0.078789s wall, 0.078125s user + 0.031250s system = 0.109375s CPU (138.8%)

RUN-1002 : start command "start_timer -report"
TMR-5001 WARNING: No sdc constraints found while initiating timer.
TMR-2505 : Start building timing graph for model rx_top.
TMR-2506 : Build timing graph completely. Port num: 8, tpin num: 950, tnet num: 241, tinst num: 131, tnode num: 1110, tedge num: 1544.
TMR-2508 : Levelizing timing graph completed, there are 26 levels in total.
TMR-2501 : Timing graph initialized successfully.
OPT-1001 : End timing update;  0.112816s wall, 0.125000s user + 0.000000s system = 0.125000s CPU (110.8%)

OPT-1001 : 0 high-fanout net processed.
OPT-1001 : End high-fanout net optimization;  0.194481s wall, 0.203125s user + 0.031250s system = 0.234375s CPU (120.5%)

OPT-1001 : Current memory(MB): used = 144, reserve = 113, peak = 144.
OPT-1001 : Update timing in Manhattan mode
OPT-1001 : End timing update;  0.000156s wall, 0.000000s user + 0.000000s system = 0.000000s CPU (n/a%)

OPT-1001 : Start pin optimization...
OPT-1001 : skip pin optimization...
RUN-1001 : Generating global routing grids ...
PHY-1001 : Generate routing nets ...
PHY-1001 : Reuse net number 166/243.
PHY-1001 : Global iterations in 16 thread ...
PHY-1002 : len = 5712, over cnt = 0(0%), over = 0, worst = 0
PHY-1001 : End global iterations;  0.001425s wall, 0.000000s user + 0.000000s system = 0.000000s CPU (n/a%)

PHY-1001 : Congestion index: top1 = 12.87, top5 = 4.05, top10 = 2.02, top15 = 1.35.
OPT-1001 : Update timing in Manhattan mode
OPT-1001 : End timing update;  0.000371s wall, 0.000000s user + 0.000000s system = 0.000000s CPU (n/a%)

RUN-1001 : QoR Analysis:
OPT-0007 :   WNS 2147483647 TNS 0 NUM_FEPS 0
RUN-1001 :   No local congestion issue, and most congested 1% tile average routing util is 12.448276
RUN-1001 :   Top critical paths
OPT-1001 : End physical optimization;  0.248729s wall, 0.234375s user + 0.046875s system = 0.281250s CPU (113.1%)

RUN-1003 : finish command "place" in  1.878502s wall, 2.562500s user + 2.218750s system = 4.781250s CPU (254.5%)

RUN-1004 : used memory is 128 MB, reserved memory is 98 MB, peak memory is 144 MB
RUN-1002 : start command "export_db rx_top_place.db"
RUN-1001 : Exported /
RUN-1001 : Exported flow parameters
RUN-1001 : Exported libs
RUN-1001 : Exported entities
RUN-1001 : Exported ports
RUN-1001 : Exported pins
RUN-1001 : Exported instances
RUN-1001 : Exported nets
RUN-1001 : Exported buses
RUN-1001 : Exported models
RUN-1001 : Exported congestions
RUN-1001 : Exported violations
RUN-1001 : Exported IO constraints
RUN-1001 : Exported Inst constraints
RUN-1002 : start command "route"
RUN-1001 : Open license file C:/Anlogic/TD5.6.2/license/Anlogic.lic
RUN-1001 : Print Global Property
RUN-1001 : ---------------------------------------------------------------
RUN-1001 :        Parameters        |  Settings  |  Default Values  |  Note  
RUN-1001 : ---------------------------------------------------------------
RUN-1001 :          message         |  standard  |     standard     |        
RUN-1001 :   mixed_pack_place_flow  |     on     |        on        |        
RUN-1001 :        qor_monitor       |    off     |       off        |        
RUN-1001 :        syn_ip_flow       |    off     |       off        |        
RUN-1001 :          thread          |    auto    |       auto       |        
RUN-1001 : ---------------------------------------------------------------
RUN-1001 : Print Route Property
RUN-1001 : -------------------------------------------------------
RUN-1001 :    Parameters    |  Settings  |  Default Values  |  Note  
RUN-1001 : -------------------------------------------------------
RUN-1001 :      effort      |   medium   |      medium      |        
RUN-1001 :     fix_hold     |    off     |       off        |        
RUN-1001 :    opt_timing    |   medium   |      medium      |        
RUN-1001 :   phy_sim_model  |    off     |       off        |        
RUN-1001 :     priority     |   timing   |      timing      |        
RUN-1001 :     swap_pin     |     on     |        on        |        
RUN-1001 : -------------------------------------------------------
PHY-1001 : Route runs in 16 thread(s)
RUN-1001 : There are total 133 instances
RUN-1001 : 51 mslices, 52 lslices, 25 pads, 0 brams, 0 dsps
RUN-1001 : There are total 243 nets
RUN-1001 : 132 nets have 2 pins
RUN-1001 : 75 nets have [3 - 5] pins
RUN-1001 : 18 nets have [6 - 10] pins
RUN-1001 : 14 nets have [11 - 20] pins
RUN-1001 : 4 nets have [21 - 99] pins
RUN-1002 : start command "start_timer -report"
TMR-5001 WARNING: No sdc constraints found while initiating timer.
TMR-2505 : Start building timing graph for model rx_top.
TMR-2506 : Build timing graph completely. Port num: 8, tpin num: 950, tnet num: 241, tinst num: 131, tnode num: 1110, tedge num: 1544.
TMR-2508 : Levelizing timing graph completed, there are 26 levels in total.
TMR-2501 : Timing graph initialized successfully.
PHY-1001 : 51 mslices, 52 lslices, 25 pads, 0 brams, 0 dsps
TMR-2503 : Start to update net delay, extr mode = 3.
TMR-2504 : Update delay of 241 nets completely.
TMR-2502 : Annotate delay completely, extr mode = 3.
TMR-3002 : No user constraint, initiate default constraint.
TMR-1501 : Assign derive clock DeriveClock to 94 clock pins, and constraint 160 relative nodes.
TMR-3003 : Constraints initiated successfully.
TMR-3501 : Forward propagation: start to calculate arrival time...
TMR-3502 : Backward propagation: start to calculate required time...
TMR-3503 : Timing propagation completes.
PHY-1001 : Start global routing, caller is route ...
RUN-1001 : Generating global routing grids ...
PHY-1001 : Generate routing nets ...
PHY-1001 : Global iterations in 16 thread ...
PHY-1002 : len = 5376, over cnt = 15(0%), over = 33, worst = 4
PHY-1002 : len = 5608, over cnt = 5(0%), over = 7, worst = 3
PHY-1002 : len = 5712, over cnt = 0(0%), over = 0, worst = 0
PHY-1001 : End global iterations;  0.028831s wall, 0.031250s user + 0.000000s system = 0.031250s CPU (108.4%)

PHY-1001 : Congestion index: top1 = 12.93, top5 = 4.07, top10 = 2.03, top15 = 1.35.
PHY-1001 : End global routing;  0.076668s wall, 0.078125s user + 0.000000s system = 0.078125s CPU (101.9%)

PHY-1001 : Start detail routing ...
PHY-1001 : Current memory(MB): used = 167, reserve = 137, peak = 180.
PHY-1001 : Detailed router is running in normal mode.
PHY-1001 : Generate detailed routing grids ...
PHY-1001 : Processed IO instance DigitronCS_Out[3]_syn_2 with INV attribute.
PHY-1001 : Processed IO instance DigitronCS_Out[2]_syn_2 with INV attribute.
PHY-1001 : Processed IO instance DigitronCS_Out[1]_syn_2 with INV attribute.
PHY-1001 : Processed IO instance DigitronCS_Out[0]_syn_2 with INV attribute.
PHY-1001 : Generate nets ...
PHY-1001 : net CLK_dup_1 will be routed on clock mesh
PHY-1001 : clock net CLK_500K_syn_8 will be merged with clock CLK_500K
PHY-1001 : clock net U5/SingleNum_n_syn_3 will be merged with clock U5/SingleNum_n
PHY-1001 : Current memory(MB): used = 435, reserve = 409, peak = 435.
PHY-1001 : End build detailed router design. 3.138591s wall, 2.984375s user + 0.140625s system = 3.125000s CPU (99.6%)

PHY-1001 : Detail Route ...
PHY-1001 : ===== Detail Route Phase 1 =====
PHY-1001 : Clock net routing.....
PHY-1001 : Routed 1% nets.
PHY-1022 : len = 6624, over cnt = 0(0%), over = 0, worst = 0, crit = 0
PHY-1001 : End initial clock net routed; 0.637172s wall, 0.640625s user + 0.000000s system = 0.640625s CPU (100.5%)

PHY-1001 : Current memory(MB): used = 465, reserve = 440, peak = 465.
PHY-1001 : End phase 1; 0.641918s wall, 0.640625s user + 0.000000s system = 0.640625s CPU (99.8%)

PHY-1001 : ===== Detail Route Phase 2 =====
PHY-1001 : Initial routing.....
PHY-1001 : Routed 33% nets.
PHY-1001 : Routed 39% nets.
PHY-1001 : Routed 48% nets.
PHY-1001 : Routed 60% nets.
PHY-1001 : Routed 79% nets.
PHY-1022 : len = 20496, over cnt = 4(0%), over = 4, worst = 1, crit = 0
PHY-1001 : Current memory(MB): used = 465, reserve = 440, peak = 465.
PHY-1001 : End initial routed; 0.130799s wall, 0.125000s user + 0.000000s system = 0.125000s CPU (95.6%)

PHY-1001 : Current memory(MB): used = 465, reserve = 440, peak = 465.
PHY-1001 : End phase 2; 0.130886s wall, 0.125000s user + 0.000000s system = 0.125000s CPU (95.5%)

PHY-1001 : ===== Detail Route Phase 3 =====
PHY-1001 : Ripup-reroute.....
PHY-1001 : ===== DR Iter 1 =====
PHY-1022 : len = 20464, over cnt = 1(0%), over = 1, worst = 1, crit = 0
PHY-1001 : End DR Iter 1; 0.008189s wall, 0.015625s user + 0.000000s system = 0.015625s CPU (190.8%)

PHY-1001 : ===== DR Iter 2 =====
PHY-1022 : len = 20472, over cnt = 0(0%), over = 0, worst = 0, crit = 0
PHY-1001 : End DR Iter 2; 0.007798s wall, 0.000000s user + 0.000000s system = 0.000000s CPU (n/a%)

PHY-1001 : Commit to database.....
PHY-1001 : 0 feed throughs used by 0 nets
PHY-1001 : End commit to database; 0.023821s wall, 0.031250s user + 0.000000s system = 0.031250s CPU (131.2%)

PHY-1001 : Current memory(MB): used = 474, reserve = 448, peak = 474.
PHY-1001 : End phase 3; 0.129503s wall, 0.125000s user + 0.015625s system = 0.140625s CPU (108.6%)

PHY-1003 : Routed, final wirelength = 20472
PHY-1001 : Current memory(MB): used = 474, reserve = 448, peak = 474.
PHY-1001 : End export database. 0.006641s wall, 0.000000s user + 0.000000s system = 0.000000s CPU (n/a%)

PHY-1001 : End detail routing;  4.251122s wall, 4.078125s user + 0.156250s system = 4.234375s CPU (99.6%)

RUN-1003 : finish command "route" in  4.496404s wall, 4.328125s user + 0.156250s system = 4.484375s CPU (99.7%)

RUN-1004 : used memory is 414 MB, reserved memory is 388 MB, peak memory is 474 MB
RUN-1002 : start command "report_area -io_info -file rx_top_phy.area"
RUN-1001 : standard
***Report Model: rx_top Device: EG4S20BG256***

IO Statistics
#IO                        25
  #input                    4
  #output                  21
  #inout                    0

Utilization Statistics
#lut                      194   out of  19600    0.99%
#reg                       61   out of  19600    0.31%
#le                       197
  #lut only               136   out of    197   69.04%
  #reg only                 3   out of    197    1.52%
  #lut&reg                 58   out of    197   29.44%
#dsp                        0   out of     29    0.00%
#bram                       0   out of     64    0.00%
  #bram9k                   0
  #fifo9k                   0
#bram32k                    0   out of     16    0.00%
#pad                       25   out of    188   13.30%
  #ireg                     1
  #oreg                    13
  #treg                     0
#pll                        0   out of      4    0.00%
#gclk                       2   out of     16   12.50%

Clock Resource Statistics
Index     ClockNet          Type               DriverType         Driver                     Fanout
#1        CLK_500K          GCLK               lslice             CLK_500K_reg_syn_5.q1      28
#2        CLK_dup_1         GCLK               io                 CLK_syn_2.di               15
#3        U5/SingleNum_n    GCLK               lslice             U5/SingleNum_n_syn_7.f0    8


Detailed IO Report

        Name           Direction    Location    IOStandard    DriveStrength    PullType    PackReg  
         CLK             INPUT         R7        LVCMOS33          N/A          PULLUP      NONE    
        RSTn             INPUT         A9        LVCMOS33          N/A          PULLUP      NONE    
      RX_En_Sig          INPUT        A10        LVCMOS33          N/A          PULLUP      NONE    
      RX_Pin_In          INPUT        F12        LVCMOS33          N/A          PULLUP      IREG    
  DigitronCS_Out[3]     OUTPUT         A3        LVCMOS33           8            NONE       OREG    
  DigitronCS_Out[2]     OUTPUT         A5        LVCMOS33           8            NONE       OREG    
  DigitronCS_Out[1]     OUTPUT         B6        LVCMOS33           8            NONE       OREG    
  DigitronCS_Out[0]     OUTPUT         C9        LVCMOS33           8            NONE       OREG    
   Digitron_Out[7]      OUTPUT         C8        LVCMOS33           8            NONE       NONE    
   Digitron_Out[6]      OUTPUT         A8        LVCMOS33           8            NONE       NONE    
   Digitron_Out[5]      OUTPUT         B5        LVCMOS33           8            NONE       NONE    
   Digitron_Out[4]      OUTPUT         A7        LVCMOS33           8            NONE       NONE    
   Digitron_Out[3]      OUTPUT         E8        LVCMOS33           8            NONE       NONE    
   Digitron_Out[2]      OUTPUT         B8        LVCMOS33           8            NONE       NONE    
   Digitron_Out[1]      OUTPUT         A6        LVCMOS33           8            NONE       NONE    
   Digitron_Out[0]      OUTPUT         A4        LVCMOS33           8            NONE       NONE    
     LED_Out[7]         OUTPUT        F16        LVCMOS33           8            NONE       OREG    
     LED_Out[6]         OUTPUT        E16        LVCMOS33           8            NONE       OREG    
     LED_Out[5]         OUTPUT        E13        LVCMOS33           8            NONE       OREG    
     LED_Out[4]         OUTPUT        C16        LVCMOS33           8            NONE       OREG    
     LED_Out[3]         OUTPUT        C15        LVCMOS33           8            NONE       OREG    
     LED_Out[2]         OUTPUT        B16        LVCMOS33           8            NONE       OREG    
     LED_Out[1]         OUTPUT        B15        LVCMOS33           8            NONE       OREG    
     LED_Out[0]         OUTPUT        B14        LVCMOS33           8            NONE       OREG    
     TX_Pin_Out         OUTPUT        D12        LVCMOS33           8            NONE       OREG    

Report Hierarchy Area:
+-----------------------------------------------------------------------------------+
|Instance |Module              |le     |lut     |ripple  |seq     |bram    |dsp     |
+-----------------------------------------------------------------------------------+
|top      |rx_top              |197    |165     |29      |75      |0       |0       |
|  U1     |detect_module       |1      |1       |0       |1       |0       |0       |
|  U2     |rx_bps_module       |26     |22      |4       |13      |0       |0       |
|  U3     |rx_control_module   |31     |31      |0       |14      |0       |0       |
|  U5     |Digitron_NumDisplay |115    |95      |18      |22      |0       |0       |
|  U6     |tx_control_module   |1      |1       |0       |0       |0       |0       |
+-----------------------------------------------------------------------------------+


DataNet Average Fanout:

   Index     Fanout    Nets  
    #1         1       107   
    #2         2        54   
    #3         3        11   
    #4         4        10   
    #5        5-10      18   
    #6       11-50      13   
  Average     2.97           

RUN-1002 : start command "export_db rx_top_pr.db"
RUN-1001 : Exported /
RUN-1001 : Exported flow parameters
RUN-1001 : Exported libs
RUN-1001 : Exported entities
RUN-1001 : Exported ports
RUN-1001 : Exported pins
RUN-1001 : Exported instances
RUN-1001 : Exported nets
RUN-1001 : Exported buses
RUN-1001 : Exported models
RUN-1001 : Exported congestions
RUN-1001 : Exported violations
RUN-1001 : Exported IO constraints
RUN-1001 : Exported Inst constraints
RUN-1002 : start command "export_bid rx_top_inst.bid"
RUN-1002 : start command "bitgen -bit rx_top.bit -unused_io_status pulldown"
BIT-1003 : Start to generate bitstream. 
BIT-1002 : Bitgen processed 163 unused pads, reserve input tri_state with pulldown
BIT-1002 : Init instances with 16 threads.
BIT-1002 : Init instances completely, inst num: 294
BIT-1002 : Init pips with 16 threads.
BIT-1002 : Init pips completely, net num: 243, pip num: 1889
BIT-1003 : Multithreading accelaration with 16 threads.
BIT-1003 : Generate bitstream completely, there are 501 valid insts, and 6330 bits set as '1'.
BIT-1004 : PLL setting string = 0000
BIT-1004 : Generate bits file rx_top.bit.
RUN-1003 : finish command "bitgen -bit rx_top.bit -unused_io_status pulldown" in  1.005318s wall, 3.671875s user + 0.031250s system = 3.703125s CPU (368.4%)

RUN-1004 : used memory is 421 MB, reserved memory is 396 MB, peak memory is 616 MB
RUN-1002 : start command "backup_run_log run.log ../.logs/phy_1/td_20240827_171436.log"
