============================================================
   Tang Dynasty, V5.6.71036
      Copyright (c) 2012-2023 Anlogic Inc.
   Executable = C:/Anlogic/TD5.6.2/bin/td.exe
   Built at =   20:34:38 Mar 21 2023
   Run by =     Lenovo
   Run Date =   Tue Aug 27 12:29:24 2024

   Run on =     LAPTOP-QRG7LJL6
============================================================
RUN-1002 : start command "open_project rx_top.prj"
RUN-1001 : Print Global Property
RUN-1001 : ---------------------------------------------------------------
RUN-1001 :        Parameters        |  Settings  |  Default Values  |  Note  
RUN-1001 : ---------------------------------------------------------------
RUN-1001 :          message         |  standard  |     standard     |        
RUN-1001 :   mixed_pack_place_flow  |     on     |        on        |        
RUN-1001 :        qor_monitor       |    off     |       off        |        
RUN-1001 :        syn_ip_flow       |    off     |       off        |        
RUN-1001 :          thread          |    auto    |       auto       |        
RUN-1001 : ---------------------------------------------------------------
RUN-1001 : Print Design Property
RUN-1001 : --------------------------------------------------------------
RUN-1001 :        Parameters       |  Settings  |  Default Values  |  Note  
RUN-1001 : --------------------------------------------------------------
RUN-1001 :   default_reg_initial   |    auto    |       auto       |        
RUN-1001 :        infer_add        |     on     |        on        |        
RUN-1001 :        infer_fsm        |    off     |       off        |        
RUN-1001 :        infer_mult       |     on     |        on        |        
RUN-1001 :        infer_ram        |     on     |        on        |        
RUN-1001 :        infer_reg        |     on     |        on        |        
RUN-1001 :   infer_reg_init_value  |     on     |        on        |        
RUN-1001 :        infer_rom        |     on     |        on        |        
RUN-1001 :      infer_shifter      |     on     |        on        |        
RUN-1001 : --------------------------------------------------------------
RUN-1001 : Print Rtl Property
RUN-1001 : --------------------------------------------------------------
RUN-1001 :        Parameters       |  Settings  |  Default Values  |  Note  
RUN-1001 : --------------------------------------------------------------
RUN-1001 :       compress_add      |   ripple   |      ripple      |        
RUN-1001 :        elf_sload        |    off     |       off        |        
RUN-1001 :       fix_undriven      |     0      |        0         |        
RUN-1001 :         flatten         |    off     |       off        |        
RUN-1001 :       gate_sharing      |     on     |        on        |        
RUN-1001 :    hdl_warning_level    |   normal   |      normal      |        
RUN-1001 :   impl_internal_tribuf  |     on     |        on        |        
RUN-1001 :      impl_set_reset     |     on     |        on        |        
RUN-1001 :        infer_gsr        |    off     |       off        |        
RUN-1001 :      keep_hierarchy     |    auto    |       auto       |        
RUN-1001 :        max_fanout       |    9999    |       9999       |        
RUN-1001 :      max_oh2bin_len     |     10     |        10        |        
RUN-1001 :       merge_equal       |     on     |        on        |        
RUN-1001 :       merge_equiv       |     on     |        on        |        
RUN-1001 :        merge_mux        |    off     |       off        |        
RUN-1001 :     min_control_set     |     8      |        8         |        
RUN-1001 :      min_ripple_len     |    auto    |       auto       |        
RUN-1001 :       oh2bin_ratio      |    0.08    |       0.08       |        
RUN-1001 :     opt_adder_fanout    |     on     |        on        |        
RUN-1001 :        opt_arith        |     on     |        on        |        
RUN-1001 :       opt_big_gate      |    off     |       off        |        
RUN-1001 :        opt_const        |     on     |        on        |        
RUN-1001 :      opt_const_mult     |     on     |        on        |        
RUN-1001 :       opt_lessthan      |     on     |        on        |        
RUN-1001 :         opt_mux         |    off     |       off        |        
RUN-1001 :         opt_ram         |    high    |       high       |        
RUN-1001 :      rtl_sim_model      |    off     |       off        |        
RUN-1001 :         seq_syn         |     on     |        on        |        
RUN-1001 : --------------------------------------------------------------
HDL-1007 : analyze verilog file ../../rx_top.v
HDL-1007 : analyze verilog file ../../detect_module.v
HDL-1007 : analyze verilog file ../../rx_bps_module.v
HDL-1007 : analyze verilog file ../../rx_control_module.v
HDL-1007 : analyze verilog file ../../LED_display_module.v
HDL-5007 WARNING: empty port in module declaration in ../../LED_display_module.v(3)
HDL-1007 : analyze verilog file ../../Digitron_NumDisplay.v
RUN-1001 : Project manager successfully analyzed 6 source files.
RUN-1002 : start command "import_device eagle_s20.db -package EG4S20BG256"
ARC-1001 : Device Initialization.
ARC-1001 : ------------------------------------------------------------------
ARC-1001 :            OPTION            |          IO          |   SETTING   
ARC-1001 : ------------------------------------------------------------------
ARC-1001 :   cso_b/cclk/mosi/miso/dout  |  T3/R11/T10/P10/S11  |    gpio    
ARC-1001 :             done             |         P13          |    gpio    
ARC-1001 :           program_b          |          T2          |  dedicate  
ARC-1001 :        tdi/tms/tck/tdo       |   C12/A15/C14/E14    |  dedicate  
ARC-1001 : ------------------------------------------------------------------
ARC-1004 : Device setting, marked 5 dedicate IOs in total.
RUN-1002 : start command "import_db ../syn_1/rx_top_gate.db"
RUN-1001 : Importing database generated by Tang Dynasty, V5.6.71036.
RUN-1001 : Database version number 46146.
RUN-1001 : Import flow parameters
RUN-1001 : Import IO constraints
RUN-1001 : Import Inst constraints
RUN-1001 : Import design success TD_VERSION=5.6.71036 , DB_VERSION=46146
RUN-1002 : start command "config_chipwatcher ../../rx_top.cwc -dir "
RUN-1002 : start command "legalize_phy_inst"
SYN-1011 : Flatten model rx_top
KIT-1004 : ChipWatcher: import watcher inst auto_chipwatcher_0 completed, there are 10 view nodes, 32 trigger nets, 32 data nets.
KIT-1004 : Chipwatcher code = 0101100011111010
RUN-1002 : start command "compile_watcher"
RUN-1002 : start command "read_verilog -no_sch -dir C:/Anlogic/TD5.6.2/cw/ -file rx_top_watcherInst.sv -lib cw -top CW_TOP_WRAPPER"
HDL-1007 : analyze verilog file C:/Anlogic/TD5.6.2/cw\bus_det.v
HDL-1007 : analyze verilog file C:/Anlogic/TD5.6.2/cw\bus_top.sv
HDL-1007 : analyze verilog file C:/Anlogic/TD5.6.2/cw\cfg_int.v
HDL-1007 : analyze verilog file C:/Anlogic/TD5.6.2/cw\cwc_cfg_int.v
HDL-1007 : analyze verilog file C:/Anlogic/TD5.6.2/cw\cwc_top.sv
HDL-1007 : analyze verilog file C:/Anlogic/TD5.6.2/cw\detect_bus.v
HDL-1007 : analyze verilog file C:/Anlogic/TD5.6.2/cw\detect_non_bus.v
HDL-1007 : analyze verilog file C:/Anlogic/TD5.6.2/cw\emb_ctrl.v
HDL-1007 : analyze verilog file C:/Anlogic/TD5.6.2/cw\register.v
HDL-1007 : analyze verilog file C:/Anlogic/TD5.6.2/cw\tap.v
HDL-1007 : analyze verilog file C:/Anlogic/TD5.6.2/cw\trigger.sv
HDL-1007 : analyze verilog file rx_top_watcherInst.sv
HDL-1007 : elaborate module CW_TOP_WRAPPER in rx_top_watcherInst.sv(1)
HDL-1007 : elaborate module cwc_top(BUS_NUM=10,BUS_DIN_NUM=32,BUS_CTRL_NUM=104,BUS_WIDTH='{32'sb01,32'sb0100,32'sb01101,32'sb01,32'sb01,32'sb01,32'sb01,32'sb01000,32'sb01,32'sb01},BUS_DIN_POS='{32'sb0,32'sb01,32'sb0101,32'sb010010,32'sb010011,32'sb010100,32'sb010101,32'sb010110,32'sb011110,32'sb011111},BUS_CTRL_POS='{32'sb0,32'sb0110,32'sb010010,32'sb0110000,32'sb0110110,32'sb0111100,32'sb01000010,32'sb01001000,32'sb01011100,32'sb01100010}) in C:/Anlogic/TD5.6.2/cw\cwc_top.sv(21)
HDL-1007 : elaborate module cwc_cfg_int(CTRL_REG_LEN=126) in C:/Anlogic/TD5.6.2/cw\cwc_cfg_int.v(21)
HDL-1007 : elaborate module register(CTRL_REG_LEN=126) in C:/Anlogic/TD5.6.2/cw\register.v(21)
HDL-1007 : elaborate module tap in C:/Anlogic/TD5.6.2/cw\tap.v(21)
HDL-1007 : elaborate module trigger(BUS_NUM=10,BUS_DIN_NUM=32,BUS_CTRL_NUM=104,BUS_WIDTH='{32'sb01,32'sb0100,32'sb01101,32'sb01,32'sb01,32'sb01,32'sb01,32'sb01000,32'sb01,32'sb01},BUS_DIN_POS='{32'sb0,32'sb01,32'sb0101,32'sb010010,32'sb010011,32'sb010100,32'sb010101,32'sb010110,32'sb011110,32'sb011111},BUS_CTRL_POS='{32'sb0,32'sb0110,32'sb010010,32'sb0110000,32'sb0110110,32'sb0111100,32'sb01000010,32'sb01001000,32'sb01011100,32'sb01100010}) in C:/Anlogic/TD5.6.2/cw\trigger.sv(21)
HDL-1007 : elaborate module bus_top(BUS_NODE_NUM=10,BUS_DIN_NUM=32,BUS_CTRL_NUM=104,BUS_WIDTH='{32'sb01,32'sb0100,32'sb01101,32'sb01,32'sb01,32'sb01,32'sb01,32'sb01000,32'sb01,32'sb01},BUS_DIN_POS='{32'sb0,32'sb01,32'sb0101,32'sb010010,32'sb010011,32'sb010100,32'sb010101,32'sb010110,32'sb011110,32'sb011111},BUS_CTRL_POS='{32'sb0,32'sb0110,32'sb010010,32'sb0110000,32'sb0110110,32'sb0111100,32'sb01000010,32'sb01001000,32'sb01011100,32'sb01100010}) in C:/Anlogic/TD5.6.2/cw\bus_top.sv(22)
HDL-1007 : elaborate module bus_det(BUS_WIDTH=32'sb01) in C:/Anlogic/TD5.6.2/cw\bus_det.v(21)
HDL-1007 : elaborate module bus_det(BUS_WIDTH=32'sb0100) in C:/Anlogic/TD5.6.2/cw\bus_det.v(21)
HDL-1007 : elaborate module bus_det(BUS_WIDTH=32'sb01101) in C:/Anlogic/TD5.6.2/cw\bus_det.v(21)
HDL-1007 : elaborate module bus_det(BUS_WIDTH=32'sb01000) in C:/Anlogic/TD5.6.2/cw\bus_det.v(21)
HDL-1007 : elaborate module emb_ctrl in C:/Anlogic/TD5.6.2/cw\emb_ctrl.v(21)
HDL-1200 : Current top model is CW_TOP_WRAPPER
HDL-1100 : Inferred 0 RAMs.
RUN-1002 : start command "force_keep -a auto_chipwatcher_0_logicbram"
RUN-1002 : start command "optimize_rtl -no_sch"
RUN-1001 : Open license file C:/Anlogic/TD5.6.2/license/Anlogic.lic
RUN-1001 : Print Global Property
RUN-1001 : ---------------------------------------------------------------
RUN-1001 :        Parameters        |  Settings  |  Default Values  |  Note  
RUN-1001 : ---------------------------------------------------------------
RUN-1001 :          message         |  standard  |     standard     |        
RUN-1001 :   mixed_pack_place_flow  |     on     |        on        |        
RUN-1001 :        qor_monitor       |    off     |       off        |        
RUN-1001 :        syn_ip_flow       |    off     |       off        |        
RUN-1001 :          thread          |    auto    |       auto       |        
RUN-1001 : ---------------------------------------------------------------
RUN-1001 : Print Rtl Property
RUN-1001 : --------------------------------------------------------------
RUN-1001 :        Parameters       |  Settings  |  Default Values  |  Note  
RUN-1001 : --------------------------------------------------------------
RUN-1001 :       compress_add      |   ripple   |      ripple      |        
RUN-1001 :        elf_sload        |    off     |       off        |        
RUN-1001 :       fix_undriven      |     0      |        0         |        
RUN-1001 :         flatten         |    off     |       off        |        
RUN-1001 :       gate_sharing      |     on     |        on        |        
RUN-1001 :    hdl_warning_level    |   normal   |      normal      |        
RUN-1001 :   impl_internal_tribuf  |     on     |        on        |        
RUN-1001 :      impl_set_reset     |     on     |        on        |        
RUN-1001 :        infer_gsr        |    off     |       off        |        
RUN-1001 :      keep_hierarchy     |    auto    |       auto       |        
RUN-1001 :        max_fanout       |    9999    |       9999       |        
RUN-1001 :      max_oh2bin_len     |     10     |        10        |        
RUN-1001 :       merge_equal       |     on     |        on        |        
RUN-1001 :       merge_equiv       |     on     |        on        |        
RUN-1001 :        merge_mux        |    off     |       off        |        
RUN-1001 :     min_control_set     |     8      |        8         |        
RUN-1001 :      min_ripple_len     |    auto    |       auto       |        
RUN-1001 :       oh2bin_ratio      |    0.08    |       0.08       |        
RUN-1001 :     opt_adder_fanout    |     on     |        on        |        
RUN-1001 :        opt_arith        |     on     |        on        |        
RUN-1001 :       opt_big_gate      |    off     |       off        |        
RUN-1001 :        opt_const        |     on     |        on        |        
RUN-1001 :      opt_const_mult     |     on     |        on        |        
RUN-1001 :       opt_lessthan      |     on     |        on        |        
RUN-1001 :         opt_mux         |    off     |       off        |        
RUN-1001 :         opt_ram         |    high    |       high       |        
RUN-1001 :      rtl_sim_model      |    off     |       off        |        
RUN-1001 :         seq_syn         |     on     |        on        |        
RUN-1001 : --------------------------------------------------------------
SYN-1012 : SanityCheck: Model "rx_top"
SYN-1012 : SanityCheck: Model "CW_TOP_WRAPPER"
SYN-1012 : SanityCheck: Model "cwc_top(BUS_NUM=10,BUS_DIN_NUM=32,BUS_CTRL_NUM=104,BUS_WIDTH='{32'sb01,32'sb0100,32'sb01101,32'sb01,32'sb01,32'sb01,32'sb01,32'sb01000,32'sb01,32'sb01},BUS_DIN_POS='{32'sb0,32'sb01,32'sb0101,32'sb010010,32'sb010011,32'sb010100,32'sb010101,32'sb010110,32'sb011110,32'sb011111},BUS_CTRL_POS='{32'sb0,32'sb0110,32'sb010010,32'sb0110000,32'sb0110110,32'sb0111100,32'sb01000010,32'sb01001000,32'sb01011100,32'sb01100010})"
SYN-1012 : SanityCheck: Model "cwc_cfg_int(CTRL_REG_LEN=126)"
SYN-1012 : SanityCheck: Model "register(CTRL_REG_LEN=126)"
SYN-1012 : SanityCheck: Model "tap"
SYN-1012 : SanityCheck: Model "trigger(BUS_NUM=10,BUS_DIN_NUM=32,BUS_CTRL_NUM=104,BUS_WIDTH='{32'sb01,32'sb0100,32'sb01101,32'sb01,32'sb01,32'sb01,32'sb01,32'sb01000,32'sb01,32'sb01},BUS_DIN_POS='{32'sb0,32'sb01,32'sb0101,32'sb010010,32'sb010011,32'sb010100,32'sb010101,32'sb010110,32'sb011110,32'sb011111},BUS_CTRL_POS='{32'sb0,32'sb0110,32'sb010010,32'sb0110000,32'sb0110110,32'sb0111100,32'sb01000010,32'sb01001000,32'sb01011100,32'sb01100010})"
SYN-1012 : SanityCheck: Model "bus_top(BUS_NODE_NUM=10,BUS_DIN_NUM=32,BUS_CTRL_NUM=104,BUS_WIDTH='{32'sb01,32'sb0100,32'sb01101,32'sb01,32'sb01,32'sb01,32'sb01,32'sb01000,32'sb01,32'sb01},BUS_DIN_POS='{32'sb0,32'sb01,32'sb0101,32'sb010010,32'sb010011,32'sb010100,32'sb010101,32'sb010110,32'sb011110,32'sb011111},BUS_CTRL_POS='{32'sb0,32'sb0110,32'sb010010,32'sb0110000,32'sb0110110,32'sb0111100,32'sb01000010,32'sb01001000,32'sb01011100,32'sb01100010})"
SYN-1012 : SanityCheck: Model "bus_det(BUS_WIDTH=32'sb01)"
SYN-1012 : SanityCheck: Model "bus_det(BUS_WIDTH=32'sb0100)"
SYN-1012 : SanityCheck: Model "bus_det(BUS_WIDTH=32'sb01101)"
SYN-1012 : SanityCheck: Model "bus_det(BUS_WIDTH=32'sb01000)"
SYN-1012 : SanityCheck: Model "emb_ctrl"
SYN-1011 : Flatten model rx_top
SYN-1032 : 1782/38 useful/useless nets, 869/27 useful/useless insts
SYN-1016 : Merged 48 instances.
SYN-1032 : 1447/14 useful/useless nets, 1278/14 useful/useless insts
SYN-1014 : Optimize round 1
SYN-1032 : 1431/16 useful/useless nets, 1266/12 useful/useless insts
SYN-1021 : Optimized 3 onehot mux instances.
SYN-1020 : Optimized 1 distributor mux.
SYN-1019 : Optimized 3 mux instances.
SYN-1015 : Optimize round 1, 421 better
SYN-1014 : Optimize round 2
SYN-1032 : 1116/45 useful/useless nets, 951/48 useful/useless insts
SYN-1015 : Optimize round 2, 96 better
SYN-1014 : Optimize round 1
SYN-1015 : Optimize round 1, 0 better
RUN-1002 : start command "optimize_gate -no_sch"
RUN-1001 : Open license file C:/Anlogic/TD5.6.2/license/Anlogic.lic
RUN-1001 : Print Global Property
RUN-1001 : ---------------------------------------------------------------
RUN-1001 :        Parameters        |  Settings  |  Default Values  |  Note  
RUN-1001 : ---------------------------------------------------------------
RUN-1001 :          message         |  standard  |     standard     |        
RUN-1001 :   mixed_pack_place_flow  |     on     |        on        |        
RUN-1001 :        qor_monitor       |    off     |       off        |        
RUN-1001 :        syn_ip_flow       |    off     |       off        |        
RUN-1001 :          thread          |    auto    |       auto       |        
RUN-1001 : ---------------------------------------------------------------
RUN-1001 : Print Gate Property
RUN-1001 : ------------------------------------------------------------------
RUN-1001 :          Parameters         |  Settings  |  Default Values  |  Note  
RUN-1001 : ------------------------------------------------------------------
RUN-1001 :         cascade_dsp         |    off     |       off        |        
RUN-1001 :         cascade_eram        |    off     |       off        |        
RUN-1001 :        gate_sim_model       |    off     |       off        |        
RUN-1001 :        map_sim_model        |    off     |       off        |        
RUN-1001 :         map_strategy        |     1      |        1         |        
RUN-1001 :           opt_area          |   medium   |      medium      |        
RUN-1001 :          opt_timing         |    auto    |       auto       |        
RUN-1001 :         pack_effort         |   medium   |      medium      |        
RUN-1001 :      pack_lslice_ripple     |     on     |        on        |        
RUN-1001 :   pack_lslice_ripple_ratio  |    0.5     |       0.5        |        
RUN-1001 :        pack_seq_in_io       |    auto    |       auto       |        
RUN-1001 :        ph1_mux_ratio        |    1.0     |       1.0        |        
RUN-1001 :            report           |  standard  |     standard     |        
RUN-1001 :           retiming          |    off     |       off        |        
RUN-1001 : ------------------------------------------------------------------
SYN-2001 : Map 24 IOs to PADs
RUN-1002 : start command "update_pll_param -module rx_top"
SYN-2501 : Processed 0 LOGIC_BUF instances.
SYN-2512 : LOGIC BRAM "auto_chipwatcher_0_logicbram"
SYN-2571 : Optimize after map_dsp, round 1
SYN-2571 : Optimize after map_dsp, round 1, 0 better
SYN-1001 : Throwback 3 control mux instances
SYN-2501 : Optimize round 1
SYN-1016 : Merged 25 instances.
SYN-2501 : Optimize round 1, 52 better
SYN-2501 : Optimize round 2
SYN-2501 : Optimize round 2, 0 better
SYN-2501 : Map 16 macro adder
SYN-1019 : Optimized 13 mux instances.
SYN-1016 : Merged 11 instances.
SYN-1032 : 1567/2 useful/useless nets, 1405/1 useful/useless insts
SYN-3001 : Running gate level optimization.
SYN-2581 : Mapping with K=5, #lut = 218 (3.66), #lev = 5 (1.98)
SYN-2551 : Post LUT mapping optimization.
SYN-2581 : Mapping with K=5, #lut = 218 (3.66), #lev = 5 (1.98)
SYN-3001 : Logic optimization runtime opt =   0.02 sec, map =   0.00 sec
SYN-3001 : Mapper mapped 584 instances into 218 LUTs, name keeping = 72%.
SYN-1001 : Packing model "rx_top" ...
SYN-4010 : Pack lib has 58 rtl pack models with 25 top pack blocks
SYN-1014 : Optimize round 1
SYN-1015 : Optimize round 1, 0 better
SYN-4002 : Packing 386 DFF/LATCH to SEQ ...
SYN-4009 : Pack 7 carry chain into lslice
SYN-4007 : Packing 114 adder to BLE ...
SYN-4008 : Packed 114 adder and 0 SEQ to BLE.
SYN-4007 : Packing 0 gate4 to BLE ...
SYN-4008 : Packed 0 gate4 and 0 SEQ to BLE.
SYN-4012 : Packed 0 FxMUX
RUN-1002 : start command "legalize_phy_inst"
SYN-1011 : Flatten model rx_top
KIT-1004 : Compile Chipwatcher: Clear obsolete physical data.
RUN-1002 : start command "place"
RUN-1001 : Open license file C:/Anlogic/TD5.6.2/license/Anlogic.lic
RUN-1001 : Print Global Property
RUN-1001 : ---------------------------------------------------------------
RUN-1001 :        Parameters        |  Settings  |  Default Values  |  Note  
RUN-1001 : ---------------------------------------------------------------
RUN-1001 :          message         |  standard  |     standard     |        
RUN-1001 :   mixed_pack_place_flow  |     on     |        on        |        
RUN-1001 :        qor_monitor       |    off     |       off        |        
RUN-1001 :        syn_ip_flow       |    off     |       off        |        
RUN-1001 :          thread          |    auto    |       auto       |        
RUN-1001 : ---------------------------------------------------------------
RUN-1001 : Print Place Property
RUN-1001 : --------------------------------------------------------------
RUN-1001 :        Parameters       |  Settings  |  Default Values  |  Note  
RUN-1001 : --------------------------------------------------------------
RUN-1001 :      detailed_place     |     on     |        on        |        
RUN-1001 :          effort         |   medium   |      medium      |        
RUN-1001 :         fix_hold        |    off     |       off        |        
RUN-1001 :       legalization      |    ori     |       ori        |        
RUN-1001 :      new_spreading      |     on     |        on        |        
RUN-1001 :        opt_timing       |   medium   |      medium      |        
RUN-1001 :   post_clock_route_opt  |    off     |       off        |        
RUN-1001 :       pr_strategy       |     1      |        1         |        
RUN-1001 :        relaxation       |    1.00    |       1.00       |        
RUN-1001 :         retiming        |    off     |       off        |        
RUN-1001 : --------------------------------------------------------------
PHY-3001 : Placer runs in 16 thread(s).
RUN-1002 : start command "legalize_phy_inst"
SYN-1011 : Flatten model rx_top
SYN-5055 WARNING: The kept net U2/BPS_CLK_n will be merged to another kept net BPS_CLK
SYN-5055 WARNING: The kept net U3/BPS_CLK will be merged to another kept net BPS_CLK
SYN-5055 WARNING: The kept net U1/CLK will be merged to another kept net CLK_500K
SYN-5055 WARNING: The kept net U3/isCount will be merged to another kept net Count_Sig
SYN-5055 WARNING: The kept net U2/Count_Sig will be merged to another kept net Count_Sig
SYN-5055 WARNING: The kept net U3/isDone will be merged to another kept net RX_Done_Sig
SYN-5055 WARNING: The kept net U4/RX_Done_Sig will be merged to another kept net RX_Done_Sig
SYN-5055 WARNING: The kept net U1/neg_sig_n will be merged to another kept net neg_sig
SYN-5055 WARNING: The kept net U3/neg_sig will be merged to another kept net neg_sig
RUN-1002 : start command "phys_opt -simplify_lut"
SYN-4016 : Net config_inst_syn_10 driven by BUFG (266 clock/control pins, 0 other pins).
SYN-4024 : Net "CLK_500K" drives clk pins.
SYN-4024 : Net "CLK_dup_1" drives clk pins.
SYN-4024 : Net "U5/SingleNum_n" drives clk pins.
SYN-4025 : Tag rtl::Net CLK_500K as clock net
SYN-4025 : Tag rtl::Net CLK_dup_1 as clock net
SYN-4025 : Tag rtl::Net U5/SingleNum_n as clock net
SYN-4025 : Tag rtl::Net config_inst_syn_10 as clock net
SYN-4026 : Tagged 4 rtl::Net as clock net
SYN-4015 : Create BUFG instance for clk Net CLK_500K to drive 161 clock pins.
SYN-4015 : Create BUFG instance for clk Net U5/SingleNum_n to drive 8 clock pins.
PHY-1001 : Populate physical database on model rx_top.
RUN-1001 : There are total 891 instances
RUN-0007 : 308 luts, 441 seqs, 64 mslices, 44 lslices, 24 pads, 4 brams, 0 dsps
RUN-1001 : There are total 1053 nets
RUN-1001 : 560 nets have 2 pins
RUN-1001 : 409 nets have [3 - 5] pins
RUN-1001 : 54 nets have [6 - 10] pins
RUN-1001 : 19 nets have [11 - 20] pins
RUN-1001 : 4 nets have [21 - 99] pins
RUN-1001 : 7 nets have 100+ pins
RUN-1001 : Report Control nets information:
RUN-1001 : DFF Distribution
RUN-1001 : ----------------------------------
RUN-1001 :   CE   |  SSR  |  ASR  |  DFF Count  
RUN-1001 : ----------------------------------
RUN-1001 :   No   |  No   |  No   |     24      
RUN-1001 :   No   |  No   |  Yes  |     155     
RUN-1001 :   No   |  Yes  |  No   |      0      
RUN-1001 :   Yes  |  No   |  No   |      0      
RUN-1001 :   Yes  |  No   |  Yes  |     262     
RUN-1001 :   Yes  |  Yes  |  No   |      0      
RUN-1001 : ----------------------------------
RUN-0007 : Control Group Statistic
RUN-0007 : ---------------------------
RUN-0007 :   #CLK  |  #CE  |  #SSR/ASR  
RUN-0007 : ---------------------------
RUN-0007 :    4    |   4   |     5      
RUN-0007 : ---------------------------
RUN-0007 : Control Set = 11
PHY-3001 : Initial placement ...
PHY-3001 : design contains 889 instances, 308 luts, 441 seqs, 108 slices, 19 macros(108 instances: 64 mslices 44 lslices)
PHY-0007 : Cell area utilization is 2%
PHY-3001 : Global placement ...
PHY-3001 : Initial: Len = 274191
PHY-3001 : Clustering ...
PHY-3001 : Level 0 #clusters 889.
PHY-3001 : End clustering;  0.000033s wall, 0.000000s user + 0.000000s system = 0.000000s CPU (n/a%)

PHY-3001 : Run with size of 4
PHY-3001 : Cell area utilization is 2%
PHY-3001 : :::0::: Try harder cell spreading with beta_ = 0
PHY-3002 : Step(1): len = 179401, overlap = 4.5
PHY-3002 : Step(2): len = 129129, overlap = 4.5
PHY-3002 : Step(3): len = 95040.9, overlap = 2.25
PHY-3002 : Step(4): len = 73478.6, overlap = 4.5
PHY-3002 : Step(5): len = 61131.1, overlap = 6.75
PHY-3002 : Step(6): len = 52494.7, overlap = 6.75
PHY-3002 : Step(7): len = 45476.2, overlap = 9
PHY-3002 : Step(8): len = 40300.5, overlap = 9
PHY-3002 : Step(9): len = 35619.5, overlap = 9
PHY-3002 : Step(10): len = 34279.8, overlap = 9
PHY-3002 : Step(11): len = 29546.4, overlap = 9
PHY-3002 : Step(12): len = 28972.6, overlap = 9
PHY-3002 : Step(13): len = 26744, overlap = 9
PHY-3002 : Step(14): len = 25069.3, overlap = 9
PHY-3002 : Step(15): len = 23615.9, overlap = 9
PHY-3001 : :::1::: Try harder cell spreading with beta_ = 3.40893e-05
PHY-3002 : Step(16): len = 24761.1, overlap = 9
PHY-3002 : Step(17): len = 24955.4, overlap = 9
PHY-3002 : Step(18): len = 23805.3, overlap = 6.75
PHY-3002 : Step(19): len = 23581.2, overlap = 9
PHY-3002 : Step(20): len = 23560.8, overlap = 4.5
PHY-3002 : Step(21): len = 23388.8, overlap = 4.5
PHY-3002 : Step(22): len = 23389.7, overlap = 4.5
PHY-3002 : Step(23): len = 23074.7, overlap = 4.5
PHY-3002 : Step(24): len = 22703.6, overlap = 4.5
PHY-3002 : Step(25): len = 22185.1, overlap = 6.75
PHY-3002 : Step(26): len = 21973.4, overlap = 6.75
PHY-3002 : Step(27): len = 21480, overlap = 4.5
PHY-3002 : Step(28): len = 21578.3, overlap = 4.5
PHY-3002 : Step(29): len = 21585.7, overlap = 4.5
PHY-3002 : Step(30): len = 21562.4, overlap = 4.5
PHY-3001 : :::2::: Try harder cell spreading with beta_ = 6.81786e-05
PHY-3002 : Step(31): len = 21380.7, overlap = 4.5
PHY-3002 : Step(32): len = 21320.4, overlap = 4.5
PHY-3001 : :::3::: Try harder cell spreading with beta_ = 0.000136357
PHY-3002 : Step(33): len = 21479.1, overlap = 4.5
PHY-3002 : Step(34): len = 21483.3, overlap = 4.5
PHY-3002 : Step(35): len = 21474.1, overlap = 4.5625
PHY-3001 : Legalization ...
PHY-3001 : End legalization;  0.004876s wall, 0.015625s user + 0.000000s system = 0.015625s CPU (320.4%)

PHY-3001 : Run with size of 4
PHY-3001 : Cell area utilization is 3%
PHY-3001 : :::0::: Try harder cell spreading with beta_ = 0
PHY-3002 : Step(36): len = 20761.9, overlap = 15.625
PHY-3002 : Step(37): len = 20837.2, overlap = 16.0312
PHY-3002 : Step(38): len = 19404.5, overlap = 19
PHY-3002 : Step(39): len = 19757.4, overlap = 19.9062
PHY-3002 : Step(40): len = 20097.5, overlap = 21.875
PHY-3001 : :::1::: Try harder cell spreading with beta_ = 0.000138361
PHY-3002 : Step(41): len = 19046.3, overlap = 19.7812
PHY-3002 : Step(42): len = 19182.8, overlap = 20
PHY-3002 : Step(43): len = 19497.1, overlap = 18.0625
PHY-3001 : :::2::: Try harder cell spreading with beta_ = 0.000276722
PHY-3002 : Step(44): len = 18919.7, overlap = 18.1562
PHY-3002 : Step(45): len = 18919.7, overlap = 18.1562
PHY-3002 : Step(46): len = 18943.8, overlap = 17.0625
PHY-3001 : Run with size of 2
PHY-3001 : Cell area utilization is 3%
PHY-3001 : :::0::: Try harder cell spreading with beta_ = 1.5208e-05
PHY-3002 : Step(47): len = 19635.4, overlap = 33.1875
PHY-3002 : Step(48): len = 19715.2, overlap = 33.0625
PHY-3002 : Step(49): len = 19285.7, overlap = 30.625
PHY-3002 : Step(50): len = 19386.2, overlap = 30.25
PHY-3002 : Step(51): len = 19800.8, overlap = 30.1875
PHY-3001 : :::1::: Try harder cell spreading with beta_ = 3.04159e-05
PHY-3002 : Step(52): len = 19761.1, overlap = 28.375
PHY-3002 : Step(53): len = 19863.8, overlap = 29.3438
PHY-3002 : Step(54): len = 19997.3, overlap = 28.0938
PHY-3001 : :::2::: Try harder cell spreading with beta_ = 6.08319e-05
PHY-3002 : Step(55): len = 20204.2, overlap = 27.5
PHY-3002 : Step(56): len = 20436.1, overlap = 27.3125
PHY-3002 : Step(57): len = 20864.6, overlap = 26.75
PHY-3001 : :::3::: Try harder cell spreading with beta_ = 0.000121664
PHY-3002 : Step(58): len = 20712.8, overlap = 24.4062
PHY-3002 : Step(59): len = 20850, overlap = 23.0938
PHY-3002 : Step(60): len = 21021.7, overlap = 22.5938
OPT-1001 : Start physical optimization ...
OPT-1001 : Total overflow 50.50 peak overflow 2.88
OPT-1001 : Start high-fanout net optimization ...
OPT-1001 : Update timing in global mode
PHY-1001 : Start incremental global routing, caller is place ...
RUN-1001 : Generating global routing grids ...
RUN-1001 : Building simple global routing graph ...
PHY-1001 : Generate routing nets ...
PHY-1001 : Reuse net number 0/1053.
PHY-1001 : Global iterations in 16 thread ...
PHY-1002 : len = 23872, over cnt = 103(0%), over = 321, worst = 16
PHY-1001 : End global iterations;  0.055475s wall, 0.078125s user + 0.031250s system = 0.109375s CPU (197.2%)

PHY-1001 : Congestion index: top1 = 26.51, top5 = 13.87, top10 = 8.17, top15 = 5.56.
PHY-1001 : End incremental global routing;  0.114076s wall, 0.125000s user + 0.046875s system = 0.171875s CPU (150.7%)

RUN-1002 : start command "start_timer -report"
TMR-5001 WARNING: No sdc constraints found while initiating timer.
TMR-2505 : Start building timing graph for model rx_top.
TMR-2506 : Build timing graph completely. Port num: 7, tpin num: 4346, tnet num: 1051, tinst num: 889, tnode num: 5976, tedge num: 7146.
TMR-2508 : Levelizing timing graph completed, there are 29 levels in total.
TMR-2501 : Timing graph initialized successfully.
OPT-1001 : End timing update;  0.137312s wall, 0.140625s user + 0.000000s system = 0.140625s CPU (102.4%)

OPT-1001 : 0 high-fanout net processed.
OPT-1001 : End high-fanout net optimization;  0.264976s wall, 0.265625s user + 0.046875s system = 0.312500s CPU (117.9%)

OPT-1001 : Current memory(MB): used = 166, reserve = 130, peak = 166.
OPT-1001 : End physical optimization;  0.274407s wall, 0.281250s user + 0.046875s system = 0.328125s CPU (119.6%)

PHY-3001 : Start packing ...
SYN-4007 : Packing 0 MUX to BLE ...
SYN-4008 : Packed 0 MUX and 0 SEQ to BLE.
SYN-4007 : Packing 308 LUT to BLE ...
SYN-4008 : Packed 308 LUT and 109 SEQ to BLE.
SYN-4003 : Packing 332 remaining SEQ's ...
SYN-4005 : Packed 188 SEQ with LUT/SLICE
SYN-4006 : 37 single LUT's are left
SYN-4006 : 144 single SEQ's are left
SYN-4011 : Packing model "rx_top" (AL_USER_NORMAL) with 452/604 primitive instances ...
PHY-3001 : End packing;  0.033591s wall, 0.031250s user + 0.000000s system = 0.031250s CPU (93.0%)

PHY-1001 : Populate physical database on model rx_top.
RUN-1001 : There are total 395 instances
RUN-1001 : 181 mslices, 180 lslices, 24 pads, 4 brams, 0 dsps
RUN-1001 : There are total 949 nets
RUN-1001 : 443 nets have 2 pins
RUN-1001 : 421 nets have [3 - 5] pins
RUN-1001 : 54 nets have [6 - 10] pins
RUN-1001 : 19 nets have [11 - 20] pins
RUN-1001 : 9 nets have [21 - 99] pins
RUN-1001 : 3 nets have 100+ pins
PHY-3001 : design contains 393 instances, 361 slices, 19 macros(108 instances: 64 mslices 44 lslices)
PHY-3001 : Cell area utilization is 4%
PHY-3001 : After packing: Len = 21917, Over = 30
PHY-3001 : Run with size of 2
PHY-3001 : Cell area utilization is 4%
PHY-3001 : :::0::: Try harder cell spreading with beta_ = 1.21826e-05
PHY-3002 : Step(61): len = 20793.9, overlap = 29
PHY-3002 : Step(62): len = 20724.8, overlap = 30.5
PHY-3002 : Step(63): len = 20593.2, overlap = 32.5
PHY-3001 : :::1::: Try harder cell spreading with beta_ = 2.43653e-05
PHY-3002 : Step(64): len = 21005.4, overlap = 31.5
PHY-3002 : Step(65): len = 21230.3, overlap = 32
PHY-3002 : Step(66): len = 21604.9, overlap = 29.25
PHY-3001 : :::2::: Try harder cell spreading with beta_ = 4.87306e-05
PHY-3002 : Step(67): len = 21916.5, overlap = 26
PHY-3002 : Step(68): len = 22080.1, overlap = 24.75
PHY-3002 : Step(69): len = 22390.3, overlap = 21.75
PHY-3001 : Legalization ...
PHY-3001 : End legalization;  0.121300s wall, 0.093750s user + 0.187500s system = 0.281250s CPU (231.9%)

PHY-3001 : Trial Legalized: Len = 30078.6
PHY-3001 : Run with size of 2
PHY-3001 : Cell area utilization is 4%
PHY-3001 : :::0::: Try harder cell spreading with beta_ = 0.00043845
PHY-3002 : Step(70): len = 27199.1, overlap = 3.25
PHY-3002 : Step(71): len = 25886.1, overlap = 3.75
PHY-3002 : Step(72): len = 24431.9, overlap = 7.5
PHY-3002 : Step(73): len = 24034.4, overlap = 8
PHY-3002 : Step(74): len = 23957.9, overlap = 9.75
PHY-3002 : Step(75): len = 23775.6, overlap = 10.25
PHY-3001 : :::1::: Try harder cell spreading with beta_ = 0.0008769
PHY-3002 : Step(76): len = 23938.5, overlap = 10.25
PHY-3002 : Step(77): len = 23964.6, overlap = 10
PHY-3001 : :::2::: Try harder cell spreading with beta_ = 0.0017538
PHY-3002 : Step(78): len = 24003, overlap = 10.5
PHY-3002 : Step(79): len = 24024.6, overlap = 10.5
PHY-3001 : Legalization ...
PHY-3001 : End legalization;  0.004197s wall, 0.000000s user + 0.000000s system = 0.000000s CPU (n/a%)

PHY-3001 : Legalized: Len = 27022.8, Over = 0
PHY-3001 : Spreading special nets. 2 overflows in 2952 tiles.
PHY-3001 : End spreading;  0.003817s wall, 0.000000s user + 0.000000s system = 0.000000s CPU (n/a%)

PHY-3001 : 3 instances has been re-located, deltaX = 0, deltaY = 3, maxDist = 1.
PHY-3001 : Final: Len = 27108.8, Over = 0
OPT-1001 : Start physical optimization ...
OPT-1001 : Total overflow 0.00 peak overflow 0.00
OPT-1001 : Start high-fanout net optimization ...
OPT-1001 : Update timing in global mode
PHY-1001 : Start incremental global routing, caller is place ...
RUN-1001 : Generating global routing grids ...
PHY-1001 : Generate routing nets ...
PHY-1001 : Reuse net number 37/949.
PHY-1001 : Global iterations in 16 thread ...
PHY-1002 : len = 31752, over cnt = 98(0%), over = 154, worst = 5
PHY-1002 : len = 32736, over cnt = 38(0%), over = 42, worst = 3
PHY-1002 : len = 33304, over cnt = 3(0%), over = 3, worst = 1
PHY-1002 : len = 33352, over cnt = 0(0%), over = 0, worst = 0
PHY-1001 : End global iterations;  0.105435s wall, 0.109375s user + 0.000000s system = 0.109375s CPU (103.7%)

PHY-1001 : Congestion index: top1 = 26.27, top5 = 17.43, top10 = 10.91, top15 = 7.50.
PHY-1001 : End incremental global routing;  0.164338s wall, 0.156250s user + 0.015625s system = 0.171875s CPU (104.6%)

RUN-1002 : start command "start_timer -report"
TMR-5001 WARNING: No sdc constraints found while initiating timer.
TMR-2505 : Start building timing graph for model rx_top.
TMR-2506 : Build timing graph completely. Port num: 7, tpin num: 3717, tnet num: 947, tinst num: 393, tnode num: 4855, tedge num: 6313.
TMR-2508 : Levelizing timing graph completed, there are 29 levels in total.
TMR-2501 : Timing graph initialized successfully.
OPT-1001 : End timing update;  0.140273s wall, 0.140625s user + 0.000000s system = 0.140625s CPU (100.3%)

OPT-1001 : 0 high-fanout net processed.
OPT-1001 : End high-fanout net optimization;  0.317164s wall, 0.296875s user + 0.015625s system = 0.312500s CPU (98.5%)

OPT-1001 : Current memory(MB): used = 168, reserve = 132, peak = 168.
OPT-1001 : Update timing in Manhattan mode
OPT-1001 : End timing update;  0.000896s wall, 0.015625s user + 0.000000s system = 0.015625s CPU (n/a%)

OPT-1001 : Start pin optimization...
OPT-1001 : skip pin optimization...
RUN-1001 : Generating global routing grids ...
PHY-1001 : Generate routing nets ...
PHY-1001 : Reuse net number 802/949.
PHY-1001 : Global iterations in 16 thread ...
PHY-1002 : len = 33352, over cnt = 0(0%), over = 0, worst = 0
PHY-1001 : End global iterations;  0.002996s wall, 0.000000s user + 0.000000s system = 0.000000s CPU (n/a%)

PHY-1001 : Congestion index: top1 = 26.27, top5 = 17.43, top10 = 10.91, top15 = 7.50.
OPT-1001 : Update timing in Manhattan mode
OPT-1001 : End timing update;  0.001542s wall, 0.000000s user + 0.000000s system = 0.000000s CPU (n/a%)

RUN-1001 : QoR Analysis:
OPT-0007 :   WNS 2147483647 TNS 0 NUM_FEPS 0
RUN-1001 :   No local congestion issue, and most congested 1% tile average routing util is 25.862069
RUN-1001 :   Top critical paths
OPT-1001 : End physical optimization;  0.382020s wall, 0.359375s user + 0.015625s system = 0.375000s CPU (98.2%)

RUN-1003 : finish command "place" in  2.972805s wall, 3.968750s user + 4.000000s system = 7.968750s CPU (268.1%)

RUN-1004 : used memory is 152 MB, reserved memory is 116 MB, peak memory is 169 MB
RUN-1002 : start command "export_db rx_top_place.db"
RUN-1001 : Exported /
RUN-1001 : Exported flow parameters
RUN-1001 : Exported libs
RUN-1001 : Exported entities
RUN-1001 : Exported ports
RUN-1001 : Exported pins
RUN-1001 : Exported instances
RUN-1001 : Exported nets
RUN-1001 : Exported buses
RUN-1001 : Exported models
RUN-1001 : Exported congestions
RUN-1001 : Exported violations
RUN-1001 : Exported IO constraints
RUN-1001 : Exported Inst constraints
RUN-1001 : Exported ChipWatcher
RUN-1002 : start command "route"
RUN-1001 : Open license file C:/Anlogic/TD5.6.2/license/Anlogic.lic
RUN-1001 : Print Global Property
RUN-1001 : ---------------------------------------------------------------
RUN-1001 :        Parameters        |  Settings  |  Default Values  |  Note  
RUN-1001 : ---------------------------------------------------------------
RUN-1001 :          message         |  standard  |     standard     |        
RUN-1001 :   mixed_pack_place_flow  |     on     |        on        |        
RUN-1001 :        qor_monitor       |    off     |       off        |        
RUN-1001 :        syn_ip_flow       |    off     |       off        |        
RUN-1001 :          thread          |    auto    |       auto       |        
RUN-1001 : ---------------------------------------------------------------
RUN-1001 : Print Route Property
RUN-1001 : -------------------------------------------------------
RUN-1001 :    Parameters    |  Settings  |  Default Values  |  Note  
RUN-1001 : -------------------------------------------------------
RUN-1001 :      effort      |   medium   |      medium      |        
RUN-1001 :     fix_hold     |    off     |       off        |        
RUN-1001 :    opt_timing    |   medium   |      medium      |        
RUN-1001 :   phy_sim_model  |    off     |       off        |        
RUN-1001 :     priority     |   timing   |      timing      |        
RUN-1001 :     swap_pin     |     on     |        on        |        
RUN-1001 : -------------------------------------------------------
PHY-1001 : Route runs in 16 thread(s)
RUN-1001 : There are total 395 instances
RUN-1001 : 181 mslices, 180 lslices, 24 pads, 4 brams, 0 dsps
RUN-1001 : There are total 949 nets
RUN-1001 : 443 nets have 2 pins
RUN-1001 : 421 nets have [3 - 5] pins
RUN-1001 : 54 nets have [6 - 10] pins
RUN-1001 : 19 nets have [11 - 20] pins
RUN-1001 : 9 nets have [21 - 99] pins
RUN-1001 : 3 nets have 100+ pins
RUN-1002 : start command "start_timer -report"
TMR-5001 WARNING: No sdc constraints found while initiating timer.
TMR-2505 : Start building timing graph for model rx_top.
TMR-2506 : Build timing graph completely. Port num: 7, tpin num: 3717, tnet num: 947, tinst num: 393, tnode num: 4855, tedge num: 6313.
TMR-2508 : Levelizing timing graph completed, there are 29 levels in total.
TMR-2501 : Timing graph initialized successfully.
PHY-1001 : 181 mslices, 180 lslices, 24 pads, 4 brams, 0 dsps
TMR-2503 : Start to update net delay, extr mode = 3.
TMR-2504 : Update delay of 947 nets completely.
TMR-2502 : Annotate delay completely, extr mode = 3.
TMR-3002 : No user constraint, initiate default constraint.
TMR-1501 : Assign derive clock DeriveClock to 536 clock pins, and constraint 1138 relative nodes.
TMR-3003 : Constraints initiated successfully.
TMR-3501 : Forward propagation: start to calculate arrival time...
TMR-3502 : Backward propagation: start to calculate required time...
TMR-3503 : Timing propagation completes.
PHY-1001 : Start global routing, caller is route ...
RUN-1001 : Generating global routing grids ...
PHY-1001 : Generate routing nets ...
PHY-1001 : Global iterations in 16 thread ...
PHY-1002 : len = 31600, over cnt = 97(0%), over = 156, worst = 5
PHY-1002 : len = 32608, over cnt = 39(0%), over = 43, worst = 3
PHY-1002 : len = 33192, over cnt = 1(0%), over = 1, worst = 1
PHY-1002 : len = 33208, over cnt = 0(0%), over = 0, worst = 0
PHY-1001 : End global iterations;  0.104618s wall, 0.109375s user + 0.000000s system = 0.109375s CPU (104.5%)

PHY-1001 : Congestion index: top1 = 26.06, top5 = 17.37, top10 = 10.78, top15 = 7.43.
PHY-1001 : End global routing;  0.154484s wall, 0.156250s user + 0.000000s system = 0.156250s CPU (101.1%)

PHY-1001 : Start detail routing ...
PHY-1001 : Current memory(MB): used = 195, reserve = 159, peak = 210.
PHY-1001 : Detailed router is running in normal mode.
PHY-1001 : Generate detailed routing grids ...
PHY-1001 : Processed IO instance DigitronCS_Out[3]_syn_2 with INV attribute.
PHY-1001 : Processed IO instance DigitronCS_Out[2]_syn_2 with INV attribute.
PHY-1001 : Processed IO instance DigitronCS_Out[1]_syn_2 with INV attribute.
PHY-1001 : Processed IO instance DigitronCS_Out[0]_syn_2 with INV attribute.
PHY-1001 : Generate nets ...
PHY-1001 : net CLK_dup_1 will be routed on clock mesh
PHY-1001 : clock net CLK_500K_syn_8 will be merged with clock CLK_500K
PHY-1001 : clock net U5/SingleNum_n_syn_4 will be merged with clock U5/SingleNum_n
PHY-1001 : clock net config_inst_syn_10 will be merged with clock config_inst_syn_9
PHY-1001 : Current memory(MB): used = 461, reserve = 430, peak = 461.
PHY-1001 : End build detailed router design. 2.949475s wall, 2.890625s user + 0.062500s system = 2.953125s CPU (100.1%)

PHY-1001 : Detail Route ...
PHY-1001 : ===== Detail Route Phase 1 =====
PHY-1001 : Clock net routing.....
PHY-1001 : Routed 0% nets.
PHY-1022 : len = 25440, over cnt = 0(0%), over = 0, worst = 0, crit = 0
PHY-1001 : End initial clock net routed; 0.963270s wall, 0.968750s user + 0.000000s system = 0.968750s CPU (100.6%)

PHY-1001 : Current memory(MB): used = 493, reserve = 462, peak = 493.
PHY-1001 : End phase 1; 0.969677s wall, 0.968750s user + 0.000000s system = 0.968750s CPU (99.9%)

PHY-1001 : ===== Detail Route Phase 2 =====
PHY-1001 : Initial routing.....
PHY-1001 : Routed 33% nets.
PHY-1001 : Routed 38% nets.
PHY-1001 : Routed 50% nets.
PHY-1001 : Routed 65% nets.
PHY-1001 : Routed 87% nets.
PHY-1022 : len = 134880, over cnt = 17(0%), over = 17, worst = 1, crit = 0
PHY-1001 : Current memory(MB): used = 493, reserve = 462, peak = 493.
PHY-1001 : End initial routed; 1.248571s wall, 1.671875s user + 0.218750s system = 1.890625s CPU (151.4%)

PHY-1001 : Current memory(MB): used = 493, reserve = 462, peak = 493.
PHY-1001 : End phase 2; 1.248671s wall, 1.671875s user + 0.218750s system = 1.890625s CPU (151.4%)

PHY-1001 : ===== Detail Route Phase 3 =====
PHY-1001 : Ripup-reroute.....
PHY-1001 : ===== DR Iter 1 =====
PHY-1022 : len = 134896, over cnt = 2(0%), over = 2, worst = 1, crit = 0
PHY-1001 : End DR Iter 1; 0.014948s wall, 0.015625s user + 0.000000s system = 0.015625s CPU (104.5%)

PHY-1001 : ===== DR Iter 2 =====
PHY-1022 : len = 134928, over cnt = 0(0%), over = 0, worst = 0, crit = 0
PHY-1001 : End DR Iter 2; 0.011382s wall, 0.000000s user + 0.000000s system = 0.000000s CPU (n/a%)

PHY-1001 : Commit to database.....
PHY-1001 : 1 feed throughs used by 1 nets
PHY-1001 : End commit to database; 0.090671s wall, 0.093750s user + 0.000000s system = 0.093750s CPU (103.4%)

PHY-1001 : Current memory(MB): used = 505, reserve = 474, peak = 505.
PHY-1001 : End phase 3; 0.215194s wall, 0.218750s user + 0.000000s system = 0.218750s CPU (101.7%)

PHY-1003 : Routed, final wirelength = 134928
PHY-1001 : Current memory(MB): used = 505, reserve = 474, peak = 505.
PHY-1001 : End export database. 0.007460s wall, 0.015625s user + 0.000000s system = 0.015625s CPU (209.4%)

PHY-1001 : End detail routing;  5.579840s wall, 5.937500s user + 0.281250s system = 6.218750s CPU (111.5%)

RUN-1003 : finish command "route" in  5.948284s wall, 6.296875s user + 0.296875s system = 6.593750s CPU (110.9%)

RUN-1004 : used memory is 443 MB, reserved memory is 412 MB, peak memory is 505 MB
RUN-1002 : start command "report_area -io_info -file rx_top_phy.area"
RUN-1001 : standard
***Report Model: rx_top Device: EG4S20BG256***

IO Statistics
#IO                        24
  #input                    4
  #output                  20
  #inout                    0

Utilization Statistics
#lut                      543   out of  19600    2.77%
#reg                      447   out of  19600    2.28%
#le                       687
  #lut only               240   out of    687   34.93%
  #reg only               144   out of    687   20.96%
  #lut&reg                303   out of    687   44.10%
#dsp                        0   out of     29    0.00%
#bram                       4   out of     64    6.25%
  #bram9k                   4
  #fifo9k                   0
#bram32k                    0   out of     16    0.00%
#pad                       24   out of    188   12.77%
  #ireg                     1
  #oreg                    12
  #treg                     0
#pll                        0   out of      4    0.00%
#gclk                       3   out of     16   18.75%

Clock Resource Statistics
Index     ClockNet             Type               DriverType         Driver                      Fanout
#1        config_inst_syn_9    GCLK               config             config_inst.jtck            149
#2        CLK_500K             GCLK               mslice             cnt2_b[4]_syn_19.q0         98
#3        CLK_dup_1            GCLK               io                 CLK_syn_2.di                18
#4        U5/SingleNum_n       GCLK               mslice             U5/SingleNum_n_syn_11.f0    7


Detailed IO Report

        Name           Direction    Location    IOStandard    DriveStrength    PullType    PackReg  
         CLK             INPUT         R7        LVCMOS33          N/A          PULLUP      NONE    
        RSTn             INPUT         A9        LVCMOS33          N/A          PULLUP      NONE    
      RX_En_Sig          INPUT        A10        LVCMOS33          N/A          PULLUP      NONE    
      RX_Pin_In          INPUT        F12        LVCMOS33          N/A          PULLUP      IREG    
  DigitronCS_Out[3]     OUTPUT         A3        LVCMOS33           8            NONE       OREG    
  DigitronCS_Out[2]     OUTPUT         A5        LVCMOS33           8            NONE       OREG    
  DigitronCS_Out[1]     OUTPUT         B6        LVCMOS33           8            NONE       OREG    
  DigitronCS_Out[0]     OUTPUT         C9        LVCMOS33           8            NONE       OREG    
   Digitron_Out[7]      OUTPUT         C8        LVCMOS33           8            NONE       NONE    
   Digitron_Out[6]      OUTPUT         A8        LVCMOS33           8            NONE       NONE    
   Digitron_Out[5]      OUTPUT         B5        LVCMOS33           8            NONE       NONE    
   Digitron_Out[4]      OUTPUT         A7        LVCMOS33           8            NONE       NONE    
   Digitron_Out[3]      OUTPUT         E8        LVCMOS33           8            NONE       NONE    
   Digitron_Out[2]      OUTPUT         B8        LVCMOS33           8            NONE       NONE    
   Digitron_Out[1]      OUTPUT         A6        LVCMOS33           8            NONE       NONE    
   Digitron_Out[0]      OUTPUT         A4        LVCMOS33           8            NONE       NONE    
     LED_Out[7]         OUTPUT        F16        LVCMOS33           8            NONE       OREG    
     LED_Out[6]         OUTPUT        E16        LVCMOS33           8            NONE       OREG    
     LED_Out[5]         OUTPUT        E13        LVCMOS33           8            NONE       OREG    
     LED_Out[4]         OUTPUT        C16        LVCMOS33           8            NONE       OREG    
     LED_Out[3]         OUTPUT        C15        LVCMOS33           8            NONE       OREG    
     LED_Out[2]         OUTPUT        B16        LVCMOS33           8            NONE       OREG    
     LED_Out[1]         OUTPUT        B15        LVCMOS33           8            NONE       OREG    
     LED_Out[0]         OUTPUT        B14        LVCMOS33           8            NONE       OREG    

Report Hierarchy Area:
+--------------------------------------------------------------------------------------------------------------+
|Instance                            |Module              |le     |lut     |ripple  |seq     |bram    |dsp     |
+--------------------------------------------------------------------------------------------------------------+
|top                                 |rx_top              |687    |435     |108     |460     |4       |0       |
|  U1                                |detect_module       |1      |0       |0       |1       |0       |0       |
|  U2                                |rx_bps_module       |21     |17      |4       |14      |0       |0       |
|  U3                                |rx_control_module   |33     |33      |0       |14      |0       |0       |
|  U5                                |Digitron_NumDisplay |48     |41      |5       |22      |0       |0       |
|  cw_top                            |CW_TOP_WRAPPER      |561    |327     |93      |384     |0       |0       |
|    wrapper_cwc_top                 |cwc_top             |561    |327     |93      |384     |0       |0       |
|      cfg_int_inst                  |cwc_cfg_int         |260    |139     |0       |251     |0       |0       |
|        reg_inst                    |register            |258    |137     |0       |249     |0       |0       |
|        tap_inst                    |tap                 |2      |2       |0       |2       |0       |0       |
|      trigger_inst                  |trigger             |301    |188     |93      |133     |0       |0       |
|        bus_inst                    |bus_top             |97     |60      |32      |41      |0       |0       |
|          BUS_DETECTOR[0]$bus_nodes |bus_det             |4      |4       |0       |4       |0       |0       |
|          BUS_DETECTOR[1]$bus_nodes |bus_det             |18     |10      |6       |6       |0       |0       |
|          BUS_DETECTOR[2]$bus_nodes |bus_det             |41     |24      |16      |13      |0       |0       |
|          BUS_DETECTOR[3]$bus_nodes |bus_det             |1      |1       |0       |1       |0       |0       |
|          BUS_DETECTOR[4]$bus_nodes |bus_det             |2      |2       |0       |2       |0       |0       |
|          BUS_DETECTOR[6]$bus_nodes |bus_det             |2      |2       |0       |2       |0       |0       |
|          BUS_DETECTOR[7]$bus_nodes |bus_det             |28     |16      |10      |12      |0       |0       |
|          BUS_DETECTOR[9]$bus_nodes |bus_det             |1      |1       |0       |1       |0       |0       |
|        emb_ctrl_inst               |emb_ctrl            |109    |79      |29      |56      |0       |0       |
+--------------------------------------------------------------------------------------------------------------+


DataNet Average Fanout:

   Index     Fanout     Nets  
    #1          1       419   
    #2          2       298   
    #3          3        94   
    #4          4        29   
    #5        5-10       55   
    #6        11-50      20   
    #7       51-100      3    
    #8       101-500     1    
  Average     2.69            

RUN-1002 : start command "export_db rx_top_pr.db"
RUN-1001 : Exported /
RUN-1001 : Exported flow parameters
RUN-1001 : Exported libs
RUN-1001 : Exported entities
RUN-1001 : Exported ports
RUN-1001 : Exported pins
RUN-1001 : Exported instances
RUN-1001 : Exported nets
RUN-1001 : Exported buses
RUN-1001 : Exported models
RUN-1001 : Exported congestions
RUN-1001 : Exported violations
RUN-1001 : Exported IO constraints
RUN-1001 : Exported Inst constraints
RUN-1001 : Exported ChipWatcher
RUN-1002 : start command "export_bid rx_top_inst.bid"
PRG-1000 : <!-- HMAC is: 42f9dab644d2eedb6347a7b1d70cf585240a36935c0dc00390dfb9cddc72defc -->
RUN-1002 : start command "bitgen -bit rx_top.bit -unused_io_status pulldown"
BIT-1003 : Start to generate bitstream. 
BIT-1002 : Bitgen processed 164 unused pads, reserve input tri_state with pulldown
BIT-1002 : Init instances with 16 threads.
BIT-1002 : Init instances completely, inst num: 557
BIT-1002 : Init pips with 16 threads.
BIT-1002 : Init pips completely, net num: 949, pip num: 8787
BIT-1002 : Init feedthrough completely, num: 1
BIT-1003 : Multithreading accelaration with 16 threads.
BIT-1003 : Generate bitstream completely, there are 1180 valid insts, and 23548 bits set as '1'.
BIT-1004 : the usercode register value: 00000000100010110101100011111010
BIT-1004 : PLL setting string = 0000
BIT-1004 : Generate bits file rx_top.bit.
RUN-1003 : finish command "bitgen -bit rx_top.bit -unused_io_status pulldown" in  1.442836s wall, 11.156250s user + 0.203125s system = 11.359375s CPU (787.3%)

RUN-1004 : used memory is 446 MB, reserved memory is 420 MB, peak memory is 642 MB
RUN-1002 : start command "backup_run_log run.log ../.logs/phy_1/td_20240827_122924.log"
