============================================================
   Tang Dynasty, V5.6.71036
      Copyright (c) 2012-2023 Anlogic Inc.
   Executable = C:/Anlogic/TD5.6.2/bin/td.exe
   Built at =   20:34:38 Mar 21 2023
   Run by =     Lenovo
   Run Date =   Tue Aug 27 20:41:30 2024

   Run on =     LAPTOP-QRG7LJL6
============================================================
RUN-1002 : start command "open_project rx_top.prj"
RUN-1001 : Print Global Property
RUN-1001 : ---------------------------------------------------------------
RUN-1001 :        Parameters        |  Settings  |  Default Values  |  Note  
RUN-1001 : ---------------------------------------------------------------
RUN-1001 :          message         |  standard  |     standard     |        
RUN-1001 :   mixed_pack_place_flow  |     on     |        on        |        
RUN-1001 :        qor_monitor       |    off     |       off        |        
RUN-1001 :        syn_ip_flow       |    off     |       off        |        
RUN-1001 :          thread          |    auto    |       auto       |        
RUN-1001 : ---------------------------------------------------------------
RUN-1001 : Print Design Property
RUN-1001 : --------------------------------------------------------------
RUN-1001 :        Parameters       |  Settings  |  Default Values  |  Note  
RUN-1001 : --------------------------------------------------------------
RUN-1001 :   default_reg_initial   |    auto    |       auto       |        
RUN-1001 :        infer_add        |     on     |        on        |        
RUN-1001 :        infer_fsm        |    off     |       off        |        
RUN-1001 :        infer_mult       |     on     |        on        |        
RUN-1001 :        infer_ram        |     on     |        on        |        
RUN-1001 :        infer_reg        |     on     |        on        |        
RUN-1001 :   infer_reg_init_value  |     on     |        on        |        
RUN-1001 :        infer_rom        |     on     |        on        |        
RUN-1001 :      infer_shifter      |     on     |        on        |        
RUN-1001 : --------------------------------------------------------------
RUN-1001 : Print Rtl Property
RUN-1001 : --------------------------------------------------------------
RUN-1001 :        Parameters       |  Settings  |  Default Values  |  Note  
RUN-1001 : --------------------------------------------------------------
RUN-1001 :       compress_add      |   ripple   |      ripple      |        
RUN-1001 :        elf_sload        |    off     |       off        |        
RUN-1001 :       fix_undriven      |     0      |        0         |        
RUN-1001 :         flatten         |    off     |       off        |        
RUN-1001 :       gate_sharing      |     on     |        on        |        
RUN-1001 :    hdl_warning_level    |   normal   |      normal      |        
RUN-1001 :   impl_internal_tribuf  |     on     |        on        |        
RUN-1001 :      impl_set_reset     |     on     |        on        |        
RUN-1001 :        infer_gsr        |    off     |       off        |        
RUN-1001 :      keep_hierarchy     |    auto    |       auto       |        
RUN-1001 :        max_fanout       |    9999    |       9999       |        
RUN-1001 :      max_oh2bin_len     |     10     |        10        |        
RUN-1001 :       merge_equal       |     on     |        on        |        
RUN-1001 :       merge_equiv       |     on     |        on        |        
RUN-1001 :        merge_mux        |    off     |       off        |        
RUN-1001 :     min_control_set     |     8      |        8         |        
RUN-1001 :      min_ripple_len     |    auto    |       auto       |        
RUN-1001 :       oh2bin_ratio      |    0.08    |       0.08       |        
RUN-1001 :     opt_adder_fanout    |     on     |        on        |        
RUN-1001 :        opt_arith        |     on     |        on        |        
RUN-1001 :       opt_big_gate      |    off     |       off        |        
RUN-1001 :        opt_const        |     on     |        on        |        
RUN-1001 :      opt_const_mult     |     on     |        on        |        
RUN-1001 :       opt_lessthan      |     on     |        on        |        
RUN-1001 :         opt_mux         |    off     |       off        |        
RUN-1001 :         opt_ram         |    high    |       high       |        
RUN-1001 :      rtl_sim_model      |    off     |       off        |        
RUN-1001 :         seq_syn         |     on     |        on        |        
RUN-1001 : --------------------------------------------------------------
HDL-1007 : analyze verilog file ../../Digitron_NumDisplay.v
HDL-1007 : analyze verilog file ../../LED_display_module.v
HDL-5007 WARNING: empty port in module declaration in ../../LED_display_module.v(3)
HDL-1007 : analyze verilog file ../../detect_module.v
HDL-1007 : analyze verilog file ../../rx_bps_module.v
HDL-1007 : analyze verilog file ../../rx_control_module.v
HDL-1007 : analyze verilog file ../../rx_top.v
HDL-1007 : analyze verilog file ../../tx_control.v
RUN-1001 : Project manager successfully analyzed 7 source files.
RUN-1002 : start command "import_device eagle_s20.db -package EG4S20BG256"
ARC-1001 : Device Initialization.
ARC-1001 : ------------------------------------------------------------------
ARC-1001 :            OPTION            |          IO          |   SETTING   
ARC-1001 : ------------------------------------------------------------------
ARC-1001 :   cso_b/cclk/mosi/miso/dout  |  T3/R11/T10/P10/S11  |    gpio    
ARC-1001 :             done             |         P13          |    gpio    
ARC-1001 :           program_b          |          T2          |  dedicate  
ARC-1001 :        tdi/tms/tck/tdo       |   C12/A15/C14/E14    |  dedicate  
ARC-1001 : ------------------------------------------------------------------
ARC-1004 : Device setting, marked 5 dedicate IOs in total.
RUN-1002 : start command "import_db ../syn_1/rx_top_gate.db"
RUN-1001 : Importing database generated by Tang Dynasty, V5.6.71036.
RUN-1001 : Database version number 46146.
RUN-1001 : Import flow parameters
RUN-1001 : Import IO constraints
RUN-1001 : Import Inst constraints
RUN-1001 : Import design success TD_VERSION=5.6.71036 , DB_VERSION=46146
RUN-1002 : start command "place"
RUN-1001 : Open license file C:/Anlogic/TD5.6.2/license/Anlogic.lic
RUN-1001 : Print Global Property
RUN-1001 : ---------------------------------------------------------------
RUN-1001 :        Parameters        |  Settings  |  Default Values  |  Note  
RUN-1001 : ---------------------------------------------------------------
RUN-1001 :          message         |  standard  |     standard     |        
RUN-1001 :   mixed_pack_place_flow  |     on     |        on        |        
RUN-1001 :        qor_monitor       |    off     |       off        |        
RUN-1001 :        syn_ip_flow       |    off     |       off        |        
RUN-1001 :          thread          |    auto    |       auto       |        
RUN-1001 : ---------------------------------------------------------------
RUN-1001 : Print Place Property
RUN-1001 : --------------------------------------------------------------
RUN-1001 :        Parameters       |  Settings  |  Default Values  |  Note  
RUN-1001 : --------------------------------------------------------------
RUN-1001 :      detailed_place     |     on     |        on        |        
RUN-1001 :          effort         |   medium   |      medium      |        
RUN-1001 :         fix_hold        |    off     |       off        |        
RUN-1001 :       legalization      |    ori     |       ori        |        
RUN-1001 :      new_spreading      |     on     |        on        |        
RUN-1001 :        opt_timing       |   medium   |      medium      |        
RUN-1001 :   post_clock_route_opt  |    off     |       off        |        
RUN-1001 :       pr_strategy       |     1      |        1         |        
RUN-1001 :        relaxation       |    1.00    |       1.00       |        
RUN-1001 :         retiming        |    off     |       off        |        
RUN-1001 : --------------------------------------------------------------
PHY-3001 : Placer runs in 16 thread(s).
RUN-1002 : start command "legalize_phy_inst"
SYN-1011 : Flatten model rx_top
SYN-5055 WARNING: The kept net U2/BPS_CLK_n will be merged to another kept net BPS_CLK
SYN-5055 WARNING: The kept net U3/BPS_CLK will be merged to another kept net BPS_CLK
SYN-5055 WARNING: The kept net U1/CLK will be merged to another kept net CLK_500K
SYN-5055 WARNING: The kept net U3/isCount will be merged to another kept net Count_Sig
SYN-5055 WARNING: The kept net U2/Count_Sig will be merged to another kept net Count_Sig
SYN-5055 WARNING: The kept net U3/isDone will be merged to another kept net RX_Done_Sig
SYN-5055 WARNING: The kept net U4/RX_Done_Sig will be merged to another kept net RX_Done_Sig
SYN-5055 WARNING: The kept net _al_n0 will be merged to another kept net TX_Data_Valid
SYN-5055 WARNING: The kept net U6/uart_tx_en will be merged to another kept net TX_Data_Valid
SYN-5055 WARNING: The kept net U1/neg_sig_n will be merged to another kept net neg_sig
SYN-5055 Similar messages will be suppressed.
RUN-1002 : start command "phys_opt -simplify_lut"
SYN-4024 : Net "CLK_dup_1" drives clk pins.
SYN-4024 : Net "CLK_500K" drives clk pins.
SYN-4024 : Net "U5/SingleNum_n" drives clk pins.
SYN-4025 : Tag rtl::Net CLK_500K as clock net
SYN-4025 : Tag rtl::Net CLK_dup_1 as clock net
SYN-4025 : Tag rtl::Net U5/SingleNum_n as clock net
SYN-4026 : Tagged 3 rtl::Net as clock net
SYN-4015 : Create BUFG instance for clk Net CLK_500K to drive 37 clock pins.
SYN-4015 : Create BUFG instance for clk Net U5/SingleNum_n to drive 8 clock pins.
PHY-1001 : Populate physical database on model rx_top.
RUN-1001 : There are total 368 instances
RUN-0007 : 179 luts, 110 seqs, 31 mslices, 18 lslices, 25 pads, 0 brams, 0 dsps
RUN-1001 : There are total 435 nets
RUN-1001 : 268 nets have 2 pins
RUN-1001 : 119 nets have [3 - 5] pins
RUN-1001 : 26 nets have [6 - 10] pins
RUN-1001 : 16 nets have [11 - 20] pins
RUN-1001 : 5 nets have [21 - 99] pins
RUN-1001 : 1 nets have 100+ pins
RUN-1001 : Report Control nets information:
RUN-1001 : DFF Distribution
RUN-1001 : ----------------------------------
RUN-1001 :   CE   |  SSR  |  ASR  |  DFF Count  
RUN-1001 : ----------------------------------
RUN-1001 :   No   |  No   |  No   |     24      
RUN-1001 :   No   |  No   |  Yes  |     62      
RUN-1001 :   No   |  Yes  |  No   |     16      
RUN-1001 :   Yes  |  No   |  No   |      8      
RUN-1001 :   Yes  |  No   |  Yes  |      0      
RUN-1001 :   Yes  |  Yes  |  No   |      0      
RUN-1001 : ----------------------------------
RUN-0007 : Control Group Statistic
RUN-0007 : ---------------------------
RUN-0007 :   #CLK  |  #CE  |  #SSR/ASR  
RUN-0007 : ---------------------------
RUN-0007 :    3    |   2   |     3      
RUN-0007 : ---------------------------
RUN-0007 : Control Set = 6
PHY-3001 : Initial placement ...
PHY-3001 : design contains 366 instances, 179 luts, 110 seqs, 49 slices, 10 macros(49 instances: 31 mslices 18 lslices)
PHY-0007 : Cell area utilization is 1%
PHY-3001 : Global placement ...
PHY-3001 : Initial: Len = 97962.2
PHY-3001 : Clustering ...
PHY-3001 : Level 0 #clusters 366.
PHY-3001 : End clustering;  0.000035s wall, 0.000000s user + 0.000000s system = 0.000000s CPU (n/a%)

PHY-3001 : Run with size of 4
PHY-3001 : Cell area utilization is 1%
PHY-3001 : :::0::: Try harder cell spreading with beta_ = 0
PHY-3002 : Step(1): len = 58386.5, overlap = 0
PHY-3002 : Step(2): len = 42198.2, overlap = 0
PHY-3002 : Step(3): len = 32058.1, overlap = 0
PHY-3002 : Step(4): len = 25951.9, overlap = 0
PHY-3002 : Step(5): len = 23166.2, overlap = 0
PHY-3002 : Step(6): len = 20662.5, overlap = 0
PHY-3002 : Step(7): len = 18044, overlap = 0
PHY-3002 : Step(8): len = 16181.2, overlap = 0
PHY-3002 : Step(9): len = 14830.9, overlap = 0
PHY-3002 : Step(10): len = 14625, overlap = 0
PHY-3002 : Step(11): len = 13886.1, overlap = 0
PHY-3002 : Step(12): len = 13213.9, overlap = 0
PHY-3002 : Step(13): len = 13163, overlap = 0
PHY-3002 : Step(14): len = 11983.5, overlap = 0
PHY-3002 : Step(15): len = 11605.3, overlap = 0
PHY-3002 : Step(16): len = 11742.5, overlap = 0
PHY-3002 : Step(17): len = 11391.9, overlap = 0
PHY-3002 : Step(18): len = 11549.2, overlap = 0
PHY-3002 : Step(19): len = 11039.4, overlap = 0
PHY-3002 : Step(20): len = 11423.2, overlap = 0
PHY-3002 : Step(21): len = 11823.5, overlap = 0
PHY-3002 : Step(22): len = 11317.8, overlap = 0
PHY-3002 : Step(23): len = 10540.7, overlap = 0
PHY-3002 : Step(24): len = 10676.5, overlap = 0
PHY-3002 : Step(25): len = 10264.3, overlap = 0
PHY-3002 : Step(26): len = 10472.4, overlap = 0
PHY-3002 : Step(27): len = 10620.2, overlap = 0
PHY-3002 : Step(28): len = 10058.9, overlap = 0
PHY-3002 : Step(29): len = 9570.1, overlap = 0
PHY-3002 : Step(30): len = 9999, overlap = 0
PHY-3002 : Step(31): len = 9956.2, overlap = 0
PHY-3002 : Step(32): len = 9919.4, overlap = 0
PHY-3002 : Step(33): len = 9465.2, overlap = 0
PHY-3002 : Step(34): len = 9430.2, overlap = 0
PHY-3002 : Step(35): len = 8483.5, overlap = 0
PHY-3002 : Step(36): len = 8578.5, overlap = 0
PHY-3002 : Step(37): len = 8260.7, overlap = 0
PHY-3002 : Step(38): len = 7692.7, overlap = 0
PHY-3002 : Step(39): len = 7698.7, overlap = 0
PHY-3002 : Step(40): len = 7950.6, overlap = 0
PHY-3001 : Legalization ...
PHY-3001 : End legalization;  0.003044s wall, 0.000000s user + 0.000000s system = 0.000000s CPU (n/a%)

PHY-3001 : Run with size of 4
PHY-3001 : Cell area utilization is 1%
PHY-3001 : :::0::: Try harder cell spreading with beta_ = 0
PHY-3002 : Step(41): len = 7263.8, overlap = 0
PHY-3002 : Step(42): len = 7290.6, overlap = 0
PHY-3002 : Step(43): len = 7344.9, overlap = 0
PHY-3001 : Run with size of 2
PHY-3001 : Cell area utilization is 1%
PHY-3001 : :::0::: Try harder cell spreading with beta_ = 0
PHY-3002 : Step(44): len = 7107.5, overlap = 3.53125
PHY-3002 : Step(45): len = 7156.8, overlap = 3.96875
PHY-3002 : Step(46): len = 7156.8, overlap = 3.96875
OPT-1001 : Start physical optimization ...
OPT-1001 : Total overflow 23.00 peak overflow 3.47
OPT-1001 : Start high-fanout net optimization ...
OPT-1001 : Update timing in global mode
PHY-1001 : Start incremental global routing, caller is place ...
RUN-1001 : Generating global routing grids ...
RUN-1001 : Building simple global routing graph ...
PHY-1001 : Generate routing nets ...
PHY-1001 : Reuse net number 0/435.
PHY-1001 : Global iterations in 16 thread ...
PHY-1002 : len = 7272, over cnt = 28(0%), over = 83, worst = 8
PHY-1001 : End global iterations;  0.023514s wall, 0.000000s user + 0.078125s system = 0.078125s CPU (332.2%)

PHY-1001 : Congestion index: top1 = 13.41, top5 = 4.96, top10 = 2.48, top15 = 1.65.
PHY-1001 : End incremental global routing;  0.074188s wall, 0.062500s user + 0.078125s system = 0.140625s CPU (189.6%)

RUN-1002 : start command "start_timer -report"
TMR-5001 WARNING: No sdc constraints found while initiating timer.
TMR-2505 : Start building timing graph for model rx_top.
TMR-2506 : Build timing graph completely. Port num: 8, tpin num: 1606, tnet num: 433, tinst num: 366, tnode num: 1965, tedge num: 2543.
TMR-2508 : Levelizing timing graph completed, there are 26 levels in total.
TMR-2501 : Timing graph initialized successfully.
OPT-1001 : End timing update;  0.167012s wall, 0.171875s user + 0.000000s system = 0.171875s CPU (102.9%)

OPT-1001 : 0 high-fanout net processed.
OPT-1001 : End high-fanout net optimization;  0.245140s wall, 0.234375s user + 0.078125s system = 0.312500s CPU (127.5%)

OPT-1001 : Current memory(MB): used = 147, reserve = 116, peak = 147.
OPT-1001 : End physical optimization;  0.249725s wall, 0.234375s user + 0.078125s system = 0.312500s CPU (125.1%)

PHY-3001 : Start packing ...
SYN-4007 : Packing 0 MUX to BLE ...
SYN-4008 : Packed 0 MUX and 0 SEQ to BLE.
SYN-4007 : Packing 179 LUT to BLE ...
SYN-4008 : Packed 179 LUT and 82 SEQ to BLE.
SYN-4003 : Packing 28 remaining SEQ's ...
SYN-4005 : Packed 14 SEQ with LUT/SLICE
SYN-4006 : 85 single LUT's are left
SYN-4006 : 14 single SEQ's are left
SYN-4011 : Packing model "rx_top" (AL_USER_NORMAL) with 193/282 primitive instances ...
PHY-3001 : End packing;  0.009518s wall, 0.015625s user + 0.000000s system = 0.015625s CPU (164.2%)

PHY-1001 : Populate physical database on model rx_top.
RUN-1001 : There are total 187 instances
RUN-1001 : 79 mslices, 78 lslices, 25 pads, 0 brams, 0 dsps
RUN-1001 : There are total 359 nets
RUN-1001 : 193 nets have 2 pins
RUN-1001 : 115 nets have [3 - 5] pins
RUN-1001 : 28 nets have [6 - 10] pins
RUN-1001 : 18 nets have [11 - 20] pins
RUN-1001 : 4 nets have [21 - 99] pins
RUN-1001 : 1 nets have 100+ pins
PHY-3001 : design contains 185 instances, 157 slices, 10 macros(49 instances: 31 mslices 18 lslices)
PHY-3001 : Cell area utilization is 2%
PHY-3001 : After packing: Len = 7098, Over = 6.75
PHY-3001 : Run with size of 2
PHY-3001 : Cell area utilization is 2%
PHY-3001 : :::0::: Try harder cell spreading with beta_ = 0.000269679
PHY-3002 : Step(47): len = 6938.1, overlap = 6.5
PHY-3002 : Step(48): len = 6948.1, overlap = 6.5
PHY-3002 : Step(49): len = 6962.1, overlap = 6
PHY-3002 : Step(50): len = 7030.5, overlap = 7.25
PHY-3002 : Step(51): len = 7019.2, overlap = 6
PHY-3002 : Step(52): len = 6979.8, overlap = 7.5
PHY-3002 : Step(53): len = 6795.4, overlap = 7
PHY-3002 : Step(54): len = 6602.6, overlap = 6
PHY-3002 : Step(55): len = 6206.3, overlap = 8.25
PHY-3002 : Step(56): len = 6276.3, overlap = 8.25
PHY-3002 : Step(57): len = 6166.1, overlap = 9
PHY-3002 : Step(58): len = 6178.6, overlap = 9.25
PHY-3002 : Step(59): len = 5879.9, overlap = 9
PHY-3002 : Step(60): len = 5579.8, overlap = 8
PHY-3002 : Step(61): len = 5371.9, overlap = 7.75
PHY-3002 : Step(62): len = 5155.8, overlap = 8.25
PHY-3002 : Step(63): len = 5250, overlap = 9.25
PHY-3002 : Step(64): len = 4966.5, overlap = 10.75
PHY-3002 : Step(65): len = 4961.7, overlap = 10.25
PHY-3002 : Step(66): len = 4839.6, overlap = 9
PHY-3002 : Step(67): len = 4845, overlap = 6.25
PHY-3002 : Step(68): len = 4765.4, overlap = 6.25
PHY-3002 : Step(69): len = 4664.3, overlap = 5.75
PHY-3002 : Step(70): len = 4579.7, overlap = 5.25
PHY-3001 : :::1::: Try harder cell spreading with beta_ = 0.000531454
PHY-3002 : Step(71): len = 4585.8, overlap = 5.5
PHY-3002 : Step(72): len = 4562.6, overlap = 5.75
PHY-3002 : Step(73): len = 4480.9, overlap = 5.25
PHY-3001 : :::2::: Try harder cell spreading with beta_ = 0.00106291
PHY-3002 : Step(74): len = 4462, overlap = 5
PHY-3002 : Step(75): len = 4462, overlap = 5
PHY-3001 : Legalization ...
PHY-3001 : End legalization;  0.055079s wall, 0.015625s user + 0.203125s system = 0.218750s CPU (397.2%)

PHY-3001 : Trial Legalized: Len = 7841.8
PHY-3001 : Run with size of 2
PHY-3001 : Cell area utilization is 2%
PHY-3001 : :::0::: Try harder cell spreading with beta_ = 0
PHY-3002 : Step(76): len = 5468.2, overlap = 3.25
PHY-3002 : Step(77): len = 4833.9, overlap = 4
PHY-3002 : Step(78): len = 4675.3, overlap = 4.75
PHY-3002 : Step(79): len = 4524.6, overlap = 5
PHY-3001 : :::1::: Try harder cell spreading with beta_ = 4.92985e-05
PHY-3002 : Step(80): len = 4453.4, overlap = 4.5
PHY-3002 : Step(81): len = 4473.3, overlap = 4.5
PHY-3001 : :::2::: Try harder cell spreading with beta_ = 9.85971e-05
PHY-3002 : Step(82): len = 4466, overlap = 4.25
PHY-3002 : Step(83): len = 4466, overlap = 4.25
PHY-3001 : Legalization ...
PHY-3001 : End legalization;  0.004061s wall, 0.000000s user + 0.000000s system = 0.000000s CPU (n/a%)

PHY-3001 : Legalized: Len = 6551.5, Over = 0
PHY-3001 : End spreading;  0.001918s wall, 0.000000s user + 0.000000s system = 0.000000s CPU (n/a%)

PHY-3001 : Final: Len = 6551.5, Over = 0
OPT-1001 : Start physical optimization ...
OPT-1001 : Total overflow 0.00 peak overflow 0.00
OPT-1001 : Start high-fanout net optimization ...
OPT-1001 : Update timing in global mode
PHY-1001 : Start incremental global routing, caller is place ...
RUN-1001 : Generating global routing grids ...
PHY-1001 : Generate routing nets ...
PHY-1001 : Reuse net number 11/359.
PHY-1001 : Global iterations in 16 thread ...
PHY-1002 : len = 7184, over cnt = 22(0%), over = 33, worst = 3
PHY-1002 : len = 7384, over cnt = 10(0%), over = 12, worst = 2
PHY-1002 : len = 7560, over cnt = 0(0%), over = 0, worst = 0
PHY-1001 : End global iterations;  0.035075s wall, 0.062500s user + 0.015625s system = 0.078125s CPU (222.7%)

PHY-1001 : Congestion index: top1 = 15.41, top5 = 5.81, top10 = 2.90, top15 = 1.93.
PHY-1001 : End incremental global routing;  0.081064s wall, 0.125000s user + 0.015625s system = 0.140625s CPU (173.5%)

RUN-1002 : start command "start_timer -report"
TMR-5001 WARNING: No sdc constraints found while initiating timer.
TMR-2505 : Start building timing graph for model rx_top.
TMR-2506 : Build timing graph completely. Port num: 8, tpin num: 1406, tnet num: 357, tinst num: 185, tnode num: 1691, tedge num: 2374.
TMR-2508 : Levelizing timing graph completed, there are 26 levels in total.
TMR-2501 : Timing graph initialized successfully.
OPT-1001 : End timing update;  0.121115s wall, 0.109375s user + 0.000000s system = 0.109375s CPU (90.3%)

OPT-1001 : 0 high-fanout net processed.
OPT-1001 : End high-fanout net optimization;  0.208178s wall, 0.250000s user + 0.015625s system = 0.265625s CPU (127.6%)

OPT-1001 : Current memory(MB): used = 149, reserve = 118, peak = 149.
OPT-1001 : Update timing in Manhattan mode
OPT-1001 : End timing update;  0.000390s wall, 0.000000s user + 0.000000s system = 0.000000s CPU (n/a%)

OPT-1001 : Start pin optimization...
OPT-1001 : skip pin optimization...
RUN-1001 : Generating global routing grids ...
PHY-1001 : Generate routing nets ...
PHY-1001 : Reuse net number 267/359.
PHY-1001 : Global iterations in 16 thread ...
PHY-1002 : len = 7560, over cnt = 0(0%), over = 0, worst = 0
PHY-1001 : End global iterations;  0.002075s wall, 0.000000s user + 0.000000s system = 0.000000s CPU (n/a%)

PHY-1001 : Congestion index: top1 = 15.41, top5 = 5.81, top10 = 2.90, top15 = 1.93.
OPT-1001 : Update timing in Manhattan mode
OPT-1001 : End timing update;  0.000552s wall, 0.000000s user + 0.000000s system = 0.000000s CPU (n/a%)

RUN-1001 : QoR Analysis:
OPT-0007 :   WNS 2147483647 TNS 0 NUM_FEPS 0
RUN-1001 :   No local congestion issue, and most congested 1% tile average routing util is 14.931034
RUN-1001 :   Top critical paths
OPT-1001 : End physical optimization;  0.267379s wall, 0.296875s user + 0.015625s system = 0.312500s CPU (116.9%)

RUN-1003 : finish command "place" in  2.570394s wall, 2.468750s user + 3.968750s system = 6.437500s CPU (250.4%)

RUN-1004 : used memory is 134 MB, reserved memory is 103 MB, peak memory is 150 MB
RUN-1002 : start command "export_db rx_top_place.db"
RUN-1001 : Exported /
RUN-1001 : Exported flow parameters
RUN-1001 : Exported libs
RUN-1001 : Exported entities
RUN-1001 : Exported ports
RUN-1001 : Exported pins
RUN-1001 : Exported instances
RUN-1001 : Exported nets
RUN-1001 : Exported buses
RUN-1001 : Exported models
RUN-1001 : Exported congestions
RUN-1001 : Exported violations
RUN-1001 : Exported IO constraints
RUN-1001 : Exported Inst constraints
RUN-1002 : start command "route"
RUN-1001 : Open license file C:/Anlogic/TD5.6.2/license/Anlogic.lic
RUN-1001 : Print Global Property
RUN-1001 : ---------------------------------------------------------------
RUN-1001 :        Parameters        |  Settings  |  Default Values  |  Note  
RUN-1001 : ---------------------------------------------------------------
RUN-1001 :          message         |  standard  |     standard     |        
RUN-1001 :   mixed_pack_place_flow  |     on     |        on        |        
RUN-1001 :        qor_monitor       |    off     |       off        |        
RUN-1001 :        syn_ip_flow       |    off     |       off        |        
RUN-1001 :          thread          |    auto    |       auto       |        
RUN-1001 : ---------------------------------------------------------------
RUN-1001 : Print Route Property
RUN-1001 : -------------------------------------------------------
RUN-1001 :    Parameters    |  Settings  |  Default Values  |  Note  
RUN-1001 : -------------------------------------------------------
RUN-1001 :      effort      |   medium   |      medium      |        
RUN-1001 :     fix_hold     |    off     |       off        |        
RUN-1001 :    opt_timing    |   medium   |      medium      |        
RUN-1001 :   phy_sim_model  |    off     |       off        |        
RUN-1001 :     priority     |   timing   |      timing      |        
RUN-1001 :     swap_pin     |     on     |        on        |        
RUN-1001 : -------------------------------------------------------
PHY-1001 : Route runs in 16 thread(s)
RUN-1001 : There are total 187 instances
RUN-1001 : 79 mslices, 78 lslices, 25 pads, 0 brams, 0 dsps
RUN-1001 : There are total 359 nets
RUN-1001 : 193 nets have 2 pins
RUN-1001 : 115 nets have [3 - 5] pins
RUN-1001 : 28 nets have [6 - 10] pins
RUN-1001 : 18 nets have [11 - 20] pins
RUN-1001 : 4 nets have [21 - 99] pins
RUN-1001 : 1 nets have 100+ pins
RUN-1002 : start command "start_timer -report"
TMR-5001 WARNING: No sdc constraints found while initiating timer.
TMR-2505 : Start building timing graph for model rx_top.
TMR-2506 : Build timing graph completely. Port num: 8, tpin num: 1406, tnet num: 357, tinst num: 185, tnode num: 1691, tedge num: 2374.
TMR-2508 : Levelizing timing graph completed, there are 26 levels in total.
TMR-2501 : Timing graph initialized successfully.
PHY-1001 : 79 mslices, 78 lslices, 25 pads, 0 brams, 0 dsps
TMR-2503 : Start to update net delay, extr mode = 3.
TMR-2504 : Update delay of 357 nets completely.
TMR-2502 : Annotate delay completely, extr mode = 3.
TMR-3002 : No user constraint, initiate default constraint.
TMR-1501 : Assign derive clock DeriveClock to 166 clock pins, and constraint 285 relative nodes.
TMR-3003 : Constraints initiated successfully.
TMR-3501 : Forward propagation: start to calculate arrival time...
TMR-3502 : Backward propagation: start to calculate required time...
TMR-3503 : Timing propagation completes.
PHY-1001 : Start global routing, caller is route ...
RUN-1001 : Generating global routing grids ...
PHY-1001 : Generate routing nets ...
PHY-1001 : Global iterations in 16 thread ...
PHY-1002 : len = 7120, over cnt = 23(0%), over = 34, worst = 3
PHY-1002 : len = 7320, over cnt = 10(0%), over = 12, worst = 2
PHY-1002 : len = 7464, over cnt = 0(0%), over = 0, worst = 0
PHY-1001 : End global iterations;  0.039559s wall, 0.031250s user + 0.000000s system = 0.031250s CPU (79.0%)

PHY-1001 : Congestion index: top1 = 15.39, top5 = 5.79, top10 = 2.89, top15 = 1.93.
PHY-1001 : End global routing;  0.092226s wall, 0.062500s user + 0.015625s system = 0.078125s CPU (84.7%)

PHY-1001 : Start detail routing ...
PHY-1001 : Current memory(MB): used = 173, reserve = 141, peak = 187.
PHY-1001 : Detailed router is running in normal mode.
PHY-1001 : Generate detailed routing grids ...
PHY-1001 : Processed IO instance DigitronCS_Out[3]_syn_2 with INV attribute.
PHY-1001 : Processed IO instance DigitronCS_Out[2]_syn_2 with INV attribute.
PHY-1001 : Processed IO instance DigitronCS_Out[1]_syn_2 with INV attribute.
PHY-1001 : Processed IO instance DigitronCS_Out[0]_syn_2 with INV attribute.
PHY-1001 : Generate nets ...
PHY-1001 : net CLK_dup_1 will be routed on clock mesh
PHY-1001 : clock net CLK_500K_syn_8 will be merged with clock CLK_500K
PHY-1001 : clock net U5/SingleNum_n_syn_3 will be merged with clock U5/SingleNum_n
PHY-1001 : Current memory(MB): used = 441, reserve = 414, peak = 441.
PHY-1001 : End build detailed router design. 3.130822s wall, 3.062500s user + 0.046875s system = 3.109375s CPU (99.3%)

PHY-1001 : Detail Route ...
PHY-1001 : ===== Detail Route Phase 1 =====
PHY-1001 : Clock net routing.....
PHY-1001 : Routed 0% nets.
PHY-1022 : len = 9064, over cnt = 0(0%), over = 0, worst = 0, crit = 0
PHY-1001 : End initial clock net routed; 0.573402s wall, 0.578125s user + 0.000000s system = 0.578125s CPU (100.8%)

PHY-1001 : Current memory(MB): used = 470, reserve = 444, peak = 470.
PHY-1001 : End phase 1; 0.578752s wall, 0.578125s user + 0.000000s system = 0.578125s CPU (99.9%)

PHY-1001 : ===== Detail Route Phase 2 =====
PHY-1001 : Initial routing.....
PHY-1001 : Routed 32% nets.
PHY-1001 : Routed 43% nets.
PHY-1001 : Routed 51% nets.
PHY-1001 : Routed 61% nets.
PHY-1001 : Routed 81% nets.
PHY-1022 : len = 26560, over cnt = 11(0%), over = 11, worst = 1, crit = 0
PHY-1001 : Current memory(MB): used = 470, reserve = 444, peak = 470.
PHY-1001 : End initial routed; 0.107674s wall, 0.109375s user + 0.062500s system = 0.171875s CPU (159.6%)

PHY-1001 : Current memory(MB): used = 470, reserve = 444, peak = 470.
PHY-1001 : End phase 2; 0.107764s wall, 0.109375s user + 0.062500s system = 0.171875s CPU (159.5%)

PHY-1001 : ===== Detail Route Phase 3 =====
PHY-1001 : Ripup-reroute.....
PHY-1001 : ===== DR Iter 1 =====
PHY-1022 : len = 26480, over cnt = 0(0%), over = 0, worst = 0, crit = 0
PHY-1001 : End DR Iter 1; 0.014563s wall, 0.015625s user + 0.000000s system = 0.015625s CPU (107.3%)

PHY-1001 : Commit to database.....
PHY-1001 : 4 feed throughs used by 4 nets
PHY-1001 : End commit to database; 0.028949s wall, 0.015625s user + 0.015625s system = 0.031250s CPU (107.9%)

PHY-1001 : Current memory(MB): used = 479, reserve = 453, peak = 479.
PHY-1001 : End phase 3; 0.139445s wall, 0.125000s user + 0.015625s system = 0.140625s CPU (100.8%)

PHY-1003 : Routed, final wirelength = 26480
PHY-1001 : Current memory(MB): used = 479, reserve = 453, peak = 479.
PHY-1001 : End export database. 0.006589s wall, 0.015625s user + 0.000000s system = 0.015625s CPU (237.1%)

PHY-1001 : End detail routing;  4.150773s wall, 4.046875s user + 0.156250s system = 4.203125s CPU (101.3%)

RUN-1003 : finish command "route" in  4.421386s wall, 4.296875s user + 0.171875s system = 4.468750s CPU (101.1%)

RUN-1004 : used memory is 420 MB, reserved memory is 393 MB, peak memory is 479 MB
RUN-1002 : start command "report_area -io_info -file rx_top_phy.area"
RUN-1001 : standard
***Report Model: rx_top Device: EG4S20BG256***

IO Statistics
#IO                        25
  #input                    4
  #output                  21
  #inout                    0

Utilization Statistics
#lut                      285   out of  19600    1.45%
#reg                      116   out of  19600    0.59%
#le                       299
  #lut only               183   out of    299   61.20%
  #reg only                14   out of    299    4.68%
  #lut&reg                102   out of    299   34.11%
#dsp                        0   out of     29    0.00%
#bram                       0   out of     64    0.00%
  #bram9k                   0
  #fifo9k                   0
#bram32k                    0   out of     16    0.00%
#pad                       25   out of    188   13.30%
  #ireg                     1
  #oreg                    13
  #treg                     0
#pll                        0   out of      4    0.00%
#gclk                       2   out of     16   12.50%

Clock Resource Statistics
Index     ClockNet          Type               DriverType         Driver                     Fanout
#1        CLK_dup_1         GCLK               io                 CLK_syn_2.di               50
#2        CLK_500K          GCLK               mslice             CLK_500K_reg_syn_5.q1      29
#3        U5/SingleNum_n    GCLK               mslice             U5/SingleNum_n_syn_7.f0    8


Detailed IO Report

        Name           Direction    Location    IOStandard    DriveStrength    PullType    PackReg  
         CLK             INPUT         R7        LVCMOS33          N/A          PULLUP      NONE    
        RSTn             INPUT         A9        LVCMOS33          N/A          PULLUP      NONE    
      RX_En_Sig          INPUT        A10        LVCMOS33          N/A          PULLUP      NONE    
      RX_Pin_In          INPUT        F12        LVCMOS33          N/A          PULLUP      IREG    
  DigitronCS_Out[3]     OUTPUT         A3        LVCMOS33           8            NONE       OREG    
  DigitronCS_Out[2]     OUTPUT         A5        LVCMOS33           8            NONE       OREG    
  DigitronCS_Out[1]     OUTPUT         B6        LVCMOS33           8            NONE       OREG    
  DigitronCS_Out[0]     OUTPUT         C9        LVCMOS33           8            NONE       OREG    
   Digitron_Out[7]      OUTPUT         C8        LVCMOS33           8            NONE       NONE    
   Digitron_Out[6]      OUTPUT         A8        LVCMOS33           8            NONE       NONE    
   Digitron_Out[5]      OUTPUT         B5        LVCMOS33           8            NONE       NONE    
   Digitron_Out[4]      OUTPUT         A7        LVCMOS33           8            NONE       NONE    
   Digitron_Out[3]      OUTPUT         E8        LVCMOS33           8            NONE       NONE    
   Digitron_Out[2]      OUTPUT         B8        LVCMOS33           8            NONE       NONE    
   Digitron_Out[1]      OUTPUT         A6        LVCMOS33           8            NONE       NONE    
   Digitron_Out[0]      OUTPUT         A4        LVCMOS33           8            NONE       NONE    
     LED_Out[7]         OUTPUT        F16        LVCMOS33           8            NONE       OREG    
     LED_Out[6]         OUTPUT        E16        LVCMOS33           8            NONE       OREG    
     LED_Out[5]         OUTPUT        E13        LVCMOS33           8            NONE       OREG    
     LED_Out[4]         OUTPUT        C16        LVCMOS33           8            NONE       OREG    
     LED_Out[3]         OUTPUT        C15        LVCMOS33           8            NONE       OREG    
     LED_Out[2]         OUTPUT        B16        LVCMOS33           8            NONE       OREG    
     LED_Out[1]         OUTPUT        B15        LVCMOS33           8            NONE       OREG    
     LED_Out[0]         OUTPUT        B14        LVCMOS33           8            NONE       OREG    
     TX_Pin_Out         OUTPUT        D12        LVCMOS33           8            NONE       OREG    

Report Hierarchy Area:
+-----------------------------------------------------------------------------------+
|Instance |Module              |le     |lut     |ripple  |seq     |bram    |dsp     |
+-----------------------------------------------------------------------------------+
|top      |rx_top              |299    |236     |49      |130     |0       |0       |
|  U1     |detect_module       |1      |1       |0       |1       |0       |0       |
|  U2     |rx_bps_module       |27     |23      |4       |13      |0       |0       |
|  U3     |rx_control_module   |42     |37      |5       |14      |0       |0       |
|  U5     |Digitron_NumDisplay |136    |104     |18      |48      |0       |0       |
|  U6     |uart_tx             |65     |53      |12      |29      |0       |0       |
+-----------------------------------------------------------------------------------+


DataNet Average Fanout:

   Index     Fanout    Nets  
    #1         1       168   
    #2         2        68   
    #3         3        38   
    #4         4        9    
    #5        5-10      29   
    #6       11-50      16   
    #7       51-100     1    
  Average     2.85           

RUN-1002 : start command "export_db rx_top_pr.db"
RUN-1001 : Exported /
RUN-1001 : Exported flow parameters
RUN-1001 : Exported libs
RUN-1001 : Exported entities
RUN-1001 : Exported ports
RUN-1001 : Exported pins
RUN-1001 : Exported instances
RUN-1001 : Exported nets
RUN-1001 : Exported buses
RUN-1001 : Exported models
RUN-1001 : Exported congestions
RUN-1001 : Exported violations
RUN-1001 : Exported IO constraints
RUN-1001 : Exported Inst constraints
RUN-1002 : start command "export_bid rx_top_inst.bid"
RUN-1002 : start command "bitgen -bit rx_top.bit -unused_io_status pulldown"
BIT-1003 : Start to generate bitstream. 
BIT-1002 : Bitgen processed 163 unused pads, reserve input tri_state with pulldown
BIT-1002 : Init instances with 16 threads.
BIT-1002 : Init instances completely, inst num: 348
BIT-1002 : Init pips with 16 threads.
BIT-1002 : Init pips completely, net num: 359, pip num: 2671
BIT-1002 : Init feedthrough completely, num: 4
BIT-1003 : Multithreading accelaration with 16 threads.
BIT-1003 : Generate bitstream completely, there are 498 valid insts, and 8994 bits set as '1'.
BIT-1004 : PLL setting string = 0000
BIT-1004 : Generate bits file rx_top.bit.
RUN-1003 : finish command "bitgen -bit rx_top.bit -unused_io_status pulldown" in  1.212874s wall, 4.562500s user + 0.171875s system = 4.734375s CPU (390.3%)

RUN-1004 : used memory is 427 MB, reserved memory is 403 MB, peak memory is 622 MB
RUN-1002 : start command "backup_run_log run.log ../.logs/phy_1/td_20240827_204130.log"
