============================================================
   Tang Dynasty, V5.6.71036
      Copyright (c) 2012-2023 Anlogic Inc.
   Executable = C:/Anlogic/TD5.6.2/bin/td.exe
   Built at =   20:34:38 Mar 21 2023
   Run by =     Lenovo
   Run Date =   Tue Aug 27 20:39:55 2024

   Run on =     LAPTOP-QRG7LJL6
============================================================
RUN-1002 : start command "open_project rx_top.prj"
RUN-1001 : Print Global Property
RUN-1001 : ---------------------------------------------------------------
RUN-1001 :        Parameters        |  Settings  |  Default Values  |  Note  
RUN-1001 : ---------------------------------------------------------------
RUN-1001 :          message         |  standard  |     standard     |        
RUN-1001 :   mixed_pack_place_flow  |     on     |        on        |        
RUN-1001 :        qor_monitor       |    off     |       off        |        
RUN-1001 :        syn_ip_flow       |    off     |       off        |        
RUN-1001 :          thread          |    auto    |       auto       |        
RUN-1001 : ---------------------------------------------------------------
RUN-1001 : Print Design Property
RUN-1001 : --------------------------------------------------------------
RUN-1001 :        Parameters       |  Settings  |  Default Values  |  Note  
RUN-1001 : --------------------------------------------------------------
RUN-1001 :   default_reg_initial   |    auto    |       auto       |        
RUN-1001 :        infer_add        |     on     |        on        |        
RUN-1001 :        infer_fsm        |    off     |       off        |        
RUN-1001 :        infer_mult       |     on     |        on        |        
RUN-1001 :        infer_ram        |     on     |        on        |        
RUN-1001 :        infer_reg        |     on     |        on        |        
RUN-1001 :   infer_reg_init_value  |     on     |        on        |        
RUN-1001 :        infer_rom        |     on     |        on        |        
RUN-1001 :      infer_shifter      |     on     |        on        |        
RUN-1001 : --------------------------------------------------------------
RUN-1001 : Print Rtl Property
RUN-1001 : --------------------------------------------------------------
RUN-1001 :        Parameters       |  Settings  |  Default Values  |  Note  
RUN-1001 : --------------------------------------------------------------
RUN-1001 :       compress_add      |   ripple   |      ripple      |        
RUN-1001 :        elf_sload        |    off     |       off        |        
RUN-1001 :       fix_undriven      |     0      |        0         |        
RUN-1001 :         flatten         |    off     |       off        |        
RUN-1001 :       gate_sharing      |     on     |        on        |        
RUN-1001 :    hdl_warning_level    |   normal   |      normal      |        
RUN-1001 :   impl_internal_tribuf  |     on     |        on        |        
RUN-1001 :      impl_set_reset     |     on     |        on        |        
RUN-1001 :        infer_gsr        |    off     |       off        |        
RUN-1001 :      keep_hierarchy     |    auto    |       auto       |        
RUN-1001 :        max_fanout       |    9999    |       9999       |        
RUN-1001 :      max_oh2bin_len     |     10     |        10        |        
RUN-1001 :       merge_equal       |     on     |        on        |        
RUN-1001 :       merge_equiv       |     on     |        on        |        
RUN-1001 :        merge_mux        |    off     |       off        |        
RUN-1001 :     min_control_set     |     8      |        8         |        
RUN-1001 :      min_ripple_len     |    auto    |       auto       |        
RUN-1001 :       oh2bin_ratio      |    0.08    |       0.08       |        
RUN-1001 :     opt_adder_fanout    |     on     |        on        |        
RUN-1001 :        opt_arith        |     on     |        on        |        
RUN-1001 :       opt_big_gate      |    off     |       off        |        
RUN-1001 :        opt_const        |     on     |        on        |        
RUN-1001 :      opt_const_mult     |     on     |        on        |        
RUN-1001 :       opt_lessthan      |     on     |        on        |        
RUN-1001 :         opt_mux         |    off     |       off        |        
RUN-1001 :         opt_ram         |    high    |       high       |        
RUN-1001 :      rtl_sim_model      |    off     |       off        |        
RUN-1001 :         seq_syn         |     on     |        on        |        
RUN-1001 : --------------------------------------------------------------
HDL-1007 : analyze verilog file ../../Digitron_NumDisplay.v
HDL-1007 : analyze verilog file ../../LED_display_module.v
HDL-5007 WARNING: empty port in module declaration in ../../LED_display_module.v(3)
HDL-1007 : analyze verilog file ../../detect_module.v
HDL-1007 : analyze verilog file ../../rx_bps_module.v
HDL-1007 : analyze verilog file ../../rx_control_module.v
HDL-1007 : analyze verilog file ../../rx_top.v
HDL-1007 : analyze verilog file ../../tx_control.v
RUN-1001 : Project manager successfully analyzed 7 source files.
RUN-1002 : start command "import_device eagle_s20.db -package EG4S20BG256"
ARC-1001 : Device Initialization.
ARC-1001 : ------------------------------------------------------------------
ARC-1001 :            OPTION            |          IO          |   SETTING   
ARC-1001 : ------------------------------------------------------------------
ARC-1001 :   cso_b/cclk/mosi/miso/dout  |  T3/R11/T10/P10/S11  |    gpio    
ARC-1001 :             done             |         P13          |    gpio    
ARC-1001 :           program_b          |          T2          |  dedicate  
ARC-1001 :        tdi/tms/tck/tdo       |   C12/A15/C14/E14    |  dedicate  
ARC-1001 : ------------------------------------------------------------------
ARC-1004 : Device setting, marked 5 dedicate IOs in total.
RUN-1002 : start command "import_db ../syn_1/rx_top_gate.db"
RUN-1001 : Importing database generated by Tang Dynasty, V5.6.71036.
RUN-1001 : Database version number 46146.
RUN-1001 : Import flow parameters
RUN-1001 : Import IO constraints
RUN-1001 : Import Inst constraints
RUN-1001 : Import design success TD_VERSION=5.6.71036 , DB_VERSION=46146
RUN-1002 : start command "place"
RUN-1001 : Open license file C:/Anlogic/TD5.6.2/license/Anlogic.lic
RUN-1001 : Print Global Property
RUN-1001 : ---------------------------------------------------------------
RUN-1001 :        Parameters        |  Settings  |  Default Values  |  Note  
RUN-1001 : ---------------------------------------------------------------
RUN-1001 :          message         |  standard  |     standard     |        
RUN-1001 :   mixed_pack_place_flow  |     on     |        on        |        
RUN-1001 :        qor_monitor       |    off     |       off        |        
RUN-1001 :        syn_ip_flow       |    off     |       off        |        
RUN-1001 :          thread          |    auto    |       auto       |        
RUN-1001 : ---------------------------------------------------------------
RUN-1001 : Print Place Property
RUN-1001 : --------------------------------------------------------------
RUN-1001 :        Parameters       |  Settings  |  Default Values  |  Note  
RUN-1001 : --------------------------------------------------------------
RUN-1001 :      detailed_place     |     on     |        on        |        
RUN-1001 :          effort         |   medium   |      medium      |        
RUN-1001 :         fix_hold        |    off     |       off        |        
RUN-1001 :       legalization      |    ori     |       ori        |        
RUN-1001 :      new_spreading      |     on     |        on        |        
RUN-1001 :        opt_timing       |   medium   |      medium      |        
RUN-1001 :   post_clock_route_opt  |    off     |       off        |        
RUN-1001 :       pr_strategy       |     1      |        1         |        
RUN-1001 :        relaxation       |    1.00    |       1.00       |        
RUN-1001 :         retiming        |    off     |       off        |        
RUN-1001 : --------------------------------------------------------------
PHY-3001 : Placer runs in 16 thread(s).
RUN-1002 : start command "legalize_phy_inst"
SYN-1011 : Flatten model rx_top
SYN-5055 WARNING: The kept net U2/BPS_CLK_n will be merged to another kept net BPS_CLK
SYN-5055 WARNING: The kept net U3/BPS_CLK will be merged to another kept net BPS_CLK
SYN-5055 WARNING: The kept net U1/CLK will be merged to another kept net CLK_500K
SYN-5055 WARNING: The kept net U3/isCount will be merged to another kept net Count_Sig
SYN-5055 WARNING: The kept net U2/Count_Sig will be merged to another kept net Count_Sig
SYN-5055 WARNING: The kept net U3/isDone will be merged to another kept net RX_Done_Sig
SYN-5055 WARNING: The kept net U4/RX_Done_Sig will be merged to another kept net RX_Done_Sig
SYN-5055 WARNING: The kept net U5/isTX will be merged to another kept net TX_Data_Valid
SYN-5055 WARNING: The kept net U6/uart_tx_en will be merged to another kept net TX_Data_Valid
SYN-5055 WARNING: The kept net U1/neg_sig_n will be merged to another kept net neg_sig
SYN-5055 Similar messages will be suppressed.
RUN-1002 : start command "phys_opt -simplify_lut"
SYN-4024 : Net "CLK_dup_1" drives clk pins.
SYN-4024 : Net "CLK_500K" drives clk pins.
SYN-4024 : Net "U5/SingleNum_n" drives clk pins.
SYN-4025 : Tag rtl::Net CLK_500K as clock net
SYN-4025 : Tag rtl::Net CLK_dup_1 as clock net
SYN-4025 : Tag rtl::Net U5/SingleNum_n as clock net
SYN-4026 : Tagged 3 rtl::Net as clock net
SYN-4015 : Create BUFG instance for clk Net CLK_500K to drive 37 clock pins.
SYN-4015 : Create BUFG instance for clk Net U5/SingleNum_n to drive 8 clock pins.
PHY-1001 : Populate physical database on model rx_top.
RUN-1001 : There are total 369 instances
RUN-0007 : 179 luts, 111 seqs, 31 mslices, 18 lslices, 25 pads, 0 brams, 0 dsps
RUN-1001 : There are total 436 nets
RUN-1001 : 269 nets have 2 pins
RUN-1001 : 119 nets have [3 - 5] pins
RUN-1001 : 26 nets have [6 - 10] pins
RUN-1001 : 16 nets have [11 - 20] pins
RUN-1001 : 5 nets have [21 - 99] pins
RUN-1001 : 1 nets have 100+ pins
RUN-1001 : Report Control nets information:
RUN-1001 : DFF Distribution
RUN-1001 : ----------------------------------
RUN-1001 :   CE   |  SSR  |  ASR  |  DFF Count  
RUN-1001 : ----------------------------------
RUN-1001 :   No   |  No   |  No   |     25      
RUN-1001 :   No   |  No   |  Yes  |     62      
RUN-1001 :   No   |  Yes  |  No   |     16      
RUN-1001 :   Yes  |  No   |  No   |      8      
RUN-1001 :   Yes  |  No   |  Yes  |      0      
RUN-1001 :   Yes  |  Yes  |  No   |      0      
RUN-1001 : ----------------------------------
RUN-0007 : Control Group Statistic
RUN-0007 : ---------------------------
RUN-0007 :   #CLK  |  #CE  |  #SSR/ASR  
RUN-0007 : ---------------------------
RUN-0007 :    3    |   2   |     3      
RUN-0007 : ---------------------------
RUN-0007 : Control Set = 6
PHY-3001 : Initial placement ...
PHY-3001 : design contains 367 instances, 179 luts, 111 seqs, 49 slices, 10 macros(49 instances: 31 mslices 18 lslices)
PHY-0007 : Cell area utilization is 1%
PHY-3001 : Global placement ...
PHY-3001 : Initial: Len = 96683.4
PHY-3001 : Clustering ...
PHY-3001 : Level 0 #clusters 367.
PHY-3001 : End clustering;  0.000035s wall, 0.000000s user + 0.000000s system = 0.000000s CPU (n/a%)

PHY-3001 : Run with size of 4
PHY-3001 : Cell area utilization is 1%
PHY-3001 : :::0::: Try harder cell spreading with beta_ = 0
PHY-3002 : Step(1): len = 57288.1, overlap = 0
PHY-3002 : Step(2): len = 42207, overlap = 0
PHY-3002 : Step(3): len = 32503.4, overlap = 0
PHY-3002 : Step(4): len = 26948.3, overlap = 0
PHY-3002 : Step(5): len = 23825.6, overlap = 0
PHY-3002 : Step(6): len = 20976.7, overlap = 0
PHY-3002 : Step(7): len = 18506.8, overlap = 0
PHY-3002 : Step(8): len = 16397.4, overlap = 0
PHY-3002 : Step(9): len = 14788.4, overlap = 0
PHY-3002 : Step(10): len = 14763.3, overlap = 0
PHY-3002 : Step(11): len = 13743.6, overlap = 0
PHY-3002 : Step(12): len = 13757.3, overlap = 0
PHY-3002 : Step(13): len = 13170.1, overlap = 0
PHY-3002 : Step(14): len = 11764.3, overlap = 0
PHY-3002 : Step(15): len = 11844.6, overlap = 0
PHY-3002 : Step(16): len = 12160.9, overlap = 0
PHY-3002 : Step(17): len = 11161.7, overlap = 0
PHY-3002 : Step(18): len = 11175.8, overlap = 0
PHY-3002 : Step(19): len = 11268.2, overlap = 0
PHY-3002 : Step(20): len = 11230, overlap = 0
PHY-3002 : Step(21): len = 11608.3, overlap = 0
PHY-3002 : Step(22): len = 11509, overlap = 0
PHY-3002 : Step(23): len = 10785.8, overlap = 0
PHY-3002 : Step(24): len = 10795.2, overlap = 0
PHY-3002 : Step(25): len = 10621.5, overlap = 0
PHY-3002 : Step(26): len = 9993.9, overlap = 0
PHY-3002 : Step(27): len = 10303.4, overlap = 0
PHY-3002 : Step(28): len = 10557.5, overlap = 0
PHY-3002 : Step(29): len = 9471.5, overlap = 0
PHY-3002 : Step(30): len = 9657.7, overlap = 0
PHY-3002 : Step(31): len = 9880.4, overlap = 0
PHY-3002 : Step(32): len = 9396, overlap = 0
PHY-3002 : Step(33): len = 9454.2, overlap = 0
PHY-3002 : Step(34): len = 9401.7, overlap = 0
PHY-3002 : Step(35): len = 9312.4, overlap = 0
PHY-3002 : Step(36): len = 9335.4, overlap = 0
PHY-3002 : Step(37): len = 9147.8, overlap = 0
PHY-3002 : Step(38): len = 8578.1, overlap = 0
PHY-3002 : Step(39): len = 8381.8, overlap = 0
PHY-3002 : Step(40): len = 8524.2, overlap = 0
PHY-3002 : Step(41): len = 8108, overlap = 0
PHY-3002 : Step(42): len = 7785, overlap = 0
PHY-3002 : Step(43): len = 8094.8, overlap = 0
PHY-3002 : Step(44): len = 8137.3, overlap = 0
PHY-3001 : Legalization ...
PHY-3001 : End legalization;  0.002859s wall, 0.000000s user + 0.000000s system = 0.000000s CPU (n/a%)

PHY-3001 : Run with size of 4
PHY-3001 : Cell area utilization is 1%
PHY-3001 : :::0::: Try harder cell spreading with beta_ = 0
PHY-3002 : Step(45): len = 7078.2, overlap = 0.5
PHY-3002 : Step(46): len = 7140.8, overlap = 0.5
PHY-3002 : Step(47): len = 7178.1, overlap = 0.5
PHY-3002 : Step(48): len = 7344.1, overlap = 0.625
PHY-3002 : Step(49): len = 7428.2, overlap = 0.75
PHY-3002 : Step(50): len = 7140.6, overlap = 0.6875
PHY-3002 : Step(51): len = 7213.4, overlap = 0.5
PHY-3002 : Step(52): len = 7332, overlap = 0.0625
PHY-3002 : Step(53): len = 7454.5, overlap = 0
PHY-3002 : Step(54): len = 7483.9, overlap = 0
PHY-3002 : Step(55): len = 6833.4, overlap = 0
PHY-3002 : Step(56): len = 6929.4, overlap = 0
PHY-3002 : Step(57): len = 6914.6, overlap = 0
PHY-3002 : Step(58): len = 7057.4, overlap = 0
PHY-3002 : Step(59): len = 6777, overlap = 0
PHY-3002 : Step(60): len = 6254.2, overlap = 0
PHY-3002 : Step(61): len = 6310, overlap = 0
PHY-3002 : Step(62): len = 6167.3, overlap = 0
PHY-3002 : Step(63): len = 6152.5, overlap = 0
PHY-3002 : Step(64): len = 5823.6, overlap = 0
PHY-3002 : Step(65): len = 5414, overlap = 0
PHY-3002 : Step(66): len = 5465.3, overlap = 0
PHY-3002 : Step(67): len = 5491.7, overlap = 0
PHY-3002 : Step(68): len = 5117.1, overlap = 0
PHY-3002 : Step(69): len = 4807.1, overlap = 0
PHY-3002 : Step(70): len = 4823.1, overlap = 0
PHY-3002 : Step(71): len = 4454.6, overlap = 0
PHY-3002 : Step(72): len = 4473.2, overlap = 0
PHY-3002 : Step(73): len = 4470.6, overlap = 0
PHY-3002 : Step(74): len = 4479.3, overlap = 0
PHY-3002 : Step(75): len = 4316.1, overlap = 0
PHY-3002 : Step(76): len = 4322.7, overlap = 0
PHY-3002 : Step(77): len = 4190.9, overlap = 0.125
PHY-3002 : Step(78): len = 4205.1, overlap = 0.125
PHY-3002 : Step(79): len = 4195.9, overlap = 0.875
PHY-3002 : Step(80): len = 4084, overlap = 1.25
PHY-3002 : Step(81): len = 4093.7, overlap = 1.3125
PHY-3002 : Step(82): len = 4079.6, overlap = 1.375
PHY-3001 : :::1::: Try harder cell spreading with beta_ = 0.000238122
PHY-3002 : Step(83): len = 3951.6, overlap = 1.4375
PHY-3002 : Step(84): len = 3951.6, overlap = 1.4375
PHY-3001 : :::2::: Try harder cell spreading with beta_ = 0.000476244
PHY-3002 : Step(85): len = 3932.4, overlap = 1.375
PHY-3002 : Step(86): len = 3953.4, overlap = 1.3125
PHY-3001 : Run with size of 2
PHY-3001 : Cell area utilization is 1%
PHY-3001 : :::0::: Try harder cell spreading with beta_ = 7.55741e-06
PHY-3002 : Step(87): len = 4115.3, overlap = 10.7812
PHY-3002 : Step(88): len = 4115.3, overlap = 10.7812
PHY-3001 : :::1::: Try harder cell spreading with beta_ = 1.51148e-05
PHY-3002 : Step(89): len = 4177.1, overlap = 10.4375
PHY-3002 : Step(90): len = 4177.1, overlap = 10.4375
PHY-3001 : :::2::: Try harder cell spreading with beta_ = 3.02296e-05
PHY-3002 : Step(91): len = 4442.3, overlap = 9.40625
PHY-3002 : Step(92): len = 4536.1, overlap = 9.15625
PHY-3002 : Step(93): len = 4730.7, overlap = 5
OPT-1001 : Start physical optimization ...
OPT-1001 : Total overflow 14.78 peak overflow 2.56
OPT-1001 : Start high-fanout net optimization ...
OPT-1001 : Update timing in global mode
PHY-1001 : Start incremental global routing, caller is place ...
RUN-1001 : Generating global routing grids ...
RUN-1001 : Building simple global routing graph ...
PHY-1001 : Generate routing nets ...
PHY-1001 : Reuse net number 0/436.
PHY-1001 : Global iterations in 16 thread ...
PHY-1002 : len = 5112, over cnt = 38(0%), over = 136, worst = 11
PHY-1001 : End global iterations;  0.022583s wall, 0.031250s user + 0.046875s system = 0.078125s CPU (345.9%)

PHY-1001 : Congestion index: top1 = 16.25, top5 = 4.28, top10 = 2.13, top15 = 1.42.
PHY-1001 : End incremental global routing;  0.071335s wall, 0.062500s user + 0.062500s system = 0.125000s CPU (175.2%)

RUN-1002 : start command "start_timer -report"
TMR-5001 WARNING: No sdc constraints found while initiating timer.
TMR-2505 : Start building timing graph for model rx_top.
TMR-2506 : Build timing graph completely. Port num: 8, tpin num: 1610, tnet num: 434, tinst num: 367, tnode num: 1972, tedge num: 2549.
TMR-2508 : Levelizing timing graph completed, there are 26 levels in total.
TMR-2501 : Timing graph initialized successfully.
OPT-1001 : End timing update;  0.141019s wall, 0.125000s user + 0.015625s system = 0.140625s CPU (99.7%)

OPT-1001 : 0 high-fanout net processed.
OPT-1001 : End high-fanout net optimization;  0.216106s wall, 0.187500s user + 0.078125s system = 0.265625s CPU (122.9%)

OPT-1001 : Current memory(MB): used = 147, reserve = 116, peak = 147.
OPT-1001 : End physical optimization;  0.220746s wall, 0.359375s user + 0.109375s system = 0.468750s CPU (212.3%)

PHY-3001 : Start packing ...
SYN-4007 : Packing 0 MUX to BLE ...
SYN-4008 : Packed 0 MUX and 0 SEQ to BLE.
SYN-4007 : Packing 179 LUT to BLE ...
SYN-4008 : Packed 179 LUT and 83 SEQ to BLE.
SYN-4003 : Packing 28 remaining SEQ's ...
SYN-4005 : Packed 23 SEQ with LUT/SLICE
SYN-4006 : 77 single LUT's are left
SYN-4006 : 5 single SEQ's are left
SYN-4011 : Packing model "rx_top" (AL_USER_NORMAL) with 184/275 primitive instances ...
PHY-3001 : End packing;  0.009013s wall, 0.015625s user + 0.000000s system = 0.015625s CPU (173.4%)

PHY-1001 : Populate physical database on model rx_top.
RUN-1001 : There are total 182 instances
RUN-1001 : 76 mslices, 76 lslices, 25 pads, 0 brams, 0 dsps
RUN-1001 : There are total 360 nets
RUN-1001 : 192 nets have 2 pins
RUN-1001 : 116 nets have [3 - 5] pins
RUN-1001 : 30 nets have [6 - 10] pins
RUN-1001 : 17 nets have [11 - 20] pins
RUN-1001 : 4 nets have [21 - 99] pins
RUN-1001 : 1 nets have 100+ pins
PHY-3001 : design contains 180 instances, 152 slices, 10 macros(49 instances: 31 mslices 18 lslices)
PHY-3001 : Cell area utilization is 2%
PHY-3001 : After packing: Len = 4704.2, Over = 9
PHY-3001 : Run with size of 2
PHY-3001 : Cell area utilization is 2%
PHY-3001 : :::0::: Try harder cell spreading with beta_ = 1.1665e-05
PHY-3002 : Step(94): len = 4379.6, overlap = 6.25
PHY-3002 : Step(95): len = 4406.5, overlap = 5.75
PHY-3002 : Step(96): len = 4434.9, overlap = 5.75
PHY-3001 : :::1::: Try harder cell spreading with beta_ = 2.333e-05
PHY-3002 : Step(97): len = 4566.4, overlap = 5.75
PHY-3002 : Step(98): len = 4566.4, overlap = 5.75
PHY-3002 : Step(99): len = 4482.1, overlap = 6.5
PHY-3001 : :::2::: Try harder cell spreading with beta_ = 4.666e-05
PHY-3002 : Step(100): len = 4653.3, overlap = 6.5
PHY-3002 : Step(101): len = 4653.3, overlap = 6.5
PHY-3002 : Step(102): len = 4540.7, overlap = 7.5
PHY-3001 : Legalization ...
PHY-3001 : End legalization;  0.046973s wall, 0.046875s user + 0.062500s system = 0.109375s CPU (232.8%)

PHY-3001 : Trial Legalized: Len = 6991.3
PHY-3001 : Run with size of 2
PHY-3001 : Cell area utilization is 2%
PHY-3001 : :::0::: Try harder cell spreading with beta_ = 0.000267132
PHY-3002 : Step(103): len = 5805.2, overlap = 1.25
PHY-3002 : Step(104): len = 5310.7, overlap = 4
PHY-3002 : Step(105): len = 5017.8, overlap = 5
PHY-3002 : Step(106): len = 4931.6, overlap = 5.5
PHY-3002 : Step(107): len = 4936.3, overlap = 6
PHY-3001 : :::1::: Try harder cell spreading with beta_ = 0.000534265
PHY-3002 : Step(108): len = 4941.1, overlap = 6
PHY-3002 : Step(109): len = 4935.3, overlap = 6
PHY-3001 : :::2::: Try harder cell spreading with beta_ = 0.00106853
PHY-3002 : Step(110): len = 4917.1, overlap = 6
PHY-3002 : Step(111): len = 4917.1, overlap = 6
PHY-3001 : Legalization ...
PHY-3001 : End legalization;  0.003903s wall, 0.000000s user + 0.000000s system = 0.000000s CPU (n/a%)

PHY-3001 : Legalized: Len = 6362.7, Over = 0
PHY-3001 : Spreading special nets. 2 overflows in 2952 tiles.
PHY-3001 : End spreading;  0.002704s wall, 0.000000s user + 0.000000s system = 0.000000s CPU (n/a%)

PHY-3001 : 4 instances has been re-located, deltaX = 0, deltaY = 2, maxDist = 1.
PHY-3001 : Final: Len = 6420.7, Over = 0
OPT-1001 : Start physical optimization ...
OPT-1001 : Total overflow 0.00 peak overflow 0.00
OPT-1001 : Start high-fanout net optimization ...
OPT-1001 : Update timing in global mode
PHY-1001 : Start incremental global routing, caller is place ...
RUN-1001 : Generating global routing grids ...
PHY-1001 : Generate routing nets ...
PHY-1001 : Reuse net number 21/360.
PHY-1001 : Global iterations in 16 thread ...
PHY-1002 : len = 7432, over cnt = 30(0%), over = 57, worst = 4
PHY-1002 : len = 7832, over cnt = 9(0%), over = 13, worst = 3
PHY-1002 : len = 7952, over cnt = 1(0%), over = 1, worst = 1
PHY-1002 : len = 7960, over cnt = 0(0%), over = 0, worst = 0
PHY-1001 : End global iterations;  0.042604s wall, 0.046875s user + 0.000000s system = 0.046875s CPU (110.0%)

PHY-1001 : Congestion index: top1 = 18.41, top5 = 6.25, top10 = 3.12, top15 = 2.08.
PHY-1001 : End incremental global routing;  0.095051s wall, 0.093750s user + 0.000000s system = 0.093750s CPU (98.6%)

RUN-1002 : start command "start_timer -report"
TMR-5001 WARNING: No sdc constraints found while initiating timer.
TMR-2505 : Start building timing graph for model rx_top.
TMR-2506 : Build timing graph completely. Port num: 8, tpin num: 1421, tnet num: 358, tinst num: 180, tnode num: 1713, tedge num: 2402.
TMR-2508 : Levelizing timing graph completed, there are 26 levels in total.
TMR-2501 : Timing graph initialized successfully.
OPT-1001 : End timing update;  0.119380s wall, 0.109375s user + 0.000000s system = 0.109375s CPU (91.6%)

OPT-1001 : 0 high-fanout net processed.
OPT-1001 : End high-fanout net optimization;  0.218281s wall, 0.218750s user + 0.000000s system = 0.218750s CPU (100.2%)

OPT-1001 : Current memory(MB): used = 149, reserve = 118, peak = 149.
OPT-1001 : Update timing in Manhattan mode
OPT-1001 : End timing update;  0.000238s wall, 0.000000s user + 0.000000s system = 0.000000s CPU (n/a%)

OPT-1001 : Start pin optimization...
OPT-1001 : skip pin optimization...
RUN-1001 : Generating global routing grids ...
PHY-1001 : Generate routing nets ...
PHY-1001 : Reuse net number 278/360.
PHY-1001 : Global iterations in 16 thread ...
PHY-1002 : len = 7960, over cnt = 0(0%), over = 0, worst = 0
PHY-1001 : End global iterations;  0.002178s wall, 0.000000s user + 0.000000s system = 0.000000s CPU (n/a%)

PHY-1001 : Congestion index: top1 = 18.41, top5 = 6.25, top10 = 3.12, top15 = 2.08.
OPT-1001 : Update timing in Manhattan mode
OPT-1001 : End timing update;  0.000581s wall, 0.000000s user + 0.000000s system = 0.000000s CPU (n/a%)

RUN-1001 : QoR Analysis:
OPT-0007 :   WNS 2147483647 TNS 0 NUM_FEPS 0
RUN-1001 :   No local congestion issue, and most congested 1% tile average routing util is 18.034483
RUN-1001 :   Top critical paths
OPT-1001 : End physical optimization;  0.274794s wall, 0.265625s user + 0.000000s system = 0.265625s CPU (96.7%)

RUN-1003 : finish command "place" in  3.131565s wall, 3.734375s user + 4.734375s system = 8.468750s CPU (270.4%)

RUN-1004 : used memory is 133 MB, reserved memory is 103 MB, peak memory is 149 MB
RUN-1002 : start command "export_db rx_top_place.db"
RUN-1001 : Exported /
RUN-1001 : Exported flow parameters
RUN-1001 : Exported libs
RUN-1001 : Exported entities
RUN-1001 : Exported ports
RUN-1001 : Exported pins
RUN-1001 : Exported instances
RUN-1001 : Exported nets
RUN-1001 : Exported buses
RUN-1001 : Exported models
RUN-1001 : Exported congestions
RUN-1001 : Exported violations
RUN-1001 : Exported IO constraints
RUN-1001 : Exported Inst constraints
RUN-1002 : start command "route"
RUN-1001 : Open license file C:/Anlogic/TD5.6.2/license/Anlogic.lic
RUN-1001 : Print Global Property
RUN-1001 : ---------------------------------------------------------------
RUN-1001 :        Parameters        |  Settings  |  Default Values  |  Note  
RUN-1001 : ---------------------------------------------------------------
RUN-1001 :          message         |  standard  |     standard     |        
RUN-1001 :   mixed_pack_place_flow  |     on     |        on        |        
RUN-1001 :        qor_monitor       |    off     |       off        |        
RUN-1001 :        syn_ip_flow       |    off     |       off        |        
RUN-1001 :          thread          |    auto    |       auto       |        
RUN-1001 : ---------------------------------------------------------------
RUN-1001 : Print Route Property
RUN-1001 : -------------------------------------------------------
RUN-1001 :    Parameters    |  Settings  |  Default Values  |  Note  
RUN-1001 : -------------------------------------------------------
RUN-1001 :      effort      |   medium   |      medium      |        
RUN-1001 :     fix_hold     |    off     |       off        |        
RUN-1001 :    opt_timing    |   medium   |      medium      |        
RUN-1001 :   phy_sim_model  |    off     |       off        |        
RUN-1001 :     priority     |   timing   |      timing      |        
RUN-1001 :     swap_pin     |     on     |        on        |        
RUN-1001 : -------------------------------------------------------
PHY-1001 : Route runs in 16 thread(s)
RUN-1001 : There are total 182 instances
RUN-1001 : 76 mslices, 76 lslices, 25 pads, 0 brams, 0 dsps
RUN-1001 : There are total 360 nets
RUN-1001 : 192 nets have 2 pins
RUN-1001 : 116 nets have [3 - 5] pins
RUN-1001 : 30 nets have [6 - 10] pins
RUN-1001 : 17 nets have [11 - 20] pins
RUN-1001 : 4 nets have [21 - 99] pins
RUN-1001 : 1 nets have 100+ pins
RUN-1002 : start command "start_timer -report"
TMR-5001 WARNING: No sdc constraints found while initiating timer.
TMR-2505 : Start building timing graph for model rx_top.
TMR-2506 : Build timing graph completely. Port num: 8, tpin num: 1421, tnet num: 358, tinst num: 180, tnode num: 1713, tedge num: 2402.
TMR-2508 : Levelizing timing graph completed, there are 26 levels in total.
TMR-2501 : Timing graph initialized successfully.
PHY-1001 : 76 mslices, 76 lslices, 25 pads, 0 brams, 0 dsps
TMR-2503 : Start to update net delay, extr mode = 3.
TMR-2504 : Update delay of 358 nets completely.
TMR-2502 : Annotate delay completely, extr mode = 3.
TMR-3002 : No user constraint, initiate default constraint.
TMR-1501 : Assign derive clock DeriveClock to 172 clock pins, and constraint 292 relative nodes.
TMR-3003 : Constraints initiated successfully.
TMR-3501 : Forward propagation: start to calculate arrival time...
TMR-3502 : Backward propagation: start to calculate required time...
TMR-3503 : Timing propagation completes.
PHY-1001 : Start global routing, caller is route ...
RUN-1001 : Generating global routing grids ...
PHY-1001 : Generate routing nets ...
PHY-1001 : Global iterations in 16 thread ...
PHY-1002 : len = 7320, over cnt = 31(0%), over = 58, worst = 4
PHY-1002 : len = 7752, over cnt = 9(0%), over = 13, worst = 3
PHY-1002 : len = 7888, over cnt = 0(0%), over = 0, worst = 0
PHY-1001 : End global iterations;  0.042546s wall, 0.046875s user + 0.031250s system = 0.078125s CPU (183.6%)

PHY-1001 : Congestion index: top1 = 18.58, top5 = 6.17, top10 = 3.08, top15 = 2.05.
PHY-1001 : End global routing;  0.093667s wall, 0.093750s user + 0.031250s system = 0.125000s CPU (133.5%)

PHY-1001 : Start detail routing ...
PHY-1001 : Current memory(MB): used = 171, reserve = 139, peak = 186.
PHY-1001 : Detailed router is running in normal mode.
PHY-1001 : Generate detailed routing grids ...
PHY-1001 : Processed IO instance DigitronCS_Out[3]_syn_2 with INV attribute.
PHY-1001 : Processed IO instance DigitronCS_Out[2]_syn_2 with INV attribute.
PHY-1001 : Processed IO instance DigitronCS_Out[1]_syn_2 with INV attribute.
PHY-1001 : Processed IO instance DigitronCS_Out[0]_syn_2 with INV attribute.
PHY-1001 : Generate nets ...
PHY-1001 : net CLK_dup_1 will be routed on clock mesh
PHY-1001 : clock net CLK_500K_syn_8 will be merged with clock CLK_500K
PHY-1001 : clock net U5/SingleNum_n_syn_3 will be merged with clock U5/SingleNum_n
PHY-1001 : Current memory(MB): used = 439, reserve = 412, peak = 439.
PHY-1001 : End build detailed router design. 3.020164s wall, 2.859375s user + 0.156250s system = 3.015625s CPU (99.8%)

PHY-1001 : Detail Route ...
PHY-1001 : ===== Detail Route Phase 1 =====
PHY-1001 : Clock net routing.....
PHY-1001 : Routed 0% nets.
PHY-1022 : len = 8872, over cnt = 0(0%), over = 0, worst = 0, crit = 0
PHY-1001 : End initial clock net routed; 0.582149s wall, 0.578125s user + 0.000000s system = 0.578125s CPU (99.3%)

PHY-1001 : Current memory(MB): used = 469, reserve = 443, peak = 469.
PHY-1001 : End phase 1; 0.587526s wall, 0.593750s user + 0.000000s system = 0.593750s CPU (101.1%)

PHY-1001 : ===== Detail Route Phase 2 =====
PHY-1001 : Initial routing.....
PHY-1001 : Routed 31% nets.
PHY-1001 : Routed 40% nets.
PHY-1001 : Routed 46% nets.
PHY-1001 : Routed 60% nets.
PHY-1001 : Routed 81% nets.
PHY-1022 : len = 26104, over cnt = 8(0%), over = 8, worst = 1, crit = 0
PHY-1001 : Current memory(MB): used = 469, reserve = 443, peak = 469.
PHY-1001 : End initial routed; 0.105105s wall, 0.140625s user + 0.031250s system = 0.171875s CPU (163.5%)

PHY-1001 : Current memory(MB): used = 469, reserve = 443, peak = 469.
PHY-1001 : End phase 2; 0.105221s wall, 0.140625s user + 0.031250s system = 0.171875s CPU (163.3%)

PHY-1001 : ===== Detail Route Phase 3 =====
PHY-1001 : Ripup-reroute.....
PHY-1001 : ===== DR Iter 1 =====
PHY-1022 : len = 26056, over cnt = 3(0%), over = 3, worst = 1, crit = 0
PHY-1001 : End DR Iter 1; 0.012802s wall, 0.000000s user + 0.000000s system = 0.000000s CPU (n/a%)

PHY-1001 : ===== DR Iter 2 =====
PHY-1022 : len = 26088, over cnt = 0(0%), over = 0, worst = 0, crit = 0
PHY-1001 : End DR Iter 2; 0.010422s wall, 0.000000s user + 0.000000s system = 0.000000s CPU (n/a%)

PHY-1001 : Commit to database.....
PHY-1001 : 2 feed throughs used by 2 nets
PHY-1001 : End commit to database; 0.031090s wall, 0.031250s user + 0.000000s system = 0.031250s CPU (100.5%)

PHY-1001 : Current memory(MB): used = 479, reserve = 452, peak = 479.
PHY-1001 : End phase 3; 0.151413s wall, 0.140625s user + 0.000000s system = 0.140625s CPU (92.9%)

PHY-1003 : Routed, final wirelength = 26088
PHY-1001 : Current memory(MB): used = 479, reserve = 452, peak = 479.
PHY-1001 : End export database. 0.006544s wall, 0.015625s user + 0.000000s system = 0.015625s CPU (238.8%)

PHY-1001 : End detail routing;  4.070028s wall, 3.937500s user + 0.187500s system = 4.125000s CPU (101.4%)

RUN-1003 : finish command "route" in  4.333336s wall, 4.187500s user + 0.234375s system = 4.421875s CPU (102.0%)

RUN-1004 : used memory is 420 MB, reserved memory is 393 MB, peak memory is 479 MB
RUN-1002 : start command "report_area -io_info -file rx_top_phy.area"
RUN-1001 : standard
***Report Model: rx_top Device: EG4S20BG256***

IO Statistics
#IO                        25
  #input                    4
  #output                  21
  #inout                    0

Utilization Statistics
#lut                      287   out of  19600    1.46%
#reg                      117   out of  19600    0.60%
#le                       292
  #lut only               175   out of    292   59.93%
  #reg only                 5   out of    292    1.71%
  #lut&reg                112   out of    292   38.36%
#dsp                        0   out of     29    0.00%
#bram                       0   out of     64    0.00%
  #bram9k                   0
  #fifo9k                   0
#bram32k                    0   out of     16    0.00%
#pad                       25   out of    188   13.30%
  #ireg                     1
  #oreg                    13
  #treg                     0
#pll                        0   out of      4    0.00%
#gclk                       2   out of     16   12.50%

Clock Resource Statistics
Index     ClockNet          Type               DriverType         Driver                     Fanout
#1        CLK_dup_1         GCLK               io                 CLK_syn_2.di               53
#2        CLK_500K          GCLK               mslice             CLK_500K_reg_syn_5.q1      29
#3        U5/SingleNum_n    GCLK               mslice             U5/SingleNum_n_syn_7.f0    8


Detailed IO Report

        Name           Direction    Location    IOStandard    DriveStrength    PullType    PackReg  
         CLK             INPUT         R7        LVCMOS33          N/A          PULLUP      NONE    
        RSTn             INPUT         A9        LVCMOS33          N/A          PULLUP      NONE    
      RX_En_Sig          INPUT        A10        LVCMOS33          N/A          PULLUP      NONE    
      RX_Pin_In          INPUT        F12        LVCMOS33          N/A          PULLUP      IREG    
  DigitronCS_Out[3]     OUTPUT         A3        LVCMOS33           8            NONE       OREG    
  DigitronCS_Out[2]     OUTPUT         A5        LVCMOS33           8            NONE       OREG    
  DigitronCS_Out[1]     OUTPUT         B6        LVCMOS33           8            NONE       OREG    
  DigitronCS_Out[0]     OUTPUT         C9        LVCMOS33           8            NONE       OREG    
   Digitron_Out[7]      OUTPUT         C8        LVCMOS33           8            NONE       NONE    
   Digitron_Out[6]      OUTPUT         A8        LVCMOS33           8            NONE       NONE    
   Digitron_Out[5]      OUTPUT         B5        LVCMOS33           8            NONE       NONE    
   Digitron_Out[4]      OUTPUT         A7        LVCMOS33           8            NONE       NONE    
   Digitron_Out[3]      OUTPUT         E8        LVCMOS33           8            NONE       NONE    
   Digitron_Out[2]      OUTPUT         B8        LVCMOS33           8            NONE       NONE    
   Digitron_Out[1]      OUTPUT         A6        LVCMOS33           8            NONE       NONE    
   Digitron_Out[0]      OUTPUT         A4        LVCMOS33           8            NONE       NONE    
     LED_Out[7]         OUTPUT        F16        LVCMOS33           8            NONE       OREG    
     LED_Out[6]         OUTPUT        E16        LVCMOS33           8            NONE       OREG    
     LED_Out[5]         OUTPUT        E13        LVCMOS33           8            NONE       OREG    
     LED_Out[4]         OUTPUT        C16        LVCMOS33           8            NONE       OREG    
     LED_Out[3]         OUTPUT        C15        LVCMOS33           8            NONE       OREG    
     LED_Out[2]         OUTPUT        B16        LVCMOS33           8            NONE       OREG    
     LED_Out[1]         OUTPUT        B15        LVCMOS33           8            NONE       OREG    
     LED_Out[0]         OUTPUT        B14        LVCMOS33           8            NONE       OREG    
     TX_Pin_Out         OUTPUT        D12        LVCMOS33           8            NONE       OREG    

Report Hierarchy Area:
+-----------------------------------------------------------------------------------+
|Instance |Module              |le     |lut     |ripple  |seq     |bram    |dsp     |
+-----------------------------------------------------------------------------------+
|top      |rx_top              |292    |238     |49      |131     |0       |0       |
|  U1     |detect_module       |1      |1       |0       |1       |0       |0       |
|  U2     |rx_bps_module       |27     |23      |4       |15      |0       |0       |
|  U3     |rx_control_module   |37     |32      |5       |15      |0       |0       |
|  U5     |Digitron_NumDisplay |135    |112     |18      |48      |0       |0       |
|  U6     |uart_tx             |64     |52      |12      |27      |0       |0       |
+-----------------------------------------------------------------------------------+


DataNet Average Fanout:

   Index     Fanout    Nets  
    #1         1       167   
    #2         2        75   
    #3         3        30   
    #4         4        11   
    #5        5-10      30   
    #6       11-50      16   
    #7       51-100     1    
  Average     2.87           

RUN-1002 : start command "export_db rx_top_pr.db"
RUN-1001 : Exported /
RUN-1001 : Exported flow parameters
RUN-1001 : Exported libs
RUN-1001 : Exported entities
RUN-1001 : Exported ports
RUN-1001 : Exported pins
RUN-1001 : Exported instances
RUN-1001 : Exported nets
RUN-1001 : Exported buses
RUN-1001 : Exported models
RUN-1001 : Exported congestions
RUN-1001 : Exported violations
RUN-1001 : Exported IO constraints
RUN-1001 : Exported Inst constraints
RUN-1002 : start command "export_bid rx_top_inst.bid"
RUN-1002 : start command "bitgen -bit rx_top.bit -unused_io_status pulldown"
BIT-1003 : Start to generate bitstream. 
BIT-1002 : Bitgen processed 163 unused pads, reserve input tri_state with pulldown
BIT-1002 : Init instances with 16 threads.
BIT-1002 : Init instances completely, inst num: 343
BIT-1002 : Init pips with 16 threads.
BIT-1002 : Init pips completely, net num: 360, pip num: 2691
BIT-1002 : Init feedthrough completely, num: 2
BIT-1003 : Multithreading accelaration with 16 threads.
BIT-1003 : Generate bitstream completely, there are 481 valid insts, and 9039 bits set as '1'.
BIT-1004 : PLL setting string = 0000
BIT-1004 : Generate bits file rx_top.bit.
RUN-1003 : finish command "bitgen -bit rx_top.bit -unused_io_status pulldown" in  1.161269s wall, 4.109375s user + 0.062500s system = 4.171875s CPU (359.3%)

RUN-1004 : used memory is 428 MB, reserved memory is 403 MB, peak memory is 622 MB
RUN-1002 : start command "backup_run_log run.log ../.logs/phy_1/td_20240827_203955.log"
