============================================================
   Tang Dynasty, V5.6.71036
      Copyright (c) 2012-2023 Anlogic Inc.
   Executable = C:/Anlogic/TD5.6.2/bin/td.exe
   Built at =   20:34:38 Mar 21 2023
   Run by =     Lenovo
   Run Date =   Tue Aug 27 14:35:56 2024

   Run on =     LAPTOP-QRG7LJL6
============================================================
RUN-1002 : start command "open_project rx_top.prj"
RUN-1001 : Print Global Property
RUN-1001 : ---------------------------------------------------------------
RUN-1001 :        Parameters        |  Settings  |  Default Values  |  Note  
RUN-1001 : ---------------------------------------------------------------
RUN-1001 :          message         |  standard  |     standard     |        
RUN-1001 :   mixed_pack_place_flow  |     on     |        on        |        
RUN-1001 :        qor_monitor       |    off     |       off        |        
RUN-1001 :        syn_ip_flow       |    off     |       off        |        
RUN-1001 :          thread          |    auto    |       auto       |        
RUN-1001 : ---------------------------------------------------------------
RUN-1001 : Print Design Property
RUN-1001 : --------------------------------------------------------------
RUN-1001 :        Parameters       |  Settings  |  Default Values  |  Note  
RUN-1001 : --------------------------------------------------------------
RUN-1001 :   default_reg_initial   |    auto    |       auto       |        
RUN-1001 :        infer_add        |     on     |        on        |        
RUN-1001 :        infer_fsm        |    off     |       off        |        
RUN-1001 :        infer_mult       |     on     |        on        |        
RUN-1001 :        infer_ram        |     on     |        on        |        
RUN-1001 :        infer_reg        |     on     |        on        |        
RUN-1001 :   infer_reg_init_value  |     on     |        on        |        
RUN-1001 :        infer_rom        |     on     |        on        |        
RUN-1001 :      infer_shifter      |     on     |        on        |        
RUN-1001 : --------------------------------------------------------------
RUN-1001 : Print Rtl Property
RUN-1001 : --------------------------------------------------------------
RUN-1001 :        Parameters       |  Settings  |  Default Values  |  Note  
RUN-1001 : --------------------------------------------------------------
RUN-1001 :       compress_add      |   ripple   |      ripple      |        
RUN-1001 :        elf_sload        |    off     |       off        |        
RUN-1001 :       fix_undriven      |     0      |        0         |        
RUN-1001 :         flatten         |    off     |       off        |        
RUN-1001 :       gate_sharing      |     on     |        on        |        
RUN-1001 :    hdl_warning_level    |   normal   |      normal      |        
RUN-1001 :   impl_internal_tribuf  |     on     |        on        |        
RUN-1001 :      impl_set_reset     |     on     |        on        |        
RUN-1001 :        infer_gsr        |    off     |       off        |        
RUN-1001 :      keep_hierarchy     |    auto    |       auto       |        
RUN-1001 :        max_fanout       |    9999    |       9999       |        
RUN-1001 :      max_oh2bin_len     |     10     |        10        |        
RUN-1001 :       merge_equal       |     on     |        on        |        
RUN-1001 :       merge_equiv       |     on     |        on        |        
RUN-1001 :        merge_mux        |    off     |       off        |        
RUN-1001 :     min_control_set     |     8      |        8         |        
RUN-1001 :      min_ripple_len     |    auto    |       auto       |        
RUN-1001 :       oh2bin_ratio      |    0.08    |       0.08       |        
RUN-1001 :     opt_adder_fanout    |     on     |        on        |        
RUN-1001 :        opt_arith        |     on     |        on        |        
RUN-1001 :       opt_big_gate      |    off     |       off        |        
RUN-1001 :        opt_const        |     on     |        on        |        
RUN-1001 :      opt_const_mult     |     on     |        on        |        
RUN-1001 :       opt_lessthan      |     on     |        on        |        
RUN-1001 :         opt_mux         |    off     |       off        |        
RUN-1001 :         opt_ram         |    high    |       high       |        
RUN-1001 :      rtl_sim_model      |    off     |       off        |        
RUN-1001 :         seq_syn         |     on     |        on        |        
RUN-1001 : --------------------------------------------------------------
HDL-1007 : analyze verilog file ../../rx_top.v
HDL-1007 : analyze verilog file ../../detect_module.v
HDL-1007 : analyze verilog file ../../rx_bps_module.v
HDL-1007 : analyze verilog file ../../rx_control_module.v
HDL-1007 : analyze verilog file ../../LED_display_module.v
HDL-5007 WARNING: empty port in module declaration in ../../LED_display_module.v(3)
HDL-1007 : analyze verilog file ../../Digitron_NumDisplay.v
HDL-1007 : analyze verilog file ../../tx_control_module.v
RUN-1001 : Project manager successfully analyzed 7 source files.
RUN-1002 : start command "import_device eagle_s20.db -package EG4S20BG256"
ARC-1001 : Device Initialization.
ARC-1001 : ------------------------------------------------------------------
ARC-1001 :            OPTION            |          IO          |   SETTING   
ARC-1001 : ------------------------------------------------------------------
ARC-1001 :   cso_b/cclk/mosi/miso/dout  |  T3/R11/T10/P10/S11  |    gpio    
ARC-1001 :             done             |         P13          |    gpio    
ARC-1001 :           program_b          |          T2          |  dedicate  
ARC-1001 :        tdi/tms/tck/tdo       |   C12/A15/C14/E14    |  dedicate  
ARC-1001 : ------------------------------------------------------------------
ARC-1004 : Device setting, marked 5 dedicate IOs in total.
RUN-1002 : start command "import_db ../syn_1/rx_top_gate.db"
RUN-1001 : Importing database generated by Tang Dynasty, V5.6.71036.
RUN-1001 : Database version number 46146.
RUN-1001 : Import flow parameters
RUN-1001 : Import IO constraints
RUN-1001 : Import Inst constraints
RUN-1001 : Import design success TD_VERSION=5.6.71036 , DB_VERSION=46146
RUN-1002 : start command "config_chipwatcher ../../tx_test.cwc -dir "
RUN-1002 : start command "legalize_phy_inst"
SYN-1011 : Flatten model rx_top
KIT-1004 : ChipWatcher: import watcher inst auto_chipwatcher_0 completed, there are 11 view nodes, 33 trigger nets, 33 data nets.
KIT-1004 : Chipwatcher code = 1001101100011010
RUN-1002 : start command "compile_watcher"
RUN-1002 : start command "read_verilog -no_sch -dir C:/Anlogic/TD5.6.2/cw/ -file rx_top_watcherInst.sv -lib cw -top CW_TOP_WRAPPER"
HDL-1007 : analyze verilog file C:/Anlogic/TD5.6.2/cw\bus_det.v
HDL-1007 : analyze verilog file C:/Anlogic/TD5.6.2/cw\bus_top.sv
HDL-1007 : analyze verilog file C:/Anlogic/TD5.6.2/cw\cfg_int.v
HDL-1007 : analyze verilog file C:/Anlogic/TD5.6.2/cw\cwc_cfg_int.v
HDL-1007 : analyze verilog file C:/Anlogic/TD5.6.2/cw\cwc_top.sv
HDL-1007 : analyze verilog file C:/Anlogic/TD5.6.2/cw\detect_bus.v
HDL-1007 : analyze verilog file C:/Anlogic/TD5.6.2/cw\detect_non_bus.v
HDL-1007 : analyze verilog file C:/Anlogic/TD5.6.2/cw\emb_ctrl.v
HDL-1007 : analyze verilog file C:/Anlogic/TD5.6.2/cw\register.v
HDL-1007 : analyze verilog file C:/Anlogic/TD5.6.2/cw\tap.v
HDL-1007 : analyze verilog file C:/Anlogic/TD5.6.2/cw\trigger.sv
HDL-1007 : analyze verilog file rx_top_watcherInst.sv
HDL-1007 : elaborate module CW_TOP_WRAPPER in rx_top_watcherInst.sv(1)
HDL-1007 : elaborate module cwc_top(BUS_NUM=11,BUS_DIN_NUM=33,BUS_CTRL_NUM=110,BUS_WIDTH='{32'sb01,32'sb0100,32'sb01101,32'sb01,32'sb01,32'sb01,32'sb01,32'sb01,32'sb01000,32'sb01,32'sb01},BUS_DIN_POS='{32'sb0,32'sb01,32'sb0101,32'sb010010,32'sb010011,32'sb010100,32'sb010101,32'sb010110,32'sb010111,32'sb011111,32'sb0100000},BUS_CTRL_POS='{32'sb0,32'sb0110,32'sb010010,32'sb0110000,32'sb0110110,32'sb0111100,32'sb01000010,32'sb01001000,32'sb01001110,32'sb01100010,32'sb01101000}) in C:/Anlogic/TD5.6.2/cw\cwc_top.sv(21)
HDL-1007 : elaborate module cwc_cfg_int(CTRL_REG_LEN=132) in C:/Anlogic/TD5.6.2/cw\cwc_cfg_int.v(21)
HDL-1007 : elaborate module register(CTRL_REG_LEN=132) in C:/Anlogic/TD5.6.2/cw\register.v(21)
HDL-1007 : elaborate module tap in C:/Anlogic/TD5.6.2/cw\tap.v(21)
HDL-1007 : elaborate module trigger(BUS_NUM=11,BUS_DIN_NUM=33,BUS_CTRL_NUM=110,BUS_WIDTH='{32'sb01,32'sb0100,32'sb01101,32'sb01,32'sb01,32'sb01,32'sb01,32'sb01,32'sb01000,32'sb01,32'sb01},BUS_DIN_POS='{32'sb0,32'sb01,32'sb0101,32'sb010010,32'sb010011,32'sb010100,32'sb010101,32'sb010110,32'sb010111,32'sb011111,32'sb0100000},BUS_CTRL_POS='{32'sb0,32'sb0110,32'sb010010,32'sb0110000,32'sb0110110,32'sb0111100,32'sb01000010,32'sb01001000,32'sb01001110,32'sb01100010,32'sb01101000}) in C:/Anlogic/TD5.6.2/cw\trigger.sv(21)
HDL-1007 : elaborate module bus_top(BUS_NODE_NUM=11,BUS_DIN_NUM=33,BUS_CTRL_NUM=110,BUS_WIDTH='{32'sb01,32'sb0100,32'sb01101,32'sb01,32'sb01,32'sb01,32'sb01,32'sb01,32'sb01000,32'sb01,32'sb01},BUS_DIN_POS='{32'sb0,32'sb01,32'sb0101,32'sb010010,32'sb010011,32'sb010100,32'sb010101,32'sb010110,32'sb010111,32'sb011111,32'sb0100000},BUS_CTRL_POS='{32'sb0,32'sb0110,32'sb010010,32'sb0110000,32'sb0110110,32'sb0111100,32'sb01000010,32'sb01001000,32'sb01001110,32'sb01100010,32'sb01101000}) in C:/Anlogic/TD5.6.2/cw\bus_top.sv(22)
HDL-1007 : elaborate module bus_det(BUS_WIDTH=32'sb01) in C:/Anlogic/TD5.6.2/cw\bus_det.v(21)
HDL-1007 : elaborate module bus_det(BUS_WIDTH=32'sb0100) in C:/Anlogic/TD5.6.2/cw\bus_det.v(21)
HDL-1007 : elaborate module bus_det(BUS_WIDTH=32'sb01101) in C:/Anlogic/TD5.6.2/cw\bus_det.v(21)
HDL-1007 : elaborate module bus_det(BUS_WIDTH=32'sb01000) in C:/Anlogic/TD5.6.2/cw\bus_det.v(21)
HDL-1007 : elaborate module emb_ctrl in C:/Anlogic/TD5.6.2/cw\emb_ctrl.v(21)
HDL-1200 : Current top model is CW_TOP_WRAPPER
HDL-1100 : Inferred 0 RAMs.
RUN-1002 : start command "force_keep -a auto_chipwatcher_0_logicbram"
RUN-1002 : start command "optimize_rtl -no_sch"
RUN-1001 : Open license file C:/Anlogic/TD5.6.2/license/Anlogic.lic
RUN-1001 : Print Global Property
RUN-1001 : ---------------------------------------------------------------
RUN-1001 :        Parameters        |  Settings  |  Default Values  |  Note  
RUN-1001 : ---------------------------------------------------------------
RUN-1001 :          message         |  standard  |     standard     |        
RUN-1001 :   mixed_pack_place_flow  |     on     |        on        |        
RUN-1001 :        qor_monitor       |    off     |       off        |        
RUN-1001 :        syn_ip_flow       |    off     |       off        |        
RUN-1001 :          thread          |    auto    |       auto       |        
RUN-1001 : ---------------------------------------------------------------
RUN-1001 : Print Rtl Property
RUN-1001 : --------------------------------------------------------------
RUN-1001 :        Parameters       |  Settings  |  Default Values  |  Note  
RUN-1001 : --------------------------------------------------------------
RUN-1001 :       compress_add      |   ripple   |      ripple      |        
RUN-1001 :        elf_sload        |    off     |       off        |        
RUN-1001 :       fix_undriven      |     0      |        0         |        
RUN-1001 :         flatten         |    off     |       off        |        
RUN-1001 :       gate_sharing      |     on     |        on        |        
RUN-1001 :    hdl_warning_level    |   normal   |      normal      |        
RUN-1001 :   impl_internal_tribuf  |     on     |        on        |        
RUN-1001 :      impl_set_reset     |     on     |        on        |        
RUN-1001 :        infer_gsr        |    off     |       off        |        
RUN-1001 :      keep_hierarchy     |    auto    |       auto       |        
RUN-1001 :        max_fanout       |    9999    |       9999       |        
RUN-1001 :      max_oh2bin_len     |     10     |        10        |        
RUN-1001 :       merge_equal       |     on     |        on        |        
RUN-1001 :       merge_equiv       |     on     |        on        |        
RUN-1001 :        merge_mux        |    off     |       off        |        
RUN-1001 :     min_control_set     |     8      |        8         |        
RUN-1001 :      min_ripple_len     |    auto    |       auto       |        
RUN-1001 :       oh2bin_ratio      |    0.08    |       0.08       |        
RUN-1001 :     opt_adder_fanout    |     on     |        on        |        
RUN-1001 :        opt_arith        |     on     |        on        |        
RUN-1001 :       opt_big_gate      |    off     |       off        |        
RUN-1001 :        opt_const        |     on     |        on        |        
RUN-1001 :      opt_const_mult     |     on     |        on        |        
RUN-1001 :       opt_lessthan      |     on     |        on        |        
RUN-1001 :         opt_mux         |    off     |       off        |        
RUN-1001 :         opt_ram         |    high    |       high       |        
RUN-1001 :      rtl_sim_model      |    off     |       off        |        
RUN-1001 :         seq_syn         |     on     |        on        |        
RUN-1001 : --------------------------------------------------------------
SYN-1012 : SanityCheck: Model "rx_top"
SYN-1012 : SanityCheck: Model "CW_TOP_WRAPPER"
SYN-1012 : SanityCheck: Model "cwc_top(BUS_NUM=11,BUS_DIN_NUM=33,BUS_CTRL_NUM=110,BUS_WIDTH='{32'sb01,32'sb0100,32'sb01101,32'sb01,32'sb01,32'sb01,32'sb01,32'sb01,32'sb01000,32'sb01,32'sb01},BUS_DIN_POS='{32'sb0,32'sb01,32'sb0101,32'sb010010,32'sb010011,32'sb010100,32'sb010101,32'sb010110,32'sb010111,32'sb011111,32'sb0100000},BUS_CTRL_POS='{32'sb0,32'sb0110,32'sb010010,32'sb0110000,32'sb0110110,32'sb0111100,32'sb01000010,32'sb01001000,32'sb01001110,32'sb01100010,32'sb01101000})"
SYN-1012 : SanityCheck: Model "cwc_cfg_int(CTRL_REG_LEN=132)"
SYN-1012 : SanityCheck: Model "register(CTRL_REG_LEN=132)"
SYN-1012 : SanityCheck: Model "tap"
SYN-1012 : SanityCheck: Model "trigger(BUS_NUM=11,BUS_DIN_NUM=33,BUS_CTRL_NUM=110,BUS_WIDTH='{32'sb01,32'sb0100,32'sb01101,32'sb01,32'sb01,32'sb01,32'sb01,32'sb01,32'sb01000,32'sb01,32'sb01},BUS_DIN_POS='{32'sb0,32'sb01,32'sb0101,32'sb010010,32'sb010011,32'sb010100,32'sb010101,32'sb010110,32'sb010111,32'sb011111,32'sb0100000},BUS_CTRL_POS='{32'sb0,32'sb0110,32'sb010010,32'sb0110000,32'sb0110110,32'sb0111100,32'sb01000010,32'sb01001000,32'sb01001110,32'sb01100010,32'sb01101000})"
SYN-1012 : SanityCheck: Model "bus_top(BUS_NODE_NUM=11,BUS_DIN_NUM=33,BUS_CTRL_NUM=110,BUS_WIDTH='{32'sb01,32'sb0100,32'sb01101,32'sb01,32'sb01,32'sb01,32'sb01,32'sb01,32'sb01000,32'sb01,32'sb01},BUS_DIN_POS='{32'sb0,32'sb01,32'sb0101,32'sb010010,32'sb010011,32'sb010100,32'sb010101,32'sb010110,32'sb010111,32'sb011111,32'sb0100000},BUS_CTRL_POS='{32'sb0,32'sb0110,32'sb010010,32'sb0110000,32'sb0110110,32'sb0111100,32'sb01000010,32'sb01001000,32'sb01001110,32'sb01100010,32'sb01101000})"
SYN-1012 : SanityCheck: Model "bus_det(BUS_WIDTH=32'sb01)"
SYN-1012 : SanityCheck: Model "bus_det(BUS_WIDTH=32'sb0100)"
SYN-1012 : SanityCheck: Model "bus_det(BUS_WIDTH=32'sb01101)"
SYN-1012 : SanityCheck: Model "bus_det(BUS_WIDTH=32'sb01000)"
SYN-1012 : SanityCheck: Model "emb_ctrl"
SYN-1011 : Flatten model rx_top
SYN-1032 : 1902/41 useful/useless nets, 964/30 useful/useless insts
SYN-1016 : Merged 52 instances.
SYN-1032 : 1551/16 useful/useless nets, 1382/16 useful/useless insts
SYN-1014 : Optimize round 1
SYN-1032 : 1535/16 useful/useless nets, 1370/12 useful/useless insts
SYN-1021 : Optimized 3 onehot mux instances.
SYN-1020 : Optimized 1 distributor mux.
SYN-1019 : Optimized 3 mux instances.
SYN-1015 : Optimize round 1, 435 better
SYN-1014 : Optimize round 2
SYN-1032 : 1209/45 useful/useless nets, 1044/48 useful/useless insts
SYN-1015 : Optimize round 2, 96 better
SYN-1014 : Optimize round 1
SYN-1015 : Optimize round 1, 0 better
RUN-1002 : start command "optimize_gate -no_sch"
RUN-1001 : Open license file C:/Anlogic/TD5.6.2/license/Anlogic.lic
RUN-1001 : Print Global Property
RUN-1001 : ---------------------------------------------------------------
RUN-1001 :        Parameters        |  Settings  |  Default Values  |  Note  
RUN-1001 : ---------------------------------------------------------------
RUN-1001 :          message         |  standard  |     standard     |        
RUN-1001 :   mixed_pack_place_flow  |     on     |        on        |        
RUN-1001 :        qor_monitor       |    off     |       off        |        
RUN-1001 :        syn_ip_flow       |    off     |       off        |        
RUN-1001 :          thread          |    auto    |       auto       |        
RUN-1001 : ---------------------------------------------------------------
RUN-1001 : Print Gate Property
RUN-1001 : ------------------------------------------------------------------
RUN-1001 :          Parameters         |  Settings  |  Default Values  |  Note  
RUN-1001 : ------------------------------------------------------------------
RUN-1001 :         cascade_dsp         |    off     |       off        |        
RUN-1001 :         cascade_eram        |    off     |       off        |        
RUN-1001 :        gate_sim_model       |    off     |       off        |        
RUN-1001 :        map_sim_model        |    off     |       off        |        
RUN-1001 :         map_strategy        |     1      |        1         |        
RUN-1001 :           opt_area          |   medium   |      medium      |        
RUN-1001 :          opt_timing         |    auto    |       auto       |        
RUN-1001 :         pack_effort         |   medium   |      medium      |        
RUN-1001 :      pack_lslice_ripple     |     on     |        on        |        
RUN-1001 :   pack_lslice_ripple_ratio  |    0.5     |       0.5        |        
RUN-1001 :        pack_seq_in_io       |    auto    |       auto       |        
RUN-1001 :        ph1_mux_ratio        |    1.0     |       1.0        |        
RUN-1001 :            report           |  standard  |     standard     |        
RUN-1001 :           retiming          |    off     |       off        |        
RUN-1001 : ------------------------------------------------------------------
SYN-2001 : Map 25 IOs to PADs
RUN-1002 : start command "update_pll_param -module rx_top"
SYN-2501 : Processed 0 LOGIC_BUF instances.
SYN-2512 : LOGIC BRAM "auto_chipwatcher_0_logicbram"
SYN-2571 : Optimize after map_dsp, round 1
SYN-2571 : Optimize after map_dsp, round 1, 0 better
SYN-1001 : Throwback 3 control mux instances
SYN-2501 : Optimize round 1
SYN-1016 : Merged 25 instances.
SYN-2501 : Optimize round 1, 52 better
SYN-2501 : Optimize round 2
SYN-2501 : Optimize round 2, 0 better
SYN-2501 : Map 16 macro adder
SYN-1019 : Optimized 13 mux instances.
SYN-1016 : Merged 11 instances.
SYN-1032 : 1666/2 useful/useless nets, 1504/1 useful/useless insts
SYN-3001 : Running gate level optimization.
SYN-2581 : Mapping with K=5, #lut = 223 (3.65), #lev = 6 (2.00)
SYN-2551 : Post LUT mapping optimization.
SYN-2581 : Mapping with K=5, #lut = 222 (3.71), #lev = 5 (1.93)
SYN-3001 : Logic optimization runtime opt =   0.03 sec, map =   0.00 sec
SYN-3001 : Mapper mapped 609 instances into 222 LUTs, name keeping = 74%.
SYN-1001 : Packing model "rx_top" ...
SYN-4010 : Pack lib has 58 rtl pack models with 25 top pack blocks
SYN-1014 : Optimize round 1
SYN-1015 : Optimize round 1, 0 better
SYN-4002 : Packing 400 DFF/LATCH to SEQ ...
SYN-4009 : Pack 7 carry chain into lslice
SYN-4007 : Packing 114 adder to BLE ...
SYN-4008 : Packed 114 adder and 0 SEQ to BLE.
SYN-4007 : Packing 0 gate4 to BLE ...
SYN-4008 : Packed 0 gate4 and 0 SEQ to BLE.
SYN-4012 : Packed 0 FxMUX
RUN-1002 : start command "legalize_phy_inst"
SYN-1011 : Flatten model rx_top
KIT-1004 : Compile Chipwatcher: Clear obsolete physical data.
RUN-1003 : finish command "compile_watcher" in  1.044811s wall, 0.906250s user + 0.125000s system = 1.031250s CPU (98.7%)

RUN-1004 : used memory is 115 MB, reserved memory is 79 MB, peak memory is 120 MB
RUN-1002 : start command "place"
RUN-1001 : Open license file C:/Anlogic/TD5.6.2/license/Anlogic.lic
RUN-1001 : Print Global Property
RUN-1001 : ---------------------------------------------------------------
RUN-1001 :        Parameters        |  Settings  |  Default Values  |  Note  
RUN-1001 : ---------------------------------------------------------------
RUN-1001 :          message         |  standard  |     standard     |        
RUN-1001 :   mixed_pack_place_flow  |     on     |        on        |        
RUN-1001 :        qor_monitor       |    off     |       off        |        
RUN-1001 :        syn_ip_flow       |    off     |       off        |        
RUN-1001 :          thread          |    auto    |       auto       |        
RUN-1001 : ---------------------------------------------------------------
RUN-1001 : Print Place Property
RUN-1001 : --------------------------------------------------------------
RUN-1001 :        Parameters       |  Settings  |  Default Values  |  Note  
RUN-1001 : --------------------------------------------------------------
RUN-1001 :      detailed_place     |     on     |        on        |        
RUN-1001 :          effort         |   medium   |      medium      |        
RUN-1001 :         fix_hold        |    off     |       off        |        
RUN-1001 :       legalization      |    ori     |       ori        |        
RUN-1001 :      new_spreading      |     on     |        on        |        
RUN-1001 :        opt_timing       |   medium   |      medium      |        
RUN-1001 :   post_clock_route_opt  |    off     |       off        |        
RUN-1001 :       pr_strategy       |     1      |        1         |        
RUN-1001 :        relaxation       |    1.00    |       1.00       |        
RUN-1001 :         retiming        |    off     |       off        |        
RUN-1001 : --------------------------------------------------------------
PHY-3001 : Placer runs in 16 thread(s).
RUN-1002 : start command "legalize_phy_inst"
SYN-1011 : Flatten model rx_top
SYN-5055 WARNING: The kept net U2/BPS_CLK_n will be merged to another kept net BPS_CLK
SYN-5055 WARNING: The kept net U6/BPS_CLK will be merged to another kept net BPS_CLK
SYN-5055 WARNING: The kept net U1/CLK will be merged to another kept net CLK_500K
SYN-5055 WARNING: The kept net U3/isCount will be merged to another kept net Count_Sig
SYN-5055 WARNING: The kept net U2/Count_Sig will be merged to another kept net Count_Sig
SYN-5055 WARNING: The kept net U3/isDone will be merged to another kept net RX_Done_Sig
SYN-5055 WARNING: The kept net U4/RX_Done_Sig will be merged to another kept net RX_Done_Sig
SYN-5055 WARNING: The kept net U6/TX_En_Sig will be merged to another kept net TX_Data_Valid
SYN-5055 WARNING: The kept net U1/neg_sig_n will be merged to another kept net neg_sig
SYN-5055 WARNING: The kept net U3/neg_sig will be merged to another kept net neg_sig
RUN-1002 : start command "phys_opt -simplify_lut"
SYN-4016 : Net config_inst_syn_10 driven by BUFG (277 clock/control pins, 0 other pins).
SYN-4024 : Net "CLK_500K" drives clk pins.
SYN-4024 : Net "CLK_dup_1" drives clk pins.
SYN-4024 : Net "U5/SingleNum_n" drives clk pins.
SYN-4025 : Tag rtl::Net CLK_500K as clock net
SYN-4025 : Tag rtl::Net CLK_dup_1 as clock net
SYN-4025 : Tag rtl::Net U5/SingleNum_n as clock net
SYN-4025 : Tag rtl::Net config_inst_syn_10 as clock net
SYN-4026 : Tagged 4 rtl::Net as clock net
SYN-4015 : Create BUFG instance for clk Net CLK_500K to drive 164 clock pins.
SYN-4015 : Create BUFG instance for clk Net U5/SingleNum_n to drive 8 clock pins.
PHY-1001 : Populate physical database on model rx_top.
RUN-1001 : There are total 967 instances
RUN-0007 : 348 luts, 462 seqs, 75 mslices, 47 lslices, 25 pads, 4 brams, 0 dsps
RUN-1001 : There are total 1129 nets
RUN-1001 : 594 nets have 2 pins
RUN-1001 : 450 nets have [3 - 5] pins
RUN-1001 : 49 nets have [6 - 10] pins
RUN-1001 : 25 nets have [11 - 20] pins
RUN-1001 : 3 nets have [21 - 99] pins
RUN-1001 : 8 nets have 100+ pins
RUN-1001 : Report Control nets information:
RUN-1001 : DFF Distribution
RUN-1001 : ----------------------------------
RUN-1001 :   CE   |  SSR  |  ASR  |  DFF Count  
RUN-1001 : ----------------------------------
RUN-1001 :   No   |  No   |  No   |     24      
RUN-1001 :   No   |  No   |  Yes  |     165     
RUN-1001 :   No   |  Yes  |  No   |      0      
RUN-1001 :   Yes  |  No   |  No   |      0      
RUN-1001 :   Yes  |  No   |  Yes  |     273     
RUN-1001 :   Yes  |  Yes  |  No   |      0      
RUN-1001 : ----------------------------------
RUN-0007 : Control Group Statistic
RUN-0007 : ---------------------------
RUN-0007 :   #CLK  |  #CE  |  #SSR/ASR  
RUN-0007 : ---------------------------
RUN-0007 :    4    |   4   |     5      
RUN-0007 : ---------------------------
RUN-0007 : Control Set = 11
PHY-3001 : Initial placement ...
PHY-3001 : design contains 965 instances, 348 luts, 462 seqs, 122 slices, 23 macros(122 instances: 75 mslices 47 lslices)
PHY-0007 : Cell area utilization is 3%
PHY-3001 : Global placement ...
PHY-3001 : Initial: Len = 271196
PHY-3001 : Clustering ...
PHY-3001 : Level 0 #clusters 965.
PHY-3001 : End clustering;  0.000045s wall, 0.000000s user + 0.000000s system = 0.000000s CPU (n/a%)

PHY-3001 : Run with size of 4
PHY-3001 : Cell area utilization is 3%
PHY-3001 : :::0::: Try harder cell spreading with beta_ = 0
PHY-3002 : Step(1): len = 172322, overlap = 2.25
PHY-3002 : Step(2): len = 124003, overlap = 2.25
PHY-3002 : Step(3): len = 92828.8, overlap = 9
PHY-3002 : Step(4): len = 77255.8, overlap = 9
PHY-3002 : Step(5): len = 66064, overlap = 9
PHY-3002 : Step(6): len = 56952.7, overlap = 9
PHY-3002 : Step(7): len = 47646.4, overlap = 9
PHY-3002 : Step(8): len = 42828.6, overlap = 9
PHY-3002 : Step(9): len = 36951.7, overlap = 9
PHY-3002 : Step(10): len = 35332.4, overlap = 9
PHY-3002 : Step(11): len = 30897.3, overlap = 9
PHY-3002 : Step(12): len = 27733.3, overlap = 9
PHY-3002 : Step(13): len = 27458.2, overlap = 9
PHY-3002 : Step(14): len = 24601.5, overlap = 9
PHY-3001 : :::1::: Try harder cell spreading with beta_ = 2.91138e-05
PHY-3002 : Step(15): len = 25461.2, overlap = 6.75
PHY-3002 : Step(16): len = 25668, overlap = 9
PHY-3002 : Step(17): len = 24610, overlap = 9
PHY-3002 : Step(18): len = 24591.5, overlap = 4.5
PHY-3002 : Step(19): len = 24559.9, overlap = 4.5
PHY-3002 : Step(20): len = 24074.9, overlap = 4.5
PHY-3002 : Step(21): len = 23972.9, overlap = 4.5
PHY-3002 : Step(22): len = 23326.8, overlap = 6.75
PHY-3002 : Step(23): len = 23196, overlap = 6.75
PHY-3002 : Step(24): len = 23053.9, overlap = 4.59375
PHY-3002 : Step(25): len = 22978.6, overlap = 2.375
PHY-3002 : Step(26): len = 22247.5, overlap = 6.75
PHY-3002 : Step(27): len = 21644.8, overlap = 7.21875
PHY-3002 : Step(28): len = 21772.7, overlap = 7.90625
PHY-3002 : Step(29): len = 21324.9, overlap = 3.34375
PHY-3002 : Step(30): len = 21272.7, overlap = 3.40625
PHY-3002 : Step(31): len = 20673, overlap = 10.25
PHY-3002 : Step(32): len = 20485.2, overlap = 10.25
PHY-3002 : Step(33): len = 20224.6, overlap = 10.25
PHY-3001 : :::2::: Try harder cell spreading with beta_ = 5.82276e-05
PHY-3002 : Step(34): len = 20486.9, overlap = 5.75
PHY-3002 : Step(35): len = 20478.6, overlap = 5.75
PHY-3002 : Step(36): len = 20470, overlap = 5.75
PHY-3001 : :::3::: Try harder cell spreading with beta_ = 0.000116455
PHY-3002 : Step(37): len = 20382.6, overlap = 5.75
PHY-3002 : Step(38): len = 20332.7, overlap = 5.75
PHY-3001 : Legalization ...
PHY-3001 : End legalization;  0.004954s wall, 0.015625s user + 0.000000s system = 0.015625s CPU (315.4%)

PHY-3001 : Run with size of 4
PHY-3001 : Cell area utilization is 3%
PHY-3001 : :::0::: Try harder cell spreading with beta_ = 0
PHY-3002 : Step(39): len = 20546.2, overlap = 17.6562
PHY-3002 : Step(40): len = 20646.2, overlap = 17.6562
PHY-3002 : Step(41): len = 20462.1, overlap = 19.2812
PHY-3002 : Step(42): len = 20812.4, overlap = 19.4062
PHY-3002 : Step(43): len = 19447.2, overlap = 22.75
PHY-3002 : Step(44): len = 19401.9, overlap = 24.7812
PHY-3002 : Step(45): len = 19611.5, overlap = 24.4688
PHY-3002 : Step(46): len = 18732.5, overlap = 20.3125
PHY-3002 : Step(47): len = 18882.7, overlap = 20.0625
PHY-3002 : Step(48): len = 18969.1, overlap = 20.125
PHY-3001 : :::1::: Try harder cell spreading with beta_ = 5.70545e-05
PHY-3002 : Step(49): len = 18257.5, overlap = 21.1875
PHY-3002 : Step(50): len = 18376.2, overlap = 21.3125
PHY-3002 : Step(51): len = 18376.2, overlap = 21.3125
PHY-3001 : :::2::: Try harder cell spreading with beta_ = 0.000114109
PHY-3002 : Step(52): len = 18397.2, overlap = 25.5312
PHY-3002 : Step(53): len = 18677.8, overlap = 24.875
PHY-3001 : Run with size of 2
PHY-3001 : Cell area utilization is 3%
PHY-3001 : :::0::: Try harder cell spreading with beta_ = 1.49431e-05
PHY-3002 : Step(54): len = 18716.2, overlap = 44.75
PHY-3002 : Step(55): len = 18825.6, overlap = 44.0312
PHY-3002 : Step(56): len = 19600.1, overlap = 42.5312
PHY-3002 : Step(57): len = 19801.7, overlap = 41.8438
PHY-3002 : Step(58): len = 19235, overlap = 39.4062
PHY-3002 : Step(59): len = 19310.1, overlap = 38.5312
PHY-3002 : Step(60): len = 19353, overlap = 35.5
PHY-3001 : :::1::: Try harder cell spreading with beta_ = 2.98861e-05
PHY-3002 : Step(61): len = 19140.9, overlap = 35.7188
PHY-3002 : Step(62): len = 19208.5, overlap = 35.9688
PHY-3002 : Step(63): len = 19295.9, overlap = 36.0312
PHY-3001 : :::2::: Try harder cell spreading with beta_ = 5.97723e-05
PHY-3002 : Step(64): len = 20249.6, overlap = 26.1875
PHY-3002 : Step(65): len = 20370.6, overlap = 26.0312
PHY-3002 : Step(66): len = 20029.8, overlap = 26.4688
PHY-3002 : Step(67): len = 20018.7, overlap = 26.1562
PHY-3002 : Step(68): len = 19845.6, overlap = 27.2188
OPT-1001 : Start physical optimization ...
OPT-1001 : Total overflow 61.28 peak overflow 4.00
OPT-1001 : Start high-fanout net optimization ...
OPT-1001 : Update timing in global mode
PHY-1001 : Start incremental global routing, caller is place ...
RUN-1001 : Generating global routing grids ...
RUN-1001 : Building simple global routing graph ...
PHY-1001 : Generate routing nets ...
PHY-1001 : Reuse net number 0/1129.
PHY-1001 : Global iterations in 16 thread ...
PHY-1002 : len = 23408, over cnt = 102(0%), over = 415, worst = 15
PHY-1001 : End global iterations;  0.056091s wall, 0.015625s user + 0.031250s system = 0.046875s CPU (83.6%)

PHY-1001 : Congestion index: top1 = 28.51, top5 = 13.70, top10 = 8.11, top15 = 5.54.
PHY-1001 : End incremental global routing;  0.116626s wall, 0.078125s user + 0.031250s system = 0.109375s CPU (93.8%)

RUN-1002 : start command "start_timer -report"
TMR-5001 WARNING: No sdc constraints found while initiating timer.
TMR-2505 : Start building timing graph for model rx_top.
TMR-2506 : Build timing graph completely. Port num: 8, tpin num: 4659, tnet num: 1127, tinst num: 965, tnode num: 6346, tedge num: 7629.
TMR-2508 : Levelizing timing graph completed, there are 29 levels in total.
TMR-2501 : Timing graph initialized successfully.
OPT-1001 : End timing update;  0.152801s wall, 0.140625s user + 0.015625s system = 0.156250s CPU (102.3%)

OPT-1001 : 0 high-fanout net processed.
OPT-1001 : End high-fanout net optimization;  0.285244s wall, 0.234375s user + 0.046875s system = 0.281250s CPU (98.6%)

OPT-1001 : Current memory(MB): used = 170, reserve = 133, peak = 170.
OPT-1001 : End physical optimization;  0.296868s wall, 0.234375s user + 0.078125s system = 0.312500s CPU (105.3%)

PHY-3001 : Start packing ...
SYN-4007 : Packing 0 MUX to BLE ...
SYN-4008 : Packed 0 MUX and 0 SEQ to BLE.
SYN-4007 : Packing 348 LUT to BLE ...
SYN-4008 : Packed 348 LUT and 111 SEQ to BLE.
SYN-4003 : Packing 351 remaining SEQ's ...
SYN-4005 : Packed 192 SEQ with LUT/SLICE
SYN-4006 : 71 single LUT's are left
SYN-4006 : 159 single SEQ's are left
SYN-4011 : Packing model "rx_top" (AL_USER_NORMAL) with 507/676 primitive instances ...
PHY-3001 : End packing;  0.034068s wall, 0.046875s user + 0.000000s system = 0.046875s CPU (137.6%)

PHY-1001 : Populate physical database on model rx_top.
RUN-1001 : There are total 441 instances
RUN-1001 : 203 mslices, 203 lslices, 25 pads, 4 brams, 0 dsps
RUN-1001 : There are total 1021 nets
RUN-1001 : 450 nets have 2 pins
RUN-1001 : 481 nets have [3 - 5] pins
RUN-1001 : 54 nets have [6 - 10] pins
RUN-1001 : 24 nets have [11 - 20] pins
RUN-1001 : 7 nets have [21 - 99] pins
RUN-1001 : 5 nets have 100+ pins
PHY-3001 : design contains 439 instances, 406 slices, 23 macros(122 instances: 75 mslices 47 lslices)
PHY-3001 : Cell area utilization is 5%
PHY-3001 : After packing: Len = 20746.2, Over = 35.5
PHY-3001 : Run with size of 2
PHY-3001 : Cell area utilization is 5%
PHY-3001 : :::0::: Try harder cell spreading with beta_ = 1.12917e-05
PHY-3002 : Step(69): len = 20377.3, overlap = 35.75
PHY-3002 : Step(70): len = 20491.7, overlap = 35.75
PHY-3002 : Step(71): len = 20474.6, overlap = 36
PHY-3001 : :::1::: Try harder cell spreading with beta_ = 2.25833e-05
PHY-3002 : Step(72): len = 20325.3, overlap = 35
PHY-3002 : Step(73): len = 20466.9, overlap = 35.75
PHY-3002 : Step(74): len = 20532.7, overlap = 35.75
PHY-3001 : :::2::: Try harder cell spreading with beta_ = 4.51666e-05
PHY-3002 : Step(75): len = 21312.6, overlap = 30.75
PHY-3002 : Step(76): len = 21650.6, overlap = 31.5
PHY-3002 : Step(77): len = 22180.3, overlap = 31.25
PHY-3002 : Step(78): len = 21688.4, overlap = 30.75
PHY-3002 : Step(79): len = 21671.7, overlap = 31.25
PHY-3002 : Step(80): len = 21606.2, overlap = 31.25
PHY-3001 : Legalization ...
PHY-3001 : End legalization;  0.110351s wall, 0.078125s user + 0.281250s system = 0.359375s CPU (325.7%)

PHY-3001 : Trial Legalized: Len = 32237.1
PHY-3001 : Run with size of 2
PHY-3001 : Cell area utilization is 5%
PHY-3001 : :::0::: Try harder cell spreading with beta_ = 0.000590319
PHY-3002 : Step(81): len = 27511.2, overlap = 6
PHY-3002 : Step(82): len = 26725.3, overlap = 8.25
PHY-3002 : Step(83): len = 25333.5, overlap = 9.25
PHY-3002 : Step(84): len = 24753.9, overlap = 11.25
PHY-3002 : Step(85): len = 24139.6, overlap = 11
PHY-3002 : Step(86): len = 23961.8, overlap = 11.75
PHY-3002 : Step(87): len = 23980.7, overlap = 12.25
PHY-3001 : :::1::: Try harder cell spreading with beta_ = 0.00118064
PHY-3002 : Step(88): len = 24000.4, overlap = 10.75
PHY-3002 : Step(89): len = 24002.7, overlap = 11
PHY-3001 : :::2::: Try harder cell spreading with beta_ = 0.00236128
PHY-3002 : Step(90): len = 24017, overlap = 11.25
PHY-3002 : Step(91): len = 24017, overlap = 11.25
PHY-3001 : Legalization ...
PHY-3001 : End legalization;  0.004188s wall, 0.015625s user + 0.000000s system = 0.015625s CPU (373.1%)

PHY-3001 : Legalized: Len = 28417.4, Over = 0
PHY-3001 : Spreading special nets. 7 overflows in 2952 tiles.
PHY-3001 : End spreading;  0.004382s wall, 0.000000s user + 0.000000s system = 0.000000s CPU (n/a%)

PHY-3001 : 11 instances has been re-located, deltaX = 3, deltaY = 8, maxDist = 1.
PHY-3001 : Final: Len = 28783.4, Over = 0
OPT-1001 : Start physical optimization ...
OPT-1001 : Total overflow 0.00 peak overflow 0.00
OPT-1001 : Start high-fanout net optimization ...
OPT-1001 : Update timing in global mode
PHY-1001 : Start incremental global routing, caller is place ...
RUN-1001 : Generating global routing grids ...
PHY-1001 : Generate routing nets ...
PHY-1001 : Reuse net number 52/1021.
PHY-1001 : Global iterations in 16 thread ...
PHY-1002 : len = 34216, over cnt = 112(0%), over = 169, worst = 5
PHY-1002 : len = 34664, over cnt = 72(0%), over = 103, worst = 4
PHY-1002 : len = 36064, over cnt = 0(0%), over = 0, worst = 0
PHY-1001 : End global iterations;  0.096541s wall, 0.156250s user + 0.046875s system = 0.203125s CPU (210.4%)

PHY-1001 : Congestion index: top1 = 26.10, top5 = 17.87, top10 = 11.59, top15 = 8.22.
PHY-1001 : End incremental global routing;  0.164966s wall, 0.187500s user + 0.062500s system = 0.250000s CPU (151.5%)

RUN-1002 : start command "start_timer -report"
TMR-5001 WARNING: No sdc constraints found while initiating timer.
TMR-2505 : Start building timing graph for model rx_top.
TMR-2506 : Build timing graph completely. Port num: 8, tpin num: 4007, tnet num: 1019, tinst num: 439, tnode num: 5177, tedge num: 6751.
TMR-2508 : Levelizing timing graph completed, there are 29 levels in total.
TMR-2501 : Timing graph initialized successfully.
OPT-1001 : End timing update;  0.151439s wall, 0.156250s user + 0.000000s system = 0.156250s CPU (103.2%)

OPT-1001 : 0 high-fanout net processed.
OPT-1001 : End high-fanout net optimization;  0.331363s wall, 0.359375s user + 0.062500s system = 0.421875s CPU (127.3%)

OPT-1001 : Current memory(MB): used = 172, reserve = 136, peak = 172.
OPT-1001 : Update timing in Manhattan mode
OPT-1001 : End timing update;  0.001205s wall, 0.000000s user + 0.000000s system = 0.000000s CPU (n/a%)

OPT-1001 : Start pin optimization...
OPT-1001 : skip pin optimization...
RUN-1001 : Generating global routing grids ...
PHY-1001 : Generate routing nets ...
PHY-1001 : Reuse net number 874/1021.
PHY-1001 : Global iterations in 16 thread ...
PHY-1002 : len = 36064, over cnt = 0(0%), over = 0, worst = 0
PHY-1001 : End global iterations;  0.003798s wall, 0.000000s user + 0.000000s system = 0.000000s CPU (n/a%)

PHY-1001 : Congestion index: top1 = 26.10, top5 = 17.87, top10 = 11.59, top15 = 8.22.
OPT-1001 : Update timing in Manhattan mode
OPT-1001 : End timing update;  0.001970s wall, 0.000000s user + 0.000000s system = 0.000000s CPU (n/a%)

RUN-1001 : QoR Analysis:
OPT-0007 :   WNS 2147483647 TNS 0 NUM_FEPS 0
RUN-1001 :   No local congestion issue, and most congested 1% tile average routing util is 25.655172
RUN-1001 :   Top critical paths
OPT-1001 : End physical optimization;  0.404239s wall, 0.421875s user + 0.125000s system = 0.546875s CPU (135.3%)

RUN-1003 : finish command "place" in  3.467859s wall, 4.265625s user + 5.156250s system = 9.421875s CPU (271.7%)

RUN-1004 : used memory is 156 MB, reserved memory is 119 MB, peak memory is 173 MB
RUN-1002 : start command "export_db rx_top_place.db"
RUN-1001 : Exported /
RUN-1001 : Exported flow parameters
RUN-1001 : Exported libs
RUN-1001 : Exported entities
RUN-1001 : Exported ports
RUN-1001 : Exported pins
RUN-1001 : Exported instances
RUN-1001 : Exported nets
RUN-1001 : Exported buses
RUN-1001 : Exported models
RUN-1001 : Exported congestions
RUN-1001 : Exported violations
RUN-1001 : Exported IO constraints
RUN-1001 : Exported Inst constraints
RUN-1001 : Exported ChipWatcher
RUN-1002 : start command "route"
RUN-1001 : Open license file C:/Anlogic/TD5.6.2/license/Anlogic.lic
RUN-1001 : Print Global Property
RUN-1001 : ---------------------------------------------------------------
RUN-1001 :        Parameters        |  Settings  |  Default Values  |  Note  
RUN-1001 : ---------------------------------------------------------------
RUN-1001 :          message         |  standard  |     standard     |        
RUN-1001 :   mixed_pack_place_flow  |     on     |        on        |        
RUN-1001 :        qor_monitor       |    off     |       off        |        
RUN-1001 :        syn_ip_flow       |    off     |       off        |        
RUN-1001 :          thread          |    auto    |       auto       |        
RUN-1001 : ---------------------------------------------------------------
RUN-1001 : Print Route Property
RUN-1001 : -------------------------------------------------------
RUN-1001 :    Parameters    |  Settings  |  Default Values  |  Note  
RUN-1001 : -------------------------------------------------------
RUN-1001 :      effort      |   medium   |      medium      |        
RUN-1001 :     fix_hold     |    off     |       off        |        
RUN-1001 :    opt_timing    |   medium   |      medium      |        
RUN-1001 :   phy_sim_model  |    off     |       off        |        
RUN-1001 :     priority     |   timing   |      timing      |        
RUN-1001 :     swap_pin     |     on     |        on        |        
RUN-1001 : -------------------------------------------------------
PHY-1001 : Route runs in 16 thread(s)
RUN-1001 : There are total 441 instances
RUN-1001 : 203 mslices, 203 lslices, 25 pads, 4 brams, 0 dsps
RUN-1001 : There are total 1021 nets
RUN-1001 : 450 nets have 2 pins
RUN-1001 : 481 nets have [3 - 5] pins
RUN-1001 : 54 nets have [6 - 10] pins
RUN-1001 : 24 nets have [11 - 20] pins
RUN-1001 : 7 nets have [21 - 99] pins
RUN-1001 : 5 nets have 100+ pins
RUN-1002 : start command "start_timer -report"
TMR-5001 WARNING: No sdc constraints found while initiating timer.
TMR-2505 : Start building timing graph for model rx_top.
TMR-2506 : Build timing graph completely. Port num: 8, tpin num: 4007, tnet num: 1019, tinst num: 439, tnode num: 5177, tedge num: 6751.
TMR-2508 : Levelizing timing graph completed, there are 29 levels in total.
TMR-2501 : Timing graph initialized successfully.
PHY-1001 : 203 mslices, 203 lslices, 25 pads, 4 brams, 0 dsps
TMR-2503 : Start to update net delay, extr mode = 3.
TMR-2504 : Update delay of 1019 nets completely.
TMR-2502 : Annotate delay completely, extr mode = 3.
TMR-3002 : No user constraint, initiate default constraint.
TMR-1501 : Assign derive clock DeriveClock to 550 clock pins, and constraint 1170 relative nodes.
TMR-3003 : Constraints initiated successfully.
TMR-3501 : Forward propagation: start to calculate arrival time...
TMR-3502 : Backward propagation: start to calculate required time...
TMR-3503 : Timing propagation completes.
PHY-1001 : Start global routing, caller is route ...
RUN-1001 : Generating global routing grids ...
PHY-1001 : Generate routing nets ...
PHY-1001 : Global iterations in 16 thread ...
PHY-1002 : len = 33824, over cnt = 110(0%), over = 162, worst = 5
PHY-1002 : len = 34256, over cnt = 71(0%), over = 102, worst = 3
PHY-1002 : len = 35712, over cnt = 2(0%), over = 2, worst = 1
PHY-1002 : len = 35712, over cnt = 0(0%), over = 0, worst = 0
PHY-1001 : End global iterations;  0.106759s wall, 0.156250s user + 0.078125s system = 0.234375s CPU (219.5%)

PHY-1001 : Congestion index: top1 = 25.71, top5 = 17.68, top10 = 11.46, top15 = 8.12.
PHY-1001 : End global routing;  0.158682s wall, 0.203125s user + 0.078125s system = 0.281250s CPU (177.2%)

PHY-1001 : Start detail routing ...
PHY-1001 : Current memory(MB): used = 201, reserve = 165, peak = 213.
PHY-1001 : Detailed router is running in normal mode.
PHY-1001 : Generate detailed routing grids ...
PHY-1001 : Processed IO instance DigitronCS_Out[3]_syn_2 with INV attribute.
PHY-1001 : Processed IO instance DigitronCS_Out[2]_syn_2 with INV attribute.
PHY-1001 : Processed IO instance DigitronCS_Out[1]_syn_2 with INV attribute.
PHY-1001 : Processed IO instance DigitronCS_Out[0]_syn_2 with INV attribute.
PHY-1001 : Generate nets ...
PHY-1001 : net CLK_dup_1 will be routed on clock mesh
PHY-1001 : clock net CLK_500K_syn_8 will be merged with clock CLK_500K
PHY-1001 : clock net U5/SingleNum_n_syn_3 will be merged with clock U5/SingleNum_n
PHY-1001 : clock net config_inst_syn_10 will be merged with clock config_inst_syn_9
PHY-1001 : Current memory(MB): used = 465, reserve = 433, peak = 465.
PHY-1001 : End build detailed router design. 3.136477s wall, 3.078125s user + 0.062500s system = 3.140625s CPU (100.1%)

PHY-1001 : Detail Route ...
PHY-1001 : ===== Detail Route Phase 1 =====
PHY-1001 : Clock net routing.....
PHY-1001 : Routed 0% nets.
PHY-1022 : len = 27768, over cnt = 0(0%), over = 0, worst = 0, crit = 0
PHY-1001 : End initial clock net routed; 1.074939s wall, 1.078125s user + 0.000000s system = 1.078125s CPU (100.3%)

PHY-1001 : Current memory(MB): used = 496, reserve = 466, peak = 496.
PHY-1001 : End phase 1; 1.082677s wall, 1.078125s user + 0.000000s system = 1.078125s CPU (99.6%)

PHY-1001 : ===== Detail Route Phase 2 =====
PHY-1001 : Initial routing.....
PHY-1001 : Routed 30% nets.
PHY-1001 : Routed 39% nets.
PHY-1001 : Routed 49% nets.
PHY-1001 : Routed 64% nets.
PHY-1001 : Routed 87% nets.
PHY-1022 : len = 146920, over cnt = 23(0%), over = 23, worst = 1, crit = 0
PHY-1001 : Current memory(MB): used = 497, reserve = 466, peak = 497.
PHY-1001 : End initial routed; 1.366883s wall, 1.671875s user + 0.187500s system = 1.859375s CPU (136.0%)

PHY-1001 : Current memory(MB): used = 497, reserve = 466, peak = 497.
PHY-1001 : End phase 2; 1.366971s wall, 1.671875s user + 0.187500s system = 1.859375s CPU (136.0%)

PHY-1001 : ===== Detail Route Phase 3 =====
PHY-1001 : Ripup-reroute.....
PHY-1001 : ===== DR Iter 1 =====
PHY-1022 : len = 146888, over cnt = 2(0%), over = 2, worst = 1, crit = 0
PHY-1001 : End DR Iter 1; 0.021461s wall, 0.031250s user + 0.000000s system = 0.031250s CPU (145.6%)

PHY-1001 : ===== DR Iter 2 =====
PHY-1022 : len = 146896, over cnt = 0(0%), over = 0, worst = 0, crit = 0
PHY-1001 : End DR Iter 2; 0.013670s wall, 0.015625s user + 0.000000s system = 0.015625s CPU (114.3%)

PHY-1001 : Commit to database.....
PHY-1001 : 3 feed throughs used by 3 nets
PHY-1001 : End commit to database; 0.097086s wall, 0.093750s user + 0.000000s system = 0.093750s CPU (96.6%)

PHY-1001 : Current memory(MB): used = 509, reserve = 477, peak = 509.
PHY-1001 : End phase 3; 0.235212s wall, 0.234375s user + 0.000000s system = 0.234375s CPU (99.6%)

PHY-1003 : Routed, final wirelength = 146896
PHY-1001 : Current memory(MB): used = 509, reserve = 478, peak = 509.
PHY-1001 : End export database. 0.007683s wall, 0.000000s user + 0.000000s system = 0.000000s CPU (n/a%)

PHY-1001 : End detail routing;  6.024150s wall, 6.218750s user + 0.281250s system = 6.500000s CPU (107.9%)

RUN-1003 : finish command "route" in  6.413741s wall, 6.656250s user + 0.359375s system = 7.015625s CPU (109.4%)

RUN-1004 : used memory is 446 MB, reserved memory is 415 MB, peak memory is 509 MB
RUN-1002 : start command "report_area -io_info -file rx_top_phy.area"
RUN-1001 : standard
***Report Model: rx_top Device: EG4S20BG256***

IO Statistics
#IO                        25
  #input                    4
  #output                  21
  #inout                    0

Utilization Statistics
#lut                      613   out of  19600    3.13%
#reg                      462   out of  19600    2.36%
#le                       772
  #lut only               310   out of    772   40.16%
  #reg only               159   out of    772   20.60%
  #lut&reg                303   out of    772   39.25%
#dsp                        0   out of     29    0.00%
#bram                       4   out of     64    6.25%
  #bram9k                   4
  #fifo9k                   0
#bram32k                    0   out of     16    0.00%
#pad                       25   out of    188   13.30%
  #ireg                     1
  #oreg                    12
  #treg                     0
#pll                        0   out of      4    0.00%
#gclk                       3   out of     16   18.75%

Clock Resource Statistics
Index     ClockNet             Type               DriverType         Driver                     Fanout
#1        config_inst_syn_9    GCLK               config             config_inst.jtck           149
#2        CLK_500K             GCLK               lslice             CLK_500K_reg_syn_5.q1      107
#3        CLK_dup_1            GCLK               io                 CLK_syn_2.di               17
#4        U5/SingleNum_n       GCLK               lslice             U5/SingleNum_n_syn_7.f0    6


Detailed IO Report

        Name           Direction    Location    IOStandard    DriveStrength    PullType    PackReg  
         CLK             INPUT         R7        LVCMOS33          N/A          PULLUP      NONE    
        RSTn             INPUT         A9        LVCMOS33          N/A          PULLUP      NONE    
      RX_En_Sig          INPUT        A10        LVCMOS33          N/A          PULLUP      NONE    
      RX_Pin_In          INPUT        F12        LVCMOS33          N/A          PULLUP      IREG    
  DigitronCS_Out[3]     OUTPUT         A3        LVCMOS33           8            NONE       OREG    
  DigitronCS_Out[2]     OUTPUT         A5        LVCMOS33           8            NONE       OREG    
  DigitronCS_Out[1]     OUTPUT         B6        LVCMOS33           8            NONE       OREG    
  DigitronCS_Out[0]     OUTPUT         C9        LVCMOS33           8            NONE       OREG    
   Digitron_Out[7]      OUTPUT         C8        LVCMOS33           8            NONE       NONE    
   Digitron_Out[6]      OUTPUT         A8        LVCMOS33           8            NONE       NONE    
   Digitron_Out[5]      OUTPUT         B5        LVCMOS33           8            NONE       NONE    
   Digitron_Out[4]      OUTPUT         A7        LVCMOS33           8            NONE       NONE    
   Digitron_Out[3]      OUTPUT         E8        LVCMOS33           8            NONE       NONE    
   Digitron_Out[2]      OUTPUT         B8        LVCMOS33           8            NONE       NONE    
   Digitron_Out[1]      OUTPUT         A6        LVCMOS33           8            NONE       NONE    
   Digitron_Out[0]      OUTPUT         A4        LVCMOS33           8            NONE       NONE    
     LED_Out[7]         OUTPUT        F16        LVCMOS33           8            NONE       OREG    
     LED_Out[6]         OUTPUT        E16        LVCMOS33           8            NONE       OREG    
     LED_Out[5]         OUTPUT        E13        LVCMOS33           8            NONE       OREG    
     LED_Out[4]         OUTPUT        C16        LVCMOS33           8            NONE       OREG    
     LED_Out[3]         OUTPUT        C15        LVCMOS33           8            NONE       OREG    
     LED_Out[2]         OUTPUT        B16        LVCMOS33           8            NONE       OREG    
     LED_Out[1]         OUTPUT        B15        LVCMOS33           8            NONE       OREG    
     LED_Out[0]         OUTPUT        B14        LVCMOS33           8            NONE       OREG    
     TX_Pin_Out         OUTPUT        D12        LVCMOS33           8            NONE       NONE    

Report Hierarchy Area:
+---------------------------------------------------------------------------------------------------------------+
|Instance                             |Module              |le     |lut     |ripple  |seq     |bram    |dsp     |
+---------------------------------------------------------------------------------------------------------------+
|top                                  |rx_top              |772    |491     |122     |475     |4       |0       |
|  U1                                 |detect_module       |1      |0       |0       |1       |0       |0       |
|  U2                                 |rx_bps_module       |23     |19      |4       |14      |0       |0       |
|  U3                                 |rx_control_module   |33     |33      |0       |14      |0       |0       |
|  U5                                 |Digitron_NumDisplay |114    |94      |18      |22      |0       |0       |
|  cw_top                             |CW_TOP_WRAPPER      |576    |328     |93      |399     |0       |0       |
|    wrapper_cwc_top                  |cwc_top             |576    |328     |93      |399     |0       |0       |
|      cfg_int_inst                   |cwc_cfg_int         |261    |125     |0       |261     |0       |0       |
|        reg_inst                     |register            |258    |122     |0       |258     |0       |0       |
|        tap_inst                     |tap                 |3      |3       |0       |3       |0       |0       |
|      trigger_inst                   |trigger             |315    |203     |93      |138     |0       |0       |
|        bus_inst                     |bus_top             |99     |61      |32      |44      |0       |0       |
|          BUS_DETECTOR[10]$bus_nodes |bus_det             |1      |1       |0       |1       |0       |0       |
|          BUS_DETECTOR[1]$bus_nodes  |bus_det             |15     |9       |6       |6       |0       |0       |
|          BUS_DETECTOR[2]$bus_nodes  |bus_det             |44     |28      |16      |15      |0       |0       |
|          BUS_DETECTOR[3]$bus_nodes  |bus_det             |2      |2       |0       |2       |0       |0       |
|          BUS_DETECTOR[4]$bus_nodes  |bus_det             |2      |2       |0       |2       |0       |0       |
|          BUS_DETECTOR[5]$bus_nodes  |bus_det             |2      |2       |0       |2       |0       |0       |
|          BUS_DETECTOR[7]$bus_nodes  |bus_det             |3      |3       |0       |3       |0       |0       |
|          BUS_DETECTOR[8]$bus_nodes  |bus_det             |26     |10      |10      |9       |0       |0       |
|          BUS_DETECTOR[9]$bus_nodes  |bus_det             |4      |4       |0       |4       |0       |0       |
|        emb_ctrl_inst                |emb_ctrl            |113    |84      |29      |55      |0       |0       |
+---------------------------------------------------------------------------------------------------------------+


DataNet Average Fanout:

   Index     Fanout     Nets  
    #1          1       425   
    #2          2       371   
    #3          3        71   
    #4          4        39   
    #5        5-10       53   
    #6        11-50      27   
    #7       51-100      3    
    #8       101-500     1    
  Average     2.71            

RUN-1002 : start command "export_db rx_top_pr.db"
RUN-1001 : Exported /
RUN-1001 : Exported flow parameters
RUN-1001 : Exported libs
RUN-1001 : Exported entities
RUN-1001 : Exported ports
RUN-1001 : Exported pins
RUN-1001 : Exported instances
RUN-1001 : Exported nets
RUN-1001 : Exported buses
RUN-1001 : Exported models
RUN-1001 : Exported congestions
RUN-1001 : Exported violations
RUN-1001 : Exported IO constraints
RUN-1001 : Exported Inst constraints
RUN-1001 : Exported ChipWatcher
RUN-1002 : start command "export_bid rx_top_inst.bid"
PRG-1000 : <!-- HMAC is: 6fabf81a8d9083317151736d0830268f9b9270b6a36dc4759db935e4966f46ca -->
RUN-1002 : start command "bitgen -bit rx_top.bit -unused_io_status pulldown"
BIT-1003 : Start to generate bitstream. 
BIT-1002 : Bitgen processed 163 unused pads, reserve input tri_state with pulldown
BIT-1002 : Init instances with 16 threads.
BIT-1002 : Init instances completely, inst num: 602
BIT-1002 : Init pips with 16 threads.
BIT-1002 : Init pips completely, net num: 1021, pip num: 9519
BIT-1002 : Init feedthrough completely, num: 3
BIT-1003 : Multithreading accelaration with 16 threads.
BIT-1003 : Generate bitstream completely, there are 1254 valid insts, and 25753 bits set as '1'.
BIT-1004 : the usercode register value: 00000000111011111001101100011010
BIT-1004 : PLL setting string = 0000
BIT-1004 : Generate bits file rx_top.bit.
RUN-1003 : finish command "bitgen -bit rx_top.bit -unused_io_status pulldown" in  1.695987s wall, 12.906250s user + 0.296875s system = 13.203125s CPU (778.5%)

RUN-1004 : used memory is 450 MB, reserved memory is 426 MB, peak memory is 645 MB
RUN-1002 : start command "backup_run_log run.log ../.logs/phy_1/td_20240827_143556.log"
