============================================================
   Tang Dynasty, V5.6.71036
      Copyright (c) 2012-2023 Anlogic Inc.
   Executable = C:/Anlogic/TD5.6.2/bin/td.exe
   Built at =   20:34:38 Mar 21 2023
   Run by =     Lenovo
   Run Date =   Wed Aug 28 10:27:43 2024

   Run on =     LAPTOP-QRG7LJL6
============================================================
RUN-1002 : start command "open_project rx_top.prj"
RUN-1001 : Print Global Property
RUN-1001 : ---------------------------------------------------------------
RUN-1001 :        Parameters        |  Settings  |  Default Values  |  Note  
RUN-1001 : ---------------------------------------------------------------
RUN-1001 :          message         |  standard  |     standard     |        
RUN-1001 :   mixed_pack_place_flow  |     on     |        on        |        
RUN-1001 :        qor_monitor       |    off     |       off        |        
RUN-1001 :        syn_ip_flow       |    off     |       off        |        
RUN-1001 :          thread          |    auto    |       auto       |        
RUN-1001 : ---------------------------------------------------------------
RUN-1001 : Print Design Property
RUN-1001 : --------------------------------------------------------------
RUN-1001 :        Parameters       |  Settings  |  Default Values  |  Note  
RUN-1001 : --------------------------------------------------------------
RUN-1001 :   default_reg_initial   |    auto    |       auto       |        
RUN-1001 :        infer_add        |     on     |        on        |        
RUN-1001 :        infer_fsm        |    off     |       off        |        
RUN-1001 :        infer_mult       |     on     |        on        |        
RUN-1001 :        infer_ram        |     on     |        on        |        
RUN-1001 :        infer_reg        |     on     |        on        |        
RUN-1001 :   infer_reg_init_value  |     on     |        on        |        
RUN-1001 :        infer_rom        |     on     |        on        |        
RUN-1001 :      infer_shifter      |     on     |        on        |        
RUN-1001 : --------------------------------------------------------------
RUN-1001 : Print Rtl Property
RUN-1001 : --------------------------------------------------------------
RUN-1001 :        Parameters       |  Settings  |  Default Values  |  Note  
RUN-1001 : --------------------------------------------------------------
RUN-1001 :       compress_add      |   ripple   |      ripple      |        
RUN-1001 :        elf_sload        |    off     |       off        |        
RUN-1001 :       fix_undriven      |     0      |        0         |        
RUN-1001 :         flatten         |    off     |       off        |        
RUN-1001 :       gate_sharing      |     on     |        on        |        
RUN-1001 :    hdl_warning_level    |   normal   |      normal      |        
RUN-1001 :   impl_internal_tribuf  |     on     |        on        |        
RUN-1001 :      impl_set_reset     |     on     |        on        |        
RUN-1001 :        infer_gsr        |    off     |       off        |        
RUN-1001 :      keep_hierarchy     |    auto    |       auto       |        
RUN-1001 :        max_fanout       |    9999    |       9999       |        
RUN-1001 :      max_oh2bin_len     |     10     |        10        |        
RUN-1001 :       merge_equal       |     on     |        on        |        
RUN-1001 :       merge_equiv       |     on     |        on        |        
RUN-1001 :        merge_mux        |    off     |       off        |        
RUN-1001 :     min_control_set     |     8      |        8         |        
RUN-1001 :      min_ripple_len     |    auto    |       auto       |        
RUN-1001 :       oh2bin_ratio      |    0.08    |       0.08       |        
RUN-1001 :     opt_adder_fanout    |     on     |        on        |        
RUN-1001 :        opt_arith        |     on     |        on        |        
RUN-1001 :       opt_big_gate      |    off     |       off        |        
RUN-1001 :        opt_const        |     on     |        on        |        
RUN-1001 :      opt_const_mult     |     on     |        on        |        
RUN-1001 :       opt_lessthan      |     on     |        on        |        
RUN-1001 :         opt_mux         |    off     |       off        |        
RUN-1001 :         opt_ram         |    high    |       high       |        
RUN-1001 :      rtl_sim_model      |    off     |       off        |        
RUN-1001 :         seq_syn         |     on     |        on        |        
RUN-1001 : --------------------------------------------------------------
HDL-1007 : analyze verilog file ../../Digitron_NumDisplay.v
HDL-1007 : analyze verilog file ../../LED_display_module.v
HDL-5007 WARNING: empty port in module declaration in ../../LED_display_module.v(3)
HDL-1007 : analyze verilog file ../../detect_module.v
HDL-1007 : analyze verilog file ../../rx_bps_module.v
HDL-1007 : analyze verilog file ../../rx_control_module.v
HDL-1007 : analyze verilog file ../../rx_top.v
HDL-1007 : analyze verilog file ../../tx_control.v
HDL-1007 : analyze verilog file ../../calculate_rx.v
HDL-1007 : analyze verilog file ../../tx_bitrate.v
RUN-1001 : Project manager successfully analyzed 9 source files.
RUN-1002 : start command "import_device eagle_s20.db -package EG4S20BG256"
ARC-1001 : Device Initialization.
ARC-1001 : ------------------------------------------------------------------
ARC-1001 :            OPTION            |          IO          |   SETTING   
ARC-1001 : ------------------------------------------------------------------
ARC-1001 :   cso_b/cclk/mosi/miso/dout  |  T3/R11/T10/P10/S11  |    gpio    
ARC-1001 :             done             |         P13          |    gpio    
ARC-1001 :           program_b          |          T2          |  dedicate  
ARC-1001 :        tdi/tms/tck/tdo       |   C12/A15/C14/E14    |  dedicate  
ARC-1001 : ------------------------------------------------------------------
ARC-1004 : Device setting, marked 5 dedicate IOs in total.
RUN-1002 : start command "import_db ../syn_1/rx_top_gate.db"
RUN-1001 : Importing database generated by Tang Dynasty, V5.6.71036.
RUN-1001 : Database version number 46146.
RUN-1001 : Import flow parameters
RUN-1001 : Import IO constraints
RUN-1001 : Import Inst constraints
RUN-1001 : Import design success TD_VERSION=5.6.71036 , DB_VERSION=46146
RUN-1002 : start command "config_chipwatcher ../../tx.cwc -dir "
RUN-1002 : start command "legalize_phy_inst"
SYN-1011 : Flatten model rx_top
KIT-1004 : ChipWatcher: import watcher inst auto_chipwatcher_0 completed, there are 12 view nodes, 38 trigger nets, 38 data nets.
KIT-1004 : Chipwatcher code = 1010001011001011
RUN-1002 : start command "compile_watcher"
RUN-1002 : start command "read_verilog -no_sch -dir C:/Anlogic/TD5.6.2/cw/ -file rx_top_watcherInst.sv -lib cw -top CW_TOP_WRAPPER"
HDL-1007 : analyze verilog file C:/Anlogic/TD5.6.2/cw\bus_det.v
HDL-1007 : analyze verilog file C:/Anlogic/TD5.6.2/cw\bus_top.sv
HDL-1007 : analyze verilog file C:/Anlogic/TD5.6.2/cw\cfg_int.v
HDL-1007 : analyze verilog file C:/Anlogic/TD5.6.2/cw\cwc_cfg_int.v
HDL-1007 : analyze verilog file C:/Anlogic/TD5.6.2/cw\cwc_top.sv
HDL-1007 : analyze verilog file C:/Anlogic/TD5.6.2/cw\detect_bus.v
HDL-1007 : analyze verilog file C:/Anlogic/TD5.6.2/cw\detect_non_bus.v
HDL-1007 : analyze verilog file C:/Anlogic/TD5.6.2/cw\emb_ctrl.v
HDL-1007 : analyze verilog file C:/Anlogic/TD5.6.2/cw\register.v
HDL-1007 : analyze verilog file C:/Anlogic/TD5.6.2/cw\tap.v
HDL-1007 : analyze verilog file C:/Anlogic/TD5.6.2/cw\trigger.sv
HDL-1007 : analyze verilog file rx_top_watcherInst.sv
HDL-1007 : elaborate module CW_TOP_WRAPPER in rx_top_watcherInst.sv(1)
HDL-1007 : elaborate module cwc_top(BUS_NUM=12,BUS_DIN_NUM=38,BUS_CTRL_NUM=124,BUS_WIDTH='{32'sb01,32'sb0100,32'sb01,32'sb010000,32'sb010,32'sb01000,32'sb01,32'sb01,32'sb01,32'sb01,32'sb01,32'sb01},BUS_DIN_POS='{32'sb0,32'sb01,32'sb0101,32'sb0110,32'sb010110,32'sb011000,32'sb0100000,32'sb0100001,32'sb0100010,32'sb0100011,32'sb0100100,32'sb0100101},BUS_CTRL_POS='{32'sb0,32'sb0110,32'sb010010,32'sb011000,32'sb0111100,32'sb01000100,32'sb01011000,32'sb01011110,32'sb01100100,32'sb01101010,32'sb01110000,32'sb01110110}) in C:/Anlogic/TD5.6.2/cw\cwc_top.sv(21)
HDL-1007 : elaborate module cwc_cfg_int(CTRL_REG_LEN=146) in C:/Anlogic/TD5.6.2/cw\cwc_cfg_int.v(21)
HDL-1007 : elaborate module register(CTRL_REG_LEN=146) in C:/Anlogic/TD5.6.2/cw\register.v(21)
HDL-1007 : elaborate module tap in C:/Anlogic/TD5.6.2/cw\tap.v(21)
HDL-1007 : elaborate module trigger(BUS_NUM=12,BUS_DIN_NUM=38,BUS_CTRL_NUM=124,BUS_WIDTH='{32'sb01,32'sb0100,32'sb01,32'sb010000,32'sb010,32'sb01000,32'sb01,32'sb01,32'sb01,32'sb01,32'sb01,32'sb01},BUS_DIN_POS='{32'sb0,32'sb01,32'sb0101,32'sb0110,32'sb010110,32'sb011000,32'sb0100000,32'sb0100001,32'sb0100010,32'sb0100011,32'sb0100100,32'sb0100101},BUS_CTRL_POS='{32'sb0,32'sb0110,32'sb010010,32'sb011000,32'sb0111100,32'sb01000100,32'sb01011000,32'sb01011110,32'sb01100100,32'sb01101010,32'sb01110000,32'sb01110110}) in C:/Anlogic/TD5.6.2/cw\trigger.sv(21)
HDL-1007 : elaborate module bus_top(BUS_NODE_NUM=12,BUS_DIN_NUM=38,BUS_CTRL_NUM=124,BUS_WIDTH='{32'sb01,32'sb0100,32'sb01,32'sb010000,32'sb010,32'sb01000,32'sb01,32'sb01,32'sb01,32'sb01,32'sb01,32'sb01},BUS_DIN_POS='{32'sb0,32'sb01,32'sb0101,32'sb0110,32'sb010110,32'sb011000,32'sb0100000,32'sb0100001,32'sb0100010,32'sb0100011,32'sb0100100,32'sb0100101},BUS_CTRL_POS='{32'sb0,32'sb0110,32'sb010010,32'sb011000,32'sb0111100,32'sb01000100,32'sb01011000,32'sb01011110,32'sb01100100,32'sb01101010,32'sb01110000,32'sb01110110}) in C:/Anlogic/TD5.6.2/cw\bus_top.sv(22)
HDL-1007 : elaborate module bus_det(BUS_WIDTH=32'sb01) in C:/Anlogic/TD5.6.2/cw\bus_det.v(21)
HDL-1007 : elaborate module bus_det(BUS_WIDTH=32'sb0100) in C:/Anlogic/TD5.6.2/cw\bus_det.v(21)
HDL-1007 : elaborate module bus_det(BUS_WIDTH=32'sb010000) in C:/Anlogic/TD5.6.2/cw\bus_det.v(21)
HDL-1007 : elaborate module bus_det(BUS_WIDTH=32'sb010) in C:/Anlogic/TD5.6.2/cw\bus_det.v(21)
HDL-1007 : elaborate module bus_det(BUS_WIDTH=32'sb01000) in C:/Anlogic/TD5.6.2/cw\bus_det.v(21)
HDL-1007 : elaborate module emb_ctrl in C:/Anlogic/TD5.6.2/cw\emb_ctrl.v(21)
HDL-1200 : Current top model is CW_TOP_WRAPPER
HDL-1100 : Inferred 0 RAMs.
RUN-1002 : start command "force_keep -a auto_chipwatcher_0_logicbram"
RUN-1002 : start command "optimize_rtl -no_sch"
RUN-1001 : Open license file C:/Anlogic/TD5.6.2/license/Anlogic.lic
RUN-1001 : Print Global Property
RUN-1001 : ---------------------------------------------------------------
RUN-1001 :        Parameters        |  Settings  |  Default Values  |  Note  
RUN-1001 : ---------------------------------------------------------------
RUN-1001 :          message         |  standard  |     standard     |        
RUN-1001 :   mixed_pack_place_flow  |     on     |        on        |        
RUN-1001 :        qor_monitor       |    off     |       off        |        
RUN-1001 :        syn_ip_flow       |    off     |       off        |        
RUN-1001 :          thread          |    auto    |       auto       |        
RUN-1001 : ---------------------------------------------------------------
RUN-1001 : Print Rtl Property
RUN-1001 : --------------------------------------------------------------
RUN-1001 :        Parameters       |  Settings  |  Default Values  |  Note  
RUN-1001 : --------------------------------------------------------------
RUN-1001 :       compress_add      |   ripple   |      ripple      |        
RUN-1001 :        elf_sload        |    off     |       off        |        
RUN-1001 :       fix_undriven      |     0      |        0         |        
RUN-1001 :         flatten         |    off     |       off        |        
RUN-1001 :       gate_sharing      |     on     |        on        |        
RUN-1001 :    hdl_warning_level    |   normal   |      normal      |        
RUN-1001 :   impl_internal_tribuf  |     on     |        on        |        
RUN-1001 :      impl_set_reset     |     on     |        on        |        
RUN-1001 :        infer_gsr        |    off     |       off        |        
RUN-1001 :      keep_hierarchy     |    auto    |       auto       |        
RUN-1001 :        max_fanout       |    9999    |       9999       |        
RUN-1001 :      max_oh2bin_len     |     10     |        10        |        
RUN-1001 :       merge_equal       |     on     |        on        |        
RUN-1001 :       merge_equiv       |     on     |        on        |        
RUN-1001 :        merge_mux        |    off     |       off        |        
RUN-1001 :     min_control_set     |     8      |        8         |        
RUN-1001 :      min_ripple_len     |    auto    |       auto       |        
RUN-1001 :       oh2bin_ratio      |    0.08    |       0.08       |        
RUN-1001 :     opt_adder_fanout    |     on     |        on        |        
RUN-1001 :        opt_arith        |     on     |        on        |        
RUN-1001 :       opt_big_gate      |    off     |       off        |        
RUN-1001 :        opt_const        |     on     |        on        |        
RUN-1001 :      opt_const_mult     |     on     |        on        |        
RUN-1001 :       opt_lessthan      |     on     |        on        |        
RUN-1001 :         opt_mux         |    off     |       off        |        
RUN-1001 :         opt_ram         |    high    |       high       |        
RUN-1001 :      rtl_sim_model      |    off     |       off        |        
RUN-1001 :         seq_syn         |     on     |        on        |        
RUN-1001 : --------------------------------------------------------------
SYN-1012 : SanityCheck: Model "rx_top"
SYN-1012 : SanityCheck: Model "CW_TOP_WRAPPER"
SYN-1012 : SanityCheck: Model "cwc_top(BUS_NUM=12,BUS_DIN_NUM=38,BUS_CTRL_NUM=124,BUS_WIDTH='{32'sb01,32'sb0100,32'sb01,32'sb010000,32'sb010,32'sb01000,32'sb01,32'sb01,32'sb01,32'sb01,32'sb01,32'sb01},BUS_DIN_POS='{32'sb0,32'sb01,32'sb0101,32'sb0110,32'sb010110,32'sb011000,32'sb0100000,32'sb0100001,32'sb0100010,32'sb0100011,32'sb0100100,32'sb0100101},BUS_CTRL_POS='{32'sb0,32'sb0110,32'sb010010,32'sb011000,32'sb0111100,32'sb01000100,32'sb01011000,32'sb01011110,32'sb01100100,32'sb01101010,32'sb01110000,32'sb01110110})"
SYN-1012 : SanityCheck: Model "cwc_cfg_int(CTRL_REG_LEN=146)"
SYN-1012 : SanityCheck: Model "register(CTRL_REG_LEN=146)"
SYN-1012 : SanityCheck: Model "tap"
SYN-1012 : SanityCheck: Model "trigger(BUS_NUM=12,BUS_DIN_NUM=38,BUS_CTRL_NUM=124,BUS_WIDTH='{32'sb01,32'sb0100,32'sb01,32'sb010000,32'sb010,32'sb01000,32'sb01,32'sb01,32'sb01,32'sb01,32'sb01,32'sb01},BUS_DIN_POS='{32'sb0,32'sb01,32'sb0101,32'sb0110,32'sb010110,32'sb011000,32'sb0100000,32'sb0100001,32'sb0100010,32'sb0100011,32'sb0100100,32'sb0100101},BUS_CTRL_POS='{32'sb0,32'sb0110,32'sb010010,32'sb011000,32'sb0111100,32'sb01000100,32'sb01011000,32'sb01011110,32'sb01100100,32'sb01101010,32'sb01110000,32'sb01110110})"
SYN-1012 : SanityCheck: Model "bus_top(BUS_NODE_NUM=12,BUS_DIN_NUM=38,BUS_CTRL_NUM=124,BUS_WIDTH='{32'sb01,32'sb0100,32'sb01,32'sb010000,32'sb010,32'sb01000,32'sb01,32'sb01,32'sb01,32'sb01,32'sb01,32'sb01},BUS_DIN_POS='{32'sb0,32'sb01,32'sb0101,32'sb0110,32'sb010110,32'sb011000,32'sb0100000,32'sb0100001,32'sb0100010,32'sb0100011,32'sb0100100,32'sb0100101},BUS_CTRL_POS='{32'sb0,32'sb0110,32'sb010010,32'sb011000,32'sb0111100,32'sb01000100,32'sb01011000,32'sb01011110,32'sb01100100,32'sb01101010,32'sb01110000,32'sb01110110})"
SYN-1012 : SanityCheck: Model "bus_det(BUS_WIDTH=32'sb01)"
SYN-1012 : SanityCheck: Model "bus_det(BUS_WIDTH=32'sb0100)"
SYN-1012 : SanityCheck: Model "bus_det(BUS_WIDTH=32'sb010000)"
SYN-1012 : SanityCheck: Model "bus_det(BUS_WIDTH=32'sb010)"
SYN-1012 : SanityCheck: Model "bus_det(BUS_WIDTH=32'sb01000)"
SYN-1012 : SanityCheck: Model "emb_ctrl"
SYN-1011 : Flatten model rx_top
SYN-1032 : 2180/46 useful/useless nets, 1154/32 useful/useless insts
SYN-1016 : Merged 56 instances.
SYN-1032 : 1797/16 useful/useless nets, 1601/16 useful/useless insts
SYN-1014 : Optimize round 1
SYN-1032 : 1781/16 useful/useless nets, 1589/12 useful/useless insts
SYN-1021 : Optimized 4 onehot mux instances.
SYN-1020 : Optimized 1 distributor mux.
SYN-1019 : Optimized 4 mux instances.
SYN-1015 : Optimize round 1, 471 better
SYN-1014 : Optimize round 2
SYN-1032 : 1410/60 useful/useless nets, 1218/64 useful/useless insts
SYN-1015 : Optimize round 2, 128 better
SYN-1014 : Optimize round 1
SYN-1015 : Optimize round 1, 0 better
RUN-1002 : start command "optimize_gate -no_sch"
RUN-1001 : Open license file C:/Anlogic/TD5.6.2/license/Anlogic.lic
RUN-1001 : Print Global Property
RUN-1001 : ---------------------------------------------------------------
RUN-1001 :        Parameters        |  Settings  |  Default Values  |  Note  
RUN-1001 : ---------------------------------------------------------------
RUN-1001 :          message         |  standard  |     standard     |        
RUN-1001 :   mixed_pack_place_flow  |     on     |        on        |        
RUN-1001 :        qor_monitor       |    off     |       off        |        
RUN-1001 :        syn_ip_flow       |    off     |       off        |        
RUN-1001 :          thread          |    auto    |       auto       |        
RUN-1001 : ---------------------------------------------------------------
RUN-1001 : Print Gate Property
RUN-1001 : ------------------------------------------------------------------
RUN-1001 :          Parameters         |  Settings  |  Default Values  |  Note  
RUN-1001 : ------------------------------------------------------------------
RUN-1001 :         cascade_dsp         |    off     |       off        |        
RUN-1001 :         cascade_eram        |    off     |       off        |        
RUN-1001 :        gate_sim_model       |    off     |       off        |        
RUN-1001 :        map_sim_model        |    off     |       off        |        
RUN-1001 :         map_strategy        |     1      |        1         |        
RUN-1001 :           opt_area          |   medium   |      medium      |        
RUN-1001 :          opt_timing         |    auto    |       auto       |        
RUN-1001 :         pack_effort         |   medium   |      medium      |        
RUN-1001 :      pack_lslice_ripple     |     on     |        on        |        
RUN-1001 :   pack_lslice_ripple_ratio  |    0.5     |       0.5        |        
RUN-1001 :        pack_seq_in_io       |    auto    |       auto       |        
RUN-1001 :        ph1_mux_ratio        |    1.0     |       1.0        |        
RUN-1001 :            report           |  standard  |     standard     |        
RUN-1001 :           retiming          |    off     |       off        |        
RUN-1001 : ------------------------------------------------------------------
SYN-2001 : Map 25 IOs to PADs
RUN-1002 : start command "update_pll_param -module rx_top"
SYN-2501 : Processed 0 LOGIC_BUF instances.
SYN-2512 : LOGIC BRAM "auto_chipwatcher_0_logicbram"
SYN-2571 : Optimize after map_dsp, round 1
SYN-1032 : 1458/295 useful/useless nets, 1299/43 useful/useless insts
SYN-1016 : Merged 45 instances.
SYN-2571 : Optimize after map_dsp, round 1, 383 better
SYN-2571 : Optimize after map_dsp, round 2
SYN-2571 : Optimize after map_dsp, round 2, 0 better
SYN-1001 : Throwback 4 control mux instances
SYN-2501 : Optimize round 1
SYN-1016 : Merged 31 instances.
SYN-2501 : Optimize round 1, 63 better
SYN-2501 : Optimize round 2
SYN-2501 : Optimize round 2, 0 better
SYN-2501 : Map 18 macro adder
SYN-1019 : Optimized 17 mux instances.
SYN-1016 : Merged 16 instances.
SYN-1032 : 1897/5 useful/useless nets, 1738/4 useful/useless insts
SYN-3001 : Running gate level optimization.
SYN-2581 : Mapping with K=5, #lut = 239 (3.64), #lev = 6 (1.99)
SYN-2551 : Post LUT mapping optimization.
SYN-2581 : Mapping with K=5, #lut = 232 (3.73), #lev = 6 (1.93)
SYN-3001 : Logic optimization runtime opt =   0.03 sec, map =   0.00 sec
SYN-3001 : Mapper mapped 655 instances into 232 LUTs, name keeping = 74%.
SYN-1001 : Packing model "rx_top" ...
SYN-4010 : Pack lib has 58 rtl pack models with 25 top pack blocks
SYN-1014 : Optimize round 1
SYN-1015 : Optimize round 1, 0 better
SYN-4002 : Packing 435 DFF/LATCH to SEQ ...
SYN-4009 : Pack 7 carry chain into lslice
SYN-4007 : Packing 120 adder to BLE ...
SYN-4008 : Packed 120 adder and 0 SEQ to BLE.
SYN-4007 : Packing 0 gate4 to BLE ...
SYN-4008 : Packed 0 gate4 and 0 SEQ to BLE.
SYN-4012 : Packed 0 FxMUX
RUN-1002 : start command "legalize_phy_inst"
SYN-1011 : Flatten model rx_top
KIT-1004 : Compile Chipwatcher: Clear obsolete physical data.
RUN-1003 : finish command "compile_watcher" in  1.143954s wall, 1.015625s user + 0.125000s system = 1.140625s CPU (99.7%)

RUN-1004 : used memory is 118 MB, reserved memory is 82 MB, peak memory is 122 MB
RUN-1002 : start command "place"
RUN-1001 : Open license file C:/Anlogic/TD5.6.2/license/Anlogic.lic
RUN-1001 : Print Global Property
RUN-1001 : ---------------------------------------------------------------
RUN-1001 :        Parameters        |  Settings  |  Default Values  |  Note  
RUN-1001 : ---------------------------------------------------------------
RUN-1001 :          message         |  standard  |     standard     |        
RUN-1001 :   mixed_pack_place_flow  |     on     |        on        |        
RUN-1001 :        qor_monitor       |    off     |       off        |        
RUN-1001 :        syn_ip_flow       |    off     |       off        |        
RUN-1001 :          thread          |    auto    |       auto       |        
RUN-1001 : ---------------------------------------------------------------
RUN-1001 : Print Place Property
RUN-1001 : --------------------------------------------------------------
RUN-1001 :        Parameters       |  Settings  |  Default Values  |  Note  
RUN-1001 : --------------------------------------------------------------
RUN-1001 :      detailed_place     |     on     |        on        |        
RUN-1001 :          effort         |   medium   |      medium      |        
RUN-1001 :         fix_hold        |    off     |       off        |        
RUN-1001 :       legalization      |    ori     |       ori        |        
RUN-1001 :      new_spreading      |     on     |        on        |        
RUN-1001 :        opt_timing       |   medium   |      medium      |        
RUN-1001 :   post_clock_route_opt  |    off     |       off        |        
RUN-1001 :       pr_strategy       |     1      |        1         |        
RUN-1001 :        relaxation       |    1.00    |       1.00       |        
RUN-1001 :         retiming        |    off     |       off        |        
RUN-1001 : --------------------------------------------------------------
PHY-3001 : Placer runs in 16 thread(s).
RUN-1002 : start command "legalize_phy_inst"
SYN-1011 : Flatten model rx_top
SYN-5055 WARNING: The kept net U2/BPS_CLK_n will be merged to another kept net BPS_CLK
SYN-5055 WARNING: The kept net U3/BPS_CLK will be merged to another kept net BPS_CLK
SYN-5055 WARNING: The kept net U1/CLK will be merged to another kept net CLK_500K
SYN-5055 WARNING: The kept net U3/isCount will be merged to another kept net Count_Sig
SYN-5055 WARNING: The kept net U2/Count_Sig will be merged to another kept net Count_Sig
SYN-5055 WARNING: The kept net U3/isDone will be merged to another kept net RX_Done_Sig
SYN-5055 WARNING: The kept net U6/RX_Done_Sig will be merged to another kept net RX_Done_Sig
SYN-5055 WARNING: The kept net U6/rTX_Data_Valid will be merged to another kept net TX_Data_Valid
SYN-5055 WARNING: The kept net U8/TX_Data_Valid will be merged to another kept net TX_Data_Valid
SYN-5055 WARNING: The kept net U1/neg_sig_n will be merged to another kept net neg_sig
SYN-5055 Similar messages will be suppressed.
RUN-1002 : start command "phys_opt -simplify_lut"
SYN-4016 : Net config_inst_syn_10 driven by BUFG (305 clock/control pins, 0 other pins).
SYN-4024 : Net "CLK_500K" drives clk pins.
SYN-4024 : Net "CLK_dup_1" drives clk pins.
SYN-4024 : Net "U5/SingleNum_n" drives clk pins.
SYN-4025 : Tag rtl::Net CLK_500K as clock net
SYN-4025 : Tag rtl::Net CLK_dup_1 as clock net
SYN-4025 : Tag rtl::Net U5/SingleNum_n as clock net
SYN-4025 : Tag rtl::Net config_inst_syn_10 as clock net
SYN-4026 : Tagged 4 rtl::Net as clock net
SYN-4015 : Create BUFG instance for clk Net CLK_500K to drive 248 clock pins.
SYN-4015 : Create BUFG instance for clk Net U5/SingleNum_n to drive 8 clock pins.
PHY-1001 : Populate physical database on model rx_top.
RUN-1001 : There are total 1159 instances
RUN-0007 : 422 luts, 536 seqs, 83 mslices, 53 lslices, 25 pads, 34 brams, 0 dsps
RUN-1001 : There are total 1318 nets
RUN-1001 : 696 nets have 2 pins
RUN-1001 : 504 nets have [3 - 5] pins
RUN-1001 : 34 nets have [6 - 10] pins
RUN-1001 : 56 nets have [11 - 20] pins
RUN-1001 : 19 nets have [21 - 99] pins
RUN-1001 : 9 nets have 100+ pins
RUN-1001 : Report Control nets information:
RUN-1001 : DFF Distribution
RUN-1001 : ----------------------------------
RUN-1001 :   CE   |  SSR  |  ASR  |  DFF Count  
RUN-1001 : ----------------------------------
RUN-1001 :   No   |  No   |  No   |     24      
RUN-1001 :   No   |  No   |  Yes  |     185     
RUN-1001 :   No   |  Yes  |  No   |      0      
RUN-1001 :   Yes  |  No   |  No   |      8      
RUN-1001 :   Yes  |  No   |  Yes  |     319     
RUN-1001 :   Yes  |  Yes  |  No   |      0      
RUN-1001 : ----------------------------------
RUN-0007 : Control Group Statistic
RUN-0007 : ---------------------------
RUN-0007 :   #CLK  |  #CE  |  #SSR/ASR  
RUN-0007 : ---------------------------
RUN-0007 :    4    |   6   |     5      
RUN-0007 : ---------------------------
RUN-0007 : Control Set = 13
PHY-3001 : Initial placement ...
PHY-3001 : design contains 1157 instances, 422 luts, 536 seqs, 136 slices, 25 macros(136 instances: 83 mslices 53 lslices)
PHY-0007 : Cell area utilization is 3%
PHY-3001 : Global placement ...
PHY-3001 : Initial: Len = 326925
PHY-3001 : Clustering ...
PHY-3001 : Level 0 #clusters 1157.
PHY-3001 : End clustering;  0.000062s wall, 0.000000s user + 0.000000s system = 0.000000s CPU (n/a%)

PHY-3001 : Run with size of 4
PHY-3001 : Cell area utilization is 3%
PHY-3001 : :::0::: Try harder cell spreading with beta_ = 0
PHY-3002 : Step(1): len = 200733, overlap = 76.5
PHY-3002 : Step(2): len = 140475, overlap = 76.5
PHY-3002 : Step(3): len = 98307.7, overlap = 76.5
PHY-3002 : Step(4): len = 80224.5, overlap = 76.5
PHY-3002 : Step(5): len = 67676.5, overlap = 76.5
PHY-3002 : Step(6): len = 56771.7, overlap = 76.5
PHY-3002 : Step(7): len = 50018, overlap = 76.5
PHY-3002 : Step(8): len = 40836.3, overlap = 76.5
PHY-3002 : Step(9): len = 35661.4, overlap = 76.5
PHY-3002 : Step(10): len = 34659.3, overlap = 76.5
PHY-3002 : Step(11): len = 31508.5, overlap = 77.0625
PHY-3002 : Step(12): len = 30044.9, overlap = 77.9375
PHY-3002 : Step(13): len = 29681.7, overlap = 79.125
PHY-3002 : Step(14): len = 26936.2, overlap = 79.5
PHY-3001 : :::1::: Try harder cell spreading with beta_ = 1.87443e-06
PHY-3002 : Step(15): len = 31473, overlap = 75.0625
PHY-3002 : Step(16): len = 31782.5, overlap = 75.125
PHY-3002 : Step(17): len = 27836.6, overlap = 74.9062
PHY-3002 : Step(18): len = 27296.5, overlap = 74.875
PHY-3002 : Step(19): len = 28056.1, overlap = 75.3438
PHY-3002 : Step(20): len = 29270, overlap = 75.4062
PHY-3002 : Step(21): len = 26899.2, overlap = 75.4062
PHY-3002 : Step(22): len = 26843.6, overlap = 75.5938
PHY-3002 : Step(23): len = 27217, overlap = 75.4375
PHY-3002 : Step(24): len = 27483.1, overlap = 75.5
PHY-3002 : Step(25): len = 27505.4, overlap = 77.6875
PHY-3001 : :::2::: Try harder cell spreading with beta_ = 3.74886e-06
PHY-3002 : Step(26): len = 27303.8, overlap = 70.8125
PHY-3002 : Step(27): len = 27080.8, overlap = 70.375
PHY-3002 : Step(28): len = 27042.6, overlap = 70.375
PHY-3001 : :::3::: Try harder cell spreading with beta_ = 7.49772e-06
PHY-3002 : Step(29): len = 27743.3, overlap = 59.125
PHY-3002 : Step(30): len = 27828.9, overlap = 59.125
PHY-3002 : Step(31): len = 27724.5, overlap = 59
PHY-3002 : Step(32): len = 27706.4, overlap = 59
PHY-3002 : Step(33): len = 27633.8, overlap = 59.0625
PHY-3002 : Step(34): len = 27613.4, overlap = 59
PHY-3002 : Step(35): len = 27474.7, overlap = 59.1875
PHY-3001 : Legalization ...
PHY-3001 : End legalization;  0.010766s wall, 0.015625s user + 0.015625s system = 0.031250s CPU (290.3%)

PHY-3001 : Run with size of 4
PHY-3001 : Cell area utilization is 4%
PHY-3001 : :::0::: Try harder cell spreading with beta_ = 1.31746e-05
PHY-3002 : Step(36): len = 32524, overlap = 17.9375
PHY-3002 : Step(37): len = 32555, overlap = 18
PHY-3002 : Step(38): len = 31960.6, overlap = 20.8125
PHY-3002 : Step(39): len = 32040.9, overlap = 21.7188
PHY-3002 : Step(40): len = 31623.4, overlap = 25.7188
PHY-3001 : :::1::: Try harder cell spreading with beta_ = 2.63492e-05
PHY-3002 : Step(41): len = 31363.4, overlap = 26.1562
PHY-3002 : Step(42): len = 31363.4, overlap = 26.1562
PHY-3002 : Step(43): len = 31158.4, overlap = 26.5312
PHY-3001 : :::2::: Try harder cell spreading with beta_ = 5.26984e-05
PHY-3002 : Step(44): len = 31081.5, overlap = 26.625
PHY-3002 : Step(45): len = 31317.7, overlap = 26.9688
PHY-3001 : Run with size of 2
PHY-3001 : Cell area utilization is 4%
PHY-3001 : :::0::: Try harder cell spreading with beta_ = 8.57289e-06
PHY-3002 : Step(46): len = 31260.4, overlap = 47.0312
PHY-3002 : Step(47): len = 31463.7, overlap = 46.375
PHY-3001 : :::1::: Try harder cell spreading with beta_ = 1.69193e-05
PHY-3002 : Step(48): len = 32187, overlap = 41.2188
PHY-3002 : Step(49): len = 32772.3, overlap = 38.4375
PHY-3002 : Step(50): len = 33141, overlap = 35.25
PHY-3002 : Step(51): len = 33298.6, overlap = 34
PHY-3002 : Step(52): len = 33190.4, overlap = 28.75
PHY-3001 : :::2::: Try harder cell spreading with beta_ = 3.38387e-05
PHY-3002 : Step(53): len = 33479.1, overlap = 27.375
PHY-3002 : Step(54): len = 33619.5, overlap = 27.4375
PHY-3001 : :::3::: Try harder cell spreading with beta_ = 6.76774e-05
PHY-3002 : Step(55): len = 33905.6, overlap = 27
PHY-3002 : Step(56): len = 34225.4, overlap = 27.375
PHY-3002 : Step(57): len = 34559.9, overlap = 26.125
PHY-3001 : :::4::: Try harder cell spreading with beta_ = 0.000135355
PHY-3002 : Step(58): len = 34343.5, overlap = 25.1875
PHY-3002 : Step(59): len = 34403.2, overlap = 24.9688
PHY-3001 : :::5::: Try harder cell spreading with beta_ = 0.00027071
PHY-3002 : Step(60): len = 34584, overlap = 23
PHY-3002 : Step(61): len = 34655.5, overlap = 22.625
PHY-3002 : Step(62): len = 34650.2, overlap = 21
OPT-1001 : Start physical optimization ...
OPT-1001 : Total overflow 56.09 peak overflow 2.69
OPT-1001 : Start high-fanout net optimization ...
OPT-1001 : Update timing in global mode
PHY-1001 : Start incremental global routing, caller is place ...
RUN-1001 : Generating global routing grids ...
RUN-1001 : Building simple global routing graph ...
PHY-1001 : Generate routing nets ...
PHY-1001 : Reuse net number 0/1318.
PHY-1001 : Global iterations in 16 thread ...
PHY-1002 : len = 48480, over cnt = 186(0%), over = 584, worst = 18
PHY-1001 : End global iterations;  0.133556s wall, 0.156250s user + 0.062500s system = 0.218750s CPU (163.8%)

PHY-1001 : Congestion index: top1 = 32.35, top5 = 19.55, top10 = 13.12, top15 = 9.56.
PHY-1001 : End incremental global routing;  0.195068s wall, 0.218750s user + 0.062500s system = 0.281250s CPU (144.2%)

RUN-1002 : start command "start_timer -report"
TMR-5001 WARNING: No sdc constraints found while initiating timer.
TMR-2505 : Start building timing graph for model rx_top.
TMR-2506 : Build timing graph completely. Port num: 8, tpin num: 6245, tnet num: 1316, tinst num: 1157, tnode num: 8403, tedge num: 10432.
TMR-2508 : Levelizing timing graph completed, there are 29 levels in total.
TMR-2501 : Timing graph initialized successfully.
OPT-1001 : End timing update;  0.154269s wall, 0.140625s user + 0.000000s system = 0.140625s CPU (91.2%)

OPT-1001 : 0 high-fanout net processed.
OPT-1001 : End high-fanout net optimization;  0.369861s wall, 0.390625s user + 0.062500s system = 0.453125s CPU (122.5%)

OPT-1001 : Current memory(MB): used = 174, reserve = 138, peak = 174.
OPT-1001 : End physical optimization;  0.385422s wall, 0.406250s user + 0.062500s system = 0.468750s CPU (121.6%)

PHY-3001 : Start packing ...
SYN-4007 : Packing 0 MUX to BLE ...
SYN-4008 : Packed 0 MUX and 0 SEQ to BLE.
SYN-4007 : Packing 422 LUT to BLE ...
SYN-4008 : Packed 422 LUT and 158 SEQ to BLE.
SYN-4003 : Packing 378 remaining SEQ's ...
SYN-4005 : Packed 196 SEQ with LUT/SLICE
SYN-4006 : 91 single LUT's are left
SYN-4006 : 182 single SEQ's are left
SYN-4011 : Packing model "rx_top" (AL_USER_NORMAL) with 604/819 primitive instances ...
PHY-3001 : End packing;  0.039467s wall, 0.031250s user + 0.000000s system = 0.031250s CPU (79.2%)

PHY-1001 : Populate physical database on model rx_top.
RUN-1001 : There are total 543 instances
RUN-1001 : 239 mslices, 239 lslices, 25 pads, 34 brams, 0 dsps
RUN-1001 : There are total 1163 nets
RUN-1001 : 512 nets have 2 pins
RUN-1001 : 530 nets have [3 - 5] pins
RUN-1001 : 38 nets have [6 - 10] pins
RUN-1001 : 52 nets have [11 - 20] pins
RUN-1001 : 25 nets have [21 - 99] pins
RUN-1001 : 6 nets have 100+ pins
PHY-3001 : design contains 541 instances, 478 slices, 25 macros(136 instances: 83 mslices 53 lslices)
PHY-3001 : Cell area utilization is 6%
PHY-3001 : After packing: Len = 35365.2, Over = 36.25
PHY-3001 : Run with size of 2
PHY-3001 : Cell area utilization is 6%
PHY-3001 : :::0::: Try harder cell spreading with beta_ = 1.42313e-05
PHY-3002 : Step(63): len = 34673.9, overlap = 38.5
PHY-3002 : Step(64): len = 34733.6, overlap = 38.75
PHY-3002 : Step(65): len = 34473.8, overlap = 39.25
PHY-3001 : :::1::: Try harder cell spreading with beta_ = 2.84626e-05
PHY-3002 : Step(66): len = 34782.1, overlap = 38.5
PHY-3002 : Step(67): len = 34782.1, overlap = 38.5
PHY-3002 : Step(68): len = 34720, overlap = 36.5
PHY-3001 : :::2::: Try harder cell spreading with beta_ = 5.69252e-05
PHY-3002 : Step(69): len = 35608.2, overlap = 33.5
PHY-3002 : Step(70): len = 35775.4, overlap = 32.25
PHY-3002 : Step(71): len = 36131.7, overlap = 30.5
PHY-3001 : Legalization ...
PHY-3001 : End legalization;  0.155261s wall, 0.109375s user + 0.421875s system = 0.531250s CPU (342.2%)

PHY-3001 : Trial Legalized: Len = 46073.1
PHY-3001 : Run with size of 2
PHY-3001 : Cell area utilization is 6%
PHY-3001 : :::0::: Try harder cell spreading with beta_ = 0.000525857
PHY-3002 : Step(72): len = 41519.4, overlap = 3.75
PHY-3002 : Step(73): len = 40415.2, overlap = 4.75
PHY-3002 : Step(74): len = 39257, overlap = 5
PHY-3002 : Step(75): len = 38720.9, overlap = 6.5
PHY-3002 : Step(76): len = 38539.8, overlap = 8.25
PHY-3002 : Step(77): len = 38194, overlap = 9.5
PHY-3001 : :::1::: Try harder cell spreading with beta_ = 0.00105171
PHY-3002 : Step(78): len = 38195.1, overlap = 9.5
PHY-3002 : Step(79): len = 38117.9, overlap = 9.5
PHY-3001 : :::2::: Try harder cell spreading with beta_ = 0.00210343
PHY-3002 : Step(80): len = 38109.7, overlap = 9.5
PHY-3002 : Step(81): len = 38106.8, overlap = 10.5
PHY-3001 : Legalization ...
PHY-3001 : End legalization;  0.004429s wall, 0.000000s user + 0.000000s system = 0.000000s CPU (n/a%)

PHY-3001 : Legalized: Len = 41595.9, Over = 0
PHY-3001 : Spreading special nets. 7 overflows in 2952 tiles.
PHY-3001 : End spreading;  0.004783s wall, 0.000000s user + 0.000000s system = 0.000000s CPU (n/a%)

PHY-3001 : 11 instances has been re-located, deltaX = 4, deltaY = 7, maxDist = 1.
PHY-3001 : Final: Len = 41827.9, Over = 0
OPT-1001 : Start physical optimization ...
OPT-1001 : Total overflow 0.00 peak overflow 0.00
OPT-1001 : Start high-fanout net optimization ...
OPT-1001 : Update timing in global mode
PHY-1001 : Start incremental global routing, caller is place ...
RUN-1001 : Generating global routing grids ...
PHY-1001 : Generate routing nets ...
PHY-1001 : Reuse net number 33/1163.
PHY-1001 : Global iterations in 16 thread ...
PHY-1002 : len = 57256, over cnt = 176(0%), over = 285, worst = 5
PHY-1002 : len = 57960, over cnt = 103(0%), over = 161, worst = 5
PHY-1002 : len = 59792, over cnt = 10(0%), over = 19, worst = 3
PHY-1002 : len = 59832, over cnt = 1(0%), over = 1, worst = 1
PHY-1002 : len = 59880, over cnt = 0(0%), over = 0, worst = 0
PHY-1001 : End global iterations;  0.235072s wall, 0.265625s user + 0.000000s system = 0.265625s CPU (113.0%)

PHY-1001 : Congestion index: top1 = 28.34, top5 = 20.44, top10 = 15.43, top15 = 11.76.
PHY-1001 : End incremental global routing;  0.298127s wall, 0.328125s user + 0.000000s system = 0.328125s CPU (110.1%)

RUN-1002 : start command "start_timer -report"
TMR-5001 WARNING: No sdc constraints found while initiating timer.
TMR-2505 : Start building timing graph for model rx_top.
TMR-2506 : Build timing graph completely. Port num: 8, tpin num: 5463, tnet num: 1161, tinst num: 541, tnode num: 7040, tedge num: 9412.
TMR-2508 : Levelizing timing graph completed, there are 29 levels in total.
TMR-2501 : Timing graph initialized successfully.
OPT-1001 : End timing update;  0.170572s wall, 0.171875s user + 0.000000s system = 0.171875s CPU (100.8%)

OPT-1001 : 0 high-fanout net processed.
OPT-1001 : End high-fanout net optimization;  0.487181s wall, 0.515625s user + 0.000000s system = 0.515625s CPU (105.8%)

OPT-1001 : Current memory(MB): used = 178, reserve = 143, peak = 178.
OPT-1001 : Update timing in Manhattan mode
OPT-1001 : End timing update;  0.001501s wall, 0.000000s user + 0.000000s system = 0.000000s CPU (n/a%)

OPT-1001 : Start pin optimization...
OPT-1001 : skip pin optimization...
RUN-1001 : Generating global routing grids ...
PHY-1001 : Generate routing nets ...
PHY-1001 : Reuse net number 993/1163.
PHY-1001 : Global iterations in 16 thread ...
PHY-1002 : len = 59880, over cnt = 0(0%), over = 0, worst = 0
PHY-1001 : End global iterations;  0.006169s wall, 0.000000s user + 0.000000s system = 0.000000s CPU (n/a%)

PHY-1001 : Congestion index: top1 = 28.34, top5 = 20.44, top10 = 15.43, top15 = 11.76.
OPT-1001 : Update timing in Manhattan mode
OPT-1001 : End timing update;  0.001948s wall, 0.000000s user + 0.000000s system = 0.000000s CPU (n/a%)

RUN-1001 : QoR Analysis:
OPT-0007 :   WNS 2147483647 TNS 0 NUM_FEPS 0
RUN-1001 :   No local congestion issue, and most congested 1% tile average routing util is 27.896552
RUN-1001 :   Top critical paths
OPT-1001 : End physical optimization;  0.565791s wall, 0.593750s user + 0.000000s system = 0.593750s CPU (104.9%)

RUN-1003 : finish command "place" in  3.766188s wall, 4.718750s user + 4.718750s system = 9.437500s CPU (250.6%)

RUN-1004 : used memory is 157 MB, reserved memory is 121 MB, peak memory is 179 MB
RUN-1002 : start command "export_db rx_top_place.db"
RUN-1001 : Exported /
RUN-1001 : Exported flow parameters
RUN-1001 : Exported libs
RUN-1001 : Exported entities
RUN-1001 : Exported ports
RUN-1001 : Exported pins
RUN-1001 : Exported instances
RUN-1001 : Exported nets
RUN-1001 : Exported buses
RUN-1001 : Exported models
RUN-1001 : Exported congestions
RUN-1001 : Exported violations
RUN-1001 : Exported IO constraints
RUN-1001 : Exported Inst constraints
RUN-1001 : Exported ChipWatcher
RUN-1002 : start command "route"
RUN-1001 : Open license file C:/Anlogic/TD5.6.2/license/Anlogic.lic
RUN-1001 : Print Global Property
RUN-1001 : ---------------------------------------------------------------
RUN-1001 :        Parameters        |  Settings  |  Default Values  |  Note  
RUN-1001 : ---------------------------------------------------------------
RUN-1001 :          message         |  standard  |     standard     |        
RUN-1001 :   mixed_pack_place_flow  |     on     |        on        |        
RUN-1001 :        qor_monitor       |    off     |       off        |        
RUN-1001 :        syn_ip_flow       |    off     |       off        |        
RUN-1001 :          thread          |    auto    |       auto       |        
RUN-1001 : ---------------------------------------------------------------
RUN-1001 : Print Route Property
RUN-1001 : -------------------------------------------------------
RUN-1001 :    Parameters    |  Settings  |  Default Values  |  Note  
RUN-1001 : -------------------------------------------------------
RUN-1001 :      effort      |   medium   |      medium      |        
RUN-1001 :     fix_hold     |    off     |       off        |        
RUN-1001 :    opt_timing    |   medium   |      medium      |        
RUN-1001 :   phy_sim_model  |    off     |       off        |        
RUN-1001 :     priority     |   timing   |      timing      |        
RUN-1001 :     swap_pin     |     on     |        on        |        
RUN-1001 : -------------------------------------------------------
PHY-1001 : Route runs in 16 thread(s)
RUN-1001 : There are total 543 instances
RUN-1001 : 239 mslices, 239 lslices, 25 pads, 34 brams, 0 dsps
RUN-1001 : There are total 1163 nets
RUN-1001 : 512 nets have 2 pins
RUN-1001 : 530 nets have [3 - 5] pins
RUN-1001 : 38 nets have [6 - 10] pins
RUN-1001 : 52 nets have [11 - 20] pins
RUN-1001 : 25 nets have [21 - 99] pins
RUN-1001 : 6 nets have 100+ pins
RUN-1002 : start command "start_timer -report"
TMR-5001 WARNING: No sdc constraints found while initiating timer.
TMR-2505 : Start building timing graph for model rx_top.
TMR-2506 : Build timing graph completely. Port num: 8, tpin num: 5463, tnet num: 1161, tinst num: 541, tnode num: 7040, tedge num: 9412.
TMR-2508 : Levelizing timing graph completed, there are 29 levels in total.
TMR-2501 : Timing graph initialized successfully.
PHY-1001 : 239 mslices, 239 lslices, 25 pads, 34 brams, 0 dsps
TMR-2503 : Start to update net delay, extr mode = 3.
TMR-2504 : Update delay of 1161 nets completely.
TMR-2502 : Annotate delay completely, extr mode = 3.
TMR-3002 : No user constraint, initiate default constraint.
TMR-1501 : Assign derive clock DeriveClock to 724 clock pins, and constraint 1577 relative nodes.
TMR-3003 : Constraints initiated successfully.
TMR-3501 : Forward propagation: start to calculate arrival time...
TMR-3502 : Backward propagation: start to calculate required time...
TMR-3503 : Timing propagation completes.
PHY-1001 : Start global routing, caller is route ...
RUN-1001 : Generating global routing grids ...
PHY-1001 : Generate routing nets ...
PHY-1001 : Global iterations in 16 thread ...
PHY-1002 : len = 56680, over cnt = 179(0%), over = 287, worst = 5
PHY-1002 : len = 57432, over cnt = 110(0%), over = 168, worst = 5
PHY-1002 : len = 58720, over cnt = 29(0%), over = 51, worst = 3
PHY-1002 : len = 59312, over cnt = 0(0%), over = 0, worst = 0
PHY-1001 : End global iterations;  0.171958s wall, 0.187500s user + 0.000000s system = 0.187500s CPU (109.0%)

PHY-1001 : Congestion index: top1 = 28.32, top5 = 20.43, top10 = 15.41, top15 = 11.73.
PHY-1001 : End global routing;  0.230353s wall, 0.250000s user + 0.000000s system = 0.250000s CPU (108.5%)

PHY-1001 : Start detail routing ...
PHY-1001 : Current memory(MB): used = 208, reserve = 173, peak = 221.
PHY-1001 : Detailed router is running in normal mode.
PHY-1001 : Generate detailed routing grids ...
PHY-1001 : Processed IO instance DigitronCS_Out[3]_syn_2 with INV attribute.
PHY-1001 : Processed IO instance DigitronCS_Out[2]_syn_2 with INV attribute.
PHY-1001 : Processed IO instance DigitronCS_Out[1]_syn_2 with INV attribute.
PHY-1001 : Processed IO instance DigitronCS_Out[0]_syn_2 with INV attribute.
PHY-1001 : Generate nets ...
PHY-1001 : net CLK_dup_1 will be routed on clock mesh
PHY-1001 : clock net CLK_500K_syn_8 will be merged with clock CLK_500K
PHY-1001 : clock net U5/SingleNum_n_syn_3 will be merged with clock U5/SingleNum_n
PHY-1001 : clock net config_inst_syn_10 will be merged with clock config_inst_syn_9
PHY-1001 : Current memory(MB): used = 473, reserve = 442, peak = 473.
PHY-1001 : End build detailed router design. 3.209334s wall, 3.062500s user + 0.125000s system = 3.187500s CPU (99.3%)

PHY-1001 : Detail Route ...
PHY-1001 : ===== Detail Route Phase 1 =====
PHY-1001 : Clock net routing.....
PHY-1001 : Routed 0% nets.
PHY-1022 : len = 31176, over cnt = 0(0%), over = 0, worst = 0, crit = 0
PHY-1001 : End initial clock net routed; 1.147804s wall, 1.140625s user + 0.000000s system = 1.140625s CPU (99.4%)

PHY-1001 : Current memory(MB): used = 505, reserve = 475, peak = 505.
PHY-1001 : End phase 1; 1.153957s wall, 1.156250s user + 0.000000s system = 1.156250s CPU (100.2%)

PHY-1001 : ===== Detail Route Phase 2 =====
PHY-1001 : Initial routing.....
PHY-1001 : Routed 31% nets.
PHY-1001 : Routed 38% nets.
PHY-1001 : Routed 49% nets.
PHY-1001 : Routed 65% nets.
PHY-1001 : Routed 87% nets.
PHY-1022 : len = 276560, over cnt = 36(0%), over = 36, worst = 1, crit = 0
PHY-1001 : Current memory(MB): used = 506, reserve = 476, peak = 506.
PHY-1001 : End initial routed; 3.698362s wall, 4.281250s user + 0.156250s system = 4.437500s CPU (120.0%)

PHY-1001 : Current memory(MB): used = 506, reserve = 476, peak = 506.
PHY-1001 : End phase 2; 3.698448s wall, 4.281250s user + 0.156250s system = 4.437500s CPU (120.0%)

PHY-1001 : ===== Detail Route Phase 3 =====
PHY-1001 : Ripup-reroute.....
PHY-1001 : ===== DR Iter 1 =====
PHY-1022 : len = 276488, over cnt = 12(0%), over = 12, worst = 1, crit = 0
PHY-1001 : End DR Iter 1; 0.045755s wall, 0.046875s user + 0.000000s system = 0.046875s CPU (102.4%)

PHY-1001 : ===== DR Iter 2 =====
PHY-1022 : len = 276568, over cnt = 2(0%), over = 2, worst = 1, crit = 0
PHY-1001 : End DR Iter 2; 0.043534s wall, 0.046875s user + 0.000000s system = 0.046875s CPU (107.7%)

PHY-1001 : ===== DR Iter 3 =====
PHY-1022 : len = 276416, over cnt = 0(0%), over = 0, worst = 0, crit = 0
PHY-1001 : End DR Iter 3; 0.036859s wall, 0.031250s user + 0.000000s system = 0.031250s CPU (84.8%)

PHY-1001 : Commit to database.....
PHY-1001 : 10 feed throughs used by 9 nets
PHY-1001 : End commit to database; 0.149471s wall, 0.140625s user + 0.000000s system = 0.140625s CPU (94.1%)

PHY-1001 : Current memory(MB): used = 520, reserve = 490, peak = 520.
PHY-1001 : End phase 3; 0.403539s wall, 0.406250s user + 0.000000s system = 0.406250s CPU (100.7%)

PHY-1003 : Routed, final wirelength = 276416
PHY-1001 : Current memory(MB): used = 520, reserve = 490, peak = 520.
PHY-1001 : End export database. 0.009756s wall, 0.015625s user + 0.000000s system = 0.015625s CPU (160.2%)

PHY-1001 : End detail routing;  8.670322s wall, 9.109375s user + 0.281250s system = 9.390625s CPU (108.3%)

RUN-1003 : finish command "route" in  9.207927s wall, 9.656250s user + 0.281250s system = 9.937500s CPU (107.9%)

RUN-1004 : used memory is 455 MB, reserved memory is 424 MB, peak memory is 520 MB
RUN-1002 : start command "report_area -io_info -file rx_top_phy.area"
RUN-1001 : standard
***Report Model: rx_top Device: EG4S20BG256***

IO Statistics
#IO                        25
  #input                    4
  #output                  21
  #inout                    0

Utilization Statistics
#lut                      722   out of  19600    3.68%
#reg                      542   out of  19600    2.77%
#le                       904
  #lut only               362   out of    904   40.04%
  #reg only               182   out of    904   20.13%
  #lut&reg                360   out of    904   39.82%
#dsp                        0   out of     29    0.00%
#bram                      34   out of     64   53.12%
  #bram9k                  34
  #fifo9k                   0
#bram32k                    0   out of     16    0.00%
#pad                       25   out of    188   13.30%
  #ireg                     1
  #oreg                    13
  #treg                     0
#pll                        0   out of      4    0.00%
#gclk                       3   out of     16   18.75%

Clock Resource Statistics
Index     ClockNet             Type               DriverType         Driver                     Fanout
#1        config_inst_syn_9    GCLK               config             config_inst.jtck           170
#2        CLK_500K             GCLK               lslice             cnt2_b[4]_syn_19.q0        169
#3        CLK_dup_1            GCLK               io                 CLK_syn_2.di               19
#4        U5/SingleNum_n       GCLK               lslice             U5/SingleNum_n_syn_7.f0    8


Detailed IO Report

        Name           Direction    Location    IOStandard    DriveStrength    PullType    PackReg  
         CLK             INPUT         R7        LVCMOS33          N/A          PULLUP      NONE    
        RSTn             INPUT         A9        LVCMOS33          N/A          PULLUP      NONE    
      RX_En_Sig          INPUT        A10        LVCMOS33          N/A          PULLUP      NONE    
      RX_Pin_In          INPUT        F12        LVCMOS33          N/A          PULLUP      IREG    
  DigitronCS_Out[3]     OUTPUT         A3        LVCMOS33           8            NONE       OREG    
  DigitronCS_Out[2]     OUTPUT         A5        LVCMOS33           8            NONE       OREG    
  DigitronCS_Out[1]     OUTPUT         B6        LVCMOS33           8            NONE       OREG    
  DigitronCS_Out[0]     OUTPUT         C9        LVCMOS33           8            NONE       OREG    
   Digitron_Out[7]      OUTPUT         C8        LVCMOS33           8            NONE       NONE    
   Digitron_Out[6]      OUTPUT         A8        LVCMOS33           8            NONE       NONE    
   Digitron_Out[5]      OUTPUT         B5        LVCMOS33           8            NONE       NONE    
   Digitron_Out[4]      OUTPUT         A7        LVCMOS33           8            NONE       NONE    
   Digitron_Out[3]      OUTPUT         E8        LVCMOS33           8            NONE       NONE    
   Digitron_Out[2]      OUTPUT         B8        LVCMOS33           8            NONE       NONE    
   Digitron_Out[1]      OUTPUT         A6        LVCMOS33           8            NONE       NONE    
   Digitron_Out[0]      OUTPUT         A4        LVCMOS33           8            NONE       NONE    
     LED_Out[7]         OUTPUT        F16        LVCMOS33           8            NONE       OREG    
     LED_Out[6]         OUTPUT        E16        LVCMOS33           8            NONE       OREG    
     LED_Out[5]         OUTPUT        E13        LVCMOS33           8            NONE       OREG    
     LED_Out[4]         OUTPUT        C16        LVCMOS33           8            NONE       OREG    
     LED_Out[3]         OUTPUT        C15        LVCMOS33           8            NONE       OREG    
     LED_Out[2]         OUTPUT        B16        LVCMOS33           8            NONE       OREG    
     LED_Out[1]         OUTPUT        B15        LVCMOS33           8            NONE       OREG    
     LED_Out[0]         OUTPUT        B14        LVCMOS33           8            NONE       OREG    
     TX_Pin_Out         OUTPUT        D12        LVCMOS33           8            NONE       OREG    

Report Hierarchy Area:
+---------------------------------------------------------------------------------------------------------------+
|Instance                             |Module              |le     |lut     |ripple  |seq     |bram    |dsp     |
+---------------------------------------------------------------------------------------------------------------+
|top                                  |rx_top              |904    |586     |136     |556     |34      |0       |
|  U1                                 |detect_module       |1      |1       |0       |1       |0       |0       |
|  U2                                 |rx_bps_module       |27     |23      |4       |13      |0       |0       |
|  U3                                 |rx_control_module   |41     |36      |5       |14      |0       |0       |
|  U5                                 |Digitron_NumDisplay |104    |86      |18      |22      |0       |0       |
|  U6                                 |calculate_rx        |39     |39      |0       |25      |0       |0       |
|  U7                                 |tx_bitrate          |27     |23      |4       |13      |0       |0       |
|  U8                                 |uart_tx             |21     |21      |0       |9       |0       |0       |
|  cw_top                             |CW_TOP_WRAPPER      |613    |336     |95      |432     |0       |0       |
|    wrapper_cwc_top                  |cwc_top             |613    |336     |95      |432     |0       |0       |
|      cfg_int_inst                   |cwc_cfg_int         |298    |136     |0       |294     |0       |0       |
|        reg_inst                     |register            |296    |134     |0       |292     |0       |0       |
|        tap_inst                     |tap                 |2      |2       |0       |2       |0       |0       |
|      trigger_inst                   |trigger             |315    |200     |95      |138     |0       |0       |
|        bus_inst                     |bus_top             |106    |68      |34      |49      |0       |0       |
|          BUS_DETECTOR[0]$bus_nodes  |bus_det             |2      |1       |0       |2       |0       |0       |
|          BUS_DETECTOR[10]$bus_nodes |bus_det             |3      |2       |0       |3       |0       |0       |
|          BUS_DETECTOR[11]$bus_nodes |bus_det             |1      |1       |0       |1       |0       |0       |
|          BUS_DETECTOR[1]$bus_nodes  |bus_det             |14     |8       |6       |5       |0       |0       |
|          BUS_DETECTOR[2]$bus_nodes  |bus_det             |2      |2       |0       |2       |0       |0       |
|          BUS_DETECTOR[3]$bus_nodes  |bus_det             |46     |28      |18      |14      |0       |0       |
|          BUS_DETECTOR[4]$bus_nodes  |bus_det             |2      |2       |0       |2       |0       |0       |
|          BUS_DETECTOR[5]$bus_nodes  |bus_det             |27     |17      |10      |11      |0       |0       |
|          BUS_DETECTOR[6]$bus_nodes  |bus_det             |2      |1       |0       |2       |0       |0       |
|          BUS_DETECTOR[7]$bus_nodes  |bus_det             |2      |2       |0       |2       |0       |0       |
|          BUS_DETECTOR[8]$bus_nodes  |bus_det             |3      |2       |0       |3       |0       |0       |
|          BUS_DETECTOR[9]$bus_nodes  |bus_det             |2      |2       |0       |2       |0       |0       |
|        emb_ctrl_inst                |emb_ctrl            |106    |77      |29      |49      |0       |0       |
+---------------------------------------------------------------------------------------------------------------+


DataNet Average Fanout:

   Index     Fanout     Nets  
    #1          1       487   
    #2          2       389   
    #3          3       114   
    #4          4        27   
    #5        5-10       49   
    #6        11-50      60   
    #7       51-100      4    
    #8       101-500     2    
  Average     3.45            

RUN-1002 : start command "export_db rx_top_pr.db"
RUN-1001 : Exported /
RUN-1001 : Exported flow parameters
RUN-1001 : Exported libs
RUN-1001 : Exported entities
RUN-1001 : Exported ports
RUN-1001 : Exported pins
RUN-1001 : Exported instances
RUN-1001 : Exported nets
RUN-1001 : Exported buses
RUN-1001 : Exported models
RUN-1001 : Exported congestions
RUN-1001 : Exported violations
RUN-1001 : Exported IO constraints
RUN-1001 : Exported Inst constraints
RUN-1001 : Exported ChipWatcher
RUN-1002 : start command "export_bid rx_top_inst.bid"
PRG-1000 : <!-- HMAC is: 4b6beeb5811b432c167f3e72935d916dc4f55d6b321f8ec271a9b79ef420b402 -->
RUN-1002 : start command "bitgen -bit rx_top.bit -unused_io_status pulldown"
BIT-1003 : Start to generate bitstream. 
BIT-1002 : Bitgen processed 163 unused pads, reserve input tri_state with pulldown
BIT-1002 : Init instances with 16 threads.
BIT-1002 : Init instances completely, inst num: 704
BIT-1002 : Init pips with 16 threads.
BIT-1002 : Init pips completely, net num: 1163, pip num: 14888
BIT-1002 : Init feedthrough with 16 threads.
BIT-1002 : Init feedthrough completely, num: 10
BIT-1003 : Multithreading accelaration with 16 threads.
BIT-1003 : Generate bitstream completely, there are 1622 valid insts, and 38342 bits set as '1'.
BIT-1004 : the usercode register value: 00000000011001111010001011001011
BIT-1004 : PLL setting string = 0000
BIT-1004 : Generate bits file rx_top.bit.
RUN-1003 : finish command "bitgen -bit rx_top.bit -unused_io_status pulldown" in  2.129243s wall, 17.937500s user + 0.265625s system = 18.203125s CPU (854.9%)

RUN-1004 : used memory is 455 MB, reserved memory is 432 MB, peak memory is 654 MB
RUN-1002 : start command "backup_run_log run.log ../.logs/phy_1/td_20240828_102743.log"
RUN-1001 : Backing up run's log file succeed.
