============================================================
   Tang Dynasty, V5.6.71036
      Copyright (c) 2012-2023 Anlogic Inc.
   Executable = C:/Anlogic/TD5.6.2/bin/td.exe
   Built at =   20:34:38 Mar 21 2023
   Run by =     Lenovo
   Run Date =   Mon Aug 26 23:02:56 2024

   Run on =     LAPTOP-QRG7LJL6
============================================================
RUN-1002 : start command "open_project responder.prj"
RUN-1001 : Print Global Property
RUN-1001 : ---------------------------------------------------------------
RUN-1001 :        Parameters        |  Settings  |  Default Values  |  Note  
RUN-1001 : ---------------------------------------------------------------
RUN-1001 :          message         |  standard  |     standard     |        
RUN-1001 :   mixed_pack_place_flow  |     on     |        on        |        
RUN-1001 :        qor_monitor       |    off     |       off        |        
RUN-1001 :        syn_ip_flow       |    off     |       off        |        
RUN-1001 :          thread          |    auto    |       auto       |        
RUN-1001 : ---------------------------------------------------------------
RUN-1001 : Print Design Property
RUN-1001 : --------------------------------------------------------------
RUN-1001 :        Parameters       |  Settings  |  Default Values  |  Note  
RUN-1001 : --------------------------------------------------------------
RUN-1001 :   default_reg_initial   |    auto    |       auto       |        
RUN-1001 :        infer_add        |     on     |        on        |        
RUN-1001 :        infer_fsm        |    off     |       off        |        
RUN-1001 :        infer_mult       |     on     |        on        |        
RUN-1001 :        infer_ram        |     on     |        on        |        
RUN-1001 :        infer_reg        |     on     |        on        |        
RUN-1001 :   infer_reg_init_value  |     on     |        on        |        
RUN-1001 :        infer_rom        |     on     |        on        |        
RUN-1001 :      infer_shifter      |     on     |        on        |        
RUN-1001 : --------------------------------------------------------------
RUN-1001 : Print Rtl Property
RUN-1001 : --------------------------------------------------------------
RUN-1001 :        Parameters       |  Settings  |  Default Values  |  Note  
RUN-1001 : --------------------------------------------------------------
RUN-1001 :       compress_add      |   ripple   |      ripple      |        
RUN-1001 :        elf_sload        |    off     |       off        |        
RUN-1001 :       fix_undriven      |     0      |        0         |        
RUN-1001 :         flatten         |    off     |       off        |        
RUN-1001 :       gate_sharing      |     on     |        on        |        
RUN-1001 :    hdl_warning_level    |   normal   |      normal      |        
RUN-1001 :   impl_internal_tribuf  |     on     |        on        |        
RUN-1001 :      impl_set_reset     |     on     |        on        |        
RUN-1001 :        infer_gsr        |    off     |       off        |        
RUN-1001 :      keep_hierarchy     |    auto    |       auto       |        
RUN-1001 :        max_fanout       |    9999    |       9999       |        
RUN-1001 :      max_oh2bin_len     |     10     |        10        |        
RUN-1001 :       merge_equal       |     on     |        on        |        
RUN-1001 :       merge_equiv       |     on     |        on        |        
RUN-1001 :        merge_mux        |    off     |       off        |        
RUN-1001 :     min_control_set     |     8      |        8         |        
RUN-1001 :      min_ripple_len     |    auto    |       auto       |        
RUN-1001 :       oh2bin_ratio      |    0.08    |       0.08       |        
RUN-1001 :     opt_adder_fanout    |     on     |        on        |        
RUN-1001 :        opt_arith        |     on     |        on        |        
RUN-1001 :       opt_big_gate      |    off     |       off        |        
RUN-1001 :        opt_const        |     on     |        on        |        
RUN-1001 :      opt_const_mult     |     on     |        on        |        
RUN-1001 :       opt_lessthan      |     on     |        on        |        
RUN-1001 :         opt_mux         |    off     |       off        |        
RUN-1001 :         opt_ram         |    high    |       high       |        
RUN-1001 :      rtl_sim_model      |    off     |       off        |        
RUN-1001 :         seq_syn         |     on     |        on        |        
RUN-1001 : --------------------------------------------------------------
HDL-1007 : analyze verilog file ../../responder.v
HDL-1007 : analyze verilog file ../../Sel_module.v
HDL-1007 : analyze verilog file ../../Timer_module.v
HDL-1007 : analyze verilog file ../../Buzzer_module.v
HDL-1007 : analyze verilog file ../../Digitron_NumDisplay.v
HDL-1007 : analyze verilog file ../../key_filter.v
RUN-1001 : Project manager successfully analyzed 6 source files.
RUN-1002 : start command "import_device eagle_s20.db -package EG4S20BG256"
ARC-1001 : Device Initialization.
ARC-1001 : ------------------------------------------------------------------
ARC-1001 :            OPTION            |          IO          |   SETTING   
ARC-1001 : ------------------------------------------------------------------
ARC-1001 :   cso_b/cclk/mosi/miso/dout  |  T3/R11/T10/P10/S11  |    gpio    
ARC-1001 :             done             |         P13          |    gpio    
ARC-1001 :           program_b          |          T2          |  dedicate  
ARC-1001 :        tdi/tms/tck/tdo       |   C12/A15/C14/E14    |  dedicate  
ARC-1001 : ------------------------------------------------------------------
ARC-1004 : Device setting, marked 5 dedicate IOs in total.
RUN-1002 : start command "import_db ../syn_1/responder_gate.db"
RUN-1001 : Importing database generated by Tang Dynasty, V5.6.71036.
RUN-1001 : Database version number 46146.
RUN-1001 : Import flow parameters
RUN-1001 : Import IO constraints
RUN-1001 : Import Inst constraints
RUN-1001 : Import design success TD_VERSION=5.6.71036 , DB_VERSION=46146
RUN-1002 : start command "place"
RUN-1001 : Open license file C:/Anlogic/TD5.6.2/license/Anlogic.lic
RUN-1001 : Print Global Property
RUN-1001 : ---------------------------------------------------------------
RUN-1001 :        Parameters        |  Settings  |  Default Values  |  Note  
RUN-1001 : ---------------------------------------------------------------
RUN-1001 :          message         |  standard  |     standard     |        
RUN-1001 :   mixed_pack_place_flow  |     on     |        on        |        
RUN-1001 :        qor_monitor       |    off     |       off        |        
RUN-1001 :        syn_ip_flow       |    off     |       off        |        
RUN-1001 :          thread          |    auto    |       auto       |        
RUN-1001 : ---------------------------------------------------------------
RUN-1001 : Print Place Property
RUN-1001 : --------------------------------------------------------------
RUN-1001 :        Parameters       |  Settings  |  Default Values  |  Note  
RUN-1001 : --------------------------------------------------------------
RUN-1001 :      detailed_place     |     on     |        on        |        
RUN-1001 :          effort         |   medium   |      medium      |        
RUN-1001 :         fix_hold        |    off     |       off        |        
RUN-1001 :       legalization      |    ori     |       ori        |        
RUN-1001 :      new_spreading      |     on     |        on        |        
RUN-1001 :        opt_timing       |   medium   |      medium      |        
RUN-1001 :   post_clock_route_opt  |    off     |       off        |        
RUN-1001 :       pr_strategy       |     1      |        1         |        
RUN-1001 :        relaxation       |    1.00    |       1.00       |        
RUN-1001 :         retiming        |    off     |       off        |        
RUN-1001 : --------------------------------------------------------------
PHY-3001 : Placer runs in 16 thread(s).
RUN-1002 : start command "legalize_phy_inst"
SYN-1011 : Flatten model responder
RUN-1002 : start command "phys_opt -simplify_lut"
SYN-4024 : Net "CLK_dup_1" drives clk pins.
SYN-4024 : Net "U4/W_Digitron_Out_n" drives clk pins.
SYN-4024 : Net "U4/W_DigitronCS_Out_n" drives clk pins.
SYN-4024 : Net "U2/CLK1" drives clk pins.
SYN-4024 : Net "U4/SingleNum_b_n4" drives clk pins.
SYN-4025 : Tag rtl::Net CLK_dup_1 as clock net
SYN-4025 : Tag rtl::Net U2/CLK1 as clock net
SYN-4025 : Tag rtl::Net U4/SingleNum_b_n4 as clock net
SYN-4025 : Tag rtl::Net U4/W_DigitronCS_Out_n as clock net
SYN-4025 : Tag rtl::Net U4/W_Digitron_Out_n as clock net
SYN-4026 : Tagged 5 rtl::Net as clock net
SYN-4015 : Create BUFG instance for clk Net U4/W_DigitronCS_Out_n to drive 8 clock pins.
SYN-4015 : Create BUFG instance for clk Net U4/W_Digitron_Out_n to drive 7 clock pins.
SYN-4015 : Create BUFG instance for clk Net U2/CLK1 to drive 4 clock pins.
SYN-4015 : Create BUFG instance for clk Net U4/SingleNum_b_n4 to drive 4 clock pins.
PHY-1001 : Populate physical database on model responder.
RUN-1001 : There are total 416 instances
RUN-0007 : 171 luts, 153 seqs, 32 mslices, 30 lslices, 23 pads, 0 brams, 0 dsps
RUN-1001 : There are total 576 nets
RUN-1001 : 330 nets have 2 pins
RUN-1001 : 210 nets have [3 - 5] pins
RUN-1001 : 21 nets have [6 - 10] pins
RUN-1001 : 9 nets have [11 - 20] pins
RUN-1001 : 4 nets have [21 - 99] pins
RUN-1001 : 2 nets have 100+ pins
RUN-1001 : Report Control nets information:
RUN-1001 : DFF Distribution
RUN-1001 : ----------------------------------
RUN-1001 :   CE   |  SSR  |  ASR  |  DFF Count  
RUN-1001 : ----------------------------------
RUN-1001 :   No   |  No   |  No   |     33      
RUN-1001 :   No   |  No   |  Yes  |     54      
RUN-1001 :   No   |  Yes  |  No   |      6      
RUN-1001 :   Yes  |  No   |  No   |      0      
RUN-1001 :   Yes  |  No   |  Yes  |     60      
RUN-1001 :   Yes  |  Yes  |  No   |      0      
RUN-1001 : ----------------------------------
RUN-0007 : Control Group Statistic
RUN-0007 : ---------------------------
RUN-0007 :   #CLK  |  #CE  |  #SSR/ASR  
RUN-0007 : ---------------------------
RUN-0007 :    6    |   3   |     4      
RUN-0007 : ---------------------------
RUN-0007 : Control Set = 11
PHY-3001 : Initial placement ...
PHY-3001 : design contains 414 instances, 171 luts, 153 seqs, 62 slices, 7 macros(62 instances: 32 mslices 30 lslices)
PHY-0007 : Cell area utilization is 1%
PHY-3001 : Global placement ...
PHY-3001 : Initial: Len = 184761
PHY-3001 : Clustering ...
PHY-3001 : Level 0 #clusters 414.
PHY-3001 : End clustering;  0.000036s wall, 0.000000s user + 0.000000s system = 0.000000s CPU (n/a%)

PHY-3001 : Run with size of 4
PHY-3001 : Cell area utilization is 1%
PHY-3001 : :::0::: Try harder cell spreading with beta_ = 0
PHY-3002 : Step(1): len = 91030.8, overlap = 0
PHY-3002 : Step(2): len = 71765.5, overlap = 0
PHY-3002 : Step(3): len = 45788.5, overlap = 0
PHY-3002 : Step(4): len = 34987.9, overlap = 0
PHY-3002 : Step(5): len = 26996, overlap = 0
PHY-3002 : Step(6): len = 23043.4, overlap = 0
PHY-3002 : Step(7): len = 21282.2, overlap = 0
PHY-3002 : Step(8): len = 20708.4, overlap = 0
PHY-3002 : Step(9): len = 18431.6, overlap = 0
PHY-3002 : Step(10): len = 17027.5, overlap = 0
PHY-3002 : Step(11): len = 15389.4, overlap = 0
PHY-3002 : Step(12): len = 13736.3, overlap = 0
PHY-3002 : Step(13): len = 12825.7, overlap = 0
PHY-3002 : Step(14): len = 12448.9, overlap = 0
PHY-3002 : Step(15): len = 12711.2, overlap = 0
PHY-3002 : Step(16): len = 12860, overlap = 0
PHY-3002 : Step(17): len = 12390.4, overlap = 0
PHY-3002 : Step(18): len = 11836.7, overlap = 0
PHY-3002 : Step(19): len = 11783.6, overlap = 0
PHY-3002 : Step(20): len = 10949.4, overlap = 0
PHY-3002 : Step(21): len = 11070.5, overlap = 0
PHY-3002 : Step(22): len = 10159.8, overlap = 0
PHY-3002 : Step(23): len = 9690.2, overlap = 0
PHY-3002 : Step(24): len = 9752.4, overlap = 0
PHY-3002 : Step(25): len = 9512.6, overlap = 0
PHY-3002 : Step(26): len = 9804.2, overlap = 0
PHY-3002 : Step(27): len = 10179.1, overlap = 0
PHY-3002 : Step(28): len = 9463.3, overlap = 0
PHY-3002 : Step(29): len = 9004.3, overlap = 0
PHY-3002 : Step(30): len = 9004.3, overlap = 0
PHY-3002 : Step(31): len = 8451.4, overlap = 0
PHY-3002 : Step(32): len = 8616.2, overlap = 0
PHY-3002 : Step(33): len = 8616.2, overlap = 0
PHY-3001 : Legalization ...
PHY-3001 : End legalization;  0.003432s wall, 0.000000s user + 0.000000s system = 0.000000s CPU (n/a%)

PHY-3001 : Run with size of 4
PHY-3001 : Cell area utilization is 1%
PHY-3001 : :::0::: Try harder cell spreading with beta_ = 0
PHY-3002 : Step(34): len = 8337.5, overlap = 0.875
PHY-3002 : Step(35): len = 8441, overlap = 0.96875
PHY-3002 : Step(36): len = 8518.5, overlap = 0.96875
PHY-3001 : Run with size of 2
PHY-3001 : Cell area utilization is 1%
PHY-3001 : :::0::: Try harder cell spreading with beta_ = 0.000657128
PHY-3002 : Step(37): len = 8470.9, overlap = 8.96875
PHY-3002 : Step(38): len = 8554.2, overlap = 8.8125
PHY-3002 : Step(39): len = 8659.4, overlap = 8.625
PHY-3001 : :::1::: Try harder cell spreading with beta_ = 0.00131426
PHY-3002 : Step(40): len = 8224.3, overlap = 8.4375
PHY-3002 : Step(41): len = 8241.7, overlap = 8.375
PHY-3001 : :::2::: Try harder cell spreading with beta_ = 0.00262851
PHY-3002 : Step(42): len = 8284.6, overlap = 8.25
PHY-3002 : Step(43): len = 8284.6, overlap = 8.25
OPT-1001 : Start physical optimization ...
OPT-1001 : Total overflow 20.53 peak overflow 3.50
OPT-1001 : Start high-fanout net optimization ...
OPT-1001 : Update timing in global mode
PHY-1001 : Start incremental global routing, caller is place ...
RUN-1001 : Generating global routing grids ...
RUN-1001 : Building simple global routing graph ...
PHY-1001 : Generate routing nets ...
PHY-1001 : Reuse net number 0/576.
PHY-1001 : Global iterations in 16 thread ...
PHY-1002 : len = 8976, over cnt = 20(0%), over = 85, worst = 10
PHY-1001 : End global iterations;  0.025167s wall, 0.046875s user + 0.093750s system = 0.140625s CPU (558.8%)

PHY-1001 : Congestion index: top1 = 13.00, top5 = 5.31, top10 = 2.96, top15 = 1.98.
PHY-1001 : End incremental global routing;  0.077732s wall, 0.093750s user + 0.093750s system = 0.187500s CPU (241.2%)

RUN-1002 : start command "start_timer -report"
TMR-5001 WARNING: No sdc constraints found while initiating timer.
TMR-2505 : Start building timing graph for model responder.
TMR-2506 : Build timing graph completely. Port num: 7, tpin num: 1977, tnet num: 574, tinst num: 414, tnode num: 2564, tedge num: 3246.
TMR-2508 : Levelizing timing graph completed, there are 25 levels in total.
TMR-2501 : Timing graph initialized successfully.
OPT-1001 : End timing update;  0.143824s wall, 0.140625s user + 0.000000s system = 0.140625s CPU (97.8%)

OPT-1001 : 0 high-fanout net processed.
OPT-1001 : End high-fanout net optimization;  0.226856s wall, 0.250000s user + 0.093750s system = 0.343750s CPU (151.5%)

OPT-1001 : Current memory(MB): used = 146, reserve = 117, peak = 146.
OPT-1001 : End physical optimization;  0.234148s wall, 0.250000s user + 0.093750s system = 0.343750s CPU (146.8%)

PHY-3001 : Start packing ...
SYN-4007 : Packing 0 MUX to BLE ...
SYN-4008 : Packed 0 MUX and 0 SEQ to BLE.
SYN-4007 : Packing 171 LUT to BLE ...
SYN-4008 : Packed 171 LUT and 80 SEQ to BLE.
SYN-4003 : Packing 73 remaining SEQ's ...
SYN-4005 : Packed 52 SEQ with LUT/SLICE
SYN-4006 : 46 single LUT's are left
SYN-4006 : 21 single SEQ's are left
SYN-4011 : Packing model "responder" (AL_USER_NORMAL) with 192/284 primitive instances ...
PHY-3001 : End packing;  0.014315s wall, 0.015625s user + 0.000000s system = 0.015625s CPU (109.2%)

PHY-1001 : Populate physical database on model responder.
RUN-1001 : There are total 204 instances
RUN-1001 : 87 mslices, 87 lslices, 23 pads, 0 brams, 0 dsps
RUN-1001 : There are total 503 nets
RUN-1001 : 258 nets have 2 pins
RUN-1001 : 207 nets have [3 - 5] pins
RUN-1001 : 22 nets have [6 - 10] pins
RUN-1001 : 11 nets have [11 - 20] pins
RUN-1001 : 3 nets have [21 - 99] pins
RUN-1001 : 2 nets have 100+ pins
PHY-3001 : design contains 202 instances, 174 slices, 7 macros(62 instances: 32 mslices 30 lslices)
PHY-3001 : Cell area utilization is 2%
PHY-3001 : After packing: Len = 8718.6, Over = 11
PHY-3001 : Run with size of 2
PHY-3001 : Cell area utilization is 2%
PHY-3001 : :::0::: Try harder cell spreading with beta_ = 3.83436e-05
PHY-3002 : Step(44): len = 8854.4, overlap = 11.75
PHY-3002 : Step(45): len = 8964.1, overlap = 11.25
PHY-3002 : Step(46): len = 9001.7, overlap = 11
PHY-3001 : :::1::: Try harder cell spreading with beta_ = 7.66873e-05
PHY-3002 : Step(47): len = 8940.8, overlap = 11.25
PHY-3002 : Step(48): len = 8999.4, overlap = 11.25
PHY-3002 : Step(49): len = 9066.5, overlap = 11.25
PHY-3001 : :::2::: Try harder cell spreading with beta_ = 0.000153375
PHY-3002 : Step(50): len = 9387.9, overlap = 10.5
PHY-3002 : Step(51): len = 9459.4, overlap = 9.75
PHY-3002 : Step(52): len = 9570.9, overlap = 8.75
PHY-3001 : Legalization ...
PHY-3001 : End legalization;  0.089391s wall, 0.046875s user + 0.250000s system = 0.296875s CPU (332.1%)

PHY-3001 : Trial Legalized: Len = 13752.5
PHY-3001 : Run with size of 2
PHY-3001 : Cell area utilization is 2%
PHY-3001 : :::0::: Try harder cell spreading with beta_ = 0
PHY-3002 : Step(53): len = 10708.7, overlap = 4.5
PHY-3002 : Step(54): len = 9722.9, overlap = 6
PHY-3002 : Step(55): len = 9484.5, overlap = 6
PHY-3002 : Step(56): len = 9452.3, overlap = 6.25
PHY-3002 : Step(57): len = 9483.4, overlap = 6.25
PHY-3001 : :::1::: Try harder cell spreading with beta_ = 0.000137487
PHY-3002 : Step(58): len = 9349, overlap = 5.75
PHY-3002 : Step(59): len = 9346.7, overlap = 6
PHY-3002 : Step(60): len = 9346, overlap = 5.75
PHY-3001 : :::2::: Try harder cell spreading with beta_ = 0.000274974
PHY-3002 : Step(61): len = 9324.3, overlap = 5.75
PHY-3002 : Step(62): len = 9324.3, overlap = 5.75
PHY-3001 : Legalization ...
PHY-3001 : End legalization;  0.003914s wall, 0.000000s user + 0.000000s system = 0.000000s CPU (n/a%)

PHY-3001 : Legalized: Len = 11354.5, Over = 0
PHY-3001 : End spreading;  0.002548s wall, 0.000000s user + 0.000000s system = 0.000000s CPU (n/a%)

PHY-3001 : Final: Len = 11354.5, Over = 0
OPT-1001 : Start physical optimization ...
OPT-1001 : Total overflow 0.00 peak overflow 0.00
OPT-1001 : Start high-fanout net optimization ...
OPT-1001 : Update timing in global mode
PHY-1001 : Start incremental global routing, caller is place ...
RUN-1001 : Generating global routing grids ...
PHY-1001 : Generate routing nets ...
PHY-1001 : Reuse net number 6/503.
PHY-1001 : Global iterations in 16 thread ...
PHY-1002 : len = 12312, over cnt = 35(0%), over = 50, worst = 4
PHY-1002 : len = 12688, over cnt = 10(0%), over = 11, worst = 2
PHY-1002 : len = 12808, over cnt = 2(0%), over = 2, worst = 1
PHY-1002 : len = 12840, over cnt = 0(0%), over = 0, worst = 0
PHY-1001 : End global iterations;  0.058006s wall, 0.062500s user + 0.031250s system = 0.093750s CPU (161.6%)

PHY-1001 : Congestion index: top1 = 18.38, top5 = 7.83, top10 = 4.29, top15 = 2.86.
PHY-1001 : End incremental global routing;  0.112014s wall, 0.109375s user + 0.031250s system = 0.140625s CPU (125.5%)

RUN-1002 : start command "start_timer -report"
TMR-5001 WARNING: No sdc constraints found while initiating timer.
TMR-2505 : Start building timing graph for model responder.
TMR-2506 : Build timing graph completely. Port num: 7, tpin num: 1717, tnet num: 501, tinst num: 202, tnode num: 2161, tedge num: 2953.
TMR-2508 : Levelizing timing graph completed, there are 25 levels in total.
TMR-2501 : Timing graph initialized successfully.
OPT-1001 : End timing update;  0.106502s wall, 0.109375s user + 0.000000s system = 0.109375s CPU (102.7%)

OPT-1001 : 0 high-fanout net processed.
OPT-1001 : End high-fanout net optimization;  0.223097s wall, 0.218750s user + 0.031250s system = 0.250000s CPU (112.1%)

OPT-1001 : Current memory(MB): used = 147, reserve = 118, peak = 147.
OPT-1001 : Update timing in Manhattan mode
OPT-1001 : End timing update;  0.000413s wall, 0.000000s user + 0.000000s system = 0.000000s CPU (n/a%)

OPT-1001 : Start pin optimization...
OPT-1001 : skip pin optimization...
RUN-1001 : Generating global routing grids ...
PHY-1001 : Generate routing nets ...
PHY-1001 : Reuse net number 403/503.
PHY-1001 : Global iterations in 16 thread ...
PHY-1002 : len = 12840, over cnt = 0(0%), over = 0, worst = 0
PHY-1001 : End global iterations;  0.003970s wall, 0.015625s user + 0.000000s system = 0.015625s CPU (393.6%)

PHY-1001 : Congestion index: top1 = 18.38, top5 = 7.83, top10 = 4.29, top15 = 2.86.
OPT-1001 : Update timing in Manhattan mode
OPT-1001 : End timing update;  0.000826s wall, 0.000000s user + 0.000000s system = 0.000000s CPU (n/a%)

RUN-1001 : QoR Analysis:
OPT-0007 :   WNS 2147483647 TNS 0 NUM_FEPS 0
RUN-1001 :   No local congestion issue, and most congested 1% tile average routing util is 17.931034
RUN-1001 :   Top critical paths
OPT-1001 : End physical optimization;  0.299693s wall, 0.343750s user + 0.109375s system = 0.453125s CPU (151.2%)

RUN-1003 : finish command "place" in  2.242588s wall, 2.531250s user + 3.625000s system = 6.156250s CPU (274.5%)

RUN-1004 : used memory is 132 MB, reserved memory is 103 MB, peak memory is 148 MB
RUN-1002 : start command "export_db responder_place.db"
RUN-1001 : Exported /
RUN-1001 : Exported flow parameters
RUN-1001 : Exported libs
RUN-1001 : Exported entities
RUN-1001 : Exported ports
RUN-1001 : Exported pins
RUN-1001 : Exported instances
RUN-1001 : Exported nets
RUN-1001 : Exported buses
RUN-1001 : Exported models
RUN-1001 : Exported congestions
RUN-1001 : Exported violations
RUN-1001 : Exported IO constraints
RUN-1001 : Exported Inst constraints
RUN-1002 : start command "route"
RUN-1001 : Open license file C:/Anlogic/TD5.6.2/license/Anlogic.lic
RUN-1001 : Print Global Property
RUN-1001 : ---------------------------------------------------------------
RUN-1001 :        Parameters        |  Settings  |  Default Values  |  Note  
RUN-1001 : ---------------------------------------------------------------
RUN-1001 :          message         |  standard  |     standard     |        
RUN-1001 :   mixed_pack_place_flow  |     on     |        on        |        
RUN-1001 :        qor_monitor       |    off     |       off        |        
RUN-1001 :        syn_ip_flow       |    off     |       off        |        
RUN-1001 :          thread          |    auto    |       auto       |        
RUN-1001 : ---------------------------------------------------------------
RUN-1001 : Print Route Property
RUN-1001 : -------------------------------------------------------
RUN-1001 :    Parameters    |  Settings  |  Default Values  |  Note  
RUN-1001 : -------------------------------------------------------
RUN-1001 :      effort      |   medium   |      medium      |        
RUN-1001 :     fix_hold     |    off     |       off        |        
RUN-1001 :    opt_timing    |   medium   |      medium      |        
RUN-1001 :   phy_sim_model  |    off     |       off        |        
RUN-1001 :     priority     |   timing   |      timing      |        
RUN-1001 :     swap_pin     |     on     |        on        |        
RUN-1001 : -------------------------------------------------------
PHY-1001 : Route runs in 16 thread(s)
RUN-1001 : There are total 204 instances
RUN-1001 : 87 mslices, 87 lslices, 23 pads, 0 brams, 0 dsps
RUN-1001 : There are total 503 nets
RUN-1001 : 258 nets have 2 pins
RUN-1001 : 207 nets have [3 - 5] pins
RUN-1001 : 22 nets have [6 - 10] pins
RUN-1001 : 11 nets have [11 - 20] pins
RUN-1001 : 3 nets have [21 - 99] pins
RUN-1001 : 2 nets have 100+ pins
RUN-1002 : start command "start_timer -report"
TMR-5001 WARNING: No sdc constraints found while initiating timer.
TMR-2505 : Start building timing graph for model responder.
TMR-2506 : Build timing graph completely. Port num: 7, tpin num: 1717, tnet num: 501, tinst num: 202, tnode num: 2161, tedge num: 2953.
TMR-2508 : Levelizing timing graph completed, there are 25 levels in total.
TMR-2501 : Timing graph initialized successfully.
PHY-1001 : 87 mslices, 87 lslices, 23 pads, 0 brams, 0 dsps
TMR-2503 : Start to update net delay, extr mode = 3.
TMR-2504 : Update delay of 501 nets completely.
TMR-2502 : Annotate delay completely, extr mode = 3.
TMR-3002 : No user constraint, initiate default constraint.
TMR-1501 : Assign derive clock DeriveClock to 250 clock pins, and constraint 444 relative nodes.
TMR-3003 : Constraints initiated successfully.
TMR-3501 : Forward propagation: start to calculate arrival time...
TMR-3502 : Backward propagation: start to calculate required time...
TMR-3503 : Timing propagation completes.
PHY-1001 : Start global routing, caller is route ...
RUN-1001 : Generating global routing grids ...
PHY-1001 : Generate routing nets ...
PHY-1001 : Global iterations in 16 thread ...
PHY-1002 : len = 12312, over cnt = 37(0%), over = 50, worst = 4
PHY-1002 : len = 12656, over cnt = 10(0%), over = 11, worst = 2
PHY-1002 : len = 12792, over cnt = 1(0%), over = 1, worst = 1
PHY-1002 : len = 12808, over cnt = 0(0%), over = 0, worst = 0
PHY-1001 : End global iterations;  0.065142s wall, 0.078125s user + 0.046875s system = 0.125000s CPU (191.9%)

PHY-1001 : Congestion index: top1 = 18.53, top5 = 7.85, top10 = 4.27, top15 = 2.85.
PHY-1001 : End global routing;  0.122493s wall, 0.125000s user + 0.046875s system = 0.171875s CPU (140.3%)

PHY-1001 : Start detail routing ...
PHY-1001 : Current memory(MB): used = 171, reserve = 142, peak = 185.
PHY-1001 : Detailed router is running in normal mode.
PHY-1001 : Generate detailed routing grids ...
PHY-1001 : Processed IO instance DigitronCS_Out[3]_syn_2 with INV attribute.
PHY-1001 : Processed IO instance DigitronCS_Out[2]_syn_2 with INV attribute.
PHY-1001 : Processed IO instance DigitronCS_Out[1]_syn_2 with INV attribute.
PHY-1001 : Processed IO instance DigitronCS_Out[0]_syn_2 with INV attribute.
PHY-1001 : Processed IO instance Digitron_Out[6]_syn_2 with INV attribute.
PHY-1001 : Processed IO instance Digitron_Out[5]_syn_2 with INV attribute.
PHY-1001 : Processed IO instance Digitron_Out[4]_syn_2 with INV attribute.
PHY-1001 : Processed IO instance Digitron_Out[3]_syn_2 with INV attribute.
PHY-1001 : Processed IO instance Digitron_Out[2]_syn_2 with INV attribute.
PHY-1001 : Processed IO instance Digitron_Out[1]_syn_2 with INV attribute.
PHY-1001 : Processed IO instance Digitron_Out[0]_syn_2 with INV attribute.
PHY-1001 : Generate nets ...
PHY-1001 : net CLK_dup_1 will be routed on clock mesh
PHY-1001 : clock net U2/CLK1_syn_4 will be merged with clock U2/CLK1
PHY-1001 : clock net U4/W_Digitron_Out_n_syn_2 will be merged with clock U4/W_Digitron_Out_n
PHY-1001 : clock net U4/W_DigitronCS_Out_n_syn_4 will be merged with clock U4/W_DigitronCS_Out_n
PHY-1001 : clock net U4/SingleNum_b_n4_syn_10 will be merged with clock U4/SingleNum_b_n4
PHY-1001 : Current memory(MB): used = 438, reserve = 414, peak = 438.
PHY-1001 : End build detailed router design. 2.990891s wall, 2.890625s user + 0.109375s system = 3.000000s CPU (100.3%)

PHY-1001 : Detail Route ...
PHY-1001 : ===== Detail Route Phase 1 =====
PHY-1001 : Clock net routing.....
PHY-1001 : Routed 0% nets.
PHY-1022 : len = 11896, over cnt = 0(0%), over = 0, worst = 0, crit = 0
PHY-1001 : End initial clock net routed; 1.364179s wall, 1.343750s user + 0.015625s system = 1.359375s CPU (99.6%)

PHY-1001 : Current memory(MB): used = 469, reserve = 445, peak = 469.
PHY-1001 : End phase 1; 1.370142s wall, 1.343750s user + 0.015625s system = 1.359375s CPU (99.2%)

PHY-1001 : ===== Detail Route Phase 2 =====
PHY-1001 : Initial routing.....
PHY-1001 : Routed 33% nets.
PHY-1001 : Routed 40% nets.
PHY-1001 : Routed 47% nets.
PHY-1001 : Routed 61% nets.
PHY-1001 : Routed 83% nets.
PHY-1022 : len = 40976, over cnt = 11(0%), over = 11, worst = 1, crit = 0
PHY-1001 : Current memory(MB): used = 469, reserve = 445, peak = 469.
PHY-1001 : End initial routed; 0.254860s wall, 0.343750s user + 0.078125s system = 0.421875s CPU (165.5%)

PHY-1001 : Current memory(MB): used = 469, reserve = 445, peak = 469.
PHY-1001 : End phase 2; 0.254953s wall, 0.343750s user + 0.078125s system = 0.421875s CPU (165.5%)

PHY-1001 : ===== Detail Route Phase 3 =====
PHY-1001 : Ripup-reroute.....
PHY-1001 : ===== DR Iter 1 =====
PHY-1022 : len = 40976, over cnt = 3(0%), over = 3, worst = 1, crit = 0
PHY-1001 : End DR Iter 1; 0.011650s wall, 0.015625s user + 0.000000s system = 0.015625s CPU (134.1%)

PHY-1001 : ===== DR Iter 2 =====
PHY-1022 : len = 41008, over cnt = 0(0%), over = 0, worst = 0, crit = 0
PHY-1001 : End DR Iter 2; 0.009297s wall, 0.015625s user + 0.000000s system = 0.015625s CPU (168.1%)

PHY-1001 : Commit to database.....
PHY-1001 : 4 feed throughs used by 4 nets
PHY-1001 : End commit to database; 0.037491s wall, 0.031250s user + 0.000000s system = 0.031250s CPU (83.4%)

PHY-1001 : Current memory(MB): used = 479, reserve = 455, peak = 479.
PHY-1001 : End phase 3; 0.149976s wall, 0.140625s user + 0.000000s system = 0.140625s CPU (93.8%)

PHY-1003 : Routed, final wirelength = 41008
PHY-1001 : Current memory(MB): used = 479, reserve = 456, peak = 479.
PHY-1001 : End export database. 0.006638s wall, 0.015625s user + 0.000000s system = 0.015625s CPU (235.4%)

PHY-1001 : End detail routing;  4.963411s wall, 4.875000s user + 0.250000s system = 5.125000s CPU (103.3%)

RUN-1003 : finish command "route" in  5.304622s wall, 5.234375s user + 0.296875s system = 5.531250s CPU (104.3%)

RUN-1004 : used memory is 420 MB, reserved memory is 396 MB, peak memory is 479 MB
RUN-1002 : start command "report_area -io_info -file responder_phy.area"
RUN-1001 : standard
***Report Model: responder Device: EG4S20BG256***

IO Statistics
#IO                        23
  #input                    6
  #output                  17
  #inout                    0

Utilization Statistics
#lut                      304   out of  19600    1.55%
#reg                      197   out of  19600    1.01%
#le                       325
  #lut only               128   out of    325   39.38%
  #reg only                21   out of    325    6.46%
  #lut&reg                176   out of    325   54.15%
#dsp                        0   out of     29    0.00%
#bram                       0   out of     64    0.00%
  #bram9k                   0
  #fifo9k                   0
#bram32k                    0   out of     16    0.00%
#pad                       23   out of    188   12.23%
  #ireg                     4
  #oreg                    12
  #treg                     0
#pll                        0   out of      4    0.00%
#gclk                       4   out of     16   25.00%

Clock Resource Statistics
Index     ClockNet                 Type               DriverType         Driver                   Fanout
#1        CLK_dup_1                GCLK               io                 CLK_syn_2.di             115
#2        U4/W_DigitronCS_Out_n    GCLK               mslice             U4/reg2_syn_29.f1        7
#3        U4/W_Digitron_Out_n      GCLK               lslice             U4/mux1_syn_5.f0         7
#4        U4/SingleNum_b_n4        GCLK               lslice             U4/reg2_syn_25.f0        3
#5        U2/CLK1                  GCLK               mslice             U2/CLK1_reg_syn_33.q0    2


Detailed IO Report

        Name           Direction    Location    IOStandard    DriveStrength    PullType    PackReg  
         CLK             INPUT         R7        LVCMOS33          N/A          PULLUP      NONE    
      Key_In[3]          INPUT        F10        LVCMOS33          N/A          PULLUP      IREG    
      Key_In[2]          INPUT        C11        LVCMOS33          N/A          PULLUP      IREG    
      Key_In[1]          INPUT        D11        LVCMOS33          N/A          PULLUP      IREG    
      Key_In[0]          INPUT        E11        LVCMOS33          N/A          PULLUP      IREG    
        RSTn             INPUT         A9        LVCMOS33          N/A          PULLUP      NONE    
     Buzzer_Out         OUTPUT        H11        LVCMOS33           8            NONE       OREG    
  DigitronCS_Out[3]     OUTPUT         A3        LVCMOS33           8            NONE       OREG    
  DigitronCS_Out[2]     OUTPUT         A5        LVCMOS33           8            NONE       OREG    
  DigitronCS_Out[1]     OUTPUT         B6        LVCMOS33           8            NONE       OREG    
  DigitronCS_Out[0]     OUTPUT         C9        LVCMOS33           8            NONE       OREG    
   Digitron_Out[7]      OUTPUT         C8        LVCMOS33           8            NONE       NONE    
   Digitron_Out[6]      OUTPUT         A8        LVCMOS33           8            NONE       OREG    
   Digitron_Out[5]      OUTPUT         B5        LVCMOS33           8            NONE       OREG    
   Digitron_Out[4]      OUTPUT         A7        LVCMOS33           8            NONE       OREG    
   Digitron_Out[3]      OUTPUT         E8        LVCMOS33           8            NONE       OREG    
   Digitron_Out[2]      OUTPUT         B8        LVCMOS33           8            NONE       OREG    
   Digitron_Out[1]      OUTPUT         A6        LVCMOS33           8            NONE       OREG    
   Digitron_Out[0]      OUTPUT         A4        LVCMOS33           8            NONE       OREG    
     Key_Row[3]         OUTPUT        E10        LVCMOS33           8            NONE       NONE    
     Key_Row[2]         OUTPUT        C10        LVCMOS33           8            NONE       NONE    
     Key_Row[1]         OUTPUT         F9        LVCMOS33           8            NONE       NONE    
     Key_Row[0]         OUTPUT         D9        LVCMOS33           8            NONE       NONE    

Report Hierarchy Area:
+-----------------------------------------------------------------------------------+
|Instance |Module              |le     |lut     |ripple  |seq     |bram    |dsp     |
+-----------------------------------------------------------------------------------+
|top      |responder           |325    |242     |62      |213     |0       |0       |
|  U1     |Sel_module          |104    |71      |16      |66      |0       |0       |
|  U2     |Timer_module        |52     |50      |0       |49      |0       |0       |
|  U3     |Buzzer_module       |46     |33      |12      |28      |0       |0       |
|  U4     |Digitron_NumDisplay |58     |49      |9       |26      |0       |0       |
|  U5     |key_filter          |37     |25      |11      |24      |0       |0       |
+-----------------------------------------------------------------------------------+


DataNet Average Fanout:

   Index     Fanout    Nets  
    #1         1       235   
    #2         2       174   
    #3         3        19   
    #4         4        11   
    #5        5-10      22   
    #6       11-50      10   
  Average     2.16           

RUN-1002 : start command "export_db responder_pr.db"
RUN-1001 : Exported /
RUN-1001 : Exported flow parameters
RUN-1001 : Exported libs
RUN-1001 : Exported entities
RUN-1001 : Exported ports
RUN-1001 : Exported pins
RUN-1001 : Exported instances
RUN-1001 : Exported nets
RUN-1001 : Exported buses
RUN-1001 : Exported models
RUN-1001 : Exported congestions
RUN-1001 : Exported violations
RUN-1001 : Exported IO constraints
RUN-1001 : Exported Inst constraints
RUN-1002 : start command "export_bid responder_inst.bid"
RUN-1002 : start command "bitgen -bit responder.bit -unused_io_status pulldown"
BIT-1003 : Start to generate bitstream. 
BIT-1002 : Bitgen processed 165 unused pads, reserve input tri_state with pulldown
BIT-1002 : Init instances with 16 threads.
BIT-1002 : Init instances completely, inst num: 367
BIT-1002 : Init pips with 16 threads.
BIT-1002 : Init pips completely, net num: 503, pip num: 3542
BIT-1002 : Init feedthrough completely, num: 4
BIT-1003 : Multithreading accelaration with 16 threads.
BIT-1003 : Generate bitstream completely, there are 735 valid insts, and 11103 bits set as '1'.
BIT-1004 : PLL setting string = 0000
BIT-1004 : Generate bits file responder.bit.
RUN-1003 : finish command "bitgen -bit responder.bit -unused_io_status pulldown" in  1.032279s wall, 6.171875s user + 0.140625s system = 6.312500s CPU (611.5%)

RUN-1004 : used memory is 426 MB, reserved memory is 403 MB, peak memory is 622 MB
RUN-1002 : start command "backup_run_log run.log ../.logs/phy_1/td_20240826_230256.log"
RUN-1001 : Backing up run's log file succeed.
